Testing skipping_rng<SplitMix64,65536>
	0..281474976710655 is range of generator
	75029991 outputs to scan for duplicates [4.47214*sqrt(range)]
	10 duplicates expected on average
	4.54e-05 is probability of zero duplicates
	0x3ad0e4f1 is seed for this run
---
- Testing for repeats started...
  - Allocating memory started...
    - allocated array of size 75029991.
  - Allocating memory completed (7e-06 seconds)
  - Storing PRNG output started...
  - Storing PRNG output completed (4680.73 seconds)
  - Sorting started...
  - Sorting completed (5.72453 seconds)
  - Scanning for duplicates started...
  - Scanning for duplicates completed (0.043199 seconds)
- Testing for repeats completed (4686.5 seconds)
---
0 repeats, p-value = 4.54e-05
