Testing divided_rng<regularized_rng<std::minstd_rand,uint32_t>,3>
	0..715827881 is range of generator
	81198 outputs to scan for duplicates [3.03485*sqrt(range)]
	4.60501 duplicates expected on average
	0.0100016 is probability of zero duplicates
	0xe9be5e15 is seed for this run
---
- Testing for repeats started...
  - Allocating memory started...
    - allocated array of size 81198.
  - Allocating memory completed (7e-06 seconds)
  - Storing PRNG output started...
  - Storing PRNG output completed (0.000403 seconds)
  - Sorting started...
  - Sorting completed (0.003575 seconds)
  - Scanning for duplicates started...
    - repeat of 29568970 found
    - repeat of 501715642 found
    - repeat of 533810085 found
  - Scanning for duplicates completed (4.1e-05 seconds)
- Testing for repeats completed (0.00403 seconds)
---
3 repeats, p-value = 0.324891
