Testing sfc32
	0..4294967295 is range of generator
	414487 outputs to scan for duplicates [6.32456*sqrt(range)]
	20.0001 duplicates expected on average
	2.06097e-09 is probability of zero duplicates
	0x56ca9ac8 is seed for this run
---
- Testing for repeats started...
  - Allocating memory started...
    - allocated array of size 414487.
  - Allocating memory completed (5.437e-06 seconds)
  - Storing PRNG output started...
  - Storing PRNG output completed (0.00160714 seconds)
  - Sorting started...
  - Sorting completed (0.0345259 seconds)
  - Scanning for duplicates started...
    - repeat of 12946617 found
    - repeat of 238103783 found
    - repeat of 331158732 found
    - repeat of 470808756 found
    - repeat of 668597732 found
    - repeat of 767432143 found
    - repeat of 861200432 found
    - repeat of 987038441 found
    - repeat of 1027218022 found
    - repeat of 1514962179 found
    - repeat of 1736768313 found
    - repeat of 1836452809 found
    - repeat of 1888690796 found
    - repeat of 1894972102 found
    - repeat of 2071455858 found
    - repeat of 2283588419 found
    - repeat of 2393822494 found
    - repeat of 2482902309 found
    - repeat of 2498318742 found
    - repeat of 2907925318 found
    - repeat of 3093976051 found
    - repeat of 3430248359 found
    - repeat of 3495833613 found
    - repeat of 3773714222 found
    - repeat of 4089073584 found
  - Scanning for duplicates completed (0.000350398 seconds)
- Testing for repeats completed (0.0364976 seconds)
---
25 repeats, p-value = 1 - 0.112189

Memory usage summary: heap total: 1730652, heap peak: 1730652, stack peak: 5584
         total calls   total memory   failed calls
 malloc|          2        1730652              0
realloc|          0              0              0  (nomove:0, dec:0, free:0)
 calloc|          0              0              0
   free|          0              0
Histogram for block sizes:
   large              2 100% ==================================================
