Testing pcg32
	0..4294967295 is range of generator
	414487 outputs to scan for duplicates [6.32456*sqrt(range)]
	20.0001 duplicates expected on average
	2.06097e-09 is probability of zero duplicates
	0x1a7e5fd2 is seed for this run
---
- Testing for repeats started...
  - Allocating memory started...
    - allocated array of size 414487.
  - Allocating memory completed (9.053e-06 seconds)
  - Storing PRNG output started...
  - Storing PRNG output completed (0.00278627 seconds)
  - Sorting started...
  - Sorting completed (0.0487744 seconds)
  - Scanning for duplicates started...
    - repeat of 111440822 found
    - repeat of 225755434 found
    - repeat of 862135702 found
    - repeat of 867181746 found
    - repeat of 883542680 found
    - repeat of 1409204720 found
    - repeat of 1749897990 found
    - repeat of 2182181012 found
    - repeat of 2372781108 found
    - repeat of 2384716781 found
    - repeat of 3095324656 found
    - repeat of 3216929783 found
    - repeat of 3255988048 found
    - repeat of 3352290228 found
    - repeat of 3572124366 found
    - repeat of 3678624802 found
    - repeat of 3725743971 found
    - repeat of 3771687106 found
    - repeat of 4005117151 found
    - repeat of 4130339488 found
    - repeat of 4176447258 found
  - Scanning for duplicates completed (0.000526066 seconds)
- Testing for repeats completed (0.0521202 seconds)
---
21 repeats, p-value = 1 - 0.35631

Memory usage summary: heap total: 1730652, heap peak: 1730652, stack peak: 5568
         total calls   total memory   failed calls
 malloc|          2        1730652              0
realloc|          0              0              0  (nomove:0, dec:0, free:0)
 calloc|          0              0              0
   free|          0              0
Histogram for block sizes:
   large              2 100% ==================================================
