- bump_allocator_static< std::__detail::_Hash_node<unsigned int, false> > (item size = 16) at 0x6042d0 created!
- bump_allocator_static< std::__detail::_Hash_node_base* > (item size = 8) at 0x604310 created!
- mempool at 0x604298 allocated new chunk at 0x7f878ef52020
- mempool at 0x604298 deallocated chunk at 0x7f878ef52020
Testing pcg32_fast
	0..4294967295 is range of generator
	414487 outputs to scan for duplicates [6.32456*sqrt(range)]
	20.0001 duplicates expected on average
	2.06097e-09 is probability of zero duplicates
	0x14e40931 is seed for this run
---
- Testing for repeats started...
  - Allocating memory started...
    - allocated hash table of reserved for 414487 elements
  - Allocating memory completed (0.00135628 seconds)
  - Checking PRNG output started...
    - repeat of 1407684522 found, step 126480
    - repeat of 3453938666 found, step 136442
    - repeat of 4173754068 found, step 136741
    - repeat of 2923358008 found, step 154049
    - repeat of 1027666535 found, step 213899
    - repeat of 3587736635 found, step 214503
    - repeat of 166420211 found, step 246704
    - repeat of 457363439 found, step 259380
    - repeat of 585144832 found, step 262447
    - repeat of 4048414170 found, step 268764
    - repeat of 3406093412 found, step 277299
    - repeat of 1208292665 found, step 287957
    - repeat of 1267607404 found, step 312018
    - repeat of 3117466422 found, step 330017
    - repeat of 2767011275 found, step 330963
    - repeat of 713576861 found, step 350432
    - repeat of 1659781612 found, step 357355
    - repeat of 1856410911 found, step 360720
    - repeat of 833475604 found, step 384589
    - repeat of 3698760403 found, step 386572
  - Checking PRNG output completed (0.0381237 seconds)
- Testing for repeats completed (0.039491 seconds)
---
20 repeats, p-value = 1 - 0.440915
- bump_allocator_static< std::__detail::_Hash_node_base* > at 0x604310 destroyed!
 - total_allocations_  = 1
 - active_allocations_ = 0
 - high_allocations_   = 1
 - total_mem_  = 3555896
 - active_mem_ = 0
 - high_mem_   = 3555896
- bump_allocator_static< std::__detail::_Hash_node<unsigned int, false> > at 0x6042d0 destroyed!
 - total_allocations_  = 414467
 - active_allocations_ = 0
 - high_allocations_   = 414467
 - total_mem_  = 6631472
 - active_mem_ = 0
 - high_mem_   = 6631472

Memory usage summary: heap total: 1073815760, heap peak: 1073815568, stack peak: 2816
         total calls   total memory   failed calls
 malloc|          5     1073815568              0
realloc|          4            192              0  (nomove:0, dec:0, free:0)
 calloc|          0              0              0
   free|          6     1073742032
Histogram for block sizes:
   16-31              1  11% =========================
   32-47              2  22% ==================================================
   64-79              2  22% ==================================================
  512-527             2  22% ==================================================
   large              2  22% ==================================================
