Testing xorshift64star32a
	0..4294967295 is range of generator
	198893 outputs to scan for duplicates [3.03485*sqrt(range)]
	4.60511 duplicates expected on average
	0.0100006 is probability of zero duplicates
	0x818c8bbe is seed for this run
---
- Testing for repeats started...
  - Allocating memory started...
    - allocated bloomish filter with 16384 64-bit elements (3 bits/entry)
    - allocated possible-match log with 8192 32-bit elements
  - Allocating memory completed (1.958e-05 seconds)
  - Phase 1, Gathering repeat candidates started...
    - 5537 repeat candidates found
  - Phase 1, Gathering repeat candidates completed (0.00503414 seconds)
  - Reallocating memory started...
    - Deallocated bloomish filter
    - Allocated hash table of the same size
  - Reallocating memory completed (3.0843e-05 seconds)
  - Phase 2, Storing candidates in hash table started...
  - Phase 2, Storing candidates in hash table completed (9.3222e-05 seconds)
  - Phase 3, Testing candidates started...
    - repeat of 1088896990 found, step 48527
    - repeat of 128377305 found, step 139137
    - repeat of 2936007910 found, step 181487
    - repeat of 4238599464 found, step 195701
  - Phase 3, Testing candidates completed (0.00511004 seconds)
- Testing for repeats completed (0.0103151 seconds)
---
4 repeats, p-value = 1 - 0.487724

Memory usage summary: heap total: 318465, heap peak: 236544, stack peak: 5664
         total calls   total memory   failed calls
 malloc|          5         318465              0
realloc|          0              0              0  (nomove:0, dec:0, free:0)
 calloc|          0              0              0
   free|          4         245761
Histogram for block sizes:
16384-16399           1  20% ================
32768-32783           1  20% ================
   large              3  60% ==================================================
