Testing xorshift64star32a
	0..4294967295 is range of generator
	198893 outputs to scan for duplicates [3.03485*sqrt(range)]
	4.60511 duplicates expected on average
	0.0100006 is probability of zero duplicates
	0xf7aebf1f is seed for this run
---
- Testing for repeats started...
  - Allocating memory started...
    - allocated bloomish filter with 16384 64-bit elements (3 bits/entry)
    - allocated possible-match log with 8192 32-bit elements
  - Allocating memory completed (3.1744e-05 seconds)
  - Phase 1, Gathering repeat candidates started...
    - 5714 repeat candidates found
  - Phase 1, Gathering repeat candidates completed (0.00477495 seconds)
  - Reallocating memory started...
    - Deallocated bloomish filter
    - Allocated hash table of the same size
  - Reallocating memory completed (1.7513e-05 seconds)
  - Phase 2, Storing candidates in hash table started...
  - Phase 2, Storing candidates in hash table completed (8.8887e-05 seconds)
  - Phase 3, Testing candidates started...
    - repeat of 601408973 found, step 88043
    - repeat of 2817463233 found, step 116092
    - repeat of 1440038120 found, step 131245
    - repeat of 3824154225 found, step 134247
    - repeat of 2474899781 found, step 172648
    - repeat of 3604420060 found, step 194363
  - Phase 3, Testing candidates completed (0.00516782 seconds)
- Testing for repeats completed (0.0100961 seconds)
---
6 repeats, p-value = 1 - 0.182648

Memory usage summary: heap total: 318465, heap peak: 236544, stack peak: 5664
         total calls   total memory   failed calls
 malloc|          5         318465              0
realloc|          0              0              0  (nomove:0, dec:0, free:0)
 calloc|          0              0              0
   free|          4         245761
Histogram for block sizes:
16384-16399           1  20% ================
32768-32783           1  20% ================
   large              3  60% ==================================================
