Testing sfc32
	0..4294967295 is range of generator
	198893 outputs to scan for duplicates [3.03485*sqrt(range)]
	4.60521 duplicates expected on average
	0.00999963 is probability of zero duplicates
	0x641ff2f1 is seed for this run
---
- Testing for repeats started...
  - Allocating memory started...
    - allocated bloomish filter with 16384 64-bit elements (3 bits/entry)
    - allocated possible-match log with 8192 32-bit elements
  - Allocating memory completed (1.4262e-05 seconds)
  - Phase 1, Gathering repeat candidates started...
    - 5671 repeat candidates found
  - Phase 1, Gathering repeat candidates completed (0.00335392 seconds)
  - Reallocating memory started...
    - Deallocated bloomish filter
    - Allocated hash table of the same size
  - Reallocating memory completed (1.1431e-05 seconds)
  - Phase 2, Storing candidates in hash table started...
  - Phase 2, Storing candidates in hash table completed (5.701e-05 seconds)
  - Phase 3, Testing candidates started...
    - repeat of 3565676342 found, step 66439
    - repeat of 3770760782 found, step 136052
    - repeat of 4286698819 found, step 141542
    - repeat of 3849475174 found, step 149928
    - repeat of 4039149933 found, step 178388
    - repeat of 98458055 found, step 196440
  - Phase 3, Testing candidates completed (0.0031538 seconds)
- Testing for repeats completed (0.00660579 seconds)
---
6 repeats, p-value = 1 - 0.18266

Memory usage summary: heap total: 318465, heap peak: 236544, stack peak: 5696
         total calls   total memory   failed calls
 malloc|          5         318465              0
realloc|          0              0              0  (nomove:0, dec:0, free:0)
 calloc|          0              0              0
   free|          4         245761
Histogram for block sizes:
16384-16399           1  20% ================
32768-32783           1  20% ================
   large              3  60% ==================================================
