Testing gjrand32
	0..4294967295 is range of generator
	414487 outputs to scan for duplicates [6.32456*sqrt(range)]
	20.0001 duplicates expected on average
	2.06097e-09 is probability of zero duplicates
	0xa4bb709f is seed for this run
---
- Testing for repeats started...
  - Allocating memory started...
    - allocated bloomish filter with 32768 64-bit elements (3 bits/entry)
    - allocated possible-match log with 16384 32-bit elements
  - Allocating memory completed (1.0959e-05 seconds)
  - Phase 1, Gathering repeat candidates started...
    - 15168 repeat candidates found
  - Phase 1, Gathering repeat candidates completed (0.0086369 seconds)
  - Reallocating memory started...
    - Deallocated bloomish filter
    - Allocated hash table of the same size
  - Reallocating memory completed (0.000173907 seconds)
  - Phase 2, Storing candidates in hash table started...
  - Phase 2, Storing candidates in hash table completed (0.000271093 seconds)
  - Phase 3, Testing candidates started...
    - repeat of 293709939 found, step 106829
    - repeat of 2175526976 found, step 141326
    - repeat of 4063473790 found, step 181344
    - repeat of 251270651 found, step 187806
    - repeat of 1054756006 found, step 230135
    - repeat of 180694865 found, step 232636
    - repeat of 464291928 found, step 237599
    - repeat of 895982700 found, step 246065
    - repeat of 2740355717 found, step 273041
    - repeat of 3612645613 found, step 273561
    - repeat of 403110262 found, step 342935
    - repeat of 735395152 found, step 353199
    - repeat of 72708767 found, step 357651
    - repeat of 2688100139 found, step 360069
    - repeat of 1913750672 found, step 369311
    - repeat of 3292542831 found, step 382218
    - repeat of 281939698 found, step 389462
    - repeat of 2454679501 found, step 401531
    - repeat of 966724 found, step 404992
    - repeat of 3520654977 found, step 408211
  - Phase 3, Testing candidates completed (0.0131901 seconds)
- Testing for repeats completed (0.022311 seconds)
---
20 repeats, p-value = 1 - 0.440915

Memory usage summary: heap total: 564225, heap peak: 400384, stack peak: 5712
         total calls   total memory   failed calls
 malloc|          5         564225              0
realloc|          0              0              0  (nomove:0, dec:0, free:0)
 calloc|          0              0              0
   free|          4         491521
Histogram for block sizes:
32768-32783           1  20% ============
   large              4  80% ==================================================
