Testing pcg32
	0..4294967295 is range of generator
	414487 outputs to scan for duplicates [6.32456*sqrt(range)]
	20.0001 duplicates expected on average
	2.06097e-09 is probability of zero duplicates
	0xb33a9fc1 is seed for this run
---
- Testing for repeats started...
  - Allocating memory started...
    - allocated array of size 414487.
  - Allocating memory completed (5.795e-06 seconds)
  - Storing PRNG output started...
  - Storing PRNG output completed (0.00195414 seconds)
  - Sorting started...
  - Sorting completed (0.0520543 seconds)
  - Scanning for duplicates started...
    - repeat of 51529141 found
    - repeat of 73840882 found
    - repeat of 128273139 found
    - repeat of 299188084 found
    - repeat of 324885761 found
    - repeat of 348540222 found
    - repeat of 603012925 found
    - repeat of 1039247106 found
    - repeat of 1056975702 found
    - repeat of 1349588486 found
    - repeat of 1901644675 found
    - repeat of 1916069535 found
    - repeat of 1995129095 found
    - repeat of 2067610401 found
    - repeat of 2760352123 found
    - repeat of 2894526366 found
    - repeat of 3094803267 found
    - repeat of 3127712392 found
    - repeat of 3140163472 found
    - repeat of 3169669099 found
    - repeat of 3291477937 found
    - repeat of 3523125817 found
    - repeat of 3562287415 found
    - repeat of 3959560028 found
    - repeat of 4201534844 found
    - repeat of 4286733811 found
  - Scanning for duplicates completed (0.000352446 seconds)
- Testing for repeats completed (0.0543858 seconds)
---
26 repeats, p-value = 1 - 0.0778899

Memory usage summary: heap total: 1730652, heap peak: 1730652, stack peak: 5568
         total calls   total memory   failed calls
 malloc|          2        1730652              0
realloc|          0              0              0  (nomove:0, dec:0, free:0)
 calloc|          0              0              0
   free|          0              0
Histogram for block sizes:
   large              2 100% ==================================================
