Testing pcg32
	0..4294967295 is range of generator
	414487 outputs to scan for duplicates [6.32456*sqrt(range)]
	20.0001 duplicates expected on average
	2.06097e-09 is probability of zero duplicates
	0xbf917b57 is seed for this run
---
- Testing for repeats started...
  - Allocating memory started...
    - allocated hash table of reserved for 414487 elements
  - Allocating memory completed (0.00163835 seconds)
  - Checking PRNG output started...
    - repeat of 2764732434 found, step 4092
    - repeat of 513410479 found, step 47986
    - repeat of 866718190 found, step 77313
    - repeat of 3615836263 found, step 109252
    - repeat of 2051040885 found, step 137154
    - repeat of 4201113809 found, step 174021
    - repeat of 378391034 found, step 187063
    - repeat of 1530600847 found, step 188953
    - repeat of 4243543098 found, step 199058
    - repeat of 3958876645 found, step 208605
    - repeat of 310455261 found, step 225399
    - repeat of 4080659462 found, step 253061
    - repeat of 3386368475 found, step 280281
    - repeat of 3921022788 found, step 291190
    - repeat of 3415287004 found, step 297891
    - repeat of 3107077535 found, step 331930
    - repeat of 3547884972 found, step 334649
    - repeat of 3966066540 found, step 336678
    - repeat of 1492349422 found, step 343538
    - repeat of 2963174475 found, step 363998
    - repeat of 2942111113 found, step 381317
    - repeat of 2581127734 found, step 394799
    - repeat of 666094025 found, step 413951
  - Checking PRNG output completed (0.114287 seconds)
- Testing for repeats completed (0.115943 seconds)
---
23 repeats, p-value = 1 - 0.212513

Memory usage summary: heap total: 10260024, heap peak: 10260024, stack peak: 5648
         total calls   total memory   failed calls
 malloc|     414466       10260024              0
realloc|          0              0              0  (nomove:0, dec:0, free:0)
 calloc|          0              0              0
   free|     414465       10187320
Histogram for block sizes:
   16-31         414464  99% ==================================================
   large              2  <1% 
