Testing xorshift64star32a
	0..4294967295 is range of generator
	198893 outputs to scan for duplicates [3.03485*sqrt(range)]
	4.60511 duplicates expected on average
	0.0100006 is probability of zero duplicates
	0x170e8163 is seed for this run
---
- Testing for repeats started...
  - Allocating memory started...
    - allocated hash table of reserved for 198893 elements
  - Allocating memory completed (0.00140076 seconds)
  - Checking PRNG output started...
    - repeat of 2024650030 found, step 57587
    - repeat of 962943922 found, step 86635
    - repeat of 127900647 found, step 149853
    - repeat of 1764006060 found, step 168809
    - repeat of 4142098320 found, step 174182
    - repeat of 4213122414 found, step 180577
  - Checking PRNG output completed (0.0335196 seconds)
- Testing for repeats completed (0.0349362 seconds)
---
6 repeats, p-value = 1 - 0.182648

Memory usage summary: heap total: 4874168, heap peak: 4874168, stack peak: 5648
         total calls   total memory   failed calls
 malloc|     198889        4874168              0
realloc|          0              0              0  (nomove:0, dec:0, free:0)
 calloc|          0              0              0
   free|     198888        4801464
Histogram for block sizes:
   16-31         198887  99% ==================================================
   large              2  <1% 
