Testing pcg64_once_insecure
	0..18446744073709551615 is range of generator
	27163758263 outputs to scan for duplicates [6.32456*sqrt(range)]
	20 duplicates expected on average
	2.06115e-09 is probability of zero duplicates
	0xbf837a21 is seed for this run
---
- Testing for repeats started...
  - Allocating memory started...
    - allocated array of size 27163758263.
  - Allocating memory completed (1.0367e-05 seconds)
  - Storing PRNG output started...
  - Storing PRNG output completed (122.945 seconds)
  - Sorting started...
  - Sorting completed (4258.32 seconds)
  - Scanning for duplicates started...
  - Scanning for duplicates completed (36.8064 seconds)
- Testing for repeats completed (4418.07 seconds)
---
0 repeats, p-value = 2.06115e-09

Memory usage summary: heap total: 217310138808, heap peak: 217310138808, stack peak: 5568
         total calls   total memory   failed calls
 malloc|          2   217310138808              0
realloc|          0              0              0  (nomove:0, dec:0, free:0)
 calloc|          0              0              0
   free|          0              0
Histogram for block sizes:
   large              2 100% ==================================================
