Testing sfc32
	0..4294967295 is range of generator
	414487 outputs to scan for duplicates [6.32456*sqrt(range)]
	20.0001 duplicates expected on average
	2.06097e-09 is probability of zero duplicates
	0xed4ade38 is seed for this run
---
- Testing for repeats started...
  - Allocating memory started...
    - allocated array of size 414487.
  - Allocating memory completed (8.887e-06 seconds)
  - Storing PRNG output started...
  - Storing PRNG output completed (0.00261441 seconds)
  - Sorting started...
  - Sorting completed (0.0578531 seconds)
  - Scanning for duplicates started...
    - repeat of 24377637 found
    - repeat of 258726340 found
    - repeat of 358437604 found
    - repeat of 696654549 found
    - repeat of 912521109 found
    - repeat of 989036002 found
    - repeat of 998926863 found
    - repeat of 1091440879 found
    - repeat of 1341591049 found
    - repeat of 1369481832 found
    - repeat of 1502181441 found
    - repeat of 1979473803 found
    - repeat of 2059616879 found
    - repeat of 2513683276 found
    - repeat of 3088383704 found
    - repeat of 3368298591 found
    - repeat of 3387035191 found
    - repeat of 3562465305 found
    - repeat of 3865312993 found
    - repeat of 3872474018 found
    - repeat of 3987989928 found
    - repeat of 4030979560 found
    - repeat of 4108546877 found
  - Scanning for duplicates completed (0.000497309 seconds)
- Testing for repeats completed (0.0609948 seconds)
---
23 repeats, p-value = 1 - 0.212513

Memory usage summary: heap total: 1730652, heap peak: 1730652, stack peak: 5584
         total calls   total memory   failed calls
 malloc|          2        1730652              0
realloc|          0              0              0  (nomove:0, dec:0, free:0)
 calloc|          0              0              0
   free|          0              0
Histogram for block sizes:
   large              2 100% ==================================================
