- bump_allocator_static< std::__detail::_Hash_node<unsigned int, false> > (item size = 16) at 0x6042d0 created!
- bump_allocator_static< std::__detail::_Hash_node_base* > (item size = 8) at 0x604310 created!
- mempool at 0x604298 allocated new chunk at 0x7f1e3029a020
- mempool at 0x604298 deallocated chunk at 0x7f1e3029a020
Testing sfc32
	0..4294967295 is range of generator
	414487 outputs to scan for duplicates [6.32456*sqrt(range)]
	20.0001 duplicates expected on average
	2.06097e-09 is probability of zero duplicates
	0x1fe94cd0 is seed for this run
---
- Testing for repeats started...
  - Allocating memory started...
    - allocated hash table of reserved for 414487 elements
  - Allocating memory completed (0.00161622 seconds)
  - Checking PRNG output started...
    - repeat of 2832065544 found, step 42058
    - repeat of 875399113 found, step 196965
    - repeat of 2332454404 found, step 265489
    - repeat of 3418264758 found, step 309314
    - repeat of 2850534532 found, step 316081
    - repeat of 3224736275 found, step 318884
    - repeat of 847663797 found, step 325301
    - repeat of 2870115558 found, step 346710
    - repeat of 1052744921 found, step 348165
    - repeat of 751711798 found, step 398005
    - repeat of 2307785837 found, step 404923
  - Checking PRNG output completed (0.0374281 seconds)
- Testing for repeats completed (0.0390607 seconds)
---
11 repeats, p-value = 0.0213859
- bump_allocator_static< std::__detail::_Hash_node_base* > at 0x604310 destroyed!
 - total_allocations_  = 1
 - active_allocations_ = 0
 - high_allocations_   = 1
 - total_mem_  = 3555896
 - active_mem_ = 0
 - high_mem_   = 3555896
- bump_allocator_static< std::__detail::_Hash_node<unsigned int, false> > at 0x6042d0 destroyed!
 - total_allocations_  = 414476
 - active_allocations_ = 0
 - high_allocations_   = 414476
 - total_mem_  = 6631616
 - active_mem_ = 0
 - high_mem_   = 6631616

Memory usage summary: heap total: 1073815760, heap peak: 1073815568, stack peak: 2816
         total calls   total memory   failed calls
 malloc|          5     1073815568              0
realloc|          4            192              0  (nomove:0, dec:0, free:0)
 calloc|          0              0              0
   free|          6     1073742032
Histogram for block sizes:
   16-31              1  11% =========================
   32-47              2  22% ==================================================
   64-79              2  22% ==================================================
  512-527             2  22% ==================================================
   large              2  22% ==================================================
