Testing sfc32
	0..4294967295 is range of generator
	414487 outputs to scan for duplicates [6.32456*sqrt(range)]
	20.0001 duplicates expected on average
	2.06097e-09 is probability of zero duplicates
	0x8c81c43a is seed for this run
---
- Testing for repeats started...
  - Allocating memory started...
    - allocated hash table of reserved for 414487 elements
  - Allocating memory completed (0.00239469 seconds)
  - Checking PRNG output started...
    - repeat of 1920086345 found, step 136970
    - repeat of 255523218 found, step 145266
    - repeat of 3370971123 found, step 159125
    - repeat of 2091015373 found, step 172464
    - repeat of 260022742 found, step 195483
    - repeat of 3572684574 found, step 200014
    - repeat of 1652849592 found, step 204828
    - repeat of 1178243645 found, step 265065
    - repeat of 2796664848 found, step 266095
    - repeat of 829411391 found, step 280540
    - repeat of 3557497883 found, step 308812
    - repeat of 451684922 found, step 317520
    - repeat of 4106583069 found, step 336262
    - repeat of 2868517145 found, step 338507
    - repeat of 1080491376 found, step 346260
    - repeat of 2105597928 found, step 354357
    - repeat of 2843933398 found, step 355775
    - repeat of 288954483 found, step 355837
    - repeat of 1132042155 found, step 355859
    - repeat of 364596754 found, step 366685
    - repeat of 2672481226 found, step 375597
    - repeat of 1754538187 found, step 383769
    - repeat of 115605138 found, step 389515
    - repeat of 2084138888 found, step 395214
    - repeat of 496155495 found, step 398022
    - repeat of 2589318915 found, step 398303
    - repeat of 33450265 found, step 401503
    - repeat of 3489957027 found, step 402497
    - repeat of 23620695 found, step 408246
  - Checking PRNG output completed (0.0919824 seconds)
- Testing for repeats completed (0.0943958 seconds)
---
29 repeats, p-value = 1 - 0.0218194

Memory usage summary: heap total: 10259928, heap peak: 10259928, stack peak: 5648
         total calls   total memory   failed calls
 malloc|     414460       10259928              0
realloc|          0              0              0  (nomove:0, dec:0, free:0)
 calloc|          0              0              0
   free|     414459       10187224
Histogram for block sizes:
   16-31         414458  99% ==================================================
   large              2  <1% 
