Testing xoroshiro64star32
	0..4294967295 is range of generator
	414487 outputs to scan for duplicates [6.32456*sqrt(range)]
	20.0001 duplicates expected on average
	2.06097e-09 is probability of zero duplicates
	0xd72035e8 is seed for this run
---
- Testing for repeats started...
  - Allocating memory started...
    - allocated array of size 414487.
  - Allocating memory completed (8.816e-06 seconds)
  - Storing PRNG output started...
  - Storing PRNG output completed (0.00262558 seconds)
  - Sorting started...
  - Sorting completed (0.0557039 seconds)
  - Scanning for duplicates started...
    - repeat of 393531078 found
    - repeat of 1078957444 found
    - repeat of 1320552524 found
    - repeat of 1624100382 found
    - repeat of 1763032498 found
    - repeat of 1917020899 found
    - repeat of 2120449794 found
    - repeat of 2384820345 found
    - repeat of 2395046034 found
    - repeat of 2402866502 found
    - repeat of 2911871716 found
    - repeat of 3149397882 found
    - repeat of 3488576393 found
    - repeat of 3507100199 found
    - repeat of 3614796497 found
    - repeat of 3798161010 found
    - repeat of 4156684414 found
    - repeat of 4291876124 found
  - Scanning for duplicates completed (0.000493703 seconds)
- Testing for repeats completed (0.0588517 seconds)
---
18 repeats, p-value = 0.381414

Memory usage summary: heap total: 1730652, heap peak: 1730652, stack peak: 5568
         total calls   total memory   failed calls
 malloc|          2        1730652              0
realloc|          0              0              0  (nomove:0, dec:0, free:0)
 calloc|          0              0              0
   free|          0              0
Histogram for block sizes:
   large              2 100% ==================================================
