Testing jsf32
	0..4294967295 is range of generator
	414487 outputs to scan for duplicates [6.32456*sqrt(range)]
	20.0001 duplicates expected on average
	2.06097e-09 is probability of zero duplicates
	0x86585860 is seed for this run
---
- Testing for repeats started...
  - Allocating memory started...
    - allocated hash table of reserved for 414487 elements
  - Allocating memory completed (0.00175683 seconds)
  - Checking PRNG output started...
    - repeat of 246762475 found, step 133835
    - repeat of 3064841087 found, step 139036
    - repeat of 1054714588 found, step 193151
    - repeat of 3763908240 found, step 200554
    - repeat of 2657446159 found, step 213197
    - repeat of 3262959782 found, step 244685
    - repeat of 1726104833 found, step 255736
    - repeat of 2155559994 found, step 257159
    - repeat of 2208274729 found, step 264018
    - repeat of 4103578426 found, step 279776
    - repeat of 4097280428 found, step 316734
    - repeat of 202860458 found, step 320204
    - repeat of 1906883885 found, step 328452
    - repeat of 3181070607 found, step 333675
    - repeat of 2630064422 found, step 350295
    - repeat of 2300650908 found, step 362031
    - repeat of 1302287122 found, step 398511
  - Checking PRNG output completed (0.0780975 seconds)
- Testing for repeats completed (0.0798709 seconds)
---
17 repeats, p-value = 0.297021

Memory usage summary: heap total: 10260120, heap peak: 10260120, stack peak: 5648
         total calls   total memory   failed calls
 malloc|     414472       10260120              0
realloc|          0              0              0  (nomove:0, dec:0, free:0)
 calloc|          0              0              0
   free|     414471       10187416
Histogram for block sizes:
   16-31         414470  99% ==================================================
   large              2  <1% 
