Testing xorshift64star32a
	0..4294967295 is range of generator
	414487 outputs to scan for duplicates [6.32456*sqrt(range)]
	19.9994 duplicates expected on average
	2.06239e-09 is probability of zero duplicates
	0x24c70f13 is seed for this run
---
- Testing for repeats started...
  - Allocating memory started...
    - allocated bloomish filter with 32768 64-bit elements (3 bits/entry)
    - allocated possible-match log with 16384 32-bit elements
  - Allocating memory completed (1.021e-05 seconds)
  - Phase 1, Gathering repeat candidates started...
    - 15269 repeat candidates found
  - Phase 1, Gathering repeat candidates completed (0.00570315 seconds)
  - Reallocating memory started...
    - Deallocated bloomish filter
    - Allocated hash table of the same size
  - Reallocating memory completed (9.0188e-05 seconds)
  - Phase 2, Storing candidates in hash table started...
  - Phase 2, Storing candidates in hash table completed (0.00013977 seconds)
  - Phase 3, Testing candidates started...
    - repeat of 3538406723 found, step 46414
    - repeat of 2653591341 found, step 119123
    - repeat of 162263526 found, step 148997
    - repeat of 2909374116 found, step 166663
    - repeat of 1675170230 found, step 169317
    - repeat of 1269071557 found, step 173108
    - repeat of 2683144212 found, step 186536
    - repeat of 733837975 found, step 243115
    - repeat of 588276864 found, step 261314
    - repeat of 3059053309 found, step 280221
    - repeat of 874277217 found, step 289264
    - repeat of 4092199956 found, step 324183
    - repeat of 134805718 found, step 339552
    - repeat of 2622334605 found, step 363160
    - repeat of 3251695649 found, step 367433
    - repeat of 4016776346 found, step 389359
    - repeat of 2244944721 found, step 406742
    - repeat of 3300740607 found, step 408788
    - repeat of 4034539321 found, step 409193
    - repeat of 1108656183 found, step 409349
  - Phase 3, Testing candidates completed (0.00730156 seconds)
- Testing for repeats completed (0.0132645 seconds)
---
20 repeats, p-value = 1 - 0.440854

Memory usage summary: heap total: 564225, heap peak: 400384, stack peak: 5664
         total calls   total memory   failed calls
 malloc|          5         564225              0
realloc|          0              0              0  (nomove:0, dec:0, free:0)
 calloc|          0              0              0
   free|          4         491521
Histogram for block sizes:
32768-32783           1  20% ============
   large              4  80% ==================================================
