Testing xoroshiro64starstar32
	0..4294967295 is range of generator
	414487 outputs to scan for duplicates [6.32456*sqrt(range)]
	20.0001 duplicates expected on average
	2.06097e-09 is probability of zero duplicates
	0x8a7afdab is seed for this run
---
- Testing for repeats started...
  - Allocating memory started...
    - allocated hash table of reserved for 414487 elements
  - Allocating memory completed (0.0019381 seconds)
  - Checking PRNG output started...
    - repeat of 2629067019 found, step 34242
    - repeat of 1493969842 found, step 69384
    - repeat of 4258294136 found, step 69611
    - repeat of 870077097 found, step 115470
    - repeat of 2472114857 found, step 132857
    - repeat of 3453410236 found, step 140573
    - repeat of 3075674948 found, step 173609
    - repeat of 316144941 found, step 191564
    - repeat of 835875896 found, step 200949
    - repeat of 4011584762 found, step 211701
    - repeat of 3925822270 found, step 236585
    - repeat of 3983799763 found, step 275777
    - repeat of 3180447191 found, step 279597
    - repeat of 2516199995 found, step 285532
    - repeat of 4225167479 found, step 290412
    - repeat of 2613038098 found, step 311669
    - repeat of 995376036 found, step 311932
    - repeat of 1837906895 found, step 312769
    - repeat of 3997780548 found, step 340867
    - repeat of 2896371395 found, step 344764
    - repeat of 1255459014 found, step 349137
    - repeat of 912453345 found, step 355488
    - repeat of 3268610447 found, step 370003
    - repeat of 3501570628 found, step 380371
  - Checking PRNG output completed (0.114459 seconds)
- Testing for repeats completed (0.116426 seconds)
---
24 repeats, p-value = 1 - 0.156778

Memory usage summary: heap total: 10260008, heap peak: 10260008, stack peak: 5648
         total calls   total memory   failed calls
 malloc|     414465       10260008              0
realloc|          0              0              0  (nomove:0, dec:0, free:0)
 calloc|          0              0              0
   free|     414464       10187304
Histogram for block sizes:
   16-31         414463  99% ==================================================
   large              2  <1% 
