Testing xorshift64star32a
	0..4294967295 is range of generator
	414487 outputs to scan for duplicates [6.32456*sqrt(range)]
	19.9994 duplicates expected on average
	2.06239e-09 is probability of zero duplicates
	0x32061f8b is seed for this run
---
- Testing for repeats started...
  - Allocating memory started...
    - allocated bloomish filter with 32768 64-bit elements (3 bits/entry)
    - allocated possible-match log with 16384 32-bit elements
  - Allocating memory completed (1.6528e-05 seconds)
  - Phase 1, Gathering repeat candidates started...
    - 15303 repeat candidates found
  - Phase 1, Gathering repeat candidates completed (0.0104355 seconds)
  - Reallocating memory started...
    - Deallocated bloomish filter
    - Allocated hash table of the same size
  - Reallocating memory completed (0.000155552 seconds)
  - Phase 2, Storing candidates in hash table started...
  - Phase 2, Storing candidates in hash table completed (0.000281222 seconds)
  - Phase 3, Testing candidates started...
    - repeat of 2520810838 found, step 166052
    - repeat of 1376579893 found, step 187344
    - repeat of 117891091 found, step 202993
    - repeat of 395991804 found, step 232003
    - repeat of 1483651569 found, step 234059
    - repeat of 4010304622 found, step 234971
    - repeat of 686217578 found, step 236075
    - repeat of 4109320954 found, step 243369
    - repeat of 2153701651 found, step 250620
    - repeat of 1426037631 found, step 289216
    - repeat of 1723391863 found, step 289651
    - repeat of 1528617242 found, step 298903
    - repeat of 1004683930 found, step 358964
    - repeat of 2364923757 found, step 373278
    - repeat of 2370643034 found, step 375779
    - repeat of 248530027 found, step 377910
    - repeat of 940122878 found, step 402106
    - repeat of 422609978 found, step 403849
    - repeat of 2693629859 found, step 407650
  - Phase 3, Testing candidates completed (0.0091452 seconds)
- Testing for repeats completed (0.0200528 seconds)
---
19 repeats, p-value = 0.470311

Memory usage summary: heap total: 564225, heap peak: 400384, stack peak: 5664
         total calls   total memory   failed calls
 malloc|          5         564225              0
realloc|          0              0              0  (nomove:0, dec:0, free:0)
 calloc|          0              0              0
   free|          4         491521
Histogram for block sizes:
32768-32783           1  20% ============
   large              4  80% ==================================================
