Testing xoroshiro64star32
	0..4294967295 is range of generator
	414487 outputs to scan for duplicates [6.32456*sqrt(range)]
	20.0001 duplicates expected on average
	2.06097e-09 is probability of zero duplicates
	0x391b695c is seed for this run
---
- Testing for repeats started...
  - Allocating memory started...
    - allocated hash table of reserved for 414487 elements
  - Allocating memory completed (0.00203339 seconds)
  - Checking PRNG output started...
    - repeat of 4137614680 found, step 76563
    - repeat of 2431715891 found, step 109551
    - repeat of 3367124722 found, step 216631
    - repeat of 3135606768 found, step 220006
    - repeat of 2624196330 found, step 274097
    - repeat of 4125303340 found, step 278278
    - repeat of 1895615940 found, step 279604
    - repeat of 3315757975 found, step 328138
    - repeat of 666178133 found, step 330620
    - repeat of 2758762751 found, step 332393
    - repeat of 3911596207 found, step 336851
    - repeat of 2056699379 found, step 346637
    - repeat of 2588730313 found, step 357186
    - repeat of 954985315 found, step 370205
    - repeat of 2726738550 found, step 375446
    - repeat of 4132394084 found, step 411354
  - Checking PRNG output completed (0.100926 seconds)
- Testing for repeats completed (0.102973 seconds)
---
16 repeats, p-value = 0.221068

Memory usage summary: heap total: 10260136, heap peak: 10260136, stack peak: 5648
         total calls   total memory   failed calls
 malloc|     414473       10260136              0
realloc|          0              0              0  (nomove:0, dec:0, free:0)
 calloc|          0              0              0
   free|     414472       10187432
Histogram for block sizes:
   16-31         414471  99% ==================================================
   large              2  <1% 
