Testing xoroshiro64star32
	0..4294967295 is range of generator
	414487 outputs to scan for duplicates [6.32456*sqrt(range)]
	20.0001 duplicates expected on average
	2.06097e-09 is probability of zero duplicates
	0x9b5e688b is seed for this run
---
- Testing for repeats started...
  - Allocating memory started...
    - allocated array of size 414487.
  - Allocating memory completed (1.0823e-05 seconds)
  - Storing PRNG output started...
  - Storing PRNG output completed (0.00274344 seconds)
  - Sorting started...
  - Sorting completed (0.0589288 seconds)
  - Scanning for duplicates started...
    - repeat of 293710986 found
    - repeat of 345118302 found
    - repeat of 498524950 found
    - repeat of 572455980 found
    - repeat of 669766909 found
    - repeat of 940565626 found
    - repeat of 1481483041 found
    - repeat of 1521105898 found
    - repeat of 1549955368 found
    - repeat of 1655866332 found
    - repeat of 1916672490 found
    - repeat of 1950397057 found
    - repeat of 2156804404 found
    - repeat of 2177242750 found
    - repeat of 2202075036 found
    - repeat of 2319506107 found
    - repeat of 2405947793 found
    - repeat of 2510403147 found
    - repeat of 2519220011 found
    - repeat of 3040192824 found
    - repeat of 3351297396 found
    - repeat of 3768990678 found
    - repeat of 3919803551 found
    - repeat of 4155724880 found
    - repeat of 4187587547 found
    - repeat of 4211932467 found
    - repeat of 4251073097 found
  - Scanning for duplicates completed (0.000496661 seconds)
- Testing for repeats completed (0.0622017 seconds)
---
27 repeats, p-value = 1 - 0.052483

Memory usage summary: heap total: 1730652, heap peak: 1730652, stack peak: 5568
         total calls   total memory   failed calls
 malloc|          2        1730652              0
realloc|          0              0              0  (nomove:0, dec:0, free:0)
 calloc|          0              0              0
   free|          0              0
Histogram for block sizes:
   large              2 100% ==================================================
