Testing pcg32
	0..4294967295 is range of generator
	414487 outputs to scan for duplicates [6.32456*sqrt(range)]
	20.0001 duplicates expected on average
	2.06097e-09 is probability of zero duplicates
	0x1dad25e4 is seed for this run
---
- Testing for repeats started...
  - Allocating memory started...
    - allocated array of size 414487.
  - Allocating memory completed (5.231e-06 seconds)
  - Storing PRNG output started...
  - Storing PRNG output completed (0.00157382 seconds)
  - Sorting started...
  - Sorting completed (0.0591925 seconds)
  - Scanning for duplicates started...
    - repeat of 136348707 found
    - repeat of 433449177 found
    - repeat of 476782285 found
    - repeat of 586640442 found
    - repeat of 965864712 found
    - repeat of 1388118455 found
    - repeat of 1837921092 found
    - repeat of 1928820043 found
    - repeat of 2022150756 found
    - repeat of 2024269657 found
    - repeat of 2442481180 found
    - repeat of 2907732444 found
    - repeat of 2910147814 found
    - repeat of 3520227537 found
    - repeat of 3808984014 found
    - repeat of 4222488574 found
  - Scanning for duplicates completed (0.000528257 seconds)
- Testing for repeats completed (0.0613166 seconds)
---
16 repeats, p-value = 0.221068

Memory usage summary: heap total: 1730652, heap peak: 1730652, stack peak: 5568
         total calls   total memory   failed calls
 malloc|          2        1730652              0
realloc|          0              0              0  (nomove:0, dec:0, free:0)
 calloc|          0              0              0
   free|          0              0
Histogram for block sizes:
   large              2 100% ==================================================
