- bump_allocator_static< std::__detail::_Hash_node<unsigned int, false> > (item size = 16) at 0x6042d0 created!
- bump_allocator_static< std::__detail::_Hash_node_base* > (item size = 8) at 0x604310 created!
- mempool at 0x604298 allocated new chunk at 0x7f4048180020
- mempool at 0x604298 deallocated chunk at 0x7f4048180020
Testing xoroshiro64plus32
	0..4294967295 is range of generator
	414487 outputs to scan for duplicates [6.32456*sqrt(range)]
	20.0001 duplicates expected on average
	2.06097e-09 is probability of zero duplicates
	0xe456d452 is seed for this run
---
- Testing for repeats started...
  - Allocating memory started...
    - allocated hash table of reserved for 414487 elements
  - Allocating memory completed (0.000707106 seconds)
  - Checking PRNG output started...
    - repeat of 451839848 found, step 98133
    - repeat of 3334549351 found, step 115435
    - repeat of 4224367422 found, step 170531
    - repeat of 447007417 found, step 214092
    - repeat of 2129724770 found, step 250518
    - repeat of 4172344065 found, step 266269
    - repeat of 1753051269 found, step 288755
    - repeat of 304969866 found, step 292269
    - repeat of 3777723671 found, step 292298
    - repeat of 1797175323 found, step 307704
    - repeat of 1919839792 found, step 320032
    - repeat of 509583972 found, step 347869
    - repeat of 679668078 found, step 351330
    - repeat of 3086754365 found, step 356220
    - repeat of 3415010005 found, step 414140
  - Checking PRNG output completed (0.0242776 seconds)
- Testing for repeats completed (0.0249991 seconds)
---
15 repeats, p-value = 0.156508
- bump_allocator_static< std::__detail::_Hash_node_base* > at 0x604310 destroyed!
 - total_allocations_  = 1
 - active_allocations_ = 0
 - high_allocations_   = 1
 - total_mem_  = 3555896
 - active_mem_ = 0
 - high_mem_   = 3555896
- bump_allocator_static< std::__detail::_Hash_node<unsigned int, false> > at 0x6042d0 destroyed!
 - total_allocations_  = 414472
 - active_allocations_ = 0
 - high_allocations_   = 414472
 - total_mem_  = 6631552
 - active_mem_ = 0
 - high_mem_   = 6631552

Memory usage summary: heap total: 1073815760, heap peak: 1073815568, stack peak: 2816
         total calls   total memory   failed calls
 malloc|          5     1073815568              0
realloc|          4            192              0  (nomove:0, dec:0, free:0)
 calloc|          0              0              0
   free|          6     1073742032
Histogram for block sizes:
   16-31              1  11% =========================
   32-47              2  22% ==================================================
   64-79              2  22% ==================================================
  512-527             2  22% ==================================================
   large              2  22% ==================================================
