- bump_allocator_static< std::__detail::_Hash_node<unsigned int, false> > (item size = 16) at 0x6042f0 created!
- bump_allocator_static< std::__detail::_Hash_node_base* > (item size = 8) at 0x604330 created!
- mempool at 0x6042b8 allocated new chunk at 0x7fcb8331d020
- mempool at 0x6042b8 deallocated chunk at 0x7fcb8331d020
Testing xorshift64star32a
	0..4294967295 is range of generator
	198893 outputs to scan for duplicates [3.03485*sqrt(range)]
	4.60511 duplicates expected on average
	0.0100006 is probability of zero duplicates
	0xd5571823 is seed for this run
---
- Testing for repeats started...
  - Allocating memory started...
    - allocated hash table of reserved for 198893 elements
  - Allocating memory completed (0.000768574 seconds)
  - Checking PRNG output started...
    - repeat of 1881649154 found, step 103256
    - repeat of 1406212118 found, step 104210
    - repeat of 383150468 found, step 116420
    - repeat of 2398604674 found, step 134363
    - repeat of 1103178136 found, step 157159
    - repeat of 1604856935 found, step 175346
    - repeat of 4161064781 found, step 187233
    - repeat of 2787217267 found, step 195859
  - Checking PRNG output completed (0.0187846 seconds)
- Testing for repeats completed (0.0195626 seconds)
---
8 repeats, p-value = 1 - 0.045328
- bump_allocator_static< std::__detail::_Hash_node_base* > at 0x604330 destroyed!
 - total_allocations_  = 1
 - active_allocations_ = 0
 - high_allocations_   = 1
 - total_mem_  = 1619272
 - active_mem_ = 0
 - high_mem_   = 1619272
- bump_allocator_static< std::__detail::_Hash_node<unsigned int, false> > at 0x6042f0 destroyed!
 - total_allocations_  = 198885
 - active_allocations_ = 0
 - high_allocations_   = 198885
 - total_mem_  = 3182160
 - active_mem_ = 0
 - high_mem_   = 3182160

Memory usage summary: heap total: 1073815760, heap peak: 1073815568, stack peak: 2816
         total calls   total memory   failed calls
 malloc|          5     1073815568              0
realloc|          4            192              0  (nomove:0, dec:0, free:0)
 calloc|          0              0              0
   free|          6     1073742032
Histogram for block sizes:
   16-31              1  11% =========================
   32-47              2  22% ==================================================
   64-79              2  22% ==================================================
  512-527             2  22% ==================================================
   large              2  22% ==================================================
