Testing xorshift64star32a
	0..4294967295 is range of generator
	198893 outputs to scan for duplicates [3.03485*sqrt(range)]
	4.60511 duplicates expected on average
	0.0100006 is probability of zero duplicates
	0x719b4b6e is seed for this run
---
- Testing for repeats started...
  - Allocating memory started...
    - allocated hash table of reserved for 198893 elements
  - Allocating memory completed (0.0012387 seconds)
  - Checking PRNG output started...
    - repeat of 3336932844 found, step 144116
  - Checking PRNG output completed (0.0417299 seconds)
- Testing for repeats completed (0.0429818 seconds)
---
1 repeats, p-value = 0.0560544

Memory usage summary: heap total: 4874248, heap peak: 4874248, stack peak: 5648
         total calls   total memory   failed calls
 malloc|     198894        4874248              0
realloc|          0              0              0  (nomove:0, dec:0, free:0)
 calloc|          0              0              0
   free|     198893        4801544
Histogram for block sizes:
   16-31         198892  99% ==================================================
   large              2  <1% 
