Testing sfc32
	0..4294967295 is range of generator
	414487 outputs to scan for duplicates [6.32456*sqrt(range)]
	20.0001 duplicates expected on average
	2.06097e-09 is probability of zero duplicates
	0xcc9b8a44 is seed for this run
---
- Testing for repeats started...
  - Allocating memory started...
    - allocated 256 buckets of capacity 2023
    - allocated 256 bucket counters
  - Allocating memory completed (1.6885e-05 seconds)
  - Storing PRNG output started...
  - Storing PRNG output completed (0.00301082 seconds)
  - Sorting started...
  - Sorting completed (0.0332799 seconds)
  - Scanning for duplicates started...
    - repeat of 4176455714 found
    - repeat of 3603866916 found
    - repeat of 2801948970 found
    - repeat of 2019451455 found
    - repeat of 4274224209 found
    - repeat of 2427930708 found
    - repeat of 2800499301 found
    - repeat of 3212299129 found
    - repeat of 1002845821 found
    - repeat of 2560314240 found
    - repeat of 2977019783 found
    - repeat of 224228232 found
    - repeat of 4039049611 found
    - repeat of 2222854295 found
    - repeat of 3390036905 found
    - repeat of 2387919814 found
    - repeat of 2778027978 found
    - repeat of 1907880443 found
  - Scanning for duplicates completed (0.000607295 seconds)
- Testing for repeats completed (0.0369353 seconds)
---
18 repeats, p-value = 0.381414

Memory usage summary: heap total: 2145280, heap peak: 2145280, stack peak: 5616
         total calls   total memory   failed calls
 malloc|          3        2145280              0
realloc|          0              0              0  (nomove:0, dec:0, free:0)
 calloc|          0              0              0
   free|          0              0
Histogram for block sizes:
 1024-1039            1  33% =========================
   large              2  66% ==================================================
