Testing std::mt19937_64
	0..18446744073709551615 is range of generator
	13034599790 outputs to scan for duplicates [3.03485*sqrt(range)]
	4.60517 duplicates expected on average
	0.01 is probability of zero duplicates
	0x37a0a001 is seed for this run
---
- Testing for repeats started...
  - Allocating memory started...
    - allocated array of size 13034599790.
  - Allocating memory completed (3.6719e-05 seconds)
  - Storing PRNG output started...
  - Storing PRNG output completed (78.9106 seconds)
  - Sorting started...
  - Sorting completed (1719.31 seconds)
  - Scanning for duplicates started...
    - repeat of 3097887744857163366 found
    - repeat of 5135732003217760496 found
    - repeat of 5958311621514904927 found
  - Scanning for duplicates completed (14.3795 seconds)
- Testing for repeats completed (1812.6 seconds)
---
3 repeats, p-value = 0.324864

Memory usage summary: heap total: 104276871024, heap peak: 104276871024, stack peak: 8048
         total calls   total memory   failed calls
 malloc|          2   104276871024              0
realloc|          0              0              0  (nomove:0, dec:0, free:0)
 calloc|          0              0              0
   free|          0              0
Histogram for block sizes:
   large              2 100% ==================================================
