- bump_allocator_static< std::__detail::_Hash_node<unsigned int, false> > (item size = 16) at 0x6042d0 created!
- bump_allocator_static< std::__detail::_Hash_node_base* > (item size = 8) at 0x604310 created!
- mempool at 0x604298 allocated new chunk at 0x7f6dc68d2020
- mempool at 0x604298 deallocated chunk at 0x7f6dc68d2020
Testing xoroshiro64starstar32
	0..4294967295 is range of generator
	414487 outputs to scan for duplicates [6.32456*sqrt(range)]
	20.0001 duplicates expected on average
	2.06097e-09 is probability of zero duplicates
	0x862d5830 is seed for this run
---
- Testing for repeats started...
  - Allocating memory started...
    - allocated hash table of reserved for 414487 elements
  - Allocating memory completed (0.00141028 seconds)
  - Checking PRNG output started...
    - repeat of 3691882283 found, step 41813
    - repeat of 876119353 found, step 198922
    - repeat of 1603706208 found, step 203813
    - repeat of 2687471958 found, step 216176
    - repeat of 1124345182 found, step 231558
    - repeat of 2337509524 found, step 251338
    - repeat of 1621512243 found, step 279777
    - repeat of 1740135073 found, step 282435
    - repeat of 366416233 found, step 304608
    - repeat of 1272461552 found, step 310186
    - repeat of 3188192172 found, step 318046
    - repeat of 857121717 found, step 327981
    - repeat of 3010564480 found, step 331083
    - repeat of 1341126333 found, step 335808
    - repeat of 1336256862 found, step 350077
    - repeat of 247197630 found, step 350640
    - repeat of 1124495748 found, step 364545
    - repeat of 1728811622 found, step 368491
    - repeat of 883871337 found, step 398387
    - repeat of 4153331899 found, step 400413
    - repeat of 1003800719 found, step 401215
  - Checking PRNG output completed (0.0339657 seconds)
- Testing for repeats completed (0.0353877 seconds)
---
21 repeats, p-value = 1 - 0.35631
- bump_allocator_static< std::__detail::_Hash_node_base* > at 0x604310 destroyed!
 - total_allocations_  = 1
 - active_allocations_ = 0
 - high_allocations_   = 1
 - total_mem_  = 3555896
 - active_mem_ = 0
 - high_mem_   = 3555896
- bump_allocator_static< std::__detail::_Hash_node<unsigned int, false> > at 0x6042d0 destroyed!
 - total_allocations_  = 414466
 - active_allocations_ = 0
 - high_allocations_   = 414466
 - total_mem_  = 6631456
 - active_mem_ = 0
 - high_mem_   = 6631456

Memory usage summary: heap total: 1073815760, heap peak: 1073815568, stack peak: 2816
         total calls   total memory   failed calls
 malloc|          5     1073815568              0
realloc|          4            192              0  (nomove:0, dec:0, free:0)
 calloc|          0              0              0
   free|          6     1073742032
Histogram for block sizes:
   16-31              1  11% =========================
   32-47              2  22% ==================================================
   64-79              2  22% ==================================================
  512-527             2  22% ==================================================
   large              2  22% ==================================================
