Testing jsf32
	0..4294967295 is range of generator
	198893 outputs to scan for duplicates [3.03485*sqrt(range)]
	4.60521 duplicates expected on average
	0.00999963 is probability of zero duplicates
	0x6d2df5 is seed for this run
---
- Testing for repeats started...
  - Allocating memory started...
    - allocated 256 buckets of capacity 971
    - allocated 256 bucket counters
  - Allocating memory completed (1.5183e-05 seconds)
  - Storing PRNG output started...
  - Storing PRNG output completed (0.00169467 seconds)
  - Sorting started...
  - Sorting completed (0.0173735 seconds)
  - Scanning for duplicates started...
    - repeat of 1786499404 found
    - repeat of 1350406059 found
    - repeat of 1719507921 found
    - repeat of 1813128680 found
    - repeat of 3024738806 found
  - Scanning for duplicates completed (0.000319028 seconds)
- Testing for repeats completed (0.0194175 seconds)
---
5 repeats, p-value = 1 - 0.315139

Memory usage summary: heap total: 1068032, heap peak: 1068032, stack peak: 5616
         total calls   total memory   failed calls
 malloc|          3        1068032              0
realloc|          0              0              0  (nomove:0, dec:0, free:0)
 calloc|          0              0              0
   free|          0              0
Histogram for block sizes:
 1024-1039            1  33% =========================
   large              2  66% ==================================================
