Testing xoroshiro64starstar32
	0..4294967295 is range of generator
	414487 outputs to scan for duplicates [6.32456*sqrt(range)]
	20.0001 duplicates expected on average
	2.06097e-09 is probability of zero duplicates
	0x32ebe9aa is seed for this run
---
- Testing for repeats started...
  - Allocating memory started...
    - allocated bloomish filter with 32768 64-bit elements (3 bits/entry)
    - allocated possible-match log with 16384 32-bit elements
  - Allocating memory completed (1.352e-05 seconds)
  - Phase 1, Gathering repeat candidates started...
    - 15514 repeat candidates found
  - Phase 1, Gathering repeat candidates completed (0.00830878 seconds)
  - Reallocating memory started...
    - Deallocated bloomish filter
    - Allocated hash table of the same size
  - Reallocating memory completed (0.000122171 seconds)
  - Phase 2, Storing candidates in hash table started...
  - Phase 2, Storing candidates in hash table completed (0.000217908 seconds)
  - Phase 3, Testing candidates started...
    - repeat of 412015438 found, step 57157
    - repeat of 150907591 found, step 81053
    - repeat of 2548438125 found, step 94521
    - repeat of 685863812 found, step 135977
    - repeat of 1497817160 found, step 143819
    - repeat of 895902645 found, step 154834
    - repeat of 746622834 found, step 165738
    - repeat of 807837156 found, step 165799
    - repeat of 1303828789 found, step 186328
    - repeat of 3130469895 found, step 240580
    - repeat of 3599855848 found, step 264385
    - repeat of 759556634 found, step 279703
    - repeat of 1457294532 found, step 317942
    - repeat of 816105957 found, step 319468
    - repeat of 3375574093 found, step 323769
    - repeat of 1456352452 found, step 328977
    - repeat of 2970944190 found, step 330140
    - repeat of 1289297038 found, step 345416
    - repeat of 516809014 found, step 352132
    - repeat of 3790791011 found, step 356963
    - repeat of 2056699499 found, step 367725
    - repeat of 225783672 found, step 372552
    - repeat of 3235145405 found, step 387980
    - repeat of 3054718915 found, step 391800
    - repeat of 3397355537 found, step 393032
    - repeat of 2845031156 found, step 395950
    - repeat of 1145518798 found, step 399095
  - Phase 3, Testing candidates completed (0.0104407 seconds)
- Testing for repeats completed (0.0191306 seconds)
---
27 repeats, p-value = 1 - 0.052483

Memory usage summary: heap total: 564225, heap peak: 400384, stack peak: 5680
         total calls   total memory   failed calls
 malloc|          5         564225              0
realloc|          0              0              0  (nomove:0, dec:0, free:0)
 calloc|          0              0              0
   free|          4         491521
Histogram for block sizes:
32768-32783           1  20% ============
   large              4  80% ==================================================
