- bump_allocator_static< std::__detail::_Hash_node<unsigned int, false> > (item size = 16) at 0x6042f0 created!
- bump_allocator_static< std::__detail::_Hash_node_base* > (item size = 8) at 0x604330 created!
- mempool at 0x6042b8 allocated new chunk at 0x7f553fbd3020
- mempool at 0x6042b8 deallocated chunk at 0x7f553fbd3020
Testing xorshift64star32a
	0..4294967295 is range of generator
	414487 outputs to scan for duplicates [6.32456*sqrt(range)]
	19.9994 duplicates expected on average
	2.06239e-09 is probability of zero duplicates
	0x6d500d4e is seed for this run
---
- Testing for repeats started...
  - Allocating memory started...
    - allocated hash table of reserved for 414487 elements
  - Allocating memory completed (0.000930758 seconds)
  - Checking PRNG output started...
    - repeat of 3635406568 found, step 76355
    - repeat of 868437403 found, step 79650
    - repeat of 1546103435 found, step 167325
    - repeat of 919116518 found, step 192369
    - repeat of 4045755537 found, step 273019
    - repeat of 997071235 found, step 290858
    - repeat of 1048274114 found, step 297789
    - repeat of 1924574584 found, step 305360
    - repeat of 2211656636 found, step 312142
    - repeat of 3940349095 found, step 313087
    - repeat of 560877528 found, step 362574
    - repeat of 1889927203 found, step 363340
    - repeat of 300261681 found, step 385533
    - repeat of 1638457899 found, step 391007
    - repeat of 3761582232 found, step 399954
    - repeat of 2120535646 found, step 403014
    - repeat of 2627291871 found, step 405066
    - repeat of 2955141695 found, step 409363
    - repeat of 3506035796 found, step 413544
  - Checking PRNG output completed (0.0376171 seconds)
- Testing for repeats completed (0.0385612 seconds)
---
19 repeats, p-value = 0.470311
- bump_allocator_static< std::__detail::_Hash_node_base* > at 0x604330 destroyed!
 - total_allocations_  = 1
 - active_allocations_ = 0
 - high_allocations_   = 1
 - total_mem_  = 3555896
 - active_mem_ = 0
 - high_mem_   = 3555896
- bump_allocator_static< std::__detail::_Hash_node<unsigned int, false> > at 0x6042f0 destroyed!
 - total_allocations_  = 414468
 - active_allocations_ = 0
 - high_allocations_   = 414468
 - total_mem_  = 6631488
 - active_mem_ = 0
 - high_mem_   = 6631488

Memory usage summary: heap total: 1073815760, heap peak: 1073815568, stack peak: 2816
         total calls   total memory   failed calls
 malloc|          5     1073815568              0
realloc|          4            192              0  (nomove:0, dec:0, free:0)
 calloc|          0              0              0
   free|          6     1073742032
Histogram for block sizes:
   16-31              1  11% =========================
   32-47              2  22% ==================================================
   64-79              2  22% ==================================================
  512-527             2  22% ==================================================
   large              2  22% ==================================================
