Testing pcg32_fast
	0..4294967295 is range of generator
	198893 outputs to scan for duplicates [3.03485*sqrt(range)]
	4.60521 duplicates expected on average
	0.00999963 is probability of zero duplicates
	0xd596a2d3 is seed for this run
---
- Testing for repeats started...
  - Allocating memory started...
    - allocated hash table of reserved for 198893 elements
  - Allocating memory completed (0.000989642 seconds)
  - Checking PRNG output started...
    - repeat of 2747927929 found, step 57637
    - repeat of 3716523522 found, step 94280
    - repeat of 2471682528 found, step 111115
    - repeat of 948306058 found, step 120278
    - repeat of 256028409 found, step 141151
    - repeat of 3283563445 found, step 152088
    - repeat of 554528294 found, step 168230
  - Checking PRNG output completed (0.0586733 seconds)
- Testing for repeats completed (0.0596799 seconds)
---
7 repeats, p-value = 1 - 0.0955042

Memory usage summary: heap total: 4874152, heap peak: 4874152, stack peak: 5648
         total calls   total memory   failed calls
 malloc|     198888        4874152              0
realloc|          0              0              0  (nomove:0, dec:0, free:0)
 calloc|          0              0              0
   free|     198887        4801448
Histogram for block sizes:
   16-31         198886  99% ==================================================
   large              2  <1% 
