Testing gjrand32
	0..4294967295 is range of generator
	414487 outputs to scan for duplicates [6.32456*sqrt(range)]
	20.0001 duplicates expected on average
	2.06097e-09 is probability of zero duplicates
	0x76cc383d is seed for this run
---
- Testing for repeats started...
  - Allocating memory started...
    - allocated array of size 414487.
  - Allocating memory completed (9.316e-06 seconds)
  - Storing PRNG output started...
  - Storing PRNG output completed (0.00405559 seconds)
  - Sorting started...
  - Sorting completed (0.0404322 seconds)
  - Scanning for duplicates started...
    - repeat of 327259645 found
    - repeat of 580542362 found
    - repeat of 884911767 found
    - repeat of 948531811 found
    - repeat of 956848722 found
    - repeat of 1069201450 found
    - repeat of 1585334737 found
    - repeat of 1843806460 found
    - repeat of 3318926714 found
    - repeat of 3517785438 found
    - repeat of 3785187193 found
    - repeat of 3939874692 found
    - repeat of 4015523891 found
    - repeat of 4058956059 found
    - repeat of 4072323489 found
    - repeat of 4227331137 found
  - Scanning for duplicates completed (0.000349572 seconds)
- Testing for repeats completed (0.0448599 seconds)
---
16 repeats, p-value = 0.221068

Memory usage summary: heap total: 1730652, heap peak: 1730652, stack peak: 5600
         total calls   total memory   failed calls
 malloc|          2        1730652              0
realloc|          0              0              0  (nomove:0, dec:0, free:0)
 calloc|          0              0              0
   free|          0              0
Histogram for block sizes:
   large              2 100% ==================================================
