Testing pcg64
	0..18446744073709551615 is range of generator
	13034599790 outputs to scan for duplicates [3.03485*sqrt(range)]
	4.60517 duplicates expected on average
	0.01 is probability of zero duplicates
	0xf893e226 is seed for this run
---
- Testing for repeats started...
  - Allocating memory started...
    - allocated array of size 13034599790.
  - Allocating memory completed (1.5976e-05 seconds)
  - Storing PRNG output started...
  - Storing PRNG output completed (67.0258 seconds)
  - Sorting started...
  - Sorting completed (1982.25 seconds)
  - Scanning for duplicates started...
    - repeat of 1322008997355325356 found
    - repeat of 4134645092526154300 found
    - repeat of 13338551234882928749 found
    - repeat of 14309985387037860973 found
  - Scanning for duplicates completed (16.1512 seconds)
- Testing for repeats completed (2065.43 seconds)
---
4 repeats, p-value = 1 - 0.487735

Memory usage summary: heap total: 104276871024, heap peak: 104276871024, stack peak: 5584
         total calls   total memory   failed calls
 malloc|          2   104276871024              0
realloc|          0              0              0  (nomove:0, dec:0, free:0)
 calloc|          0              0              0
   free|          0              0
Histogram for block sizes:
   large              2 100% ==================================================
