Testing xorshift64plain64a
	0..18446744073709551615 is range of generator
	13034599790 outputs to scan for duplicates [3.03485*sqrt(range)]
	4.60517 duplicates expected on average
	0.01 is probability of zero duplicates
	0xe8e1ff4b is seed for this run
---
- Testing for repeats started...
  - Allocating memory started...
    - allocated array of size 13034599790.
  - Allocating memory completed (2.3573e-05 seconds)
  - Storing PRNG output started...
  - Storing PRNG output completed (66.3526 seconds)
  - Sorting started...
  - Sorting completed (2035.04 seconds)
  - Scanning for duplicates started...
  - Scanning for duplicates completed (19.6386 seconds)
- Testing for repeats completed (2121.03 seconds)
---
0 repeats, p-value = 0.01

Memory usage summary: heap total: 104276871024, heap peak: 104276871024, stack peak: 5568
         total calls   total memory   failed calls
 malloc|          2   104276871024              0
realloc|          0              0              0  (nomove:0, dec:0, free:0)
 calloc|          0              0              0
   free|          0              0
Histogram for block sizes:
   large              2 100% ==================================================
