Testing xoroshiro64starstar32
	0..4294967295 is range of generator
	414487 outputs to scan for duplicates [6.32456*sqrt(range)]
	20.0001 duplicates expected on average
	2.06097e-09 is probability of zero duplicates
	0x445017d9 is seed for this run
---
- Testing for repeats started...
  - Allocating memory started...
    - allocated hash table of reserved for 414487 elements
  - Allocating memory completed (0.00192646 seconds)
  - Checking PRNG output started...
    - repeat of 374762556 found, step 163429
    - repeat of 3485980235 found, step 174087
    - repeat of 1721121586 found, step 211027
    - repeat of 1591315800 found, step 223799
    - repeat of 1644550895 found, step 229547
    - repeat of 3935696237 found, step 231132
    - repeat of 1217899378 found, step 260890
    - repeat of 2454616098 found, step 266022
    - repeat of 3583928179 found, step 284477
    - repeat of 1069187964 found, step 293224
    - repeat of 1568431857 found, step 301077
    - repeat of 2537028900 found, step 310572
    - repeat of 1047883561 found, step 313116
    - repeat of 4132392977 found, step 335851
    - repeat of 1264996505 found, step 343832
    - repeat of 1766021093 found, step 349023
    - repeat of 3907308802 found, step 360606
    - repeat of 194545036 found, step 367783
    - repeat of 685814634 found, step 375578
    - repeat of 3506645994 found, step 412680
  - Checking PRNG output completed (0.106993 seconds)
- Testing for repeats completed (0.108936 seconds)
---
20 repeats, p-value = 1 - 0.440915

Memory usage summary: heap total: 10260072, heap peak: 10260072, stack peak: 5648
         total calls   total memory   failed calls
 malloc|     414469       10260072              0
realloc|          0              0              0  (nomove:0, dec:0, free:0)
 calloc|          0              0              0
   free|     414468       10187368
Histogram for block sizes:
   16-31         414467  99% ==================================================
   large              2  <1% 
