Testing jsf32
	0..4294967295 is range of generator
	414487 outputs to scan for duplicates [6.32456*sqrt(range)]
	20.0001 duplicates expected on average
	2.06097e-09 is probability of zero duplicates
	0xc006a4e4 is seed for this run
---
- Testing for repeats started...
  - Allocating memory started...
    - allocated hash table of reserved for 414487 elements
  - Allocating memory completed (0.00215966 seconds)
  - Checking PRNG output started...
    - repeat of 901514984 found, step 85571
    - repeat of 2608393184 found, step 100221
    - repeat of 3258022004 found, step 149063
    - repeat of 2662858033 found, step 160315
    - repeat of 605113258 found, step 165217
    - repeat of 220312818 found, step 173046
    - repeat of 2667295664 found, step 176981
    - repeat of 2275949111 found, step 181222
    - repeat of 2271553928 found, step 195984
    - repeat of 2043771807 found, step 209960
    - repeat of 399923045 found, step 212389
    - repeat of 577853305 found, step 236204
    - repeat of 557900 found, step 263718
    - repeat of 3900933090 found, step 279701
    - repeat of 3708272431 found, step 290941
    - repeat of 3690249510 found, step 309399
    - repeat of 639388497 found, step 322302
    - repeat of 3643354867 found, step 330156
    - repeat of 3496526612 found, step 342941
    - repeat of 3823186738 found, step 350746
    - repeat of 3141562492 found, step 374112
    - repeat of 621105031 found, step 387638
    - repeat of 2209886443 found, step 389384
    - repeat of 2066748626 found, step 391974
    - repeat of 1834579726 found, step 396549
    - repeat of 2981849067 found, step 397973
    - repeat of 3970077107 found, step 398606
    - repeat of 3593923373 found, step 402878
    - repeat of 830367225 found, step 413352
  - Checking PRNG output completed (0.110999 seconds)
- Testing for repeats completed (0.113175 seconds)
---
29 repeats, p-value = 1 - 0.0218194

Memory usage summary: heap total: 10259928, heap peak: 10259928, stack peak: 5648
         total calls   total memory   failed calls
 malloc|     414460       10259928              0
realloc|          0              0              0  (nomove:0, dec:0, free:0)
 calloc|          0              0              0
   free|     414459       10187224
Histogram for block sizes:
   16-31         414458  99% ==================================================
   large              2  <1% 
