Testing pcg32_fast
	0..4294967295 is range of generator
	198893 outputs to scan for duplicates [3.03485*sqrt(range)]
	4.60521 duplicates expected on average
	0.00999963 is probability of zero duplicates
	0x1874ad65 is seed for this run
---
- Testing for repeats started...
  - Allocating memory started...
    - allocated hash table of reserved for 198893 elements
  - Allocating memory completed (0.00149741 seconds)
  - Checking PRNG output started...
    - repeat of 4006197542 found, step 27103
    - repeat of 3785377635 found, step 96672
    - repeat of 2849129155 found, step 99452
    - repeat of 525366960 found, step 111926
    - repeat of 3258369023 found, step 140661
    - repeat of 3683618714 found, step 144214
    - repeat of 718287033 found, step 175168
  - Checking PRNG output completed (0.0427023 seconds)
- Testing for repeats completed (0.0442137 seconds)
---
7 repeats, p-value = 1 - 0.0955042

Memory usage summary: heap total: 4874152, heap peak: 4874152, stack peak: 5648
         total calls   total memory   failed calls
 malloc|     198888        4874152              0
realloc|          0              0              0  (nomove:0, dec:0, free:0)
 calloc|          0              0              0
   free|     198887        4801448
Histogram for block sizes:
   16-31         198886  99% ==================================================
   large              2  <1% 
