Testing gjrand32
	0..4294967295 is range of generator
	414487 outputs to scan for duplicates [6.32456*sqrt(range)]
	20.0001 duplicates expected on average
	2.06097e-09 is probability of zero duplicates
	0x8c88f62a is seed for this run
---
- Testing for repeats started...
  - Allocating memory started...
    - allocated 256 buckets of capacity 2023
    - allocated 256 bucket counters
  - Allocating memory completed (1.5546e-05 seconds)
  - Storing PRNG output started...
  - Storing PRNG output completed (0.00362211 seconds)
  - Sorting started...
  - Sorting completed (0.0343752 seconds)
  - Scanning for duplicates started...
    - repeat of 172627460 found
    - repeat of 2960561671 found
    - repeat of 3247096583 found
    - repeat of 3347956261 found
    - repeat of 4114736934 found
    - repeat of 1303568679 found
    - repeat of 124193323 found
    - repeat of 1784053552 found
    - repeat of 981285430 found
    - repeat of 4175450187 found
    - repeat of 1996759899 found
    - repeat of 2996630888 found
    - repeat of 3683183728 found
    - repeat of 3085546097 found
    - repeat of 2891508093 found
    - repeat of 4269191039 found
    - repeat of 2360580999 found
    - repeat of 93172644 found
    - repeat of 701958348 found
    - repeat of 166945236 found
    - repeat of 2876656349 found
    - repeat of 3115312871 found
    - repeat of 1094678253 found
    - repeat of 4096365041 found
  - Scanning for duplicates completed (0.000581023 seconds)
- Testing for repeats completed (0.0386176 seconds)
---
24 repeats, p-value = 1 - 0.156778

Memory usage summary: heap total: 2145280, heap peak: 2145280, stack peak: 5616
         total calls   total memory   failed calls
 malloc|          3        2145280              0
realloc|          0              0              0  (nomove:0, dec:0, free:0)
 calloc|          0              0              0
   free|          0              0
Histogram for block sizes:
 1024-1039            1  33% =========================
   large              2  66% ==================================================
