Testing xoroshiro64plus32
	0..4294967295 is range of generator
	414487 outputs to scan for duplicates [6.32456*sqrt(range)]
	20.0001 duplicates expected on average
	2.06097e-09 is probability of zero duplicates
	0xa0ed608b is seed for this run
---
- Testing for repeats started...
  - Allocating memory started...
    - allocated hash table of reserved for 414487 elements
  - Allocating memory completed (0.00249436 seconds)
  - Checking PRNG output started...
    - repeat of 3798778635 found, step 165765
    - repeat of 3528939099 found, step 184424
    - repeat of 3363660758 found, step 248292
    - repeat of 606197230 found, step 290081
    - repeat of 3102888905 found, step 318888
    - repeat of 3322499990 found, step 322034
    - repeat of 361345342 found, step 326898
    - repeat of 3249879927 found, step 328278
    - repeat of 3370261753 found, step 351457
    - repeat of 3444455354 found, step 377697
    - repeat of 329378359 found, step 383780
    - repeat of 1000174154 found, step 395153
  - Checking PRNG output completed (0.0824829 seconds)
- Testing for repeats completed (0.0849922 seconds)
---
12 repeats, p-value = 0.0390104

Memory usage summary: heap total: 10260200, heap peak: 10260200, stack peak: 5648
         total calls   total memory   failed calls
 malloc|     414477       10260200              0
realloc|          0              0              0  (nomove:0, dec:0, free:0)
 calloc|          0              0              0
   free|     414476       10187496
Histogram for block sizes:
   16-31         414475  99% ==================================================
   large              2  <1% 
