Testing xorshift64star32a
	0..4294967295 is range of generator
	414487 outputs to scan for duplicates [6.32456*sqrt(range)]
	19.9994 duplicates expected on average
	2.06239e-09 is probability of zero duplicates
	0x524001be is seed for this run
---
- Testing for repeats started...
  - Allocating memory started...
    - allocated bloomish filter with 32768 64-bit elements (3 bits/entry)
    - allocated possible-match log with 16384 32-bit elements
  - Allocating memory completed (1.7414e-05 seconds)
  - Phase 1, Gathering repeat candidates started...
    - 15311 repeat candidates found
  - Phase 1, Gathering repeat candidates completed (0.0113599 seconds)
  - Reallocating memory started...
    - Deallocated bloomish filter
    - Allocated hash table of the same size
  - Reallocating memory completed (0.000141109 seconds)
  - Phase 2, Storing candidates in hash table started...
  - Phase 2, Storing candidates in hash table completed (0.00018512 seconds)
  - Phase 3, Testing candidates started...
    - repeat of 3033659737 found, step 119310
    - repeat of 1366206406 found, step 122750
    - repeat of 331114484 found, step 183974
    - repeat of 2732264576 found, step 195116
    - repeat of 1862323832 found, step 248630
    - repeat of 747231804 found, step 261022
    - repeat of 3562837356 found, step 279888
    - repeat of 2469489990 found, step 284244
    - repeat of 2817163523 found, step 287004
    - repeat of 527860156 found, step 303250
    - repeat of 1766650333 found, step 308731
    - repeat of 2574726446 found, step 329879
    - repeat of 964340111 found, step 329918
    - repeat of 2157506219 found, step 337369
    - repeat of 283143645 found, step 373891
    - repeat of 339925097 found, step 385182
    - repeat of 2679488741 found, step 392733
    - repeat of 497587022 found, step 400277
    - repeat of 1394350453 found, step 406758
  - Phase 3, Testing candidates completed (0.00852208 seconds)
- Testing for repeats completed (0.0202647 seconds)
---
19 repeats, p-value = 0.470311

Memory usage summary: heap total: 564225, heap peak: 400384, stack peak: 5664
         total calls   total memory   failed calls
 malloc|          5         564225              0
realloc|          0              0              0  (nomove:0, dec:0, free:0)
 calloc|          0              0              0
   free|          4         491521
Histogram for block sizes:
32768-32783           1  20% ============
   large              4  80% ==================================================
