Testing gjrand32
	0..4294967295 is range of generator
	198893 outputs to scan for duplicates [3.03485*sqrt(range)]
	4.60521 duplicates expected on average
	0.00999963 is probability of zero duplicates
	0xaf8fbf4b is seed for this run
---
- Testing for repeats started...
  - Allocating memory started...
    - allocated array of size 198893.
  - Allocating memory completed (9.897e-06 seconds)
  - Storing PRNG output started...
  - Storing PRNG output completed (0.00196592 seconds)
  - Sorting started...
  - Sorting completed (0.0287614 seconds)
  - Scanning for duplicates started...
    - repeat of 1650158475 found
    - repeat of 1969923428 found
    - repeat of 3325151205 found
    - repeat of 3358430717 found
  - Scanning for duplicates completed (0.000286629 seconds)
- Testing for repeats completed (0.0310389 seconds)
---
4 repeats, p-value = 1 - 0.487742

Memory usage summary: heap total: 868276, heap peak: 868276, stack peak: 5600
         total calls   total memory   failed calls
 malloc|          2         868276              0
realloc|          0              0              0  (nomove:0, dec:0, free:0)
 calloc|          0              0              0
   free|          0              0
Histogram for block sizes:
   large              2 100% ==================================================
