Testing std::mt19937
	0..4294967295 is range of generator
	198893 outputs to scan for duplicates [3.03485*sqrt(range)]
	4.60521 duplicates expected on average
	0.00999963 is probability of zero duplicates
	0x18e94ff6 is seed for this run
---
- Testing for repeats started...
  - Allocating memory started...
    - allocated hash table of reserved for 198893 elements
  - Allocating memory completed (0.00104916 seconds)
  - Checking PRNG output started...
    - repeat of 2775568777 found, step 94956
    - repeat of 4126203657 found, step 136271
    - repeat of 2786940811 found, step 137962
    - repeat of 3392296055 found, step 152173
    - repeat of 3386486091 found, step 163574
    - repeat of 30697489 found, step 186227
  - Checking PRNG output completed (0.0463263 seconds)
- Testing for repeats completed (0.047391 seconds)
---
6 repeats, p-value = 1 - 0.18266

Memory usage summary: heap total: 4874168, heap peak: 4874168, stack peak: 10608
         total calls   total memory   failed calls
 malloc|     198889        4874168              0
realloc|          0              0              0  (nomove:0, dec:0, free:0)
 calloc|          0              0              0
   free|     198888        4801464
Histogram for block sizes:
   16-31         198887  99% ==================================================
   large              2  <1% 
