Testing gjrand32
	0..4294967295 is range of generator
	414487 outputs to scan for duplicates [6.32456*sqrt(range)]
	20.0001 duplicates expected on average
	2.06097e-09 is probability of zero duplicates
	0xfdbe1741 is seed for this run
---
- Testing for repeats started...
  - Allocating memory started...
    - allocated hash table of reserved for 414487 elements
  - Allocating memory completed (0.00217511 seconds)
  - Checking PRNG output started...
    - repeat of 480304411 found, step 39880
    - repeat of 2994256893 found, step 95274
    - repeat of 2301880748 found, step 111470
    - repeat of 2364262680 found, step 183552
    - repeat of 520049565 found, step 216816
    - repeat of 825627983 found, step 239788
    - repeat of 2952557077 found, step 249421
    - repeat of 1480251799 found, step 253646
    - repeat of 1563210429 found, step 256418
    - repeat of 2878611025 found, step 265381
    - repeat of 3366599539 found, step 278101
    - repeat of 3264920420 found, step 288899
    - repeat of 4090285683 found, step 290449
    - repeat of 2322654786 found, step 291651
    - repeat of 4017845092 found, step 317622
    - repeat of 195324162 found, step 338346
    - repeat of 1199646945 found, step 351470
    - repeat of 3787378181 found, step 361254
    - repeat of 3215523062 found, step 373620
    - repeat of 2573405445 found, step 387438
    - repeat of 2181898846 found, step 404572
  - Checking PRNG output completed (0.110218 seconds)
- Testing for repeats completed (0.112418 seconds)
---
21 repeats, p-value = 1 - 0.35631

Memory usage summary: heap total: 10260056, heap peak: 10260056, stack peak: 5648
         total calls   total memory   failed calls
 malloc|     414468       10260056              0
realloc|          0              0              0  (nomove:0, dec:0, free:0)
 calloc|          0              0              0
   free|     414467       10187352
Histogram for block sizes:
   16-31         414466  99% ==================================================
   large              2  <1% 
