Testing xoroshiro64plus32
	0..4294967295 is range of generator
	414487 outputs to scan for duplicates [6.32456*sqrt(range)]
	20.0001 duplicates expected on average
	2.06097e-09 is probability of zero duplicates
	0xef2ecbcc is seed for this run
---
- Testing for repeats started...
  - Allocating memory started...
    - allocated bloomish filter with 32768 64-bit elements (3 bits/entry)
    - allocated possible-match log with 16384 32-bit elements
  - Allocating memory completed (1.7173e-05 seconds)
  - Phase 1, Gathering repeat candidates started...
    - 15475 repeat candidates found
  - Phase 1, Gathering repeat candidates completed (0.0109418 seconds)
  - Reallocating memory started...
    - Deallocated bloomish filter
    - Allocated hash table of the same size
  - Reallocating memory completed (0.000173461 seconds)
  - Phase 2, Storing candidates in hash table started...
  - Phase 2, Storing candidates in hash table completed (0.000284557 seconds)
  - Phase 3, Testing candidates started...
    - repeat of 603919313 found, step 96896
    - repeat of 1310690376 found, step 125270
    - repeat of 1385934315 found, step 200530
    - repeat of 1754212825 found, step 220975
    - repeat of 3145942946 found, step 238864
    - repeat of 1838053686 found, step 257636
    - repeat of 1259634303 found, step 284484
    - repeat of 2096509307 found, step 295306
    - repeat of 2323980397 found, step 302794
    - repeat of 3543798996 found, step 327567
    - repeat of 2709988417 found, step 330323
    - repeat of 1352341820 found, step 338926
    - repeat of 1268779858 found, step 346264
    - repeat of 2498046203 found, step 359935
    - repeat of 2953332690 found, step 372494
    - repeat of 3939623764 found, step 390578
    - repeat of 4211978137 found, step 413588
  - Phase 3, Testing candidates completed (0.0120771 seconds)
- Testing for repeats completed (0.0235481 seconds)
---
17 repeats, p-value = 0.297021

Memory usage summary: heap total: 564225, heap peak: 400384, stack peak: 5680
         total calls   total memory   failed calls
 malloc|          5         564225              0
realloc|          0              0              0  (nomove:0, dec:0, free:0)
 calloc|          0              0              0
   free|          4         491521
Histogram for block sizes:
32768-32783           1  20% ============
   large              4  80% ==================================================
