Testing xoroshiro64plus32
	0..4294967295 is range of generator
	414487 outputs to scan for duplicates [6.32456*sqrt(range)]
	20.0001 duplicates expected on average
	2.06097e-09 is probability of zero duplicates
	0x13da1cd8 is seed for this run
---
- Testing for repeats started...
  - Allocating memory started...
    - allocated 256 buckets of capacity 2023
    - allocated 256 bucket counters
  - Allocating memory completed (1.1142e-05 seconds)
  - Storing PRNG output started...
  - Storing PRNG output completed (0.00203561 seconds)
  - Sorting started...
  - Sorting completed (0.0207238 seconds)
  - Scanning for duplicates started...
    - repeat of 4067161900 found
    - repeat of 4017376558 found
    - repeat of 4216032046 found
    - repeat of 330111287 found
    - repeat of 4195900731 found
    - repeat of 3076198222 found
    - repeat of 2059456849 found
    - repeat of 3211725936 found
    - repeat of 3854968703 found
    - repeat of 3148144519 found
    - repeat of 2018570633 found
    - repeat of 2527320476 found
    - repeat of 3460336284 found
    - repeat of 1849211807 found
    - repeat of 337218994 found
    - repeat of 2164898999 found
    - repeat of 737539264 found
    - repeat of 1029513672 found
    - repeat of 1345426384 found
    - repeat of 670375649 found
    - repeat of 2525059300 found
    - repeat of 2065767659 found
  - Scanning for duplicates completed (0.000363123 seconds)
- Testing for repeats completed (0.023143 seconds)
---
22 repeats, p-value = 1 - 0.279396

Memory usage summary: heap total: 2145280, heap peak: 2145280, stack peak: 5616
         total calls   total memory   failed calls
 malloc|          3        2145280              0
realloc|          0              0              0  (nomove:0, dec:0, free:0)
 calloc|          0              0              0
   free|          0              0
Histogram for block sizes:
 1024-1039            1  33% =========================
   large              2  66% ==================================================
