Testing pcg32_fast
	0..4294967295 is range of generator
	198893 outputs to scan for duplicates [3.03485*sqrt(range)]
	4.60521 duplicates expected on average
	0.00999963 is probability of zero duplicates
	0x417d4f8 is seed for this run
---
- Testing for repeats started...
  - Allocating memory started...
    - allocated hash table of reserved for 198893 elements
  - Allocating memory completed (0.00144722 seconds)
  - Checking PRNG output started...
    - repeat of 318193464 found, step 12030
    - repeat of 3098247016 found, step 64958
    - repeat of 364750390 found, step 99280
    - repeat of 1466802754 found, step 123775
    - repeat of 209888342 found, step 176406
    - repeat of 2694770580 found, step 183099
  - Checking PRNG output completed (0.0447093 seconds)
- Testing for repeats completed (0.046176 seconds)
---
6 repeats, p-value = 1 - 0.18266

Memory usage summary: heap total: 4874168, heap peak: 4874168, stack peak: 5648
         total calls   total memory   failed calls
 malloc|     198889        4874168              0
realloc|          0              0              0  (nomove:0, dec:0, free:0)
 calloc|          0              0              0
   free|     198888        4801464
Histogram for block sizes:
   16-31         198887  99% ==================================================
   large              2  <1% 
