Testing xoroshiro64star32
	0..4294967295 is range of generator
	198893 outputs to scan for duplicates [3.03485*sqrt(range)]
	4.60521 duplicates expected on average
	0.00999963 is probability of zero duplicates
	0x7efe05e7 is seed for this run
---
- Testing for repeats started...
  - Allocating memory started...
    - allocated hash table of reserved for 198893 elements
  - Allocating memory completed (0.00144814 seconds)
  - Checking PRNG output started...
    - repeat of 2582173128 found, step 88804
    - repeat of 1265361929 found, step 115108
    - repeat of 1221566718 found, step 119283
    - repeat of 1706099669 found, step 156126
    - repeat of 1456722304 found, step 173377
    - repeat of 4156790244 found, step 184968
  - Checking PRNG output completed (0.0440116 seconds)
- Testing for repeats completed (0.0454765 seconds)
---
6 repeats, p-value = 1 - 0.18266

Memory usage summary: heap total: 4874168, heap peak: 4874168, stack peak: 5648
         total calls   total memory   failed calls
 malloc|     198889        4874168              0
realloc|          0              0              0  (nomove:0, dec:0, free:0)
 calloc|          0              0              0
   free|     198888        4801464
Histogram for block sizes:
   16-31         198887  99% ==================================================
   large              2  <1% 
