Testing pcg32_fast
	0..4294967295 is range of generator
	414487 outputs to scan for duplicates [6.32456*sqrt(range)]
	20.0001 duplicates expected on average
	2.06097e-09 is probability of zero duplicates
	0x3936405f is seed for this run
---
- Testing for repeats started...
  - Allocating memory started...
    - allocated 256 buckets of capacity 2023
    - allocated 256 bucket counters
  - Allocating memory completed (1.6168e-05 seconds)
  - Storing PRNG output started...
  - Storing PRNG output completed (0.00449914 seconds)
  - Sorting started...
  - Sorting completed (0.0355604 seconds)
  - Scanning for duplicates started...
    - repeat of 780760858 found
    - repeat of 1843937573 found
    - repeat of 2391270702 found
    - repeat of 353380 found
    - repeat of 3034978924 found
    - repeat of 1826111601 found
    - repeat of 597397112 found
    - repeat of 3578847864 found
    - repeat of 2557837440 found
    - repeat of 831670408 found
    - repeat of 98007698 found
    - repeat of 4005576610 found
    - repeat of 366672555 found
    - repeat of 1726507693 found
    - repeat of 503043247 found
    - repeat of 1835888317 found
    - repeat of 1121882055 found
    - repeat of 3542877897 found
    - repeat of 1412998604 found
    - repeat of 3578857689 found
    - repeat of 3863206636 found
    - repeat of 438340079 found
  - Scanning for duplicates completed (0.000889425 seconds)
- Testing for repeats completed (0.0409844 seconds)
---
22 repeats, p-value = 1 - 0.279396

Memory usage summary: heap total: 2145280, heap peak: 2145280, stack peak: 5616
         total calls   total memory   failed calls
 malloc|          3        2145280              0
realloc|          0              0              0  (nomove:0, dec:0, free:0)
 calloc|          0              0              0
   free|          0              0
Histogram for block sizes:
 1024-1039            1  33% =========================
   large              2  66% ==================================================
