Testing gjrand32
	0..4294967295 is range of generator
	414487 outputs to scan for duplicates [6.32456*sqrt(range)]
	20.0001 duplicates expected on average
	2.06097e-09 is probability of zero duplicates
	0xf335937d is seed for this run
---
- Testing for repeats started...
  - Allocating memory started...
    - allocated 256 buckets of capacity 2023
    - allocated 256 bucket counters
  - Allocating memory completed (2.02e-05 seconds)
  - Storing PRNG output started...
  - Storing PRNG output completed (0.00405552 seconds)
  - Sorting started...
  - Sorting completed (0.0367502 seconds)
  - Scanning for duplicates started...
    - repeat of 4203322896 found
    - repeat of 2950049842 found
    - repeat of 3233902671 found
    - repeat of 3363061591 found
    - repeat of 3861325655 found
    - repeat of 2856946275 found
    - repeat of 4060030821 found
    - repeat of 3231291006 found
    - repeat of 3197614222 found
    - repeat of 1961166752 found
    - repeat of 1218734753 found
    - repeat of 1846331813 found
    - repeat of 1335330236 found
    - repeat of 2539282917 found
    - repeat of 961566184 found
    - repeat of 500044277 found
    - repeat of 3106576635 found
  - Scanning for duplicates completed (0.000586367 seconds)
- Testing for repeats completed (0.041436 seconds)
---
17 repeats, p-value = 0.297021

Memory usage summary: heap total: 2145280, heap peak: 2145280, stack peak: 5616
         total calls   total memory   failed calls
 malloc|          3        2145280              0
realloc|          0              0              0  (nomove:0, dec:0, free:0)
 calloc|          0              0              0
   free|          0              0
Histogram for block sizes:
 1024-1039            1  33% =========================
   large              2  66% ==================================================
