Testing pcg32
	0..4294967295 is range of generator
	414487 outputs to scan for duplicates [6.32456*sqrt(range)]
	20.0001 duplicates expected on average
	2.06097e-09 is probability of zero duplicates
	0x766f3c9a is seed for this run
---
- Testing for repeats started...
  - Allocating memory started...
    - allocated array of size 414487.
  - Allocating memory completed (9.08e-06 seconds)
  - Storing PRNG output started...
  - Storing PRNG output completed (0.002809 seconds)
  - Sorting started...
  - Sorting completed (0.0575491 seconds)
  - Scanning for duplicates started...
    - repeat of 482930934 found
    - repeat of 538607397 found
    - repeat of 762561239 found
    - repeat of 853279287 found
    - repeat of 879612479 found
    - repeat of 1259594813 found
    - repeat of 1519397353 found
    - repeat of 1897800970 found
    - repeat of 1911789281 found
    - repeat of 2097834591 found
    - repeat of 2568888138 found
    - repeat of 2767630163 found
    - repeat of 3007287480 found
    - repeat of 3255769258 found
    - repeat of 3329348090 found
    - repeat of 3389231118 found
    - repeat of 3534170742 found
    - repeat of 3725673959 found
    - repeat of 3772819582 found
    - repeat of 3963161608 found
  - Scanning for duplicates completed (0.00050033 seconds)
- Testing for repeats completed (0.060889 seconds)
---
20 repeats, p-value = 1 - 0.440915

Memory usage summary: heap total: 1730652, heap peak: 1730652, stack peak: 5568
         total calls   total memory   failed calls
 malloc|          2        1730652              0
realloc|          0              0              0  (nomove:0, dec:0, free:0)
 calloc|          0              0              0
   free|          0              0
Histogram for block sizes:
   large              2 100% ==================================================
