Testing gjrand32
	0..4294967295 is range of generator
	198893 outputs to scan for duplicates [3.03485*sqrt(range)]
	4.60521 duplicates expected on average
	0.00999963 is probability of zero duplicates
	0x515b6afc is seed for this run
---
- Testing for repeats started...
  - Allocating memory started...
    - allocated hash table of reserved for 198893 elements
  - Allocating memory completed (0.00121144 seconds)
  - Checking PRNG output started...
    - repeat of 3894710822 found, step 48667
    - repeat of 3549656348 found, step 66985
    - repeat of 2937510995 found, step 118640
    - repeat of 1369982291 found, step 119974
    - repeat of 1266506647 found, step 126546
    - repeat of 568666198 found, step 158524
    - repeat of 946626570 found, step 182169
    - repeat of 535527336 found, step 192639
    - repeat of 1307758797 found, step 194690
  - Checking PRNG output completed (0.0456803 seconds)
- Testing for repeats completed (0.0469106 seconds)
---
9 repeats, p-value = 1 - 0.0196605

Memory usage summary: heap total: 4874120, heap peak: 4874120, stack peak: 5648
         total calls   total memory   failed calls
 malloc|     198886        4874120              0
realloc|          0              0              0  (nomove:0, dec:0, free:0)
 calloc|          0              0              0
   free|     198885        4801416
Histogram for block sizes:
   16-31         198884  99% ==================================================
   large              2  <1% 
