- bump_allocator_static< std::__detail::_Hash_node<unsigned int, false> > (item size = 16) at 0x6042d0 created!
- bump_allocator_static< std::__detail::_Hash_node_base* > (item size = 8) at 0x604310 created!
- mempool at 0x604298 allocated new chunk at 0x7fc286435020
- mempool at 0x604298 deallocated chunk at 0x7fc286435020
Testing pcg32_fast
	0..4294967295 is range of generator
	414487 outputs to scan for duplicates [6.32456*sqrt(range)]
	20.0001 duplicates expected on average
	2.06097e-09 is probability of zero duplicates
	0x20f0df9f is seed for this run
---
- Testing for repeats started...
  - Allocating memory started...
    - allocated hash table of reserved for 414487 elements
  - Allocating memory completed (0.00168784 seconds)
  - Checking PRNG output started...
    - repeat of 2557374881 found, step 99388
    - repeat of 2237083439 found, step 179358
    - repeat of 909009639 found, step 183250
    - repeat of 2133733999 found, step 183506
    - repeat of 2289569563 found, step 194308
    - repeat of 2804878897 found, step 209040
    - repeat of 1528606517 found, step 212549
    - repeat of 1051911807 found, step 239838
    - repeat of 844734826 found, step 271303
    - repeat of 2907763556 found, step 273536
    - repeat of 3982367915 found, step 280197
    - repeat of 1160665965 found, step 290862
    - repeat of 1207367607 found, step 295652
    - repeat of 2582575595 found, step 310155
    - repeat of 784329792 found, step 330486
    - repeat of 2454029524 found, step 348563
    - repeat of 2673377248 found, step 380923
    - repeat of 1859376634 found, step 385876
    - repeat of 993650838 found, step 386523
    - repeat of 1862426203 found, step 406260
  - Checking PRNG output completed (0.035764 seconds)
- Testing for repeats completed (0.0374635 seconds)
---
20 repeats, p-value = 1 - 0.440915
- bump_allocator_static< std::__detail::_Hash_node_base* > at 0x604310 destroyed!
 - total_allocations_  = 1
 - active_allocations_ = 0
 - high_allocations_   = 1
 - total_mem_  = 3555896
 - active_mem_ = 0
 - high_mem_   = 3555896
- bump_allocator_static< std::__detail::_Hash_node<unsigned int, false> > at 0x6042d0 destroyed!
 - total_allocations_  = 414467
 - active_allocations_ = 0
 - high_allocations_   = 414467
 - total_mem_  = 6631472
 - active_mem_ = 0
 - high_mem_   = 6631472

Memory usage summary: heap total: 1073815760, heap peak: 1073815568, stack peak: 2816
         total calls   total memory   failed calls
 malloc|          5     1073815568              0
realloc|          4            192              0  (nomove:0, dec:0, free:0)
 calloc|          0              0              0
   free|          6     1073742032
Histogram for block sizes:
   16-31              1  11% =========================
   32-47              2  22% ==================================================
   64-79              2  22% ==================================================
  512-527             2  22% ==================================================
   large              2  22% ==================================================
