Testing xorshift64star32a
	0..4294967295 is range of generator
	414487 outputs to scan for duplicates [6.32456*sqrt(range)]
	19.9994 duplicates expected on average
	2.06239e-09 is probability of zero duplicates
	0x1749d9fe is seed for this run
---
- Testing for repeats started...
  - Allocating memory started...
    - allocated array of size 414487.
  - Allocating memory completed (8.724e-06 seconds)
  - Storing PRNG output started...
  - Storing PRNG output completed (0.00320357 seconds)
  - Sorting started...
  - Sorting completed (0.0401655 seconds)
  - Scanning for duplicates started...
    - repeat of 42511809 found
    - repeat of 536048395 found
    - repeat of 716506569 found
    - repeat of 741213638 found
    - repeat of 763288293 found
    - repeat of 941265977 found
    - repeat of 1185996310 found
    - repeat of 1283071833 found
    - repeat of 1451451691 found
    - repeat of 1847272016 found
    - repeat of 1986270763 found
    - repeat of 2127252297 found
    - repeat of 2151681811 found
    - repeat of 2835661419 found
    - repeat of 2848462567 found
    - repeat of 2974252092 found
    - repeat of 3293839757 found
    - repeat of 3347199979 found
    - repeat of 3805741524 found
    - repeat of 3950278521 found
    - repeat of 4042102405 found
    - repeat of 4053694484 found
  - Scanning for duplicates completed (0.000400938 seconds)
- Testing for repeats completed (0.0437992 seconds)
---
22 repeats, p-value = 1 - 0.279342

Memory usage summary: heap total: 1730652, heap peak: 1730652, stack peak: 5568
         total calls   total memory   failed calls
 malloc|          2        1730652              0
realloc|          0              0              0  (nomove:0, dec:0, free:0)
 calloc|          0              0              0
   free|          0              0
Histogram for block sizes:
   large              2 100% ==================================================
