Testing pcg32
	0..4294967295 is range of generator
	414487 outputs to scan for duplicates [6.32456*sqrt(range)]
	20.0001 duplicates expected on average
	2.06097e-09 is probability of zero duplicates
	0xe3b2b3cd is seed for this run
---
- Testing for repeats started...
  - Allocating memory started...
    - allocated hash table of reserved for 414487 elements
  - Allocating memory completed (0.00271186 seconds)
  - Checking PRNG output started...
    - repeat of 2918454270 found, step 26450
    - repeat of 837479091 found, step 79393
    - repeat of 12010022 found, step 105441
    - repeat of 2033166389 found, step 122033
    - repeat of 1590271780 found, step 142027
    - repeat of 3199779891 found, step 181111
    - repeat of 3098058520 found, step 189489
    - repeat of 1744956489 found, step 232874
    - repeat of 3604433290 found, step 282038
    - repeat of 2065232375 found, step 290624
    - repeat of 2911152893 found, step 293984
    - repeat of 2338403529 found, step 303906
    - repeat of 1079775120 found, step 324480
    - repeat of 2800023260 found, step 403573
    - repeat of 1487706786 found, step 403656
    - repeat of 1763998251 found, step 407728
  - Checking PRNG output completed (0.135313 seconds)
- Testing for repeats completed (0.13804 seconds)
---
16 repeats, p-value = 0.221068

Memory usage summary: heap total: 10260136, heap peak: 10260136, stack peak: 5648
         total calls   total memory   failed calls
 malloc|     414473       10260136              0
realloc|          0              0              0  (nomove:0, dec:0, free:0)
 calloc|          0              0              0
   free|     414472       10187432
Histogram for block sizes:
   16-31         414471  99% ==================================================
   large              2  <1% 
