Testing xorshift64star32a
	0..4294967295 is range of generator
	414487 outputs to scan for duplicates [6.32456*sqrt(range)]
	19.9994 duplicates expected on average
	2.06239e-09 is probability of zero duplicates
	0xf7edaa26 is seed for this run
---
- Testing for repeats started...
  - Allocating memory started...
    - allocated 256 buckets of capacity 2023
    - allocated 256 bucket counters
  - Allocating memory completed (1.5883e-05 seconds)
  - Storing PRNG output started...
  - Storing PRNG output completed (0.00358177 seconds)
  - Sorting started...
  - Sorting completed (0.0371458 seconds)
  - Scanning for duplicates started...
    - repeat of 3733113373 found
    - repeat of 2571670819 found
    - repeat of 2243039270 found
    - repeat of 3988187686 found
    - repeat of 2416578863 found
    - repeat of 4112279097 found
    - repeat of 3824777274 found
    - repeat of 1125017662 found
    - repeat of 2660861012 found
    - repeat of 4025030755 found
    - repeat of 2919239785 found
    - repeat of 3804680298 found
    - repeat of 3027170411 found
    - repeat of 4228098947 found
    - repeat of 4191559055 found
    - repeat of 3999966622 found
    - repeat of 52415956 found
    - repeat of 908337881 found
    - repeat of 2611581935 found
    - repeat of 3179326454 found
    - repeat of 3435381750 found
    - repeat of 4122263799 found
  - Scanning for duplicates completed (0.000571765 seconds)
- Testing for repeats completed (0.0413286 seconds)
---
22 repeats, p-value = 1 - 0.279342

Memory usage summary: heap total: 2145280, heap peak: 2145280, stack peak: 5616
         total calls   total memory   failed calls
 malloc|          3        2145280              0
realloc|          0              0              0  (nomove:0, dec:0, free:0)
 calloc|          0              0              0
   free|          0              0
Histogram for block sizes:
 1024-1039            1  33% =========================
   large              2  66% ==================================================
