Testing xoroshiro64starstar32
	0..4294967295 is range of generator
	414487 outputs to scan for duplicates [6.32456*sqrt(range)]
	20.0001 duplicates expected on average
	2.06097e-09 is probability of zero duplicates
	0xc5eb0bf1 is seed for this run
---
- Testing for repeats started...
  - Allocating memory started...
    - allocated array of size 414487.
  - Allocating memory completed (7.052e-06 seconds)
  - Storing PRNG output started...
  - Storing PRNG output completed (0.0025397 seconds)
  - Sorting started...
  - Sorting completed (0.0493726 seconds)
  - Scanning for duplicates started...
    - repeat of 901411980 found
    - repeat of 1028470462 found
    - repeat of 1125455855 found
    - repeat of 1279568583 found
    - repeat of 1422141695 found
    - repeat of 1704641728 found
    - repeat of 1713486061 found
    - repeat of 1744880810 found
    - repeat of 1926172586 found
    - repeat of 2178663776 found
    - repeat of 2283763275 found
    - repeat of 2380349813 found
    - repeat of 2758540552 found
    - repeat of 2823262783 found
    - repeat of 2913590633 found
    - repeat of 3125112384 found
    - repeat of 3330018402 found
    - repeat of 3436791326 found
    - repeat of 3644664000 found
    - repeat of 3717968921 found
    - repeat of 3799427065 found
    - repeat of 3811126785 found
  - Scanning for duplicates completed (0.000444479 seconds)
- Testing for repeats completed (0.0523842 seconds)
---
22 repeats, p-value = 1 - 0.279396

Memory usage summary: heap total: 1730652, heap peak: 1730652, stack peak: 5568
         total calls   total memory   failed calls
 malloc|          2        1730652              0
realloc|          0              0              0  (nomove:0, dec:0, free:0)
 calloc|          0              0              0
   free|          0              0
Histogram for block sizes:
   large              2 100% ==================================================
