Testing sfc32
	0..4294967295 is range of generator
	414487 outputs to scan for duplicates [6.32456*sqrt(range)]
	20.0001 duplicates expected on average
	2.06097e-09 is probability of zero duplicates
	0x1c02b3ad is seed for this run
---
- Testing for repeats started...
  - Allocating memory started...
    - allocated hash table of reserved for 414487 elements
  - Allocating memory completed (0.00148653 seconds)
  - Checking PRNG output started...
    - repeat of 1318086976 found, step 62923
    - repeat of 3776377582 found, step 125937
    - repeat of 1041693432 found, step 129895
    - repeat of 160190936 found, step 177202
    - repeat of 1254508530 found, step 178477
    - repeat of 3488893030 found, step 197554
    - repeat of 4267274868 found, step 237680
    - repeat of 1348383290 found, step 250367
    - repeat of 3047545348 found, step 252278
    - repeat of 3801393414 found, step 256039
    - repeat of 2267684637 found, step 261286
    - repeat of 2925479753 found, step 262935
    - repeat of 440044845 found, step 271758
    - repeat of 2380794375 found, step 296684
    - repeat of 2247789230 found, step 300977
    - repeat of 1196547020 found, step 306771
    - repeat of 2472666633 found, step 341203
    - repeat of 3310751530 found, step 343471
    - repeat of 1552670145 found, step 346534
    - repeat of 354389617 found, step 356720
    - repeat of 1155655161 found, step 359935
    - repeat of 3804940641 found, step 360663
    - repeat of 311635422 found, step 366774
    - repeat of 1400331080 found, step 389058
    - repeat of 1501686559 found, step 399602
    - repeat of 588565508 found, step 400927
    - repeat of 1680890078 found, step 403698
    - repeat of 2777844152 found, step 410083
    - repeat of 3964460903 found, step 412268
  - Checking PRNG output completed (0.0891893 seconds)
- Testing for repeats completed (0.0906941 seconds)
---
29 repeats, p-value = 1 - 0.0218194

Memory usage summary: heap total: 10259928, heap peak: 10259928, stack peak: 5648
         total calls   total memory   failed calls
 malloc|     414460       10259928              0
realloc|          0              0              0  (nomove:0, dec:0, free:0)
 calloc|          0              0              0
   free|     414459       10187224
Histogram for block sizes:
   16-31         414458  99% ==================================================
   large              2  <1% 
