Testing xoroshiro64starstar32
	0..4294967295 is range of generator
	414487 outputs to scan for duplicates [6.32456*sqrt(range)]
	20.0001 duplicates expected on average
	2.06097e-09 is probability of zero duplicates
	0x993fa26 is seed for this run
---
- Testing for repeats started...
  - Allocating memory started...
    - allocated bloomish filter with 32768 64-bit elements (3 bits/entry)
    - allocated possible-match log with 16384 32-bit elements
  - Allocating memory completed (1.7593e-05 seconds)
  - Phase 1, Gathering repeat candidates started...
    - 15344 repeat candidates found
  - Phase 1, Gathering repeat candidates completed (0.0109424 seconds)
  - Reallocating memory started...
    - Deallocated bloomish filter
    - Allocated hash table of the same size
  - Reallocating memory completed (0.000142924 seconds)
  - Phase 2, Storing candidates in hash table started...
  - Phase 2, Storing candidates in hash table completed (0.000261094 seconds)
  - Phase 3, Testing candidates started...
    - repeat of 1307320154 found, step 32178
    - repeat of 4280077778 found, step 95933
    - repeat of 2385443819 found, step 123946
    - repeat of 1745843888 found, step 164883
    - repeat of 3762523018 found, step 204471
    - repeat of 3217090745 found, step 231717
    - repeat of 1396318448 found, step 252498
    - repeat of 912549904 found, step 275543
    - repeat of 1422607337 found, step 279689
    - repeat of 3938602027 found, step 294893
    - repeat of 2531387308 found, step 304923
    - repeat of 2658415695 found, step 308599
    - repeat of 797914947 found, step 327939
    - repeat of 2838698623 found, step 354439
    - repeat of 3227622113 found, step 354867
    - repeat of 1138348490 found, step 360633
    - repeat of 422637001 found, step 373078
    - repeat of 4239057255 found, step 377194
    - repeat of 1357537386 found, step 386738
    - repeat of 167987672 found, step 392770
    - repeat of 4177107348 found, step 392939
    - repeat of 1321922139 found, step 401948
  - Phase 3, Testing candidates completed (0.0132474 seconds)
- Testing for repeats completed (0.0246467 seconds)
---
22 repeats, p-value = 1 - 0.279396

Memory usage summary: heap total: 564225, heap peak: 400384, stack peak: 5680
         total calls   total memory   failed calls
 malloc|          5         564225              0
realloc|          0              0              0  (nomove:0, dec:0, free:0)
 calloc|          0              0              0
   free|          4         491521
Histogram for block sizes:
32768-32783           1  20% ============
   large              4  80% ==================================================
