Testing xoroshiro64starstar32
	0..4294967295 is range of generator
	198893 outputs to scan for duplicates [3.03485*sqrt(range)]
	4.60521 duplicates expected on average
	0.00999963 is probability of zero duplicates
	0x579173e9 is seed for this run
---
- Testing for repeats started...
  - Allocating memory started...
    - allocated hash table of reserved for 198893 elements
  - Allocating memory completed (0.00128627 seconds)
  - Checking PRNG output started...
    - repeat of 830672907 found, step 59591
    - repeat of 3856300637 found, step 120702
    - repeat of 343972537 found, step 141121
    - repeat of 2802490652 found, step 149721
    - repeat of 2000288354 found, step 158604
    - repeat of 4148585649 found, step 166197
  - Checking PRNG output completed (0.0644531 seconds)
- Testing for repeats completed (0.0657633 seconds)
---
6 repeats, p-value = 1 - 0.18266

Memory usage summary: heap total: 4874168, heap peak: 4874168, stack peak: 5648
         total calls   total memory   failed calls
 malloc|     198889        4874168              0
realloc|          0              0              0  (nomove:0, dec:0, free:0)
 calloc|          0              0              0
   free|     198888        4801464
Histogram for block sizes:
   16-31         198887  99% ==================================================
   large              2  <1% 
