Testing xorshift64star32a
	0..4294967295 is range of generator
	414487 outputs to scan for duplicates [6.32456*sqrt(range)]
	19.9994 duplicates expected on average
	2.06239e-09 is probability of zero duplicates
	0xe1d33ede is seed for this run
---
- Testing for repeats started...
  - Allocating memory started...
    - allocated array of size 414487.
  - Allocating memory completed (5.842e-06 seconds)
  - Storing PRNG output started...
  - Storing PRNG output completed (0.00218337 seconds)
  - Sorting started...
  - Sorting completed (0.0601202 seconds)
  - Scanning for duplicates started...
    - repeat of 113677752 found
    - repeat of 272136261 found
    - repeat of 350261334 found
    - repeat of 475051281 found
    - repeat of 575560285 found
    - repeat of 1242028484 found
    - repeat of 1285127548 found
    - repeat of 1777338101 found
    - repeat of 2109767265 found
    - repeat of 2202781464 found
    - repeat of 2216068333 found
    - repeat of 2638856809 found
    - repeat of 3232069445 found
    - repeat of 3627141056 found
    - repeat of 3639696698 found
    - repeat of 3755685801 found
    - repeat of 3917132481 found
    - repeat of 4018888943 found
    - repeat of 4044119821 found
  - Scanning for duplicates completed (0.000499373 seconds)
- Testing for repeats completed (0.062829 seconds)
---
19 repeats, p-value = 0.470311

Memory usage summary: heap total: 1730652, heap peak: 1730652, stack peak: 5568
         total calls   total memory   failed calls
 malloc|          2        1730652              0
realloc|          0              0              0  (nomove:0, dec:0, free:0)
 calloc|          0              0              0
   free|          0              0
Histogram for block sizes:
   large              2 100% ==================================================
