Testing gjrand32
	0..4294967295 is range of generator
	414487 outputs to scan for duplicates [6.32456*sqrt(range)]
	20.0001 duplicates expected on average
	2.06097e-09 is probability of zero duplicates
	0x56fd129c is seed for this run
---
- Testing for repeats started...
  - Allocating memory started...
    - allocated hash table of reserved for 414487 elements
  - Allocating memory completed (0.00255414 seconds)
  - Checking PRNG output started...
    - repeat of 3877429845 found, step 75636
    - repeat of 2248999865 found, step 110644
    - repeat of 1105785954 found, step 115638
    - repeat of 2430455906 found, step 128289
    - repeat of 2684817929 found, step 129396
    - repeat of 1445727650 found, step 134002
    - repeat of 1598180729 found, step 141372
    - repeat of 3061152444 found, step 144298
    - repeat of 411843246 found, step 144845
    - repeat of 3240383866 found, step 194376
    - repeat of 3502558659 found, step 201968
    - repeat of 2043635981 found, step 207660
    - repeat of 883405132 found, step 266524
    - repeat of 117223664 found, step 288770
    - repeat of 2309640489 found, step 313688
    - repeat of 621228445 found, step 328018
    - repeat of 3976167472 found, step 348646
    - repeat of 2915900178 found, step 395474
    - repeat of 4127758399 found, step 407941
    - repeat of 2632709520 found, step 414139
  - Checking PRNG output completed (0.0955705 seconds)
- Testing for repeats completed (0.0981419 seconds)
---
20 repeats, p-value = 1 - 0.440915

Memory usage summary: heap total: 10260072, heap peak: 10260072, stack peak: 5648
         total calls   total memory   failed calls
 malloc|     414469       10260072              0
realloc|          0              0              0  (nomove:0, dec:0, free:0)
 calloc|          0              0              0
   free|     414468       10187368
Histogram for block sizes:
   16-31         414467  99% ==================================================
   large              2  <1% 
