Testing xorshift64star32a
	0..4294967295 is range of generator
	414487 outputs to scan for duplicates [6.32456*sqrt(range)]
	19.9994 duplicates expected on average
	2.06239e-09 is probability of zero duplicates
	0x694e8228 is seed for this run
---
- Testing for repeats started...
  - Allocating memory started...
    - allocated array of size 414487.
  - Allocating memory completed (9.03e-06 seconds)
  - Storing PRNG output started...
  - Storing PRNG output completed (0.00320876 seconds)
  - Sorting started...
  - Sorting completed (0.059797 seconds)
  - Scanning for duplicates started...
    - repeat of 105910994 found
    - repeat of 231624867 found
    - repeat of 317276755 found
    - repeat of 447099976 found
    - repeat of 1124840083 found
    - repeat of 1153546260 found
    - repeat of 1662422510 found
    - repeat of 1666589950 found
    - repeat of 1994056772 found
    - repeat of 2154749705 found
    - repeat of 2255916035 found
    - repeat of 2259811035 found
    - repeat of 2271202120 found
    - repeat of 2471452309 found
    - repeat of 3029764190 found
    - repeat of 3128104844 found
    - repeat of 3133017255 found
    - repeat of 3946201970 found
    - repeat of 4265857722 found
  - Scanning for duplicates completed (0.00049784 seconds)
- Testing for repeats completed (0.0635322 seconds)
---
19 repeats, p-value = 0.470311

Memory usage summary: heap total: 1730652, heap peak: 1730652, stack peak: 5568
         total calls   total memory   failed calls
 malloc|          2        1730652              0
realloc|          0              0              0  (nomove:0, dec:0, free:0)
 calloc|          0              0              0
   free|          0              0
Histogram for block sizes:
   large              2 100% ==================================================
