Testing xorshift64star32a
	0..4294967295 is range of generator
	414487 outputs to scan for duplicates [6.32456*sqrt(range)]
	19.9994 duplicates expected on average
	2.06239e-09 is probability of zero duplicates
	0x87dc36d6 is seed for this run
---
- Testing for repeats started...
  - Allocating memory started...
    - allocated array of size 414487.
  - Allocating memory completed (7.833e-06 seconds)
  - Storing PRNG output started...
  - Storing PRNG output completed (0.00252654 seconds)
  - Sorting started...
  - Sorting completed (0.0504266 seconds)
  - Scanning for duplicates started...
    - repeat of 8186140 found
    - repeat of 129190041 found
    - repeat of 150414302 found
    - repeat of 459876938 found
    - repeat of 1081664170 found
    - repeat of 1247737442 found
    - repeat of 1734199619 found
    - repeat of 1833586230 found
    - repeat of 1887703850 found
    - repeat of 2797627478 found
    - repeat of 2930457058 found
    - repeat of 3154266252 found
    - repeat of 3262038151 found
    - repeat of 3637732749 found
    - repeat of 3679131767 found
    - repeat of 3801805973 found
    - repeat of 3993077034 found
    - repeat of 4059945338 found
  - Scanning for duplicates completed (0.000442002 seconds)
- Testing for repeats completed (0.0534229 seconds)
---
18 repeats, p-value = 0.381473

Memory usage summary: heap total: 1730652, heap peak: 1730652, stack peak: 5568
         total calls   total memory   failed calls
 malloc|          2        1730652              0
realloc|          0              0              0  (nomove:0, dec:0, free:0)
 calloc|          0              0              0
   free|          0              0
Histogram for block sizes:
   large              2 100% ==================================================
