Testing std::mt19937
	0..4294967295 is range of generator
	414487 outputs to scan for duplicates [6.32456*sqrt(range)]
	20.0001 duplicates expected on average
	2.06097e-09 is probability of zero duplicates
	0x5d51ea32 is seed for this run
---
- Testing for repeats started...
  - Allocating memory started...
    - allocated hash table of reserved for 414487 elements
  - Allocating memory completed (0.00193967 seconds)
  - Checking PRNG output started...
    - repeat of 262505512 found, step 164864
    - repeat of 896202698 found, step 214197
    - repeat of 4187237506 found, step 236475
    - repeat of 2755427795 found, step 279512
    - repeat of 3964581487 found, step 299679
    - repeat of 2804315024 found, step 326630
    - repeat of 4156400006 found, step 379190
    - repeat of 2446318398 found, step 390645
    - repeat of 587373159 found, step 399227
    - repeat of 3372865859 found, step 404359
  - Checking PRNG output completed (0.120063 seconds)
- Testing for repeats completed (0.122029 seconds)
---
10 repeats, p-value = 0.0108112

Memory usage summary: heap total: 10260232, heap peak: 10260232, stack peak: 10608
         total calls   total memory   failed calls
 malloc|     414479       10260232              0
realloc|          0              0              0  (nomove:0, dec:0, free:0)
 calloc|          0              0              0
   free|     414478       10187528
Histogram for block sizes:
   16-31         414477  99% ==================================================
   large              2  <1% 
