Testing sfc32
	0..4294967295 is range of generator
	414487 outputs to scan for duplicates [6.32456*sqrt(range)]
	20.0001 duplicates expected on average
	2.06097e-09 is probability of zero duplicates
	0x5ea8479b is seed for this run
---
- Testing for repeats started...
  - Allocating memory started...
    - allocated 256 buckets of capacity 2023
    - allocated 256 bucket counters
  - Allocating memory completed (1.79e-05 seconds)
  - Storing PRNG output started...
  - Storing PRNG output completed (0.00347913 seconds)
  - Sorting started...
  - Sorting completed (0.0377391 seconds)
  - Scanning for duplicates started...
    - repeat of 4059513601 found
    - repeat of 1415714564 found
    - repeat of 1333214469 found
    - repeat of 3155616518 found
    - repeat of 3876757053 found
    - repeat of 3189710667 found
    - repeat of 2104162894 found
    - repeat of 3103160656 found
    - repeat of 763236183 found
    - repeat of 1831525991 found
    - repeat of 2380562028 found
    - repeat of 2527764363 found
    - repeat of 1604193932 found
    - repeat of 613563806 found
    - repeat of 2869005220 found
    - repeat of 2678132389 found
    - repeat of 508744387 found
    - repeat of 170639066 found
    - repeat of 3875649518 found
    - repeat of 802284278 found
  - Scanning for duplicates completed (0.000629227 seconds)
- Testing for repeats completed (0.0418866 seconds)
---
20 repeats, p-value = 1 - 0.440915

Memory usage summary: heap total: 2145280, heap peak: 2145280, stack peak: 5616
         total calls   total memory   failed calls
 malloc|          3        2145280              0
realloc|          0              0              0  (nomove:0, dec:0, free:0)
 calloc|          0              0              0
   free|          0              0
Histogram for block sizes:
 1024-1039            1  33% =========================
   large              2  66% ==================================================
