Testing pcg32_fast
	0..4294967295 is range of generator
	414487 outputs to scan for duplicates [6.32456*sqrt(range)]
	20.0001 duplicates expected on average
	2.06097e-09 is probability of zero duplicates
	0xee26c38 is seed for this run
---
- Testing for repeats started...
  - Allocating memory started...
    - allocated hash table of reserved for 414487 elements
  - Allocating memory completed (0.00155731 seconds)
  - Checking PRNG output started...
    - repeat of 4165868152 found, step 101863
    - repeat of 3754153153 found, step 142355
    - repeat of 3654972006 found, step 188732
    - repeat of 2615782145 found, step 197881
    - repeat of 2478143020 found, step 198866
    - repeat of 2068615133 found, step 210973
    - repeat of 3794857235 found, step 228012
    - repeat of 977911171 found, step 234445
    - repeat of 654676029 found, step 240708
    - repeat of 1435096515 found, step 246914
    - repeat of 2638344714 found, step 262709
    - repeat of 4148813252 found, step 262858
    - repeat of 516198676 found, step 266765
    - repeat of 2133459816 found, step 311141
    - repeat of 463360067 found, step 320838
    - repeat of 3667321012 found, step 329787
    - repeat of 2951671175 found, step 332907
    - repeat of 1473379822 found, step 334603
    - repeat of 1380760557 found, step 379902
    - repeat of 1061423020 found, step 395367
    - repeat of 1757148091 found, step 398154
    - repeat of 185717941 found, step 406347
  - Checking PRNG output completed (0.0980507 seconds)
- Testing for repeats completed (0.0996238 seconds)
---
22 repeats, p-value = 1 - 0.279396

Memory usage summary: heap total: 10260040, heap peak: 10260040, stack peak: 5648
         total calls   total memory   failed calls
 malloc|     414467       10260040              0
realloc|          0              0              0  (nomove:0, dec:0, free:0)
 calloc|          0              0              0
   free|     414466       10187336
Histogram for block sizes:
   16-31         414465  99% ==================================================
   large              2  <1% 
