Testing xoroshiro128plus64
	0..18446744073709551615 is range of generator
	13034599790 outputs to scan for duplicates [3.03485*sqrt(range)]
	4.60517 duplicates expected on average
	0.01 is probability of zero duplicates
	0xf394d8f9 is seed for this run
---
- Testing for repeats started...
  - Allocating memory started...
    - allocated bloomish filter with 1073741824 64-bit elements (3 bits/entry)
    - allocated possible-match log with 536870912 64-bit elements
  - Allocating memory completed (3.0583e-05 seconds)
  - Phase 1, Gathering repeat candidates started...
    - 362422078 repeat candidates found
  - Phase 1, Gathering repeat candidates completed (740.532 seconds)
  - Reallocating memory started...
    - Deallocated bloomish filter
    - Allocated hash table of the same size
  - Reallocating memory completed (3.41371 seconds)
  - Phase 2, Storing candidates in hash table started...
  - Phase 2, Storing candidates in hash table completed (10.5526 seconds)
  - Phase 3, Testing candidates started...
    - repeat of 10969632183310077932 found, step 6268764488
    - repeat of 8795883353327715831 found, step 10924700063
  - Phase 3, Testing candidates completed (484.587 seconds)
- Testing for repeats completed (1239.09 seconds)
---
2 repeats, p-value = 0.16209

Memory usage summary: heap total: 22548651009, heap peak: 13958716417, stack peak: 5680
         total calls   total memory   failed calls
 malloc|          5    22548651009              0
realloc|          0              0              0  (nomove:0, dec:0, free:0)
 calloc|          0              0              0
   free|          4    22548578305
Histogram for block sizes:
   large              5 100% ==================================================
