Testing pcg32_fast
	0..4294967295 is range of generator
	414487 outputs to scan for duplicates [6.32456*sqrt(range)]
	20.0001 duplicates expected on average
	2.06097e-09 is probability of zero duplicates
	0xb42c7993 is seed for this run
---
- Testing for repeats started...
  - Allocating memory started...
    - allocated bloomish filter with 32768 64-bit elements (3 bits/entry)
    - allocated possible-match log with 16384 32-bit elements
  - Allocating memory completed (1.5247e-05 seconds)
  - Phase 1, Gathering repeat candidates started...
    - 15391 repeat candidates found
  - Phase 1, Gathering repeat candidates completed (0.0111205 seconds)
  - Reallocating memory started...
    - Deallocated bloomish filter
    - Allocated hash table of the same size
  - Reallocating memory completed (0.000149084 seconds)
  - Phase 2, Storing candidates in hash table started...
  - Phase 2, Storing candidates in hash table completed (0.000266971 seconds)
  - Phase 3, Testing candidates started...
    - repeat of 1544258009 found, step 32860
    - repeat of 4086597806 found, step 60973
    - repeat of 3111321830 found, step 177629
    - repeat of 2024363923 found, step 181366
    - repeat of 3914675882 found, step 207656
    - repeat of 3454715867 found, step 217992
    - repeat of 3182845982 found, step 229947
    - repeat of 2961846328 found, step 270016
    - repeat of 3747551390 found, step 335228
    - repeat of 1273054377 found, step 339012
    - repeat of 1959202663 found, step 358879
    - repeat of 182303028 found, step 359833
    - repeat of 3126487822 found, step 361421
    - repeat of 3072472352 found, step 384412
    - repeat of 2029923678 found, step 396877
    - repeat of 271486495 found, step 407569
  - Phase 3, Testing candidates completed (0.0124526 seconds)
- Testing for repeats completed (0.024033 seconds)
---
16 repeats, p-value = 0.221068

Memory usage summary: heap total: 564225, heap peak: 400384, stack peak: 5664
         total calls   total memory   failed calls
 malloc|          5         564225              0
realloc|          0              0              0  (nomove:0, dec:0, free:0)
 calloc|          0              0              0
   free|          4         491521
Histogram for block sizes:
32768-32783           1  20% ============
   large              4  80% ==================================================
