- bump_allocator_static< std::__detail::_Hash_node<unsigned long, false> > (item size = 16) at 0x6042f0 created!
- bump_allocator_static< std::__detail::_Hash_node_base* > (item size = 8) at 0x604330 created!
- mempool at 0x6042b8 allocated new chunk at 0x7f0212136020
- mempool at 0x6042b8: large alloc 274877906696 bytes at 0x7ec212136020.
- mempool at 0x6042b8 allocated new chunk at 0x7ec1d2135020
- mempool at 0x6042b8 allocated new chunk at 0x7ec192134020
- mempool at 0x6042b8 allocated new chunk at 0x7ec152133020
- mempool at 0x6042b8 allocated new chunk at 0x7ec112132020
- mempool at 0x6042b8 allocated new chunk at 0x7ec0d2131020
- mempool at 0x6042b8 allocated new chunk at 0x7ec092130020
- mempool at 0x6042b8 allocated new chunk at 0x7ec05212f020
- mempool at 0x6042b8 allocated new chunk at 0x7ec01212e020
- mempool at 0x6042b8 allocated new chunk at 0x7ebfd212d020
- mempool at 0x6042b8 allocated new chunk at 0x7ebf9212c020
- mempool at 0x6042b8 allocated new chunk at 0x7ebf5212b020
- mempool at 0x6042b8 allocated new chunk at 0x7ebf1212a020
- mempool at 0x6042b8 allocated new chunk at 0x7ebed2129020
- mempool at 0x6042b8 allocated new chunk at 0x7ebe92128020
- mempool at 0x6042b8 allocated new chunk at 0x7ebe52127020
- mempool at 0x6042b8 allocated new chunk at 0x7ebe12126020
- mempool at 0x6042b8 allocated new chunk at 0x7ebdd2125020
- mempool at 0x6042b8 allocated new chunk at 0x7ebd92124020
- mempool at 0x6042b8 allocated new chunk at 0x7ebd52123020
- mempool at 0x6042b8 allocated new chunk at 0x7ebd12122020
- mempool at 0x6042b8 allocated new chunk at 0x7ebcd2121020
- mempool at 0x6042b8 allocated new chunk at 0x7ebc92120020
- mempool at 0x6042b8 allocated new chunk at 0x7ebc5211f020
- mempool at 0x6042b8 allocated new chunk at 0x7ebc1211e020
- mempool at 0x6042b8 allocated new chunk at 0x7ebbd211d020
- mempool at 0x6042b8 allocated new chunk at 0x7ebb9211c020
- mempool at 0x6042b8 allocated new chunk at 0x7ebb5211b020
- mempool at 0x6042b8 allocated new chunk at 0x7ebb1211a020
- mempool at 0x6042b8 allocated new chunk at 0x7ebad2119020
- mempool at 0x6042b8 allocated new chunk at 0x7eba92118020
- mempool at 0x6042b8 allocated new chunk at 0x7eba52117020
- mempool at 0x6042b8 allocated new chunk at 0x7eba12116020
- mempool at 0x6042b8 allocated new chunk at 0x7eb9d2115020
- mempool at 0x6042b8 allocated new chunk at 0x7eb992114020
- mempool at 0x6042b8 allocated new chunk at 0x7eb952113020
- mempool at 0x6042b8 allocated new chunk at 0x7eb912112020
- mempool at 0x6042b8 allocated new chunk at 0x7eb8d2111020
- mempool at 0x6042b8 allocated new chunk at 0x7eb892110020
- mempool at 0x6042b8 allocated new chunk at 0x7eb85210f020
- mempool at 0x6042b8 allocated new chunk at 0x7eb81210e020
- mempool at 0x6042b8 allocated new chunk at 0x7eb7d210d020
- mempool at 0x6042b8 allocated new chunk at 0x7eb79210c020
- mempool at 0x6042b8 allocated new chunk at 0x7eb75210b020
- mempool at 0x6042b8 allocated new chunk at 0x7eb71210a020
- mempool at 0x6042b8 allocated new chunk at 0x7eb6d2109020
- mempool at 0x6042b8 allocated new chunk at 0x7eb692108020
- mempool at 0x6042b8 allocated new chunk at 0x7eb652107020
- mempool at 0x6042b8 allocated new chunk at 0x7eb612106020
- mempool at 0x6042b8 allocated new chunk at 0x7eb5d2105020
- mempool at 0x6042b8 allocated new chunk at 0x7eb592104020
- mempool at 0x6042b8 allocated new chunk at 0x7eb552103020
- mempool at 0x6042b8 allocated new chunk at 0x7eb512102020
- mempool at 0x6042b8 allocated new chunk at 0x7eb4d2101020
- mempool at 0x6042b8 allocated new chunk at 0x7eb492100020
- mempool at 0x6042b8 allocated new chunk at 0x7eb4520ff020
- mempool at 0x6042b8 allocated new chunk at 0x7eb4120fe020
- mempool at 0x6042b8 allocated new chunk at 0x7eb3d20fd020
- mempool at 0x6042b8 allocated new chunk at 0x7eb3920fc020
- mempool at 0x6042b8 allocated new chunk at 0x7eb3520fb020
- mempool at 0x6042b8 allocated new chunk at 0x7eb3120fa020
- mempool at 0x6042b8 allocated new chunk at 0x7eb2d20f9020
- mempool at 0x6042b8 allocated new chunk at 0x7eb2920f8020
- mempool at 0x6042b8 allocated new chunk at 0x7eb2520f7020
- mempool at 0x6042b8 allocated new chunk at 0x7eb2120f6020
- mempool at 0x6042b8 allocated new chunk at 0x7eb1d20f5020
- mempool at 0x6042b8 allocated new chunk at 0x7eb1920f4020
- mempool at 0x6042b8 allocated new chunk at 0x7eb1520f3020
- mempool at 0x6042b8 allocated new chunk at 0x7eb1120f2020
- mempool at 0x6042b8 allocated new chunk at 0x7eb0d20f1020
- mempool at 0x6042b8 allocated new chunk at 0x7eb0920f0020
- mempool at 0x6042b8 allocated new chunk at 0x7eb0520ef020
- mempool at 0x6042b8 allocated new chunk at 0x7eb0120ee020
- mempool at 0x6042b8 allocated new chunk at 0x7eafd20ed020
- mempool at 0x6042b8 allocated new chunk at 0x7eaf920ec020
- mempool at 0x6042b8 allocated new chunk at 0x7eaf520eb020
- mempool at 0x6042b8 allocated new chunk at 0x7eaf120ea020
- mempool at 0x6042b8 allocated new chunk at 0x7eaed20e9020
- mempool at 0x6042b8 allocated new chunk at 0x7eae920e8020
- mempool at 0x6042b8 allocated new chunk at 0x7eae520e7020
- mempool at 0x6042b8 allocated new chunk at 0x7eae120e6020
- mempool at 0x6042b8 allocated new chunk at 0x7eadd20e5020
- mempool at 0x6042b8 allocated new chunk at 0x7ead920e4020
- mempool at 0x6042b8 allocated new chunk at 0x7ead520e3020
- mempool at 0x6042b8 allocated new chunk at 0x7ead120e2020
- mempool at 0x6042b8 allocated new chunk at 0x7eacd20e1020
- mempool at 0x6042b8 allocated new chunk at 0x7eac920e0020
- mempool at 0x6042b8 allocated new chunk at 0x7eac520df020
- mempool at 0x6042b8 allocated new chunk at 0x7eac120de020
- mempool at 0x6042b8 allocated new chunk at 0x7eabd20dd020
- mempool at 0x6042b8 allocated new chunk at 0x7eab920dc020
- mempool at 0x6042b8 allocated new chunk at 0x7eab520db020
- mempool at 0x6042b8 allocated new chunk at 0x7eab120da020
- mempool at 0x6042b8 allocated new chunk at 0x7eaad20d9020
- mempool at 0x6042b8 allocated new chunk at 0x7eaa920d8020
- mempool at 0x6042b8 allocated new chunk at 0x7eaa520d7020
- mempool at 0x6042b8 allocated new chunk at 0x7eaa120d6020
- mempool at 0x6042b8 allocated new chunk at 0x7ea9d20d5020
- mempool at 0x6042b8 allocated new chunk at 0x7ea9920d4020
- mempool at 0x6042b8 allocated new chunk at 0x7ea9520d3020
- mempool at 0x6042b8 allocated new chunk at 0x7ea9120d2020
- mempool at 0x6042b8 allocated new chunk at 0x7ea8d20d1020
- mempool at 0x6042b8 allocated new chunk at 0x7ea8920d0020
- mempool at 0x6042b8 allocated new chunk at 0x7ea8520cf020
- mempool at 0x6042b8 allocated new chunk at 0x7ea8120ce020
- mempool at 0x6042b8 allocated new chunk at 0x7ea7d20cd020
- mempool at 0x6042b8 allocated new chunk at 0x7ea7920cc020
- mempool at 0x6042b8 allocated new chunk at 0x7ea7520cb020
- mempool at 0x6042b8 allocated new chunk at 0x7ea7120ca020
- mempool at 0x6042b8 allocated new chunk at 0x7ea6d20c9020
- mempool at 0x6042b8 allocated new chunk at 0x7ea6920c8020
- mempool at 0x6042b8 allocated new chunk at 0x7ea6520c7020
- mempool at 0x6042b8 allocated new chunk at 0x7ea6120c6020
- mempool at 0x6042b8 allocated new chunk at 0x7ea5d20c5020
- mempool at 0x6042b8 allocated new chunk at 0x7ea5920c4020
- mempool at 0x6042b8 allocated new chunk at 0x7ea5520c3020
- mempool at 0x6042b8 allocated new chunk at 0x7ea5120c2020
- mempool at 0x6042b8 allocated new chunk at 0x7ea4d20c1020
- mempool at 0x6042b8 allocated new chunk at 0x7ea4920c0020
- mempool at 0x6042b8 allocated new chunk at 0x7ea4520bf020
- mempool at 0x6042b8 allocated new chunk at 0x7ea4120be020
- mempool at 0x6042b8 allocated new chunk at 0x7ea3d20bd020
- mempool at 0x6042b8 allocated new chunk at 0x7ea3920bc020
- mempool at 0x6042b8 allocated new chunk at 0x7ea3520bb020
- mempool at 0x6042b8 allocated new chunk at 0x7ea3120ba020
- mempool at 0x6042b8 allocated new chunk at 0x7ea2d20b9020
- mempool at 0x6042b8 allocated new chunk at 0x7ea2920b8020
- mempool at 0x6042b8 allocated new chunk at 0x7ea2520b7020
- mempool at 0x6042b8 allocated new chunk at 0x7ea2120b6020
- mempool at 0x6042b8 allocated new chunk at 0x7ea1d20b5020
- mempool at 0x6042b8 allocated new chunk at 0x7ea1920b4020
- mempool at 0x6042b8 allocated new chunk at 0x7ea1520b3020
- mempool at 0x6042b8 allocated new chunk at 0x7ea1120b2020
- mempool at 0x6042b8 allocated new chunk at 0x7ea0d20b1020
- mempool at 0x6042b8 allocated new chunk at 0x7ea0920b0020
- mempool at 0x6042b8 allocated new chunk at 0x7ea0520af020
- mempool at 0x6042b8 allocated new chunk at 0x7ea0120ae020
- mempool at 0x6042b8 allocated new chunk at 0x7e9fd20ad020
- mempool at 0x6042b8 allocated new chunk at 0x7e9f920ac020
- mempool at 0x6042b8 allocated new chunk at 0x7e9f520ab020
- mempool at 0x6042b8 allocated new chunk at 0x7e9f120aa020
- mempool at 0x6042b8 allocated new chunk at 0x7e9ed20a9020
- mempool at 0x6042b8 allocated new chunk at 0x7e9e920a8020
- mempool at 0x6042b8 allocated new chunk at 0x7e9e520a7020
- mempool at 0x6042b8 allocated new chunk at 0x7e9e120a6020
- mempool at 0x6042b8 allocated new chunk at 0x7e9dd20a5020
- mempool at 0x6042b8 allocated new chunk at 0x7e9d920a4020
- mempool at 0x6042b8 allocated new chunk at 0x7e9d520a3020
- mempool at 0x6042b8 allocated new chunk at 0x7e9d120a2020
- mempool at 0x6042b8 allocated new chunk at 0x7e9cd20a1020
- mempool at 0x6042b8 allocated new chunk at 0x7e9c920a0020
- mempool at 0x6042b8 allocated new chunk at 0x7e9c5209f020
- mempool at 0x6042b8 allocated new chunk at 0x7e9c1209e020
- mempool at 0x6042b8 allocated new chunk at 0x7e9bd209d020
- mempool at 0x6042b8 allocated new chunk at 0x7e9b9209c020
- mempool at 0x6042b8 allocated new chunk at 0x7e9b5209b020
- mempool at 0x6042b8 allocated new chunk at 0x7e9b1209a020
- mempool at 0x6042b8 allocated new chunk at 0x7e9ad2099020
- mempool at 0x6042b8 allocated new chunk at 0x7e9a92098020
- mempool at 0x6042b8 allocated new chunk at 0x7e9a52097020
- mempool at 0x6042b8 allocated new chunk at 0x7e9a12096020
- mempool at 0x6042b8 allocated new chunk at 0x7e99d2095020
- mempool at 0x6042b8 allocated new chunk at 0x7e9992094020
- mempool at 0x6042b8 allocated new chunk at 0x7e9952093020
- mempool at 0x6042b8 allocated new chunk at 0x7e9912092020
- mempool at 0x6042b8 allocated new chunk at 0x7e98d2091020
- mempool at 0x6042b8 allocated new chunk at 0x7e9892090020
- mempool at 0x6042b8 allocated new chunk at 0x7e985208f020
- mempool at 0x6042b8 allocated new chunk at 0x7e981208e020
- mempool at 0x6042b8 allocated new chunk at 0x7e97d208d020
- mempool at 0x6042b8 allocated new chunk at 0x7e979208c020
- mempool at 0x6042b8 allocated new chunk at 0x7e975208b020
- mempool at 0x6042b8 allocated new chunk at 0x7e971208a020
- mempool at 0x6042b8 allocated new chunk at 0x7e96d2089020
- mempool at 0x6042b8 allocated new chunk at 0x7e9692088020
- mempool at 0x6042b8 allocated new chunk at 0x7e9652087020
- mempool at 0x6042b8 allocated new chunk at 0x7e9612086020
- mempool at 0x6042b8 allocated new chunk at 0x7e95d2085020
- mempool at 0x6042b8 allocated new chunk at 0x7e9592084020
- mempool at 0x6042b8 allocated new chunk at 0x7e9552083020
- mempool at 0x6042b8 allocated new chunk at 0x7e9512082020
- mempool at 0x6042b8 allocated new chunk at 0x7e94d2081020
- mempool at 0x6042b8 allocated new chunk at 0x7e9492080020
- mempool at 0x6042b8 allocated new chunk at 0x7e945207f020
- mempool at 0x6042b8 allocated new chunk at 0x7e941207e020
- mempool at 0x6042b8 allocated new chunk at 0x7e93d207d020
- mempool at 0x6042b8 allocated new chunk at 0x7e939207c020
- mempool at 0x6042b8 allocated new chunk at 0x7e935207b020
- mempool at 0x6042b8 allocated new chunk at 0x7e931207a020
- mempool at 0x6042b8 allocated new chunk at 0x7e92d2079020
- mempool at 0x6042b8 allocated new chunk at 0x7e9292078020
- mempool at 0x6042b8 allocated new chunk at 0x7e9252077020
- mempool at 0x6042b8 allocated new chunk at 0x7e9212076020
- mempool at 0x6042b8 allocated new chunk at 0x7e91d2075020
- mempool at 0x6042b8 allocated new chunk at 0x7e9192074020
- mempool at 0x6042b8 allocated new chunk at 0x7e9152073020
- mempool at 0x6042b8 allocated new chunk at 0x7e9112072020
- mempool at 0x6042b8 allocated new chunk at 0x7e90d2071020
- mempool at 0x6042b8 allocated new chunk at 0x7e9092070020
- mempool at 0x6042b8 allocated new chunk at 0x7e905206f020
- mempool at 0x6042b8 allocated new chunk at 0x7e901206e020
- mempool at 0x6042b8 allocated new chunk at 0x7e8fd206d020
- mempool at 0x6042b8 allocated new chunk at 0x7e8f9206c020
- mempool at 0x6042b8 allocated new chunk at 0x7e8f5206b020
- mempool at 0x6042b8 allocated new chunk at 0x7e8f1206a020
- mempool at 0x6042b8 allocated new chunk at 0x7e8ed2069020
- mempool at 0x6042b8 allocated new chunk at 0x7e8e92068020
- mempool at 0x6042b8 allocated new chunk at 0x7e8e52067020
- mempool at 0x6042b8 allocated new chunk at 0x7e8e12066020
- mempool at 0x6042b8 allocated new chunk at 0x7e8dd2065020
- mempool at 0x6042b8 allocated new chunk at 0x7e8d92064020
- mempool at 0x6042b8 allocated new chunk at 0x7e8d52063020
- mempool at 0x6042b8 allocated new chunk at 0x7e8d12062020
- mempool at 0x6042b8 allocated new chunk at 0x7e8cd2061020
- mempool at 0x6042b8 allocated new chunk at 0x7e8c92060020
- mempool at 0x6042b8 allocated new chunk at 0x7e8c5205f020
- mempool at 0x6042b8 allocated new chunk at 0x7e8c1205e020
- mempool at 0x6042b8 allocated new chunk at 0x7e8bd205d020
- mempool at 0x6042b8 allocated new chunk at 0x7e8b9205c020
- mempool at 0x6042b8 allocated new chunk at 0x7e8b5205b020
- mempool at 0x6042b8 allocated new chunk at 0x7e8b1205a020
- mempool at 0x6042b8 allocated new chunk at 0x7e8ad2059020
- mempool at 0x6042b8 allocated new chunk at 0x7e8a92058020
- mempool at 0x6042b8 allocated new chunk at 0x7e8a52057020
- mempool at 0x6042b8 allocated new chunk at 0x7e8a12056020
- mempool at 0x6042b8 allocated new chunk at 0x7e89d2055020
- mempool at 0x6042b8 allocated new chunk at 0x7e8992054020
- mempool at 0x6042b8 allocated new chunk at 0x7e8952053020
- mempool at 0x6042b8 allocated new chunk at 0x7e8912052020
- mempool at 0x6042b8 allocated new chunk at 0x7e88d2051020
- mempool at 0x6042b8 allocated new chunk at 0x7e8892050020
/usr/local/bin/memusage: line 253:  2270 Killed                  LD_PRELOAD=/\$LIB/libmemusage.so "$@"
