Testing pcg32
	0..4294967295 is range of generator
	414487 outputs to scan for duplicates [6.32456*sqrt(range)]
	20.0001 duplicates expected on average
	2.06097e-09 is probability of zero duplicates
	0x6b13a0db is seed for this run
---
- Testing for repeats started...
  - Allocating memory started...
    - allocated bloomish filter with 32768 64-bit elements (3 bits/entry)
    - allocated possible-match log with 16384 32-bit elements
  - Allocating memory completed (1.6463e-05 seconds)
  - Phase 1, Gathering repeat candidates started...
    - 15395 repeat candidates found
  - Phase 1, Gathering repeat candidates completed (0.0111521 seconds)
  - Reallocating memory started...
    - Deallocated bloomish filter
    - Allocated hash table of the same size
  - Reallocating memory completed (0.000160165 seconds)
  - Phase 2, Storing candidates in hash table started...
  - Phase 2, Storing candidates in hash table completed (0.000282339 seconds)
  - Phase 3, Testing candidates started...
    - repeat of 2866302376 found, step 75874
    - repeat of 484814329 found, step 110327
    - repeat of 2295514549 found, step 144619
    - repeat of 223807524 found, step 146114
    - repeat of 2175077430 found, step 185635
    - repeat of 4186658179 found, step 190889
    - repeat of 1233894248 found, step 223070
    - repeat of 1813633361 found, step 225285
    - repeat of 31025376 found, step 240291
    - repeat of 1378792953 found, step 253443
    - repeat of 2360670433 found, step 256321
    - repeat of 2181780628 found, step 273197
    - repeat of 474591093 found, step 309172
    - repeat of 2654830784 found, step 315940
    - repeat of 1101487175 found, step 349558
    - repeat of 3300664992 found, step 371732
    - repeat of 2382484161 found, step 387220
    - repeat of 4124434501 found, step 395720
    - repeat of 516542596 found, step 399811
  - Phase 3, Testing candidates completed (0.0137587 seconds)
- Testing for repeats completed (0.0254015 seconds)
---
19 repeats, p-value = 0.470249

Memory usage summary: heap total: 564225, heap peak: 400384, stack peak: 5664
         total calls   total memory   failed calls
 malloc|          5         564225              0
realloc|          0              0              0  (nomove:0, dec:0, free:0)
 calloc|          0              0              0
   free|          4         491521
Histogram for block sizes:
32768-32783           1  20% ============
   large              4  80% ==================================================
