Testing xorshift64star32a
	0..4294967295 is range of generator
	414487 outputs to scan for duplicates [6.32456*sqrt(range)]
	19.9994 duplicates expected on average
	2.06239e-09 is probability of zero duplicates
	0xcd09b542 is seed for this run
---
- Testing for repeats started...
  - Allocating memory started...
    - allocated 256 buckets of capacity 2023
    - allocated 256 bucket counters
  - Allocating memory completed (1.903e-05 seconds)
  - Storing PRNG output started...
  - Storing PRNG output completed (0.0038187 seconds)
  - Sorting started...
  - Sorting completed (0.0373999 seconds)
  - Scanning for duplicates started...
    - repeat of 1746111502 found
    - repeat of 2007276841 found
    - repeat of 1356367168 found
    - repeat of 1110475589 found
    - repeat of 1362126663 found
    - repeat of 2497055820 found
    - repeat of 545339482 found
    - repeat of 817336669 found
    - repeat of 3968443747 found
    - repeat of 3764644726 found
    - repeat of 3654015355 found
    - repeat of 1607005066 found
    - repeat of 76205977 found
    - repeat of 3438685602 found
    - repeat of 702940835 found
    - repeat of 3132184487 found
    - repeat of 3616015530 found
    - repeat of 122089399 found
    - repeat of 2630801342 found
    - repeat of 3829059534 found
    - repeat of 2774743780 found
    - repeat of 2616793843 found
    - repeat of 1547849204 found
    - repeat of 867906811 found
  - Scanning for duplicates completed (0.000598073 seconds)
- Testing for repeats completed (0.0418536 seconds)
---
24 repeats, p-value = 1 - 0.156739

Memory usage summary: heap total: 2145280, heap peak: 2145280, stack peak: 5616
         total calls   total memory   failed calls
 malloc|          3        2145280              0
realloc|          0              0              0  (nomove:0, dec:0, free:0)
 calloc|          0              0              0
   free|          0              0
Histogram for block sizes:
 1024-1039            1  33% =========================
   large              2  66% ==================================================
