Testing std::mt19937
	0..4294967295 is range of generator
	414487 outputs to scan for duplicates [6.32456*sqrt(range)]
	20.0001 duplicates expected on average
	2.06097e-09 is probability of zero duplicates
	0x30afb53e is seed for this run
---
- Testing for repeats started...
  - Allocating memory started...
    - allocated 256 buckets of capacity 2023
    - allocated 256 bucket counters
  - Allocating memory completed (1.4068e-05 seconds)
  - Storing PRNG output started...
  - Storing PRNG output completed (0.00730456 seconds)
  - Sorting started...
  - Sorting completed (0.0369279 seconds)
  - Scanning for duplicates started...
    - repeat of 3588821509 found
    - repeat of 4199420694 found
    - repeat of 3599345431 found
    - repeat of 1444662040 found
    - repeat of 2267696414 found
    - repeat of 3489423656 found
    - repeat of 3676435251 found
    - repeat of 4060643381 found
    - repeat of 363803454 found
    - repeat of 152918854 found
    - repeat of 1808751690 found
    - repeat of 3689231435 found
    - repeat of 1844641368 found
    - repeat of 1367143518 found
    - repeat of 947852392 found
    - repeat of 3713404012 found
    - repeat of 1453857931 found
    - repeat of 3215707025 found
    - repeat of 3394907030 found
    - repeat of 1715148183 found
    - repeat of 1805523895 found
    - repeat of 224655288 found
    - repeat of 2049947833 found
    - repeat of 411073216 found
    - repeat of 2629511619 found
    - repeat of 4091740099 found
    - repeat of 3948962254 found
    - repeat of 3630564575 found
    - repeat of 1900796129 found
    - repeat of 558117607 found
    - repeat of 2142517997 found
    - repeat of 1384520698 found
    - repeat of 2450572282 found
    - repeat of 2456436221 found
  - Scanning for duplicates completed (0.000792642 seconds)
- Testing for repeats completed (0.0450697 seconds)
---
34 repeats, p-value = 1 - 0.00148914

Memory usage summary: heap total: 4217856, heap peak: 4217856, stack peak: 10576
         total calls   total memory   failed calls
 malloc|          3        4217856              0
realloc|          0              0              0  (nomove:0, dec:0, free:0)
 calloc|          0              0              0
   free|          0              0
Histogram for block sizes:
 2048-2063            1  33% =========================
   large              2  66% ==================================================
