Testing gjrand32
	0..4294967295 is range of generator
	198893 outputs to scan for duplicates [3.03485*sqrt(range)]
	4.60521 duplicates expected on average
	0.00999963 is probability of zero duplicates
	0x69331c68 is seed for this run
---
- Testing for repeats started...
  - Allocating memory started...
    - allocated hash table of reserved for 198893 elements
  - Allocating memory completed (0.00142663 seconds)
  - Checking PRNG output started...
    - repeat of 1146094338 found, step 78239
    - repeat of 463530834 found, step 120152
    - repeat of 106543354 found, step 130889
    - repeat of 1834331094 found, step 143469
    - repeat of 2216645399 found, step 150992
  - Checking PRNG output completed (0.0412015 seconds)
- Testing for repeats completed (0.0426503 seconds)
---
5 repeats, p-value = 1 - 0.315139

Memory usage summary: heap total: 4874184, heap peak: 4874184, stack peak: 5648
         total calls   total memory   failed calls
 malloc|     198890        4874184              0
realloc|          0              0              0  (nomove:0, dec:0, free:0)
 calloc|          0              0              0
   free|     198889        4801480
Histogram for block sizes:
   16-31         198888  99% ==================================================
   large              2  <1% 
