Testing xoroshiro64plus32
	0..4294967295 is range of generator
	414487 outputs to scan for duplicates [6.32456*sqrt(range)]
	20.0001 duplicates expected on average
	2.06097e-09 is probability of zero duplicates
	0x247d660c is seed for this run
---
- Testing for repeats started...
  - Allocating memory started...
    - allocated hash table of reserved for 414487 elements
  - Allocating memory completed (0.00199481 seconds)
  - Checking PRNG output started...
    - repeat of 193854780 found, step 168176
    - repeat of 79114396 found, step 176088
    - repeat of 843095691 found, step 176402
    - repeat of 900627359 found, step 241490
    - repeat of 2042566394 found, step 252049
    - repeat of 1244852916 found, step 268163
    - repeat of 3463008607 found, step 295159
    - repeat of 3796591089 found, step 300654
    - repeat of 1565154853 found, step 309189
    - repeat of 57205599 found, step 312651
    - repeat of 1177648848 found, step 330924
    - repeat of 2980240154 found, step 336002
    - repeat of 737670924 found, step 354925
    - repeat of 1977708101 found, step 365622
    - repeat of 3773112683 found, step 368834
    - repeat of 1542017006 found, step 374606
    - repeat of 3418127902 found, step 380643
    - repeat of 341827243 found, step 392565
    - repeat of 2095939784 found, step 408008
  - Checking PRNG output completed (0.116289 seconds)
- Testing for repeats completed (0.118315 seconds)
---
19 repeats, p-value = 0.470249

Memory usage summary: heap total: 10260088, heap peak: 10260088, stack peak: 5648
         total calls   total memory   failed calls
 malloc|     414470       10260088              0
realloc|          0              0              0  (nomove:0, dec:0, free:0)
 calloc|          0              0              0
   free|     414469       10187384
Histogram for block sizes:
   16-31         414468  99% ==================================================
   large              2  <1% 
