Testing xorshift64star32a
	0..4294967295 is range of generator
	414487 outputs to scan for duplicates [6.32456*sqrt(range)]
	19.9994 duplicates expected on average
	2.06239e-09 is probability of zero duplicates
	0xe18967ea is seed for this run
---
- Testing for repeats started...
  - Allocating memory started...
    - allocated bloomish filter with 32768 64-bit elements (3 bits/entry)
    - allocated possible-match log with 16384 32-bit elements
  - Allocating memory completed (1.0048e-05 seconds)
  - Phase 1, Gathering repeat candidates started...
    - 15412 repeat candidates found
  - Phase 1, Gathering repeat candidates completed (0.00635706 seconds)
  - Reallocating memory started...
    - Deallocated bloomish filter
    - Allocated hash table of the same size
  - Reallocating memory completed (8.8712e-05 seconds)
  - Phase 2, Storing candidates in hash table started...
  - Phase 2, Storing candidates in hash table completed (0.000162421 seconds)
  - Phase 3, Testing candidates started...
    - repeat of 1697575820 found, step 75816
    - repeat of 3616198548 found, step 82343
    - repeat of 2684769029 found, step 104129
    - repeat of 439138830 found, step 157810
    - repeat of 743553323 found, step 177414
    - repeat of 3989820136 found, step 178759
    - repeat of 2218925393 found, step 201331
    - repeat of 742121006 found, step 201518
    - repeat of 413661197 found, step 254756
    - repeat of 1087438993 found, step 271249
    - repeat of 281592602 found, step 276974
    - repeat of 1015678838 found, step 297475
    - repeat of 3177325810 found, step 304460
    - repeat of 426662453 found, step 318393
    - repeat of 2078274892 found, step 328981
    - repeat of 304805186 found, step 397125
    - repeat of 3114464156 found, step 405024
  - Phase 3, Testing candidates completed (0.00820707 seconds)
- Testing for repeats completed (0.0148364 seconds)
---
17 repeats, p-value = 0.297074

Memory usage summary: heap total: 564225, heap peak: 400384, stack peak: 5664
         total calls   total memory   failed calls
 malloc|          5         564225              0
realloc|          0              0              0  (nomove:0, dec:0, free:0)
 calloc|          0              0              0
   free|          4         491521
Histogram for block sizes:
32768-32783           1  20% ============
   large              4  80% ==================================================
