Testing xoroshiro64plus32
	0..4294967295 is range of generator
	414487 outputs to scan for duplicates [6.32456*sqrt(range)]
	20.0001 duplicates expected on average
	2.06097e-09 is probability of zero duplicates
	0x1417c27f is seed for this run
---
- Testing for repeats started...
  - Allocating memory started...
    - allocated hash table of reserved for 414487 elements
  - Allocating memory completed (0.00221294 seconds)
  - Checking PRNG output started...
    - repeat of 2121364999 found, step 19353
    - repeat of 904559230 found, step 27544
    - repeat of 2647861023 found, step 118768
    - repeat of 3656586541 found, step 124389
    - repeat of 863661979 found, step 197414
    - repeat of 5730676 found, step 215627
    - repeat of 357792835 found, step 235787
    - repeat of 26529505 found, step 254968
    - repeat of 3044673849 found, step 273261
    - repeat of 3678002824 found, step 281183
    - repeat of 1063434393 found, step 287911
    - repeat of 3506852318 found, step 302690
    - repeat of 1824221229 found, step 333129
    - repeat of 2558543200 found, step 335986
    - repeat of 3034144050 found, step 341908
    - repeat of 3836898163 found, step 348812
    - repeat of 2532795688 found, step 350555
    - repeat of 3053258998 found, step 362391
    - repeat of 2655533400 found, step 413323
  - Checking PRNG output completed (0.0998727 seconds)
- Testing for repeats completed (0.102116 seconds)
---
19 repeats, p-value = 0.470249

Memory usage summary: heap total: 10260088, heap peak: 10260088, stack peak: 5648
         total calls   total memory   failed calls
 malloc|     414470       10260088              0
realloc|          0              0              0  (nomove:0, dec:0, free:0)
 calloc|          0              0              0
   free|     414469       10187384
Histogram for block sizes:
   16-31         414468  99% ==================================================
   large              2  <1% 
