Testing xoroshiro64starstar32
	0..4294967295 is range of generator
	414487 outputs to scan for duplicates [6.32456*sqrt(range)]
	20.0001 duplicates expected on average
	2.06097e-09 is probability of zero duplicates
	0xcca182d9 is seed for this run
---
- Testing for repeats started...
  - Allocating memory started...
    - allocated hash table of reserved for 414487 elements
  - Allocating memory completed (0.00214936 seconds)
  - Checking PRNG output started...
    - repeat of 1362722720 found, step 46476
    - repeat of 2811174303 found, step 133819
    - repeat of 3784928777 found, step 153252
    - repeat of 1822195929 found, step 153809
    - repeat of 3733130509 found, step 207997
    - repeat of 1991047492 found, step 262819
    - repeat of 3383889066 found, step 271837
    - repeat of 2409350112 found, step 290944
    - repeat of 1499536975 found, step 303584
    - repeat of 419456022 found, step 304197
    - repeat of 381985443 found, step 315197
    - repeat of 1570246661 found, step 331864
    - repeat of 421704382 found, step 337730
    - repeat of 754916148 found, step 348666
    - repeat of 3689869120 found, step 348993
    - repeat of 2453247088 found, step 359190
    - repeat of 1485290140 found, step 381452
    - repeat of 2239012506 found, step 383083
    - repeat of 3849834277 found, step 394623
    - repeat of 4189891185 found, step 396110
    - repeat of 3887040038 found, step 404502
  - Checking PRNG output completed (0.117219 seconds)
- Testing for repeats completed (0.119386 seconds)
---
21 repeats, p-value = 1 - 0.35631

Memory usage summary: heap total: 10260056, heap peak: 10260056, stack peak: 5648
         total calls   total memory   failed calls
 malloc|     414468       10260056              0
realloc|          0              0              0  (nomove:0, dec:0, free:0)
 calloc|          0              0              0
   free|     414467       10187352
Histogram for block sizes:
   16-31         414466  99% ==================================================
   large              2  <1% 
