Testing xorshift64star32a
	0..4294967295 is range of generator
	198893 outputs to scan for duplicates [3.03485*sqrt(range)]
	4.60511 duplicates expected on average
	0.0100006 is probability of zero duplicates
	0x8876e4af is seed for this run
---
- Testing for repeats started...
  - Allocating memory started...
    - allocated bloomish filter with 16384 64-bit elements (3 bits/entry)
    - allocated possible-match log with 8192 32-bit elements
  - Allocating memory completed (1.2934e-05 seconds)
  - Phase 1, Gathering repeat candidates started...
    - 5608 repeat candidates found
  - Phase 1, Gathering repeat candidates completed (0.00255644 seconds)
  - Reallocating memory started...
    - Deallocated bloomish filter
    - Allocated hash table of the same size
  - Reallocating memory completed (9.557e-06 seconds)
  - Phase 2, Storing candidates in hash table started...
  - Phase 2, Storing candidates in hash table completed (4.254e-05 seconds)
  - Phase 3, Testing candidates started...
    - repeat of 3554947445 found, step 59072
    - repeat of 930253722 found, step 128090
    - repeat of 2186965728 found, step 134307
    - repeat of 4058353546 found, step 166819
    - repeat of 1249491595 found, step 176620
    - repeat of 1257063653 found, step 191796
    - repeat of 1525671770 found, step 194902
  - Phase 3, Testing candidates completed (0.00255468 seconds)
- Testing for repeats completed (0.00518511 seconds)
---
7 repeats, p-value = 1 - 0.0954959

Memory usage summary: heap total: 318465, heap peak: 236544, stack peak: 5664
         total calls   total memory   failed calls
 malloc|          5         318465              0
realloc|          0              0              0  (nomove:0, dec:0, free:0)
 calloc|          0              0              0
   free|          4         245761
Histogram for block sizes:
16384-16399           1  20% ================
32768-32783           1  20% ================
   large              3  60% ==================================================
