Testing pcg32_fast
	0..4294967295 is range of generator
	414487 outputs to scan for duplicates [6.32456*sqrt(range)]
	20.0001 duplicates expected on average
	2.06097e-09 is probability of zero duplicates
	0x729501f2 is seed for this run
---
- Testing for repeats started...
  - Allocating memory started...
    - allocated 256 buckets of capacity 2023
    - allocated 256 bucket counters
  - Allocating memory completed (1.776e-05 seconds)
  - Storing PRNG output started...
  - Storing PRNG output completed (0.00334454 seconds)
  - Sorting started...
  - Sorting completed (0.0372449 seconds)
  - Scanning for duplicates started...
    - repeat of 781230359 found
    - repeat of 3836943701 found
    - repeat of 1957260392 found
    - repeat of 1452370557 found
    - repeat of 791250048 found
    - repeat of 393479566 found
    - repeat of 2742563475 found
    - repeat of 3555856564 found
    - repeat of 718266293 found
    - repeat of 1996687291 found
    - repeat of 2709979333 found
    - repeat of 2033562829 found
    - repeat of 2937602767 found
    - repeat of 1896172246 found
    - repeat of 2755974364 found
    - repeat of 878750183 found
    - repeat of 2727395304 found
    - repeat of 783058157 found
    - repeat of 1572976892 found
  - Scanning for duplicates completed (0.000605025 seconds)
- Testing for repeats completed (0.0412316 seconds)
---
19 repeats, p-value = 0.470249

Memory usage summary: heap total: 2145280, heap peak: 2145280, stack peak: 5616
         total calls   total memory   failed calls
 malloc|          3        2145280              0
realloc|          0              0              0  (nomove:0, dec:0, free:0)
 calloc|          0              0              0
   free|          0              0
Histogram for block sizes:
 1024-1039            1  33% =========================
   large              2  66% ==================================================
