Testing pcg32_fast
	0..4294967295 is range of generator
	198893 outputs to scan for duplicates [3.03485*sqrt(range)]
	4.60521 duplicates expected on average
	0.00999963 is probability of zero duplicates
	0x51a56d49 is seed for this run
---
- Testing for repeats started...
  - Allocating memory started...
    - allocated hash table of reserved for 198893 elements
  - Allocating memory completed (0.00149902 seconds)
  - Checking PRNG output started...
    - repeat of 337466244 found, step 44740
    - repeat of 643919281 found, step 114233
    - repeat of 6852948 found, step 130062
    - repeat of 3548165650 found, step 152989
    - repeat of 3192043934 found, step 162002
    - repeat of 3231769168 found, step 173910
  - Checking PRNG output completed (0.0423838 seconds)
- Testing for repeats completed (0.0438962 seconds)
---
6 repeats, p-value = 1 - 0.18266

Memory usage summary: heap total: 4874168, heap peak: 4874168, stack peak: 5648
         total calls   total memory   failed calls
 malloc|     198889        4874168              0
realloc|          0              0              0  (nomove:0, dec:0, free:0)
 calloc|          0              0              0
   free|     198888        4801464
Histogram for block sizes:
   16-31         198887  99% ==================================================
   large              2  <1% 
