Testing std::mt19937
	0..4294967295 is range of generator
	198893 outputs to scan for duplicates [3.03485*sqrt(range)]
	4.60521 duplicates expected on average
	0.00999963 is probability of zero duplicates
	0xc5924324 is seed for this run
---
- Testing for repeats started...
  - Allocating memory started...
    - allocated bloomish filter with 16384 64-bit elements (3 bits/entry)
    - allocated possible-match log with 8192 64-bit elements
  - Allocating memory completed (1.7523e-05 seconds)
  - Phase 1, Gathering repeat candidates started...
    - 5879 repeat candidates found
  - Phase 1, Gathering repeat candidates completed (0.00564572 seconds)
  - Reallocating memory started...
    - Deallocated bloomish filter
    - Allocated hash table of the same size
  - Reallocating memory completed (9.595e-05 seconds)
  - Phase 2, Storing candidates in hash table started...
  - Phase 2, Storing candidates in hash table completed (8.2244e-05 seconds)
  - Phase 3, Testing candidates started...
    - repeat of 1683600197 found, step 23726
    - repeat of 2619963923 found, step 42843
    - repeat of 2066161551 found, step 98692
    - repeat of 3172973640 found, step 113155
    - repeat of 3053971135 found, step 135348
    - repeat of 46716340 found, step 147183
    - repeat of 1770681037 found, step 162265
  - Phase 3, Testing candidates completed (0.00681911 seconds)
- Testing for repeats completed (0.0126837 seconds)
---
7 repeats, p-value = 1 - 0.0955042

Memory usage summary: heap total: 416769, heap peak: 285697, stack peak: 15616
         total calls   total memory   failed calls
 malloc|          5         416769              0
realloc|          0              0              0  (nomove:0, dec:0, free:0)
 calloc|          0              0              0
   free|          4         344065
Histogram for block sizes:
16384-16399           1  20% ============
   large              4  80% ==================================================
