Testing gjrand64
	0..18446744073709551615 is range of generator
	27163758263 outputs to scan for duplicates [6.32456*sqrt(range)]
	20 duplicates expected on average
	2.06115e-09 is probability of zero duplicates
	0x9ddbe078 is seed for this run
---
- Testing for repeats started...
  - Allocating memory started...
    - allocated array of size 27163758263.
  - Allocating memory completed (1.4419e-05 seconds)
  - Storing PRNG output started...
  - Storing PRNG output completed (169.248 seconds)
  - Sorting started...
  - Sorting completed (4223.89 seconds)
  - Scanning for duplicates started...
    - repeat of 449078939275425503 found
    - repeat of 625539987818291062 found
    - repeat of 1067633969842294810 found
    - repeat of 1383612346657494633 found
    - repeat of 1876802156778331378 found
    - repeat of 2291923865351679397 found
    - repeat of 6912320505296614594 found
    - repeat of 7725046493727193639 found
    - repeat of 8136490205423863837 found
    - repeat of 8750867575882632331 found
    - repeat of 10004296655677689144 found
    - repeat of 10346354212376926626 found
    - repeat of 11347913492915841451 found
    - repeat of 11589663509937047067 found
    - repeat of 11592804919484910691 found
    - repeat of 13037682212484893075 found
    - repeat of 13699848479655878212 found
    - repeat of 14134664617808453004 found
    - repeat of 15495783578776691524 found
    - repeat of 16686447666193679518 found
    - repeat of 17190788355128812441 found
    - repeat of 17251689540630799541 found
    - repeat of 17468723903811782616 found
  - Scanning for duplicates completed (37.0672 seconds)
- Testing for repeats completed (4430.21 seconds)
---
23 repeats, p-value = 1 - 0.212507

Memory usage summary: heap total: 217310138808, heap peak: 217310138808, stack peak: 5600
         total calls   total memory   failed calls
 malloc|          2   217310138808              0
realloc|          0              0              0  (nomove:0, dec:0, free:0)
 calloc|          0              0              0
   free|          0              0
Histogram for block sizes:
   large              2 100% ==================================================
