Testing jsf32
	0..4294967295 is range of generator
	414487 outputs to scan for duplicates [6.32456*sqrt(range)]
	20.0001 duplicates expected on average
	2.06097e-09 is probability of zero duplicates
	0xe9fc60cf is seed for this run
---
- Testing for repeats started...
  - Allocating memory started...
    - allocated array of size 414487.
  - Allocating memory completed (6.09e-06 seconds)
  - Storing PRNG output started...
  - Storing PRNG output completed (0.00145422 seconds)
  - Sorting started...
  - Sorting completed (0.0400661 seconds)
  - Scanning for duplicates started...
    - repeat of 154150492 found
    - repeat of 339366854 found
    - repeat of 449178485 found
    - repeat of 585950295 found
    - repeat of 785465430 found
    - repeat of 1226794159 found
    - repeat of 1527267866 found
    - repeat of 1618374798 found
    - repeat of 1794008209 found
    - repeat of 1951989482 found
    - repeat of 1988734462 found
    - repeat of 2116385561 found
    - repeat of 2232457068 found
    - repeat of 2280666852 found
    - repeat of 2683560491 found
    - repeat of 2770632723 found
    - repeat of 2909269282 found
    - repeat of 3091304597 found
    - repeat of 3712788790 found
    - repeat of 3840997333 found
    - repeat of 4071713888 found
    - repeat of 4157121240 found
  - Scanning for duplicates completed (0.000400381 seconds)
- Testing for repeats completed (0.0419414 seconds)
---
22 repeats, p-value = 1 - 0.279396

Memory usage summary: heap total: 1730652, heap peak: 1730652, stack peak: 5568
         total calls   total memory   failed calls
 malloc|          2        1730652              0
realloc|          0              0              0  (nomove:0, dec:0, free:0)
 calloc|          0              0              0
   free|          0              0
Histogram for block sizes:
   large              2 100% ==================================================
