Testing pcg32_fast
	0..4294967295 is range of generator
	414487 outputs to scan for duplicates [6.32456*sqrt(range)]
	20.0001 duplicates expected on average
	2.06097e-09 is probability of zero duplicates
	0xc69f1b8d is seed for this run
---
- Testing for repeats started...
  - Allocating memory started...
    - allocated array of size 414487.
  - Allocating memory completed (8.613e-06 seconds)
  - Storing PRNG output started...
  - Storing PRNG output completed (0.00208798 seconds)
  - Sorting started...
  - Sorting completed (0.0583754 seconds)
  - Scanning for duplicates started...
    - repeat of 296734961 found
    - repeat of 364613700 found
    - repeat of 864288181 found
    - repeat of 1088265469 found
    - repeat of 1311236385 found
    - repeat of 1342673556 found
    - repeat of 1876759458 found
    - repeat of 1977227313 found
    - repeat of 2088018573 found
    - repeat of 2152391977 found
    - repeat of 2286897484 found
    - repeat of 3047699440 found
    - repeat of 3058484663 found
    - repeat of 3397821924 found
    - repeat of 3423136936 found
    - repeat of 3763906864 found
    - repeat of 3879031566 found
  - Scanning for duplicates completed (0.000544239 seconds)
- Testing for repeats completed (0.0610378 seconds)
---
17 repeats, p-value = 0.297021

Memory usage summary: heap total: 1730652, heap peak: 1730652, stack peak: 5584
         total calls   total memory   failed calls
 malloc|          2        1730652              0
realloc|          0              0              0  (nomove:0, dec:0, free:0)
 calloc|          0              0              0
   free|          0              0
Histogram for block sizes:
   large              2 100% ==================================================
