Testing xorshift64star32a
	0..4294967295 is range of generator
	414487 outputs to scan for duplicates [6.32456*sqrt(range)]
	19.9994 duplicates expected on average
	2.06239e-09 is probability of zero duplicates
	0x38ac8c7b is seed for this run
---
- Testing for repeats started...
  - Allocating memory started...
    - allocated bloomish filter with 32768 64-bit elements (3 bits/entry)
    - allocated possible-match log with 16384 32-bit elements
  - Allocating memory completed (2.0633e-05 seconds)
  - Phase 1, Gathering repeat candidates started...
    - 15446 repeat candidates found
  - Phase 1, Gathering repeat candidates completed (0.0110233 seconds)
  - Reallocating memory started...
    - Deallocated bloomish filter
    - Allocated hash table of the same size
  - Reallocating memory completed (0.000159935 seconds)
  - Phase 2, Storing candidates in hash table started...
  - Phase 2, Storing candidates in hash table completed (0.000286905 seconds)
  - Phase 3, Testing candidates started...
    - repeat of 1974752017 found, step 54781
    - repeat of 2038682492 found, step 162904
    - repeat of 1647408660 found, step 170595
    - repeat of 2025231953 found, step 190375
    - repeat of 2821833701 found, step 217293
    - repeat of 942856351 found, step 224145
    - repeat of 717676104 found, step 295253
    - repeat of 3727097118 found, step 309708
    - repeat of 4114529701 found, step 316043
    - repeat of 126779605 found, step 333920
    - repeat of 3988827887 found, step 343623
    - repeat of 3362545259 found, step 345019
    - repeat of 2944556215 found, step 353111
    - repeat of 2983288496 found, step 354110
    - repeat of 3493648107 found, step 367919
    - repeat of 3033908283 found, step 371603
    - repeat of 3660715191 found, step 371853
    - repeat of 4041701100 found, step 385569
    - repeat of 1858859157 found, step 407068
  - Phase 3, Testing candidates completed (0.013705 seconds)
- Testing for repeats completed (0.025222 seconds)
---
19 repeats, p-value = 0.470311

Memory usage summary: heap total: 564225, heap peak: 400384, stack peak: 5664
         total calls   total memory   failed calls
 malloc|          5         564225              0
realloc|          0              0              0  (nomove:0, dec:0, free:0)
 calloc|          0              0              0
   free|          4         491521
Histogram for block sizes:
32768-32783           1  20% ============
   large              4  80% ==================================================
