Testing pcg32_fast
	0..4294967295 is range of generator
	198893 outputs to scan for duplicates [3.03485*sqrt(range)]
	4.60521 duplicates expected on average
	0.00999963 is probability of zero duplicates
	0x7442effe is seed for this run
---
- Testing for repeats started...
  - Allocating memory started...
    - allocated hash table of reserved for 198893 elements
  - Allocating memory completed (0.00145994 seconds)
  - Checking PRNG output started...
    - repeat of 4127661171 found, step 7897
    - repeat of 822240316 found, step 70187
    - repeat of 293889378 found, step 75365
    - repeat of 3011995603 found, step 86250
    - repeat of 1784043728 found, step 143142
    - repeat of 3237635752 found, step 168891
  - Checking PRNG output completed (0.0443804 seconds)
- Testing for repeats completed (0.0458543 seconds)
---
6 repeats, p-value = 1 - 0.18266

Memory usage summary: heap total: 4874168, heap peak: 4874168, stack peak: 5648
         total calls   total memory   failed calls
 malloc|     198889        4874168              0
realloc|          0              0              0  (nomove:0, dec:0, free:0)
 calloc|          0              0              0
   free|     198888        4801464
Histogram for block sizes:
   16-31         198887  99% ==================================================
   large              2  <1% 
