Testing pcg32
	0..4294967295 is range of generator
	414487 outputs to scan for duplicates [6.32456*sqrt(range)]
	20.0001 duplicates expected on average
	2.06097e-09 is probability of zero duplicates
	0x21e3330d is seed for this run
---
- Testing for repeats started...
  - Allocating memory started...
    - allocated 256 buckets of capacity 2023
    - allocated 256 bucket counters
  - Allocating memory completed (1.88e-05 seconds)
  - Storing PRNG output started...
  - Storing PRNG output completed (0.00359343 seconds)
  - Sorting started...
  - Sorting completed (0.037097 seconds)
  - Scanning for duplicates started...
    - repeat of 3254780172 found
    - repeat of 233463062 found
    - repeat of 918457885 found
    - repeat of 610122782 found
    - repeat of 2344131361 found
    - repeat of 1345592877 found
    - repeat of 3643899440 found
    - repeat of 2170472769 found
    - repeat of 2732060227 found
    - repeat of 121489235 found
    - repeat of 3427177818 found
    - repeat of 3286309212 found
    - repeat of 3323326074 found
    - repeat of 3389047692 found
    - repeat of 3995623831 found
    - repeat of 3103200412 found
    - repeat of 109423296 found
    - repeat of 41052919 found
  - Scanning for duplicates completed (0.000625389 seconds)
- Testing for repeats completed (0.0413567 seconds)
---
18 repeats, p-value = 0.381414

Memory usage summary: heap total: 2145280, heap peak: 2145280, stack peak: 5616
         total calls   total memory   failed calls
 malloc|          3        2145280              0
realloc|          0              0              0  (nomove:0, dec:0, free:0)
 calloc|          0              0              0
   free|          0              0
Histogram for block sizes:
 1024-1039            1  33% =========================
   large              2  66% ==================================================
