Testing xoroshiro64starstar32
	0..4294967295 is range of generator
	198893 outputs to scan for duplicates [3.03485*sqrt(range)]
	4.60521 duplicates expected on average
	0.00999963 is probability of zero duplicates
	0x68b79481 is seed for this run
---
- Testing for repeats started...
  - Allocating memory started...
    - allocated array of size 198893.
  - Allocating memory completed (5.723e-06 seconds)
  - Storing PRNG output started...
  - Storing PRNG output completed (0.000931312 seconds)
  - Sorting started...
  - Sorting completed (0.0296718 seconds)
  - Scanning for duplicates started...
    - repeat of 836358000 found
    - repeat of 1176458564 found
    - repeat of 2084341737 found
    - repeat of 2491543526 found
    - repeat of 2555880298 found
    - repeat of 2897191496 found
    - repeat of 3991763868 found
  - Scanning for duplicates completed (0.00029099 seconds)
- Testing for repeats completed (0.0309201 seconds)
---
7 repeats, p-value = 1 - 0.0955042

Memory usage summary: heap total: 868276, heap peak: 868276, stack peak: 5568
         total calls   total memory   failed calls
 malloc|          2         868276              0
realloc|          0              0              0  (nomove:0, dec:0, free:0)
 calloc|          0              0              0
   free|          0              0
Histogram for block sizes:
   large              2 100% ==================================================
