Testing jsf32
	0..4294967295 is range of generator
	198893 outputs to scan for duplicates [3.03485*sqrt(range)]
	4.60521 duplicates expected on average
	0.00999963 is probability of zero duplicates
	0x5ba7a649 is seed for this run
---
- Testing for repeats started...
  - Allocating memory started...
    - allocated bloomish filter with 16384 64-bit elements (3 bits/entry)
    - allocated possible-match log with 8192 32-bit elements
  - Allocating memory completed (2.1256e-05 seconds)
  - Phase 1, Gathering repeat candidates started...
    - 5494 repeat candidates found
  - Phase 1, Gathering repeat candidates completed (0.00568971 seconds)
  - Reallocating memory started...
    - Deallocated bloomish filter
    - Allocated hash table of the same size
  - Reallocating memory completed (1.7699e-05 seconds)
  - Phase 2, Storing candidates in hash table started...
  - Phase 2, Storing candidates in hash table completed (7.2828e-05 seconds)
  - Phase 3, Testing candidates started...
    - repeat of 3579067260 found, step 75700
    - repeat of 4034052901 found, step 109875
    - repeat of 2105597586 found, step 113594
    - repeat of 3449046604 found, step 156260
    - repeat of 3094039340 found, step 183128
    - repeat of 392419272 found, step 197130
  - Phase 3, Testing candidates completed (0.00395896 seconds)
- Testing for repeats completed (0.00978627 seconds)
---
6 repeats, p-value = 1 - 0.18266

Memory usage summary: heap total: 318465, heap peak: 236544, stack peak: 5712
         total calls   total memory   failed calls
 malloc|          5         318465              0
realloc|          0              0              0  (nomove:0, dec:0, free:0)
 calloc|          0              0              0
   free|          4         245761
Histogram for block sizes:
16384-16399           1  20% ================
32768-32783           1  20% ================
   large              3  60% ==================================================
