Testing pcg32
	0..4294967295 is range of generator
	414487 outputs to scan for duplicates [6.32456*sqrt(range)]
	20.0001 duplicates expected on average
	2.06097e-09 is probability of zero duplicates
	0xea537b21 is seed for this run
---
- Testing for repeats started...
  - Allocating memory started...
    - allocated hash table of reserved for 414487 elements
  - Allocating memory completed (0.00243617 seconds)
  - Checking PRNG output started...
    - repeat of 1634675388 found, step 73542
    - repeat of 3310348665 found, step 133001
    - repeat of 1224107788 found, step 174538
    - repeat of 541851139 found, step 204593
    - repeat of 3951474029 found, step 218463
    - repeat of 248888144 found, step 234700
    - repeat of 4033979653 found, step 238811
    - repeat of 3130117260 found, step 248330
    - repeat of 159954089 found, step 269579
    - repeat of 1379468268 found, step 276371
    - repeat of 25462469 found, step 282097
    - repeat of 3461004396 found, step 293090
    - repeat of 2536801718 found, step 315106
    - repeat of 2101037879 found, step 323537
    - repeat of 3603916695 found, step 341205
    - repeat of 2597365737 found, step 357909
    - repeat of 2295905743 found, step 367959
    - repeat of 905740131 found, step 368737
    - repeat of 4078355431 found, step 393113
    - repeat of 112431504 found, step 393336
    - repeat of 625429359 found, step 397586
    - repeat of 4095345728 found, step 398457
    - repeat of 372376564 found, step 405500
  - Checking PRNG output completed (0.0837185 seconds)
- Testing for repeats completed (0.0861654 seconds)
---
23 repeats, p-value = 1 - 0.212513

Memory usage summary: heap total: 10260024, heap peak: 10260024, stack peak: 5648
         total calls   total memory   failed calls
 malloc|     414466       10260024              0
realloc|          0              0              0  (nomove:0, dec:0, free:0)
 calloc|          0              0              0
   free|     414465       10187320
Histogram for block sizes:
   16-31         414464  99% ==================================================
   large              2  <1% 
