Testing pcg32
	0..4294967295 is range of generator
	414487 outputs to scan for duplicates [6.32456*sqrt(range)]
	20.0001 duplicates expected on average
	2.06097e-09 is probability of zero duplicates
	0x5b45e8e5 is seed for this run
---
- Testing for repeats started...
  - Allocating memory started...
    - allocated hash table of reserved for 414487 elements
  - Allocating memory completed (0.00190052 seconds)
  - Checking PRNG output started...
    - repeat of 933083257 found, step 27568
    - repeat of 694151659 found, step 146020
    - repeat of 2969905647 found, step 152005
    - repeat of 1069696349 found, step 153572
    - repeat of 2216540874 found, step 170455
    - repeat of 168992805 found, step 190210
    - repeat of 2804495644 found, step 224372
    - repeat of 819048544 found, step 257548
    - repeat of 1982732342 found, step 287348
    - repeat of 795315123 found, step 304786
    - repeat of 3527107933 found, step 343067
    - repeat of 2300153911 found, step 347484
    - repeat of 1097757185 found, step 350072
    - repeat of 3709208180 found, step 351995
    - repeat of 44726801 found, step 357349
    - repeat of 1887163931 found, step 363323
    - repeat of 2646449796 found, step 373256
    - repeat of 388403442 found, step 405193
    - repeat of 3786472296 found, step 405430
    - repeat of 1725858148 found, step 405595
    - repeat of 1966090050 found, step 406036
    - repeat of 2829295943 found, step 409476
  - Checking PRNG output completed (0.120463 seconds)
- Testing for repeats completed (0.122383 seconds)
---
22 repeats, p-value = 1 - 0.279396

Memory usage summary: heap total: 10260040, heap peak: 10260040, stack peak: 5648
         total calls   total memory   failed calls
 malloc|     414467       10260040              0
realloc|          0              0              0  (nomove:0, dec:0, free:0)
 calloc|          0              0              0
   free|     414466       10187336
Histogram for block sizes:
   16-31         414465  99% ==================================================
   large              2  <1% 
