Testing xoroshiro64starstar32
	0..4294967295 is range of generator
	198893 outputs to scan for duplicates [3.03485*sqrt(range)]
	4.60521 duplicates expected on average
	0.00999963 is probability of zero duplicates
	0x379d079e is seed for this run
---
- Testing for repeats started...
  - Allocating memory started...
    - allocated hash table of reserved for 198893 elements
  - Allocating memory completed (0.00150056 seconds)
  - Checking PRNG output started...
    - repeat of 251732634 found, step 62886
    - repeat of 990340871 found, step 73740
    - repeat of 3214625310 found, step 96188
    - repeat of 3460347696 found, step 99535
    - repeat of 4024239636 found, step 118012
    - repeat of 296804944 found, step 128142
    - repeat of 3335549868 found, step 161852
    - repeat of 2731186603 found, step 168666
    - repeat of 544607426 found, step 169390
    - repeat of 1120730993 found, step 170388
    - repeat of 1897881955 found, step 194495
  - Checking PRNG output completed (0.0535331 seconds)
- Testing for repeats completed (0.0550501 seconds)
---
11 repeats, p-value = 1 - 0.00288831

Memory usage summary: heap total: 4874088, heap peak: 4874088, stack peak: 5648
         total calls   total memory   failed calls
 malloc|     198884        4874088              0
realloc|          0              0              0  (nomove:0, dec:0, free:0)
 calloc|          0              0              0
   free|     198883        4801384
Histogram for block sizes:
   16-31         198882  99% ==================================================
   large              2  <1% 
