Testing jsf32
	0..4294967295 is range of generator
	198893 outputs to scan for duplicates [3.03485*sqrt(range)]
	4.60521 duplicates expected on average
	0.00999963 is probability of zero duplicates
	0x18957d5 is seed for this run
---
- Testing for repeats started...
  - Allocating memory started...
    - allocated 256 buckets of capacity 971
    - allocated 256 bucket counters
  - Allocating memory completed (1.6873e-05 seconds)
  - Storing PRNG output started...
  - Storing PRNG output completed (0.00172829 seconds)
  - Sorting started...
  - Sorting completed (0.0169731 seconds)
  - Scanning for duplicates started...
    - repeat of 1924055901 found
    - repeat of 1830477152 found
    - repeat of 2811583334 found
    - repeat of 544262513 found
    - repeat of 567628689 found
    - repeat of 716839342 found
    - repeat of 4131340798 found
  - Scanning for duplicates completed (0.000294985 seconds)
- Testing for repeats completed (0.0190278 seconds)
---
7 repeats, p-value = 1 - 0.0955042

Memory usage summary: heap total: 1068032, heap peak: 1068032, stack peak: 5616
         total calls   total memory   failed calls
 malloc|          3        1068032              0
realloc|          0              0              0  (nomove:0, dec:0, free:0)
 calloc|          0              0              0
   free|          0              0
Histogram for block sizes:
 1024-1039            1  33% =========================
   large              2  66% ==================================================
