Testing pcg32
	0..4294967295 is range of generator
	198893 outputs to scan for duplicates [3.03485*sqrt(range)]
	4.60521 duplicates expected on average
	0.00999963 is probability of zero duplicates
	0x29a0bd4f is seed for this run
---
- Testing for repeats started...
  - Allocating memory started...
    - allocated hash table of reserved for 198893 elements
  - Allocating memory completed (0.00142347 seconds)
  - Checking PRNG output started...
    - repeat of 1254545010 found, step 65996
    - repeat of 1613094977 found, step 127397
    - repeat of 3013466007 found, step 146604
    - repeat of 545857327 found, step 147998
    - repeat of 735403628 found, step 182387
    - repeat of 1879863361 found, step 191064
  - Checking PRNG output completed (0.0432239 seconds)
- Testing for repeats completed (0.0446621 seconds)
---
6 repeats, p-value = 1 - 0.18266

Memory usage summary: heap total: 4874168, heap peak: 4874168, stack peak: 5648
         total calls   total memory   failed calls
 malloc|     198889        4874168              0
realloc|          0              0              0  (nomove:0, dec:0, free:0)
 calloc|          0              0              0
   free|     198888        4801464
Histogram for block sizes:
   16-31         198887  99% ==================================================
   large              2  <1% 
