Testing xorshift64star32a
	0..4294967295 is range of generator
	198893 outputs to scan for duplicates [3.03485*sqrt(range)]
	4.60511 duplicates expected on average
	0.0100006 is probability of zero duplicates
	0xe49cb976 is seed for this run
---
- Testing for repeats started...
  - Allocating memory started...
    - allocated hash table of reserved for 198893 elements
  - Allocating memory completed (0.000591092 seconds)
  - Checking PRNG output started...
    - repeat of 2990460857 found, step 93561
    - repeat of 282896873 found, step 132586
    - repeat of 2588542024 found, step 148371
    - repeat of 4242065516 found, step 148919
    - repeat of 4282194517 found, step 157762
    - repeat of 1162121283 found, step 173444
    - repeat of 1943080954 found, step 177642
    - repeat of 3626280494 found, step 181532
    - repeat of 2663325923 found, step 183103
  - Checking PRNG output completed (0.0245372 seconds)
- Testing for repeats completed (0.0251348 seconds)
---
9 repeats, p-value = 1 - 0.0196581

Memory usage summary: heap total: 4874120, heap peak: 4874120, stack peak: 5648
         total calls   total memory   failed calls
 malloc|     198886        4874120              0
realloc|          0              0              0  (nomove:0, dec:0, free:0)
 calloc|          0              0              0
   free|     198885        4801416
Histogram for block sizes:
   16-31         198884  99% ==================================================
   large              2  <1% 
