- bump_allocator_static< std::__detail::_Hash_node<unsigned int, false> > (item size = 16) at 0x6042d0 created!
- bump_allocator_static< std::__detail::_Hash_node_base* > (item size = 8) at 0x604310 created!
- mempool at 0x604298 allocated new chunk at 0x7fd7b681d020
- mempool at 0x604298 deallocated chunk at 0x7fd7b681d020
Testing jsf32
	0..4294967295 is range of generator
	414487 outputs to scan for duplicates [6.32456*sqrt(range)]
	20.0001 duplicates expected on average
	2.06097e-09 is probability of zero duplicates
	0x6367bc71 is seed for this run
---
- Testing for repeats started...
  - Allocating memory started...
    - allocated hash table of reserved for 414487 elements
  - Allocating memory completed (0.00215401 seconds)
  - Checking PRNG output started...
    - repeat of 753276936 found, step 144690
    - repeat of 3594824188 found, step 220795
    - repeat of 2872361434 found, step 267707
    - repeat of 45123820 found, step 275479
    - repeat of 1645132507 found, step 284865
    - repeat of 927186540 found, step 288399
    - repeat of 1741686318 found, step 295468
    - repeat of 1123557419 found, step 303057
    - repeat of 804059778 found, step 326627
    - repeat of 2480583002 found, step 403191
  - Checking PRNG output completed (0.0444719 seconds)
- Testing for repeats completed (0.0466415 seconds)
---
10 repeats, p-value = 0.0108112
- bump_allocator_static< std::__detail::_Hash_node_base* > at 0x604310 destroyed!
 - total_allocations_  = 1
 - active_allocations_ = 0
 - high_allocations_   = 1
 - total_mem_  = 3555896
 - active_mem_ = 0
 - high_mem_   = 3555896
- bump_allocator_static< std::__detail::_Hash_node<unsigned int, false> > at 0x6042d0 destroyed!
 - total_allocations_  = 414477
 - active_allocations_ = 0
 - high_allocations_   = 414477
 - total_mem_  = 6631632
 - active_mem_ = 0
 - high_mem_   = 6631632

Memory usage summary: heap total: 1073815760, heap peak: 1073815568, stack peak: 2816
         total calls   total memory   failed calls
 malloc|          5     1073815568              0
realloc|          4            192              0  (nomove:0, dec:0, free:0)
 calloc|          0              0              0
   free|          6     1073742032
Histogram for block sizes:
   16-31              1  11% =========================
   32-47              2  22% ==================================================
   64-79              2  22% ==================================================
  512-527             2  22% ==================================================
   large              2  22% ==================================================
