- bump_allocator_static< std::__detail::_Hash_node<unsigned long, false> > (item size = 16) at 0x6042d0 created!
- bump_allocator_static< std::__detail::_Hash_node_base* > (item size = 8) at 0x604310 created!
- mempool at 0x604298 allocated new chunk at 0x7f7ca309d020
- mempool at 0x604298 deallocated chunk at 0x7f7ca309d020
Testing std::mt19937
	0..4294967295 is range of generator
	414487 outputs to scan for duplicates [6.32456*sqrt(range)]
	20.0001 duplicates expected on average
	2.06097e-09 is probability of zero duplicates
	0x52a467f1 is seed for this run
---
- Testing for repeats started...
  - Allocating memory started...
    - allocated hash table of reserved for 414487 elements
  - Allocating memory completed (0.00159181 seconds)
  - Checking PRNG output started...
    - repeat of 3026506972 found, step 104301
    - repeat of 1251969202 found, step 172159
    - repeat of 1976956732 found, step 203080
    - repeat of 995684841 found, step 208368
    - repeat of 494301115 found, step 209636
    - repeat of 3385589070 found, step 259627
    - repeat of 503031885 found, step 273506
    - repeat of 2577504793 found, step 275189
    - repeat of 1295954919 found, step 289534
    - repeat of 3330306908 found, step 290291
    - repeat of 2559446313 found, step 292213
    - repeat of 3612353672 found, step 295261
    - repeat of 3459137197 found, step 298109
    - repeat of 1265425585 found, step 301752
    - repeat of 3033833439 found, step 306654
    - repeat of 3156699137 found, step 326202
    - repeat of 4073704434 found, step 330896
    - repeat of 1134504047 found, step 357250
    - repeat of 2619303973 found, step 364490
    - repeat of 1163293876 found, step 369748
    - repeat of 2269518601 found, step 371804
    - repeat of 1429011776 found, step 405520
    - repeat of 1799562188 found, step 410965
  - Checking PRNG output completed (0.0354836 seconds)
- Testing for repeats completed (0.0370835 seconds)
---
23 repeats, p-value = 1 - 0.212513
- bump_allocator_static< std::__detail::_Hash_node_base* > at 0x604310 destroyed!
 - total_allocations_  = 1
 - active_allocations_ = 0
 - high_allocations_   = 1
 - total_mem_  = 3555896
 - active_mem_ = 0
 - high_mem_   = 3555896
- bump_allocator_static< std::__detail::_Hash_node<unsigned long, false> > at 0x6042d0 destroyed!
 - total_allocations_  = 414464
 - active_allocations_ = 0
 - high_allocations_   = 414464
 - total_mem_  = 6631424
 - active_mem_ = 0
 - high_mem_   = 6631424

Memory usage summary: heap total: 1073815760, heap peak: 1073815568, stack peak: 2816
         total calls   total memory   failed calls
 malloc|          5     1073815568              0
realloc|          4            192              0  (nomove:0, dec:0, free:0)
 calloc|          0              0              0
   free|          6     1073742032
Histogram for block sizes:
   16-31              1  11% =========================
   32-47              2  22% ==================================================
   64-79              2  22% ==================================================
  512-527             2  22% ==================================================
   large              2  22% ==================================================
