Testing xoroshiro64starstar32
	0..4294967295 is range of generator
	414487 outputs to scan for duplicates [6.32456*sqrt(range)]
	20.0001 duplicates expected on average
	2.06097e-09 is probability of zero duplicates
	0x19b91559 is seed for this run
---
- Testing for repeats started...
  - Allocating memory started...
    - allocated hash table of reserved for 414487 elements
  - Allocating memory completed (0.00282104 seconds)
  - Checking PRNG output started...
    - repeat of 4258007579 found, step 129758
    - repeat of 4063205094 found, step 132695
    - repeat of 1171235190 found, step 162048
    - repeat of 498195419 found, step 181623
    - repeat of 3482488984 found, step 181973
    - repeat of 1756103899 found, step 216802
    - repeat of 1534129883 found, step 230389
    - repeat of 1250614051 found, step 256172
    - repeat of 1597876441 found, step 292391
    - repeat of 544888311 found, step 333643
    - repeat of 1030758993 found, step 339978
    - repeat of 1313205698 found, step 365844
    - repeat of 2798527027 found, step 367403
    - repeat of 860144200 found, step 374450
    - repeat of 2856976185 found, step 409058
    - repeat of 663431810 found, step 410809
  - Checking PRNG output completed (0.0903075 seconds)
- Testing for repeats completed (0.0931466 seconds)
---
16 repeats, p-value = 0.221068

Memory usage summary: heap total: 10260136, heap peak: 10260136, stack peak: 5648
         total calls   total memory   failed calls
 malloc|     414473       10260136              0
realloc|          0              0              0  (nomove:0, dec:0, free:0)
 calloc|          0              0              0
   free|     414472       10187432
Histogram for block sizes:
   16-31         414471  99% ==================================================
   large              2  <1% 
