Testing jsf32
	0..4294967295 is range of generator
	414487 outputs to scan for duplicates [6.32456*sqrt(range)]
	20.0001 duplicates expected on average
	2.06097e-09 is probability of zero duplicates
	0xaf146d73 is seed for this run
---
- Testing for repeats started...
  - Allocating memory started...
    - allocated hash table of reserved for 414487 elements
  - Allocating memory completed (0.00310442 seconds)
  - Checking PRNG output started...
    - repeat of 2131982856 found, step 87611
    - repeat of 2250969975 found, step 94211
    - repeat of 2440135096 found, step 105041
    - repeat of 1628559196 found, step 151510
    - repeat of 972817055 found, step 180879
    - repeat of 4625369 found, step 225715
    - repeat of 4153501712 found, step 256259
    - repeat of 2592653768 found, step 280070
    - repeat of 2526075527 found, step 286260
    - repeat of 2299984314 found, step 295175
    - repeat of 613948470 found, step 337176
    - repeat of 2724077479 found, step 340209
    - repeat of 2549662553 found, step 348091
    - repeat of 2958916906 found, step 349754
    - repeat of 4091150182 found, step 354849
    - repeat of 4167790324 found, step 356659
    - repeat of 111075224 found, step 359844
    - repeat of 3232777513 found, step 363033
    - repeat of 3940364890 found, step 363340
    - repeat of 3761901873 found, step 372183
    - repeat of 1872551451 found, step 375378
    - repeat of 4187282296 found, step 386575
    - repeat of 2302059942 found, step 387835
    - repeat of 3963980022 found, step 393313
    - repeat of 3088616674 found, step 393843
    - repeat of 3961533589 found, step 414474
  - Checking PRNG output completed (0.113622 seconds)
- Testing for repeats completed (0.116747 seconds)
---
26 repeats, p-value = 1 - 0.0778899

Memory usage summary: heap total: 10259976, heap peak: 10259976, stack peak: 5648
         total calls   total memory   failed calls
 malloc|     414463       10259976              0
realloc|          0              0              0  (nomove:0, dec:0, free:0)
 calloc|          0              0              0
   free|     414462       10187272
Histogram for block sizes:
   16-31         414461  99% ==================================================
   large              2  <1% 
