Testing jsf32
	0..4294967295 is range of generator
	414487 outputs to scan for duplicates [6.32456*sqrt(range)]
	20.0001 duplicates expected on average
	2.06097e-09 is probability of zero duplicates
	0x1cdc800d is seed for this run
---
- Testing for repeats started...
  - Allocating memory started...
    - allocated 256 buckets of capacity 2023
    - allocated 256 bucket counters
  - Allocating memory completed (2.4403e-05 seconds)
  - Storing PRNG output started...
  - Storing PRNG output completed (0.0035026 seconds)
  - Sorting started...
  - Sorting completed (0.0371761 seconds)
  - Scanning for duplicates started...
    - repeat of 1301540610 found
    - repeat of 3526141978 found
    - repeat of 2618247452 found
    - repeat of 2366283557 found
    - repeat of 3234938664 found
    - repeat of 2785596973 found
    - repeat of 1924098879 found
    - repeat of 4029836358 found
    - repeat of 3345410130 found
    - repeat of 1860226900 found
    - repeat of 3334755934 found
    - repeat of 2396642661 found
    - repeat of 3037196645 found
    - repeat of 485116522 found
    - repeat of 1082862442 found
    - repeat of 1032706670 found
    - repeat of 433482376 found
    - repeat of 3355290037 found
    - repeat of 4269019082 found
    - repeat of 118127308 found
    - repeat of 3278131416 found
    - repeat of 2524244457 found
    - repeat of 3701535735 found
    - repeat of 603788537 found
  - Scanning for duplicates completed (0.000589155 seconds)
- Testing for repeats completed (0.0413125 seconds)
---
24 repeats, p-value = 1 - 0.156778

Memory usage summary: heap total: 2145280, heap peak: 2145280, stack peak: 5616
         total calls   total memory   failed calls
 malloc|          3        2145280              0
realloc|          0              0              0  (nomove:0, dec:0, free:0)
 calloc|          0              0              0
   free|          0              0
Histogram for block sizes:
 1024-1039            1  33% =========================
   large              2  66% ==================================================
