Testing xoroshiro64plus32
	0..4294967295 is range of generator
	414487 outputs to scan for duplicates [6.32456*sqrt(range)]
	20.0001 duplicates expected on average
	2.06097e-09 is probability of zero duplicates
	0x752a7e3c is seed for this run
---
- Testing for repeats started...
  - Allocating memory started...
    - allocated hash table of reserved for 414487 elements
  - Allocating memory completed (0.00241515 seconds)
  - Checking PRNG output started...
    - repeat of 4255192619 found, step 22737
    - repeat of 4053227894 found, step 92539
    - repeat of 1366394357 found, step 195880
    - repeat of 582030012 found, step 237506
    - repeat of 69187993 found, step 292011
    - repeat of 3143623017 found, step 298732
    - repeat of 227769827 found, step 308381
    - repeat of 1610993707 found, step 309597
    - repeat of 229327578 found, step 338796
    - repeat of 1117223655 found, step 376618
    - repeat of 4106417113 found, step 378169
    - repeat of 3658193700 found, step 384464
    - repeat of 374664260 found, step 384771
    - repeat of 81042665 found, step 394109
    - repeat of 3019890378 found, step 394824
    - repeat of 1299013869 found, step 402264
    - repeat of 1970819752 found, step 409332
  - Checking PRNG output completed (0.13235 seconds)
- Testing for repeats completed (0.134783 seconds)
---
17 repeats, p-value = 0.297021

Memory usage summary: heap total: 10260120, heap peak: 10260120, stack peak: 5648
         total calls   total memory   failed calls
 malloc|     414472       10260120              0
realloc|          0              0              0  (nomove:0, dec:0, free:0)
 calloc|          0              0              0
   free|     414471       10187416
Histogram for block sizes:
   16-31         414470  99% ==================================================
   large              2  <1% 
