Testing xorshift64star32a
	0..4294967295 is range of generator
	414487 outputs to scan for duplicates [6.32456*sqrt(range)]
	19.9994 duplicates expected on average
	2.06239e-09 is probability of zero duplicates
	0xfee27f62 is seed for this run
---
- Testing for repeats started...
  - Allocating memory started...
    - allocated hash table of reserved for 414487 elements
  - Allocating memory completed (0.00269488 seconds)
  - Checking PRNG output started...
    - repeat of 3957277319 found, step 38715
    - repeat of 2451641804 found, step 56685
    - repeat of 933600350 found, step 126108
    - repeat of 905230391 found, step 179206
    - repeat of 4214177899 found, step 183426
    - repeat of 3195294001 found, step 222619
    - repeat of 948817223 found, step 232210
    - repeat of 1842819699 found, step 232421
    - repeat of 3895516525 found, step 285838
    - repeat of 1150421475 found, step 293613
    - repeat of 1195996136 found, step 297907
    - repeat of 3905896276 found, step 330711
    - repeat of 3660456052 found, step 349356
    - repeat of 74762951 found, step 350944
    - repeat of 312149006 found, step 351237
    - repeat of 2429808983 found, step 373455
    - repeat of 1538048201 found, step 375190
    - repeat of 1278020020 found, step 377817
    - repeat of 1025803902 found, step 403410
  - Checking PRNG output completed (0.124066 seconds)
- Testing for repeats completed (0.126778 seconds)
---
19 repeats, p-value = 0.470311

Memory usage summary: heap total: 10260088, heap peak: 10260088, stack peak: 5648
         total calls   total memory   failed calls
 malloc|     414470       10260088              0
realloc|          0              0              0  (nomove:0, dec:0, free:0)
 calloc|          0              0              0
   free|     414469       10187384
Histogram for block sizes:
   16-31         414468  99% ==================================================
   large              2  <1% 
