Testing std::mt19937
	0..4294967295 is range of generator
	414487 outputs to scan for duplicates [6.32456*sqrt(range)]
	20.0001 duplicates expected on average
	2.06097e-09 is probability of zero duplicates
	0x364ccd49 is seed for this run
---
- Testing for repeats started...
  - Allocating memory started...
    - allocated 256 buckets of capacity 2023
    - allocated 256 bucket counters
  - Allocating memory completed (1.8679e-05 seconds)
  - Storing PRNG output started...
  - Storing PRNG output completed (0.00688444 seconds)
  - Sorting started...
  - Sorting completed (0.0364121 seconds)
  - Scanning for duplicates started...
    - repeat of 1062632450 found
    - repeat of 1652678157 found
    - repeat of 2487206673 found
    - repeat of 2803791378 found
    - repeat of 2614447127 found
    - repeat of 3958050583 found
    - repeat of 1812908580 found
    - repeat of 2414862893 found
    - repeat of 1226485848 found
    - repeat of 1083507293 found
    - repeat of 2504432480 found
    - repeat of 4214354020 found
    - repeat of 147631208 found
    - repeat of 2956625785 found
    - repeat of 3889006480 found
    - repeat of 3810119615 found
    - repeat of 398056656 found
    - repeat of 2063291861 found
    - repeat of 2164998879 found
    - repeat of 715145446 found
  - Scanning for duplicates completed (0.000599165 seconds)
- Testing for repeats completed (0.0439289 seconds)
---
20 repeats, p-value = 1 - 0.440915

Memory usage summary: heap total: 4217856, heap peak: 4217856, stack peak: 10576
         total calls   total memory   failed calls
 malloc|          3        4217856              0
realloc|          0              0              0  (nomove:0, dec:0, free:0)
 calloc|          0              0              0
   free|          0              0
Histogram for block sizes:
 2048-2063            1  33% =========================
   large              2  66% ==================================================
