Testing std::mt19937
	0..4294967295 is range of generator
	198893 outputs to scan for duplicates [3.03485*sqrt(range)]
	4.60521 duplicates expected on average
	0.00999963 is probability of zero duplicates
	0xbe54bf90 is seed for this run
---
- Testing for repeats started...
  - Allocating memory started...
    - allocated hash table of reserved for 198893 elements
  - Allocating memory completed (0.00142138 seconds)
  - Checking PRNG output started...
    - repeat of 3162324366 found, step 53967
    - repeat of 2331386072 found, step 58273
    - repeat of 2463314545 found, step 77908
    - repeat of 507476722 found, step 104189
    - repeat of 4266054861 found, step 124653
    - repeat of 3600831701 found, step 188991
  - Checking PRNG output completed (0.0461919 seconds)
- Testing for repeats completed (0.0476268 seconds)
---
6 repeats, p-value = 1 - 0.18266

Memory usage summary: heap total: 4874168, heap peak: 4874168, stack peak: 10608
         total calls   total memory   failed calls
 malloc|     198889        4874168              0
realloc|          0              0              0  (nomove:0, dec:0, free:0)
 calloc|          0              0              0
   free|     198888        4801464
Histogram for block sizes:
   16-31         198887  99% ==================================================
   large              2  <1% 
