Testing sfc32
	0..4294967295 is range of generator
	414487 outputs to scan for duplicates [6.32456*sqrt(range)]
	20.0001 duplicates expected on average
	2.06097e-09 is probability of zero duplicates
	0xc7af7321 is seed for this run
---
- Testing for repeats started...
  - Allocating memory started...
    - allocated 256 buckets of capacity 2023
    - allocated 256 bucket counters
  - Allocating memory completed (1.3903e-05 seconds)
  - Storing PRNG output started...
  - Storing PRNG output completed (0.00280028 seconds)
  - Sorting started...
  - Sorting completed (0.0331049 seconds)
  - Scanning for duplicates started...
    - repeat of 649594114 found
    - repeat of 2919319301 found
    - repeat of 3577561622 found
    - repeat of 2465052714 found
    - repeat of 3211050558 found
    - repeat of 3994202187 found
    - repeat of 2296314200 found
    - repeat of 265763427 found
    - repeat of 615497329 found
    - repeat of 554060406 found
    - repeat of 1498375818 found
    - repeat of 1062608281 found
    - repeat of 3501296794 found
    - repeat of 738816679 found
    - repeat of 1095194033 found
    - repeat of 265944259 found
    - repeat of 3467113951 found
    - repeat of 3536275937 found
    - repeat of 2110850035 found
    - repeat of 666618102 found
    - repeat of 3052633085 found
  - Scanning for duplicates completed (0.000533505 seconds)
- Testing for repeats completed (0.0364679 seconds)
---
21 repeats, p-value = 1 - 0.35631

Memory usage summary: heap total: 2145280, heap peak: 2145280, stack peak: 5616
         total calls   total memory   failed calls
 malloc|          3        2145280              0
realloc|          0              0              0  (nomove:0, dec:0, free:0)
 calloc|          0              0              0
   free|          0              0
Histogram for block sizes:
 1024-1039            1  33% =========================
   large              2  66% ==================================================
