- bump_allocator_static< std::__detail::_Hash_node<unsigned int, false> > (item size = 16) at 0x6042d0 created!
- bump_allocator_static< std::__detail::_Hash_node_base* > (item size = 8) at 0x604310 created!
- mempool at 0x604298 allocated new chunk at 0x7fdcddc1f020
- mempool at 0x604298 deallocated chunk at 0x7fdcddc1f020
Testing pcg32_fast
	0..4294967295 is range of generator
	198893 outputs to scan for duplicates [3.03485*sqrt(range)]
	4.60521 duplicates expected on average
	0.00999963 is probability of zero duplicates
	0x31195901 is seed for this run
---
- Testing for repeats started...
  - Allocating memory started...
    - allocated hash table of reserved for 198893 elements
  - Allocating memory completed (0.000915857 seconds)
  - Checking PRNG output started...
    - repeat of 4068239873 found, step 49567
    - repeat of 2665108666 found, step 80724
    - repeat of 1239805101 found, step 85143
    - repeat of 1338292398 found, step 94591
    - repeat of 2761768451 found, step 123359
    - repeat of 560837340 found, step 132005
    - repeat of 755652453 found, step 193578
  - Checking PRNG output completed (0.0120624 seconds)
- Testing for repeats completed (0.0129886 seconds)
---
7 repeats, p-value = 1 - 0.0955042
- bump_allocator_static< std::__detail::_Hash_node_base* > at 0x604310 destroyed!
 - total_allocations_  = 1
 - active_allocations_ = 0
 - high_allocations_   = 1
 - total_mem_  = 1619272
 - active_mem_ = 0
 - high_mem_   = 1619272
- bump_allocator_static< std::__detail::_Hash_node<unsigned int, false> > at 0x6042d0 destroyed!
 - total_allocations_  = 198886
 - active_allocations_ = 0
 - high_allocations_   = 198886
 - total_mem_  = 3182176
 - active_mem_ = 0
 - high_mem_   = 3182176

Memory usage summary: heap total: 1073815760, heap peak: 1073815568, stack peak: 2816
         total calls   total memory   failed calls
 malloc|          5     1073815568              0
realloc|          4            192              0  (nomove:0, dec:0, free:0)
 calloc|          0              0              0
   free|          6     1073742032
Histogram for block sizes:
   16-31              1  11% =========================
   32-47              2  22% ==================================================
   64-79              2  22% ==================================================
  512-527             2  22% ==================================================
   large              2  22% ==================================================
