Testing xorshift64star32a
	0..4294967295 is range of generator
	414487 outputs to scan for duplicates [6.32456*sqrt(range)]
	19.9994 duplicates expected on average
	2.06239e-09 is probability of zero duplicates
	0x536ef94b is seed for this run
---
- Testing for repeats started...
  - Allocating memory started...
    - allocated array of size 414487.
  - Allocating memory completed (8.384e-06 seconds)
  - Storing PRNG output started...
  - Storing PRNG output completed (0.00315733 seconds)
  - Sorting started...
  - Sorting completed (0.0591208 seconds)
  - Scanning for duplicates started...
    - repeat of 298299523 found
    - repeat of 388895762 found
    - repeat of 911486690 found
    - repeat of 1157137473 found
    - repeat of 1396954277 found
    - repeat of 1536234088 found
    - repeat of 1662355699 found
    - repeat of 1691959322 found
    - repeat of 1711987406 found
    - repeat of 1907970420 found
    - repeat of 2110059851 found
    - repeat of 2296152443 found
    - repeat of 2352002829 found
    - repeat of 2892023394 found
    - repeat of 3264959110 found
    - repeat of 3395464306 found
    - repeat of 3508841412 found
    - repeat of 3620933115 found
    - repeat of 3641623546 found
  - Scanning for duplicates completed (0.000499553 seconds)
- Testing for repeats completed (0.0628074 seconds)
---
19 repeats, p-value = 0.470311

Memory usage summary: heap total: 1730652, heap peak: 1730652, stack peak: 5568
         total calls   total memory   failed calls
 malloc|          2        1730652              0
realloc|          0              0              0  (nomove:0, dec:0, free:0)
 calloc|          0              0              0
   free|          0              0
Histogram for block sizes:
   large              2 100% ==================================================
