Testing xoroshiro64plus32
	0..4294967295 is range of generator
	414487 outputs to scan for duplicates [6.32456*sqrt(range)]
	20.0001 duplicates expected on average
	2.06097e-09 is probability of zero duplicates
	0xbfd86224 is seed for this run
---
- Testing for repeats started...
  - Allocating memory started...
    - allocated 256 buckets of capacity 2023
    - allocated 256 bucket counters
  - Allocating memory completed (1.3434e-05 seconds)
  - Storing PRNG output started...
  - Storing PRNG output completed (0.00249426 seconds)
  - Sorting started...
  - Sorting completed (0.0252418 seconds)
  - Scanning for duplicates started...
    - repeat of 2700368416 found
    - repeat of 513330980 found
    - repeat of 911630892 found
    - repeat of 3266904623 found
    - repeat of 67070006 found
    - repeat of 3006915126 found
    - repeat of 527767865 found
    - repeat of 272126021 found
    - repeat of 3335121996 found
    - repeat of 3599258460 found
    - repeat of 2179823994 found
    - repeat of 1985482119 found
    - repeat of 787980170 found
    - repeat of 1499730832 found
    - repeat of 3546332082 found
    - repeat of 4211979449 found
    - repeat of 1667298238 found
    - repeat of 1842360532 found
    - repeat of 2066890988 found
    - repeat of 3593348590 found
    - repeat of 15069430 found
    - repeat of 2129218294 found
    - repeat of 2730276095 found
  - Scanning for duplicates completed (0.000445086 seconds)
- Testing for repeats completed (0.0282142 seconds)
---
23 repeats, p-value = 1 - 0.212513

Memory usage summary: heap total: 2145280, heap peak: 2145280, stack peak: 5616
         total calls   total memory   failed calls
 malloc|          3        2145280              0
realloc|          0              0              0  (nomove:0, dec:0, free:0)
 calloc|          0              0              0
   free|          0              0
Histogram for block sizes:
 1024-1039            1  33% =========================
   large              2  66% ==================================================
