Testing xorshift64star32a
	0..4294967295 is range of generator
	414487 outputs to scan for duplicates [6.32456*sqrt(range)]
	19.9994 duplicates expected on average
	2.06239e-09 is probability of zero duplicates
	0x10fecc46 is seed for this run
---
- Testing for repeats started...
  - Allocating memory started...
    - allocated array of size 414487.
  - Allocating memory completed (7.89e-06 seconds)
  - Storing PRNG output started...
  - Storing PRNG output completed (0.00315263 seconds)
  - Sorting started...
  - Sorting completed (0.0598936 seconds)
  - Scanning for duplicates started...
    - repeat of 159772830 found
    - repeat of 289760993 found
    - repeat of 538654565 found
    - repeat of 952311792 found
    - repeat of 1111462575 found
    - repeat of 1162214580 found
    - repeat of 2197061818 found
    - repeat of 2816397127 found
    - repeat of 3320754812 found
    - repeat of 3537088983 found
    - repeat of 3940961236 found
    - repeat of 4055924545 found
    - repeat of 4096350628 found
    - repeat of 4162980254 found
  - Scanning for duplicates completed (0.000555718 seconds)
- Testing for repeats completed (0.063631 seconds)
---
14 repeats, p-value = 0.104888

Memory usage summary: heap total: 1730652, heap peak: 1730652, stack peak: 5568
         total calls   total memory   failed calls
 malloc|          2        1730652              0
realloc|          0              0              0  (nomove:0, dec:0, free:0)
 calloc|          0              0              0
   free|          0              0
Histogram for block sizes:
   large              2 100% ==================================================
