Testing std::mt19937
	0..4294967295 is range of generator
	414487 outputs to scan for duplicates [6.32456*sqrt(range)]
	20.0001 duplicates expected on average
	2.06097e-09 is probability of zero duplicates
	0xe8cff3ed is seed for this run
---
- Testing for repeats started...
  - Allocating memory started...
    - allocated 256 buckets of capacity 2023
    - allocated 256 bucket counters
  - Allocating memory completed (1.5152e-05 seconds)
  - Storing PRNG output started...
  - Storing PRNG output completed (0.00642944 seconds)
  - Sorting started...
  - Sorting completed (0.0332275 seconds)
  - Scanning for duplicates started...
    - repeat of 2151477275 found
    - repeat of 2700149795 found
    - repeat of 1601288485 found
    - repeat of 3375846962 found
    - repeat of 2071683913 found
    - repeat of 2447052131 found
    - repeat of 1174480756 found
    - repeat of 885358460 found
    - repeat of 257089938 found
    - repeat of 7257759 found
    - repeat of 714042533 found
    - repeat of 80830137 found
    - repeat of 1663172801 found
    - repeat of 3961951223 found
    - repeat of 28908283 found
  - Scanning for duplicates completed (0.000641594 seconds)
- Testing for repeats completed (0.0403308 seconds)
---
15 repeats, p-value = 0.156508

Memory usage summary: heap total: 4217856, heap peak: 4217856, stack peak: 10576
         total calls   total memory   failed calls
 malloc|          3        4217856              0
realloc|          0              0              0  (nomove:0, dec:0, free:0)
 calloc|          0              0              0
   free|          0              0
Histogram for block sizes:
 2048-2063            1  33% =========================
   large              2  66% ==================================================
