Testing std::mt19937
	0..4294967295 is range of generator
	414487 outputs to scan for duplicates [6.32456*sqrt(range)]
	20.0001 duplicates expected on average
	2.06097e-09 is probability of zero duplicates
	0x2e8482 is seed for this run
---
- Testing for repeats started...
  - Allocating memory started...
    - allocated 256 buckets of capacity 2023
    - allocated 256 bucket counters
  - Allocating memory completed (1.9543e-05 seconds)
  - Storing PRNG output started...
  - Storing PRNG output completed (0.00683175 seconds)
  - Sorting started...
  - Sorting completed (0.0365342 seconds)
  - Scanning for duplicates started...
    - repeat of 1382386449 found
    - repeat of 491371814 found
    - repeat of 2271331641 found
    - repeat of 1033647163 found
    - repeat of 4264522044 found
    - repeat of 882135102 found
    - repeat of 1898061392 found
    - repeat of 814003589 found
    - repeat of 1692931468 found
    - repeat of 3265269135 found
    - repeat of 3027891346 found
    - repeat of 980633 found
    - repeat of 704612506 found
    - repeat of 444808622 found
    - repeat of 305571252 found
    - repeat of 2753918135 found
    - repeat of 452189372 found
    - repeat of 297720801 found
    - repeat of 1830016226 found
    - repeat of 2832233191 found
    - repeat of 4258116598 found
  - Scanning for duplicates completed (0.000586473 seconds)
- Testing for repeats completed (0.0439864 seconds)
---
21 repeats, p-value = 1 - 0.35631

Memory usage summary: heap total: 4217856, heap peak: 4217856, stack peak: 10576
         total calls   total memory   failed calls
 malloc|          3        4217856              0
realloc|          0              0              0  (nomove:0, dec:0, free:0)
 calloc|          0              0              0
   free|          0              0
Histogram for block sizes:
 2048-2063            1  33% =========================
   large              2  66% ==================================================
