Testing xoroshiro64starstar32
	0..4294967295 is range of generator
	198893 outputs to scan for duplicates [3.03485*sqrt(range)]
	4.60521 duplicates expected on average
	0.00999963 is probability of zero duplicates
	0xbe559421 is seed for this run
---
- Testing for repeats started...
  - Allocating memory started...
    - allocated hash table of reserved for 198893 elements
  - Allocating memory completed (0.00143534 seconds)
  - Checking PRNG output started...
    - repeat of 1069675068 found, step 80174
    - repeat of 4255450901 found, step 109685
    - repeat of 687133129 found, step 124820
    - repeat of 3052491675 found, step 158158
    - repeat of 3677093285 found, step 181074
    - repeat of 4010271498 found, step 187342
  - Checking PRNG output completed (0.03608 seconds)
- Testing for repeats completed (0.0375319 seconds)
---
6 repeats, p-value = 1 - 0.18266

Memory usage summary: heap total: 4874168, heap peak: 4874168, stack peak: 5648
         total calls   total memory   failed calls
 malloc|     198889        4874168              0
realloc|          0              0              0  (nomove:0, dec:0, free:0)
 calloc|          0              0              0
   free|     198888        4801464
Histogram for block sizes:
   16-31         198887  99% ==================================================
   large              2  <1% 
