Testing pcg32
	0..4294967295 is range of generator
	414487 outputs to scan for duplicates [6.32456*sqrt(range)]
	20.0001 duplicates expected on average
	2.06097e-09 is probability of zero duplicates
	0x9059b1c7 is seed for this run
---
- Testing for repeats started...
  - Allocating memory started...
    - allocated array of size 414487.
  - Allocating memory completed (6.95e-06 seconds)
  - Storing PRNG output started...
  - Storing PRNG output completed (0.00218222 seconds)
  - Sorting started...
  - Sorting completed (0.0435884 seconds)
  - Scanning for duplicates started...
    - repeat of 106956419 found
    - repeat of 432926324 found
    - repeat of 620580735 found
    - repeat of 712209826 found
    - repeat of 903994486 found
    - repeat of 1165348185 found
    - repeat of 1346543190 found
    - repeat of 1622337798 found
    - repeat of 1697842514 found
    - repeat of 1903978941 found
    - repeat of 1989475775 found
    - repeat of 2521471707 found
    - repeat of 2759219770 found
    - repeat of 2963398776 found
    - repeat of 3127289042 found
    - repeat of 3702628373 found
    - repeat of 4162156735 found
    - repeat of 4290560357 found
  - Scanning for duplicates completed (0.000583072 seconds)
- Testing for repeats completed (0.0463847 seconds)
---
18 repeats, p-value = 0.381414

Memory usage summary: heap total: 1730652, heap peak: 1730652, stack peak: 5568
         total calls   total memory   failed calls
 malloc|          2        1730652              0
realloc|          0              0              0  (nomove:0, dec:0, free:0)
 calloc|          0              0              0
   free|          0              0
Histogram for block sizes:
   large              2 100% ==================================================
