- bump_allocator_static< std::__detail::_Hash_node<unsigned int, false> > (item size = 16) at 0x6042d0 created!
- bump_allocator_static< std::__detail::_Hash_node_base* > (item size = 8) at 0x604310 created!
- mempool at 0x604298 allocated new chunk at 0x7f2b409a8020
- mempool at 0x604298 deallocated chunk at 0x7f2b409a8020
Testing pcg32
	0..4294967295 is range of generator
	414487 outputs to scan for duplicates [6.32456*sqrt(range)]
	20.0001 duplicates expected on average
	2.06097e-09 is probability of zero duplicates
	0x8b3ca486 is seed for this run
---
- Testing for repeats started...
  - Allocating memory started...
    - allocated hash table of reserved for 414487 elements
  - Allocating memory completed (0.00110381 seconds)
  - Checking PRNG output started...
    - repeat of 1708383935 found, step 41152
    - repeat of 3442604337 found, step 140387
    - repeat of 969188273 found, step 150875
    - repeat of 3203353245 found, step 210236
    - repeat of 3368640337 found, step 211402
    - repeat of 1653473685 found, step 230567
    - repeat of 3164966277 found, step 249601
    - repeat of 1465681116 found, step 265851
    - repeat of 899728053 found, step 275462
    - repeat of 3197682308 found, step 293423
    - repeat of 2347032935 found, step 345938
    - repeat of 602551365 found, step 355176
    - repeat of 2490563705 found, step 356894
    - repeat of 3313570193 found, step 358155
    - repeat of 56698902 found, step 364266
    - repeat of 1196121465 found, step 375904
    - repeat of 3744334472 found, step 382312
    - repeat of 33771700 found, step 385516
  - Checking PRNG output completed (0.0387604 seconds)
- Testing for repeats completed (0.0398738 seconds)
---
18 repeats, p-value = 0.381414
- bump_allocator_static< std::__detail::_Hash_node_base* > at 0x604310 destroyed!
 - total_allocations_  = 1
 - active_allocations_ = 0
 - high_allocations_   = 1
 - total_mem_  = 3555896
 - active_mem_ = 0
 - high_mem_   = 3555896
- bump_allocator_static< std::__detail::_Hash_node<unsigned int, false> > at 0x6042d0 destroyed!
 - total_allocations_  = 414469
 - active_allocations_ = 0
 - high_allocations_   = 414469
 - total_mem_  = 6631504
 - active_mem_ = 0
 - high_mem_   = 6631504

Memory usage summary: heap total: 1073815760, heap peak: 1073815568, stack peak: 2816
         total calls   total memory   failed calls
 malloc|          5     1073815568              0
realloc|          4            192              0  (nomove:0, dec:0, free:0)
 calloc|          0              0              0
   free|          6     1073742032
Histogram for block sizes:
   16-31              1  11% =========================
   32-47              2  22% ==================================================
   64-79              2  22% ==================================================
  512-527             2  22% ==================================================
   large              2  22% ==================================================
