- bump_allocator_static< std::__detail::_Hash_node<unsigned long, false> > (item size = 16) at 0x6042d0 created!
- bump_allocator_static< std::__detail::_Hash_node_base* > (item size = 8) at 0x604310 created!
- mempool at 0x604298 allocated new chunk at 0x7f7d59481020
- mempool at 0x604298 deallocated chunk at 0x7f7d59481020
Testing std::mt19937
	0..4294967295 is range of generator
	414487 outputs to scan for duplicates [6.32456*sqrt(range)]
	20.0001 duplicates expected on average
	2.06097e-09 is probability of zero duplicates
	0xb343039 is seed for this run
---
- Testing for repeats started...
  - Allocating memory started...
    - allocated hash table of reserved for 414487 elements
  - Allocating memory completed (0.00221103 seconds)
  - Checking PRNG output started...
    - repeat of 2935324845 found, step 54318
    - repeat of 238462454 found, step 84518
    - repeat of 892509779 found, step 96061
    - repeat of 971889022 found, step 137230
    - repeat of 3141306028 found, step 201736
    - repeat of 1704319892 found, step 226330
    - repeat of 2638488164 found, step 266802
    - repeat of 1660546998 found, step 279403
    - repeat of 915100704 found, step 288660
    - repeat of 3639672946 found, step 297449
    - repeat of 2435076521 found, step 303821
    - repeat of 1359378620 found, step 306541
    - repeat of 4253043072 found, step 310315
    - repeat of 3574285303 found, step 311143
    - repeat of 4053784627 found, step 332667
    - repeat of 2950410493 found, step 338234
    - repeat of 4185254159 found, step 358338
    - repeat of 707696634 found, step 371251
    - repeat of 4178833654 found, step 379759
    - repeat of 1073691806 found, step 380007
    - repeat of 2112640156 found, step 388620
    - repeat of 3963971345 found, step 390589
  - Checking PRNG output completed (0.0447577 seconds)
- Testing for repeats completed (0.046985 seconds)
---
22 repeats, p-value = 1 - 0.279396
- bump_allocator_static< std::__detail::_Hash_node_base* > at 0x604310 destroyed!
 - total_allocations_  = 1
 - active_allocations_ = 0
 - high_allocations_   = 1
 - total_mem_  = 3555896
 - active_mem_ = 0
 - high_mem_   = 3555896
- bump_allocator_static< std::__detail::_Hash_node<unsigned long, false> > at 0x6042d0 destroyed!
 - total_allocations_  = 414465
 - active_allocations_ = 0
 - high_allocations_   = 414465
 - total_mem_  = 6631440
 - active_mem_ = 0
 - high_mem_   = 6631440

Memory usage summary: heap total: 1073815760, heap peak: 1073815568, stack peak: 2816
         total calls   total memory   failed calls
 malloc|          5     1073815568              0
realloc|          4            192              0  (nomove:0, dec:0, free:0)
 calloc|          0              0              0
   free|          6     1073742032
Histogram for block sizes:
   16-31              1  11% =========================
   32-47              2  22% ==================================================
   64-79              2  22% ==================================================
  512-527             2  22% ==================================================
   large              2  22% ==================================================
