Testing jsf64
	0..18446744073709551615 is range of generator
	13034599790 outputs to scan for duplicates [3.03485*sqrt(range)]
	4.60517 duplicates expected on average
	0.01 is probability of zero duplicates
	0x8c105ad5 is seed for this run
---
- Testing for repeats started...
  - Allocating memory started...
    - allocated bloomish filter with 1073741824 64-bit elements (3 bits/entry)
    - allocated possible-match log with 536870912 64-bit elements
  - Allocating memory completed (1.7798e-05 seconds)
  - Phase 1, Gathering repeat candidates started...
    - 362457905 repeat candidates found
  - Phase 1, Gathering repeat candidates completed (791.478 seconds)
  - Reallocating memory started...
    - Deallocated bloomish filter
    - Allocated hash table of the same size
  - Reallocating memory completed (3.06095 seconds)
  - Phase 2, Storing candidates in hash table started...
  - Phase 2, Storing candidates in hash table completed (9.40677 seconds)
  - Phase 3, Testing candidates started...
    - repeat of 18111783472393605291 found, step 5000957407
    - repeat of 8478553043101201056 found, step 6374083365
    - repeat of 10153798470218580836 found, step 7198354356
    - repeat of 16776149503908941178 found, step 7804546942
    - repeat of 18146520642502571590 found, step 9444096286
    - repeat of 7342264634305426612 found, step 11906607041
  - Phase 3, Testing candidates completed (445.02 seconds)
- Testing for repeats completed (1248.97 seconds)
---
6 repeats, p-value = 1 - 0.182655

Memory usage summary: heap total: 22548651009, heap peak: 13958716417, stack peak: 5696
         total calls   total memory   failed calls
 malloc|          5    22548651009              0
realloc|          0              0              0  (nomove:0, dec:0, free:0)
 calloc|          0              0              0
   free|          4    22548578305
Histogram for block sizes:
   large              5 100% ==================================================
