Testing gjrand32
	0..4294967295 is range of generator
	414487 outputs to scan for duplicates [6.32456*sqrt(range)]
	20.0001 duplicates expected on average
	2.06097e-09 is probability of zero duplicates
	0x2447eb6f is seed for this run
---
- Testing for repeats started...
  - Allocating memory started...
    - allocated hash table of reserved for 414487 elements
  - Allocating memory completed (0.00205837 seconds)
  - Checking PRNG output started...
    - repeat of 2709942970 found, step 133100
    - repeat of 3748208743 found, step 151885
    - repeat of 3197596965 found, step 167081
    - repeat of 1659329997 found, step 173450
    - repeat of 2171637199 found, step 176018
    - repeat of 3969053468 found, step 222377
    - repeat of 391055362 found, step 236521
    - repeat of 731871163 found, step 259872
    - repeat of 3295608449 found, step 265579
    - repeat of 1444029429 found, step 276294
    - repeat of 3931552777 found, step 280498
    - repeat of 3449609171 found, step 317463
    - repeat of 1903738388 found, step 324929
    - repeat of 3438953414 found, step 339085
    - repeat of 4265149719 found, step 341924
    - repeat of 3599121299 found, step 353066
    - repeat of 3812265106 found, step 354241
    - repeat of 1603688837 found, step 372227
    - repeat of 1089222434 found, step 386580
    - repeat of 1304503260 found, step 401368
  - Checking PRNG output completed (0.085467 seconds)
- Testing for repeats completed (0.0875349 seconds)
---
20 repeats, p-value = 1 - 0.440915

Memory usage summary: heap total: 10260072, heap peak: 10260072, stack peak: 5648
         total calls   total memory   failed calls
 malloc|     414469       10260072              0
realloc|          0              0              0  (nomove:0, dec:0, free:0)
 calloc|          0              0              0
   free|     414468       10187368
Histogram for block sizes:
   16-31         414467  99% ==================================================
   large              2  <1% 
