Testing gjrand32
	0..4294967295 is range of generator
	414487 outputs to scan for duplicates [6.32456*sqrt(range)]
	20.0001 duplicates expected on average
	2.06097e-09 is probability of zero duplicates
	0x9cc4388e is seed for this run
---
- Testing for repeats started...
  - Allocating memory started...
    - allocated hash table of reserved for 414487 elements
  - Allocating memory completed (0.00149621 seconds)
  - Checking PRNG output started...
    - repeat of 3198338177 found, step 75079
    - repeat of 1832418670 found, step 173020
    - repeat of 3600347166 found, step 189637
    - repeat of 1265653284 found, step 205122
    - repeat of 2741732991 found, step 221767
    - repeat of 2681448937 found, step 255059
    - repeat of 2492502009 found, step 260398
    - repeat of 521549355 found, step 278164
    - repeat of 400286795 found, step 293612
    - repeat of 4235952512 found, step 309368
    - repeat of 211052014 found, step 326457
    - repeat of 1772029384 found, step 336308
    - repeat of 1855930615 found, step 351500
    - repeat of 2182418776 found, step 382806
    - repeat of 2100777765 found, step 384211
    - repeat of 3099295285 found, step 386844
    - repeat of 1872800200 found, step 399356
    - repeat of 2113433262 found, step 403505
    - repeat of 377740256 found, step 408919
  - Checking PRNG output completed (0.0809037 seconds)
- Testing for repeats completed (0.0824129 seconds)
---
19 repeats, p-value = 0.470249

Memory usage summary: heap total: 10260088, heap peak: 10260088, stack peak: 5648
         total calls   total memory   failed calls
 malloc|     414470       10260088              0
realloc|          0              0              0  (nomove:0, dec:0, free:0)
 calloc|          0              0              0
   free|     414469       10187384
Histogram for block sizes:
   16-31         414468  99% ==================================================
   large              2  <1% 
