Testing xoroshiro64plus32
	0..4294967295 is range of generator
	414487 outputs to scan for duplicates [6.32456*sqrt(range)]
	20.0001 duplicates expected on average
	2.06097e-09 is probability of zero duplicates
	0xc1fbb08a is seed for this run
---
- Testing for repeats started...
  - Allocating memory started...
    - allocated hash table of reserved for 414487 elements
  - Allocating memory completed (0.00227279 seconds)
  - Checking PRNG output started...
    - repeat of 4273479770 found, step 56252
    - repeat of 3581812650 found, step 139198
    - repeat of 78176681 found, step 163137
    - repeat of 490480395 found, step 164611
    - repeat of 1550070749 found, step 170550
    - repeat of 1655987513 found, step 187046
    - repeat of 3538556642 found, step 229816
    - repeat of 598260382 found, step 249652
    - repeat of 3808632120 found, step 251176
    - repeat of 3326772581 found, step 264772
    - repeat of 270234319 found, step 294233
    - repeat of 976581713 found, step 299605
    - repeat of 511308966 found, step 305581
    - repeat of 421903458 found, step 309351
    - repeat of 671952258 found, step 358216
    - repeat of 3824446634 found, step 359637
    - repeat of 44190423 found, step 368861
    - repeat of 1257916052 found, step 377856
    - repeat of 2819647294 found, step 397333
    - repeat of 4131589464 found, step 412315
  - Checking PRNG output completed (0.0969519 seconds)
- Testing for repeats completed (0.0992419 seconds)
---
20 repeats, p-value = 1 - 0.440915

Memory usage summary: heap total: 10260072, heap peak: 10260072, stack peak: 5648
         total calls   total memory   failed calls
 malloc|     414469       10260072              0
realloc|          0              0              0  (nomove:0, dec:0, free:0)
 calloc|          0              0              0
   free|     414468       10187368
Histogram for block sizes:
   16-31         414467  99% ==================================================
   large              2  <1% 
