- bump_allocator_static< std::__detail::_Hash_node<unsigned int, false> > (item size = 16) at 0x6042d0 created!
- bump_allocator_static< std::__detail::_Hash_node_base* > (item size = 8) at 0x604310 created!
- mempool at 0x604298 allocated new chunk at 0x7fb6621b1020
- mempool at 0x604298 deallocated chunk at 0x7fb6621b1020
Testing pcg32
	0..4294967295 is range of generator
	414487 outputs to scan for duplicates [6.32456*sqrt(range)]
	20.0001 duplicates expected on average
	2.06097e-09 is probability of zero duplicates
	0xbe8c215d is seed for this run
---
- Testing for repeats started...
  - Allocating memory started...
    - allocated hash table of reserved for 414487 elements
  - Allocating memory completed (0.00267412 seconds)
  - Checking PRNG output started...
    - repeat of 2473501691 found, step 88333
    - repeat of 2104976448 found, step 94437
    - repeat of 2220448449 found, step 140634
    - repeat of 540220567 found, step 230710
    - repeat of 729849099 found, step 247303
    - repeat of 4108649702 found, step 253175
    - repeat of 618420866 found, step 282866
    - repeat of 2476607956 found, step 291557
    - repeat of 2990439767 found, step 299724
    - repeat of 967696905 found, step 307807
    - repeat of 2565040105 found, step 353169
    - repeat of 2349628314 found, step 363973
    - repeat of 2241638548 found, step 364412
    - repeat of 1731651848 found, step 366726
    - repeat of 3935350242 found, step 398744
  - Checking PRNG output completed (0.0617628 seconds)
- Testing for repeats completed (0.0644535 seconds)
---
15 repeats, p-value = 0.156508
- bump_allocator_static< std::__detail::_Hash_node_base* > at 0x604310 destroyed!
 - total_allocations_  = 1
 - active_allocations_ = 0
 - high_allocations_   = 1
 - total_mem_  = 3555896
 - active_mem_ = 0
 - high_mem_   = 3555896
- bump_allocator_static< std::__detail::_Hash_node<unsigned int, false> > at 0x6042d0 destroyed!
 - total_allocations_  = 414472
 - active_allocations_ = 0
 - high_allocations_   = 414472
 - total_mem_  = 6631552
 - active_mem_ = 0
 - high_mem_   = 6631552

Memory usage summary: heap total: 1073815760, heap peak: 1073815568, stack peak: 2816
         total calls   total memory   failed calls
 malloc|          5     1073815568              0
realloc|          4            192              0  (nomove:0, dec:0, free:0)
 calloc|          0              0              0
   free|          6     1073742032
Histogram for block sizes:
   16-31              1  11% =========================
   32-47              2  22% ==================================================
   64-79              2  22% ==================================================
  512-527             2  22% ==================================================
   large              2  22% ==================================================
