Testing xorshift64star32a
	0..4294967295 is range of generator
	198893 outputs to scan for duplicates [3.03485*sqrt(range)]
	4.60511 duplicates expected on average
	0.0100006 is probability of zero duplicates
	0x51a025c is seed for this run
---
- Testing for repeats started...
  - Allocating memory started...
    - allocated hash table of reserved for 198893 elements
  - Allocating memory completed (0.000975655 seconds)
  - Checking PRNG output started...
    - repeat of 3290599523 found, step 31527
    - repeat of 116855452 found, step 90245
    - repeat of 3559478835 found, step 97035
    - repeat of 2771377377 found, step 112905
    - repeat of 1041808851 found, step 152680
    - repeat of 3025142299 found, step 166438
    - repeat of 936859583 found, step 195801
  - Checking PRNG output completed (0.0357629 seconds)
- Testing for repeats completed (0.0367508 seconds)
---
7 repeats, p-value = 1 - 0.0954959

Memory usage summary: heap total: 4874152, heap peak: 4874152, stack peak: 5648
         total calls   total memory   failed calls
 malloc|     198888        4874152              0
realloc|          0              0              0  (nomove:0, dec:0, free:0)
 calloc|          0              0              0
   free|     198887        4801448
Histogram for block sizes:
   16-31         198886  99% ==================================================
   large              2  <1% 
