Testing xoroshiro64plus32
	0..4294967295 is range of generator
	198893 outputs to scan for duplicates [3.03485*sqrt(range)]
	4.60521 duplicates expected on average
	0.00999963 is probability of zero duplicates
	0xf64a0193 is seed for this run
---
- Testing for repeats started...
  - Allocating memory started...
    - allocated hash table of reserved for 198893 elements
  - Allocating memory completed (0.00141526 seconds)
  - Checking PRNG output started...
    - repeat of 1001932629 found, step 117224
    - repeat of 227539808 found, step 156630
    - repeat of 1137392697 found, step 178438
  - Checking PRNG output completed (0.0426473 seconds)
- Testing for repeats completed (0.0440756 seconds)
---
3 repeats, p-value = 0.324858

Memory usage summary: heap total: 4874216, heap peak: 4874216, stack peak: 5648
         total calls   total memory   failed calls
 malloc|     198892        4874216              0
realloc|          0              0              0  (nomove:0, dec:0, free:0)
 calloc|          0              0              0
   free|     198891        4801512
Histogram for block sizes:
   16-31         198890  99% ==================================================
   large              2  <1% 
