Testing xoroshiro64plus32
	0..4294967295 is range of generator
	414487 outputs to scan for duplicates [6.32456*sqrt(range)]
	20.0001 duplicates expected on average
	2.06097e-09 is probability of zero duplicates
	0x40a8fd7e is seed for this run
---
- Testing for repeats started...
  - Allocating memory started...
    - allocated hash table of reserved for 414487 elements
  - Allocating memory completed (0.00191839 seconds)
  - Checking PRNG output started...
    - repeat of 2233664491 found, step 105695
    - repeat of 703235403 found, step 128188
    - repeat of 4033718679 found, step 157896
    - repeat of 30138764 found, step 191751
    - repeat of 834592410 found, step 258525
    - repeat of 401306759 found, step 266745
    - repeat of 3279650622 found, step 297216
    - repeat of 1094342610 found, step 304825
    - repeat of 2608401920 found, step 312457
    - repeat of 3910316500 found, step 355029
    - repeat of 2782450196 found, step 358208
    - repeat of 1546643743 found, step 391066
    - repeat of 3006895646 found, step 407297
  - Checking PRNG output completed (0.0892337 seconds)
- Testing for repeats completed (0.0911722 seconds)
---
13 repeats, p-value = 0.0661252

Memory usage summary: heap total: 10260184, heap peak: 10260184, stack peak: 5648
         total calls   total memory   failed calls
 malloc|     414476       10260184              0
realloc|          0              0              0  (nomove:0, dec:0, free:0)
 calloc|          0              0              0
   free|     414475       10187480
Histogram for block sizes:
   16-31         414474  99% ==================================================
   large              2  <1% 
