Testing jsf32
	0..4294967295 is range of generator
	198893 outputs to scan for duplicates [3.03485*sqrt(range)]
	4.60521 duplicates expected on average
	0.00999963 is probability of zero duplicates
	0x8096bcb8 is seed for this run
---
- Testing for repeats started...
  - Allocating memory started...
    - allocated 256 buckets of capacity 971
    - allocated 256 bucket counters
  - Allocating memory completed (1.455e-05 seconds)
  - Storing PRNG output started...
  - Storing PRNG output completed (0.00155594 seconds)
  - Sorting started...
  - Sorting completed (0.0175468 seconds)
  - Scanning for duplicates started...
    - repeat of 3077709572 found
    - repeat of 1939258918 found
    - repeat of 3005915964 found
    - repeat of 567620466 found
    - repeat of 1376228477 found
    - repeat of 1907947400 found
    - repeat of 1828590813 found
    - repeat of 1972936436 found
  - Scanning for duplicates completed (0.00034489 seconds)
- Testing for repeats completed (0.0194853 seconds)
---
8 repeats, p-value = 1 - 0.0453327

Memory usage summary: heap total: 1068032, heap peak: 1068032, stack peak: 5616
         total calls   total memory   failed calls
 malloc|          3        1068032              0
realloc|          0              0              0  (nomove:0, dec:0, free:0)
 calloc|          0              0              0
   free|          0              0
Histogram for block sizes:
 1024-1039            1  33% =========================
   large              2  66% ==================================================
