Testing std::mt19937
	0..4294967295 is range of generator
	198893 outputs to scan for duplicates [3.03485*sqrt(range)]
	4.60521 duplicates expected on average
	0.00999963 is probability of zero duplicates
	0x40532ba2 is seed for this run
---
- Testing for repeats started...
  - Allocating memory started...
    - allocated hash table of reserved for 198893 elements
  - Allocating memory completed (0.000955704 seconds)
  - Checking PRNG output started...
    - repeat of 3803974870 found, step 145392
    - repeat of 3262847387 found, step 156982
    - repeat of 4092779664 found, step 182616
  - Checking PRNG output completed (0.0356424 seconds)
- Testing for repeats completed (0.0366178 seconds)
---
3 repeats, p-value = 0.324858

Memory usage summary: heap total: 4874216, heap peak: 4874216, stack peak: 10608
         total calls   total memory   failed calls
 malloc|     198892        4874216              0
realloc|          0              0              0  (nomove:0, dec:0, free:0)
 calloc|          0              0              0
   free|     198891        4801512
Histogram for block sizes:
   16-31         198890  99% ==================================================
   large              2  <1% 
