Testing xoroshiro64star32
	0..4294967295 is range of generator
	414487 outputs to scan for duplicates [6.32456*sqrt(range)]
	20.0001 duplicates expected on average
	2.06097e-09 is probability of zero duplicates
	0x50e1412e is seed for this run
---
- Testing for repeats started...
  - Allocating memory started...
    - allocated bloomish filter with 32768 64-bit elements (3 bits/entry)
    - allocated possible-match log with 16384 32-bit elements
  - Allocating memory completed (1.762e-05 seconds)
  - Phase 1, Gathering repeat candidates started...
    - 15278 repeat candidates found
  - Phase 1, Gathering repeat candidates completed (0.0106478 seconds)
  - Reallocating memory started...
    - Deallocated bloomish filter
    - Allocated hash table of the same size
  - Reallocating memory completed (0.000165052 seconds)
  - Phase 2, Storing candidates in hash table started...
  - Phase 2, Storing candidates in hash table completed (0.00026074 seconds)
  - Phase 3, Testing candidates started...
    - repeat of 1791924600 found, step 25215
    - repeat of 2438617566 found, step 49430
    - repeat of 3504129531 found, step 87357
    - repeat of 4111949422 found, step 92939
    - repeat of 2398144741 found, step 134764
    - repeat of 2834981073 found, step 177840
    - repeat of 3802476082 found, step 187259
    - repeat of 4037191672 found, step 213441
    - repeat of 1449267722 found, step 243623
    - repeat of 3547028914 found, step 263084
    - repeat of 380373201 found, step 272918
    - repeat of 1810031531 found, step 296709
    - repeat of 1792802229 found, step 305005
    - repeat of 2815031246 found, step 331149
    - repeat of 3352425546 found, step 341529
    - repeat of 2056804561 found, step 341552
    - repeat of 2742141389 found, step 342778
    - repeat of 1859023683 found, step 364159
    - repeat of 1005991647 found, step 364855
    - repeat of 1738453238 found, step 377650
    - repeat of 2722200209 found, step 412021
  - Phase 3, Testing candidates completed (0.0122752 seconds)
- Testing for repeats completed (0.02341 seconds)
---
21 repeats, p-value = 1 - 0.35631

Memory usage summary: heap total: 564225, heap peak: 400384, stack peak: 5680
         total calls   total memory   failed calls
 malloc|          5         564225              0
realloc|          0              0              0  (nomove:0, dec:0, free:0)
 calloc|          0              0              0
   free|          4         491521
Histogram for block sizes:
32768-32783           1  20% ============
   large              4  80% ==================================================
