Testing xorshift64star32a
	0..4294967295 is range of generator
	198893 outputs to scan for duplicates [3.03485*sqrt(range)]
	4.60511 duplicates expected on average
	0.0100006 is probability of zero duplicates
	0xc01d5d24 is seed for this run
---
- Testing for repeats started...
  - Allocating memory started...
    - allocated array of size 198893.
  - Allocating memory completed (9.03e-06 seconds)
  - Storing PRNG output started...
  - Storing PRNG output completed (0.00144683 seconds)
  - Sorting started...
  - Sorting completed (0.029604 seconds)
  - Scanning for duplicates started...
    - repeat of 672112093 found
    - repeat of 2073813042 found
    - repeat of 2249518934 found
  - Scanning for duplicates completed (0.000299349 seconds)
- Testing for repeats completed (0.0313739 seconds)
---
3 repeats, p-value = 0.324873

Memory usage summary: heap total: 868276, heap peak: 868276, stack peak: 5568
         total calls   total memory   failed calls
 malloc|          2         868276              0
realloc|          0              0              0  (nomove:0, dec:0, free:0)
 calloc|          0              0              0
   free|          0              0
Histogram for block sizes:
   large              2 100% ==================================================
