Testing jsf32
	0..4294967295 is range of generator
	414487 outputs to scan for duplicates [6.32456*sqrt(range)]
	20.0001 duplicates expected on average
	2.06097e-09 is probability of zero duplicates
	0x6a5eca32 is seed for this run
---
- Testing for repeats started...
  - Allocating memory started...
    - allocated hash table of reserved for 414487 elements
  - Allocating memory completed (0.00312423 seconds)
  - Checking PRNG output started...
    - repeat of 435233696 found, step 53046
    - repeat of 3164220831 found, step 107779
    - repeat of 2226566652 found, step 107809
    - repeat of 2249796516 found, step 118567
    - repeat of 2472361594 found, step 138834
    - repeat of 2342901985 found, step 165905
    - repeat of 641840621 found, step 219292
    - repeat of 675851815 found, step 224839
    - repeat of 2033156316 found, step 273868
    - repeat of 1827129541 found, step 292980
    - repeat of 3820433517 found, step 296272
    - repeat of 4194324469 found, step 300766
    - repeat of 4235389767 found, step 315499
    - repeat of 1025115482 found, step 321396
    - repeat of 4242124382 found, step 332805
    - repeat of 528682410 found, step 336998
    - repeat of 2929510855 found, step 350325
    - repeat of 39687356 found, step 360427
    - repeat of 2164353037 found, step 395305
    - repeat of 3054596056 found, step 403201
    - repeat of 3702673927 found, step 412570
  - Checking PRNG output completed (0.088892 seconds)
- Testing for repeats completed (0.0920369 seconds)
---
21 repeats, p-value = 1 - 0.35631

Memory usage summary: heap total: 10260056, heap peak: 10260056, stack peak: 5648
         total calls   total memory   failed calls
 malloc|     414468       10260056              0
realloc|          0              0              0  (nomove:0, dec:0, free:0)
 calloc|          0              0              0
   free|     414467       10187352
Histogram for block sizes:
   16-31         414466  99% ==================================================
   large              2  <1% 
