Testing sfc32
	0..4294967295 is range of generator
	198893 outputs to scan for duplicates [3.03485*sqrt(range)]
	4.60521 duplicates expected on average
	0.00999963 is probability of zero duplicates
	0x8313ceb is seed for this run
---
- Testing for repeats started...
  - Allocating memory started...
    - allocated hash table of reserved for 198893 elements
  - Allocating memory completed (0.00135858 seconds)
  - Checking PRNG output started...
    - repeat of 2195352962 found, step 56769
    - repeat of 2912083557 found, step 129369
    - repeat of 3637240481 found, step 149787
    - repeat of 3406798416 found, step 171879
    - repeat of 1411837234 found, step 182866
    - repeat of 4158018160 found, step 187635
  - Checking PRNG output completed (0.0755536 seconds)
- Testing for repeats completed (0.0769431 seconds)
---
6 repeats, p-value = 1 - 0.18266

Memory usage summary: heap total: 4874168, heap peak: 4874168, stack peak: 5648
         total calls   total memory   failed calls
 malloc|     198889        4874168              0
realloc|          0              0              0  (nomove:0, dec:0, free:0)
 calloc|          0              0              0
   free|     198888        4801464
Histogram for block sizes:
   16-31         198887  99% ==================================================
   large              2  <1% 
