Testing sfc32
	0..4294967295 is range of generator
	414487 outputs to scan for duplicates [6.32456*sqrt(range)]
	20.0001 duplicates expected on average
	2.06097e-09 is probability of zero duplicates
	0xbf5a32da is seed for this run
---
- Testing for repeats started...
  - Allocating memory started...
    - allocated bloomish filter with 32768 64-bit elements (3 bits/entry)
    - allocated possible-match log with 16384 32-bit elements
  - Allocating memory completed (1.7233e-05 seconds)
  - Phase 1, Gathering repeat candidates started...
    - 15319 repeat candidates found
  - Phase 1, Gathering repeat candidates completed (0.0105514 seconds)
  - Reallocating memory started...
    - Deallocated bloomish filter
    - Allocated hash table of the same size
  - Reallocating memory completed (0.000152555 seconds)
  - Phase 2, Storing candidates in hash table started...
  - Phase 2, Storing candidates in hash table completed (0.000278674 seconds)
  - Phase 3, Testing candidates started...
    - repeat of 2311323077 found, step 28465
    - repeat of 2719874045 found, step 87350
    - repeat of 798242065 found, step 118889
    - repeat of 2762194698 found, step 138943
    - repeat of 1325738702 found, step 179981
    - repeat of 3250919873 found, step 187453
    - repeat of 3714140690 found, step 195798
    - repeat of 2411391290 found, step 202283
    - repeat of 3320093425 found, step 205302
    - repeat of 2076359161 found, step 244508
    - repeat of 3394201247 found, step 249783
    - repeat of 170607904 found, step 298363
    - repeat of 614522573 found, step 318671
    - repeat of 825647417 found, step 324784
    - repeat of 1783262406 found, step 336869
    - repeat of 1166464934 found, step 397151
    - repeat of 3103423945 found, step 404214
  - Phase 3, Testing candidates completed (0.0122858 seconds)
- Testing for repeats completed (0.0233165 seconds)
---
17 repeats, p-value = 0.297021

Memory usage summary: heap total: 564225, heap peak: 400384, stack peak: 5696
         total calls   total memory   failed calls
 malloc|          5         564225              0
realloc|          0              0              0  (nomove:0, dec:0, free:0)
 calloc|          0              0              0
   free|          4         491521
Histogram for block sizes:
32768-32783           1  20% ============
   large              4  80% ==================================================
