Testing pcg32_fast
	0..4294967295 is range of generator
	414487 outputs to scan for duplicates [6.32456*sqrt(range)]
	20.0001 duplicates expected on average
	2.06097e-09 is probability of zero duplicates
	0xc4b62a1b is seed for this run
---
- Testing for repeats started...
  - Allocating memory started...
    - allocated 256 buckets of capacity 2023
    - allocated 256 bucket counters
  - Allocating memory completed (1.9245e-05 seconds)
  - Storing PRNG output started...
  - Storing PRNG output completed (0.0033599 seconds)
  - Sorting started...
  - Sorting completed (0.0374062 seconds)
  - Scanning for duplicates started...
    - repeat of 1336302857 found
    - repeat of 1268697871 found
    - repeat of 389942557 found
    - repeat of 81566263 found
    - repeat of 2353329734 found
    - repeat of 481525842 found
    - repeat of 1922146154 found
    - repeat of 1353304176 found
    - repeat of 2807084413 found
    - repeat of 2091348607 found
    - repeat of 4270371211 found
    - repeat of 4121007251 found
    - repeat of 3605278117 found
    - repeat of 1404890282 found
    - repeat of 19553714 found
    - repeat of 2859880115 found
    - repeat of 2184633546 found
    - repeat of 1303925201 found
    - repeat of 4000218577 found
    - repeat of 3338805463 found
    - repeat of 582572250 found
    - repeat of 1868091384 found
  - Scanning for duplicates completed (0.000584094 seconds)
- Testing for repeats completed (0.0413898 seconds)
---
22 repeats, p-value = 1 - 0.279396

Memory usage summary: heap total: 2145280, heap peak: 2145280, stack peak: 5616
         total calls   total memory   failed calls
 malloc|          3        2145280              0
realloc|          0              0              0  (nomove:0, dec:0, free:0)
 calloc|          0              0              0
   free|          0              0
Histogram for block sizes:
 1024-1039            1  33% =========================
   large              2  66% ==================================================
