Testing pcg32_once_insecure
	0..4294967295 is range of generator
	414487 outputs to scan for duplicates [6.32456*sqrt(range)]
	20.0001 duplicates expected on average
	2.06097e-09 is probability of zero duplicates
	0x13ba5873 is seed for this run
---
- Testing for repeats started...
  - Allocating memory started...
    - allocated bloomish filter with 32768 64-bit elements (3 bits/entry)
    - allocated possible-match log with 16384 32-bit elements
  - Allocating memory completed (1.6586e-05 seconds)
  - Phase 1, Gathering repeat candidates started...
    - 15324 repeat candidates found
  - Phase 1, Gathering repeat candidates completed (0.0098995 seconds)
  - Reallocating memory started...
    - Deallocated bloomish filter
    - Allocated hash table of the same size
  - Reallocating memory completed (0.000160389 seconds)
  - Phase 2, Storing candidates in hash table started...
  - Phase 2, Storing candidates in hash table completed (0.00028043 seconds)
  - Phase 3, Testing candidates started...
  - Phase 3, Testing candidates completed (0.0127589 seconds)
- Testing for repeats completed (0.0231603 seconds)
---
0 repeats, p-value = 2.06097e-09

Memory usage summary: heap total: 564225, heap peak: 400384, stack peak: 5664
         total calls   total memory   failed calls
 malloc|          5         564225              0
realloc|          0              0              0  (nomove:0, dec:0, free:0)
 calloc|          0              0              0
   free|          4         491521
Histogram for block sizes:
32768-32783           1  20% ============
   large              4  80% ==================================================
