Testing gjrand32
	0..4294967295 is range of generator
	198893 outputs to scan for duplicates [3.03485*sqrt(range)]
	4.60521 duplicates expected on average
	0.00999963 is probability of zero duplicates
	0xfd9a1fd8 is seed for this run
---
- Testing for repeats started...
  - Allocating memory started...
    - allocated array of size 198893.
  - Allocating memory completed (6.465e-06 seconds)
  - Storing PRNG output started...
  - Storing PRNG output completed (0.00109735 seconds)
  - Sorting started...
  - Sorting completed (0.0216143 seconds)
  - Scanning for duplicates started...
    - repeat of 127161307 found
    - repeat of 228893264 found
    - repeat of 264426856 found
    - repeat of 664579336 found
    - repeat of 2748447996 found
    - repeat of 2802470902 found
    - repeat of 3298289645 found
    - repeat of 3377754820 found
    - repeat of 3879880267 found
    - repeat of 4188218339 found
  - Scanning for duplicates completed (0.000168714 seconds)
- Testing for repeats completed (0.0229034 seconds)
---
10 repeats, p-value = 1 - 0.0078379

Memory usage summary: heap total: 868276, heap peak: 868276, stack peak: 5600
         total calls   total memory   failed calls
 malloc|          2         868276              0
realloc|          0              0              0  (nomove:0, dec:0, free:0)
 calloc|          0              0              0
   free|          0              0
Histogram for block sizes:
   large              2 100% ==================================================
