Testing xoroshiro64starstar32
	0..4294967295 is range of generator
	414487 outputs to scan for duplicates [6.32456*sqrt(range)]
	20.0001 duplicates expected on average
	2.06097e-09 is probability of zero duplicates
	0x7908f8a is seed for this run
---
- Testing for repeats started...
  - Allocating memory started...
    - allocated 256 buckets of capacity 2023
    - allocated 256 bucket counters
  - Allocating memory completed (1.5611e-05 seconds)
  - Storing PRNG output started...
  - Storing PRNG output completed (0.0032242 seconds)
  - Sorting started...
  - Sorting completed (0.0316497 seconds)
  - Scanning for duplicates started...
    - repeat of 1279852562 found
    - repeat of 2742280984 found
    - repeat of 24305725 found
    - repeat of 4271679300 found
    - repeat of 4181129292 found
    - repeat of 2343023441 found
    - repeat of 83241562 found
    - repeat of 815113843 found
    - repeat of 2359629429 found
    - repeat of 3955473015 found
    - repeat of 3785589375 found
    - repeat of 968954514 found
    - repeat of 402703525 found
    - repeat of 3001459887 found
    - repeat of 3851981232 found
    - repeat of 1714686388 found
    - repeat of 607663037 found
    - repeat of 2313401023 found
    - repeat of 3846291910 found
    - repeat of 1430950349 found
    - repeat of 607264736 found
    - repeat of 3846085353 found
    - repeat of 3730756843 found
    - repeat of 2295284730 found
  - Scanning for duplicates completed (0.000520814 seconds)
- Testing for repeats completed (0.035427 seconds)
---
24 repeats, p-value = 1 - 0.156778

Memory usage summary: heap total: 2145280, heap peak: 2145280, stack peak: 5616
         total calls   total memory   failed calls
 malloc|          3        2145280              0
realloc|          0              0              0  (nomove:0, dec:0, free:0)
 calloc|          0              0              0
   free|          0              0
Histogram for block sizes:
 1024-1039            1  33% =========================
   large              2  66% ==================================================
