Testing gjrand32
	0..4294967295 is range of generator
	414487 outputs to scan for duplicates [6.32456*sqrt(range)]
	20.0001 duplicates expected on average
	2.06097e-09 is probability of zero duplicates
	0xf218c38f is seed for this run
---
- Testing for repeats started...
  - Allocating memory started...
    - allocated 256 buckets of capacity 2023
    - allocated 256 bucket counters
  - Allocating memory completed (1.8533e-05 seconds)
  - Storing PRNG output started...
  - Storing PRNG output completed (0.00407001 seconds)
  - Sorting started...
  - Sorting completed (0.0368351 seconds)
  - Scanning for duplicates started...
    - repeat of 743833613 found
    - repeat of 3959346717 found
    - repeat of 3209286699 found
    - repeat of 2306032966 found
    - repeat of 335220815 found
    - repeat of 138320465 found
    - repeat of 1316429412 found
    - repeat of 441500008 found
    - repeat of 4106812030 found
    - repeat of 2598305937 found
    - repeat of 1366338450 found
    - repeat of 178452923 found
    - repeat of 2824628925 found
    - repeat of 2040055245 found
    - repeat of 549870549 found
    - repeat of 4035803627 found
  - Scanning for duplicates completed (0.000606014 seconds)
- Testing for repeats completed (0.0415566 seconds)
---
16 repeats, p-value = 0.221068

Memory usage summary: heap total: 2145280, heap peak: 2145280, stack peak: 5616
         total calls   total memory   failed calls
 malloc|          3        2145280              0
realloc|          0              0              0  (nomove:0, dec:0, free:0)
 calloc|          0              0              0
   free|          0              0
Histogram for block sizes:
 1024-1039            1  33% =========================
   large              2  66% ==================================================
