Testing gjrand32
	0..4294967295 is range of generator
	414487 outputs to scan for duplicates [6.32456*sqrt(range)]
	20.0001 duplicates expected on average
	2.06097e-09 is probability of zero duplicates
	0xa734fe3a is seed for this run
---
- Testing for repeats started...
  - Allocating memory started...
    - allocated array of size 414487.
  - Allocating memory completed (8.633e-06 seconds)
  - Storing PRNG output started...
  - Storing PRNG output completed (0.0040771 seconds)
  - Sorting started...
  - Sorting completed (0.0577449 seconds)
  - Scanning for duplicates started...
    - repeat of 90414087 found
    - repeat of 520723035 found
    - repeat of 884566528 found
    - repeat of 889830095 found
    - repeat of 984410511 found
    - repeat of 1146345200 found
    - repeat of 1664423924 found
    - repeat of 2232151351 found
    - repeat of 2289273654 found
    - repeat of 2428071746 found
    - repeat of 2458959034 found
    - repeat of 2560289766 found
    - repeat of 2991873333 found
    - repeat of 3016753664 found
    - repeat of 3247305021 found
    - repeat of 3631887884 found
    - repeat of 3718116431 found
    - repeat of 3779576106 found
    - repeat of 3794646656 found
    - repeat of 3868058541 found
    - repeat of 3918407344 found
    - repeat of 4058667262 found
    - repeat of 4153353689 found
    - repeat of 4168708031 found
    - repeat of 4238136036 found
  - Scanning for duplicates completed (0.00049478 seconds)
- Testing for repeats completed (0.062339 seconds)
---
25 repeats, p-value = 1 - 0.112189

Memory usage summary: heap total: 1730652, heap peak: 1730652, stack peak: 5600
         total calls   total memory   failed calls
 malloc|          2        1730652              0
realloc|          0              0              0  (nomove:0, dec:0, free:0)
 calloc|          0              0              0
   free|          0              0
Histogram for block sizes:
   large              2 100% ==================================================
