Testing xorshift64star32a
	0..4294967295 is range of generator
	414487 outputs to scan for duplicates [6.32456*sqrt(range)]
	19.9994 duplicates expected on average
	2.06239e-09 is probability of zero duplicates
	0xe8ffd082 is seed for this run
---
- Testing for repeats started...
  - Allocating memory started...
    - allocated array of size 414487.
  - Allocating memory completed (8.473e-06 seconds)
  - Storing PRNG output started...
  - Storing PRNG output completed (0.00324486 seconds)
  - Sorting started...
  - Sorting completed (0.0451691 seconds)
  - Scanning for duplicates started...
    - repeat of 87315482 found
    - repeat of 861590530 found
    - repeat of 955913014 found
    - repeat of 1148924266 found
    - repeat of 1460723034 found
    - repeat of 1726402916 found
    - repeat of 1836440262 found
    - repeat of 1863970034 found
    - repeat of 2223234961 found
    - repeat of 2259905594 found
    - repeat of 2496336945 found
    - repeat of 2538827354 found
    - repeat of 2687221031 found
    - repeat of 2979381793 found
    - repeat of 3043631276 found
    - repeat of 3606014306 found
    - repeat of 3616586078 found
    - repeat of 3626213155 found
    - repeat of 3822015158 found
    - repeat of 4082029227 found
  - Scanning for duplicates completed (0.000419022 seconds)
- Testing for repeats completed (0.048866 seconds)
---
20 repeats, p-value = 1 - 0.440854

Memory usage summary: heap total: 1730652, heap peak: 1730652, stack peak: 5568
         total calls   total memory   failed calls
 malloc|          2        1730652              0
realloc|          0              0              0  (nomove:0, dec:0, free:0)
 calloc|          0              0              0
   free|          0              0
Histogram for block sizes:
   large              2 100% ==================================================
