Testing xorshift64star32a
	0..4294967295 is range of generator
	198893 outputs to scan for duplicates [3.03485*sqrt(range)]
	4.60511 duplicates expected on average
	0.0100006 is probability of zero duplicates
	0x8b9c8ebf is seed for this run
---
- Testing for repeats started...
  - Allocating memory started...
    - allocated 256 buckets of capacity 971
    - allocated 256 bucket counters
  - Allocating memory completed (9.889e-06 seconds)
  - Storing PRNG output started...
  - Storing PRNG output completed (0.00107549 seconds)
  - Sorting started...
  - Sorting completed (0.00901504 seconds)
  - Scanning for duplicates started...
    - repeat of 2055777537 found
    - repeat of 696119059 found
    - repeat of 207329066 found
    - repeat of 3103181909 found
    - repeat of 90692466 found
    - repeat of 1838669447 found
    - repeat of 152679385 found
  - Scanning for duplicates completed (0.000178598 seconds)
- Testing for repeats completed (0.0102917 seconds)
---
7 repeats, p-value = 1 - 0.0954959

Memory usage summary: heap total: 1068032, heap peak: 1068032, stack peak: 5616
         total calls   total memory   failed calls
 malloc|          3        1068032              0
realloc|          0              0              0  (nomove:0, dec:0, free:0)
 calloc|          0              0              0
   free|          0              0
Histogram for block sizes:
 1024-1039            1  33% =========================
   large              2  66% ==================================================
