Testing pcg32_fast
	0..4294967295 is range of generator
	414487 outputs to scan for duplicates [6.32456*sqrt(range)]
	20.0001 duplicates expected on average
	2.06097e-09 is probability of zero duplicates
	0x395cbc58 is seed for this run
---
- Testing for repeats started...
  - Allocating memory started...
    - allocated array of size 414487.
  - Allocating memory completed (6.522e-06 seconds)
  - Storing PRNG output started...
  - Storing PRNG output completed (0.00149203 seconds)
  - Sorting started...
  - Sorting completed (0.04072 seconds)
  - Scanning for duplicates started...
    - repeat of 272631517 found
    - repeat of 350898505 found
    - repeat of 457934470 found
    - repeat of 839011764 found
    - repeat of 1103043517 found
    - repeat of 1253201111 found
    - repeat of 1317175214 found
    - repeat of 1918517784 found
    - repeat of 2082331807 found
    - repeat of 2476330557 found
    - repeat of 2564160685 found
    - repeat of 3094369026 found
    - repeat of 3677044149 found
    - repeat of 4113336727 found
    - repeat of 4162271032 found
  - Scanning for duplicates completed (0.000399375 seconds)
- Testing for repeats completed (0.0426386 seconds)
---
15 repeats, p-value = 0.156508

Memory usage summary: heap total: 1730652, heap peak: 1730652, stack peak: 5584
         total calls   total memory   failed calls
 malloc|          2        1730652              0
realloc|          0              0              0  (nomove:0, dec:0, free:0)
 calloc|          0              0              0
   free|          0              0
Histogram for block sizes:
   large              2 100% ==================================================
