Testing pcg32_fast
	0..4294967295 is range of generator
	198893 outputs to scan for duplicates [3.03485*sqrt(range)]
	4.60521 duplicates expected on average
	0.00999963 is probability of zero duplicates
	0x944d6730 is seed for this run
---
- Testing for repeats started...
  - Allocating memory started...
    - allocated 256 buckets of capacity 971
    - allocated 256 bucket counters
  - Allocating memory completed (1.5493e-05 seconds)
  - Storing PRNG output started...
  - Storing PRNG output completed (0.00159162 seconds)
  - Sorting started...
  - Sorting completed (0.0175721 seconds)
  - Scanning for duplicates started...
    - repeat of 2264988467 found
    - repeat of 2889475434 found
    - repeat of 1648031855 found
    - repeat of 1729347734 found
    - repeat of 1806638000 found
    - repeat of 1337184983 found
    - repeat of 3343283193 found
  - Scanning for duplicates completed (0.000317082 seconds)
- Testing for repeats completed (0.0195099 seconds)
---
7 repeats, p-value = 1 - 0.0955042

Memory usage summary: heap total: 1068032, heap peak: 1068032, stack peak: 5616
         total calls   total memory   failed calls
 malloc|          3        1068032              0
realloc|          0              0              0  (nomove:0, dec:0, free:0)
 calloc|          0              0              0
   free|          0              0
Histogram for block sizes:
 1024-1039            1  33% =========================
   large              2  66% ==================================================
