Testing jsf32
	0..4294967295 is range of generator
	414487 outputs to scan for duplicates [6.32456*sqrt(range)]
	20.0001 duplicates expected on average
	2.06097e-09 is probability of zero duplicates
	0xc1dfdb15 is seed for this run
---
- Testing for repeats started...
  - Allocating memory started...
    - allocated bloomish filter with 32768 64-bit elements (3 bits/entry)
    - allocated possible-match log with 16384 32-bit elements
  - Allocating memory completed (1.2992e-05 seconds)
  - Phase 1, Gathering repeat candidates started...
    - 15354 repeat candidates found
  - Phase 1, Gathering repeat candidates completed (0.00862337 seconds)
  - Reallocating memory started...
    - Deallocated bloomish filter
    - Allocated hash table of the same size
  - Reallocating memory completed (0.000132373 seconds)
  - Phase 2, Storing candidates in hash table started...
  - Phase 2, Storing candidates in hash table completed (0.000234317 seconds)
  - Phase 3, Testing candidates started...
    - repeat of 2413061602 found, step 33763
    - repeat of 1207230002 found, step 111436
    - repeat of 2436058947 found, step 114184
    - repeat of 1314089748 found, step 134067
    - repeat of 1090073876 found, step 165654
    - repeat of 3223770712 found, step 191404
    - repeat of 2497819818 found, step 196539
    - repeat of 3381815143 found, step 224921
    - repeat of 552249624 found, step 262913
    - repeat of 1131286383 found, step 324974
    - repeat of 1972720020 found, step 345805
    - repeat of 1973005642 found, step 346105
    - repeat of 3518049396 found, step 347332
    - repeat of 4247773103 found, step 363715
    - repeat of 2475124676 found, step 367532
    - repeat of 2876493814 found, step 394630
    - repeat of 4061985889 found, step 412831
  - Phase 3, Testing candidates completed (0.0093847 seconds)
- Testing for repeats completed (0.0184281 seconds)
---
17 repeats, p-value = 0.297021

Memory usage summary: heap total: 564225, heap peak: 400384, stack peak: 5712
         total calls   total memory   failed calls
 malloc|          5         564225              0
realloc|          0              0              0  (nomove:0, dec:0, free:0)
 calloc|          0              0              0
   free|          4         491521
Histogram for block sizes:
32768-32783           1  20% ============
   large              4  80% ==================================================
