- bump_allocator_static< std::__detail::_Hash_node<unsigned int, false> > (item size = 16) at 0x6042d0 created!
- bump_allocator_static< std::__detail::_Hash_node_base* > (item size = 8) at 0x604310 created!
- mempool at 0x604298 allocated new chunk at 0x7fb28a017020
- mempool at 0x604298 deallocated chunk at 0x7fb28a017020
Testing jsf32
	0..4294967295 is range of generator
	414487 outputs to scan for duplicates [6.32456*sqrt(range)]
	20.0001 duplicates expected on average
	2.06097e-09 is probability of zero duplicates
	0xd6bea18c is seed for this run
---
- Testing for repeats started...
  - Allocating memory started...
    - allocated hash table of reserved for 414487 elements
  - Allocating memory completed (0.00144652 seconds)
  - Checking PRNG output started...
    - repeat of 1387291073 found, step 68273
    - repeat of 567948916 found, step 79578
    - repeat of 1800102282 found, step 107741
    - repeat of 1692338822 found, step 133069
    - repeat of 3040811452 found, step 193096
    - repeat of 2275365808 found, step 206013
    - repeat of 3681780120 found, step 217686
    - repeat of 791757575 found, step 227361
    - repeat of 2569259250 found, step 262790
    - repeat of 3242586560 found, step 266450
    - repeat of 2711632697 found, step 274370
    - repeat of 3923212843 found, step 289794
    - repeat of 372293994 found, step 310773
    - repeat of 2185531301 found, step 315343
    - repeat of 1363025961 found, step 404641
  - Checking PRNG output completed (0.0322175 seconds)
- Testing for repeats completed (0.0336803 seconds)
---
15 repeats, p-value = 0.156508
- bump_allocator_static< std::__detail::_Hash_node_base* > at 0x604310 destroyed!
 - total_allocations_  = 1
 - active_allocations_ = 0
 - high_allocations_   = 1
 - total_mem_  = 3555896
 - active_mem_ = 0
 - high_mem_   = 3555896
- bump_allocator_static< std::__detail::_Hash_node<unsigned int, false> > at 0x6042d0 destroyed!
 - total_allocations_  = 414472
 - active_allocations_ = 0
 - high_allocations_   = 414472
 - total_mem_  = 6631552
 - active_mem_ = 0
 - high_mem_   = 6631552

Memory usage summary: heap total: 1073815760, heap peak: 1073815568, stack peak: 2816
         total calls   total memory   failed calls
 malloc|          5     1073815568              0
realloc|          4            192              0  (nomove:0, dec:0, free:0)
 calloc|          0              0              0
   free|          6     1073742032
Histogram for block sizes:
   16-31              1  11% =========================
   32-47              2  22% ==================================================
   64-79              2  22% ==================================================
  512-527             2  22% ==================================================
   large              2  22% ==================================================
