Testing pcg32_fast
	0..4294967295 is range of generator
	414487 outputs to scan for duplicates [6.32456*sqrt(range)]
	20.0001 duplicates expected on average
	2.06097e-09 is probability of zero duplicates
	0xef06b2ec is seed for this run
---
- Testing for repeats started...
  - Allocating memory started...
    - allocated hash table of reserved for 414487 elements
  - Allocating memory completed (0.00256776 seconds)
  - Checking PRNG output started...
    - repeat of 3528111479 found, step 68255
    - repeat of 1394943013 found, step 73976
    - repeat of 3129323392 found, step 88087
    - repeat of 1145882462 found, step 95749
    - repeat of 3762082199 found, step 119175
    - repeat of 812632013 found, step 168398
    - repeat of 215696005 found, step 182622
    - repeat of 523804132 found, step 182768
    - repeat of 3134860682 found, step 238889
    - repeat of 947356355 found, step 243658
    - repeat of 23065897 found, step 250911
    - repeat of 795464666 found, step 274861
    - repeat of 32701752 found, step 279566
    - repeat of 734557304 found, step 285300
    - repeat of 2502862186 found, step 298633
    - repeat of 4147291714 found, step 303483
    - repeat of 3848984853 found, step 313874
    - repeat of 4156716132 found, step 334921
    - repeat of 2415893027 found, step 337264
    - repeat of 2507754990 found, step 365179
    - repeat of 1817854842 found, step 374270
    - repeat of 1559801435 found, step 377588
    - repeat of 2457056460 found, step 378558
    - repeat of 4156713663 found, step 389654
  - Checking PRNG output completed (0.137983 seconds)
- Testing for repeats completed (0.140577 seconds)
---
24 repeats, p-value = 1 - 0.156778

Memory usage summary: heap total: 10260008, heap peak: 10260008, stack peak: 5648
         total calls   total memory   failed calls
 malloc|     414465       10260008              0
realloc|          0              0              0  (nomove:0, dec:0, free:0)
 calloc|          0              0              0
   free|     414464       10187304
Histogram for block sizes:
   16-31         414463  99% ==================================================
   large              2  <1% 
