Testing xoroshiro64star32
	0..4294967295 is range of generator
	414487 outputs to scan for duplicates [6.32456*sqrt(range)]
	20.0001 duplicates expected on average
	2.06097e-09 is probability of zero duplicates
	0xf7172900 is seed for this run
---
- Testing for repeats started...
  - Allocating memory started...
    - allocated array of size 414487.
  - Allocating memory completed (9.526e-06 seconds)
  - Storing PRNG output started...
  - Storing PRNG output completed (0.0027719 seconds)
  - Sorting started...
  - Sorting completed (0.0587339 seconds)
  - Scanning for duplicates started...
    - repeat of 352894819 found
    - repeat of 749894194 found
    - repeat of 818367016 found
    - repeat of 1120528157 found
    - repeat of 1197710626 found
    - repeat of 1293832946 found
    - repeat of 1501046346 found
    - repeat of 1702943277 found
    - repeat of 1999296248 found
    - repeat of 2101634011 found
    - repeat of 2308405210 found
    - repeat of 2962831386 found
    - repeat of 2983434519 found
    - repeat of 3465780380 found
    - repeat of 3519538515 found
    - repeat of 3972040013 found
    - repeat of 4039292669 found
  - Scanning for duplicates completed (0.000515247 seconds)
- Testing for repeats completed (0.0620526 seconds)
---
17 repeats, p-value = 0.297021

Memory usage summary: heap total: 1730652, heap peak: 1730652, stack peak: 5568
         total calls   total memory   failed calls
 malloc|          2        1730652              0
realloc|          0              0              0  (nomove:0, dec:0, free:0)
 calloc|          0              0              0
   free|          0              0
Histogram for block sizes:
   large              2 100% ==================================================
