Testing xoroshiro64starstar32
	0..4294967295 is range of generator
	198893 outputs to scan for duplicates [3.03485*sqrt(range)]
	4.60521 duplicates expected on average
	0.00999963 is probability of zero duplicates
	0xac497996 is seed for this run
---
- Testing for repeats started...
  - Allocating memory started...
    - allocated hash table of reserved for 198893 elements
  - Allocating memory completed (0.00142796 seconds)
  - Checking PRNG output started...
    - repeat of 2020551395 found, step 20196
    - repeat of 628773079 found, step 43496
    - repeat of 4127825242 found, step 111386
    - repeat of 1824165366 found, step 129753
    - repeat of 768225261 found, step 145974
  - Checking PRNG output completed (0.0534659 seconds)
- Testing for repeats completed (0.0549147 seconds)
---
5 repeats, p-value = 1 - 0.315139

Memory usage summary: heap total: 4874184, heap peak: 4874184, stack peak: 5648
         total calls   total memory   failed calls
 malloc|     198890        4874184              0
realloc|          0              0              0  (nomove:0, dec:0, free:0)
 calloc|          0              0              0
   free|     198889        4801480
Histogram for block sizes:
   16-31         198888  99% ==================================================
   large              2  <1% 
