Testing pcg32_fast
	0..4294967295 is range of generator
	414487 outputs to scan for duplicates [6.32456*sqrt(range)]
	20.0001 duplicates expected on average
	2.06097e-09 is probability of zero duplicates
	0xc14d8f67 is seed for this run
---
- Testing for repeats started...
  - Allocating memory started...
    - allocated hash table of reserved for 414487 elements
  - Allocating memory completed (0.00146747 seconds)
  - Checking PRNG output started...
    - repeat of 2515438455 found, step 64337
    - repeat of 1193535662 found, step 82992
    - repeat of 3535145160 found, step 94621
    - repeat of 2318970598 found, step 152147
    - repeat of 4257122191 found, step 260942
    - repeat of 717239556 found, step 287610
    - repeat of 1424136321 found, step 348035
    - repeat of 2090497945 found, step 396426
    - repeat of 3904217702 found, step 399449
    - repeat of 684483496 found, step 412043
  - Checking PRNG output completed (0.0891432 seconds)
- Testing for repeats completed (0.0906258 seconds)
---
10 repeats, p-value = 0.0108112

Memory usage summary: heap total: 10260232, heap peak: 10260232, stack peak: 5648
         total calls   total memory   failed calls
 malloc|     414479       10260232              0
realloc|          0              0              0  (nomove:0, dec:0, free:0)
 calloc|          0              0              0
   free|     414478       10187528
Histogram for block sizes:
   16-31         414477  99% ==================================================
   large              2  <1% 
