Testing gjrand32
	0..4294967295 is range of generator
	198893 outputs to scan for duplicates [3.03485*sqrt(range)]
	4.60521 duplicates expected on average
	0.00999963 is probability of zero duplicates
	0xc8516e7 is seed for this run
---
- Testing for repeats started...
  - Allocating memory started...
    - allocated array of size 198893.
  - Allocating memory completed (5.366e-06 seconds)
  - Storing PRNG output started...
  - Storing PRNG output completed (0.00109899 seconds)
  - Sorting started...
  - Sorting completed (0.0294601 seconds)
  - Scanning for duplicates started...
    - repeat of 55824849 found
    - repeat of 229763638 found
    - repeat of 797023386 found
    - repeat of 1027500375 found
    - repeat of 1993134352 found
    - repeat of 2204294601 found
    - repeat of 2953652638 found
  - Scanning for duplicates completed (0.000289533 seconds)
- Testing for repeats completed (0.0308671 seconds)
---
7 repeats, p-value = 1 - 0.0955042

Memory usage summary: heap total: 868276, heap peak: 868276, stack peak: 5600
         total calls   total memory   failed calls
 malloc|          2         868276              0
realloc|          0              0              0  (nomove:0, dec:0, free:0)
 calloc|          0              0              0
   free|          0              0
Histogram for block sizes:
   large              2 100% ==================================================
