Testing jsf32
	0..4294967295 is range of generator
	414487 outputs to scan for duplicates [6.32456*sqrt(range)]
	20.0001 duplicates expected on average
	2.06097e-09 is probability of zero duplicates
	0x47d535db is seed for this run
---
- Testing for repeats started...
  - Allocating memory started...
    - allocated array of size 414487.
  - Allocating memory completed (8.986e-06 seconds)
  - Storing PRNG output started...
  - Storing PRNG output completed (0.00229482 seconds)
  - Sorting started...
  - Sorting completed (0.0591697 seconds)
  - Scanning for duplicates started...
    - repeat of 278948573 found
    - repeat of 441153029 found
    - repeat of 446571094 found
    - repeat of 506722709 found
    - repeat of 523908458 found
    - repeat of 651364252 found
    - repeat of 703020467 found
    - repeat of 814560874 found
    - repeat of 996285570 found
    - repeat of 2332404103 found
    - repeat of 2355142710 found
    - repeat of 2574011400 found
    - repeat of 2622999200 found
    - repeat of 2646235239 found
    - repeat of 2751031006 found
    - repeat of 2871012917 found
    - repeat of 2964208093 found
    - repeat of 3168464492 found
    - repeat of 3178714096 found
    - repeat of 3428999946 found
    - repeat of 3480658493 found
    - repeat of 3502114009 found
    - repeat of 3581401557 found
    - repeat of 3774687627 found
    - repeat of 3862691330 found
    - repeat of 4243241972 found
  - Scanning for duplicates completed (0.000501081 seconds)
- Testing for repeats completed (0.0619952 seconds)
---
26 repeats, p-value = 1 - 0.0778899

Memory usage summary: heap total: 1730652, heap peak: 1730652, stack peak: 5568
         total calls   total memory   failed calls
 malloc|          2        1730652              0
realloc|          0              0              0  (nomove:0, dec:0, free:0)
 calloc|          0              0              0
   free|          0              0
Histogram for block sizes:
   large              2 100% ==================================================
