Testing sfc32
	0..4294967295 is range of generator
	414487 outputs to scan for duplicates [6.32456*sqrt(range)]
	20.0001 duplicates expected on average
	2.06097e-09 is probability of zero duplicates
	0x3a1d871d is seed for this run
---
- Testing for repeats started...
  - Allocating memory started...
    - allocated array of size 414487.
  - Allocating memory completed (8.176e-06 seconds)
  - Storing PRNG output started...
  - Storing PRNG output completed (0.00252822 seconds)
  - Sorting started...
  - Sorting completed (0.0584645 seconds)
  - Scanning for duplicates started...
    - repeat of 228193802 found
    - repeat of 245745522 found
    - repeat of 328765863 found
    - repeat of 446904060 found
    - repeat of 809998286 found
    - repeat of 943171010 found
    - repeat of 1002556134 found
    - repeat of 1183147131 found
    - repeat of 1256193118 found
    - repeat of 1776056541 found
    - repeat of 2105906087 found
    - repeat of 2650320026 found
    - repeat of 2665536148 found
    - repeat of 3765507731 found
    - repeat of 4004983699 found
    - repeat of 4275071528 found
  - Scanning for duplicates completed (0.000530385 seconds)
- Testing for repeats completed (0.0615481 seconds)
---
16 repeats, p-value = 0.221068

Memory usage summary: heap total: 1730652, heap peak: 1730652, stack peak: 5584
         total calls   total memory   failed calls
 malloc|          2        1730652              0
realloc|          0              0              0  (nomove:0, dec:0, free:0)
 calloc|          0              0              0
   free|          0              0
Histogram for block sizes:
   large              2 100% ==================================================
