Testing sfc32
	0..4294967295 is range of generator
	414487 outputs to scan for duplicates [6.32456*sqrt(range)]
	20.0001 duplicates expected on average
	2.06097e-09 is probability of zero duplicates
	0xb94389be is seed for this run
---
- Testing for repeats started...
  - Allocating memory started...
    - allocated array of size 414487.
  - Allocating memory completed (7.854e-06 seconds)
  - Storing PRNG output started...
  - Storing PRNG output completed (0.00203825 seconds)
  - Sorting started...
  - Sorting completed (0.0450178 seconds)
  - Scanning for duplicates started...
    - repeat of 129967931 found
    - repeat of 573503175 found
    - repeat of 848108703 found
    - repeat of 917997249 found
    - repeat of 981372197 found
    - repeat of 990547213 found
    - repeat of 1023198997 found
    - repeat of 1131772182 found
    - repeat of 1190922449 found
    - repeat of 1194259964 found
    - repeat of 1418077717 found
    - repeat of 1418278079 found
    - repeat of 1853232298 found
    - repeat of 1982505028 found
    - repeat of 2082274278 found
    - repeat of 2593057911 found
    - repeat of 2891313543 found
    - repeat of 2911731979 found
    - repeat of 3625304990 found
    - repeat of 3765190946 found
    - repeat of 4092964460 found
  - Scanning for duplicates completed (0.000443546 seconds)
- Testing for repeats completed (0.0475378 seconds)
---
21 repeats, p-value = 1 - 0.35631

Memory usage summary: heap total: 1730652, heap peak: 1730652, stack peak: 5584
         total calls   total memory   failed calls
 malloc|          2        1730652              0
realloc|          0              0              0  (nomove:0, dec:0, free:0)
 calloc|          0              0              0
   free|          0              0
Histogram for block sizes:
   large              2 100% ==================================================
