Testing std::mt19937
	0..4294967295 is range of generator
	414487 outputs to scan for duplicates [6.32456*sqrt(range)]
	20.0001 duplicates expected on average
	2.06097e-09 is probability of zero duplicates
	0xa3422a56 is seed for this run
---
- Testing for repeats started...
  - Allocating memory started...
    - allocated array of size 414487.
  - Allocating memory completed (1.334e-05 seconds)
  - Storing PRNG output started...
  - Storing PRNG output completed (0.00512607 seconds)
  - Sorting started...
  - Sorting completed (0.0577379 seconds)
  - Scanning for duplicates started...
    - repeat of 30254509 found
    - repeat of 197276957 found
    - repeat of 590438673 found
    - repeat of 680702908 found
    - repeat of 775195054 found
    - repeat of 1117970450 found
    - repeat of 1204410492 found
    - repeat of 1299219665 found
    - repeat of 1471273776 found
    - repeat of 1656587842 found
    - repeat of 2494174112 found
    - repeat of 2985813552 found
    - repeat of 3751487087 found
    - repeat of 3864763798 found
    - repeat of 4118491385 found
    - repeat of 4197482728 found
  - Scanning for duplicates completed (0.000493867 seconds)
- Testing for repeats completed (0.0633928 seconds)
---
16 repeats, p-value = 0.221068

Memory usage summary: heap total: 3388600, heap peak: 3388600, stack peak: 10528
         total calls   total memory   failed calls
 malloc|          2        3388600              0
realloc|          0              0              0  (nomove:0, dec:0, free:0)
 calloc|          0              0              0
   free|          0              0
Histogram for block sizes:
   large              2 100% ==================================================
