Testing xoroshiro64plus32
	0..4294967295 is range of generator
	414487 outputs to scan for duplicates [6.32456*sqrt(range)]
	20.0001 duplicates expected on average
	2.06097e-09 is probability of zero duplicates
	0x82c1aa98 is seed for this run
---
- Testing for repeats started...
  - Allocating memory started...
    - allocated hash table of reserved for 414487 elements
  - Allocating memory completed (0.00197768 seconds)
  - Checking PRNG output started...
    - repeat of 2184982076 found, step 103872
    - repeat of 858519301 found, step 108971
    - repeat of 2965127903 found, step 118866
    - repeat of 3971288829 found, step 119937
    - repeat of 2346353707 found, step 142061
    - repeat of 3437942291 found, step 151609
    - repeat of 1468207654 found, step 208374
    - repeat of 4069976541 found, step 234638
    - repeat of 3246657089 found, step 247263
    - repeat of 1583697214 found, step 256510
    - repeat of 425602892 found, step 312269
    - repeat of 339075323 found, step 348253
    - repeat of 57520572 found, step 348282
    - repeat of 2217908580 found, step 349105
    - repeat of 717031940 found, step 370321
    - repeat of 496798689 found, step 371063
    - repeat of 179195383 found, step 382817
    - repeat of 3567868613 found, step 385496
    - repeat of 569777827 found, step 385786
    - repeat of 2899031617 found, step 401220
    - repeat of 1281844531 found, step 402234
    - repeat of 1864098499 found, step 411811
    - repeat of 4171986802 found, step 413905
  - Checking PRNG output completed (0.105217 seconds)
- Testing for repeats completed (0.107211 seconds)
---
23 repeats, p-value = 1 - 0.212513

Memory usage summary: heap total: 10260024, heap peak: 10260024, stack peak: 5648
         total calls   total memory   failed calls
 malloc|     414466       10260024              0
realloc|          0              0              0  (nomove:0, dec:0, free:0)
 calloc|          0              0              0
   free|     414465       10187320
Histogram for block sizes:
   16-31         414464  99% ==================================================
   large              2  <1% 
