Testing jsf32
	0..4294967295 is range of generator
	198893 outputs to scan for duplicates [3.03485*sqrt(range)]
	4.60521 duplicates expected on average
	0.00999963 is probability of zero duplicates
	0xc12ae8a5 is seed for this run
---
- Testing for repeats started...
  - Allocating memory started...
    - allocated hash table of reserved for 198893 elements
  - Allocating memory completed (0.00140501 seconds)
  - Checking PRNG output started...
    - repeat of 4064880152 found, step 50631
    - repeat of 2157787494 found, step 76499
    - repeat of 61094212 found, step 117953
    - repeat of 2763967025 found, step 138956
    - repeat of 1641980429 found, step 148307
    - repeat of 878390958 found, step 150046
    - repeat of 2260766937 found, step 153753
  - Checking PRNG output completed (0.0512742 seconds)
- Testing for repeats completed (0.0526979 seconds)
---
7 repeats, p-value = 1 - 0.0955042

Memory usage summary: heap total: 4874152, heap peak: 4874152, stack peak: 5648
         total calls   total memory   failed calls
 malloc|     198888        4874152              0
realloc|          0              0              0  (nomove:0, dec:0, free:0)
 calloc|          0              0              0
   free|     198887        4801448
Histogram for block sizes:
   16-31         198886  99% ==================================================
   large              2  <1% 
