Testing xoroshiro64starstar32
	0..4294967295 is range of generator
	414487 outputs to scan for duplicates [6.32456*sqrt(range)]
	20.0001 duplicates expected on average
	2.06097e-09 is probability of zero duplicates
	0x2aa52c16 is seed for this run
---
- Testing for repeats started...
  - Allocating memory started...
    - allocated bloomish filter with 32768 64-bit elements (3 bits/entry)
    - allocated possible-match log with 16384 32-bit elements
  - Allocating memory completed (1.8654e-05 seconds)
  - Phase 1, Gathering repeat candidates started...
    - 15408 repeat candidates found
  - Phase 1, Gathering repeat candidates completed (0.0110768 seconds)
  - Reallocating memory started...
    - Deallocated bloomish filter
    - Allocated hash table of the same size
  - Reallocating memory completed (0.000141284 seconds)
  - Phase 2, Storing candidates in hash table started...
  - Phase 2, Storing candidates in hash table completed (0.000259868 seconds)
  - Phase 3, Testing candidates started...
    - repeat of 2200251423 found, step 38836
    - repeat of 684247561 found, step 127611
    - repeat of 674687402 found, step 162409
    - repeat of 2065812102 found, step 191462
    - repeat of 1498421245 found, step 206303
    - repeat of 3591541603 found, step 206675
    - repeat of 534538595 found, step 212250
    - repeat of 1003723227 found, step 218058
    - repeat of 2509539153 found, step 243174
    - repeat of 3657690557 found, step 254390
    - repeat of 1558769436 found, step 279769
    - repeat of 1687953048 found, step 287480
    - repeat of 1272571533 found, step 299468
    - repeat of 127122137 found, step 303596
    - repeat of 3340775931 found, step 309109
    - repeat of 601826835 found, step 332605
    - repeat of 3304749895 found, step 371645
    - repeat of 3624008684 found, step 374392
    - repeat of 1824807643 found, step 377972
    - repeat of 3311096865 found, step 381580
    - repeat of 666450999 found, step 384312
    - repeat of 3268796916 found, step 386379
    - repeat of 4260291990 found, step 394667
  - Phase 3, Testing candidates completed (0.0132539 seconds)
- Testing for repeats completed (0.024781 seconds)
---
23 repeats, p-value = 1 - 0.212513

Memory usage summary: heap total: 564225, heap peak: 400384, stack peak: 5680
         total calls   total memory   failed calls
 malloc|          5         564225              0
realloc|          0              0              0  (nomove:0, dec:0, free:0)
 calloc|          0              0              0
   free|          4         491521
Histogram for block sizes:
32768-32783           1  20% ============
   large              4  80% ==================================================
