Testing gjrand32
	0..4294967295 is range of generator
	414487 outputs to scan for duplicates [6.32456*sqrt(range)]
	20.0001 duplicates expected on average
	2.06097e-09 is probability of zero duplicates
	0x6f5ccc3c is seed for this run
---
- Testing for repeats started...
  - Allocating memory started...
    - allocated hash table of reserved for 414487 elements
  - Allocating memory completed (0.00188797 seconds)
  - Checking PRNG output started...
    - repeat of 303936696 found, step 43744
    - repeat of 879996470 found, step 96468
    - repeat of 394675906 found, step 181596
    - repeat of 2733282821 found, step 195438
    - repeat of 2158917806 found, step 215474
    - repeat of 2361444304 found, step 225232
    - repeat of 1005092509 found, step 238954
    - repeat of 1456505411 found, step 252122
    - repeat of 4167343035 found, step 253612
    - repeat of 100180454 found, step 263043
    - repeat of 2444254571 found, step 263935
    - repeat of 3659863929 found, step 283423
    - repeat of 2798668571 found, step 297671
    - repeat of 1943269210 found, step 316092
    - repeat of 214043045 found, step 318857
    - repeat of 3691526682 found, step 379513
    - repeat of 4132621112 found, step 397142
    - repeat of 2665469309 found, step 407925
  - Checking PRNG output completed (0.110495 seconds)
- Testing for repeats completed (0.112401 seconds)
---
18 repeats, p-value = 0.381414

Memory usage summary: heap total: 10260104, heap peak: 10260104, stack peak: 5648
         total calls   total memory   failed calls
 malloc|     414471       10260104              0
realloc|          0              0              0  (nomove:0, dec:0, free:0)
 calloc|          0              0              0
   free|     414470       10187400
Histogram for block sizes:
   16-31         414469  99% ==================================================
   large              2  <1% 
