Testing xorshift64star32a
	0..4294967295 is range of generator
	198893 outputs to scan for duplicates [3.03485*sqrt(range)]
	4.60511 duplicates expected on average
	0.0100006 is probability of zero duplicates
	0x21c1d927 is seed for this run
---
- Testing for repeats started...
  - Allocating memory started...
    - allocated hash table of reserved for 198893 elements
  - Allocating memory completed (0.0012155 seconds)
  - Checking PRNG output started...
    - repeat of 191892099 found, step 13050
    - repeat of 3979703545 found, step 22656
    - repeat of 1687896898 found, step 103777
    - repeat of 2686258459 found, step 127256
    - repeat of 1280290411 found, step 137371
    - repeat of 2569986505 found, step 141665
    - repeat of 1128642442 found, step 167917
    - repeat of 199182835 found, step 175186
    - repeat of 3317461889 found, step 177721
    - repeat of 1720001527 found, step 178780
  - Checking PRNG output completed (0.0442274 seconds)
- Testing for repeats completed (0.0454614 seconds)
---
10 repeats, p-value = 1 - 0.00783678

Memory usage summary: heap total: 4874104, heap peak: 4874104, stack peak: 5648
         total calls   total memory   failed calls
 malloc|     198885        4874104              0
realloc|          0              0              0  (nomove:0, dec:0, free:0)
 calloc|          0              0              0
   free|     198884        4801400
Histogram for block sizes:
   16-31         198883  99% ==================================================
   large              2  <1% 
