Testing sfc32
	0..4294967295 is range of generator
	198893 outputs to scan for duplicates [3.03485*sqrt(range)]
	4.60521 duplicates expected on average
	0.00999963 is probability of zero duplicates
	0x77d8a6f9 is seed for this run
---
- Testing for repeats started...
  - Allocating memory started...
    - allocated bloomish filter with 16384 64-bit elements (3 bits/entry)
    - allocated possible-match log with 8192 32-bit elements
  - Allocating memory completed (1.4958e-05 seconds)
  - Phase 1, Gathering repeat candidates started...
    - 5697 repeat candidates found
  - Phase 1, Gathering repeat candidates completed (0.00345812 seconds)
  - Reallocating memory started...
    - Deallocated bloomish filter
    - Allocated hash table of the same size
  - Reallocating memory completed (1.268e-05 seconds)
  - Phase 2, Storing candidates in hash table started...
  - Phase 2, Storing candidates in hash table completed (6.0277e-05 seconds)
  - Phase 3, Testing candidates started...
    - repeat of 3477399174 found, step 77211
    - repeat of 3813675726 found, step 122803
    - repeat of 1116431384 found, step 159820
    - repeat of 3455620750 found, step 163058
    - repeat of 202723306 found, step 172473
    - repeat of 1526840419 found, step 181139
    - repeat of 2544253553 found, step 181642
    - repeat of 3522179201 found, step 182722
  - Phase 3, Testing candidates completed (0.00334406 seconds)
- Testing for repeats completed (0.0069061 seconds)
---
8 repeats, p-value = 1 - 0.0453327

Memory usage summary: heap total: 318465, heap peak: 236544, stack peak: 5696
         total calls   total memory   failed calls
 malloc|          5         318465              0
realloc|          0              0              0  (nomove:0, dec:0, free:0)
 calloc|          0              0              0
   free|          4         245761
Histogram for block sizes:
16384-16399           1  20% ================
32768-32783           1  20% ================
   large              3  60% ==================================================
