Testing xoroshiro64starstar32
	0..4294967295 is range of generator
	414487 outputs to scan for duplicates [6.32456*sqrt(range)]
	20.0001 duplicates expected on average
	2.06097e-09 is probability of zero duplicates
	0x6f5653cd is seed for this run
---
- Testing for repeats started...
  - Allocating memory started...
    - allocated hash table of reserved for 414487 elements
  - Allocating memory completed (0.00157216 seconds)
  - Checking PRNG output started...
    - repeat of 681813003 found, step 41830
    - repeat of 2623521790 found, step 85749
    - repeat of 2558478248 found, step 109115
    - repeat of 618267200 found, step 118792
    - repeat of 3386695123 found, step 161986
    - repeat of 2199587083 found, step 193506
    - repeat of 1298040777 found, step 195635
    - repeat of 3981369667 found, step 249463
    - repeat of 551568824 found, step 270434
    - repeat of 2144768204 found, step 291939
    - repeat of 95550637 found, step 324045
    - repeat of 3992650247 found, step 338985
    - repeat of 1945592181 found, step 340103
    - repeat of 1767748032 found, step 348193
    - repeat of 1645682236 found, step 386724
    - repeat of 653817972 found, step 394641
  - Checking PRNG output completed (0.074069 seconds)
- Testing for repeats completed (0.0756549 seconds)
---
16 repeats, p-value = 0.221068

Memory usage summary: heap total: 10260136, heap peak: 10260136, stack peak: 5648
         total calls   total memory   failed calls
 malloc|     414473       10260136              0
realloc|          0              0              0  (nomove:0, dec:0, free:0)
 calloc|          0              0              0
   free|     414472       10187432
Histogram for block sizes:
   16-31         414471  99% ==================================================
   large              2  <1% 
