Testing xoroshiro64plus32
	0..4294967295 is range of generator
	198893 outputs to scan for duplicates [3.03485*sqrt(range)]
	4.60521 duplicates expected on average
	0.00999963 is probability of zero duplicates
	0x468aee1a is seed for this run
---
- Testing for repeats started...
  - Allocating memory started...
    - allocated hash table of reserved for 198893 elements
  - Allocating memory completed (0.00143475 seconds)
  - Checking PRNG output started...
    - repeat of 4242914999 found, step 23519
    - repeat of 610241473 found, step 103594
    - repeat of 2128484843 found, step 145129
    - repeat of 911627148 found, step 155013
  - Checking PRNG output completed (0.0483524 seconds)
- Testing for repeats completed (0.0498061 seconds)
---
4 repeats, p-value = 1 - 0.487742

Memory usage summary: heap total: 4874200, heap peak: 4874200, stack peak: 5648
         total calls   total memory   failed calls
 malloc|     198891        4874200              0
realloc|          0              0              0  (nomove:0, dec:0, free:0)
 calloc|          0              0              0
   free|     198890        4801496
Histogram for block sizes:
   16-31         198889  99% ==================================================
   large              2  <1% 
