Testing jsf32
	0..4294967295 is range of generator
	414487 outputs to scan for duplicates [6.32456*sqrt(range)]
	20.0001 duplicates expected on average
	2.06097e-09 is probability of zero duplicates
	0x3573b917 is seed for this run
---
- Testing for repeats started...
  - Allocating memory started...
    - allocated hash table of reserved for 414487 elements
  - Allocating memory completed (0.00150759 seconds)
  - Checking PRNG output started...
    - repeat of 2595927625 found, step 66455
    - repeat of 2533429961 found, step 84765
    - repeat of 1064107593 found, step 185463
    - repeat of 3496853901 found, step 205764
    - repeat of 2137010941 found, step 239866
    - repeat of 3301917618 found, step 241228
    - repeat of 2995872823 found, step 243651
    - repeat of 174242773 found, step 255372
    - repeat of 3270051639 found, step 268186
    - repeat of 1112612209 found, step 270679
    - repeat of 761201917 found, step 274924
    - repeat of 1514177729 found, step 284620
    - repeat of 1902955513 found, step 304437
    - repeat of 1735136903 found, step 314545
    - repeat of 2318326342 found, step 324721
    - repeat of 639213314 found, step 336491
    - repeat of 4026688489 found, step 343375
    - repeat of 1026973627 found, step 366371
    - repeat of 4090697973 found, step 389895
    - repeat of 3464930925 found, step 392025
    - repeat of 2701421619 found, step 395019
    - repeat of 2279296775 found, step 400770
    - repeat of 2139650901 found, step 408827
  - Checking PRNG output completed (0.11636 seconds)
- Testing for repeats completed (0.117887 seconds)
---
23 repeats, p-value = 1 - 0.212513

Memory usage summary: heap total: 10260024, heap peak: 10260024, stack peak: 5648
         total calls   total memory   failed calls
 malloc|     414466       10260024              0
realloc|          0              0              0  (nomove:0, dec:0, free:0)
 calloc|          0              0              0
   free|     414465       10187320
Histogram for block sizes:
   16-31         414464  99% ==================================================
   large              2  <1% 
