Testing pcg32_fast
	0..4294967295 is range of generator
	414487 outputs to scan for duplicates [6.32456*sqrt(range)]
	20.0001 duplicates expected on average
	2.06097e-09 is probability of zero duplicates
	0xa910d61c is seed for this run
---
- Testing for repeats started...
  - Allocating memory started...
    - allocated 256 buckets of capacity 2023
    - allocated 256 bucket counters
  - Allocating memory completed (1.82e-05 seconds)
  - Storing PRNG output started...
  - Storing PRNG output completed (0.00353376 seconds)
  - Sorting started...
  - Sorting completed (0.0373206 seconds)
  - Scanning for duplicates started...
    - repeat of 548328202 found
    - repeat of 1414741776 found
    - repeat of 1602725139 found
    - repeat of 1448989219 found
    - repeat of 1937052208 found
    - repeat of 3229461814 found
    - repeat of 1863436100 found
    - repeat of 1477120584 found
    - repeat of 3412833102 found
    - repeat of 1802329425 found
    - repeat of 1330543957 found
    - repeat of 267840854 found
    - repeat of 32298594 found
    - repeat of 3286305139 found
    - repeat of 2502941556 found
    - repeat of 4049185908 found
    - repeat of 2790473605 found
    - repeat of 579852959 found
    - repeat of 437988771 found
    - repeat of 507352234 found
    - repeat of 1193701547 found
    - repeat of 503383495 found
    - repeat of 384801993 found
    - repeat of 783967972 found
    - repeat of 1399398897 found
    - repeat of 162317557 found
    - repeat of 230515198 found
  - Scanning for duplicates completed (0.000626484 seconds)
- Testing for repeats completed (0.041521 seconds)
---
27 repeats, p-value = 1 - 0.052483

Memory usage summary: heap total: 2145280, heap peak: 2145280, stack peak: 5616
         total calls   total memory   failed calls
 malloc|          3        2145280              0
realloc|          0              0              0  (nomove:0, dec:0, free:0)
 calloc|          0              0              0
   free|          0              0
Histogram for block sizes:
 1024-1039            1  33% =========================
   large              2  66% ==================================================
