Testing xoroshiro64starstar32
	0..4294967295 is range of generator
	414487 outputs to scan for duplicates [6.32456*sqrt(range)]
	20.0001 duplicates expected on average
	2.06097e-09 is probability of zero duplicates
	0x364f59e0 is seed for this run
---
- Testing for repeats started...
  - Allocating memory started...
    - allocated array of size 414487.
  - Allocating memory completed (7.37e-06 seconds)
  - Storing PRNG output started...
  - Storing PRNG output completed (0.00229877 seconds)
  - Sorting started...
  - Sorting completed (0.044229 seconds)
  - Scanning for duplicates started...
    - repeat of 236465167 found
    - repeat of 600453567 found
    - repeat of 1162276258 found
    - repeat of 1229642811 found
    - repeat of 1308808876 found
    - repeat of 1467132951 found
    - repeat of 1524380209 found
    - repeat of 1578690807 found
    - repeat of 1964228087 found
    - repeat of 2143975314 found
    - repeat of 2223554828 found
    - repeat of 2366571715 found
    - repeat of 2575830448 found
    - repeat of 2724552678 found
    - repeat of 3025484221 found
    - repeat of 3037863089 found
    - repeat of 3393900314 found
    - repeat of 3491794800 found
    - repeat of 3795116273 found
    - repeat of 3797984433 found
    - repeat of 3896180655 found
    - repeat of 3995309819 found
  - Scanning for duplicates completed (0.000560392 seconds)
- Testing for repeats completed (0.047122 seconds)
---
22 repeats, p-value = 1 - 0.279396

Memory usage summary: heap total: 1730652, heap peak: 1730652, stack peak: 5568
         total calls   total memory   failed calls
 malloc|          2        1730652              0
realloc|          0              0              0  (nomove:0, dec:0, free:0)
 calloc|          0              0              0
   free|          0              0
Histogram for block sizes:
   large              2 100% ==================================================
