Testing pcg32
	0..4294967295 is range of generator
	414487 outputs to scan for duplicates [6.32456*sqrt(range)]
	20.0001 duplicates expected on average
	2.06097e-09 is probability of zero duplicates
	0x3cb07b76 is seed for this run
---
- Testing for repeats started...
  - Allocating memory started...
    - allocated hash table of reserved for 414487 elements
  - Allocating memory completed (0.00262931 seconds)
  - Checking PRNG output started...
    - repeat of 3094258849 found, step 79855
    - repeat of 2483208850 found, step 117762
    - repeat of 2673370935 found, step 125034
    - repeat of 90446203 found, step 143060
    - repeat of 192331949 found, step 154059
    - repeat of 85697417 found, step 170012
    - repeat of 1998563032 found, step 181726
    - repeat of 3877849943 found, step 213021
    - repeat of 1776258233 found, step 223013
    - repeat of 3976011980 found, step 237931
    - repeat of 2863396983 found, step 266847
    - repeat of 3089360540 found, step 270903
    - repeat of 1927662529 found, step 299818
    - repeat of 977534415 found, step 367509
    - repeat of 618797525 found, step 368230
    - repeat of 3104640001 found, step 373472
    - repeat of 1026371465 found, step 376102
  - Checking PRNG output completed (0.117216 seconds)
- Testing for repeats completed (0.119861 seconds)
---
17 repeats, p-value = 0.297021

Memory usage summary: heap total: 10260120, heap peak: 10260120, stack peak: 5648
         total calls   total memory   failed calls
 malloc|     414472       10260120              0
realloc|          0              0              0  (nomove:0, dec:0, free:0)
 calloc|          0              0              0
   free|     414471       10187416
Histogram for block sizes:
   16-31         414470  99% ==================================================
   large              2  <1% 
