Testing pcg32_fast
	0..4294967295 is range of generator
	414487 outputs to scan for duplicates [6.32456*sqrt(range)]
	20.0001 duplicates expected on average
	2.06097e-09 is probability of zero duplicates
	0x30277e87 is seed for this run
---
- Testing for repeats started...
  - Allocating memory started...
    - allocated bloomish filter with 32768 64-bit elements (3 bits/entry)
    - allocated possible-match log with 16384 32-bit elements
  - Allocating memory completed (1.7157e-05 seconds)
  - Phase 1, Gathering repeat candidates started...
    - 15399 repeat candidates found
  - Phase 1, Gathering repeat candidates completed (0.0110277 seconds)
  - Reallocating memory started...
    - Deallocated bloomish filter
    - Allocated hash table of the same size
  - Reallocating memory completed (0.000163438 seconds)
  - Phase 2, Storing candidates in hash table started...
  - Phase 2, Storing candidates in hash table completed (0.000277233 seconds)
  - Phase 3, Testing candidates started...
    - repeat of 104097198 found, step 98598
    - repeat of 446212085 found, step 179409
    - repeat of 916994318 found, step 186535
    - repeat of 579908399 found, step 201856
    - repeat of 2926568093 found, step 242010
    - repeat of 454292027 found, step 247368
    - repeat of 1605930444 found, step 251471
    - repeat of 777583698 found, step 256828
    - repeat of 2412206414 found, step 260030
    - repeat of 1287737120 found, step 267224
    - repeat of 1914776036 found, step 269044
    - repeat of 2306619916 found, step 284252
    - repeat of 1532198849 found, step 316659
    - repeat of 2159077061 found, step 337227
    - repeat of 2946969908 found, step 346513
    - repeat of 3024876904 found, step 401537
    - repeat of 2925073854 found, step 406322
    - repeat of 1162400821 found, step 411581
    - repeat of 3031096639 found, step 412325
  - Phase 3, Testing candidates completed (0.0125888 seconds)
- Testing for repeats completed (0.0241051 seconds)
---
19 repeats, p-value = 0.470249

Memory usage summary: heap total: 564225, heap peak: 400384, stack peak: 5664
         total calls   total memory   failed calls
 malloc|          5         564225              0
realloc|          0              0              0  (nomove:0, dec:0, free:0)
 calloc|          0              0              0
   free|          4         491521
Histogram for block sizes:
32768-32783           1  20% ============
   large              4  80% ==================================================
