- bump_allocator_static< std::__detail::_Hash_node<unsigned int, false> > (item size = 16) at 0x6042d0 created!
- bump_allocator_static< std::__detail::_Hash_node_base* > (item size = 8) at 0x604310 created!
- mempool at 0x604298 allocated new chunk at 0x7fbdd356f020
- mempool at 0x604298 deallocated chunk at 0x7fbdd356f020
Testing gjrand32
	0..4294967295 is range of generator
	198893 outputs to scan for duplicates [3.03485*sqrt(range)]
	4.60521 duplicates expected on average
	0.00999963 is probability of zero duplicates
	0x45e2bcf0 is seed for this run
---
- Testing for repeats started...
  - Allocating memory started...
    - allocated hash table of reserved for 198893 elements
  - Allocating memory completed (0.000436158 seconds)
  - Checking PRNG output started...
    - repeat of 3331591665 found, step 81335
    - repeat of 1241657776 found, step 96130
    - repeat of 1526996166 found, step 102673
    - repeat of 4116866161 found, step 132256
    - repeat of 884074367 found, step 138009
    - repeat of 3222782786 found, step 158988
    - repeat of 1967060002 found, step 171008
    - repeat of 1167782563 found, step 174514
    - repeat of 4204693258 found, step 177013
    - repeat of 3296420198 found, step 195013
  - Checking PRNG output completed (0.0126579 seconds)
- Testing for repeats completed (0.0130999 seconds)
---
10 repeats, p-value = 1 - 0.0078379
- bump_allocator_static< std::__detail::_Hash_node_base* > at 0x604310 destroyed!
 - total_allocations_  = 1
 - active_allocations_ = 0
 - high_allocations_   = 1
 - total_mem_  = 1619272
 - active_mem_ = 0
 - high_mem_   = 1619272
- bump_allocator_static< std::__detail::_Hash_node<unsigned int, false> > at 0x6042d0 destroyed!
 - total_allocations_  = 198883
 - active_allocations_ = 0
 - high_allocations_   = 198883
 - total_mem_  = 3182128
 - active_mem_ = 0
 - high_mem_   = 3182128

Memory usage summary: heap total: 1073815760, heap peak: 1073815568, stack peak: 2816
         total calls   total memory   failed calls
 malloc|          5     1073815568              0
realloc|          4            192              0  (nomove:0, dec:0, free:0)
 calloc|          0              0              0
   free|          6     1073742032
Histogram for block sizes:
   16-31              1  11% =========================
   32-47              2  22% ==================================================
   64-79              2  22% ==================================================
  512-527             2  22% ==================================================
   large              2  22% ==================================================
