- bump_allocator_static< std::__detail::_Hash_node<unsigned int, false> > (item size = 16) at 0x6042d0 created!
- bump_allocator_static< std::__detail::_Hash_node_base* > (item size = 8) at 0x604310 created!
- mempool at 0x604298 allocated new chunk at 0x7f09d0b23020
- mempool at 0x604298 deallocated chunk at 0x7f09d0b23020
Testing jsf32
	0..4294967295 is range of generator
	414487 outputs to scan for duplicates [6.32456*sqrt(range)]
	20.0001 duplicates expected on average
	2.06097e-09 is probability of zero duplicates
	0xb1bcd367 is seed for this run
---
- Testing for repeats started...
  - Allocating memory started...
    - allocated hash table of reserved for 414487 elements
  - Allocating memory completed (0.00336868 seconds)
  - Checking PRNG output started...
    - repeat of 596577828 found, step 76630
    - repeat of 1204667105 found, step 155172
    - repeat of 3586758090 found, step 217411
    - repeat of 1467364636 found, step 218129
    - repeat of 2474875235 found, step 237054
    - repeat of 3393476129 found, step 243724
    - repeat of 536279665 found, step 263452
    - repeat of 3603260874 found, step 268609
    - repeat of 1097680774 found, step 282416
    - repeat of 1990454761 found, step 284849
    - repeat of 961483247 found, step 304414
    - repeat of 3312622334 found, step 305879
    - repeat of 737852669 found, step 309776
    - repeat of 3796050840 found, step 315125
    - repeat of 3143563433 found, step 317935
    - repeat of 950793107 found, step 338303
    - repeat of 1158583027 found, step 345927
    - repeat of 4262630457 found, step 391549
    - repeat of 2510710783 found, step 398082
    - repeat of 1861309670 found, step 401540
    - repeat of 2395280926 found, step 401591
  - Checking PRNG output completed (0.042982 seconds)
- Testing for repeats completed (0.0463657 seconds)
---
21 repeats, p-value = 1 - 0.35631
- bump_allocator_static< std::__detail::_Hash_node_base* > at 0x604310 destroyed!
 - total_allocations_  = 1
 - active_allocations_ = 0
 - high_allocations_   = 1
 - total_mem_  = 3555896
 - active_mem_ = 0
 - high_mem_   = 3555896
- bump_allocator_static< std::__detail::_Hash_node<unsigned int, false> > at 0x6042d0 destroyed!
 - total_allocations_  = 414466
 - active_allocations_ = 0
 - high_allocations_   = 414466
 - total_mem_  = 6631456
 - active_mem_ = 0
 - high_mem_   = 6631456

Memory usage summary: heap total: 1073815760, heap peak: 1073815568, stack peak: 2816
         total calls   total memory   failed calls
 malloc|          5     1073815568              0
realloc|          4            192              0  (nomove:0, dec:0, free:0)
 calloc|          0              0              0
   free|          6     1073742032
Histogram for block sizes:
   16-31              1  11% =========================
   32-47              2  22% ==================================================
   64-79              2  22% ==================================================
  512-527             2  22% ==================================================
   large              2  22% ==================================================
