Testing xoroshiro64star32
	0..4294967295 is range of generator
	198893 outputs to scan for duplicates [3.03485*sqrt(range)]
	4.60521 duplicates expected on average
	0.00999963 is probability of zero duplicates
	0xe74d4e80 is seed for this run
---
- Testing for repeats started...
  - Allocating memory started...
    - allocated array of size 198893.
  - Allocating memory completed (6.63e-06 seconds)
  - Storing PRNG output started...
  - Storing PRNG output completed (0.000846452 seconds)
  - Sorting started...
  - Sorting completed (0.0292043 seconds)
  - Scanning for duplicates started...
    - repeat of 497122110 found
    - repeat of 718832452 found
    - repeat of 778753264 found
    - repeat of 1082905576 found
    - repeat of 1167131391 found
    - repeat of 2747118801 found
  - Scanning for duplicates completed (0.000302247 seconds)
- Testing for repeats completed (0.030372 seconds)
---
6 repeats, p-value = 1 - 0.18266

Memory usage summary: heap total: 868276, heap peak: 868276, stack peak: 5568
         total calls   total memory   failed calls
 malloc|          2         868276              0
realloc|          0              0              0  (nomove:0, dec:0, free:0)
 calloc|          0              0              0
   free|          0              0
Histogram for block sizes:
   large              2 100% ==================================================
