Testing gjrand32
	0..4294967295 is range of generator
	198893 outputs to scan for duplicates [3.03485*sqrt(range)]
	4.60521 duplicates expected on average
	0.00999963 is probability of zero duplicates
	0xf05397ae is seed for this run
---
- Testing for repeats started...
  - Allocating memory started...
    - allocated bloomish filter with 16384 64-bit elements (3 bits/entry)
    - allocated possible-match log with 8192 32-bit elements
  - Allocating memory completed (1.5041e-05 seconds)
  - Phase 1, Gathering repeat candidates started...
    - 5592 repeat candidates found
  - Phase 1, Gathering repeat candidates completed (0.0034113 seconds)
  - Reallocating memory started...
    - Deallocated bloomish filter
    - Allocated hash table of the same size
  - Reallocating memory completed (1.238e-05 seconds)
  - Phase 2, Storing candidates in hash table started...
  - Phase 2, Storing candidates in hash table completed (5.4353e-05 seconds)
  - Phase 3, Testing candidates started...
    - repeat of 4051927396 found, step 118539
    - repeat of 3378694534 found, step 120548
    - repeat of 2886677126 found, step 124085
    - repeat of 1835486577 found, step 194282
  - Phase 3, Testing candidates completed (0.00333178 seconds)
- Testing for repeats completed (0.00684226 seconds)
---
4 repeats, p-value = 1 - 0.487742

Memory usage summary: heap total: 318465, heap peak: 236544, stack peak: 5712
         total calls   total memory   failed calls
 malloc|          5         318465              0
realloc|          0              0              0  (nomove:0, dec:0, free:0)
 calloc|          0              0              0
   free|          4         245761
Histogram for block sizes:
16384-16399           1  20% ================
32768-32783           1  20% ================
   large              3  60% ==================================================
