Testing xoroshiro128plus64
	0..18446744073709551615 is range of generator
	27163758263 outputs to scan for duplicates [6.32456*sqrt(range)]
	20 duplicates expected on average
	2.06115e-09 is probability of zero duplicates
	0x24012a3b is seed for this run
---
- Testing for repeats started...
  - Allocating memory started...
    - allocated bloomish filter with 2147483648 64-bit elements (3 bits/entry)
    - allocated possible-match log with 1073741824 64-bit elements
  - Allocating memory completed (3.203e-05 seconds)
  - Phase 1, Gathering repeat candidates started...
    - 826827986 repeat candidates found
  - Phase 1, Gathering repeat candidates completed (1607.51 seconds)
  - Reallocating memory started...
    - Deallocated bloomish filter
    - Allocated hash table of the same size
  - Reallocating memory completed (6.22625 seconds)
  - Phase 2, Storing candidates in hash table started...
  - Phase 2, Storing candidates in hash table completed (27.6632 seconds)
  - Phase 3, Testing candidates started...
    - repeat of 17517124722313731800 found, step 2838915705
    - repeat of 7025508689369736085 found, step 6652148853
    - repeat of 15029990417891071236 found, step 7552727508
    - repeat of 5232028984714812838 found, step 7757012719
    - repeat of 5807670186392791443 found, step 7849942502
    - repeat of 14348637793202088930 found, step 10428250323
    - repeat of 16504586003953201658 found, step 10534596544
    - repeat of 8866112446919417169 found, step 10564132735
    - repeat of 7600654352042737603 found, step 11880617152
    - repeat of 13584363371876486441 found, step 11947710053
    - repeat of 9262904068671329955 found, step 13767455837
    - repeat of 6482935699244617837 found, step 17193580339
    - repeat of 14242688725335342338 found, step 17297289704
    - repeat of 7449235078982478164 found, step 17360535660
    - repeat of 3296252262768874802 found, step 18431469066
    - repeat of 13966281753944975429 found, step 19063141328
    - repeat of 2548573328964617486 found, step 20249388062
    - repeat of 9292335709952895319 found, step 22695611242
    - repeat of 12396011576832546707 found, step 23653480838
    - repeat of 4368765687487147745 found, step 24174104944
    - repeat of 12147891354912978210 found, step 26734211327
    - repeat of 14152048425826724957 found, step 26795006755
    - repeat of 982266431614543780 found, step 26833738033
    - repeat of 4990023645754851268 found, step 26891822754
  - Phase 3, Testing candidates completed (1156.58 seconds)
- Testing for repeats completed (2797.97 seconds)
---
24 repeats, p-value = 1 - 0.156773

Memory usage summary: heap total: 45097229313, heap peak: 27917360129, stack peak: 5680
         total calls   total memory   failed calls
 malloc|          5    45097229313              0
realloc|          0              0              0  (nomove:0, dec:0, free:0)
 calloc|          0              0              0
   free|          4    45097156609
Histogram for block sizes:
   large              5 100% ==================================================
