Testing std::mt19937
	0..4294967295 is range of generator
	198893 outputs to scan for duplicates [3.03485*sqrt(range)]
	4.60521 duplicates expected on average
	0.00999963 is probability of zero duplicates
	0xc879353d is seed for this run
---
- Testing for repeats started...
  - Allocating memory started...
    - allocated 256 buckets of capacity 971
    - allocated 256 bucket counters
  - Allocating memory completed (1.8133e-05 seconds)
  - Storing PRNG output started...
  - Storing PRNG output completed (0.00367769 seconds)
  - Sorting started...
  - Sorting completed (0.0161247 seconds)
  - Scanning for duplicates started...
    - repeat of 3230328602 found
    - repeat of 3458600289 found
    - repeat of 3408019610 found
    - repeat of 351596719 found
    - repeat of 1542315961 found
    - repeat of 2376015035 found
    - repeat of 4049391096 found
  - Scanning for duplicates completed (0.000211893 seconds)
- Testing for repeats completed (0.0200465 seconds)
---
7 repeats, p-value = 1 - 0.0955042

Memory usage summary: heap total: 2063360, heap peak: 2063360, stack peak: 10576
         total calls   total memory   failed calls
 malloc|          3        2063360              0
realloc|          0              0              0  (nomove:0, dec:0, free:0)
 calloc|          0              0              0
   free|          0              0
Histogram for block sizes:
 2048-2063            1  33% =========================
   large              2  66% ==================================================
