Testing xoroshiro64star32
	0..4294967295 is range of generator
	414487 outputs to scan for duplicates [6.32456*sqrt(range)]
	20.0001 duplicates expected on average
	2.06097e-09 is probability of zero duplicates
	0x10bced87 is seed for this run
---
- Testing for repeats started...
  - Allocating memory started...
    - allocated array of size 414487.
  - Allocating memory completed (7.853e-06 seconds)
  - Storing PRNG output started...
  - Storing PRNG output completed (0.00255544 seconds)
  - Sorting started...
  - Sorting completed (0.0582779 seconds)
  - Scanning for duplicates started...
    - repeat of 197477506 found
    - repeat of 418075378 found
    - repeat of 506014650 found
    - repeat of 779293548 found
    - repeat of 1001337212 found
    - repeat of 1102101695 found
    - repeat of 1373220724 found
    - repeat of 1398588212 found
    - repeat of 1477831731 found
    - repeat of 1506416481 found
    - repeat of 1894380966 found
    - repeat of 1896091856 found
    - repeat of 2258340747 found
    - repeat of 2469116247 found
    - repeat of 2840235586 found
    - repeat of 2856175831 found
    - repeat of 3447929300 found
    - repeat of 3466818720 found
    - repeat of 3688501489 found
    - repeat of 3795538199 found
    - repeat of 3911142284 found
    - repeat of 4142396875 found
  - Scanning for duplicates completed (0.000493759 seconds)
- Testing for repeats completed (0.06135 seconds)
---
22 repeats, p-value = 1 - 0.279396

Memory usage summary: heap total: 1730652, heap peak: 1730652, stack peak: 5568
         total calls   total memory   failed calls
 malloc|          2        1730652              0
realloc|          0              0              0  (nomove:0, dec:0, free:0)
 calloc|          0              0              0
   free|          0              0
Histogram for block sizes:
   large              2 100% ==================================================
