Testing pcg32
	0..4294967295 is range of generator
	414487 outputs to scan for duplicates [6.32456*sqrt(range)]
	20.0001 duplicates expected on average
	2.06097e-09 is probability of zero duplicates
	0x1a51fa59 is seed for this run
---
- Testing for repeats started...
  - Allocating memory started...
    - allocated hash table of reserved for 414487 elements
  - Allocating memory completed (0.00188285 seconds)
  - Checking PRNG output started...
    - repeat of 3557496606 found, step 66929
    - repeat of 555696620 found, step 100414
    - repeat of 3356424282 found, step 202580
    - repeat of 1327136125 found, step 204705
    - repeat of 716848956 found, step 221277
    - repeat of 1925121963 found, step 256164
    - repeat of 3651934762 found, step 272566
    - repeat of 2577971349 found, step 281880
    - repeat of 4288310256 found, step 289912
    - repeat of 1576945217 found, step 305662
    - repeat of 2068337209 found, step 306500
    - repeat of 600098922 found, step 314628
    - repeat of 2909065377 found, step 332179
    - repeat of 3284266590 found, step 336040
    - repeat of 443734264 found, step 345010
    - repeat of 3080147731 found, step 350996
    - repeat of 1691752360 found, step 364467
    - repeat of 21926757 found, step 389413
    - repeat of 2357002782 found, step 392173
    - repeat of 2208628219 found, step 393420
    - repeat of 108444841 found, step 393756
    - repeat of 2359395852 found, step 405268
  - Checking PRNG output completed (0.0989307 seconds)
- Testing for repeats completed (0.100831 seconds)
---
22 repeats, p-value = 1 - 0.279396

Memory usage summary: heap total: 10260040, heap peak: 10260040, stack peak: 5648
         total calls   total memory   failed calls
 malloc|     414467       10260040              0
realloc|          0              0              0  (nomove:0, dec:0, free:0)
 calloc|          0              0              0
   free|     414466       10187336
Histogram for block sizes:
   16-31         414465  99% ==================================================
   large              2  <1% 
