Testing jsf32
	0..4294967295 is range of generator
	414487 outputs to scan for duplicates [6.32456*sqrt(range)]
	20.0001 duplicates expected on average
	2.06097e-09 is probability of zero duplicates
	0xce2eb928 is seed for this run
---
- Testing for repeats started...
  - Allocating memory started...
    - allocated hash table of reserved for 414487 elements
  - Allocating memory completed (0.00204153 seconds)
  - Checking PRNG output started...
    - repeat of 3332428814 found, step 110537
    - repeat of 3602857535 found, step 115436
    - repeat of 4076541013 found, step 161875
    - repeat of 266259945 found, step 186961
    - repeat of 803482240 found, step 187885
    - repeat of 2437534867 found, step 222042
    - repeat of 1393441287 found, step 224380
    - repeat of 1077257810 found, step 242549
    - repeat of 3695976661 found, step 250117
    - repeat of 622558940 found, step 253667
    - repeat of 3516182646 found, step 274395
    - repeat of 323617103 found, step 314694
    - repeat of 2930489989 found, step 317990
    - repeat of 3719950181 found, step 339998
    - repeat of 3619325715 found, step 354265
    - repeat of 3169237927 found, step 362352
    - repeat of 3469369496 found, step 363960
    - repeat of 262645621 found, step 393653
    - repeat of 4070254672 found, step 410113
  - Checking PRNG output completed (0.124954 seconds)
- Testing for repeats completed (0.127017 seconds)
---
19 repeats, p-value = 0.470249

Memory usage summary: heap total: 10260088, heap peak: 10260088, stack peak: 5648
         total calls   total memory   failed calls
 malloc|     414470       10260088              0
realloc|          0              0              0  (nomove:0, dec:0, free:0)
 calloc|          0              0              0
   free|     414469       10187384
Histogram for block sizes:
   16-31         414468  99% ==================================================
   large              2  <1% 
