Testing pcg32_fast
	0..4294967295 is range of generator
	414487 outputs to scan for duplicates [6.32456*sqrt(range)]
	20.0001 duplicates expected on average
	2.06097e-09 is probability of zero duplicates
	0x6706dc90 is seed for this run
---
- Testing for repeats started...
  - Allocating memory started...
    - allocated 256 buckets of capacity 2023
    - allocated 256 bucket counters
  - Allocating memory completed (1.988e-05 seconds)
  - Storing PRNG output started...
  - Storing PRNG output completed (0.00351094 seconds)
  - Sorting started...
  - Sorting completed (0.0371857 seconds)
  - Scanning for duplicates started...
    - repeat of 1043177738 found
    - repeat of 3831635979 found
    - repeat of 1249074191 found
    - repeat of 798054963 found
    - repeat of 724403764 found
    - repeat of 2824380759 found
    - repeat of 3146214502 found
    - repeat of 1032898681 found
    - repeat of 4275400058 found
    - repeat of 4245657011 found
    - repeat of 2326628806 found
    - repeat of 1942146247 found
    - repeat of 589816782 found
    - repeat of 1141424108 found
  - Scanning for duplicates completed (0.000611985 seconds)
- Testing for repeats completed (0.0413523 seconds)
---
14 repeats, p-value = 0.104861

Memory usage summary: heap total: 2145280, heap peak: 2145280, stack peak: 5616
         total calls   total memory   failed calls
 malloc|          3        2145280              0
realloc|          0              0              0  (nomove:0, dec:0, free:0)
 calloc|          0              0              0
   free|          0              0
Histogram for block sizes:
 1024-1039            1  33% =========================
   large              2  66% ==================================================
