Testing xoroshiro64star32
	0..4294967295 is range of generator
	414487 outputs to scan for duplicates [6.32456*sqrt(range)]
	20.0001 duplicates expected on average
	2.06097e-09 is probability of zero duplicates
	0x690877fa is seed for this run
---
- Testing for repeats started...
  - Allocating memory started...
    - allocated array of size 414487.
  - Allocating memory completed (7.873e-06 seconds)
  - Storing PRNG output started...
  - Storing PRNG output completed (0.00279816 seconds)
  - Sorting started...
  - Sorting completed (0.0384608 seconds)
  - Scanning for duplicates started...
    - repeat of 13433012 found
    - repeat of 77063516 found
    - repeat of 133729263 found
    - repeat of 234305495 found
    - repeat of 661747796 found
    - repeat of 1239013963 found
    - repeat of 1294518830 found
    - repeat of 1305924334 found
    - repeat of 1439662797 found
    - repeat of 1476583801 found
    - repeat of 1677400037 found
    - repeat of 1932148453 found
    - repeat of 2037159211 found
    - repeat of 2580216421 found
    - repeat of 2934853889 found
    - repeat of 2963471628 found
    - repeat of 3521356293 found
    - repeat of 3532757589 found
    - repeat of 3755269547 found
    - repeat of 3786430084 found
  - Scanning for duplicates completed (0.000351592 seconds)
- Testing for repeats completed (0.0416403 seconds)
---
20 repeats, p-value = 1 - 0.440915

Memory usage summary: heap total: 1730652, heap peak: 1730652, stack peak: 5568
         total calls   total memory   failed calls
 malloc|          2        1730652              0
realloc|          0              0              0  (nomove:0, dec:0, free:0)
 calloc|          0              0              0
   free|          0              0
Histogram for block sizes:
   large              2 100% ==================================================
