Testing xoroshiro64plus32
	0..4294967295 is range of generator
	414487 outputs to scan for duplicates [6.32456*sqrt(range)]
	20.0001 duplicates expected on average
	2.06097e-09 is probability of zero duplicates
	0x246a1dfe is seed for this run
---
- Testing for repeats started...
  - Allocating memory started...
    - allocated hash table of reserved for 414487 elements
  - Allocating memory completed (0.00246182 seconds)
  - Checking PRNG output started...
    - repeat of 2470338492 found, step 129904
    - repeat of 2640296950 found, step 141916
    - repeat of 47116787 found, step 143704
    - repeat of 1463553187 found, step 150402
    - repeat of 526825336 found, step 151614
    - repeat of 412884801 found, step 205725
    - repeat of 2049630389 found, step 208913
    - repeat of 1568060314 found, step 234326
    - repeat of 2335156186 found, step 243428
    - repeat of 3898056071 found, step 251104
    - repeat of 3601943525 found, step 251563
    - repeat of 2338806336 found, step 263882
    - repeat of 3032677329 found, step 270911
    - repeat of 1685771293 found, step 278845
    - repeat of 2872083313 found, step 293093
    - repeat of 1396578543 found, step 311918
    - repeat of 2287246130 found, step 320031
    - repeat of 4016174297 found, step 326479
    - repeat of 384671743 found, step 344339
    - repeat of 2384882282 found, step 359262
    - repeat of 3694254812 found, step 367778
    - repeat of 1754208436 found, step 369112
    - repeat of 487266979 found, step 381757
    - repeat of 2358850843 found, step 395854
    - repeat of 107915812 found, step 397243
    - repeat of 1035056202 found, step 400881
    - repeat of 658081099 found, step 403866
    - repeat of 2087236898 found, step 413652
  - Checking PRNG output completed (0.0800786 seconds)
- Testing for repeats completed (0.082552 seconds)
---
28 repeats, p-value = 1 - 0.0343352

Memory usage summary: heap total: 10259944, heap peak: 10259944, stack peak: 5648
         total calls   total memory   failed calls
 malloc|     414461       10259944              0
realloc|          0              0              0  (nomove:0, dec:0, free:0)
 calloc|          0              0              0
   free|     414460       10187240
Histogram for block sizes:
   16-31         414459  99% ==================================================
   large              2  <1% 
