Testing sfc32
	0..4294967295 is range of generator
	414487 outputs to scan for duplicates [6.32456*sqrt(range)]
	20.0001 duplicates expected on average
	2.06097e-09 is probability of zero duplicates
	0xb9e977e4 is seed for this run
---
- Testing for repeats started...
  - Allocating memory started...
    - allocated 256 buckets of capacity 2023
    - allocated 256 bucket counters
  - Allocating memory completed (1.4417e-05 seconds)
  - Storing PRNG output started...
  - Storing PRNG output completed (0.0030499 seconds)
  - Sorting started...
  - Sorting completed (0.0322522 seconds)
  - Scanning for duplicates started...
    - repeat of 3556399368 found
    - repeat of 254593289 found
    - repeat of 1056355084 found
    - repeat of 3669294350 found
    - repeat of 2101974545 found
    - repeat of 2619132723 found
    - repeat of 3336199483 found
    - repeat of 3175761510 found
    - repeat of 1030077291 found
    - repeat of 1694899315 found
    - repeat of 464830070 found
    - repeat of 2034763154 found
    - repeat of 3647926723 found
    - repeat of 1712840673 found
    - repeat of 714808556 found
    - repeat of 1245121522 found
  - Scanning for duplicates completed (0.000532505 seconds)
- Testing for repeats completed (0.0358631 seconds)
---
16 repeats, p-value = 0.221068

Memory usage summary: heap total: 2145280, heap peak: 2145280, stack peak: 5616
         total calls   total memory   failed calls
 malloc|          3        2145280              0
realloc|          0              0              0  (nomove:0, dec:0, free:0)
 calloc|          0              0              0
   free|          0              0
Histogram for block sizes:
 1024-1039            1  33% =========================
   large              2  66% ==================================================
