Testing sfc32
	0..4294967295 is range of generator
	414487 outputs to scan for duplicates [6.32456*sqrt(range)]
	20.0001 duplicates expected on average
	2.06097e-09 is probability of zero duplicates
	0x67543f37 is seed for this run
---
- Testing for repeats started...
  - Allocating memory started...
    - allocated 256 buckets of capacity 2023
    - allocated 256 bucket counters
  - Allocating memory completed (1.881e-05 seconds)
  - Storing PRNG output started...
  - Storing PRNG output completed (0.00343841 seconds)
  - Sorting started...
  - Sorting completed (0.0279305 seconds)
  - Scanning for duplicates started...
    - repeat of 3632669458 found
    - repeat of 2198535710 found
    - repeat of 260301360 found
    - repeat of 2743864132 found
    - repeat of 4146481997 found
    - repeat of 3323785312 found
    - repeat of 2268897911 found
    - repeat of 2543358843 found
    - repeat of 1820241536 found
    - repeat of 1069594287 found
    - repeat of 3143055796 found
    - repeat of 1383319000 found
    - repeat of 4143499482 found
    - repeat of 3293295083 found
    - repeat of 2091020286 found
  - Scanning for duplicates completed (0.000414647 seconds)
- Testing for repeats completed (0.0318243 seconds)
---
15 repeats, p-value = 0.156508

Memory usage summary: heap total: 2145280, heap peak: 2145280, stack peak: 5616
         total calls   total memory   failed calls
 malloc|          3        2145280              0
realloc|          0              0              0  (nomove:0, dec:0, free:0)
 calloc|          0              0              0
   free|          0              0
Histogram for block sizes:
 1024-1039            1  33% =========================
   large              2  66% ==================================================
