Testing pcg32
	0..4294967295 is range of generator
	414487 outputs to scan for duplicates [6.32456*sqrt(range)]
	20.0001 duplicates expected on average
	2.06097e-09 is probability of zero duplicates
	0x422cc3cb is seed for this run
---
- Testing for repeats started...
  - Allocating memory started...
    - allocated array of size 414487.
  - Allocating memory completed (8.8e-06 seconds)
  - Storing PRNG output started...
  - Storing PRNG output completed (0.00277601 seconds)
  - Sorting started...
  - Sorting completed (0.0592891 seconds)
  - Scanning for duplicates started...
    - repeat of 27339619 found
    - repeat of 75864912 found
    - repeat of 79323381 found
    - repeat of 93252176 found
    - repeat of 207117598 found
    - repeat of 234212652 found
    - repeat of 245233065 found
    - repeat of 537837423 found
    - repeat of 642751146 found
    - repeat of 649129202 found
    - repeat of 816946865 found
    - repeat of 984882908 found
    - repeat of 990782381 found
    - repeat of 1042827883 found
    - repeat of 1172639337 found
    - repeat of 1692444436 found
    - repeat of 1912326702 found
    - repeat of 2172011743 found
    - repeat of 2589489159 found
    - repeat of 3065394828 found
    - repeat of 3136107025 found
    - repeat of 3366961843 found
    - repeat of 3657829826 found
    - repeat of 4006526389 found
  - Scanning for duplicates completed (0.000500296 seconds)
- Testing for repeats completed (0.0626008 seconds)
---
24 repeats, p-value = 1 - 0.156778

Memory usage summary: heap total: 1730652, heap peak: 1730652, stack peak: 5568
         total calls   total memory   failed calls
 malloc|          2        1730652              0
realloc|          0              0              0  (nomove:0, dec:0, free:0)
 calloc|          0              0              0
   free|          0              0
Histogram for block sizes:
   large              2 100% ==================================================
