Testing pcg32
	0..4294967295 is range of generator
	414487 outputs to scan for duplicates [6.32456*sqrt(range)]
	20.0001 duplicates expected on average
	2.06097e-09 is probability of zero duplicates
	0x6a4b6caa is seed for this run
---
- Testing for repeats started...
  - Allocating memory started...
    - allocated hash table of reserved for 414487 elements
  - Allocating memory completed (0.00286922 seconds)
  - Checking PRNG output started...
    - repeat of 914636202 found, step 32238
    - repeat of 207936793 found, step 141040
    - repeat of 52151296 found, step 176751
    - repeat of 1871301387 found, step 185977
    - repeat of 2736062726 found, step 192446
    - repeat of 2510777721 found, step 210952
    - repeat of 458848017 found, step 238638
    - repeat of 461272598 found, step 281243
    - repeat of 2472883400 found, step 292577
    - repeat of 2084863122 found, step 306755
    - repeat of 3160127075 found, step 307523
    - repeat of 1992818735 found, step 317335
    - repeat of 2118946488 found, step 318660
    - repeat of 3774474937 found, step 336034
    - repeat of 181729519 found, step 345371
    - repeat of 854921939 found, step 352360
    - repeat of 2955041460 found, step 358126
    - repeat of 2989209674 found, step 358836
    - repeat of 516933746 found, step 367069
    - repeat of 3364827368 found, step 368237
    - repeat of 1219195527 found, step 371937
    - repeat of 1719516257 found, step 373006
    - repeat of 679225433 found, step 378625
    - repeat of 2848005601 found, step 381558
    - repeat of 3089047295 found, step 391973
  - Checking PRNG output completed (0.127375 seconds)
- Testing for repeats completed (0.130266 seconds)
---
25 repeats, p-value = 1 - 0.112189

Memory usage summary: heap total: 10259992, heap peak: 10259992, stack peak: 5648
         total calls   total memory   failed calls
 malloc|     414464       10259992              0
realloc|          0              0              0  (nomove:0, dec:0, free:0)
 calloc|          0              0              0
   free|     414463       10187288
Histogram for block sizes:
   16-31         414462  99% ==================================================
   large              2  <1% 
