Testing sfc32
	0..4294967295 is range of generator
	414487 outputs to scan for duplicates [6.32456*sqrt(range)]
	20.0001 duplicates expected on average
	2.06097e-09 is probability of zero duplicates
	0x25acc86b is seed for this run
---
- Testing for repeats started...
  - Allocating memory started...
    - allocated 256 buckets of capacity 2023
    - allocated 256 bucket counters
  - Allocating memory completed (1.3881e-05 seconds)
  - Storing PRNG output started...
  - Storing PRNG output completed (0.00275628 seconds)
  - Sorting started...
  - Sorting completed (0.0277268 seconds)
  - Scanning for duplicates started...
    - repeat of 2921783825 found
    - repeat of 742670361 found
    - repeat of 932314154 found
    - repeat of 145922098 found
    - repeat of 3205236274 found
    - repeat of 2618888506 found
    - repeat of 4260515398 found
    - repeat of 3271429461 found
    - repeat of 4084023129 found
    - repeat of 1587830121 found
    - repeat of 3130142343 found
    - repeat of 3856315546 found
    - repeat of 696308131 found
    - repeat of 2055334068 found
    - repeat of 3201110743 found
    - repeat of 3699572203 found
    - repeat of 809694192 found
    - repeat of 4193613553 found
    - repeat of 928988407 found
    - repeat of 1311032573 found
  - Scanning for duplicates completed (0.000518038 seconds)
- Testing for repeats completed (0.0310388 seconds)
---
20 repeats, p-value = 1 - 0.440915

Memory usage summary: heap total: 2145280, heap peak: 2145280, stack peak: 5616
         total calls   total memory   failed calls
 malloc|          3        2145280              0
realloc|          0              0              0  (nomove:0, dec:0, free:0)
 calloc|          0              0              0
   free|          0              0
Histogram for block sizes:
 1024-1039            1  33% =========================
   large              2  66% ==================================================
