Testing jsf32
	0..4294967295 is range of generator
	414487 outputs to scan for duplicates [6.32456*sqrt(range)]
	20.0001 duplicates expected on average
	2.06097e-09 is probability of zero duplicates
	0xd91306dc is seed for this run
---
- Testing for repeats started...
  - Allocating memory started...
    - allocated bloomish filter with 32768 64-bit elements (3 bits/entry)
    - allocated possible-match log with 16384 32-bit elements
  - Allocating memory completed (1.0865e-05 seconds)
  - Phase 1, Gathering repeat candidates started...
    - 15378 repeat candidates found
  - Phase 1, Gathering repeat candidates completed (0.00600861 seconds)
  - Reallocating memory started...
    - Deallocated bloomish filter
    - Allocated hash table of the same size
  - Reallocating memory completed (9.2047e-05 seconds)
  - Phase 2, Storing candidates in hash table started...
  - Phase 2, Storing candidates in hash table completed (0.000173825 seconds)
  - Phase 3, Testing candidates started...
    - repeat of 1219434337 found, step 176585
    - repeat of 639641984 found, step 182201
    - repeat of 4090888087 found, step 193211
    - repeat of 4093325620 found, step 198701
    - repeat of 3518440819 found, step 227994
    - repeat of 176562343 found, step 233347
    - repeat of 2243132991 found, step 244714
    - repeat of 2899195171 found, step 272599
    - repeat of 1838038548 found, step 281272
    - repeat of 4147264219 found, step 286850
    - repeat of 356952450 found, step 319257
    - repeat of 690928393 found, step 324652
    - repeat of 1465542085 found, step 366337
    - repeat of 938943393 found, step 370565
    - repeat of 2616838871 found, step 374529
    - repeat of 41663286 found, step 379849
    - repeat of 3572263440 found, step 405773
    - repeat of 3287212859 found, step 408030
  - Phase 3, Testing candidates completed (0.00756945 seconds)
- Testing for repeats completed (0.0138745 seconds)
---
18 repeats, p-value = 0.381414

Memory usage summary: heap total: 564225, heap peak: 400384, stack peak: 5712
         total calls   total memory   failed calls
 malloc|          5         564225              0
realloc|          0              0              0  (nomove:0, dec:0, free:0)
 calloc|          0              0              0
   free|          4         491521
Histogram for block sizes:
32768-32783           1  20% ============
   large              4  80% ==================================================
