- bump_allocator_static< std::__detail::_Hash_node<unsigned int, false> > (item size = 16) at 0x6042d0 created!
- bump_allocator_static< std::__detail::_Hash_node_base* > (item size = 8) at 0x604310 created!
- mempool at 0x604298 allocated new chunk at 0x7fb581ba1020
- mempool at 0x604298 deallocated chunk at 0x7fb581ba1020
Testing pcg32
	0..4294967295 is range of generator
	414487 outputs to scan for duplicates [6.32456*sqrt(range)]
	20.0001 duplicates expected on average
	2.06097e-09 is probability of zero duplicates
	0xbfe84f21 is seed for this run
---
- Testing for repeats started...
  - Allocating memory started...
    - allocated hash table of reserved for 414487 elements
  - Allocating memory completed (0.00147803 seconds)
  - Checking PRNG output started...
    - repeat of 1444632979 found, step 94363
    - repeat of 1058434105 found, step 133026
    - repeat of 1929596862 found, step 216723
    - repeat of 1268233777 found, step 218032
    - repeat of 3017338019 found, step 243428
    - repeat of 2582909883 found, step 286986
    - repeat of 3862359721 found, step 311593
    - repeat of 1423152535 found, step 332185
    - repeat of 1381506165 found, step 346957
    - repeat of 1491031333 found, step 352298
    - repeat of 2817185621 found, step 355546
    - repeat of 1612799153 found, step 389638
    - repeat of 842455762 found, step 399175
  - Checking PRNG output completed (0.0313185 seconds)
- Testing for repeats completed (0.0328095 seconds)
---
13 repeats, p-value = 0.0661252
- bump_allocator_static< std::__detail::_Hash_node_base* > at 0x604310 destroyed!
 - total_allocations_  = 1
 - active_allocations_ = 0
 - high_allocations_   = 1
 - total_mem_  = 3555896
 - active_mem_ = 0
 - high_mem_   = 3555896
- bump_allocator_static< std::__detail::_Hash_node<unsigned int, false> > at 0x6042d0 destroyed!
 - total_allocations_  = 414474
 - active_allocations_ = 0
 - high_allocations_   = 414474
 - total_mem_  = 6631584
 - active_mem_ = 0
 - high_mem_   = 6631584

Memory usage summary: heap total: 1073815760, heap peak: 1073815568, stack peak: 2816
         total calls   total memory   failed calls
 malloc|          5     1073815568              0
realloc|          4            192              0  (nomove:0, dec:0, free:0)
 calloc|          0              0              0
   free|          6     1073742032
Histogram for block sizes:
   16-31              1  11% =========================
   32-47              2  22% ==================================================
   64-79              2  22% ==================================================
  512-527             2  22% ==================================================
   large              2  22% ==================================================
