Testing xorshift64star32a
	0..4294967295 is range of generator
	198893 outputs to scan for duplicates [3.03485*sqrt(range)]
	4.60511 duplicates expected on average
	0.0100006 is probability of zero duplicates
	0x40529dcf is seed for this run
---
- Testing for repeats started...
  - Allocating memory started...
    - allocated bloomish filter with 16384 64-bit elements (3 bits/entry)
    - allocated possible-match log with 8192 32-bit elements
  - Allocating memory completed (1.8582e-05 seconds)
  - Phase 1, Gathering repeat candidates started...
    - 5650 repeat candidates found
  - Phase 1, Gathering repeat candidates completed (0.00394111 seconds)
  - Reallocating memory started...
    - Deallocated bloomish filter
    - Allocated hash table of the same size
  - Reallocating memory completed (2.4715e-05 seconds)
  - Phase 2, Storing candidates in hash table started...
  - Phase 2, Storing candidates in hash table completed (7.0589e-05 seconds)
  - Phase 3, Testing candidates started...
    - repeat of 767245228 found, step 76931
    - repeat of 3026937245 found, step 91518
    - repeat of 2532061770 found, step 146940
    - repeat of 752919376 found, step 149397
    - repeat of 3070678469 found, step 181634
    - repeat of 529863491 found, step 181732
  - Phase 3, Testing candidates completed (0.00391288 seconds)
- Testing for repeats completed (0.00799494 seconds)
---
6 repeats, p-value = 1 - 0.182648

Memory usage summary: heap total: 318465, heap peak: 236544, stack peak: 5664
         total calls   total memory   failed calls
 malloc|          5         318465              0
realloc|          0              0              0  (nomove:0, dec:0, free:0)
 calloc|          0              0              0
   free|          4         245761
Histogram for block sizes:
16384-16399           1  20% ================
32768-32783           1  20% ================
   large              3  60% ==================================================
