Testing xoroshiro64starstar32
	0..4294967295 is range of generator
	414487 outputs to scan for duplicates [6.32456*sqrt(range)]
	20.0001 duplicates expected on average
	2.06097e-09 is probability of zero duplicates
	0x6e5e50cf is seed for this run
---
- Testing for repeats started...
  - Allocating memory started...
    - allocated bloomish filter with 32768 64-bit elements (3 bits/entry)
    - allocated possible-match log with 16384 32-bit elements
  - Allocating memory completed (1.5143e-05 seconds)
  - Phase 1, Gathering repeat candidates started...
    - 15348 repeat candidates found
  - Phase 1, Gathering repeat candidates completed (0.0110612 seconds)
  - Reallocating memory started...
    - Deallocated bloomish filter
    - Allocated hash table of the same size
  - Reallocating memory completed (0.000152071 seconds)
  - Phase 2, Storing candidates in hash table started...
  - Phase 2, Storing candidates in hash table completed (0.00028522 seconds)
  - Phase 3, Testing candidates started...
    - repeat of 2994862749 found, step 57925
    - repeat of 4122249467 found, step 120803
    - repeat of 3389300177 found, step 135730
    - repeat of 4191753068 found, step 158321
    - repeat of 2323723234 found, step 172706
    - repeat of 4016747654 found, step 191977
    - repeat of 637181996 found, step 209340
    - repeat of 1744669759 found, step 210409
    - repeat of 3939630213 found, step 225629
    - repeat of 118661958 found, step 252755
    - repeat of 4036110156 found, step 262118
    - repeat of 2653991970 found, step 268956
    - repeat of 4134653187 found, step 279703
    - repeat of 2210433651 found, step 286895
    - repeat of 638063307 found, step 293864
    - repeat of 777392642 found, step 304844
    - repeat of 3979862316 found, step 324540
    - repeat of 1107695192 found, step 327589
    - repeat of 3074311436 found, step 344457
    - repeat of 395267538 found, step 369169
    - repeat of 3785006819 found, step 376841
    - repeat of 2252867813 found, step 395694
    - repeat of 611381268 found, step 407216
  - Phase 3, Testing candidates completed (0.0133391 seconds)
- Testing for repeats completed (0.0248801 seconds)
---
23 repeats, p-value = 1 - 0.212513

Memory usage summary: heap total: 564225, heap peak: 400384, stack peak: 5680
         total calls   total memory   failed calls
 malloc|          5         564225              0
realloc|          0              0              0  (nomove:0, dec:0, free:0)
 calloc|          0              0              0
   free|          4         491521
Histogram for block sizes:
32768-32783           1  20% ============
   large              4  80% ==================================================
