Testing xorshift64star32a
	0..4294967295 is range of generator
	414487 outputs to scan for duplicates [6.32456*sqrt(range)]
	19.9994 duplicates expected on average
	2.06239e-09 is probability of zero duplicates
	0x3b244550 is seed for this run
---
- Testing for repeats started...
  - Allocating memory started...
    - allocated bloomish filter with 32768 64-bit elements (3 bits/entry)
    - allocated possible-match log with 16384 32-bit elements
  - Allocating memory completed (1.1748e-05 seconds)
  - Phase 1, Gathering repeat candidates started...
    - 15466 repeat candidates found
  - Phase 1, Gathering repeat candidates completed (0.010834 seconds)
  - Reallocating memory started...
    - Deallocated bloomish filter
    - Allocated hash table of the same size
  - Reallocating memory completed (0.000153843 seconds)
  - Phase 2, Storing candidates in hash table started...
  - Phase 2, Storing candidates in hash table completed (0.000291198 seconds)
  - Phase 3, Testing candidates started...
    - repeat of 1816638153 found, step 50495
    - repeat of 958093934 found, step 149496
    - repeat of 962833215 found, step 159354
    - repeat of 3221560899 found, step 221288
    - repeat of 4043626108 found, step 222977
    - repeat of 1947551737 found, step 227082
    - repeat of 1429402434 found, step 249909
    - repeat of 1756263695 found, step 307081
    - repeat of 234159733 found, step 323448
    - repeat of 2959603807 found, step 352347
    - repeat of 422321351 found, step 362349
    - repeat of 1118862516 found, step 388637
    - repeat of 731923181 found, step 390609
    - repeat of 850355422 found, step 391245
    - repeat of 236323385 found, step 398401
    - repeat of 237430073 found, step 398610
  - Phase 3, Testing candidates completed (0.0133464 seconds)
- Testing for repeats completed (0.0246551 seconds)
---
16 repeats, p-value = 0.221113

Memory usage summary: heap total: 564225, heap peak: 400384, stack peak: 5664
         total calls   total memory   failed calls
 malloc|          5         564225              0
realloc|          0              0              0  (nomove:0, dec:0, free:0)
 calloc|          0              0              0
   free|          4         491521
Histogram for block sizes:
32768-32783           1  20% ============
   large              4  80% ==================================================
