Testing jsf32
	0..4294967295 is range of generator
	414487 outputs to scan for duplicates [6.32456*sqrt(range)]
	20.0001 duplicates expected on average
	2.06097e-09 is probability of zero duplicates
	0x990dc399 is seed for this run
---
- Testing for repeats started...
  - Allocating memory started...
    - allocated 256 buckets of capacity 2023
    - allocated 256 bucket counters
  - Allocating memory completed (1.2988e-05 seconds)
  - Storing PRNG output started...
  - Storing PRNG output completed (0.00318045 seconds)
  - Sorting started...
  - Sorting completed (0.0377426 seconds)
  - Scanning for duplicates started...
    - repeat of 3284128262 found
    - repeat of 3466796812 found
    - repeat of 573184784 found
    - repeat of 705709090 found
    - repeat of 2879837221 found
    - repeat of 1163965493 found
    - repeat of 3724431927 found
    - repeat of 3391411768 found
    - repeat of 3677217593 found
    - repeat of 2251096378 found
    - repeat of 805837649 found
    - repeat of 1633106001 found
    - repeat of 732651858 found
    - repeat of 3931130986 found
    - repeat of 1068314232 found
    - repeat of 539850624 found
    - repeat of 742037381 found
    - repeat of 3117460636 found
    - repeat of 284241840 found
    - repeat of 723323317 found
    - repeat of 785715381 found
    - repeat of 2741040334 found
    - repeat of 1996187118 found
    - repeat of 3304975602 found
    - repeat of 1699895802 found
  - Scanning for duplicates completed (0.000589932 seconds)
- Testing for repeats completed (0.0415399 seconds)
---
25 repeats, p-value = 1 - 0.112189

Memory usage summary: heap total: 2145280, heap peak: 2145280, stack peak: 5616
         total calls   total memory   failed calls
 malloc|          3        2145280              0
realloc|          0              0              0  (nomove:0, dec:0, free:0)
 calloc|          0              0              0
   free|          0              0
Histogram for block sizes:
 1024-1039            1  33% =========================
   large              2  66% ==================================================
