Testing sfc32
	0..4294967295 is range of generator
	414487 outputs to scan for duplicates [6.32456*sqrt(range)]
	20.0001 duplicates expected on average
	2.06097e-09 is probability of zero duplicates
	0x78b8a933 is seed for this run
---
- Testing for repeats started...
  - Allocating memory started...
    - allocated array of size 414487.
  - Allocating memory completed (5.229e-06 seconds)
  - Storing PRNG output started...
  - Storing PRNG output completed (0.0015118 seconds)
  - Sorting started...
  - Sorting completed (0.0590928 seconds)
  - Scanning for duplicates started...
    - repeat of 31500631 found
    - repeat of 217098485 found
    - repeat of 236631582 found
    - repeat of 254132812 found
    - repeat of 625374029 found
    - repeat of 1043231150 found
    - repeat of 1063527932 found
    - repeat of 1066893335 found
    - repeat of 1091357025 found
    - repeat of 1276793051 found
    - repeat of 1286039390 found
    - repeat of 1538219671 found
    - repeat of 1576745195 found
    - repeat of 1588723281 found
    - repeat of 1766417361 found
    - repeat of 1957943234 found
    - repeat of 2020326755 found
    - repeat of 2250059248 found
    - repeat of 2606715471 found
    - repeat of 3478156970 found
    - repeat of 3794524181 found
    - repeat of 3847366477 found
    - repeat of 4008505963 found
    - repeat of 4178004687 found
  - Scanning for duplicates completed (0.000531343 seconds)
- Testing for repeats completed (0.0611608 seconds)
---
24 repeats, p-value = 1 - 0.156778

Memory usage summary: heap total: 1730652, heap peak: 1730652, stack peak: 5584
         total calls   total memory   failed calls
 malloc|          2        1730652              0
realloc|          0              0              0  (nomove:0, dec:0, free:0)
 calloc|          0              0              0
   free|          0              0
Histogram for block sizes:
   large              2 100% ==================================================
