Testing sfc32
	0..4294967295 is range of generator
	414487 outputs to scan for duplicates [6.32456*sqrt(range)]
	20.0001 duplicates expected on average
	2.06097e-09 is probability of zero duplicates
	0x54970e2d is seed for this run
---
- Testing for repeats started...
  - Allocating memory started...
    - allocated bloomish filter with 32768 64-bit elements (3 bits/entry)
    - allocated possible-match log with 16384 32-bit elements
  - Allocating memory completed (2.67e-05 seconds)
  - Phase 1, Gathering repeat candidates started...
    - 15244 repeat candidates found
  - Phase 1, Gathering repeat candidates completed (0.00971019 seconds)
  - Reallocating memory started...
    - Deallocated bloomish filter
    - Allocated hash table of the same size
  - Reallocating memory completed (0.000135441 seconds)
  - Phase 2, Storing candidates in hash table started...
  - Phase 2, Storing candidates in hash table completed (0.000263005 seconds)
  - Phase 3, Testing candidates started...
    - repeat of 3235039754 found, step 84341
    - repeat of 4050298059 found, step 98010
    - repeat of 2187456460 found, step 153452
    - repeat of 3746930251 found, step 174127
    - repeat of 2345172071 found, step 182058
    - repeat of 828236656 found, step 182386
    - repeat of 2025883071 found, step 209973
    - repeat of 1540196556 found, step 235345
    - repeat of 139214960 found, step 263083
    - repeat of 3890379472 found, step 265233
    - repeat of 3430503687 found, step 273357
    - repeat of 58421131 found, step 292304
    - repeat of 2968963799 found, step 296678
    - repeat of 3919481391 found, step 300077
    - repeat of 986747144 found, step 301157
    - repeat of 780537228 found, step 325569
    - repeat of 2116302511 found, step 330781
    - repeat of 1922207083 found, step 333352
    - repeat of 842128843 found, step 345809
    - repeat of 457649296 found, step 368521
    - repeat of 1346511548 found, step 398710
  - Phase 3, Testing candidates completed (0.0114749 seconds)
- Testing for repeats completed (0.0216347 seconds)
---
21 repeats, p-value = 1 - 0.35631

Memory usage summary: heap total: 564225, heap peak: 400384, stack peak: 5696
         total calls   total memory   failed calls
 malloc|          5         564225              0
realloc|          0              0              0  (nomove:0, dec:0, free:0)
 calloc|          0              0              0
   free|          4         491521
Histogram for block sizes:
32768-32783           1  20% ============
   large              4  80% ==================================================
