Testing xorshift128star64a
	0..18446744073709551615 is range of generator
	13034599790 outputs to scan for duplicates [3.03485*sqrt(range)]
	4.60517 duplicates expected on average
	0.01 is probability of zero duplicates
	0x2e1433ec is seed for this run
---
- Testing for repeats started...
  - Allocating memory started...
    - allocated array of size 13034599790.
  - Allocating memory completed (1.328e-05 seconds)
  - Storing PRNG output started...
  - Storing PRNG output completed (92.5828 seconds)
  - Sorting started...
  - Sorting completed (1998.83 seconds)
  - Scanning for duplicates started...
    - repeat of 172808720694347329 found
    - repeat of 11036583317454847018 found
    - repeat of 15994012047887890068 found
  - Scanning for duplicates completed (17.9337 seconds)
- Testing for repeats completed (2109.35 seconds)
---
3 repeats, p-value = 0.324864

Memory usage summary: heap total: 104276871024, heap peak: 104276871024, stack peak: 5568
         total calls   total memory   failed calls
 malloc|          2   104276871024              0
realloc|          0              0              0  (nomove:0, dec:0, free:0)
 calloc|          0              0              0
   free|          0              0
Histogram for block sizes:
   large              2 100% ==================================================
