Testing gjrand32
	0..4294967295 is range of generator
	414487 outputs to scan for duplicates [6.32456*sqrt(range)]
	20.0001 duplicates expected on average
	2.06097e-09 is probability of zero duplicates
	0x597088cb is seed for this run
---
- Testing for repeats started...
  - Allocating memory started...
    - allocated hash table of reserved for 414487 elements
  - Allocating memory completed (0.00166551 seconds)
  - Checking PRNG output started...
    - repeat of 3067943564 found, step 28838
    - repeat of 1000468272 found, step 101746
    - repeat of 1546092588 found, step 106638
    - repeat of 4108400891 found, step 126590
    - repeat of 2081487431 found, step 170271
    - repeat of 4052840617 found, step 248591
    - repeat of 3363329949 found, step 286892
    - repeat of 3529967254 found, step 286984
    - repeat of 1026511152 found, step 298193
    - repeat of 3919253315 found, step 313898
    - repeat of 1195193996 found, step 316818
    - repeat of 2580068489 found, step 324509
    - repeat of 3673876910 found, step 331403
    - repeat of 1947795592 found, step 335888
    - repeat of 1224573551 found, step 344397
    - repeat of 1480778898 found, step 354427
    - repeat of 150191161 found, step 358021
    - repeat of 1222402903 found, step 382385
    - repeat of 3664782968 found, step 410758
    - repeat of 3945871284 found, step 412980
  - Checking PRNG output completed (0.0835782 seconds)
- Testing for repeats completed (0.0852592 seconds)
---
20 repeats, p-value = 1 - 0.440915

Memory usage summary: heap total: 10260072, heap peak: 10260072, stack peak: 5648
         total calls   total memory   failed calls
 malloc|     414469       10260072              0
realloc|          0              0              0  (nomove:0, dec:0, free:0)
 calloc|          0              0              0
   free|     414468       10187368
Histogram for block sizes:
   16-31         414467  99% ==================================================
   large              2  <1% 
