- bump_allocator_static< std::__detail::_Hash_node<unsigned int, false> > (item size = 16) at 0x6042d0 created!
- bump_allocator_static< std::__detail::_Hash_node_base* > (item size = 8) at 0x604310 created!
- mempool at 0x604298 allocated new chunk at 0x7fd41925f020
- mempool at 0x604298 deallocated chunk at 0x7fd41925f020
Testing gjrand32
	0..4294967295 is range of generator
	414487 outputs to scan for duplicates [6.32456*sqrt(range)]
	20.0001 duplicates expected on average
	2.06097e-09 is probability of zero duplicates
	0x69f7bdae is seed for this run
---
- Testing for repeats started...
  - Allocating memory started...
    - allocated hash table of reserved for 414487 elements
  - Allocating memory completed (0.00227291 seconds)
  - Checking PRNG output started...
    - repeat of 3412582789 found, step 96005
    - repeat of 2918749884 found, step 128754
    - repeat of 3832837757 found, step 135564
    - repeat of 720998832 found, step 142816
    - repeat of 3859830630 found, step 179209
    - repeat of 858641934 found, step 194241
    - repeat of 2150926511 found, step 198419
    - repeat of 1739641848 found, step 204808
    - repeat of 3919711127 found, step 205031
    - repeat of 3932817969 found, step 213960
    - repeat of 766364693 found, step 244434
    - repeat of 4118020111 found, step 257099
    - repeat of 1780113456 found, step 264207
    - repeat of 801678272 found, step 279249
    - repeat of 2115775828 found, step 306040
    - repeat of 2493225447 found, step 323119
    - repeat of 3900858110 found, step 345111
    - repeat of 3718301486 found, step 349016
    - repeat of 3288018122 found, step 350079
    - repeat of 1870907073 found, step 357033
    - repeat of 2682866934 found, step 376897
    - repeat of 2545181532 found, step 383093
    - repeat of 1584218901 found, step 387948
    - repeat of 227786629 found, step 394357
    - repeat of 18648750 found, step 395747
    - repeat of 3211907574 found, step 405749
    - repeat of 396435744 found, step 405877
    - repeat of 1924760721 found, step 409130
    - repeat of 3120544187 found, step 412949
  - Checking PRNG output completed (0.0320891 seconds)
- Testing for repeats completed (0.034378 seconds)
---
29 repeats, p-value = 1 - 0.0218194
- bump_allocator_static< std::__detail::_Hash_node_base* > at 0x604310 destroyed!
 - total_allocations_  = 1
 - active_allocations_ = 0
 - high_allocations_   = 1
 - total_mem_  = 3555896
 - active_mem_ = 0
 - high_mem_   = 3555896
- bump_allocator_static< std::__detail::_Hash_node<unsigned int, false> > at 0x6042d0 destroyed!
 - total_allocations_  = 414458
 - active_allocations_ = 0
 - high_allocations_   = 414458
 - total_mem_  = 6631328
 - active_mem_ = 0
 - high_mem_   = 6631328

Memory usage summary: heap total: 1073815760, heap peak: 1073815568, stack peak: 2816
         total calls   total memory   failed calls
 malloc|          5     1073815568              0
realloc|          4            192              0  (nomove:0, dec:0, free:0)
 calloc|          0              0              0
   free|          6     1073742032
Histogram for block sizes:
   16-31              1  11% =========================
   32-47              2  22% ==================================================
   64-79              2  22% ==================================================
  512-527             2  22% ==================================================
   large              2  22% ==================================================
