Testing xoroshiro64starstar32
	0..4294967295 is range of generator
	198893 outputs to scan for duplicates [3.03485*sqrt(range)]
	4.60521 duplicates expected on average
	0.00999963 is probability of zero duplicates
	0xccb0fc10 is seed for this run
---
- Testing for repeats started...
  - Allocating memory started...
    - allocated hash table of reserved for 198893 elements
  - Allocating memory completed (0.000659203 seconds)
  - Checking PRNG output started...
    - repeat of 3417264826 found, step 36031
    - repeat of 1622003224 found, step 112235
    - repeat of 2606263223 found, step 126883
    - repeat of 173641276 found, step 140275
    - repeat of 2741264438 found, step 175866
  - Checking PRNG output completed (0.0300307 seconds)
- Testing for repeats completed (0.0307113 seconds)
---
5 repeats, p-value = 1 - 0.315139

Memory usage summary: heap total: 4874184, heap peak: 4874184, stack peak: 5648
         total calls   total memory   failed calls
 malloc|     198890        4874184              0
realloc|          0              0              0  (nomove:0, dec:0, free:0)
 calloc|          0              0              0
   free|     198889        4801480
Histogram for block sizes:
   16-31         198888  99% ==================================================
   large              2  <1% 
