Testing sfc32
	0..4294967295 is range of generator
	414487 outputs to scan for duplicates [6.32456*sqrt(range)]
	20.0001 duplicates expected on average
	2.06097e-09 is probability of zero duplicates
	0xa3718e2 is seed for this run
---
- Testing for repeats started...
  - Allocating memory started...
    - allocated hash table of reserved for 414487 elements
  - Allocating memory completed (0.00261504 seconds)
  - Checking PRNG output started...
    - repeat of 4211312633 found, step 22591
    - repeat of 976595047 found, step 122159
    - repeat of 3960276272 found, step 134329
    - repeat of 3618759906 found, step 181001
    - repeat of 2004391198 found, step 186857
    - repeat of 3939830049 found, step 204547
    - repeat of 2979295446 found, step 231469
    - repeat of 2119074508 found, step 256402
    - repeat of 2202443378 found, step 263986
    - repeat of 1697102124 found, step 277066
    - repeat of 2653035747 found, step 305127
    - repeat of 3847632371 found, step 311623
    - repeat of 4252659363 found, step 344174
    - repeat of 1918451717 found, step 348625
    - repeat of 1523460551 found, step 356240
    - repeat of 3123852409 found, step 398322
  - Checking PRNG output completed (0.0910559 seconds)
- Testing for repeats completed (0.0936955 seconds)
---
16 repeats, p-value = 0.221068

Memory usage summary: heap total: 10260136, heap peak: 10260136, stack peak: 5648
         total calls   total memory   failed calls
 malloc|     414473       10260136              0
realloc|          0              0              0  (nomove:0, dec:0, free:0)
 calloc|          0              0              0
   free|     414472       10187432
Histogram for block sizes:
   16-31         414471  99% ==================================================
   large              2  <1% 
