Testing xoroshiro64starstar32
	0..4294967295 is range of generator
	414487 outputs to scan for duplicates [6.32456*sqrt(range)]
	20.0001 duplicates expected on average
	2.06097e-09 is probability of zero duplicates
	0x24711960 is seed for this run
---
- Testing for repeats started...
  - Allocating memory started...
    - allocated hash table of reserved for 414487 elements
  - Allocating memory completed (0.00197845 seconds)
  - Checking PRNG output started...
    - repeat of 272371755 found, step 131996
    - repeat of 4209242574 found, step 185409
    - repeat of 221577231 found, step 196244
    - repeat of 3072565994 found, step 221424
    - repeat of 1639974627 found, step 237532
    - repeat of 2762683179 found, step 247155
    - repeat of 1812677730 found, step 248953
    - repeat of 4067930713 found, step 265166
    - repeat of 1792584846 found, step 272484
    - repeat of 4291543885 found, step 283303
    - repeat of 513374484 found, step 289360
    - repeat of 1390658820 found, step 290909
    - repeat of 3677120251 found, step 314292
    - repeat of 278922526 found, step 330925
    - repeat of 1882517815 found, step 334373
    - repeat of 3090846032 found, step 344746
    - repeat of 3920002416 found, step 354395
    - repeat of 334703721 found, step 357438
    - repeat of 2193696863 found, step 366517
    - repeat of 4225384881 found, step 370550
    - repeat of 2755976323 found, step 373635
    - repeat of 1925292883 found, step 403189
    - repeat of 3570268073 found, step 403347
    - repeat of 1783834603 found, step 411307
  - Checking PRNG output completed (0.0856922 seconds)
- Testing for repeats completed (0.0876848 seconds)
---
24 repeats, p-value = 1 - 0.156778

Memory usage summary: heap total: 10260008, heap peak: 10260008, stack peak: 5648
         total calls   total memory   failed calls
 malloc|     414465       10260008              0
realloc|          0              0              0  (nomove:0, dec:0, free:0)
 calloc|          0              0              0
   free|     414464       10187304
Histogram for block sizes:
   16-31         414463  99% ==================================================
   large              2  <1% 
