Testing std::mt19937
	0..4294967295 is range of generator
	414487 outputs to scan for duplicates [6.32456*sqrt(range)]
	20.0001 duplicates expected on average
	2.06097e-09 is probability of zero duplicates
	0x92563892 is seed for this run
---
- Testing for repeats started...
  - Allocating memory started...
    - allocated array of size 414487.
  - Allocating memory completed (1.3837e-05 seconds)
  - Storing PRNG output started...
  - Storing PRNG output completed (0.00490564 seconds)
  - Sorting started...
  - Sorting completed (0.0574771 seconds)
  - Scanning for duplicates started...
    - repeat of 717097324 found
    - repeat of 776095207 found
    - repeat of 916824151 found
    - repeat of 1037818931 found
    - repeat of 1784570615 found
    - repeat of 1837089530 found
    - repeat of 1882486190 found
    - repeat of 1889669400 found
    - repeat of 2545392474 found
    - repeat of 3297648844 found
    - repeat of 3361593579 found
    - repeat of 3742584340 found
    - repeat of 4132639818 found
    - repeat of 4192449859 found
  - Scanning for duplicates completed (0.000509781 seconds)
- Testing for repeats completed (0.0629302 seconds)
---
14 repeats, p-value = 0.104861

Memory usage summary: heap total: 3388600, heap peak: 3388600, stack peak: 10528
         total calls   total memory   failed calls
 malloc|          2        3388600              0
realloc|          0              0              0  (nomove:0, dec:0, free:0)
 calloc|          0              0              0
   free|          0              0
Histogram for block sizes:
   large              2 100% ==================================================
