Testing xorshift64star32a
	0..4294967295 is range of generator
	414487 outputs to scan for duplicates [6.32456*sqrt(range)]
	19.9994 duplicates expected on average
	2.06239e-09 is probability of zero duplicates
	0x253537f8 is seed for this run
---
- Testing for repeats started...
  - Allocating memory started...
    - allocated bloomish filter with 32768 64-bit elements (3 bits/entry)
    - allocated possible-match log with 16384 32-bit elements
  - Allocating memory completed (1.5533e-05 seconds)
  - Phase 1, Gathering repeat candidates started...
    - 15305 repeat candidates found
  - Phase 1, Gathering repeat candidates completed (0.0104482 seconds)
  - Reallocating memory started...
    - Deallocated bloomish filter
    - Allocated hash table of the same size
  - Reallocating memory completed (0.000131591 seconds)
  - Phase 2, Storing candidates in hash table started...
  - Phase 2, Storing candidates in hash table completed (0.000237521 seconds)
  - Phase 3, Testing candidates started...
    - repeat of 3158227782 found, step 5775
    - repeat of 1905440318 found, step 171613
    - repeat of 343142071 found, step 177533
    - repeat of 4249385858 found, step 201281
    - repeat of 2539467967 found, step 203793
    - repeat of 2196350383 found, step 206385
    - repeat of 3983331627 found, step 226206
    - repeat of 2058250268 found, step 266519
    - repeat of 3096462600 found, step 270359
    - repeat of 2806093101 found, step 294295
    - repeat of 2321077550 found, step 295528
    - repeat of 3024658298 found, step 299497
    - repeat of 3016572025 found, step 344337
    - repeat of 2124781665 found, step 354139
    - repeat of 2751763169 found, step 356127
    - repeat of 2030383743 found, step 359566
    - repeat of 294397912 found, step 379187
    - repeat of 3828495845 found, step 382177
    - repeat of 1199465181 found, step 383099
    - repeat of 2339015804 found, step 384708
    - repeat of 3103349175 found, step 396546
    - repeat of 4271516416 found, step 397972
    - repeat of 1969546387 found, step 402577
    - repeat of 4173041144 found, step 412323
  - Phase 3, Testing candidates completed (0.0117951 seconds)
- Testing for repeats completed (0.022649 seconds)
---
24 repeats, p-value = 1 - 0.156739

Memory usage summary: heap total: 564225, heap peak: 400384, stack peak: 5664
         total calls   total memory   failed calls
 malloc|          5         564225              0
realloc|          0              0              0  (nomove:0, dec:0, free:0)
 calloc|          0              0              0
   free|          4         491521
Histogram for block sizes:
32768-32783           1  20% ============
   large              4  80% ==================================================
