Testing jsf32
	0..4294967295 is range of generator
	414487 outputs to scan for duplicates [6.32456*sqrt(range)]
	20.0001 duplicates expected on average
	2.06097e-09 is probability of zero duplicates
	0x25caffc0 is seed for this run
---
- Testing for repeats started...
  - Allocating memory started...
    - allocated 256 buckets of capacity 2023
    - allocated 256 bucket counters
  - Allocating memory completed (1.5054e-05 seconds)
  - Storing PRNG output started...
  - Storing PRNG output completed (0.00348162 seconds)
  - Sorting started...
  - Sorting completed (0.0375391 seconds)
  - Scanning for duplicates started...
    - repeat of 1520463134 found
    - repeat of 2468019745 found
    - repeat of 2479417388 found
    - repeat of 3540057919 found
    - repeat of 1533067867 found
    - repeat of 3819306850 found
    - repeat of 1649070951 found
    - repeat of 3947047273 found
    - repeat of 1048620431 found
    - repeat of 3678978970 found
    - repeat of 1988297638 found
    - repeat of 2837144761 found
    - repeat of 2571752126 found
    - repeat of 520599745 found
    - repeat of 3024969927 found
    - repeat of 1585713101 found
    - repeat of 3075402968 found
    - repeat of 2119301358 found
    - repeat of 1146323439 found
    - repeat of 4272244983 found
  - Scanning for duplicates completed (0.000573809 seconds)
- Testing for repeats completed (0.0416235 seconds)
---
20 repeats, p-value = 1 - 0.440915

Memory usage summary: heap total: 2145280, heap peak: 2145280, stack peak: 5616
         total calls   total memory   failed calls
 malloc|          3        2145280              0
realloc|          0              0              0  (nomove:0, dec:0, free:0)
 calloc|          0              0              0
   free|          0              0
Histogram for block sizes:
 1024-1039            1  33% =========================
   large              2  66% ==================================================
