Testing pcg32_fast
	0..4294967295 is range of generator
	414487 outputs to scan for duplicates [6.32456*sqrt(range)]
	20.0001 duplicates expected on average
	2.06097e-09 is probability of zero duplicates
	0x591bf0a9 is seed for this run
---
- Testing for repeats started...
  - Allocating memory started...
    - allocated array of size 414487.
  - Allocating memory completed (9.43e-06 seconds)
  - Storing PRNG output started...
  - Storing PRNG output completed (0.00204696 seconds)
  - Sorting started...
  - Sorting completed (0.0563485 seconds)
  - Scanning for duplicates started...
    - repeat of 36994604 found
    - repeat of 114274838 found
    - repeat of 330271592 found
    - repeat of 371546165 found
    - repeat of 570494889 found
    - repeat of 765339038 found
    - repeat of 888533447 found
    - repeat of 968181846 found
    - repeat of 1557435788 found
    - repeat of 1828433389 found
    - repeat of 2125146501 found
    - repeat of 2233452827 found
    - repeat of 2324526108 found
    - repeat of 3196776788 found
    - repeat of 3202226114 found
    - repeat of 3391439414 found
    - repeat of 3444383961 found
    - repeat of 3492283815 found
    - repeat of 3499814928 found
    - repeat of 3618712859 found
    - repeat of 3675244648 found
    - repeat of 3781143471 found
    - repeat of 4091992202 found
    - repeat of 4206923842 found
  - Scanning for duplicates completed (0.000494827 seconds)
- Testing for repeats completed (0.058925 seconds)
---
24 repeats, p-value = 1 - 0.156778

Memory usage summary: heap total: 1730652, heap peak: 1730652, stack peak: 5584
         total calls   total memory   failed calls
 malloc|          2        1730652              0
realloc|          0              0              0  (nomove:0, dec:0, free:0)
 calloc|          0              0              0
   free|          0              0
Histogram for block sizes:
   large              2 100% ==================================================
