Testing xoroshiro64starstar32
	0..4294967295 is range of generator
	414487 outputs to scan for duplicates [6.32456*sqrt(range)]
	20.0001 duplicates expected on average
	2.06097e-09 is probability of zero duplicates
	0xfaa4e0d0 is seed for this run
---
- Testing for repeats started...
  - Allocating memory started...
    - allocated 256 buckets of capacity 2023
    - allocated 256 bucket counters
  - Allocating memory completed (1.151e-05 seconds)
  - Storing PRNG output started...
  - Storing PRNG output completed (0.0023307 seconds)
  - Sorting started...
  - Sorting completed (0.0237157 seconds)
  - Scanning for duplicates started...
    - repeat of 2139924992 found
    - repeat of 902461441 found
    - repeat of 2981949185 found
    - repeat of 3063377156 found
    - repeat of 1587753996 found
    - repeat of 3129163788 found
    - repeat of 2062466599 found
    - repeat of 808287786 found
    - repeat of 3954068527 found
    - repeat of 3629259318 found
    - repeat of 2654951252 found
    - repeat of 2749780577 found
    - repeat of 2273601636 found
    - repeat of 479752816 found
    - repeat of 374509174 found
    - repeat of 3031837059 found
    - repeat of 1680439693 found
    - repeat of 916372625 found
    - repeat of 1378859922 found
    - repeat of 3969882791 found
    - repeat of 2425782961 found
    - repeat of 1895962301 found
    - repeat of 4049882831 found
  - Scanning for duplicates completed (0.000599151 seconds)
- Testing for repeats completed (0.0266748 seconds)
---
23 repeats, p-value = 1 - 0.212513

Memory usage summary: heap total: 2145280, heap peak: 2145280, stack peak: 5616
         total calls   total memory   failed calls
 malloc|          3        2145280              0
realloc|          0              0              0  (nomove:0, dec:0, free:0)
 calloc|          0              0              0
   free|          0              0
Histogram for block sizes:
 1024-1039            1  33% =========================
   large              2  66% ==================================================
