Testing xoroshiro64star32
	0..4294967295 is range of generator
	414487 outputs to scan for duplicates [6.32456*sqrt(range)]
	20.0001 duplicates expected on average
	2.06097e-09 is probability of zero duplicates
	0x6b24517f is seed for this run
---
- Testing for repeats started...
  - Allocating memory started...
    - allocated array of size 414487.
  - Allocating memory completed (9.616e-06 seconds)
  - Storing PRNG output started...
  - Storing PRNG output completed (0.00276937 seconds)
  - Sorting started...
  - Sorting completed (0.0589736 seconds)
  - Scanning for duplicates started...
    - repeat of 37137858 found
    - repeat of 95769301 found
    - repeat of 596997193 found
    - repeat of 638695679 found
    - repeat of 1130243260 found
    - repeat of 1527932533 found
    - repeat of 1549966955 found
    - repeat of 1581785117 found
    - repeat of 1622804920 found
    - repeat of 2207961479 found
    - repeat of 2231100424 found
    - repeat of 2253692787 found
    - repeat of 2567992336 found
    - repeat of 2580357130 found
    - repeat of 2634099594 found
    - repeat of 2880542405 found
    - repeat of 2952620113 found
    - repeat of 2993787994 found
    - repeat of 3010219137 found
    - repeat of 3155386697 found
    - repeat of 3185624971 found
    - repeat of 3671174739 found
    - repeat of 3981197641 found
    - repeat of 4192204642 found
  - Scanning for duplicates completed (0.000502756 seconds)
- Testing for repeats completed (0.0622795 seconds)
---
24 repeats, p-value = 1 - 0.156778

Memory usage summary: heap total: 1730652, heap peak: 1730652, stack peak: 5568
         total calls   total memory   failed calls
 malloc|          2        1730652              0
realloc|          0              0              0  (nomove:0, dec:0, free:0)
 calloc|          0              0              0
   free|          0              0
Histogram for block sizes:
   large              2 100% ==================================================
