Testing std::mt19937_64
	0..18446744073709551615 is range of generator
	13034599790 outputs to scan for duplicates [3.03485*sqrt(range)]
	4.60517 duplicates expected on average
	0.01 is probability of zero duplicates
	0xf6bb18ec is seed for this run
---
- Testing for repeats started...
  - Allocating memory started...
    - allocated bloomish filter with 1073741824 64-bit elements (3 bits/entry)
    - allocated possible-match log with 536870912 64-bit elements
  - Allocating memory completed (4.1745e-05 seconds)
  - Phase 1, Gathering repeat candidates started...
    - 362448358 repeat candidates found
  - Phase 1, Gathering repeat candidates completed (1070.9 seconds)
  - Reallocating memory started...
    - Deallocated bloomish filter
    - Allocated hash table of the same size
  - Reallocating memory completed (3.40257 seconds)
  - Phase 2, Storing candidates in hash table started...
  - Phase 2, Storing candidates in hash table completed (12.1466 seconds)
  - Phase 3, Testing candidates started...
    - repeat of 134297369650362034 found, step 4605803867
    - repeat of 4370714445235707522 found, step 8089241169
    - repeat of 4809427277430194640 found, step 8402166841
    - repeat of 9535102359105774345 found, step 10000265776
    - repeat of 7540361686408153558 found, step 10930566279
    - repeat of 7496570377349076281 found, step 11466528119
    - repeat of 14307074121061846634 found, step 12580580212
  - Phase 3, Testing candidates completed (697.113 seconds)
- Testing for repeats completed (1783.58 seconds)
---
7 repeats, p-value = 1 - 0.095501

Memory usage summary: heap total: 22548651009, heap peak: 13958716417, stack peak: 10640
         total calls   total memory   failed calls
 malloc|          5    22548651009              0
realloc|          0              0              0  (nomove:0, dec:0, free:0)
 calloc|          0              0              0
   free|          4    22548578305
Histogram for block sizes:
   large              5 100% ==================================================
