Testing pcg32_fast
	0..4294967295 is range of generator
	414487 outputs to scan for duplicates [6.32456*sqrt(range)]
	20.0001 duplicates expected on average
	2.06097e-09 is probability of zero duplicates
	0x5f9ca920 is seed for this run
---
- Testing for repeats started...
  - Allocating memory started...
    - allocated hash table of reserved for 414487 elements
  - Allocating memory completed (0.00228348 seconds)
  - Checking PRNG output started...
    - repeat of 2257786509 found, step 71150
    - repeat of 3138579185 found, step 149544
    - repeat of 1928355998 found, step 187482
    - repeat of 2334730856 found, step 199942
    - repeat of 1668972062 found, step 205688
    - repeat of 3187732063 found, step 252430
    - repeat of 1845459090 found, step 262562
    - repeat of 1499966831 found, step 266189
    - repeat of 521520274 found, step 277306
    - repeat of 448389068 found, step 286687
    - repeat of 3848996713 found, step 328086
    - repeat of 3245731000 found, step 334832
    - repeat of 2880486928 found, step 342948
    - repeat of 2229489703 found, step 371120
    - repeat of 2358747998 found, step 379953
    - repeat of 2171305908 found, step 399236
  - Checking PRNG output completed (0.0889269 seconds)
- Testing for repeats completed (0.091237 seconds)
---
16 repeats, p-value = 0.221068

Memory usage summary: heap total: 10260136, heap peak: 10260136, stack peak: 5648
         total calls   total memory   failed calls
 malloc|     414473       10260136              0
realloc|          0              0              0  (nomove:0, dec:0, free:0)
 calloc|          0              0              0
   free|     414472       10187432
Histogram for block sizes:
   16-31         414471  99% ==================================================
   large              2  <1% 
