Testing pcg32_fast
	0..4294967295 is range of generator
	414487 outputs to scan for duplicates [6.32456*sqrt(range)]
	20.0001 duplicates expected on average
	2.06097e-09 is probability of zero duplicates
	0xcdc016af is seed for this run
---
- Testing for repeats started...
  - Allocating memory started...
    - allocated array of size 414487.
  - Allocating memory completed (8.05e-06 seconds)
  - Storing PRNG output started...
  - Storing PRNG output completed (0.00201321 seconds)
  - Sorting started...
  - Sorting completed (0.0584419 seconds)
  - Scanning for duplicates started...
    - repeat of 305706641 found
    - repeat of 403890912 found
    - repeat of 1017721934 found
    - repeat of 1378525415 found
    - repeat of 2199879760 found
    - repeat of 2209481035 found
    - repeat of 2341171665 found
    - repeat of 2351958344 found
    - repeat of 2451380674 found
    - repeat of 2822797231 found
    - repeat of 2852214133 found
    - repeat of 3444402943 found
    - repeat of 3477240639 found
    - repeat of 3572417994 found
    - repeat of 3659926879 found
    - repeat of 4083547554 found
  - Scanning for duplicates completed (0.000497776 seconds)
- Testing for repeats completed (0.0609734 seconds)
---
16 repeats, p-value = 0.221068

Memory usage summary: heap total: 1730652, heap peak: 1730652, stack peak: 5584
         total calls   total memory   failed calls
 malloc|          2        1730652              0
realloc|          0              0              0  (nomove:0, dec:0, free:0)
 calloc|          0              0              0
   free|          0              0
Histogram for block sizes:
   large              2 100% ==================================================
