Testing gjrand32
	0..4294967295 is range of generator
	414487 outputs to scan for duplicates [6.32456*sqrt(range)]
	20.0001 duplicates expected on average
	2.06097e-09 is probability of zero duplicates
	0xa522e36e is seed for this run
---
- Testing for repeats started...
  - Allocating memory started...
    - allocated hash table of reserved for 414487 elements
  - Allocating memory completed (0.00205077 seconds)
  - Checking PRNG output started...
    - repeat of 1044765738 found, step 100398
    - repeat of 1065915536 found, step 110105
    - repeat of 3806377721 found, step 163563
    - repeat of 264185418 found, step 197231
    - repeat of 1022634968 found, step 197309
    - repeat of 2444305518 found, step 241230
    - repeat of 2450783824 found, step 247403
    - repeat of 2411549193 found, step 261422
    - repeat of 3650254196 found, step 262840
    - repeat of 226221213 found, step 263234
    - repeat of 3513619227 found, step 294584
    - repeat of 1008595014 found, step 303931
    - repeat of 2172550852 found, step 304230
    - repeat of 2757591820 found, step 336368
    - repeat of 3049722660 found, step 341181
    - repeat of 4237089697 found, step 363124
    - repeat of 849862441 found, step 384461
    - repeat of 2120900914 found, step 403652
    - repeat of 811724311 found, step 406422
    - repeat of 2816316951 found, step 407377
  - Checking PRNG output completed (0.0972681 seconds)
- Testing for repeats completed (0.0993372 seconds)
---
20 repeats, p-value = 1 - 0.440915

Memory usage summary: heap total: 10260072, heap peak: 10260072, stack peak: 5648
         total calls   total memory   failed calls
 malloc|     414469       10260072              0
realloc|          0              0              0  (nomove:0, dec:0, free:0)
 calloc|          0              0              0
   free|     414468       10187368
Histogram for block sizes:
   16-31         414467  99% ==================================================
   large              2  <1% 
