Testing sfc32
	0..4294967295 is range of generator
	414487 outputs to scan for duplicates [6.32456*sqrt(range)]
	20.0001 duplicates expected on average
	2.06097e-09 is probability of zero duplicates
	0xd2b54886 is seed for this run
---
- Testing for repeats started...
  - Allocating memory started...
    - allocated hash table of reserved for 414487 elements
  - Allocating memory completed (0.00321359 seconds)
  - Checking PRNG output started...
    - repeat of 3241028991 found, step 23142
    - repeat of 2822000097 found, step 98888
    - repeat of 3824563518 found, step 110658
    - repeat of 4192543663 found, step 134715
    - repeat of 2376490285 found, step 138157
    - repeat of 3654689618 found, step 148839
    - repeat of 3909940551 found, step 164892
    - repeat of 1776091879 found, step 218898
    - repeat of 3006474689 found, step 230495
    - repeat of 1172288131 found, step 249709
    - repeat of 4025566541 found, step 256435
    - repeat of 3877560933 found, step 267161
    - repeat of 3280040620 found, step 272535
    - repeat of 1275754681 found, step 278146
    - repeat of 1264153933 found, step 288963
    - repeat of 3689880239 found, step 292930
    - repeat of 767663005 found, step 302526
    - repeat of 3029107570 found, step 303320
    - repeat of 335160535 found, step 305673
    - repeat of 2938700643 found, step 307627
    - repeat of 234801263 found, step 320496
    - repeat of 3831873776 found, step 325597
    - repeat of 3462786847 found, step 325696
    - repeat of 2870163922 found, step 331142
    - repeat of 3200828570 found, step 345460
    - repeat of 2753864841 found, step 348916
    - repeat of 3228761089 found, step 363316
    - repeat of 811078188 found, step 363479
    - repeat of 309087119 found, step 367266
    - repeat of 3309300065 found, step 374681
    - repeat of 2124793642 found, step 393435
    - repeat of 1762666253 found, step 400889
    - repeat of 2099582249 found, step 408483
    - repeat of 2672924307 found, step 411636
  - Checking PRNG output completed (0.088735 seconds)
- Testing for repeats completed (0.0919644 seconds)
---
34 repeats, p-value = 1 - 0.00148914

Memory usage summary: heap total: 10259848, heap peak: 10259848, stack peak: 5648
         total calls   total memory   failed calls
 malloc|     414455       10259848              0
realloc|          0              0              0  (nomove:0, dec:0, free:0)
 calloc|          0              0              0
   free|     414454       10187144
Histogram for block sizes:
   16-31         414453  99% ==================================================
   large              2  <1% 
