Testing sfc32
	0..4294967295 is range of generator
	414487 outputs to scan for duplicates [6.32456*sqrt(range)]
	20.0001 duplicates expected on average
	2.06097e-09 is probability of zero duplicates
	0x70aa884c is seed for this run
---
- Testing for repeats started...
  - Allocating memory started...
    - allocated bloomish filter with 32768 64-bit elements (3 bits/entry)
    - allocated possible-match log with 16384 32-bit elements
  - Allocating memory completed (1.6516e-05 seconds)
  - Phase 1, Gathering repeat candidates started...
    - 15363 repeat candidates found
  - Phase 1, Gathering repeat candidates completed (0.0105226 seconds)
  - Reallocating memory started...
    - Deallocated bloomish filter
    - Allocated hash table of the same size
  - Reallocating memory completed (0.000196215 seconds)
  - Phase 2, Storing candidates in hash table started...
  - Phase 2, Storing candidates in hash table completed (0.000265743 seconds)
  - Phase 3, Testing candidates started...
    - repeat of 3521157356 found, step 92840
    - repeat of 2227478011 found, step 122607
    - repeat of 293672782 found, step 175148
    - repeat of 1100340718 found, step 194513
    - repeat of 1634477331 found, step 245603
    - repeat of 1691804779 found, step 253337
    - repeat of 1690562350 found, step 261291
    - repeat of 3983630862 found, step 263132
    - repeat of 2250156283 found, step 283510
    - repeat of 2604595221 found, step 285567
    - repeat of 3562675675 found, step 308675
    - repeat of 2518436816 found, step 321432
    - repeat of 1556855853 found, step 328738
    - repeat of 3258273205 found, step 364960
    - repeat of 1369795020 found, step 372421
    - repeat of 1979787821 found, step 372878
    - repeat of 3482885943 found, step 395123
  - Phase 3, Testing candidates completed (0.0121658 seconds)
- Testing for repeats completed (0.023211 seconds)
---
17 repeats, p-value = 0.297021

Memory usage summary: heap total: 564225, heap peak: 400384, stack peak: 5696
         total calls   total memory   failed calls
 malloc|          5         564225              0
realloc|          0              0              0  (nomove:0, dec:0, free:0)
 calloc|          0              0              0
   free|          4         491521
Histogram for block sizes:
32768-32783           1  20% ============
   large              4  80% ==================================================
