- bump_allocator_static< std::__detail::_Hash_node<unsigned int, false> > (item size = 16) at 0x6042f0 created!
- bump_allocator_static< std::__detail::_Hash_node_base* > (item size = 8) at 0x604330 created!
- mempool at 0x6042b8 allocated new chunk at 0x7f91f0c0f020
- mempool at 0x6042b8 deallocated chunk at 0x7f91f0c0f020
Testing xorshift64star32a
	0..4294967295 is range of generator
	414487 outputs to scan for duplicates [6.32456*sqrt(range)]
	19.9994 duplicates expected on average
	2.06239e-09 is probability of zero duplicates
	0x3e393ab5 is seed for this run
---
- Testing for repeats started...
  - Allocating memory started...
    - allocated hash table of reserved for 414487 elements
  - Allocating memory completed (0.00252519 seconds)
  - Checking PRNG output started...
    - repeat of 1181162057 found, step 48532
    - repeat of 1442035237 found, step 75824
    - repeat of 2818256085 found, step 202611
    - repeat of 1081382325 found, step 207937
    - repeat of 594188674 found, step 214502
    - repeat of 1700172922 found, step 250577
    - repeat of 2992121278 found, step 250939
    - repeat of 1649958849 found, step 258074
    - repeat of 2167511932 found, step 268184
    - repeat of 2439244074 found, step 272039
    - repeat of 4294167259 found, step 280293
    - repeat of 2300815690 found, step 307218
    - repeat of 3820464128 found, step 322517
    - repeat of 2516624395 found, step 331441
    - repeat of 687153024 found, step 342450
    - repeat of 754681202 found, step 344919
    - repeat of 1734026192 found, step 363560
    - repeat of 2956413365 found, step 370100
    - repeat of 1728373459 found, step 378133
    - repeat of 1372160176 found, step 382763
    - repeat of 896925246 found, step 385228
    - repeat of 2867250890 found, step 387580
    - repeat of 2469305829 found, step 412481
  - Checking PRNG output completed (0.036893 seconds)
- Testing for repeats completed (0.0394348 seconds)
---
23 repeats, p-value = 1 - 0.212467
- bump_allocator_static< std::__detail::_Hash_node_base* > at 0x604330 destroyed!
 - total_allocations_  = 1
 - active_allocations_ = 0
 - high_allocations_   = 1
 - total_mem_  = 3555896
 - active_mem_ = 0
 - high_mem_   = 3555896
- bump_allocator_static< std::__detail::_Hash_node<unsigned int, false> > at 0x6042f0 destroyed!
 - total_allocations_  = 414464
 - active_allocations_ = 0
 - high_allocations_   = 414464
 - total_mem_  = 6631424
 - active_mem_ = 0
 - high_mem_   = 6631424

Memory usage summary: heap total: 1073815760, heap peak: 1073815568, stack peak: 2816
         total calls   total memory   failed calls
 malloc|          5     1073815568              0
realloc|          4            192              0  (nomove:0, dec:0, free:0)
 calloc|          0              0              0
   free|          6     1073742032
Histogram for block sizes:
   16-31              1  11% =========================
   32-47              2  22% ==================================================
   64-79              2  22% ==================================================
  512-527             2  22% ==================================================
   large              2  22% ==================================================
