Testing xoroshiro64star32
	0..4294967295 is range of generator
	198893 outputs to scan for duplicates [3.03485*sqrt(range)]
	4.60521 duplicates expected on average
	0.00999963 is probability of zero duplicates
	0xbd52c213 is seed for this run
---
- Testing for repeats started...
  - Allocating memory started...
    - allocated hash table of reserved for 198893 elements
  - Allocating memory completed (0.00138173 seconds)
  - Checking PRNG output started...
    - repeat of 1459180921 found, step 36424
    - repeat of 1210047440 found, step 72167
    - repeat of 2615761853 found, step 82641
    - repeat of 896981264 found, step 88476
    - repeat of 1461862604 found, step 119097
    - repeat of 1983772984 found, step 133430
    - repeat of 2878650268 found, step 146621
    - repeat of 740486747 found, step 158136
    - repeat of 2022209281 found, step 167306
    - repeat of 149453849 found, step 183462
    - repeat of 211089914 found, step 187145
  - Checking PRNG output completed (0.0469563 seconds)
- Testing for repeats completed (0.0483533 seconds)
---
11 repeats, p-value = 1 - 0.00288831

Memory usage summary: heap total: 4874088, heap peak: 4874088, stack peak: 5648
         total calls   total memory   failed calls
 malloc|     198884        4874088              0
realloc|          0              0              0  (nomove:0, dec:0, free:0)
 calloc|          0              0              0
   free|     198883        4801384
Histogram for block sizes:
   16-31         198882  99% ==================================================
   large              2  <1% 
