Testing sfc32
	0..4294967295 is range of generator
	414487 outputs to scan for duplicates [6.32456*sqrt(range)]
	20.0001 duplicates expected on average
	2.06097e-09 is probability of zero duplicates
	0xdee13ad0 is seed for this run
---
- Testing for repeats started...
  - Allocating memory started...
    - allocated 256 buckets of capacity 2023
    - allocated 256 bucket counters
  - Allocating memory completed (1.0533e-05 seconds)
  - Storing PRNG output started...
  - Storing PRNG output completed (0.003371 seconds)
  - Sorting started...
  - Sorting completed (0.0375655 seconds)
  - Scanning for duplicates started...
    - repeat of 112483335 found
    - repeat of 3691759377 found
    - repeat of 1713500447 found
    - repeat of 2079578949 found
    - repeat of 378284361 found
    - repeat of 2319211888 found
    - repeat of 2334488433 found
    - repeat of 484586367 found
    - repeat of 1052192131 found
    - repeat of 67953828 found
    - repeat of 1804879529 found
    - repeat of 422688170 found
    - repeat of 1236771759 found
    - repeat of 2223403707 found
    - repeat of 3138238653 found
    - repeat of 2469000137 found
  - Scanning for duplicates completed (0.000634677 seconds)
- Testing for repeats completed (0.0416061 seconds)
---
16 repeats, p-value = 0.221068

Memory usage summary: heap total: 2145280, heap peak: 2145280, stack peak: 5616
         total calls   total memory   failed calls
 malloc|          3        2145280              0
realloc|          0              0              0  (nomove:0, dec:0, free:0)
 calloc|          0              0              0
   free|          0              0
Histogram for block sizes:
 1024-1039            1  33% =========================
   large              2  66% ==================================================
