Testing pcg32_fast
	0..4294967295 is range of generator
	414487 outputs to scan for duplicates [6.32456*sqrt(range)]
	20.0001 duplicates expected on average
	2.06097e-09 is probability of zero duplicates
	0x5c8873ad is seed for this run
---
- Testing for repeats started...
  - Allocating memory started...
    - allocated array of size 414487.
  - Allocating memory completed (9.327e-06 seconds)
  - Storing PRNG output started...
  - Storing PRNG output completed (0.00207651 seconds)
  - Sorting started...
  - Sorting completed (0.0435475 seconds)
  - Scanning for duplicates started...
    - repeat of 113765757 found
    - repeat of 366098791 found
    - repeat of 844589693 found
    - repeat of 1046074970 found
    - repeat of 1096315504 found
    - repeat of 1361448013 found
    - repeat of 1992760272 found
    - repeat of 2002757358 found
    - repeat of 2143802865 found
    - repeat of 2165860135 found
    - repeat of 2338372103 found
    - repeat of 2343747159 found
    - repeat of 2379311863 found
    - repeat of 3033765010 found
    - repeat of 3046723610 found
    - repeat of 3187064958 found
    - repeat of 3217797472 found
    - repeat of 3299759721 found
    - repeat of 3438965670 found
    - repeat of 3604855622 found
    - repeat of 3688686031 found
    - repeat of 4001300722 found
    - repeat of 4026789144 found
    - repeat of 4224499112 found
  - Scanning for duplicates completed (0.000401109 seconds)
- Testing for repeats completed (0.0460556 seconds)
---
24 repeats, p-value = 1 - 0.156778

Memory usage summary: heap total: 1730652, heap peak: 1730652, stack peak: 5584
         total calls   total memory   failed calls
 malloc|          2        1730652              0
realloc|          0              0              0  (nomove:0, dec:0, free:0)
 calloc|          0              0              0
   free|          0              0
Histogram for block sizes:
   large              2 100% ==================================================
