Testing xorshift64star32a
	0..4294967295 is range of generator
	414487 outputs to scan for duplicates [6.32456*sqrt(range)]
	19.9994 duplicates expected on average
	2.06239e-09 is probability of zero duplicates
	0x58d30ee4 is seed for this run
---
- Testing for repeats started...
  - Allocating memory started...
    - allocated 256 buckets of capacity 2023
    - allocated 256 bucket counters
  - Allocating memory completed (1.6816e-05 seconds)
  - Storing PRNG output started...
  - Storing PRNG output completed (0.00375726 seconds)
  - Sorting started...
  - Sorting completed (0.0372497 seconds)
  - Scanning for duplicates started...
    - repeat of 934413331 found
    - repeat of 2245778204 found
    - repeat of 1992695614 found
    - repeat of 2171774270 found
    - repeat of 4210456385 found
    - repeat of 2575678536 found
    - repeat of 1042934116 found
    - repeat of 2230776680 found
    - repeat of 3221614969 found
    - repeat of 404257417 found
    - repeat of 2601958289 found
    - repeat of 2562996373 found
    - repeat of 4124250549 found
    - repeat of 2389095354 found
    - repeat of 2603597037 found
  - Scanning for duplicates completed (0.000601033 seconds)
- Testing for repeats completed (0.0416436 seconds)
---
15 repeats, p-value = 0.156544

Memory usage summary: heap total: 2145280, heap peak: 2145280, stack peak: 5616
         total calls   total memory   failed calls
 malloc|          3        2145280              0
realloc|          0              0              0  (nomove:0, dec:0, free:0)
 calloc|          0              0              0
   free|          0              0
Histogram for block sizes:
 1024-1039            1  33% =========================
   large              2  66% ==================================================
