- bump_allocator_static< std::__detail::_Hash_node<unsigned long, false> > (item size = 16) at 0x6042d0 created!
- bump_allocator_static< std::__detail::_Hash_node_base* > (item size = 8) at 0x604310 created!
- mempool at 0x604298 allocated new chunk at 0x7fd6bdbad020
- mempool at 0x604298 deallocated chunk at 0x7fd6bdbad020
Testing std::mt19937
	0..4294967295 is range of generator
	414487 outputs to scan for duplicates [6.32456*sqrt(range)]
	20.0001 duplicates expected on average
	2.06097e-09 is probability of zero duplicates
	0xce8a9cec is seed for this run
---
- Testing for repeats started...
  - Allocating memory started...
    - allocated hash table of reserved for 414487 elements
  - Allocating memory completed (0.0029058 seconds)
  - Checking PRNG output started...
    - repeat of 3084917952 found, step 63858
    - repeat of 1735379983 found, step 67822
    - repeat of 1306794288 found, step 123661
    - repeat of 2119696670 found, step 132730
    - repeat of 780798775 found, step 148128
    - repeat of 2149072078 found, step 152672
    - repeat of 3788478137 found, step 155349
    - repeat of 3433293502 found, step 162942
    - repeat of 1987248546 found, step 319702
    - repeat of 1548279302 found, step 320537
    - repeat of 2659750349 found, step 327980
    - repeat of 4007482293 found, step 329136
    - repeat of 1607318972 found, step 338923
    - repeat of 3429024637 found, step 346576
    - repeat of 4125947074 found, step 360093
    - repeat of 91755122 found, step 361596
    - repeat of 893806061 found, step 380882
    - repeat of 4230848908 found, step 381777
    - repeat of 1894321961 found, step 398698
  - Checking PRNG output completed (0.0433686 seconds)
- Testing for repeats completed (0.046288 seconds)
---
19 repeats, p-value = 0.470249
- bump_allocator_static< std::__detail::_Hash_node_base* > at 0x604310 destroyed!
 - total_allocations_  = 1
 - active_allocations_ = 0
 - high_allocations_   = 1
 - total_mem_  = 3555896
 - active_mem_ = 0
 - high_mem_   = 3555896
- bump_allocator_static< std::__detail::_Hash_node<unsigned long, false> > at 0x6042d0 destroyed!
 - total_allocations_  = 414468
 - active_allocations_ = 0
 - high_allocations_   = 414468
 - total_mem_  = 6631488
 - active_mem_ = 0
 - high_mem_   = 6631488

Memory usage summary: heap total: 1073815760, heap peak: 1073815568, stack peak: 2816
         total calls   total memory   failed calls
 malloc|          5     1073815568              0
realloc|          4            192              0  (nomove:0, dec:0, free:0)
 calloc|          0              0              0
   free|          6     1073742032
Histogram for block sizes:
   16-31              1  11% =========================
   32-47              2  22% ==================================================
   64-79              2  22% ==================================================
  512-527             2  22% ==================================================
   large              2  22% ==================================================
