Testing std::mt19937
	0..4294967295 is range of generator
	414487 outputs to scan for duplicates [6.32456*sqrt(range)]
	20.0001 duplicates expected on average
	2.06097e-09 is probability of zero duplicates
	0x202f477c is seed for this run
---
- Testing for repeats started...
  - Allocating memory started...
    - allocated bloomish filter with 32768 64-bit elements (3 bits/entry)
    - allocated possible-match log with 16384 64-bit elements
  - Allocating memory completed (1.5335e-05 seconds)
  - Phase 1, Gathering repeat candidates started...
    - 15261 repeat candidates found
  - Phase 1, Gathering repeat candidates completed (0.0113672 seconds)
  - Reallocating memory started...
    - Deallocated bloomish filter
    - Allocated hash table of the same size
  - Reallocating memory completed (0.0002474 seconds)
  - Phase 2, Storing candidates in hash table started...
  - Phase 2, Storing candidates in hash table completed (0.000251129 seconds)
  - Phase 3, Testing candidates started...
    - repeat of 3041515429 found, step 126336
    - repeat of 4219013812 found, step 200214
    - repeat of 2198126777 found, step 271532
    - repeat of 584571776 found, step 295927
    - repeat of 3153996361 found, step 297334
    - repeat of 1053188831 found, step 304521
    - repeat of 793751256 found, step 312164
    - repeat of 2324255699 found, step 333531
    - repeat of 2109511150 found, step 356689
    - repeat of 2118426101 found, step 358258
    - repeat of 1882060172 found, step 395273
  - Phase 3, Testing candidates completed (0.015554 seconds)
- Testing for repeats completed (0.0274757 seconds)
---
11 repeats, p-value = 0.0213859

Memory usage summary: heap total: 760833, heap peak: 498689, stack peak: 15616
         total calls   total memory   failed calls
 malloc|          5         760833              0
realloc|          0              0              0  (nomove:0, dec:0, free:0)
 calloc|          0              0              0
   free|          4         688129
Histogram for block sizes:
32768-32783           1  20% ============
   large              4  80% ==================================================
