Testing std::mt19937
	0..4294967295 is range of generator
	198893 outputs to scan for duplicates [3.03485*sqrt(range)]
	4.60521 duplicates expected on average
	0.00999963 is probability of zero duplicates
	0xc46961e8 is seed for this run
---
- Testing for repeats started...
  - Allocating memory started...
    - allocated bloomish filter with 16384 64-bit elements (3 bits/entry)
    - allocated possible-match log with 8192 64-bit elements
  - Allocating memory completed (9.69e-06 seconds)
  - Phase 1, Gathering repeat candidates started...
    - 5579 repeat candidates found
  - Phase 1, Gathering repeat candidates completed (0.00347742 seconds)
  - Reallocating memory started...
    - Deallocated bloomish filter
    - Allocated hash table of the same size
  - Reallocating memory completed (8.1104e-05 seconds)
  - Phase 2, Storing candidates in hash table started...
  - Phase 2, Storing candidates in hash table completed (4.8399e-05 seconds)
  - Phase 3, Testing candidates started...
    - repeat of 903957593 found, step 70261
    - repeat of 1817221878 found, step 171236
    - repeat of 1143567673 found, step 198879
  - Phase 3, Testing candidates completed (0.00403395 seconds)
- Testing for repeats completed (0.00766579 seconds)
---
3 repeats, p-value = 0.324858

Memory usage summary: heap total: 416769, heap peak: 285697, stack peak: 15616
         total calls   total memory   failed calls
 malloc|          5         416769              0
realloc|          0              0              0  (nomove:0, dec:0, free:0)
 calloc|          0              0              0
   free|          4         344065
Histogram for block sizes:
16384-16399           1  20% ============
   large              4  80% ==================================================
