Testing std::mt19937
	0..4294967295 is range of generator
	198893 outputs to scan for duplicates [3.03485*sqrt(range)]
	4.60521 duplicates expected on average
	0.00999963 is probability of zero duplicates
	0xb8d6d4b0 is seed for this run
---
- Testing for repeats started...
  - Allocating memory started...
    - allocated array of size 198893.
  - Allocating memory completed (6.187e-06 seconds)
  - Storing PRNG output started...
  - Storing PRNG output completed (0.00209453 seconds)
  - Sorting started...
  - Sorting completed (0.0297855 seconds)
  - Scanning for duplicates started...
    - repeat of 53145872 found
    - repeat of 535488783 found
    - repeat of 1024111842 found
    - repeat of 1576851503 found
    - repeat of 2784113087 found
    - repeat of 3019102881 found
    - repeat of 3831735372 found
  - Scanning for duplicates completed (0.000294027 seconds)
- Testing for repeats completed (0.032193 seconds)
---
7 repeats, p-value = 1 - 0.0955042

Memory usage summary: heap total: 1663848, heap peak: 1663848, stack peak: 10528
         total calls   total memory   failed calls
 malloc|          2        1663848              0
realloc|          0              0              0  (nomove:0, dec:0, free:0)
 calloc|          0              0              0
   free|          0              0
Histogram for block sizes:
   large              2 100% ==================================================
