Testing gjrand32
	0..4294967295 is range of generator
	198893 outputs to scan for duplicates [3.03485*sqrt(range)]
	4.60521 duplicates expected on average
	0.00999963 is probability of zero duplicates
	0xa3531c67 is seed for this run
---
- Testing for repeats started...
  - Allocating memory started...
    - allocated hash table of reserved for 198893 elements
  - Allocating memory completed (0.00146973 seconds)
  - Checking PRNG output started...
    - repeat of 3467464737 found, step 26160
    - repeat of 3203102189 found, step 52203
    - repeat of 1851578954 found, step 62564
    - repeat of 3241183540 found, step 91979
    - repeat of 982704298 found, step 104619
    - repeat of 3188595746 found, step 110241
    - repeat of 1963340028 found, step 121447
    - repeat of 977447262 found, step 128826
    - repeat of 2874256461 found, step 156321
    - repeat of 3710424376 found, step 165929
  - Checking PRNG output completed (0.0434036 seconds)
- Testing for repeats completed (0.0448902 seconds)
---
10 repeats, p-value = 1 - 0.0078379

Memory usage summary: heap total: 4874104, heap peak: 4874104, stack peak: 5648
         total calls   total memory   failed calls
 malloc|     198885        4874104              0
realloc|          0              0              0  (nomove:0, dec:0, free:0)
 calloc|          0              0              0
   free|     198884        4801400
Histogram for block sizes:
   16-31         198883  99% ==================================================
   large              2  <1% 
