Testing gjrand64
	0..18446744073709551615 is range of generator
	27163758263 outputs to scan for duplicates [6.32456*sqrt(range)]
	20 duplicates expected on average
	2.06115e-09 is probability of zero duplicates
	0x702436d8 is seed for this run
---
- Testing for repeats started...
  - Allocating memory started...
    - allocated bloomish filter with 2147483648 64-bit elements (3 bits/entry)
    - allocated possible-match log with 1073741824 64-bit elements
  - Allocating memory completed (0.000662761 seconds)
  - Phase 1, Gathering repeat candidates started...
    - 826810464 repeat candidates found
  - Phase 1, Gathering repeat candidates completed (1862.55 seconds)
  - Reallocating memory started...
    - Deallocated bloomish filter
    - Allocated hash table of the same size
  - Reallocating memory completed (5.89342 seconds)
  - Phase 2, Storing candidates in hash table started...
  - Phase 2, Storing candidates in hash table completed (25.9319 seconds)
  - Phase 3, Testing candidates started...
    - repeat of 12739092636715129111 found, step 1049426394
    - repeat of 18396686182882432122 found, step 5410480310
    - repeat of 12565068713309622912 found, step 8250221548
    - repeat of 6123036264671177171 found, step 8796646171
    - repeat of 7761089558141271566 found, step 9738954031
    - repeat of 8269589985828725573 found, step 12462745109
    - repeat of 8858132172494464112 found, step 14605015150
    - repeat of 13790850193664558851 found, step 16185553923
    - repeat of 10117514405609289187 found, step 17157749876
    - repeat of 13614421252446603348 found, step 18327301504
    - repeat of 3231417214342213137 found, step 18597913910
    - repeat of 6805283826664555589 found, step 18712490048
    - repeat of 15539500018043913950 found, step 20810209711
    - repeat of 15062663372468896 found, step 21612297669
    - repeat of 11198512171881513699 found, step 22766947175
    - repeat of 10328260060888695225 found, step 23687991313
    - repeat of 11325245155555873228 found, step 25544845026
  - Phase 3, Testing candidates completed (1276.74 seconds)
- Testing for repeats completed (3171.11 seconds)
---
17 repeats, p-value = 0.297028

Memory usage summary: heap total: 45097229313, heap peak: 27917360129, stack peak: 5696
         total calls   total memory   failed calls
 malloc|          5    45097229313              0
realloc|          0              0              0  (nomove:0, dec:0, free:0)
 calloc|          0              0              0
   free|          4    45097156609
Histogram for block sizes:
   large              5 100% ==================================================
