Testing jsf32
	0..4294967295 is range of generator
	198893 outputs to scan for duplicates [3.03485*sqrt(range)]
	4.60521 duplicates expected on average
	0.00999963 is probability of zero duplicates
	0xe4db7946 is seed for this run
---
- Testing for repeats started...
  - Allocating memory started...
    - allocated 256 buckets of capacity 971
    - allocated 256 bucket counters
  - Allocating memory completed (1.1758e-05 seconds)
  - Storing PRNG output started...
  - Storing PRNG output completed (0.00122175 seconds)
  - Sorting started...
  - Sorting completed (0.0103647 seconds)
  - Scanning for duplicates started...
    - repeat of 3468865291 found
    - repeat of 453156905 found
    - repeat of 2592944696 found
    - repeat of 1791579472 found
    - repeat of 1887011409 found
    - repeat of 2776833450 found
    - repeat of 4026119351 found
  - Scanning for duplicates completed (0.00021521 seconds)
- Testing for repeats completed (0.0118294 seconds)
---
7 repeats, p-value = 1 - 0.0955042

Memory usage summary: heap total: 1068032, heap peak: 1068032, stack peak: 5616
         total calls   total memory   failed calls
 malloc|          3        1068032              0
realloc|          0              0              0  (nomove:0, dec:0, free:0)
 calloc|          0              0              0
   free|          0              0
Histogram for block sizes:
 1024-1039            1  33% =========================
   large              2  66% ==================================================
