Testing pcg64_fast
	0..18446744073709551615 is range of generator
	13034599790 outputs to scan for duplicates [3.03485*sqrt(range)]
	4.60517 duplicates expected on average
	0.01 is probability of zero duplicates
	0xb4ae79ff is seed for this run
---
- Testing for repeats started...
  - Allocating memory started...
    - allocated bloomish filter with 1073741824 64-bit elements (3 bits/entry)
    - allocated possible-match log with 536870912 64-bit elements
  - Allocating memory completed (3.0973e-05 seconds)
  - Phase 1, Gathering repeat candidates started...
    - 362405007 repeat candidates found
  - Phase 1, Gathering repeat candidates completed (994.262 seconds)
  - Reallocating memory started...
    - Deallocated bloomish filter
    - Allocated hash table of the same size
  - Reallocating memory completed (3.04686 seconds)
  - Phase 2, Storing candidates in hash table started...
  - Phase 2, Storing candidates in hash table completed (10.1744 seconds)
  - Phase 3, Testing candidates started...
    - repeat of 17902127820089136886 found, step 3030762488
    - repeat of 12315397088937951597 found, step 4832484640
    - repeat of 15070973423379858557 found, step 9046886107
    - repeat of 9035130413171450450 found, step 9826083042
    - repeat of 6478361364729730751 found, step 9879725616
    - repeat of 1478923603557243701 found, step 10999592325
    - repeat of 17651442485127058834 found, step 12415538314
  - Phase 3, Testing candidates completed (511.295 seconds)
- Testing for repeats completed (1518.78 seconds)
---
7 repeats, p-value = 1 - 0.095501

Memory usage summary: heap total: 22548651009, heap peak: 13958716417, stack peak: 5664
         total calls   total memory   failed calls
 malloc|          5    22548651009              0
realloc|          0              0              0  (nomove:0, dec:0, free:0)
 calloc|          0              0              0
   free|          4    22548578305
Histogram for block sizes:
   large              5 100% ==================================================
