Testing pcg32
	0..4294967295 is range of generator
	198893 outputs to scan for duplicates [3.03485*sqrt(range)]
	4.60521 duplicates expected on average
	0.00999963 is probability of zero duplicates
	0x7bf7a067 is seed for this run
---
- Testing for repeats started...
  - Allocating memory started...
    - allocated hash table of reserved for 198893 elements
  - Allocating memory completed (0.00145753 seconds)
  - Checking PRNG output started...
    - repeat of 1084879890 found, step 39943
    - repeat of 2308910096 found, step 74226
    - repeat of 3045564161 found, step 128344
    - repeat of 4294943316 found, step 130060
    - repeat of 2402819977 found, step 169930
  - Checking PRNG output completed (0.0702569 seconds)
- Testing for repeats completed (0.0717368 seconds)
---
5 repeats, p-value = 1 - 0.315139

Memory usage summary: heap total: 4874184, heap peak: 4874184, stack peak: 5648
         total calls   total memory   failed calls
 malloc|     198890        4874184              0
realloc|          0              0              0  (nomove:0, dec:0, free:0)
 calloc|          0              0              0
   free|     198889        4801480
Histogram for block sizes:
   16-31         198888  99% ==================================================
   large              2  <1% 
