Testing xoroshiro64plus32
	0..4294967295 is range of generator
	414487 outputs to scan for duplicates [6.32456*sqrt(range)]
	20.0001 duplicates expected on average
	2.06097e-09 is probability of zero duplicates
	0x1aae7f86 is seed for this run
---
- Testing for repeats started...
  - Allocating memory started...
    - allocated 256 buckets of capacity 2023
    - allocated 256 bucket counters
  - Allocating memory completed (7.284e-06 seconds)
  - Storing PRNG output started...
  - Storing PRNG output completed (0.00306837 seconds)
  - Sorting started...
  - Sorting completed (0.0373053 seconds)
  - Scanning for duplicates started...
    - repeat of 1295399183 found
    - repeat of 1945931812 found
    - repeat of 2617626149 found
    - repeat of 397164077 found
    - repeat of 2041547581 found
    - repeat of 2025849171 found
    - repeat of 2862755417 found
    - repeat of 2236114267 found
    - repeat of 2066936169 found
    - repeat of 200857963 found
    - repeat of 418075505 found
    - repeat of 139544448 found
    - repeat of 3222526339 found
    - repeat of 3928158343 found
    - repeat of 1771910285 found
    - repeat of 2831691939 found
    - repeat of 2393008041 found
    - repeat of 1582664891 found
    - repeat of 431855332 found
    - repeat of 300352234 found
    - repeat of 1002758388 found
  - Scanning for duplicates completed (0.000567404 seconds)
- Testing for repeats completed (0.0409604 seconds)
---
21 repeats, p-value = 1 - 0.35631

Memory usage summary: heap total: 2145280, heap peak: 2145280, stack peak: 5616
         total calls   total memory   failed calls
 malloc|          3        2145280              0
realloc|          0              0              0  (nomove:0, dec:0, free:0)
 calloc|          0              0              0
   free|          0              0
Histogram for block sizes:
 1024-1039            1  33% =========================
   large              2  66% ==================================================
