Testing xorshift64star32a
	0..4294967295 is range of generator
	414487 outputs to scan for duplicates [6.32456*sqrt(range)]
	19.9994 duplicates expected on average
	2.06239e-09 is probability of zero duplicates
	0x6125b8be is seed for this run
---
- Testing for repeats started...
  - Allocating memory started...
    - allocated 256 buckets of capacity 2023
    - allocated 256 bucket counters
  - Allocating memory completed (1.7913e-05 seconds)
  - Storing PRNG output started...
  - Storing PRNG output completed (0.00357906 seconds)
  - Sorting started...
  - Sorting completed (0.035277 seconds)
  - Scanning for duplicates started...
    - repeat of 781488131 found
    - repeat of 16316450 found
    - repeat of 1596686929 found
    - repeat of 1470267509 found
    - repeat of 3450830968 found
    - repeat of 3045109371 found
    - repeat of 149274245 found
    - repeat of 3755502988 found
    - repeat of 1848964240 found
    - repeat of 350488236 found
    - repeat of 1380359340 found
    - repeat of 2514955438 found
    - repeat of 221375925 found
    - repeat of 245317846 found
    - repeat of 563636951 found
    - repeat of 2825344226 found
    - repeat of 2175761904 found
  - Scanning for duplicates completed (0.000553519 seconds)
- Testing for repeats completed (0.0394517 seconds)
---
17 repeats, p-value = 0.297074

Memory usage summary: heap total: 2145280, heap peak: 2145280, stack peak: 5616
         total calls   total memory   failed calls
 malloc|          3        2145280              0
realloc|          0              0              0  (nomove:0, dec:0, free:0)
 calloc|          0              0              0
   free|          0              0
Histogram for block sizes:
 1024-1039            1  33% =========================
   large              2  66% ==================================================
