Testing gjrand32
	0..4294967295 is range of generator
	414487 outputs to scan for duplicates [6.32456*sqrt(range)]
	20.0001 duplicates expected on average
	2.06097e-09 is probability of zero duplicates
	0x97bb4952 is seed for this run
---
- Testing for repeats started...
  - Allocating memory started...
    - allocated 256 buckets of capacity 2023
    - allocated 256 bucket counters
  - Allocating memory completed (1.4766e-05 seconds)
  - Storing PRNG output started...
  - Storing PRNG output completed (0.00335311 seconds)
  - Sorting started...
  - Sorting completed (0.0311566 seconds)
  - Scanning for duplicates started...
    - repeat of 4047324943 found
    - repeat of 2763932439 found
    - repeat of 302034714 found
    - repeat of 4283984417 found
    - repeat of 1470584112 found
    - repeat of 3097846576 found
    - repeat of 2010233141 found
    - repeat of 3416463197 found
    - repeat of 4267147625 found
    - repeat of 620234348 found
    - repeat of 2074547840 found
    - repeat of 1339329425 found
    - repeat of 986977188 found
    - repeat of 2831406501 found
    - repeat of 141638826 found
    - repeat of 4229597874 found
    - repeat of 3849992386 found
    - repeat of 4219267280 found
    - repeat of 581752017 found
    - repeat of 983502033 found
    - repeat of 448230611 found
    - repeat of 1514078165 found
    - repeat of 651835872 found
    - repeat of 3340049655 found
  - Scanning for duplicates completed (0.000542587 seconds)
- Testing for repeats completed (0.0350876 seconds)
---
24 repeats, p-value = 1 - 0.156778

Memory usage summary: heap total: 2145280, heap peak: 2145280, stack peak: 5616
         total calls   total memory   failed calls
 malloc|          3        2145280              0
realloc|          0              0              0  (nomove:0, dec:0, free:0)
 calloc|          0              0              0
   free|          0              0
Histogram for block sizes:
 1024-1039            1  33% =========================
   large              2  66% ==================================================
