Testing sfc32
	0..4294967295 is range of generator
	414487 outputs to scan for duplicates [6.32456*sqrt(range)]
	20.0001 duplicates expected on average
	2.06097e-09 is probability of zero duplicates
	0x739df623 is seed for this run
---
- Testing for repeats started...
  - Allocating memory started...
    - allocated 256 buckets of capacity 2023
    - allocated 256 bucket counters
  - Allocating memory completed (1.5883e-05 seconds)
  - Storing PRNG output started...
  - Storing PRNG output completed (0.00325297 seconds)
  - Sorting started...
  - Sorting completed (0.0376626 seconds)
  - Scanning for duplicates started...
    - repeat of 3283980061 found
    - repeat of 3710098731 found
    - repeat of 1257330734 found
    - repeat of 1055735352 found
    - repeat of 245731900 found
    - repeat of 3953335625 found
    - repeat of 2387561552 found
    - repeat of 3876805993 found
    - repeat of 1783138926 found
    - repeat of 2364383867 found
    - repeat of 1273027974 found
    - repeat of 3462579090 found
    - repeat of 922737822 found
    - repeat of 2361066658 found
    - repeat of 900788650 found
    - repeat of 573220786 found
    - repeat of 1610556136 found
    - repeat of 3401483762 found
    - repeat of 1071671549 found
  - Scanning for duplicates completed (0.000574578 seconds)
- Testing for repeats completed (0.0415222 seconds)
---
19 repeats, p-value = 0.470249

Memory usage summary: heap total: 2145280, heap peak: 2145280, stack peak: 5616
         total calls   total memory   failed calls
 malloc|          3        2145280              0
realloc|          0              0              0  (nomove:0, dec:0, free:0)
 calloc|          0              0              0
   free|          0              0
Histogram for block sizes:
 1024-1039            1  33% =========================
   large              2  66% ==================================================
