Testing pcg32_fast
	0..4294967295 is range of generator
	414487 outputs to scan for duplicates [6.32456*sqrt(range)]
	20.0001 duplicates expected on average
	2.06097e-09 is probability of zero duplicates
	0xfeaa4964 is seed for this run
---
- Testing for repeats started...
  - Allocating memory started...
    - allocated hash table of reserved for 414487 elements
  - Allocating memory completed (0.00189706 seconds)
  - Checking PRNG output started...
    - repeat of 4090492587 found, step 87014
    - repeat of 2979332301 found, step 124856
    - repeat of 1778188912 found, step 172376
    - repeat of 24292830 found, step 187712
    - repeat of 2662180172 found, step 196631
    - repeat of 1541251559 found, step 200563
    - repeat of 3033679518 found, step 219883
    - repeat of 13436588 found, step 220631
    - repeat of 1859853549 found, step 223917
    - repeat of 604649467 found, step 242023
    - repeat of 646206816 found, step 249218
    - repeat of 2683198904 found, step 283702
    - repeat of 3510233774 found, step 287889
    - repeat of 3594511547 found, step 296993
    - repeat of 518368294 found, step 320003
    - repeat of 3278024496 found, step 334582
    - repeat of 4165840875 found, step 337721
    - repeat of 2973422282 found, step 339490
    - repeat of 3515281261 found, step 354021
    - repeat of 1674059225 found, step 386915
    - repeat of 4211085522 found, step 398466
  - Checking PRNG output completed (0.0661246 seconds)
- Testing for repeats completed (0.0680344 seconds)
---
21 repeats, p-value = 1 - 0.35631

Memory usage summary: heap total: 10260056, heap peak: 10260056, stack peak: 5648
         total calls   total memory   failed calls
 malloc|     414468       10260056              0
realloc|          0              0              0  (nomove:0, dec:0, free:0)
 calloc|          0              0              0
   free|     414467       10187352
Histogram for block sizes:
   16-31         414466  99% ==================================================
   large              2  <1% 
