Testing xoroshiro64plus32
	0..4294967295 is range of generator
	414487 outputs to scan for duplicates [6.32456*sqrt(range)]
	20.0001 duplicates expected on average
	2.06097e-09 is probability of zero duplicates
	0xf4f998f0 is seed for this run
---
- Testing for repeats started...
  - Allocating memory started...
    - allocated 256 buckets of capacity 2023
    - allocated 256 bucket counters
  - Allocating memory completed (1.6211e-05 seconds)
  - Storing PRNG output started...
  - Storing PRNG output completed (0.00325796 seconds)
  - Sorting started...
  - Sorting completed (0.0337534 seconds)
  - Scanning for duplicates started...
    - repeat of 346568205 found
    - repeat of 3610858267 found
    - repeat of 2588208177 found
    - repeat of 919261504 found
    - repeat of 3163060294 found
    - repeat of 254299251 found
    - repeat of 2992163465 found
    - repeat of 1045746066 found
    - repeat of 1247796889 found
    - repeat of 2856609710 found
    - repeat of 2556433353 found
    - repeat of 3981524685 found
    - repeat of 619723224 found
    - repeat of 2743341790 found
    - repeat of 2487097570 found
    - repeat of 2257383147 found
  - Scanning for duplicates completed (0.00059601 seconds)
- Testing for repeats completed (0.0376483 seconds)
---
16 repeats, p-value = 0.221068

Memory usage summary: heap total: 2145280, heap peak: 2145280, stack peak: 5616
         total calls   total memory   failed calls
 malloc|          3        2145280              0
realloc|          0              0              0  (nomove:0, dec:0, free:0)
 calloc|          0              0              0
   free|          0              0
Histogram for block sizes:
 1024-1039            1  33% =========================
   large              2  66% ==================================================
