Testing xoroshiro64starstar32
	0..4294967295 is range of generator
	414487 outputs to scan for duplicates [6.32456*sqrt(range)]
	20.0001 duplicates expected on average
	2.06097e-09 is probability of zero duplicates
	0xabd243da is seed for this run
---
- Testing for repeats started...
  - Allocating memory started...
    - allocated bloomish filter with 32768 64-bit elements (3 bits/entry)
    - allocated possible-match log with 16384 32-bit elements
  - Allocating memory completed (1.8299e-05 seconds)
  - Phase 1, Gathering repeat candidates started...
    - 15423 repeat candidates found
  - Phase 1, Gathering repeat candidates completed (0.0110661 seconds)
  - Reallocating memory started...
    - Deallocated bloomish filter
    - Allocated hash table of the same size
  - Reallocating memory completed (0.000174971 seconds)
  - Phase 2, Storing candidates in hash table started...
  - Phase 2, Storing candidates in hash table completed (0.000261051 seconds)
  - Phase 3, Testing candidates started...
    - repeat of 3896079911 found, step 94721
    - repeat of 3034278136 found, step 143189
    - repeat of 3954779996 found, step 164101
    - repeat of 2009948818 found, step 175837
    - repeat of 3477612944 found, step 177681
    - repeat of 3146372346 found, step 183125
    - repeat of 205717918 found, step 187508
    - repeat of 1735776727 found, step 234793
    - repeat of 3857977034 found, step 282305
    - repeat of 1493876516 found, step 290014
    - repeat of 1170514768 found, step 297300
    - repeat of 3286114466 found, step 301933
    - repeat of 3476092477 found, step 322653
    - repeat of 1697327521 found, step 343151
    - repeat of 3644574149 found, step 343768
    - repeat of 2406533428 found, step 347888
    - repeat of 753222121 found, step 350025
    - repeat of 4059585488 found, step 353305
    - repeat of 2442937232 found, step 368204
    - repeat of 1242803905 found, step 385304
    - repeat of 517582097 found, step 391653
    - repeat of 2945130274 found, step 397118
    - repeat of 921038919 found, step 404950
  - Phase 3, Testing candidates completed (0.0132431 seconds)
- Testing for repeats completed (0.0247939 seconds)
---
23 repeats, p-value = 1 - 0.212513

Memory usage summary: heap total: 564225, heap peak: 400384, stack peak: 5680
         total calls   total memory   failed calls
 malloc|          5         564225              0
realloc|          0              0              0  (nomove:0, dec:0, free:0)
 calloc|          0              0              0
   free|          4         491521
Histogram for block sizes:
32768-32783           1  20% ============
   large              4  80% ==================================================
