Testing pcg32
	0..4294967295 is range of generator
	414487 outputs to scan for duplicates [6.32456*sqrt(range)]
	20.0001 duplicates expected on average
	2.06097e-09 is probability of zero duplicates
	0x3a369a67 is seed for this run
---
- Testing for repeats started...
  - Allocating memory started...
    - allocated hash table of reserved for 414487 elements
  - Allocating memory completed (0.00200307 seconds)
  - Checking PRNG output started...
    - repeat of 969176492 found, step 19270
    - repeat of 1017877553 found, step 106332
    - repeat of 3055607746 found, step 122399
    - repeat of 652297099 found, step 179749
    - repeat of 1444255872 found, step 181546
    - repeat of 2317294933 found, step 197868
    - repeat of 1934973901 found, step 227303
    - repeat of 2435224624 found, step 230751
    - repeat of 2403238450 found, step 234868
    - repeat of 2565123939 found, step 235520
    - repeat of 1051901957 found, step 236382
    - repeat of 2046832926 found, step 244115
    - repeat of 77827848 found, step 255228
    - repeat of 3404502457 found, step 259115
    - repeat of 2788726231 found, step 283618
    - repeat of 1105157189 found, step 317456
    - repeat of 1965458010 found, step 318411
    - repeat of 4122044573 found, step 323529
    - repeat of 1464014886 found, step 333220
    - repeat of 1236534499 found, step 344288
    - repeat of 3930163659 found, step 347390
    - repeat of 3292482849 found, step 354132
    - repeat of 1177097757 found, step 361926
    - repeat of 2599540042 found, step 390541
    - repeat of 4065766539 found, step 401866
    - repeat of 2538407882 found, step 407540
  - Checking PRNG output completed (0.0985082 seconds)
- Testing for repeats completed (0.100532 seconds)
---
26 repeats, p-value = 1 - 0.0778899

Memory usage summary: heap total: 10259976, heap peak: 10259976, stack peak: 5648
         total calls   total memory   failed calls
 malloc|     414463       10259976              0
realloc|          0              0              0  (nomove:0, dec:0, free:0)
 calloc|          0              0              0
   free|     414462       10187272
Histogram for block sizes:
   16-31         414461  99% ==================================================
   large              2  <1% 
