Testing pcg32_fast
	0..4294967295 is range of generator
	198893 outputs to scan for duplicates [3.03485*sqrt(range)]
	4.60521 duplicates expected on average
	0.00999963 is probability of zero duplicates
	0xc40ff430 is seed for this run
---
- Testing for repeats started...
  - Allocating memory started...
    - allocated bloomish filter with 16384 64-bit elements (3 bits/entry)
    - allocated possible-match log with 8192 32-bit elements
  - Allocating memory completed (1.2444e-05 seconds)
  - Phase 1, Gathering repeat candidates started...
    - 5756 repeat candidates found
  - Phase 1, Gathering repeat candidates completed (0.00319822 seconds)
  - Reallocating memory started...
    - Deallocated bloomish filter
    - Allocated hash table of the same size
  - Reallocating memory completed (1.1769e-05 seconds)
  - Phase 2, Storing candidates in hash table started...
  - Phase 2, Storing candidates in hash table completed (5.6264e-05 seconds)
  - Phase 3, Testing candidates started...
    - repeat of 848165839 found, step 105786
    - repeat of 1728205003 found, step 133108
    - repeat of 3440657801 found, step 133250
    - repeat of 2005937094 found, step 152103
    - repeat of 410132095 found, step 155350
    - repeat of 3909107207 found, step 174495
  - Phase 3, Testing candidates completed (0.00309714 seconds)
- Testing for repeats completed (0.0063914 seconds)
---
6 repeats, p-value = 1 - 0.18266

Memory usage summary: heap total: 318465, heap peak: 236544, stack peak: 5664
         total calls   total memory   failed calls
 malloc|          5         318465              0
realloc|          0              0              0  (nomove:0, dec:0, free:0)
 calloc|          0              0              0
   free|          4         245761
Histogram for block sizes:
16384-16399           1  20% ================
32768-32783           1  20% ================
   large              3  60% ==================================================
