Testing pcg32
	0..4294967295 is range of generator
	198893 outputs to scan for duplicates [3.03485*sqrt(range)]
	4.60521 duplicates expected on average
	0.00999963 is probability of zero duplicates
	0xd8749583 is seed for this run
---
- Testing for repeats started...
  - Allocating memory started...
    - allocated hash table of reserved for 198893 elements
  - Allocating memory completed (0.00114791 seconds)
  - Checking PRNG output started...
    - repeat of 1709099901 found, step 17594
    - repeat of 599667106 found, step 32841
    - repeat of 3794473905 found, step 88971
    - repeat of 1755880427 found, step 159122
    - repeat of 1112883199 found, step 168582
    - repeat of 3662720316 found, step 182511
    - repeat of 2302144769 found, step 183594
    - repeat of 883318152 found, step 186809
  - Checking PRNG output completed (0.0340703 seconds)
- Testing for repeats completed (0.0352275 seconds)
---
8 repeats, p-value = 1 - 0.0453327

Memory usage summary: heap total: 4874136, heap peak: 4874136, stack peak: 5648
         total calls   total memory   failed calls
 malloc|     198887        4874136              0
realloc|          0              0              0  (nomove:0, dec:0, free:0)
 calloc|          0              0              0
   free|     198886        4801432
Histogram for block sizes:
   16-31         198885  99% ==================================================
   large              2  <1% 
