Testing xorshift32plain32a
	0..4294967295 is range of generator
	198893 outputs to scan for duplicates [3.03485*sqrt(range)]
	4.60511 duplicates expected on average
	0.0100006 is probability of zero duplicates
	0x650d5066 is seed for this run
---
- Testing for repeats started...
  - Allocating memory started...
    - allocated hash table of reserved for 198893 elements
  - Allocating memory completed (0.000788801 seconds)
  - Checking PRNG output started...
  - Checking PRNG output completed (0.0510982 seconds)
- Testing for repeats completed (0.0519041 seconds)
---
0 repeats, p-value = 0.0100006

Memory usage summary: heap total: 4874264, heap peak: 4874264, stack peak: 5648
         total calls   total memory   failed calls
 malloc|     198895        4874264              0
realloc|          0              0              0  (nomove:0, dec:0, free:0)
 calloc|          0              0              0
   free|     198894        4801560
Histogram for block sizes:
   16-31         198893  99% ==================================================
   large              2  <1% 
