Testing std::minstd_rand
	1..2147483646 is range of generator
	140639 outputs to scan for duplicates [3.03485*sqrt(range)]
	4.60523 duplicates expected on average
	0.00999936 is probability of zero duplicates
	0x3aeca5b1 is seed for this run
---
- Testing for repeats started...
  - Allocating memory started...
    - allocated array of size 140639.
  - Allocating memory completed (6.069e-06 seconds)
  - Storing PRNG output started...
  - Storing PRNG output completed (0.00153561 seconds)
  - Sorting started...
  - Sorting completed (0.0185529 seconds)
  - Scanning for duplicates started...
  - Scanning for duplicates completed (0.000188133 seconds)
- Testing for repeats completed (0.0203013 seconds)
---
0 repeats, p-value = 0.00999936

Memory usage summary: heap total: 1197816, heap peak: 1197816, stack peak: 5568
         total calls   total memory   failed calls
 malloc|          2        1197816              0
realloc|          0              0              0  (nomove:0, dec:0, free:0)
 calloc|          0              0              0
   free|          0              0
Histogram for block sizes:
   large              2 100% ==================================================
