Testing xoroshiro64starstar32
	0..4294967295 is range of generator
	198893 outputs to scan for duplicates [3.03485*sqrt(range)]
	4.60521 duplicates expected on average
	0.00999963 is probability of zero duplicates
	0x16154adc is seed for this run
---
- Testing for repeats started...
  - Allocating memory started...
    - allocated array of size 198893.
  - Allocating memory completed (7.211e-06 seconds)
  - Storing PRNG output started...
  - Storing PRNG output completed (0.00113907 seconds)
  - Sorting started...
  - Sorting completed (0.0255005 seconds)
  - Scanning for duplicates started...
    - repeat of 745926275 found
    - repeat of 930154103 found
    - repeat of 964274598 found
    - repeat of 1083049214 found
    - repeat of 1154027146 found
    - repeat of 1241777518 found
    - repeat of 1601859736 found
    - repeat of 1736915826 found
    - repeat of 2413123713 found
    - repeat of 3095337978 found
  - Scanning for duplicates completed (0.000239134 seconds)
- Testing for repeats completed (0.0268977 seconds)
---
10 repeats, p-value = 1 - 0.0078379

Memory usage summary: heap total: 868276, heap peak: 868276, stack peak: 5568
         total calls   total memory   failed calls
 malloc|          2         868276              0
realloc|          0              0              0  (nomove:0, dec:0, free:0)
 calloc|          0              0              0
   free|          0              0
Histogram for block sizes:
   large              2 100% ==================================================
