- bump_allocator_static< std::__detail::_Hash_node<unsigned int, false> > (item size = 16) at 0x6042d0 created!
- bump_allocator_static< std::__detail::_Hash_node_base* > (item size = 8) at 0x604310 created!
- mempool at 0x604298 allocated new chunk at 0x7f1d2057b020
- mempool at 0x604298 deallocated chunk at 0x7f1d2057b020
Testing gjrand32
	0..4294967295 is range of generator
	414487 outputs to scan for duplicates [6.32456*sqrt(range)]
	20.0001 duplicates expected on average
	2.06097e-09 is probability of zero duplicates
	0x24b163bf is seed for this run
---
- Testing for repeats started...
  - Allocating memory started...
    - allocated hash table of reserved for 414487 elements
  - Allocating memory completed (0.00214141 seconds)
  - Checking PRNG output started...
    - repeat of 2626643913 found, step 54481
    - repeat of 130843469 found, step 130396
    - repeat of 2164736721 found, step 146411
    - repeat of 1299702266 found, step 175742
    - repeat of 2354937187 found, step 235131
    - repeat of 2812976176 found, step 237897
    - repeat of 2669885818 found, step 277273
    - repeat of 1720275249 found, step 285404
    - repeat of 4167046166 found, step 296457
    - repeat of 3086643373 found, step 308113
    - repeat of 3869947263 found, step 329933
    - repeat of 545181460 found, step 348090
    - repeat of 743762177 found, step 369294
    - repeat of 3105460609 found, step 401870
  - Checking PRNG output completed (0.038829 seconds)
- Testing for repeats completed (0.0409829 seconds)
---
14 repeats, p-value = 0.104861
- bump_allocator_static< std::__detail::_Hash_node_base* > at 0x604310 destroyed!
 - total_allocations_  = 1
 - active_allocations_ = 0
 - high_allocations_   = 1
 - total_mem_  = 3555896
 - active_mem_ = 0
 - high_mem_   = 3555896
- bump_allocator_static< std::__detail::_Hash_node<unsigned int, false> > at 0x6042d0 destroyed!
 - total_allocations_  = 414473
 - active_allocations_ = 0
 - high_allocations_   = 414473
 - total_mem_  = 6631568
 - active_mem_ = 0
 - high_mem_   = 6631568

Memory usage summary: heap total: 1073815760, heap peak: 1073815568, stack peak: 2816
         total calls   total memory   failed calls
 malloc|          5     1073815568              0
realloc|          4            192              0  (nomove:0, dec:0, free:0)
 calloc|          0              0              0
   free|          6     1073742032
Histogram for block sizes:
   16-31              1  11% =========================
   32-47              2  22% ==================================================
   64-79              2  22% ==================================================
  512-527             2  22% ==================================================
   large              2  22% ==================================================
