Testing sfc32
	0..4294967295 is range of generator
	414487 outputs to scan for duplicates [6.32456*sqrt(range)]
	20.0001 duplicates expected on average
	2.06097e-09 is probability of zero duplicates
	0xc0eb8e5a is seed for this run
---
- Testing for repeats started...
  - Allocating memory started...
    - allocated 256 buckets of capacity 2023
    - allocated 256 bucket counters
  - Allocating memory completed (1.6586e-05 seconds)
  - Storing PRNG output started...
  - Storing PRNG output completed (0.00329805 seconds)
  - Sorting started...
  - Sorting completed (0.0346631 seconds)
  - Scanning for duplicates started...
    - repeat of 3402798857 found
    - repeat of 82845214 found
    - repeat of 790932008 found
    - repeat of 649176619 found
    - repeat of 3749258806 found
    - repeat of 2663767135 found
    - repeat of 2157022564 found
    - repeat of 3041008776 found
    - repeat of 997904011 found
    - repeat of 2064152973 found
    - repeat of 707625615 found
    - repeat of 1859430801 found
    - repeat of 2244707486 found
    - repeat of 1584842659 found
    - repeat of 691025575 found
    - repeat of 224064181 found
    - repeat of 1957255095 found
    - repeat of 3746020805 found
    - repeat of 3113350100 found
    - repeat of 1174048727 found
  - Scanning for duplicates completed (0.000564726 seconds)
- Testing for repeats completed (0.0385653 seconds)
---
20 repeats, p-value = 1 - 0.440915

Memory usage summary: heap total: 2145280, heap peak: 2145280, stack peak: 5616
         total calls   total memory   failed calls
 malloc|          3        2145280              0
realloc|          0              0              0  (nomove:0, dec:0, free:0)
 calloc|          0              0              0
   free|          0              0
Histogram for block sizes:
 1024-1039            1  33% =========================
   large              2  66% ==================================================
