Testing gjrand32
	0..4294967295 is range of generator
	414487 outputs to scan for duplicates [6.32456*sqrt(range)]
	20.0001 duplicates expected on average
	2.06097e-09 is probability of zero duplicates
	0xe055793d is seed for this run
---
- Testing for repeats started...
  - Allocating memory started...
    - allocated array of size 414487.
  - Allocating memory completed (8.553e-06 seconds)
  - Storing PRNG output started...
  - Storing PRNG output completed (0.00412997 seconds)
  - Sorting started...
  - Sorting completed (0.0572741 seconds)
  - Scanning for duplicates started...
    - repeat of 242979679 found
    - repeat of 460775537 found
    - repeat of 485858972 found
    - repeat of 653167377 found
    - repeat of 765737750 found
    - repeat of 822995386 found
    - repeat of 1147134487 found
    - repeat of 1297344340 found
    - repeat of 1474653491 found
    - repeat of 1816930753 found
    - repeat of 1880879262 found
    - repeat of 2022839759 found
    - repeat of 2171675289 found
    - repeat of 2599687700 found
    - repeat of 2880134735 found
    - repeat of 3192532239 found
    - repeat of 3250954925 found
    - repeat of 3434183484 found
    - repeat of 3476869367 found
    - repeat of 3896193831 found
    - repeat of 3923752931 found
    - repeat of 4136083289 found
    - repeat of 4227447403 found
  - Scanning for duplicates completed (0.000499017 seconds)
- Testing for repeats completed (0.0619264 seconds)
---
23 repeats, p-value = 1 - 0.212513

Memory usage summary: heap total: 1730652, heap peak: 1730652, stack peak: 5600
         total calls   total memory   failed calls
 malloc|          2        1730652              0
realloc|          0              0              0  (nomove:0, dec:0, free:0)
 calloc|          0              0              0
   free|          0              0
Histogram for block sizes:
   large              2 100% ==================================================
