- bump_allocator_static< std::__detail::_Hash_node<unsigned int, false> > (item size = 16) at 0x6042d0 created!
- bump_allocator_static< std::__detail::_Hash_node_base* > (item size = 8) at 0x604310 created!
- mempool at 0x604298 allocated new chunk at 0x7fe05e55e020
- mempool at 0x604298 deallocated chunk at 0x7fe05e55e020
Testing sfc32
	0..4294967295 is range of generator
	414487 outputs to scan for duplicates [6.32456*sqrt(range)]
	20.0001 duplicates expected on average
	2.06097e-09 is probability of zero duplicates
	0x368ddf9 is seed for this run
---
- Testing for repeats started...
  - Allocating memory started...
    - allocated hash table of reserved for 414487 elements
  - Allocating memory completed (0.000928113 seconds)
  - Checking PRNG output started...
    - repeat of 1162016689 found, step 85143
    - repeat of 705818825 found, step 107633
    - repeat of 3546390324 found, step 128637
    - repeat of 1228570878 found, step 163160
    - repeat of 3437723590 found, step 178637
    - repeat of 2683870371 found, step 195439
    - repeat of 3968807952 found, step 203236
    - repeat of 605702061 found, step 282647
    - repeat of 2297354613 found, step 288407
    - repeat of 3372676541 found, step 308450
    - repeat of 4088725170 found, step 334076
    - repeat of 3374532673 found, step 370515
    - repeat of 2236686095 found, step 388254
    - repeat of 3409274895 found, step 395301
    - repeat of 135673666 found, step 406432
  - Checking PRNG output completed (0.0430689 seconds)
- Testing for repeats completed (0.0440121 seconds)
---
15 repeats, p-value = 0.156508
- bump_allocator_static< std::__detail::_Hash_node_base* > at 0x604310 destroyed!
 - total_allocations_  = 1
 - active_allocations_ = 0
 - high_allocations_   = 1
 - total_mem_  = 3555896
 - active_mem_ = 0
 - high_mem_   = 3555896
- bump_allocator_static< std::__detail::_Hash_node<unsigned int, false> > at 0x6042d0 destroyed!
 - total_allocations_  = 414472
 - active_allocations_ = 0
 - high_allocations_   = 414472
 - total_mem_  = 6631552
 - active_mem_ = 0
 - high_mem_   = 6631552

Memory usage summary: heap total: 1073815760, heap peak: 1073815568, stack peak: 2816
         total calls   total memory   failed calls
 malloc|          5     1073815568              0
realloc|          4            192              0  (nomove:0, dec:0, free:0)
 calloc|          0              0              0
   free|          6     1073742032
Histogram for block sizes:
   16-31              1  11% =========================
   32-47              2  22% ==================================================
   64-79              2  22% ==================================================
  512-527             2  22% ==================================================
   large              2  22% ==================================================
