Testing gjrand32
	0..4294967295 is range of generator
	414487 outputs to scan for duplicates [6.32456*sqrt(range)]
	20.0001 duplicates expected on average
	2.06097e-09 is probability of zero duplicates
	0x8668883c is seed for this run
---
- Testing for repeats started...
  - Allocating memory started...
    - allocated array of size 414487.
  - Allocating memory completed (6.912e-06 seconds)
  - Storing PRNG output started...
  - Storing PRNG output completed (0.00352153 seconds)
  - Sorting started...
  - Sorting completed (0.0584068 seconds)
  - Scanning for duplicates started...
    - repeat of 1415920425 found
    - repeat of 1667271736 found
    - repeat of 1796174719 found
    - repeat of 1799300467 found
    - repeat of 2029766634 found
    - repeat of 2033444262 found
    - repeat of 2286173804 found
    - repeat of 2702329632 found
    - repeat of 3067737319 found
    - repeat of 3293284536 found
    - repeat of 3471964539 found
    - repeat of 3883268191 found
    - repeat of 4157110385 found
    - repeat of 4160162524 found
    - repeat of 4193778804 found
    - repeat of 4225804421 found
    - repeat of 4253360886 found
  - Scanning for duplicates completed (0.000498816 seconds)
- Testing for repeats completed (0.0624556 seconds)
---
17 repeats, p-value = 0.297021

Memory usage summary: heap total: 1730652, heap peak: 1730652, stack peak: 5600
         total calls   total memory   failed calls
 malloc|          2        1730652              0
realloc|          0              0              0  (nomove:0, dec:0, free:0)
 calloc|          0              0              0
   free|          0              0
Histogram for block sizes:
   large              2 100% ==================================================
