- bump_allocator_static< std::__detail::_Hash_node<unsigned int, false> > (item size = 16) at 0x6042f0 created!
- bump_allocator_static< std::__detail::_Hash_node_base* > (item size = 8) at 0x604330 created!
- mempool at 0x6042b8 allocated new chunk at 0x7ff5552e1020
- mempool at 0x6042b8 deallocated chunk at 0x7ff5552e1020
Testing xorshift64star32a
	0..4294967295 is range of generator
	414487 outputs to scan for duplicates [6.32456*sqrt(range)]
	19.9994 duplicates expected on average
	2.06239e-09 is probability of zero duplicates
	0xcb137d76 is seed for this run
---
- Testing for repeats started...
  - Allocating memory started...
    - allocated hash table of reserved for 414487 elements
  - Allocating memory completed (0.00183184 seconds)
  - Checking PRNG output started...
    - repeat of 2469198173 found, step 107201
    - repeat of 3545406026 found, step 110372
    - repeat of 4294136702 found, step 131084
    - repeat of 3393568648 found, step 173529
    - repeat of 1122491995 found, step 173931
    - repeat of 1593743186 found, step 176261
    - repeat of 2703248923 found, step 205212
    - repeat of 3416114516 found, step 209304
    - repeat of 248461803 found, step 217536
    - repeat of 2042474611 found, step 218115
    - repeat of 2573599928 found, step 230505
    - repeat of 2352769850 found, step 278071
    - repeat of 3512333532 found, step 280678
    - repeat of 2817620808 found, step 310810
    - repeat of 2118617719 found, step 322095
    - repeat of 967945476 found, step 327499
    - repeat of 3812353236 found, step 335337
    - repeat of 2230607502 found, step 344821
    - repeat of 3639236751 found, step 353278
    - repeat of 3865786426 found, step 358627
    - repeat of 1560233815 found, step 364974
    - repeat of 3559173460 found, step 370971
    - repeat of 2882470605 found, step 375916
    - repeat of 2668915375 found, step 384875
    - repeat of 2484554958 found, step 384946
    - repeat of 1056022827 found, step 412123
  - Checking PRNG output completed (0.0399301 seconds)
- Testing for repeats completed (0.0417776 seconds)
---
26 repeats, p-value = 1 - 0.0778662
- bump_allocator_static< std::__detail::_Hash_node_base* > at 0x604330 destroyed!
 - total_allocations_  = 1
 - active_allocations_ = 0
 - high_allocations_   = 1
 - total_mem_  = 3555896
 - active_mem_ = 0
 - high_mem_   = 3555896
- bump_allocator_static< std::__detail::_Hash_node<unsigned int, false> > at 0x6042f0 destroyed!
 - total_allocations_  = 414461
 - active_allocations_ = 0
 - high_allocations_   = 414461
 - total_mem_  = 6631376
 - active_mem_ = 0
 - high_mem_   = 6631376

Memory usage summary: heap total: 1073815760, heap peak: 1073815568, stack peak: 2816
         total calls   total memory   failed calls
 malloc|          5     1073815568              0
realloc|          4            192              0  (nomove:0, dec:0, free:0)
 calloc|          0              0              0
   free|          6     1073742032
Histogram for block sizes:
   16-31              1  11% =========================
   32-47              2  22% ==================================================
   64-79              2  22% ==================================================
  512-527             2  22% ==================================================
   large              2  22% ==================================================
