Testing gjrand32
	0..4294967295 is range of generator
	414487 outputs to scan for duplicates [6.32456*sqrt(range)]
	20.0001 duplicates expected on average
	2.06097e-09 is probability of zero duplicates
	0x8b01eede is seed for this run
---
- Testing for repeats started...
  - Allocating memory started...
    - allocated bloomish filter with 32768 64-bit elements (3 bits/entry)
    - allocated possible-match log with 16384 32-bit elements
  - Allocating memory completed (2.4409e-05 seconds)
  - Phase 1, Gathering repeat candidates started...
    - 15384 repeat candidates found
  - Phase 1, Gathering repeat candidates completed (0.0108028 seconds)
  - Reallocating memory started...
    - Deallocated bloomish filter
    - Allocated hash table of the same size
  - Reallocating memory completed (0.000115538 seconds)
  - Phase 2, Storing candidates in hash table started...
  - Phase 2, Storing candidates in hash table completed (0.000160296 seconds)
  - Phase 3, Testing candidates started...
    - repeat of 1073123523 found, step 42643
    - repeat of 3785906546 found, step 50675
    - repeat of 3115805207 found, step 113931
    - repeat of 4006208545 found, step 163929
    - repeat of 858095337 found, step 208864
    - repeat of 1089829022 found, step 218688
    - repeat of 1404172957 found, step 240533
    - repeat of 4155730051 found, step 271168
    - repeat of 3949711989 found, step 284023
    - repeat of 2927681173 found, step 288972
    - repeat of 4258595616 found, step 320241
    - repeat of 2064398554 found, step 325078
    - repeat of 1058615444 found, step 347871
    - repeat of 1121066763 found, step 350761
    - repeat of 1089032601 found, step 351642
    - repeat of 1887037856 found, step 363402
    - repeat of 359478074 found, step 368151
    - repeat of 2746702664 found, step 373548
    - repeat of 1184499375 found, step 386725
    - repeat of 3050810989 found, step 398298
    - repeat of 1247241807 found, step 406945
    - repeat of 119310679 found, step 413310
  - Phase 3, Testing candidates completed (0.00801693 seconds)
- Testing for repeats completed (0.0191549 seconds)
---
22 repeats, p-value = 1 - 0.279396

Memory usage summary: heap total: 564225, heap peak: 400384, stack peak: 5712
         total calls   total memory   failed calls
 malloc|          5         564225              0
realloc|          0              0              0  (nomove:0, dec:0, free:0)
 calloc|          0              0              0
   free|          4         491521
Histogram for block sizes:
32768-32783           1  20% ============
   large              4  80% ==================================================
