Testing gjrand32
	0..4294967295 is range of generator
	414487 outputs to scan for duplicates [6.32456*sqrt(range)]
	20.0001 duplicates expected on average
	2.06097e-09 is probability of zero duplicates
	0xab0c4546 is seed for this run
---
- Testing for repeats started...
  - Allocating memory started...
    - allocated 256 buckets of capacity 2023
    - allocated 256 bucket counters
  - Allocating memory completed (1.738e-05 seconds)
  - Storing PRNG output started...
  - Storing PRNG output completed (0.00406208 seconds)
  - Sorting started...
  - Sorting completed (0.0362017 seconds)
  - Scanning for duplicates started...
    - repeat of 3523320078 found
    - repeat of 2050313506 found
    - repeat of 3948146210 found
    - repeat of 1958470948 found
    - repeat of 1831998030 found
    - repeat of 675455061 found
    - repeat of 715303525 found
    - repeat of 1598887538 found
    - repeat of 1298100341 found
    - repeat of 972828311 found
    - repeat of 1931999895 found
    - repeat of 1161003677 found
    - repeat of 2791969710 found
    - repeat of 3686185906 found
    - repeat of 329307316 found
    - repeat of 386847687 found
    - repeat of 3569938644 found
    - repeat of 4201005013 found
    - repeat of 2870793951 found
  - Scanning for duplicates completed (0.00057897 seconds)
- Testing for repeats completed (0.0408771 seconds)
---
19 repeats, p-value = 0.470249

Memory usage summary: heap total: 2145280, heap peak: 2145280, stack peak: 5616
         total calls   total memory   failed calls
 malloc|          3        2145280              0
realloc|          0              0              0  (nomove:0, dec:0, free:0)
 calloc|          0              0              0
   free|          0              0
Histogram for block sizes:
 1024-1039            1  33% =========================
   large              2  66% ==================================================
