Testing xoroshiro64star32
	0..4294967295 is range of generator
	414487 outputs to scan for duplicates [6.32456*sqrt(range)]
	20.0001 duplicates expected on average
	2.06097e-09 is probability of zero duplicates
	0x7a5f3b24 is seed for this run
---
- Testing for repeats started...
  - Allocating memory started...
    - allocated 256 buckets of capacity 2023
    - allocated 256 bucket counters
  - Allocating memory completed (1.846e-05 seconds)
  - Storing PRNG output started...
  - Storing PRNG output completed (0.00346044 seconds)
  - Sorting started...
  - Sorting completed (0.0368275 seconds)
  - Scanning for duplicates started...
    - repeat of 771680515 found
    - repeat of 4004736007 found
    - repeat of 2807815184 found
    - repeat of 4237766935 found
    - repeat of 2513526571 found
    - repeat of 990705725 found
    - repeat of 1985168707 found
    - repeat of 1817297988 found
    - repeat of 3941308484 found
    - repeat of 3454923082 found
    - repeat of 2154381415 found
    - repeat of 999269230 found
    - repeat of 3829816688 found
    - repeat of 3067601544 found
    - repeat of 1775298703 found
    - repeat of 4063105937 found
    - repeat of 1895299476 found
    - repeat of 3424594580 found
    - repeat of 2887855512 found
    - repeat of 3883229893 found
    - repeat of 471990473 found
    - repeat of 1001959386 found
    - repeat of 3943895266 found
  - Scanning for duplicates completed (0.000628665 seconds)
- Testing for repeats completed (0.0409569 seconds)
---
23 repeats, p-value = 1 - 0.212513

Memory usage summary: heap total: 2145280, heap peak: 2145280, stack peak: 5616
         total calls   total memory   failed calls
 malloc|          3        2145280              0
realloc|          0              0              0  (nomove:0, dec:0, free:0)
 calloc|          0              0              0
   free|          0              0
Histogram for block sizes:
 1024-1039            1  33% =========================
   large              2  66% ==================================================
