Testing std::mt19937
	0..4294967295 is range of generator
	198893 outputs to scan for duplicates [3.03485*sqrt(range)]
	4.60521 duplicates expected on average
	0.00999963 is probability of zero duplicates
	0x92bca960 is seed for this run
---
- Testing for repeats started...
  - Allocating memory started...
    - allocated array of size 198893.
  - Allocating memory completed (8.88e-06 seconds)
  - Storing PRNG output started...
  - Storing PRNG output completed (0.00277906 seconds)
  - Sorting started...
  - Sorting completed (0.0294912 seconds)
  - Scanning for duplicates started...
    - repeat of 155604675 found
    - repeat of 674144546 found
    - repeat of 1222970862 found
    - repeat of 2330367110 found
    - repeat of 3759069881 found
  - Scanning for duplicates completed (0.000291793 seconds)
- Testing for repeats completed (0.0325842 seconds)
---
5 repeats, p-value = 1 - 0.315139

Memory usage summary: heap total: 1663848, heap peak: 1663848, stack peak: 10528
         total calls   total memory   failed calls
 malloc|          2        1663848              0
realloc|          0              0              0  (nomove:0, dec:0, free:0)
 calloc|          0              0              0
   free|          0              0
Histogram for block sizes:
   large              2 100% ==================================================
