Testing xoroshiro64starstar32
	0..4294967295 is range of generator
	414487 outputs to scan for duplicates [6.32456*sqrt(range)]
	20.0001 duplicates expected on average
	2.06097e-09 is probability of zero duplicates
	0x8e0e79c is seed for this run
---
- Testing for repeats started...
  - Allocating memory started...
    - allocated 256 buckets of capacity 2023
    - allocated 256 bucket counters
  - Allocating memory completed (1.4456e-05 seconds)
  - Storing PRNG output started...
  - Storing PRNG output completed (0.00357434 seconds)
  - Sorting started...
  - Sorting completed (0.0371543 seconds)
  - Scanning for duplicates started...
    - repeat of 939471394 found
    - repeat of 2868439350 found
    - repeat of 2716824654 found
    - repeat of 2552678479 found
    - repeat of 778024533 found
    - repeat of 2501348956 found
    - repeat of 2854790267 found
    - repeat of 2086577801 found
    - repeat of 704363402 found
    - repeat of 168679315 found
    - repeat of 3135152287 found
    - repeat of 821383586 found
    - repeat of 2320325799 found
    - repeat of 341294027 found
    - repeat of 3738729936 found
    - repeat of 3032627934 found
    - repeat of 1639695850 found
    - repeat of 973232380 found
  - Scanning for duplicates completed (0.000566854 seconds)
- Testing for repeats completed (0.0413237 seconds)
---
18 repeats, p-value = 0.381414

Memory usage summary: heap total: 2145280, heap peak: 2145280, stack peak: 5616
         total calls   total memory   failed calls
 malloc|          3        2145280              0
realloc|          0              0              0  (nomove:0, dec:0, free:0)
 calloc|          0              0              0
   free|          0              0
Histogram for block sizes:
 1024-1039            1  33% =========================
   large              2  66% ==================================================
