Testing xoroshiro64plus32
	0..4294967295 is range of generator
	414487 outputs to scan for duplicates [6.32456*sqrt(range)]
	20.0001 duplicates expected on average
	2.06097e-09 is probability of zero duplicates
	0x338f11d3 is seed for this run
---
- Testing for repeats started...
  - Allocating memory started...
    - allocated array of size 414487.
  - Allocating memory completed (5.864e-06 seconds)
  - Storing PRNG output started...
  - Storing PRNG output completed (0.00176435 seconds)
  - Sorting started...
  - Sorting completed (0.0593013 seconds)
  - Scanning for duplicates started...
    - repeat of 136999599 found
    - repeat of 479635999 found
    - repeat of 544411458 found
    - repeat of 804665151 found
    - repeat of 1108347437 found
    - repeat of 1399259736 found
    - repeat of 1593771387 found
    - repeat of 1694613501 found
    - repeat of 1867756733 found
    - repeat of 1971207621 found
    - repeat of 2082236985 found
    - repeat of 2101372134 found
    - repeat of 2260955776 found
    - repeat of 2539030632 found
    - repeat of 2638690839 found
    - repeat of 2869175630 found
    - repeat of 3272358658 found
    - repeat of 3371246581 found
    - repeat of 3513068190 found
    - repeat of 3570545410 found
    - repeat of 3603969265 found
    - repeat of 4169379509 found
  - Scanning for duplicates completed (0.000516445 seconds)
- Testing for repeats completed (0.0615991 seconds)
---
22 repeats, p-value = 1 - 0.279396

Memory usage summary: heap total: 1730652, heap peak: 1730652, stack peak: 5568
         total calls   total memory   failed calls
 malloc|          2        1730652              0
realloc|          0              0              0  (nomove:0, dec:0, free:0)
 calloc|          0              0              0
   free|          0              0
Histogram for block sizes:
   large              2 100% ==================================================
