Testing xoroshiro64star32
	0..4294967295 is range of generator
	414487 outputs to scan for duplicates [6.32456*sqrt(range)]
	20.0001 duplicates expected on average
	2.06097e-09 is probability of zero duplicates
	0x330abf7b is seed for this run
---
- Testing for repeats started...
  - Allocating memory started...
    - allocated array of size 414487.
  - Allocating memory completed (6.369e-06 seconds)
  - Storing PRNG output started...
  - Storing PRNG output completed (0.00183184 seconds)
  - Sorting started...
  - Sorting completed (0.0367892 seconds)
  - Scanning for duplicates started...
    - repeat of 156584104 found
    - repeat of 498856545 found
    - repeat of 665038845 found
    - repeat of 684261973 found
    - repeat of 690453691 found
    - repeat of 866278423 found
    - repeat of 1175394837 found
    - repeat of 1437410855 found
    - repeat of 1640580613 found
    - repeat of 1740972011 found
    - repeat of 1979653956 found
    - repeat of 2084365852 found
    - repeat of 2388460885 found
    - repeat of 2616693619 found
    - repeat of 2818154010 found
    - repeat of 2847561006 found
    - repeat of 2989405011 found
    - repeat of 3002162454 found
    - repeat of 3362482346 found
    - repeat of 3363873344 found
    - repeat of 3427207308 found
    - repeat of 3485768722 found
    - repeat of 3767579753 found
    - repeat of 4257683730 found
  - Scanning for duplicates completed (0.000351138 seconds)
- Testing for repeats completed (0.0389952 seconds)
---
24 repeats, p-value = 1 - 0.156778

Memory usage summary: heap total: 1730652, heap peak: 1730652, stack peak: 5568
         total calls   total memory   failed calls
 malloc|          2        1730652              0
realloc|          0              0              0  (nomove:0, dec:0, free:0)
 calloc|          0              0              0
   free|          0              0
Histogram for block sizes:
   large              2 100% ==================================================
