Testing sfc32
	0..4294967295 is range of generator
	198893 outputs to scan for duplicates [3.03485*sqrt(range)]
	4.60521 duplicates expected on average
	0.00999963 is probability of zero duplicates
	0x175461c is seed for this run
---
- Testing for repeats started...
  - Allocating memory started...
    - allocated hash table of reserved for 198893 elements
  - Allocating memory completed (0.00138227 seconds)
  - Checking PRNG output started...
    - repeat of 2753505491 found, step 57687
    - repeat of 1696329753 found, step 76973
    - repeat of 3328991661 found, step 83412
    - repeat of 3408042115 found, step 148639
    - repeat of 1868135941 found, step 164001
    - repeat of 4110696341 found, step 182141
  - Checking PRNG output completed (0.0423762 seconds)
- Testing for repeats completed (0.0437802 seconds)
---
6 repeats, p-value = 1 - 0.18266

Memory usage summary: heap total: 4874168, heap peak: 4874168, stack peak: 5648
         total calls   total memory   failed calls
 malloc|     198889        4874168              0
realloc|          0              0              0  (nomove:0, dec:0, free:0)
 calloc|          0              0              0
   free|     198888        4801464
Histogram for block sizes:
   16-31         198887  99% ==================================================
   large              2  <1% 
