Testing xoroshiro64starstar32
	0..4294967295 is range of generator
	414487 outputs to scan for duplicates [6.32456*sqrt(range)]
	20.0001 duplicates expected on average
	2.06097e-09 is probability of zero duplicates
	0x33d8ff18 is seed for this run
---
- Testing for repeats started...
  - Allocating memory started...
    - allocated array of size 414487.
  - Allocating memory completed (5.836e-06 seconds)
  - Storing PRNG output started...
  - Storing PRNG output completed (0.00185475 seconds)
  - Sorting started...
  - Sorting completed (0.0403718 seconds)
  - Scanning for duplicates started...
    - repeat of 529548724 found
    - repeat of 593507143 found
    - repeat of 654255964 found
    - repeat of 698701896 found
    - repeat of 743006293 found
    - repeat of 1022477729 found
    - repeat of 1073208048 found
    - repeat of 1221210856 found
    - repeat of 1255462972 found
    - repeat of 1623871682 found
    - repeat of 1628717735 found
    - repeat of 1635874820 found
    - repeat of 1686278381 found
    - repeat of 1704454867 found
    - repeat of 2070146310 found
    - repeat of 2341601315 found
    - repeat of 2398332119 found
    - repeat of 2539314719 found
    - repeat of 2780721119 found
    - repeat of 3174130107 found
    - repeat of 3182381394 found
    - repeat of 3909327389 found
    - repeat of 4007361712 found
    - repeat of 4204354975 found
  - Scanning for duplicates completed (0.000401677 seconds)
- Testing for repeats completed (0.0426543 seconds)
---
24 repeats, p-value = 1 - 0.156778

Memory usage summary: heap total: 1730652, heap peak: 1730652, stack peak: 5568
         total calls   total memory   failed calls
 malloc|          2        1730652              0
realloc|          0              0              0  (nomove:0, dec:0, free:0)
 calloc|          0              0              0
   free|          0              0
Histogram for block sizes:
   large              2 100% ==================================================
