Testing pcg32
	0..4294967295 is range of generator
	414487 outputs to scan for duplicates [6.32456*sqrt(range)]
	20.0001 duplicates expected on average
	2.06097e-09 is probability of zero duplicates
	0xa0523e2e is seed for this run
---
- Testing for repeats started...
  - Allocating memory started...
    - allocated array of size 414487.
  - Allocating memory completed (8.98e-06 seconds)
  - Storing PRNG output started...
  - Storing PRNG output completed (0.0027625 seconds)
  - Sorting started...
  - Sorting completed (0.0586226 seconds)
  - Scanning for duplicates started...
    - repeat of 120541313 found
    - repeat of 153375576 found
    - repeat of 173494450 found
    - repeat of 292040740 found
    - repeat of 533167034 found
    - repeat of 1156201042 found
    - repeat of 1165382157 found
    - repeat of 1190347608 found
    - repeat of 1429828442 found
    - repeat of 2001800058 found
    - repeat of 2503809914 found
    - repeat of 2750196518 found
    - repeat of 3019651718 found
    - repeat of 3386213532 found
    - repeat of 3455288817 found
    - repeat of 3460949649 found
    - repeat of 3496929811 found
    - repeat of 3518840684 found
    - repeat of 3552190953 found
    - repeat of 3871444125 found
    - repeat of 4011935623 found
    - repeat of 4074703161 found
    - repeat of 4100597089 found
  - Scanning for duplicates completed (0.000498759 seconds)
- Testing for repeats completed (0.0619151 seconds)
---
23 repeats, p-value = 1 - 0.212513

Memory usage summary: heap total: 1730652, heap peak: 1730652, stack peak: 5568
         total calls   total memory   failed calls
 malloc|          2        1730652              0
realloc|          0              0              0  (nomove:0, dec:0, free:0)
 calloc|          0              0              0
   free|          0              0
Histogram for block sizes:
   large              2 100% ==================================================
