Testing xorshift64star32a
	0..4294967295 is range of generator
	414487 outputs to scan for duplicates [6.32456*sqrt(range)]
	19.9994 duplicates expected on average
	2.06239e-09 is probability of zero duplicates
	0xe975e67f is seed for this run
---
- Testing for repeats started...
  - Allocating memory started...
    - allocated array of size 414487.
  - Allocating memory completed (6.345e-06 seconds)
  - Storing PRNG output started...
  - Storing PRNG output completed (0.00249055 seconds)
  - Sorting started...
  - Sorting completed (0.0605767 seconds)
  - Scanning for duplicates started...
    - repeat of 379207925 found
    - repeat of 379701843 found
    - repeat of 496378107 found
    - repeat of 837514043 found
    - repeat of 1411476008 found
    - repeat of 1451661732 found
    - repeat of 1605805230 found
    - repeat of 1939989898 found
    - repeat of 2344246790 found
    - repeat of 2551532971 found
    - repeat of 2675294319 found
    - repeat of 3040972698 found
    - repeat of 3209986357 found
    - repeat of 3458742941 found
    - repeat of 3754858149 found
    - repeat of 3801743620 found
    - repeat of 3872997444 found
    - repeat of 3997754195 found
    - repeat of 4006895163 found
    - repeat of 4022879993 found
  - Scanning for duplicates completed (0.00049851 seconds)
- Testing for repeats completed (0.0635908 seconds)
---
20 repeats, p-value = 1 - 0.440854

Memory usage summary: heap total: 1730652, heap peak: 1730652, stack peak: 5568
         total calls   total memory   failed calls
 malloc|          2        1730652              0
realloc|          0              0              0  (nomove:0, dec:0, free:0)
 calloc|          0              0              0
   free|          0              0
Histogram for block sizes:
   large              2 100% ==================================================
