Testing jsf32
	0..4294967295 is range of generator
	414487 outputs to scan for duplicates [6.32456*sqrt(range)]
	20.0001 duplicates expected on average
	2.06097e-09 is probability of zero duplicates
	0x848c3807 is seed for this run
---
- Testing for repeats started...
  - Allocating memory started...
    - allocated array of size 414487.
  - Allocating memory completed (8.64e-06 seconds)
  - Storing PRNG output started...
  - Storing PRNG output completed (0.00225398 seconds)
  - Sorting started...
  - Sorting completed (0.0593774 seconds)
  - Scanning for duplicates started...
    - repeat of 416427889 found
    - repeat of 684444879 found
    - repeat of 1384022367 found
    - repeat of 2725395550 found
    - repeat of 2745005171 found
    - repeat of 2908064217 found
    - repeat of 3536445253 found
    - repeat of 3550202051 found
    - repeat of 3771334953 found
    - repeat of 4214154705 found
  - Scanning for duplicates completed (0.000511361 seconds)
- Testing for repeats completed (0.0621693 seconds)
---
10 repeats, p-value = 0.0108112

Memory usage summary: heap total: 1730652, heap peak: 1730652, stack peak: 5568
         total calls   total memory   failed calls
 malloc|          2        1730652              0
realloc|          0              0              0  (nomove:0, dec:0, free:0)
 calloc|          0              0              0
   free|          0              0
Histogram for block sizes:
   large              2 100% ==================================================
