- bump_allocator_static< std::__detail::_Hash_node<unsigned int, false> > (item size = 16) at 0x6042f0 created!
- bump_allocator_static< std::__detail::_Hash_node_base* > (item size = 8) at 0x604330 created!
- mempool at 0x6042b8 allocated new chunk at 0x7f1bcdebb020
- mempool at 0x6042b8 deallocated chunk at 0x7f1bcdebb020
Testing xorshift64star32a
	0..4294967295 is range of generator
	198893 outputs to scan for duplicates [3.03485*sqrt(range)]
	4.60511 duplicates expected on average
	0.0100006 is probability of zero duplicates
	0x9856be90 is seed for this run
---
- Testing for repeats started...
  - Allocating memory started...
    - allocated hash table of reserved for 198893 elements
  - Allocating memory completed (0.00178623 seconds)
  - Checking PRNG output started...
    - repeat of 373804062 found, step 93891
    - repeat of 381838618 found, step 117502
    - repeat of 2293501110 found, step 133982
    - repeat of 3911997620 found, step 182968
    - repeat of 4262798709 found, step 191489
    - repeat of 2894139558 found, step 193173
  - Checking PRNG output completed (0.0194549 seconds)
- Testing for repeats completed (0.021254 seconds)
---
6 repeats, p-value = 1 - 0.182648
- bump_allocator_static< std::__detail::_Hash_node_base* > at 0x604330 destroyed!
 - total_allocations_  = 1
 - active_allocations_ = 0
 - high_allocations_   = 1
 - total_mem_  = 1619272
 - active_mem_ = 0
 - high_mem_   = 1619272
- bump_allocator_static< std::__detail::_Hash_node<unsigned int, false> > at 0x6042f0 destroyed!
 - total_allocations_  = 198887
 - active_allocations_ = 0
 - high_allocations_   = 198887
 - total_mem_  = 3182192
 - active_mem_ = 0
 - high_mem_   = 3182192

Memory usage summary: heap total: 1073815760, heap peak: 1073815568, stack peak: 2816
         total calls   total memory   failed calls
 malloc|          5     1073815568              0
realloc|          4            192              0  (nomove:0, dec:0, free:0)
 calloc|          0              0              0
   free|          6     1073742032
Histogram for block sizes:
   16-31              1  11% =========================
   32-47              2  22% ==================================================
   64-79              2  22% ==================================================
  512-527             2  22% ==================================================
   large              2  22% ==================================================
