Testing sfc32
	0..4294967295 is range of generator
	414487 outputs to scan for duplicates [6.32456*sqrt(range)]
	20.0001 duplicates expected on average
	2.06097e-09 is probability of zero duplicates
	0xcffcf6ec is seed for this run
---
- Testing for repeats started...
  - Allocating memory started...
    - allocated 256 buckets of capacity 2023
    - allocated 256 bucket counters
  - Allocating memory completed (1.9653e-05 seconds)
  - Storing PRNG output started...
  - Storing PRNG output completed (0.00350748 seconds)
  - Sorting started...
  - Sorting completed (0.0371536 seconds)
  - Scanning for duplicates started...
    - repeat of 2896813603 found
    - repeat of 4050204202 found
    - repeat of 667278147 found
    - repeat of 3643709794 found
    - repeat of 789295974 found
    - repeat of 1004727147 found
    - repeat of 2885978219 found
    - repeat of 470381944 found
    - repeat of 2128522881 found
    - repeat of 56287639 found
    - repeat of 2011522199 found
    - repeat of 1813440169 found
    - repeat of 2353316785 found
    - repeat of 3289194174 found
    - repeat of 2608680896 found
    - repeat of 2948304 found
    - repeat of 3595209947 found
    - repeat of 2031080943 found
    - repeat of 3146388979 found
    - repeat of 2369362420 found
    - repeat of 3379714552 found
    - repeat of 960027901 found
  - Scanning for duplicates completed (0.000606256 seconds)
- Testing for repeats completed (0.041312 seconds)
---
22 repeats, p-value = 1 - 0.279396

Memory usage summary: heap total: 2145280, heap peak: 2145280, stack peak: 5616
         total calls   total memory   failed calls
 malloc|          3        2145280              0
realloc|          0              0              0  (nomove:0, dec:0, free:0)
 calloc|          0              0              0
   free|          0              0
Histogram for block sizes:
 1024-1039            1  33% =========================
   large              2  66% ==================================================
