Testing pcg32_fast
	0..4294967295 is range of generator
	414487 outputs to scan for duplicates [6.32456*sqrt(range)]
	20.0001 duplicates expected on average
	2.06097e-09 is probability of zero duplicates
	0xb5683b72 is seed for this run
---
- Testing for repeats started...
  - Allocating memory started...
    - allocated 256 buckets of capacity 2023
    - allocated 256 bucket counters
  - Allocating memory completed (1.7677e-05 seconds)
  - Storing PRNG output started...
  - Storing PRNG output completed (0.00316938 seconds)
  - Sorting started...
  - Sorting completed (0.0376723 seconds)
  - Scanning for duplicates started...
    - repeat of 2083835393 found
    - repeat of 2404876313 found
    - repeat of 1008682037 found
    - repeat of 3334585399 found
    - repeat of 329572417 found
    - repeat of 3417324865 found
    - repeat of 615344461 found
    - repeat of 1443277658 found
    - repeat of 2629211486 found
    - repeat of 2506335079 found
    - repeat of 2189656196 found
    - repeat of 3775446408 found
    - repeat of 1038797717 found
    - repeat of 1739021980 found
    - repeat of 491549868 found
    - repeat of 3636347823 found
    - repeat of 340428465 found
    - repeat of 3184968884 found
    - repeat of 730993852 found
    - repeat of 1790940861 found
    - repeat of 4011727299 found
    - repeat of 1231850438 found
    - repeat of 513515730 found
    - repeat of 1728735445 found
    - repeat of 1029837790 found
  - Scanning for duplicates completed (0.000569064 seconds)
- Testing for repeats completed (0.0414432 seconds)
---
25 repeats, p-value = 1 - 0.112189

Memory usage summary: heap total: 2145280, heap peak: 2145280, stack peak: 5616
         total calls   total memory   failed calls
 malloc|          3        2145280              0
realloc|          0              0              0  (nomove:0, dec:0, free:0)
 calloc|          0              0              0
   free|          0              0
Histogram for block sizes:
 1024-1039            1  33% =========================
   large              2  66% ==================================================
