Testing pcg32_fast
	0..4294967295 is range of generator
	414487 outputs to scan for duplicates [6.32456*sqrt(range)]
	20.0001 duplicates expected on average
	2.06097e-09 is probability of zero duplicates
	0x2e2d7e94 is seed for this run
---
- Testing for repeats started...
  - Allocating memory started...
    - allocated bloomish filter with 32768 64-bit elements (3 bits/entry)
    - allocated possible-match log with 16384 32-bit elements
  - Allocating memory completed (1.6654e-05 seconds)
  - Phase 1, Gathering repeat candidates started...
    - 15374 repeat candidates found
  - Phase 1, Gathering repeat candidates completed (0.0100801 seconds)
  - Reallocating memory started...
    - Deallocated bloomish filter
    - Allocated hash table of the same size
  - Reallocating memory completed (0.000138201 seconds)
  - Phase 2, Storing candidates in hash table started...
  - Phase 2, Storing candidates in hash table completed (0.000254488 seconds)
  - Phase 3, Testing candidates started...
    - repeat of 3510171477 found, step 48145
    - repeat of 706548368 found, step 73377
    - repeat of 3445783425 found, step 99784
    - repeat of 3720631398 found, step 157551
    - repeat of 2006309342 found, step 165846
    - repeat of 4238055623 found, step 177452
    - repeat of 4177726888 found, step 179810
    - repeat of 1789666232 found, step 184280
    - repeat of 181923903 found, step 193797
    - repeat of 1935100155 found, step 194088
    - repeat of 1358632393 found, step 252952
    - repeat of 1194648380 found, step 271403
    - repeat of 1933154255 found, step 291611
    - repeat of 1288789024 found, step 306417
    - repeat of 2437125269 found, step 346904
    - repeat of 3861358783 found, step 380211
    - repeat of 4294267277 found, step 388977
    - repeat of 1245186755 found, step 392179
    - repeat of 3870619453 found, step 392351
    - repeat of 776341192 found, step 400055
    - repeat of 2767760806 found, step 409361
    - repeat of 853845570 found, step 412785
    - repeat of 306255562 found, step 413713
  - Phase 3, Testing candidates completed (0.0116958 seconds)
- Testing for repeats completed (0.0222117 seconds)
---
23 repeats, p-value = 1 - 0.212513

Memory usage summary: heap total: 564225, heap peak: 400384, stack peak: 5664
         total calls   total memory   failed calls
 malloc|          5         564225              0
realloc|          0              0              0  (nomove:0, dec:0, free:0)
 calloc|          0              0              0
   free|          4         491521
Histogram for block sizes:
32768-32783           1  20% ============
   large              4  80% ==================================================
