- bump_allocator_static< std::__detail::_Hash_node<unsigned int, false> > (item size = 16) at 0x6042d0 created!
- bump_allocator_static< std::__detail::_Hash_node_base* > (item size = 8) at 0x604310 created!
- mempool at 0x604298 allocated new chunk at 0x7fd9691a8020
- mempool at 0x604298 deallocated chunk at 0x7fd9691a8020
Testing pcg32_fast
	0..4294967295 is range of generator
	414487 outputs to scan for duplicates [6.32456*sqrt(range)]
	20.0001 duplicates expected on average
	2.06097e-09 is probability of zero duplicates
	0xec269c73 is seed for this run
---
- Testing for repeats started...
  - Allocating memory started...
    - allocated hash table of reserved for 414487 elements
  - Allocating memory completed (0.000730036 seconds)
  - Checking PRNG output started...
    - repeat of 2868982356 found, step 97158
    - repeat of 980622959 found, step 167769
    - repeat of 653305077 found, step 177420
    - repeat of 1824780444 found, step 209893
    - repeat of 3720607247 found, step 211879
    - repeat of 2017552403 found, step 229207
    - repeat of 3787419592 found, step 231836
    - repeat of 1174061520 found, step 239262
    - repeat of 220081730 found, step 266658
    - repeat of 3868717575 found, step 298858
    - repeat of 214802637 found, step 312728
    - repeat of 3673877936 found, step 315999
    - repeat of 444787112 found, step 316454
    - repeat of 856615426 found, step 348241
    - repeat of 3509401341 found, step 376413
    - repeat of 3447713288 found, step 409909
    - repeat of 282666433 found, step 411575
  - Checking PRNG output completed (0.0328459 seconds)
- Testing for repeats completed (0.0335887 seconds)
---
17 repeats, p-value = 0.297021
- bump_allocator_static< std::__detail::_Hash_node_base* > at 0x604310 destroyed!
 - total_allocations_  = 1
 - active_allocations_ = 0
 - high_allocations_   = 1
 - total_mem_  = 3555896
 - active_mem_ = 0
 - high_mem_   = 3555896
- bump_allocator_static< std::__detail::_Hash_node<unsigned int, false> > at 0x6042d0 destroyed!
 - total_allocations_  = 414470
 - active_allocations_ = 0
 - high_allocations_   = 414470
 - total_mem_  = 6631520
 - active_mem_ = 0
 - high_mem_   = 6631520

Memory usage summary: heap total: 1073815760, heap peak: 1073815568, stack peak: 2816
         total calls   total memory   failed calls
 malloc|          5     1073815568              0
realloc|          4            192              0  (nomove:0, dec:0, free:0)
 calloc|          0              0              0
   free|          6     1073742032
Histogram for block sizes:
   16-31              1  11% =========================
   32-47              2  22% ==================================================
   64-79              2  22% ==================================================
  512-527             2  22% ==================================================
   large              2  22% ==================================================
