Testing sfc64
	0..18446744073709551615 is range of generator
	13034599790 outputs to scan for duplicates [3.03485*sqrt(range)]
	4.60517 duplicates expected on average
	0.01 is probability of zero duplicates
	0xf8c09b9 is seed for this run
---
- Testing for repeats started...
  - Allocating memory started...
    - allocated array of size 13034599790.
  - Allocating memory completed (9.088e-06 seconds)
  - Storing PRNG output started...
  - Storing PRNG output completed (48.3559 seconds)
  - Sorting started...
  - Sorting completed (1980.44 seconds)
  - Scanning for duplicates started...
    - repeat of 5686290296725241534 found
    - repeat of 10682757668089218858 found
    - repeat of 13856177552742873660 found
    - repeat of 18008894487305726001 found
  - Scanning for duplicates completed (15.4596 seconds)
- Testing for repeats completed (2044.25 seconds)
---
4 repeats, p-value = 1 - 0.487735

Memory usage summary: heap total: 104276871024, heap peak: 104276871024, stack peak: 5600
         total calls   total memory   failed calls
 malloc|          2   104276871024              0
realloc|          0              0              0  (nomove:0, dec:0, free:0)
 calloc|          0              0              0
   free|          0              0
Histogram for block sizes:
   large              2 100% ==================================================
