Testing xorshift64star32a
	0..4294967295 is range of generator
	198893 outputs to scan for duplicates [3.03485*sqrt(range)]
	4.60511 duplicates expected on average
	0.0100006 is probability of zero duplicates
	0x561bddff is seed for this run
---
- Testing for repeats started...
  - Allocating memory started...
    - allocated bloomish filter with 16384 64-bit elements (3 bits/entry)
    - allocated possible-match log with 8192 32-bit elements
  - Allocating memory completed (2.8043e-05 seconds)
  - Phase 1, Gathering repeat candidates started...
    - 5653 repeat candidates found
  - Phase 1, Gathering repeat candidates completed (0.00515678 seconds)
  - Reallocating memory started...
    - Deallocated bloomish filter
    - Allocated hash table of the same size
  - Reallocating memory completed (2.4277e-05 seconds)
  - Phase 2, Storing candidates in hash table started...
  - Phase 2, Storing candidates in hash table completed (9.3587e-05 seconds)
  - Phase 3, Testing candidates started...
    - repeat of 3139211551 found, step 93713
    - repeat of 774615483 found, step 98907
    - repeat of 785022137 found, step 116003
    - repeat of 3205291610 found, step 126120
    - repeat of 2632980666 found, step 150227
    - repeat of 2634855878 found, step 174229
    - repeat of 728760246 found, step 177541
  - Phase 3, Testing candidates completed (0.00517512 seconds)
- Testing for repeats completed (0.0105049 seconds)
---
7 repeats, p-value = 1 - 0.0954959

Memory usage summary: heap total: 318465, heap peak: 236544, stack peak: 5664
         total calls   total memory   failed calls
 malloc|          5         318465              0
realloc|          0              0              0  (nomove:0, dec:0, free:0)
 calloc|          0              0              0
   free|          4         245761
Histogram for block sizes:
16384-16399           1  20% ================
32768-32783           1  20% ================
   large              3  60% ==================================================
