Testing xoroshiro64star32
	0..4294967295 is range of generator
	414487 outputs to scan for duplicates [6.32456*sqrt(range)]
	20.0001 duplicates expected on average
	2.06097e-09 is probability of zero duplicates
	0x49dd8035 is seed for this run
---
- Testing for repeats started...
  - Allocating memory started...
    - allocated hash table of reserved for 414487 elements
  - Allocating memory completed (0.0025334 seconds)
  - Checking PRNG output started...
    - repeat of 3535794563 found, step 74294
    - repeat of 877166128 found, step 173194
    - repeat of 3943611532 found, step 252713
    - repeat of 1612634801 found, step 257642
    - repeat of 2352742628 found, step 261500
    - repeat of 2488623351 found, step 267744
    - repeat of 2593746721 found, step 308337
    - repeat of 2479196894 found, step 323423
    - repeat of 3683429086 found, step 379786
    - repeat of 3545724858 found, step 388328
    - repeat of 50300464 found, step 392132
    - repeat of 795871762 found, step 393294
    - repeat of 4284275603 found, step 395913
    - repeat of 4256384495 found, step 399522
    - repeat of 1194646226 found, step 404274
    - repeat of 1488969289 found, step 409059
    - repeat of 177939448 found, step 413475
  - Checking PRNG output completed (0.0757474 seconds)
- Testing for repeats completed (0.0782925 seconds)
---
17 repeats, p-value = 0.297021

Memory usage summary: heap total: 10260120, heap peak: 10260120, stack peak: 5648
         total calls   total memory   failed calls
 malloc|     414472       10260120              0
realloc|          0              0              0  (nomove:0, dec:0, free:0)
 calloc|          0              0              0
   free|     414471       10187416
Histogram for block sizes:
   16-31         414470  99% ==================================================
   large              2  <1% 
