Testing sfc32
	0..4294967295 is range of generator
	414487 outputs to scan for duplicates [6.32456*sqrt(range)]
	20.0001 duplicates expected on average
	2.06097e-09 is probability of zero duplicates
	0x6cc574c4 is seed for this run
---
- Testing for repeats started...
  - Allocating memory started...
    - allocated bloomish filter with 32768 64-bit elements (3 bits/entry)
    - allocated possible-match log with 16384 32-bit elements
  - Allocating memory completed (1.1979e-05 seconds)
  - Phase 1, Gathering repeat candidates started...
    - 15144 repeat candidates found
  - Phase 1, Gathering repeat candidates completed (0.00746549 seconds)
  - Reallocating memory started...
    - Deallocated bloomish filter
    - Allocated hash table of the same size
  - Reallocating memory completed (0.000110928 seconds)
  - Phase 2, Storing candidates in hash table started...
  - Phase 2, Storing candidates in hash table completed (0.000197231 seconds)
  - Phase 3, Testing candidates started...
    - repeat of 1697639399 found, step 47674
    - repeat of 1367111444 found, step 121132
    - repeat of 1401816099 found, step 122479
    - repeat of 74338161 found, step 173839
    - repeat of 461154144 found, step 178037
    - repeat of 3898702357 found, step 210932
    - repeat of 4125567714 found, step 261781
    - repeat of 2048016048 found, step 267747
    - repeat of 3109518408 found, step 285619
    - repeat of 858509880 found, step 337174
    - repeat of 1656376302 found, step 339585
    - repeat of 1591088863 found, step 355856
    - repeat of 2157183347 found, step 364539
    - repeat of 1718715237 found, step 365419
    - repeat of 2474350457 found, step 391875
    - repeat of 2559262999 found, step 400628
    - repeat of 3508714872 found, step 404181
  - Phase 3, Testing candidates completed (0.00898535 seconds)
- Testing for repeats completed (0.0167927 seconds)
---
17 repeats, p-value = 0.297021

Memory usage summary: heap total: 564225, heap peak: 400384, stack peak: 5696
         total calls   total memory   failed calls
 malloc|          5         564225              0
realloc|          0              0              0  (nomove:0, dec:0, free:0)
 calloc|          0              0              0
   free|          4         491521
Histogram for block sizes:
32768-32783           1  20% ============
   large              4  80% ==================================================
