Testing gjrand32
	0..4294967295 is range of generator
	414487 outputs to scan for duplicates [6.32456*sqrt(range)]
	20.0001 duplicates expected on average
	2.06097e-09 is probability of zero duplicates
	0x44cf2f8c is seed for this run
---
- Testing for repeats started...
  - Allocating memory started...
    - allocated array of size 414487.
  - Allocating memory completed (8.969e-06 seconds)
  - Storing PRNG output started...
  - Storing PRNG output completed (0.0041481 seconds)
  - Sorting started...
  - Sorting completed (0.0376551 seconds)
  - Scanning for duplicates started...
    - repeat of 522379645 found
    - repeat of 718278668 found
    - repeat of 1103968594 found
    - repeat of 1728516756 found
    - repeat of 1772626446 found
    - repeat of 1795842019 found
    - repeat of 1945939753 found
    - repeat of 1996592167 found
    - repeat of 2077792688 found
    - repeat of 2178642379 found
    - repeat of 2240557575 found
    - repeat of 2500792654 found
    - repeat of 2594109512 found
    - repeat of 2655861908 found
    - repeat of 2730345807 found
    - repeat of 2748476190 found
    - repeat of 3105172243 found
    - repeat of 3117036485 found
    - repeat of 3239440828 found
    - repeat of 3473330758 found
    - repeat of 3573336403 found
    - repeat of 3611647448 found
    - repeat of 3891945255 found
    - repeat of 3899473375 found
    - repeat of 3921689992 found
    - repeat of 3976629922 found
    - repeat of 4129077835 found
    - repeat of 4266364849 found
  - Scanning for duplicates completed (0.000351608 seconds)
- Testing for repeats completed (0.042184 seconds)
---
28 repeats, p-value = 1 - 0.0343352

Memory usage summary: heap total: 1730652, heap peak: 1730652, stack peak: 5600
         total calls   total memory   failed calls
 malloc|          2        1730652              0
realloc|          0              0              0  (nomove:0, dec:0, free:0)
 calloc|          0              0              0
   free|          0              0
Histogram for block sizes:
   large              2 100% ==================================================
