Testing gjrand32
	0..4294967295 is range of generator
	414487 outputs to scan for duplicates [6.32456*sqrt(range)]
	20.0001 duplicates expected on average
	2.06097e-09 is probability of zero duplicates
	0x401d80c6 is seed for this run
---
- Testing for repeats started...
  - Allocating memory started...
    - allocated bloomish filter with 32768 64-bit elements (3 bits/entry)
    - allocated possible-match log with 16384 32-bit elements
  - Allocating memory completed (1.5951e-05 seconds)
  - Phase 1, Gathering repeat candidates started...
    - 15225 repeat candidates found
  - Phase 1, Gathering repeat candidates completed (0.00970379 seconds)
  - Reallocating memory started...
    - Deallocated bloomish filter
    - Allocated hash table of the same size
  - Reallocating memory completed (0.000133161 seconds)
  - Phase 2, Storing candidates in hash table started...
  - Phase 2, Storing candidates in hash table completed (0.000239917 seconds)
  - Phase 3, Testing candidates started...
    - repeat of 211146879 found, step 213036
    - repeat of 2910125062 found, step 219341
    - repeat of 878713254 found, step 246282
    - repeat of 996276707 found, step 251323
    - repeat of 1364894302 found, step 259182
    - repeat of 3275937783 found, step 262228
    - repeat of 3391738003 found, step 284786
    - repeat of 45833408 found, step 285506
    - repeat of 2394443638 found, step 304969
    - repeat of 1441867015 found, step 345463
    - repeat of 2244425289 found, step 350053
    - repeat of 86972577 found, step 354450
    - repeat of 2615869908 found, step 354940
    - repeat of 1728708007 found, step 364913
    - repeat of 3213203189 found, step 390933
    - repeat of 2645087433 found, step 399868
    - repeat of 4180608760 found, step 408973
  - Phase 3, Testing candidates completed (0.0109143 seconds)
- Testing for repeats completed (0.0210389 seconds)
---
17 repeats, p-value = 0.297021

Memory usage summary: heap total: 564225, heap peak: 400384, stack peak: 5712
         total calls   total memory   failed calls
 malloc|          5         564225              0
realloc|          0              0              0  (nomove:0, dec:0, free:0)
 calloc|          0              0              0
   free|          4         491521
Histogram for block sizes:
32768-32783           1  20% ============
   large              4  80% ==================================================
