Testing jsf32
	0..4294967295 is range of generator
	414487 outputs to scan for duplicates [6.32456*sqrt(range)]
	20.0001 duplicates expected on average
	2.06097e-09 is probability of zero duplicates
	0x810c3f62 is seed for this run
---
- Testing for repeats started...
  - Allocating memory started...
    - allocated bloomish filter with 32768 64-bit elements (3 bits/entry)
    - allocated possible-match log with 16384 32-bit elements
  - Allocating memory completed (1.9953e-05 seconds)
  - Phase 1, Gathering repeat candidates started...
    - 15365 repeat candidates found
  - Phase 1, Gathering repeat candidates completed (0.0101331 seconds)
  - Reallocating memory started...
    - Deallocated bloomish filter
    - Allocated hash table of the same size
  - Reallocating memory completed (0.000152338 seconds)
  - Phase 2, Storing candidates in hash table started...
  - Phase 2, Storing candidates in hash table completed (0.000279433 seconds)
  - Phase 3, Testing candidates started...
    - repeat of 1652670238 found, step 55909
    - repeat of 3152854775 found, step 92674
    - repeat of 98836037 found, step 98350
    - repeat of 2055610240 found, step 105220
    - repeat of 3846632835 found, step 203087
    - repeat of 3528811033 found, step 220300
    - repeat of 2995315998 found, step 222831
    - repeat of 922098390 found, step 245018
    - repeat of 1170065398 found, step 248694
    - repeat of 2463621047 found, step 263432
    - repeat of 1935801342 found, step 294141
    - repeat of 800973031 found, step 298390
    - repeat of 660987900 found, step 300013
    - repeat of 1396243777 found, step 333879
    - repeat of 139115344 found, step 341080
    - repeat of 1860580461 found, step 350635
    - repeat of 2754578846 found, step 367071
    - repeat of 1563960905 found, step 382184
    - repeat of 1243871068 found, step 386902
    - repeat of 1761238490 found, step 405185
  - Phase 3, Testing candidates completed (0.0124588 seconds)
- Testing for repeats completed (0.0230709 seconds)
---
20 repeats, p-value = 1 - 0.440915

Memory usage summary: heap total: 564225, heap peak: 400384, stack peak: 5712
         total calls   total memory   failed calls
 malloc|          5         564225              0
realloc|          0              0              0  (nomove:0, dec:0, free:0)
 calloc|          0              0              0
   free|          4         491521
Histogram for block sizes:
32768-32783           1  20% ============
   large              4  80% ==================================================
