Testing xorshift64star32a
	0..4294967295 is range of generator
	414487 outputs to scan for duplicates [6.32456*sqrt(range)]
	19.9994 duplicates expected on average
	2.06239e-09 is probability of zero duplicates
	0xed22c913 is seed for this run
---
- Testing for repeats started...
  - Allocating memory started...
    - allocated 256 buckets of capacity 2023
    - allocated 256 bucket counters
  - Allocating memory completed (1.0995e-05 seconds)
  - Storing PRNG output started...
  - Storing PRNG output completed (0.00292653 seconds)
  - Sorting started...
  - Sorting completed (0.0358525 seconds)
  - Scanning for duplicates started...
    - repeat of 638484992 found
    - repeat of 2125615150 found
    - repeat of 4190744369 found
    - repeat of 1530013503 found
    - repeat of 2498909247 found
    - repeat of 539996237 found
    - repeat of 3531992910 found
    - repeat of 1021255022 found
    - repeat of 2006710904 found
    - repeat of 2948857226 found
    - repeat of 2324927386 found
    - repeat of 4141153441 found
    - repeat of 1481487267 found
    - repeat of 4110758051 found
    - repeat of 4291069352 found
    - repeat of 2989276585 found
    - repeat of 3758298549 found
    - repeat of 1547657654 found
    - repeat of 4007725265 found
    - repeat of 2981075410 found
    - repeat of 2262863074 found
  - Scanning for duplicates completed (0.000567053 seconds)
- Testing for repeats completed (0.0393814 seconds)
---
21 repeats, p-value = 1 - 0.356252

Memory usage summary: heap total: 2145280, heap peak: 2145280, stack peak: 5616
         total calls   total memory   failed calls
 malloc|          3        2145280              0
realloc|          0              0              0  (nomove:0, dec:0, free:0)
 calloc|          0              0              0
   free|          0              0
Histogram for block sizes:
 1024-1039            1  33% =========================
   large              2  66% ==================================================
