Testing std::mt19937
	0..4294967295 is range of generator
	198893 outputs to scan for duplicates [3.03485*sqrt(range)]
	4.60521 duplicates expected on average
	0.00999963 is probability of zero duplicates
	0x967e2ec7 is seed for this run
---
- Testing for repeats started...
  - Allocating memory started...
    - allocated 256 buckets of capacity 971
    - allocated 256 bucket counters
  - Allocating memory completed (1.2237e-05 seconds)
  - Storing PRNG output started...
  - Storing PRNG output completed (0.00286153 seconds)
  - Sorting started...
  - Sorting completed (0.0135916 seconds)
  - Scanning for duplicates started...
    - repeat of 1514876942 found
    - repeat of 3040604953 found
    - repeat of 2509355076 found
    - repeat of 4100247412 found
    - repeat of 1197107071 found
    - repeat of 507566577 found
  - Scanning for duplicates completed (0.000286617 seconds)
- Testing for repeats completed (0.0167652 seconds)
---
6 repeats, p-value = 1 - 0.18266

Memory usage summary: heap total: 2063360, heap peak: 2063360, stack peak: 10576
         total calls   total memory   failed calls
 malloc|          3        2063360              0
realloc|          0              0              0  (nomove:0, dec:0, free:0)
 calloc|          0              0              0
   free|          0              0
Histogram for block sizes:
 2048-2063            1  33% =========================
   large              2  66% ==================================================
