Testing xoroshiro64plus32
	0..4294967295 is range of generator
	414487 outputs to scan for duplicates [6.32456*sqrt(range)]
	20.0001 duplicates expected on average
	2.06097e-09 is probability of zero duplicates
	0x83bf9d0e is seed for this run
---
- Testing for repeats started...
  - Allocating memory started...
    - allocated hash table of reserved for 414487 elements
  - Allocating memory completed (0.00260129 seconds)
  - Checking PRNG output started...
    - repeat of 2780229067 found, step 123778
    - repeat of 1448265923 found, step 123805
    - repeat of 2846541345 found, step 129030
    - repeat of 1415911018 found, step 139363
    - repeat of 3383762068 found, step 171045
    - repeat of 717299265 found, step 186209
    - repeat of 4006801130 found, step 186612
    - repeat of 3526862241 found, step 196365
    - repeat of 2598939939 found, step 247260
    - repeat of 3168434105 found, step 284277
    - repeat of 1821466867 found, step 298273
    - repeat of 1976880335 found, step 306345
    - repeat of 3551623922 found, step 328894
    - repeat of 3695668127 found, step 332261
    - repeat of 3480619757 found, step 340627
    - repeat of 4010245919 found, step 348309
    - repeat of 2561851199 found, step 353989
    - repeat of 435216253 found, step 357591
    - repeat of 959494111 found, step 370368
    - repeat of 4187363479 found, step 373106
    - repeat of 794469500 found, step 375532
    - repeat of 1702137629 found, step 381444
    - repeat of 3494072478 found, step 385986
    - repeat of 1401149726 found, step 400363
  - Checking PRNG output completed (0.0935048 seconds)
- Testing for repeats completed (0.0961237 seconds)
---
24 repeats, p-value = 1 - 0.156778

Memory usage summary: heap total: 10260008, heap peak: 10260008, stack peak: 5648
         total calls   total memory   failed calls
 malloc|     414465       10260008              0
realloc|          0              0              0  (nomove:0, dec:0, free:0)
 calloc|          0              0              0
   free|     414464       10187304
Histogram for block sizes:
   16-31         414463  99% ==================================================
   large              2  <1% 
