Testing sfc32
	0..4294967295 is range of generator
	414487 outputs to scan for duplicates [6.32456*sqrt(range)]
	20.0001 duplicates expected on average
	2.06097e-09 is probability of zero duplicates
	0x29145911 is seed for this run
---
- Testing for repeats started...
  - Allocating memory started...
    - allocated array of size 414487.
  - Allocating memory completed (7.483e-06 seconds)
  - Storing PRNG output started...
  - Storing PRNG output completed (0.00250127 seconds)
  - Sorting started...
  - Sorting completed (0.0469127 seconds)
  - Scanning for duplicates started...
    - repeat of 477674410 found
    - repeat of 516754344 found
    - repeat of 809230808 found
    - repeat of 847949936 found
    - repeat of 1219766085 found
    - repeat of 1445477552 found
    - repeat of 1464462414 found
    - repeat of 1545635332 found
    - repeat of 1692054970 found
    - repeat of 2106871902 found
    - repeat of 2125042773 found
    - repeat of 2265853399 found
    - repeat of 2397255439 found
    - repeat of 2709623537 found
    - repeat of 3361237864 found
    - repeat of 3387574620 found
    - repeat of 3413090783 found
    - repeat of 3437167291 found
    - repeat of 3927426402 found
    - repeat of 3961604160 found
    - repeat of 4179998803 found
  - Scanning for duplicates completed (0.000399869 seconds)
- Testing for repeats completed (0.0498323 seconds)
---
21 repeats, p-value = 1 - 0.35631

Memory usage summary: heap total: 1730652, heap peak: 1730652, stack peak: 5584
         total calls   total memory   failed calls
 malloc|          2        1730652              0
realloc|          0              0              0  (nomove:0, dec:0, free:0)
 calloc|          0              0              0
   free|          0              0
Histogram for block sizes:
   large              2 100% ==================================================
