Testing sfc32
	0..4294967295 is range of generator
	414487 outputs to scan for duplicates [6.32456*sqrt(range)]
	20.0001 duplicates expected on average
	2.06097e-09 is probability of zero duplicates
	0x68a960f9 is seed for this run
---
- Testing for repeats started...
  - Allocating memory started...
    - allocated hash table of reserved for 414487 elements
  - Allocating memory completed (0.00190849 seconds)
  - Checking PRNG output started...
    - repeat of 1231353931 found, step 73304
    - repeat of 1637132144 found, step 99039
    - repeat of 2853367470 found, step 111498
    - repeat of 3054431221 found, step 171349
    - repeat of 2185095676 found, step 177167
    - repeat of 4102496584 found, step 186493
    - repeat of 2080770595 found, step 202203
    - repeat of 3760917261 found, step 237838
    - repeat of 347542374 found, step 293309
    - repeat of 982220530 found, step 299796
    - repeat of 3289372489 found, step 316931
    - repeat of 782060484 found, step 336265
    - repeat of 1764387098 found, step 339613
    - repeat of 1337064608 found, step 350434
    - repeat of 3151889084 found, step 362938
    - repeat of 1813350435 found, step 364849
    - repeat of 3557809158 found, step 383157
    - repeat of 1617667869 found, step 383928
    - repeat of 2596445004 found, step 389830
  - Checking PRNG output completed (0.0936158 seconds)
- Testing for repeats completed (0.0955389 seconds)
---
19 repeats, p-value = 0.470249

Memory usage summary: heap total: 10260088, heap peak: 10260088, stack peak: 5648
         total calls   total memory   failed calls
 malloc|     414470       10260088              0
realloc|          0              0              0  (nomove:0, dec:0, free:0)
 calloc|          0              0              0
   free|     414469       10187384
Histogram for block sizes:
   16-31         414468  99% ==================================================
   large              2  <1% 
