Testing xoroshiro64plus32
	0..4294967295 is range of generator
	198893 outputs to scan for duplicates [3.03485*sqrt(range)]
	4.60521 duplicates expected on average
	0.00999963 is probability of zero duplicates
	0xe2c05b26 is seed for this run
---
- Testing for repeats started...
  - Allocating memory started...
    - allocated array of size 198893.
  - Allocating memory completed (5.87e-06 seconds)
  - Storing PRNG output started...
  - Storing PRNG output completed (0.0010564 seconds)
  - Sorting started...
  - Sorting completed (0.0292558 seconds)
  - Scanning for duplicates started...
    - repeat of 12646865 found
    - repeat of 311909243 found
    - repeat of 935627605 found
    - repeat of 2040980467 found
    - repeat of 2307403545 found
    - repeat of 3578650706 found
  - Scanning for duplicates completed (0.000288296 seconds)
- Testing for repeats completed (0.030627 seconds)
---
6 repeats, p-value = 1 - 0.18266

Memory usage summary: heap total: 868276, heap peak: 868276, stack peak: 5568
         total calls   total memory   failed calls
 malloc|          2         868276              0
realloc|          0              0              0  (nomove:0, dec:0, free:0)
 calloc|          0              0              0
   free|          0              0
Histogram for block sizes:
   large              2 100% ==================================================
