Testing xorshift64star32a
	0..4294967295 is range of generator
	198893 outputs to scan for duplicates [3.03485*sqrt(range)]
	4.60511 duplicates expected on average
	0.0100006 is probability of zero duplicates
	0x91ec03a2 is seed for this run
---
- Testing for repeats started...
  - Allocating memory started...
    - allocated hash table of reserved for 198893 elements
  - Allocating memory completed (0.00130681 seconds)
  - Checking PRNG output started...
    - repeat of 33716568 found, step 67698
    - repeat of 1980082836 found, step 73317
    - repeat of 673271332 found, step 119771
    - repeat of 315082337 found, step 126036
    - repeat of 1811941540 found, step 157510
    - repeat of 4260169684 found, step 191355
    - repeat of 3698795400 found, step 194897
  - Checking PRNG output completed (0.0353423 seconds)
- Testing for repeats completed (0.0366663 seconds)
---
7 repeats, p-value = 1 - 0.0954959

Memory usage summary: heap total: 4874152, heap peak: 4874152, stack peak: 5648
         total calls   total memory   failed calls
 malloc|     198888        4874152              0
realloc|          0              0              0  (nomove:0, dec:0, free:0)
 calloc|          0              0              0
   free|     198887        4801448
Histogram for block sizes:
   16-31         198886  99% ==================================================
   large              2  <1% 
