Testing xoroshiro64plus32
	0..4294967295 is range of generator
	414487 outputs to scan for duplicates [6.32456*sqrt(range)]
	20.0001 duplicates expected on average
	2.06097e-09 is probability of zero duplicates
	0x861b22ec is seed for this run
---
- Testing for repeats started...
  - Allocating memory started...
    - allocated hash table of reserved for 414487 elements
  - Allocating memory completed (0.00202917 seconds)
  - Checking PRNG output started...
    - repeat of 398676808 found, step 51953
    - repeat of 225503810 found, step 100576
    - repeat of 3944510712 found, step 108073
    - repeat of 154014401 found, step 113163
    - repeat of 3078671718 found, step 158792
    - repeat of 3649060726 found, step 175882
    - repeat of 3283357007 found, step 202737
    - repeat of 2986519288 found, step 207000
    - repeat of 3614119582 found, step 212756
    - repeat of 3035820518 found, step 232027
    - repeat of 2446432400 found, step 243790
    - repeat of 3067057306 found, step 277080
    - repeat of 1170964857 found, step 279276
    - repeat of 123564743 found, step 280552
    - repeat of 1706459233 found, step 287372
    - repeat of 1797172372 found, step 290854
    - repeat of 517562983 found, step 327407
    - repeat of 1949837553 found, step 338789
    - repeat of 4025736975 found, step 344402
    - repeat of 3289268068 found, step 358177
    - repeat of 1109737306 found, step 373132
    - repeat of 1571659938 found, step 378863
    - repeat of 1446543064 found, step 406381
  - Checking PRNG output completed (0.10493 seconds)
- Testing for repeats completed (0.106987 seconds)
---
23 repeats, p-value = 1 - 0.212513

Memory usage summary: heap total: 10260024, heap peak: 10260024, stack peak: 5648
         total calls   total memory   failed calls
 malloc|     414466       10260024              0
realloc|          0              0              0  (nomove:0, dec:0, free:0)
 calloc|          0              0              0
   free|     414465       10187320
Histogram for block sizes:
   16-31         414464  99% ==================================================
   large              2  <1% 
