- bump_allocator_static< std::__detail::_Hash_node<unsigned int, false> > (item size = 16) at 0x6042f0 created!
- bump_allocator_static< std::__detail::_Hash_node_base* > (item size = 8) at 0x604330 created!
- mempool at 0x6042b8 allocated new chunk at 0x7f476779d020
- mempool at 0x6042b8 deallocated chunk at 0x7f476779d020
Testing xorshift64star32a
	0..4294967295 is range of generator
	414487 outputs to scan for duplicates [6.32456*sqrt(range)]
	19.9994 duplicates expected on average
	2.06239e-09 is probability of zero duplicates
	0x7a4a7627 is seed for this run
---
- Testing for repeats started...
  - Allocating memory started...
    - allocated hash table of reserved for 414487 elements
  - Allocating memory completed (0.000745495 seconds)
  - Checking PRNG output started...
    - repeat of 1973751877 found, step 103466
    - repeat of 1754894663 found, step 161025
    - repeat of 39239854 found, step 165886
    - repeat of 3222282754 found, step 204325
    - repeat of 3310881075 found, step 205989
    - repeat of 1706380339 found, step 216593
    - repeat of 2690008653 found, step 224937
    - repeat of 1638410010 found, step 245734
    - repeat of 2634664458 found, step 266136
    - repeat of 2119337011 found, step 285794
    - repeat of 303896243 found, step 300255
    - repeat of 1477874957 found, step 326673
    - repeat of 671858429 found, step 349536
    - repeat of 1555370073 found, step 368893
    - repeat of 1694587749 found, step 371945
    - repeat of 3469045473 found, step 380341
    - repeat of 1626832711 found, step 386447
    - repeat of 402980016 found, step 391040
    - repeat of 163836234 found, step 392289
    - repeat of 4099725891 found, step 397947
    - repeat of 1088496563 found, step 403446
  - Checking PRNG output completed (0.0247631 seconds)
- Testing for repeats completed (0.0255225 seconds)
---
21 repeats, p-value = 1 - 0.356252
- bump_allocator_static< std::__detail::_Hash_node_base* > at 0x604330 destroyed!
 - total_allocations_  = 1
 - active_allocations_ = 0
 - high_allocations_   = 1
 - total_mem_  = 3555896
 - active_mem_ = 0
 - high_mem_   = 3555896
- bump_allocator_static< std::__detail::_Hash_node<unsigned int, false> > at 0x6042f0 destroyed!
 - total_allocations_  = 414466
 - active_allocations_ = 0
 - high_allocations_   = 414466
 - total_mem_  = 6631456
 - active_mem_ = 0
 - high_mem_   = 6631456

Memory usage summary: heap total: 1073815760, heap peak: 1073815568, stack peak: 2816
         total calls   total memory   failed calls
 malloc|          5     1073815568              0
realloc|          4            192              0  (nomove:0, dec:0, free:0)
 calloc|          0              0              0
   free|          6     1073742032
Histogram for block sizes:
   16-31              1  11% =========================
   32-47              2  22% ==================================================
   64-79              2  22% ==================================================
  512-527             2  22% ==================================================
   large              2  22% ==================================================
