Testing xorshift64star32a
	0..4294967295 is range of generator
	198893 outputs to scan for duplicates [3.03485*sqrt(range)]
	4.60511 duplicates expected on average
	0.0100006 is probability of zero duplicates
	0x10864903 is seed for this run
---
- Testing for repeats started...
  - Allocating memory started...
    - allocated hash table of reserved for 198893 elements
  - Allocating memory completed (0.00136059 seconds)
  - Checking PRNG output started...
    - repeat of 704890958 found, step 49316
    - repeat of 3079915051 found, step 93682
    - repeat of 2005856944 found, step 141694
  - Checking PRNG output completed (0.0426589 seconds)
- Testing for repeats completed (0.0440316 seconds)
---
3 repeats, p-value = 0.324873

Memory usage summary: heap total: 4874216, heap peak: 4874216, stack peak: 5648
         total calls   total memory   failed calls
 malloc|     198892        4874216              0
realloc|          0              0              0  (nomove:0, dec:0, free:0)
 calloc|          0              0              0
   free|     198891        4801512
Histogram for block sizes:
   16-31         198890  99% ==================================================
   large              2  <1% 
