Testing xorshift64star32a
	0..4294967295 is range of generator
	198893 outputs to scan for duplicates [3.03485*sqrt(range)]
	4.60511 duplicates expected on average
	0.0100006 is probability of zero duplicates
	0x738ed848 is seed for this run
---
- Testing for repeats started...
  - Allocating memory started...
    - allocated array of size 198893.
  - Allocating memory completed (8.45e-06 seconds)
  - Storing PRNG output started...
  - Storing PRNG output completed (0.00159139 seconds)
  - Sorting started...
  - Sorting completed (0.0299204 seconds)
  - Scanning for duplicates started...
    - repeat of 1208979954 found
    - repeat of 1389229558 found
    - repeat of 1628758338 found
    - repeat of 2177538853 found
    - repeat of 2373484265 found
  - Scanning for duplicates completed (0.000289666 seconds)
- Testing for repeats completed (0.0318237 seconds)
---
5 repeats, p-value = 1 - 0.315123

Memory usage summary: heap total: 868276, heap peak: 868276, stack peak: 5568
         total calls   total memory   failed calls
 malloc|          2         868276              0
realloc|          0              0              0  (nomove:0, dec:0, free:0)
 calloc|          0              0              0
   free|          0              0
Histogram for block sizes:
   large              2 100% ==================================================
