Testing std::mt19937
	0..4294967295 is range of generator
	414487 outputs to scan for duplicates [6.32456*sqrt(range)]
	20.0001 duplicates expected on average
	2.06097e-09 is probability of zero duplicates
	0x9d4464bd is seed for this run
---
- Testing for repeats started...
  - Allocating memory started...
    - allocated 256 buckets of capacity 2023
    - allocated 256 bucket counters
  - Allocating memory completed (1.4332e-05 seconds)
  - Storing PRNG output started...
  - Storing PRNG output completed (0.00484602 seconds)
  - Sorting started...
  - Sorting completed (0.0248912 seconds)
  - Scanning for duplicates started...
    - repeat of 902482192 found
    - repeat of 305149974 found
    - repeat of 3683899691 found
    - repeat of 1369095758 found
    - repeat of 4198613861 found
    - repeat of 451879530 found
    - repeat of 2465262702 found
    - repeat of 2676756109 found
    - repeat of 989396149 found
    - repeat of 416892348 found
    - repeat of 14459329 found
    - repeat of 3143829962 found
    - repeat of 1271425240 found
    - repeat of 1367718115 found
    - repeat of 2199094244 found
    - repeat of 1746171886 found
  - Scanning for duplicates completed (0.000408791 seconds)
- Testing for repeats completed (0.0301712 seconds)
---
16 repeats, p-value = 0.221068

Memory usage summary: heap total: 4217856, heap peak: 4217856, stack peak: 10576
         total calls   total memory   failed calls
 malloc|          3        4217856              0
realloc|          0              0              0  (nomove:0, dec:0, free:0)
 calloc|          0              0              0
   free|          0              0
Histogram for block sizes:
 2048-2063            1  33% =========================
   large              2  66% ==================================================
