Testing sfc32
	0..4294967295 is range of generator
	414487 outputs to scan for duplicates [6.32456*sqrt(range)]
	20.0001 duplicates expected on average
	2.06097e-09 is probability of zero duplicates
	0xc542df52 is seed for this run
---
- Testing for repeats started...
  - Allocating memory started...
    - allocated hash table of reserved for 414487 elements
  - Allocating memory completed (0.00146603 seconds)
  - Checking PRNG output started...
    - repeat of 2269423935 found, step 91117
    - repeat of 1777790868 found, step 206430
    - repeat of 2524531954 found, step 209045
    - repeat of 1077311147 found, step 286664
    - repeat of 4149301430 found, step 288168
    - repeat of 3262453651 found, step 307555
    - repeat of 217570321 found, step 321129
    - repeat of 964886460 found, step 331142
    - repeat of 2755481763 found, step 332970
    - repeat of 3640288345 found, step 345226
    - repeat of 3228725160 found, step 345561
    - repeat of 4262748712 found, step 346791
    - repeat of 72892109 found, step 349960
    - repeat of 374162414 found, step 363653
    - repeat of 2149614304 found, step 370345
    - repeat of 2837397249 found, step 383475
    - repeat of 858442721 found, step 384961
    - repeat of 3120776201 found, step 396528
    - repeat of 3649740336 found, step 402557
  - Checking PRNG output completed (0.0915043 seconds)
- Testing for repeats completed (0.0929905 seconds)
---
19 repeats, p-value = 0.470249

Memory usage summary: heap total: 10260088, heap peak: 10260088, stack peak: 5648
         total calls   total memory   failed calls
 malloc|     414470       10260088              0
realloc|          0              0              0  (nomove:0, dec:0, free:0)
 calloc|          0              0              0
   free|     414469       10187384
Histogram for block sizes:
   16-31         414468  99% ==================================================
   large              2  <1% 
