Testing xorshift64star32a
	0..4294967295 is range of generator
	414487 outputs to scan for duplicates [6.32456*sqrt(range)]
	19.9994 duplicates expected on average
	2.06239e-09 is probability of zero duplicates
	0x6e20a7bb is seed for this run
---
- Testing for repeats started...
  - Allocating memory started...
    - allocated hash table of reserved for 414487 elements
  - Allocating memory completed (0.0014619 seconds)
  - Checking PRNG output started...
    - repeat of 3276486144 found, step 77216
    - repeat of 847733754 found, step 176225
    - repeat of 3203844435 found, step 181283
    - repeat of 2064306429 found, step 208062
    - repeat of 1998908407 found, step 221482
    - repeat of 517997931 found, step 238955
    - repeat of 1533422043 found, step 280129
    - repeat of 1185149657 found, step 289163
    - repeat of 2155683786 found, step 361213
    - repeat of 3381244415 found, step 368466
    - repeat of 1248071864 found, step 377601
    - repeat of 3925650657 found, step 378306
    - repeat of 577792537 found, step 382832
    - repeat of 4201678147 found, step 385618
    - repeat of 3190250015 found, step 391416
  - Checking PRNG output completed (0.0781548 seconds)
- Testing for repeats completed (0.0796342 seconds)
---
15 repeats, p-value = 0.156544

Memory usage summary: heap total: 10260152, heap peak: 10260152, stack peak: 5648
         total calls   total memory   failed calls
 malloc|     414474       10260152              0
realloc|          0              0              0  (nomove:0, dec:0, free:0)
 calloc|          0              0              0
   free|     414473       10187448
Histogram for block sizes:
   16-31         414472  99% ==================================================
   large              2  <1% 
