- bump_allocator_static< std::__detail::_Hash_node<unsigned int, false> > (item size = 16) at 0x6042d0 created!
- bump_allocator_static< std::__detail::_Hash_node_base* > (item size = 8) at 0x604310 created!
- mempool at 0x604298 allocated new chunk at 0x7fd428b63020
- mempool at 0x604298 deallocated chunk at 0x7fd428b63020
Testing xoroshiro64starstar32
	0..4294967295 is range of generator
	414487 outputs to scan for duplicates [6.32456*sqrt(range)]
	20.0001 duplicates expected on average
	2.06097e-09 is probability of zero duplicates
	0x86388b0e is seed for this run
---
- Testing for repeats started...
  - Allocating memory started...
    - allocated hash table of reserved for 414487 elements
  - Allocating memory completed (0.000792282 seconds)
  - Checking PRNG output started...
    - repeat of 3167759553 found, step 92153
    - repeat of 2365595711 found, step 169300
    - repeat of 3241530682 found, step 170088
    - repeat of 3495380054 found, step 234461
    - repeat of 603572664 found, step 245443
    - repeat of 3627165493 found, step 247805
    - repeat of 856077762 found, step 259001
    - repeat of 2100250192 found, step 260962
    - repeat of 348690400 found, step 358171
    - repeat of 2657881933 found, step 378773
    - repeat of 3949023514 found, step 387100
    - repeat of 4188868228 found, step 389699
    - repeat of 2072202331 found, step 396886
    - repeat of 747307430 found, step 404647
  - Checking PRNG output completed (0.0238962 seconds)
- Testing for repeats completed (0.0246975 seconds)
---
14 repeats, p-value = 0.104861
- bump_allocator_static< std::__detail::_Hash_node_base* > at 0x604310 destroyed!
 - total_allocations_  = 1
 - active_allocations_ = 0
 - high_allocations_   = 1
 - total_mem_  = 3555896
 - active_mem_ = 0
 - high_mem_   = 3555896
- bump_allocator_static< std::__detail::_Hash_node<unsigned int, false> > at 0x6042d0 destroyed!
 - total_allocations_  = 414473
 - active_allocations_ = 0
 - high_allocations_   = 414473
 - total_mem_  = 6631568
 - active_mem_ = 0
 - high_mem_   = 6631568

Memory usage summary: heap total: 1073815760, heap peak: 1073815568, stack peak: 2816
         total calls   total memory   failed calls
 malloc|          5     1073815568              0
realloc|          4            192              0  (nomove:0, dec:0, free:0)
 calloc|          0              0              0
   free|          6     1073742032
Histogram for block sizes:
   16-31              1  11% =========================
   32-47              2  22% ==================================================
   64-79              2  22% ==================================================
  512-527             2  22% ==================================================
   large              2  22% ==================================================
