Testing std::mt19937
	0..4294967295 is range of generator
	414487 outputs to scan for duplicates [6.32456*sqrt(range)]
	20.0001 duplicates expected on average
	2.06097e-09 is probability of zero duplicates
	0x127e8690 is seed for this run
---
- Testing for repeats started...
  - Allocating memory started...
    - allocated array of size 414487.
  - Allocating memory completed (1.4609e-05 seconds)
  - Storing PRNG output started...
  - Storing PRNG output completed (0.00491532 seconds)
  - Sorting started...
  - Sorting completed (0.0576017 seconds)
  - Scanning for duplicates started...
    - repeat of 37851328 found
    - repeat of 155433985 found
    - repeat of 215930240 found
    - repeat of 708154805 found
    - repeat of 716935828 found
    - repeat of 1073464979 found
    - repeat of 1091947746 found
    - repeat of 1388041105 found
    - repeat of 1534179550 found
    - repeat of 1977888456 found
    - repeat of 2460877440 found
    - repeat of 2564428729 found
    - repeat of 2609958052 found
    - repeat of 2672560928 found
    - repeat of 2701634688 found
    - repeat of 2768456612 found
    - repeat of 2935561393 found
    - repeat of 3231809551 found
    - repeat of 4291347869 found
  - Scanning for duplicates completed (0.000495298 seconds)
- Testing for repeats completed (0.0630533 seconds)
---
19 repeats, p-value = 0.470249

Memory usage summary: heap total: 3388600, heap peak: 3388600, stack peak: 10528
         total calls   total memory   failed calls
 malloc|          2        3388600              0
realloc|          0              0              0  (nomove:0, dec:0, free:0)
 calloc|          0              0              0
   free|          0              0
Histogram for block sizes:
   large              2 100% ==================================================
