Testing mcg128_fast
	0..18446744073709551615 is range of generator
	13034599790 outputs to scan for duplicates [3.03485*sqrt(range)]
	4.60517 duplicates expected on average
	0.01 is probability of zero duplicates
	0x3a4327e9 is seed for this run
---
- Testing for repeats started...
  - Allocating memory started...
    - allocated array of size 13034599790.
  - Allocating memory completed (2.9776e-05 seconds)
  - Storing PRNG output started...
  - Storing PRNG output completed (50.5777 seconds)
  - Sorting started...
  - Sorting completed (1741.62 seconds)
  - Scanning for duplicates started...
    - repeat of 2187371996037028664 found
    - repeat of 5645116976867014059 found
    - repeat of 6769932806787059109 found
    - repeat of 14048107370711069368 found
    - repeat of 17189962008650399944 found
  - Scanning for duplicates completed (14.6586 seconds)
- Testing for repeats completed (1806.86 seconds)
---
5 repeats, p-value = 1 - 0.315133

Memory usage summary: heap total: 104276871024, heap peak: 104276871024, stack peak: 5600
         total calls   total memory   failed calls
 malloc|          2   104276871024              0
realloc|          0              0              0  (nomove:0, dec:0, free:0)
 calloc|          0              0              0
   free|          0              0
Histogram for block sizes:
   large              2 100% ==================================================
