Testing sfc32
	0..4294967295 is range of generator
	414487 outputs to scan for duplicates [6.32456*sqrt(range)]
	20.0001 duplicates expected on average
	2.06097e-09 is probability of zero duplicates
	0xd8796d7d is seed for this run
---
- Testing for repeats started...
  - Allocating memory started...
    - allocated hash table of reserved for 414487 elements
  - Allocating memory completed (0.00152434 seconds)
  - Checking PRNG output started...
    - repeat of 297191095 found, step 70459
    - repeat of 2147758751 found, step 74747
    - repeat of 1259291751 found, step 111491
    - repeat of 1034426098 found, step 160573
    - repeat of 3414896905 found, step 169764
    - repeat of 1725444096 found, step 176244
    - repeat of 3818614313 found, step 178169
    - repeat of 3708823674 found, step 204330
    - repeat of 2284112148 found, step 213615
    - repeat of 2877760977 found, step 292916
    - repeat of 2165866418 found, step 295540
    - repeat of 1958746981 found, step 336507
    - repeat of 2227441905 found, step 386156
    - repeat of 2780337109 found, step 407422
    - repeat of 1769493639 found, step 407805
  - Checking PRNG output completed (0.0982057 seconds)
- Testing for repeats completed (0.0997429 seconds)
---
15 repeats, p-value = 0.156508

Memory usage summary: heap total: 10260152, heap peak: 10260152, stack peak: 5648
         total calls   total memory   failed calls
 malloc|     414474       10260152              0
realloc|          0              0              0  (nomove:0, dec:0, free:0)
 calloc|          0              0              0
   free|     414473       10187448
Histogram for block sizes:
   16-31         414472  99% ==================================================
   large              2  <1% 
