Testing xoroshiro64star32
	0..4294967295 is range of generator
	198893 outputs to scan for duplicates [3.03485*sqrt(range)]
	4.60521 duplicates expected on average
	0.00999963 is probability of zero duplicates
	0x4158280b is seed for this run
---
- Testing for repeats started...
  - Allocating memory started...
    - allocated hash table of reserved for 198893 elements
  - Allocating memory completed (0.000756555 seconds)
  - Checking PRNG output started...
    - repeat of 2125596438 found, step 48037
    - repeat of 2680201792 found, step 64320
    - repeat of 683035926 found, step 65142
    - repeat of 4274865518 found, step 68909
    - repeat of 4172832030 found, step 82139
    - repeat of 3786452607 found, step 159213
    - repeat of 2845326543 found, step 163800
  - Checking PRNG output completed (0.0272627 seconds)
- Testing for repeats completed (0.0280282 seconds)
---
7 repeats, p-value = 1 - 0.0955042

Memory usage summary: heap total: 4874152, heap peak: 4874152, stack peak: 5648
         total calls   total memory   failed calls
 malloc|     198888        4874152              0
realloc|          0              0              0  (nomove:0, dec:0, free:0)
 calloc|          0              0              0
   free|     198887        4801448
Histogram for block sizes:
   16-31         198886  99% ==================================================
   large              2  <1% 
