Testing jsf32
	0..4294967295 is range of generator
	198893 outputs to scan for duplicates [3.03485*sqrt(range)]
	4.60521 duplicates expected on average
	0.00999963 is probability of zero duplicates
	0x924df142 is seed for this run
---
- Testing for repeats started...
  - Allocating memory started...
    - allocated bloomish filter with 16384 64-bit elements (3 bits/entry)
    - allocated possible-match log with 8192 32-bit elements
  - Allocating memory completed (2.1076e-05 seconds)
  - Phase 1, Gathering repeat candidates started...
    - 5691 repeat candidates found
  - Phase 1, Gathering repeat candidates completed (0.00471797 seconds)
  - Reallocating memory started...
    - Deallocated bloomish filter
    - Allocated hash table of the same size
  - Reallocating memory completed (1.7643e-05 seconds)
  - Phase 2, Storing candidates in hash table started...
  - Phase 2, Storing candidates in hash table completed (8.9689e-05 seconds)
  - Phase 3, Testing candidates started...
    - repeat of 1717014102 found, step 19308
    - repeat of 541655856 found, step 78191
    - repeat of 1211464147 found, step 157524
  - Phase 3, Testing candidates completed (0.00479818 seconds)
- Testing for repeats completed (0.0096669 seconds)
---
3 repeats, p-value = 0.324858

Memory usage summary: heap total: 318465, heap peak: 236544, stack peak: 5712
         total calls   total memory   failed calls
 malloc|          5         318465              0
realloc|          0              0              0  (nomove:0, dec:0, free:0)
 calloc|          0              0              0
   free|          4         245761
Histogram for block sizes:
16384-16399           1  20% ================
32768-32783           1  20% ================
   large              3  60% ==================================================
