Testing std::mt19937
	0..4294967295 is range of generator
	414487 outputs to scan for duplicates [6.32456*sqrt(range)]
	20.0001 duplicates expected on average
	2.06097e-09 is probability of zero duplicates
	0xb2e67f91 is seed for this run
---
- Testing for repeats started...
  - Allocating memory started...
    - allocated hash table of reserved for 414487 elements
  - Allocating memory completed (0.0022041 seconds)
  - Checking PRNG output started...
    - repeat of 1979041326 found, step 63375
    - repeat of 651651192 found, step 94460
    - repeat of 1405601204 found, step 124134
    - repeat of 4270892306 found, step 147091
    - repeat of 1467183950 found, step 166945
    - repeat of 2565334246 found, step 172509
    - repeat of 2918504137 found, step 177201
    - repeat of 1844781861 found, step 186732
    - repeat of 3391972693 found, step 204454
    - repeat of 1636855264 found, step 212042
    - repeat of 3366679070 found, step 241232
    - repeat of 1053722542 found, step 252518
    - repeat of 121144638 found, step 254168
    - repeat of 4003443256 found, step 265856
    - repeat of 1774912361 found, step 267309
    - repeat of 4227370533 found, step 271207
    - repeat of 1791910345 found, step 289632
    - repeat of 1742566460 found, step 309729
    - repeat of 276422530 found, step 326330
    - repeat of 1370754549 found, step 328036
    - repeat of 922493630 found, step 335709
    - repeat of 609349382 found, step 347116
    - repeat of 1026972602 found, step 350337
    - repeat of 1336841412 found, step 356684
    - repeat of 1402789081 found, step 356727
    - repeat of 852490081 found, step 358658
    - repeat of 1113843468 found, step 363785
    - repeat of 2101322457 found, step 377190
    - repeat of 321660801 found, step 401711
  - Checking PRNG output completed (0.102685 seconds)
- Testing for repeats completed (0.104911 seconds)
---
29 repeats, p-value = 1 - 0.0218194

Memory usage summary: heap total: 10259928, heap peak: 10259928, stack peak: 10608
         total calls   total memory   failed calls
 malloc|     414460       10259928              0
realloc|          0              0              0  (nomove:0, dec:0, free:0)
 calloc|          0              0              0
   free|     414459       10187224
Histogram for block sizes:
   16-31         414458  99% ==================================================
   large              2  <1% 
