- bump_allocator_static< std::__detail::_Hash_node<unsigned int, false> > (item size = 16) at 0x6042d0 created!
- bump_allocator_static< std::__detail::_Hash_node_base* > (item size = 8) at 0x604310 created!
- mempool at 0x604298 allocated new chunk at 0x7fbfb7026020
- mempool at 0x604298 deallocated chunk at 0x7fbfb7026020
Testing xoroshiro64star32
	0..4294967295 is range of generator
	414487 outputs to scan for duplicates [6.32456*sqrt(range)]
	20.0001 duplicates expected on average
	2.06097e-09 is probability of zero duplicates
	0x3aa0c570 is seed for this run
---
- Testing for repeats started...
  - Allocating memory started...
    - allocated hash table of reserved for 414487 elements
  - Allocating memory completed (0.00221321 seconds)
  - Checking PRNG output started...
    - repeat of 1988986982 found, step 85136
    - repeat of 2586073114 found, step 160878
    - repeat of 2812575336 found, step 208199
    - repeat of 562868670 found, step 234023
    - repeat of 3658930301 found, step 240872
    - repeat of 504277031 found, step 253746
    - repeat of 3127562039 found, step 254640
    - repeat of 3876890837 found, step 254955
    - repeat of 496748757 found, step 282522
    - repeat of 3073576045 found, step 288979
    - repeat of 3519885295 found, step 292827
    - repeat of 2766587315 found, step 311676
    - repeat of 3800495915 found, step 317048
    - repeat of 1522728766 found, step 341347
    - repeat of 1088393526 found, step 356208
    - repeat of 1454838769 found, step 359060
    - repeat of 404070995 found, step 363882
    - repeat of 460922781 found, step 363890
    - repeat of 3753382235 found, step 364939
    - repeat of 30217964 found, step 372888
  - Checking PRNG output completed (0.0309446 seconds)
- Testing for repeats completed (0.0331666 seconds)
---
20 repeats, p-value = 1 - 0.440915
- bump_allocator_static< std::__detail::_Hash_node_base* > at 0x604310 destroyed!
 - total_allocations_  = 1
 - active_allocations_ = 0
 - high_allocations_   = 1
 - total_mem_  = 3555896
 - active_mem_ = 0
 - high_mem_   = 3555896
- bump_allocator_static< std::__detail::_Hash_node<unsigned int, false> > at 0x6042d0 destroyed!
 - total_allocations_  = 414467
 - active_allocations_ = 0
 - high_allocations_   = 414467
 - total_mem_  = 6631472
 - active_mem_ = 0
 - high_mem_   = 6631472

Memory usage summary: heap total: 1073815760, heap peak: 1073815568, stack peak: 2816
         total calls   total memory   failed calls
 malloc|          5     1073815568              0
realloc|          4            192              0  (nomove:0, dec:0, free:0)
 calloc|          0              0              0
   free|          6     1073742032
Histogram for block sizes:
   16-31              1  11% =========================
   32-47              2  22% ==================================================
   64-79              2  22% ==================================================
  512-527             2  22% ==================================================
   large              2  22% ==================================================
