Testing xorshift64star32a
	0..4294967295 is range of generator
	414487 outputs to scan for duplicates [6.32456*sqrt(range)]
	19.9994 duplicates expected on average
	2.06239e-09 is probability of zero duplicates
	0x72add5bb is seed for this run
---
- Testing for repeats started...
  - Allocating memory started...
    - allocated hash table of reserved for 414487 elements
  - Allocating memory completed (0.00179762 seconds)
  - Checking PRNG output started...
    - repeat of 754802753 found, step 50560
    - repeat of 1837933445 found, step 120639
    - repeat of 4165452604 found, step 133294
    - repeat of 111421574 found, step 189094
    - repeat of 2706610083 found, step 204264
    - repeat of 2406757464 found, step 217125
    - repeat of 3813244879 found, step 227418
    - repeat of 4090509016 found, step 228549
    - repeat of 2784412932 found, step 232260
    - repeat of 465142822 found, step 234686
    - repeat of 3866132446 found, step 274594
    - repeat of 3452256662 found, step 277047
    - repeat of 3279830996 found, step 301298
    - repeat of 4139963330 found, step 303341
    - repeat of 3686158849 found, step 311381
    - repeat of 3684098641 found, step 361380
    - repeat of 3581002867 found, step 375343
    - repeat of 3764412816 found, step 381474
    - repeat of 1707580127 found, step 382857
    - repeat of 1896154957 found, step 391491
    - repeat of 2976697143 found, step 396795
    - repeat of 1151110955 found, step 408740
    - repeat of 1685915915 found, step 410925
  - Checking PRNG output completed (0.0909138 seconds)
- Testing for repeats completed (0.092726 seconds)
---
23 repeats, p-value = 1 - 0.212467

Memory usage summary: heap total: 10260024, heap peak: 10260024, stack peak: 5648
         total calls   total memory   failed calls
 malloc|     414466       10260024              0
realloc|          0              0              0  (nomove:0, dec:0, free:0)
 calloc|          0              0              0
   free|     414465       10187320
Histogram for block sizes:
   16-31         414464  99% ==================================================
   large              2  <1% 
