Testing sfc32
	0..4294967295 is range of generator
	414487 outputs to scan for duplicates [6.32456*sqrt(range)]
	20.0001 duplicates expected on average
	2.06097e-09 is probability of zero duplicates
	0x40b1221 is seed for this run
---
- Testing for repeats started...
  - Allocating memory started...
    - allocated array of size 414487.
  - Allocating memory completed (8.319e-06 seconds)
  - Storing PRNG output started...
  - Storing PRNG output completed (0.00242219 seconds)
  - Sorting started...
  - Sorting completed (0.0551979 seconds)
  - Scanning for duplicates started...
    - repeat of 25080141 found
    - repeat of 84134449 found
    - repeat of 189211539 found
    - repeat of 253239638 found
    - repeat of 1083273469 found
    - repeat of 1233696758 found
    - repeat of 1248230424 found
    - repeat of 2623738023 found
    - repeat of 2719679924 found
    - repeat of 2735597881 found
    - repeat of 3329141827 found
    - repeat of 3407070112 found
    - repeat of 3442915204 found
    - repeat of 3451130493 found
    - repeat of 3612274948 found
    - repeat of 4033555481 found
    - repeat of 4092057472 found
  - Scanning for duplicates completed (0.000493349 seconds)
- Testing for repeats completed (0.0581452 seconds)
---
17 repeats, p-value = 0.297021

Memory usage summary: heap total: 1730652, heap peak: 1730652, stack peak: 5584
         total calls   total memory   failed calls
 malloc|          2        1730652              0
realloc|          0              0              0  (nomove:0, dec:0, free:0)
 calloc|          0              0              0
   free|          0              0
Histogram for block sizes:
   large              2 100% ==================================================
