Testing jsf32
	0..4294967295 is range of generator
	414487 outputs to scan for duplicates [6.32456*sqrt(range)]
	20.0001 duplicates expected on average
	2.06097e-09 is probability of zero duplicates
	0x4515debc is seed for this run
---
- Testing for repeats started...
  - Allocating memory started...
    - allocated bloomish filter with 32768 64-bit elements (3 bits/entry)
    - allocated possible-match log with 16384 32-bit elements
  - Allocating memory completed (1.7877e-05 seconds)
  - Phase 1, Gathering repeat candidates started...
    - 15247 repeat candidates found
  - Phase 1, Gathering repeat candidates completed (0.00863415 seconds)
  - Reallocating memory started...
    - Deallocated bloomish filter
    - Allocated hash table of the same size
  - Reallocating memory completed (0.000131347 seconds)
  - Phase 2, Storing candidates in hash table started...
  - Phase 2, Storing candidates in hash table completed (0.000244863 seconds)
  - Phase 3, Testing candidates started...
    - repeat of 245938513 found, step 83312
    - repeat of 1275120132 found, step 104294
    - repeat of 2297171652 found, step 132586
    - repeat of 3428883052 found, step 172225
    - repeat of 1038225790 found, step 195433
    - repeat of 2428275488 found, step 200698
    - repeat of 2745242374 found, step 223599
    - repeat of 1302019265 found, step 227923
    - repeat of 966962862 found, step 231486
    - repeat of 3551116291 found, step 249108
    - repeat of 733539606 found, step 250987
    - repeat of 415122484 found, step 253002
    - repeat of 2555616672 found, step 274180
    - repeat of 1246016445 found, step 282393
    - repeat of 2186794140 found, step 297690
    - repeat of 314854798 found, step 300178
    - repeat of 630848845 found, step 316233
    - repeat of 3395215416 found, step 340003
    - repeat of 3440744470 found, step 372042
    - repeat of 693659310 found, step 375890
    - repeat of 3354085870 found, step 386948
    - repeat of 827171845 found, step 411565
  - Phase 3, Testing candidates completed (0.0108817 seconds)
- Testing for repeats completed (0.0199338 seconds)
---
22 repeats, p-value = 1 - 0.279396

Memory usage summary: heap total: 564225, heap peak: 400384, stack peak: 5712
         total calls   total memory   failed calls
 malloc|          5         564225              0
realloc|          0              0              0  (nomove:0, dec:0, free:0)
 calloc|          0              0              0
   free|          4         491521
Histogram for block sizes:
32768-32783           1  20% ============
   large              4  80% ==================================================
