Testing std::mt19937
	0..4294967295 is range of generator
	198893 outputs to scan for duplicates [3.03485*sqrt(range)]
	4.60521 duplicates expected on average
	0.00999963 is probability of zero duplicates
	0x1b17b4f6 is seed for this run
---
- Testing for repeats started...
  - Allocating memory started...
    - allocated array of size 198893.
  - Allocating memory completed (7.834e-06 seconds)
  - Storing PRNG output started...
  - Storing PRNG output completed (0.00214507 seconds)
  - Sorting started...
  - Sorting completed (0.0293124 seconds)
  - Scanning for duplicates started...
    - repeat of 1234014420 found
    - repeat of 2791624816 found
    - repeat of 3744274491 found
    - repeat of 4032910598 found
  - Scanning for duplicates completed (0.000290875 seconds)
- Testing for repeats completed (0.0317807 seconds)
---
4 repeats, p-value = 1 - 0.487742

Memory usage summary: heap total: 1663848, heap peak: 1663848, stack peak: 10528
         total calls   total memory   failed calls
 malloc|          2        1663848              0
realloc|          0              0              0  (nomove:0, dec:0, free:0)
 calloc|          0              0              0
   free|          0              0
Histogram for block sizes:
   large              2 100% ==================================================
