Testing gjrand32
	0..4294967295 is range of generator
	414487 outputs to scan for duplicates [6.32456*sqrt(range)]
	20.0001 duplicates expected on average
	2.06097e-09 is probability of zero duplicates
	0xf2d53f68 is seed for this run
---
- Testing for repeats started...
  - Allocating memory started...
    - allocated hash table of reserved for 414487 elements
  - Allocating memory completed (0.00197641 seconds)
  - Checking PRNG output started...
    - repeat of 92589432 found, step 51650
    - repeat of 1436842804 found, step 80415
    - repeat of 423575482 found, step 88830
    - repeat of 3248131521 found, step 96195
    - repeat of 2082679367 found, step 122806
    - repeat of 496644831 found, step 137117
    - repeat of 2742172852 found, step 149789
    - repeat of 2458684436 found, step 175562
    - repeat of 314480503 found, step 181286
    - repeat of 3620780295 found, step 194060
    - repeat of 3804771890 found, step 201620
    - repeat of 1718757756 found, step 207398
    - repeat of 1229762924 found, step 221748
    - repeat of 2167184429 found, step 285459
    - repeat of 2836970537 found, step 296756
    - repeat of 1648598458 found, step 296938
    - repeat of 878647951 found, step 306549
    - repeat of 3633138991 found, step 317023
    - repeat of 2605437840 found, step 321360
    - repeat of 3487253059 found, step 329103
    - repeat of 1523542910 found, step 337683
    - repeat of 121242079 found, step 364086
    - repeat of 512376956 found, step 381174
    - repeat of 3835038852 found, step 387220
    - repeat of 2089769492 found, step 408498
    - repeat of 668550729 found, step 414372
  - Checking PRNG output completed (0.114113 seconds)
- Testing for repeats completed (0.116106 seconds)
---
26 repeats, p-value = 1 - 0.0778899

Memory usage summary: heap total: 10259976, heap peak: 10259976, stack peak: 5648
         total calls   total memory   failed calls
 malloc|     414463       10259976              0
realloc|          0              0              0  (nomove:0, dec:0, free:0)
 calloc|          0              0              0
   free|     414462       10187272
Histogram for block sizes:
   16-31         414461  99% ==================================================
   large              2  <1% 
