Testing sfc32
	0..4294967295 is range of generator
	198893 outputs to scan for duplicates [3.03485*sqrt(range)]
	4.60521 duplicates expected on average
	0.00999963 is probability of zero duplicates
	0xfe71bc71 is seed for this run
---
- Testing for repeats started...
  - Allocating memory started...
    - allocated array of size 198893.
  - Allocating memory completed (5.785e-06 seconds)
  - Storing PRNG output started...
  - Storing PRNG output completed (0.000808303 seconds)
  - Sorting started...
  - Sorting completed (0.0284823 seconds)
  - Scanning for duplicates started...
    - repeat of 2928059218 found
    - repeat of 3000535438 found
    - repeat of 3977993543 found
    - repeat of 3994797692 found
  - Scanning for duplicates completed (0.00028717 seconds)
- Testing for repeats completed (0.0296044 seconds)
---
4 repeats, p-value = 1 - 0.487742

Memory usage summary: heap total: 868276, heap peak: 868276, stack peak: 5584
         total calls   total memory   failed calls
 malloc|          2         868276              0
realloc|          0              0              0  (nomove:0, dec:0, free:0)
 calloc|          0              0              0
   free|          0              0
Histogram for block sizes:
   large              2 100% ==================================================
