Testing xorshift64star32a
	0..4294967295 is range of generator
	414487 outputs to scan for duplicates [6.32456*sqrt(range)]
	19.9994 duplicates expected on average
	2.06239e-09 is probability of zero duplicates
	0x4647f22a is seed for this run
---
- Testing for repeats started...
  - Allocating memory started...
    - allocated array of size 414487.
  - Allocating memory completed (5.425e-06 seconds)
  - Storing PRNG output started...
  - Storing PRNG output completed (0.00207505 seconds)
  - Sorting started...
  - Sorting completed (0.0602996 seconds)
  - Scanning for duplicates started...
    - repeat of 37168306 found
    - repeat of 92788103 found
    - repeat of 468112405 found
    - repeat of 573894068 found
    - repeat of 1178884252 found
    - repeat of 1215059616 found
    - repeat of 1277751212 found
    - repeat of 1614999343 found
    - repeat of 1726375918 found
    - repeat of 1855887579 found
    - repeat of 2067813894 found
    - repeat of 2137634306 found
    - repeat of 2160709589 found
    - repeat of 2202591363 found
    - repeat of 2247298564 found
    - repeat of 2745329091 found
    - repeat of 2752335630 found
    - repeat of 3053774061 found
    - repeat of 3073464049 found
    - repeat of 3249612648 found
    - repeat of 3354545209 found
    - repeat of 3451044293 found
    - repeat of 3537969754 found
    - repeat of 3563505054 found
    - repeat of 3716245748 found
    - repeat of 3951723419 found
  - Scanning for duplicates completed (0.000500224 seconds)
- Testing for repeats completed (0.0629004 seconds)
---
26 repeats, p-value = 1 - 0.0778662

Memory usage summary: heap total: 1730652, heap peak: 1730652, stack peak: 5568
         total calls   total memory   failed calls
 malloc|          2        1730652              0
realloc|          0              0              0  (nomove:0, dec:0, free:0)
 calloc|          0              0              0
   free|          0              0
Histogram for block sizes:
   large              2 100% ==================================================
