Testing xoroshiro64star32
	0..4294967295 is range of generator
	198893 outputs to scan for duplicates [3.03485*sqrt(range)]
	4.60521 duplicates expected on average
	0.00999963 is probability of zero duplicates
	0xf97f1907 is seed for this run
---
- Testing for repeats started...
  - Allocating memory started...
    - allocated array of size 198893.
  - Allocating memory completed (8.947e-06 seconds)
  - Storing PRNG output started...
  - Storing PRNG output completed (0.00135187 seconds)
  - Sorting started...
  - Sorting completed (0.0294727 seconds)
  - Scanning for duplicates started...
    - repeat of 1474523742 found
    - repeat of 1676486247 found
    - repeat of 2712349016 found
    - repeat of 3118968637 found
    - repeat of 3641994868 found
    - repeat of 3712949342 found
    - repeat of 4021955185 found
  - Scanning for duplicates completed (0.00029145 seconds)
- Testing for repeats completed (0.0311561 seconds)
---
7 repeats, p-value = 1 - 0.0955042

Memory usage summary: heap total: 868276, heap peak: 868276, stack peak: 5568
         total calls   total memory   failed calls
 malloc|          2         868276              0
realloc|          0              0              0  (nomove:0, dec:0, free:0)
 calloc|          0              0              0
   free|          0              0
Histogram for block sizes:
   large              2 100% ==================================================
