Testing xorshift64star32a
	0..4294967295 is range of generator
	198893 outputs to scan for duplicates [3.03485*sqrt(range)]
	4.60511 duplicates expected on average
	0.0100006 is probability of zero duplicates
	0x24363bd1 is seed for this run
---
- Testing for repeats started...
  - Allocating memory started...
    - allocated bloomish filter with 16384 64-bit elements (3 bits/entry)
    - allocated possible-match log with 8192 32-bit elements
  - Allocating memory completed (1.8637e-05 seconds)
  - Phase 1, Gathering repeat candidates started...
    - 5780 repeat candidates found
  - Phase 1, Gathering repeat candidates completed (0.00427227 seconds)
  - Reallocating memory started...
    - Deallocated bloomish filter
    - Allocated hash table of the same size
  - Reallocating memory completed (2.5086e-05 seconds)
  - Phase 2, Storing candidates in hash table started...
  - Phase 2, Storing candidates in hash table completed (6.2295e-05 seconds)
  - Phase 3, Testing candidates started...
    - repeat of 3434270570 found, step 93681
    - repeat of 212932422 found, step 136140
    - repeat of 416857301 found, step 153558
    - repeat of 1229376648 found, step 153632
    - repeat of 1085154631 found, step 157667
    - repeat of 3049676822 found, step 178291
    - repeat of 3712056731 found, step 179323
    - repeat of 3470121083 found, step 186204
    - repeat of 1841810339 found, step 188610
  - Phase 3, Testing candidates completed (0.00302032 seconds)
- Testing for repeats completed (0.00743214 seconds)
---
9 repeats, p-value = 1 - 0.0196581

Memory usage summary: heap total: 318465, heap peak: 236544, stack peak: 5664
         total calls   total memory   failed calls
 malloc|          5         318465              0
realloc|          0              0              0  (nomove:0, dec:0, free:0)
 calloc|          0              0              0
   free|          4         245761
Histogram for block sizes:
16384-16399           1  20% ================
32768-32783           1  20% ================
   large              3  60% ==================================================
