Testing xoroshiro128plus64
	0..18446744073709551615 is range of generator
	27163758263 outputs to scan for duplicates [6.32456*sqrt(range)]
	20 duplicates expected on average
	2.06115e-09 is probability of zero duplicates
	0x41253168 is seed for this run
---
- Testing for repeats started...
  - Allocating memory started...
    - allocated 65536 buckets of capacity 518107
    - allocated 65536 bucket counters
  - Allocating memory completed (0.000464301 seconds)
  - Storing PRNG output started...
  - Storing PRNG output completed (1561.03 seconds)
  - Sorting started...
  - Sorting completed (2311.89 seconds)
  - Scanning for duplicates started...
    - repeat of 4156314167281060890 found
    - repeat of 1819437865353877379 found
    - repeat of 18431249833254664545 found
    - repeat of 1115913362802425002 found
    - repeat of 17566935530316121696 found
    - repeat of 7408154523406518563 found
    - repeat of 16360107873376618792 found
    - repeat of 3455733563073320157 found
    - repeat of 9622515080617679059 found
    - repeat of 12060630643433050216 found
    - repeat of 17860126373891969574 found
    - repeat of 7969074375823628932 found
    - repeat of 10990393969266827942 found
    - repeat of 16901908071891973118 found
    - repeat of 10646922603254823390 found
    - repeat of 8125229519536765905 found
    - repeat of 7325859749655591907 found
    - repeat of 14855001170405997922 found
    - repeat of 2359802121719760820 found
    - repeat of 3550902984807148383 found
    - repeat of 12754299190339826738 found
    - repeat of 13903508978742064328 found
    - repeat of 12084697426359547568 found
    - repeat of 11540994106960969634 found
  - Scanning for duplicates completed (39.0475 seconds)
- Testing for repeats completed (3911.97 seconds)
---
24 repeats, p-value = 1 - 0.156773

Memory usage summary: heap total: 271637879808, heap peak: 271637879808, stack peak: 5616
         total calls   total memory   failed calls
 malloc|          3   271637879808              0
realloc|          0              0              0  (nomove:0, dec:0, free:0)
 calloc|          0              0              0
   free|          0              0
Histogram for block sizes:
   large              3 100% ==================================================
