Testing pcg32
	0..4294967295 is range of generator
	414487 outputs to scan for duplicates [6.32456*sqrt(range)]
	20.0001 duplicates expected on average
	2.06097e-09 is probability of zero duplicates
	0x635ab429 is seed for this run
---
- Testing for repeats started...
  - Allocating memory started...
    - allocated 256 buckets of capacity 2023
    - allocated 256 bucket counters
  - Allocating memory completed (1.0994e-05 seconds)
  - Storing PRNG output started...
  - Storing PRNG output completed (0.00228354 seconds)
  - Sorting started...
  - Sorting completed (0.0376998 seconds)
  - Scanning for duplicates started...
    - repeat of 2761297928 found
    - repeat of 3092211729 found
    - repeat of 1720263202 found
    - repeat of 448060198 found
    - repeat of 1577566249 found
    - repeat of 2769532970 found
    - repeat of 3022165300 found
    - repeat of 848610876 found
    - repeat of 583628107 found
    - repeat of 2211922510 found
    - repeat of 2633361262 found
    - repeat of 2830695300 found
    - repeat of 10396551 found
    - repeat of 1611433359 found
    - repeat of 2857710481 found
    - repeat of 1215532951 found
    - repeat of 144715419 found
    - repeat of 850764495 found
    - repeat of 3525237967 found
    - repeat of 289445328 found
    - repeat of 355184101 found
    - repeat of 1289765357 found
    - repeat of 1923395070 found
  - Scanning for duplicates completed (0.00061427 seconds)
- Testing for repeats completed (0.0406292 seconds)
---
23 repeats, p-value = 1 - 0.212513

Memory usage summary: heap total: 2145280, heap peak: 2145280, stack peak: 5616
         total calls   total memory   failed calls
 malloc|          3        2145280              0
realloc|          0              0              0  (nomove:0, dec:0, free:0)
 calloc|          0              0              0
   free|          0              0
Histogram for block sizes:
 1024-1039            1  33% =========================
   large              2  66% ==================================================
