Testing xoroshiro64star32
	0..4294967295 is range of generator
	414487 outputs to scan for duplicates [6.32456*sqrt(range)]
	20.0001 duplicates expected on average
	2.06097e-09 is probability of zero duplicates
	0x700789a4 is seed for this run
---
- Testing for repeats started...
  - Allocating memory started...
    - allocated hash table of reserved for 414487 elements
  - Allocating memory completed (0.00190803 seconds)
  - Checking PRNG output started...
    - repeat of 4073824469 found, step 112402
    - repeat of 3676597214 found, step 134277
    - repeat of 2449740914 found, step 144820
    - repeat of 131692868 found, step 159719
    - repeat of 1080285317 found, step 175762
    - repeat of 2803001547 found, step 179148
    - repeat of 3387248851 found, step 182369
    - repeat of 284279889 found, step 291429
    - repeat of 2439338385 found, step 305421
    - repeat of 1168819966 found, step 320516
    - repeat of 16543673 found, step 324970
    - repeat of 1096981185 found, step 340693
    - repeat of 1001778194 found, step 340876
    - repeat of 2591338418 found, step 349309
    - repeat of 2720721251 found, step 365271
    - repeat of 2554254961 found, step 378421
    - repeat of 1547337174 found, step 381469
    - repeat of 2763839423 found, step 382232
    - repeat of 3077479219 found, step 389135
    - repeat of 3611653870 found, step 398220
    - repeat of 4140483053 found, step 410318
    - repeat of 2431333636 found, step 411271
  - Checking PRNG output completed (0.0884976 seconds)
- Testing for repeats completed (0.0904266 seconds)
---
22 repeats, p-value = 1 - 0.279396

Memory usage summary: heap total: 10260040, heap peak: 10260040, stack peak: 5648
         total calls   total memory   failed calls
 malloc|     414467       10260040              0
realloc|          0              0              0  (nomove:0, dec:0, free:0)
 calloc|          0              0              0
   free|     414466       10187336
Histogram for block sizes:
   16-31         414465  99% ==================================================
   large              2  <1% 
