Testing xoroshiro128starstar64
	0..18446744073709551615 is range of generator
	13034599790 outputs to scan for duplicates [3.03485*sqrt(range)]
	4.60517 duplicates expected on average
	0.01 is probability of zero duplicates
	0x68475011 is seed for this run
---
- Testing for repeats started...
  - Allocating memory started...
    - allocated array of size 13034599790.
  - Allocating memory completed (1.3996e-05 seconds)
  - Storing PRNG output started...
  - Storing PRNG output completed (54.1162 seconds)
  - Sorting started...
  - Sorting completed (1929.95 seconds)
  - Scanning for duplicates started...
    - repeat of 1765694480154675939 found
    - repeat of 3225227336216928152 found
    - repeat of 5916289765702918682 found
    - repeat of 6863570668462707613 found
    - repeat of 10295719250822220015 found
    - repeat of 12011202496960026502 found
    - repeat of 15616252172100282687 found
  - Scanning for duplicates completed (16.1368 seconds)
- Testing for repeats completed (2000.2 seconds)
---
7 repeats, p-value = 1 - 0.095501

Memory usage summary: heap total: 104276871024, heap peak: 104276871024, stack peak: 5568
         total calls   total memory   failed calls
 malloc|          2   104276871024              0
realloc|          0              0              0  (nomove:0, dec:0, free:0)
 calloc|          0              0              0
   free|          0              0
Histogram for block sizes:
   large              2 100% ==================================================
