Testing xoroshiro64plus32
	0..4294967295 is range of generator
	414487 outputs to scan for duplicates [6.32456*sqrt(range)]
	20.0001 duplicates expected on average
	2.06097e-09 is probability of zero duplicates
	0x3e782879 is seed for this run
---
- Testing for repeats started...
  - Allocating memory started...
    - allocated bloomish filter with 32768 64-bit elements (3 bits/entry)
    - allocated possible-match log with 16384 32-bit elements
  - Allocating memory completed (1.6113e-05 seconds)
  - Phase 1, Gathering repeat candidates started...
    - 15377 repeat candidates found
  - Phase 1, Gathering repeat candidates completed (0.0102344 seconds)
  - Reallocating memory started...
    - Deallocated bloomish filter
    - Allocated hash table of the same size
  - Reallocating memory completed (0.000141173 seconds)
  - Phase 2, Storing candidates in hash table started...
  - Phase 2, Storing candidates in hash table completed (0.000260468 seconds)
  - Phase 3, Testing candidates started...
    - repeat of 770287329 found, step 40096
    - repeat of 3575771146 found, step 86759
    - repeat of 4220313478 found, step 119155
    - repeat of 918952569 found, step 138341
    - repeat of 2765577454 found, step 140913
    - repeat of 2251033288 found, step 150155
    - repeat of 1683093990 found, step 191521
    - repeat of 841207799 found, step 230361
    - repeat of 1186360138 found, step 234553
    - repeat of 704860168 found, step 278657
    - repeat of 832428898 found, step 294153
    - repeat of 1265505559 found, step 304051
    - repeat of 2190625362 found, step 321618
    - repeat of 2939806142 found, step 360792
    - repeat of 3313322170 found, step 386905
    - repeat of 357973100 found, step 402515
    - repeat of 223504478 found, step 402870
  - Phase 3, Testing candidates completed (0.0113634 seconds)
- Testing for repeats completed (0.0220465 seconds)
---
17 repeats, p-value = 0.297021

Memory usage summary: heap total: 564225, heap peak: 400384, stack peak: 5680
         total calls   total memory   failed calls
 malloc|          5         564225              0
realloc|          0              0              0  (nomove:0, dec:0, free:0)
 calloc|          0              0              0
   free|          4         491521
Histogram for block sizes:
32768-32783           1  20% ============
   large              4  80% ==================================================
