Testing gjrand32
	0..4294967295 is range of generator
	198893 outputs to scan for duplicates [3.03485*sqrt(range)]
	4.60521 duplicates expected on average
	0.00999963 is probability of zero duplicates
	0x1e62ddcf is seed for this run
---
- Testing for repeats started...
  - Allocating memory started...
    - allocated hash table of reserved for 198893 elements
  - Allocating memory completed (0.00138981 seconds)
  - Checking PRNG output started...
    - repeat of 254438129 found, step 122833
    - repeat of 991788100 found, step 143831
    - repeat of 118833408 found, step 167684
    - repeat of 3385423070 found, step 175320
    - repeat of 1977857293 found, step 177533
    - repeat of 349056802 found, step 194375
  - Checking PRNG output completed (0.0431573 seconds)
- Testing for repeats completed (0.0445559 seconds)
---
6 repeats, p-value = 1 - 0.18266

Memory usage summary: heap total: 4874168, heap peak: 4874168, stack peak: 5648
         total calls   total memory   failed calls
 malloc|     198889        4874168              0
realloc|          0              0              0  (nomove:0, dec:0, free:0)
 calloc|          0              0              0
   free|     198888        4801464
Histogram for block sizes:
   16-31         198887  99% ==================================================
   large              2  <1% 
