Testing pcg32_fast
	0..4294967295 is range of generator
	414487 outputs to scan for duplicates [6.32456*sqrt(range)]
	20.0001 duplicates expected on average
	2.06097e-09 is probability of zero duplicates
	0xe20e726b is seed for this run
---
- Testing for repeats started...
  - Allocating memory started...
    - allocated hash table of reserved for 414487 elements
  - Allocating memory completed (0.00201879 seconds)
  - Checking PRNG output started...
    - repeat of 4151592131 found, step 32288
    - repeat of 1599131600 found, step 64950
    - repeat of 834221566 found, step 71184
    - repeat of 1709150087 found, step 145649
    - repeat of 782276563 found, step 146088
    - repeat of 94254735 found, step 166309
    - repeat of 2251519288 found, step 214980
    - repeat of 3212238303 found, step 224843
    - repeat of 2478496658 found, step 225230
    - repeat of 964492058 found, step 271728
    - repeat of 2864090339 found, step 322128
    - repeat of 2961251483 found, step 330689
    - repeat of 4172307871 found, step 352210
    - repeat of 4264309552 found, step 353055
    - repeat of 204677228 found, step 353994
    - repeat of 946581184 found, step 360458
    - repeat of 4263723791 found, step 385369
    - repeat of 2020619190 found, step 390143
    - repeat of 3940924531 found, step 393529
    - repeat of 782537553 found, step 396473
    - repeat of 4052465139 found, step 397643
  - Checking PRNG output completed (0.117815 seconds)
- Testing for repeats completed (0.119858 seconds)
---
21 repeats, p-value = 1 - 0.35631

Memory usage summary: heap total: 10260056, heap peak: 10260056, stack peak: 5648
         total calls   total memory   failed calls
 malloc|     414468       10260056              0
realloc|          0              0              0  (nomove:0, dec:0, free:0)
 calloc|          0              0              0
   free|     414467       10187352
Histogram for block sizes:
   16-31         414466  99% ==================================================
   large              2  <1% 
