Testing std::mt19937
	0..4294967295 is range of generator
	198893 outputs to scan for duplicates [3.03485*sqrt(range)]
	4.60521 duplicates expected on average
	0.00999963 is probability of zero duplicates
	0xc1478995 is seed for this run
---
- Testing for repeats started...
  - Allocating memory started...
    - allocated array of size 198893.
  - Allocating memory completed (9.59e-06 seconds)
  - Storing PRNG output started...
  - Storing PRNG output completed (0.0028004 seconds)
  - Sorting started...
  - Sorting completed (0.0292374 seconds)
  - Scanning for duplicates started...
    - repeat of 460316928 found
    - repeat of 1272238136 found
    - repeat of 1391705977 found
    - repeat of 1606279225 found
    - repeat of 1648115368 found
    - repeat of 3605322758 found
  - Scanning for duplicates completed (0.000287975 seconds)
- Testing for repeats completed (0.0323552 seconds)
---
6 repeats, p-value = 1 - 0.18266

Memory usage summary: heap total: 1663848, heap peak: 1663848, stack peak: 10528
         total calls   total memory   failed calls
 malloc|          2        1663848              0
realloc|          0              0              0  (nomove:0, dec:0, free:0)
 calloc|          0              0              0
   free|          0              0
Histogram for block sizes:
   large              2 100% ==================================================
