Testing xorshift64star32a
	0..4294967295 is range of generator
	198893 outputs to scan for duplicates [3.03485*sqrt(range)]
	4.60511 duplicates expected on average
	0.0100006 is probability of zero duplicates
	0x78c664ea is seed for this run
---
- Testing for repeats started...
  - Allocating memory started...
    - allocated 256 buckets of capacity 971
    - allocated 256 bucket counters
  - Allocating memory completed (9.737e-06 seconds)
  - Storing PRNG output started...
  - Storing PRNG output completed (0.00110878 seconds)
  - Sorting started...
  - Sorting completed (0.0172398 seconds)
  - Scanning for duplicates started...
    - repeat of 1295185920 found
    - repeat of 2964183824 found
    - repeat of 1643973946 found
    - repeat of 2914420040 found
    - repeat of 3950809219 found
    - repeat of 1457063060 found
    - repeat of 3782954712 found
  - Scanning for duplicates completed (0.000317738 seconds)
- Testing for repeats completed (0.0186874 seconds)
---
7 repeats, p-value = 1 - 0.0954959

Memory usage summary: heap total: 1068032, heap peak: 1068032, stack peak: 5616
         total calls   total memory   failed calls
 malloc|          3        1068032              0
realloc|          0              0              0  (nomove:0, dec:0, free:0)
 calloc|          0              0              0
   free|          0              0
Histogram for block sizes:
 1024-1039            1  33% =========================
   large              2  66% ==================================================
