Testing pcg32_fast
	0..4294967295 is range of generator
	414487 outputs to scan for duplicates [6.32456*sqrt(range)]
	20.0001 duplicates expected on average
	2.06097e-09 is probability of zero duplicates
	0xbe261fdf is seed for this run
---
- Testing for repeats started...
  - Allocating memory started...
    - allocated hash table of reserved for 414487 elements
  - Allocating memory completed (0.00209459 seconds)
  - Checking PRNG output started...
    - repeat of 707911167 found, step 157242
    - repeat of 358386277 found, step 166980
    - repeat of 3223903124 found, step 186213
    - repeat of 1258333216 found, step 203716
    - repeat of 1442547521 found, step 257328
    - repeat of 187469024 found, step 286380
    - repeat of 623806240 found, step 298114
    - repeat of 2802542997 found, step 312521
    - repeat of 774101672 found, step 325591
    - repeat of 2085635564 found, step 343137
    - repeat of 2048207564 found, step 378080
    - repeat of 1399048911 found, step 378775
    - repeat of 1673402306 found, step 384320
    - repeat of 671431512 found, step 398907
    - repeat of 2639690654 found, step 401731
    - repeat of 1233166153 found, step 403906
    - repeat of 3615502303 found, step 404911
  - Checking PRNG output completed (0.102866 seconds)
- Testing for repeats completed (0.104984 seconds)
---
17 repeats, p-value = 0.297021

Memory usage summary: heap total: 10260120, heap peak: 10260120, stack peak: 5648
         total calls   total memory   failed calls
 malloc|     414472       10260120              0
realloc|          0              0              0  (nomove:0, dec:0, free:0)
 calloc|          0              0              0
   free|     414471       10187416
Histogram for block sizes:
   16-31         414470  99% ==================================================
   large              2  <1% 
