Testing pcg32_fast
	0..4294967295 is range of generator
	414487 outputs to scan for duplicates [6.32456*sqrt(range)]
	20.0001 duplicates expected on average
	2.06097e-09 is probability of zero duplicates
	0xb5bc03e9 is seed for this run
---
- Testing for repeats started...
  - Allocating memory started...
    - allocated hash table of reserved for 414487 elements
  - Allocating memory completed (0.00256576 seconds)
  - Checking PRNG output started...
    - repeat of 1049792184 found, step 93508
    - repeat of 468421485 found, step 113448
    - repeat of 1332243879 found, step 118893
    - repeat of 3704782023 found, step 132242
    - repeat of 2812751183 found, step 141929
    - repeat of 347303076 found, step 145337
    - repeat of 3739378145 found, step 208755
    - repeat of 2756973678 found, step 250854
    - repeat of 3449837526 found, step 262863
    - repeat of 2973460423 found, step 268435
    - repeat of 4191250771 found, step 283157
    - repeat of 2810192564 found, step 286292
    - repeat of 2654937195 found, step 286350
    - repeat of 2385898624 found, step 290531
    - repeat of 1587248991 found, step 310288
    - repeat of 3436658445 found, step 314240
    - repeat of 4273595733 found, step 330809
    - repeat of 2005168483 found, step 351590
    - repeat of 787774639 found, step 355531
    - repeat of 1197008081 found, step 371855
    - repeat of 916390791 found, step 373853
    - repeat of 102529295 found, step 376205
    - repeat of 2879499031 found, step 376306
    - repeat of 23047095 found, step 405898
  - Checking PRNG output completed (0.140177 seconds)
- Testing for repeats completed (0.142765 seconds)
---
24 repeats, p-value = 1 - 0.156778

Memory usage summary: heap total: 10260008, heap peak: 10260008, stack peak: 5648
         total calls   total memory   failed calls
 malloc|     414465       10260008              0
realloc|          0              0              0  (nomove:0, dec:0, free:0)
 calloc|          0              0              0
   free|     414464       10187304
Histogram for block sizes:
   16-31         414463  99% ==================================================
   large              2  <1% 
