Testing xoroshiro64plus32
	0..4294967295 is range of generator
	198893 outputs to scan for duplicates [3.03485*sqrt(range)]
	4.60521 duplicates expected on average
	0.00999963 is probability of zero duplicates
	0x33db732b is seed for this run
---
- Testing for repeats started...
  - Allocating memory started...
    - allocated 256 buckets of capacity 971
    - allocated 256 bucket counters
  - Allocating memory completed (1.734e-05 seconds)
  - Storing PRNG output started...
  - Storing PRNG output completed (0.00164479 seconds)
  - Sorting started...
  - Sorting completed (0.0151716 seconds)
  - Scanning for duplicates started...
    - repeat of 898098689 found
    - repeat of 976279473 found
    - repeat of 2573620697 found
    - repeat of 2447054572 found
    - repeat of 1861656047 found
    - repeat of 3859636467 found
    - repeat of 51921657 found
    - repeat of 2943275772 found
  - Scanning for duplicates completed (0.000212386 seconds)
- Testing for repeats completed (0.0170672 seconds)
---
8 repeats, p-value = 1 - 0.0453327

Memory usage summary: heap total: 1068032, heap peak: 1068032, stack peak: 5616
         total calls   total memory   failed calls
 malloc|          3        1068032              0
realloc|          0              0              0  (nomove:0, dec:0, free:0)
 calloc|          0              0              0
   free|          0              0
Histogram for block sizes:
 1024-1039            1  33% =========================
   large              2  66% ==================================================
