Testing gjrand32
	0..4294967295 is range of generator
	414487 outputs to scan for duplicates [6.32456*sqrt(range)]
	20.0001 duplicates expected on average
	2.06097e-09 is probability of zero duplicates
	0x8f45840b is seed for this run
---
- Testing for repeats started...
  - Allocating memory started...
    - allocated array of size 414487.
  - Allocating memory completed (9.59e-06 seconds)
  - Storing PRNG output started...
  - Storing PRNG output completed (0.00418312 seconds)
  - Sorting started...
  - Sorting completed (0.0580025 seconds)
  - Scanning for duplicates started...
    - repeat of 19202601 found
    - repeat of 305001521 found
    - repeat of 673853109 found
    - repeat of 794445643 found
    - repeat of 815643815 found
    - repeat of 1311088379 found
    - repeat of 2055232848 found
    - repeat of 2074126408 found
    - repeat of 2116493238 found
    - repeat of 2293667298 found
    - repeat of 2333515776 found
    - repeat of 2674867837 found
    - repeat of 3030004743 found
    - repeat of 3030893911 found
    - repeat of 3320393765 found
    - repeat of 3338141107 found
    - repeat of 3603173243 found
    - repeat of 3725073697 found
    - repeat of 3853559512 found
  - Scanning for duplicates completed (0.000493726 seconds)
- Testing for repeats completed (0.0627107 seconds)
---
19 repeats, p-value = 0.470249

Memory usage summary: heap total: 1730652, heap peak: 1730652, stack peak: 5600
         total calls   total memory   failed calls
 malloc|          2        1730652              0
realloc|          0              0              0  (nomove:0, dec:0, free:0)
 calloc|          0              0              0
   free|          0              0
Histogram for block sizes:
   large              2 100% ==================================================
