- bump_allocator_static< std::__detail::_Hash_node<unsigned long, false> > (item size = 16) at 0x6042d0 created!
- bump_allocator_static< std::__detail::_Hash_node_base* > (item size = 8) at 0x604310 created!
- mempool at 0x604298 allocated new chunk at 0x7f883a86c020
- mempool at 0x604298 deallocated chunk at 0x7f883a86c020
Testing std::mt19937
	0..4294967295 is range of generator
	414487 outputs to scan for duplicates [6.32456*sqrt(range)]
	20.0001 duplicates expected on average
	2.06097e-09 is probability of zero duplicates
	0xa3df00ff is seed for this run
---
- Testing for repeats started...
  - Allocating memory started...
    - allocated hash table of reserved for 414487 elements
  - Allocating memory completed (0.001379 seconds)
  - Checking PRNG output started...
    - repeat of 3615203801 found, step 130603
    - repeat of 2693020388 found, step 138840
    - repeat of 1456424455 found, step 152829
    - repeat of 812905490 found, step 197627
    - repeat of 715457217 found, step 202581
    - repeat of 3574208079 found, step 207601
    - repeat of 4147905081 found, step 228497
    - repeat of 2301488383 found, step 255926
    - repeat of 2153232792 found, step 273454
    - repeat of 4146205496 found, step 274464
    - repeat of 214751131 found, step 278527
    - repeat of 3533648379 found, step 294684
    - repeat of 1930994661 found, step 299545
    - repeat of 2241829144 found, step 303997
    - repeat of 1382567392 found, step 372550
    - repeat of 856444797 found, step 375614
    - repeat of 2498460935 found, step 378023
    - repeat of 3064061820 found, step 390341
    - repeat of 2408016166 found, step 406710
    - repeat of 1082847659 found, step 409756
    - repeat of 2410588597 found, step 413923
  - Checking PRNG output completed (0.0464971 seconds)
- Testing for repeats completed (0.047889 seconds)
---
21 repeats, p-value = 1 - 0.35631
- bump_allocator_static< std::__detail::_Hash_node_base* > at 0x604310 destroyed!
 - total_allocations_  = 1
 - active_allocations_ = 0
 - high_allocations_   = 1
 - total_mem_  = 3555896
 - active_mem_ = 0
 - high_mem_   = 3555896
- bump_allocator_static< std::__detail::_Hash_node<unsigned long, false> > at 0x6042d0 destroyed!
 - total_allocations_  = 414466
 - active_allocations_ = 0
 - high_allocations_   = 414466
 - total_mem_  = 6631456
 - active_mem_ = 0
 - high_mem_   = 6631456

Memory usage summary: heap total: 1073815760, heap peak: 1073815568, stack peak: 2816
         total calls   total memory   failed calls
 malloc|          5     1073815568              0
realloc|          4            192              0  (nomove:0, dec:0, free:0)
 calloc|          0              0              0
   free|          6     1073742032
Histogram for block sizes:
   16-31              1  11% =========================
   32-47              2  22% ==================================================
   64-79              2  22% ==================================================
  512-527             2  22% ==================================================
   large              2  22% ==================================================
