Testing xoroshiro64star32
	0..4294967295 is range of generator
	414487 outputs to scan for duplicates [6.32456*sqrt(range)]
	20.0001 duplicates expected on average
	2.06097e-09 is probability of zero duplicates
	0xa7d204ea is seed for this run
---
- Testing for repeats started...
  - Allocating memory started...
    - allocated array of size 414487.
  - Allocating memory completed (8.393e-06 seconds)
  - Storing PRNG output started...
  - Storing PRNG output completed (0.00277707 seconds)
  - Sorting started...
  - Sorting completed (0.0460084 seconds)
  - Scanning for duplicates started...
    - repeat of 44640779 found
    - repeat of 57202516 found
    - repeat of 558700740 found
    - repeat of 1112254308 found
    - repeat of 1128060441 found
    - repeat of 1411137231 found
    - repeat of 1464122569 found
    - repeat of 1833663710 found
    - repeat of 1885375913 found
    - repeat of 2297904048 found
    - repeat of 2542432496 found
    - repeat of 2688485222 found
    - repeat of 2823627002 found
    - repeat of 2977491744 found
    - repeat of 3401724622 found
    - repeat of 3659790542 found
    - repeat of 3696067084 found
    - repeat of 4032883662 found
    - repeat of 4180919999 found
  - Scanning for duplicates completed (0.000419763 seconds)
- Testing for repeats completed (0.0492332 seconds)
---
19 repeats, p-value = 0.470249

Memory usage summary: heap total: 1730652, heap peak: 1730652, stack peak: 5568
         total calls   total memory   failed calls
 malloc|          2        1730652              0
realloc|          0              0              0  (nomove:0, dec:0, free:0)
 calloc|          0              0              0
   free|          0              0
Histogram for block sizes:
   large              2 100% ==================================================
