Testing pcg32
	0..4294967295 is range of generator
	414487 outputs to scan for duplicates [6.32456*sqrt(range)]
	20.0001 duplicates expected on average
	2.06097e-09 is probability of zero duplicates
	0x8dd4fe8f is seed for this run
---
- Testing for repeats started...
  - Allocating memory started...
    - allocated 256 buckets of capacity 2023
    - allocated 256 bucket counters
  - Allocating memory completed (1.5263e-05 seconds)
  - Storing PRNG output started...
  - Storing PRNG output completed (0.00294258 seconds)
  - Sorting started...
  - Sorting completed (0.0329322 seconds)
  - Scanning for duplicates started...
    - repeat of 3325130768 found
    - repeat of 2801655318 found
    - repeat of 3019511831 found
    - repeat of 2113537334 found
    - repeat of 978642248 found
    - repeat of 2440122457 found
    - repeat of 570099294 found
    - repeat of 4069285224 found
    - repeat of 3990929782 found
    - repeat of 2716563331 found
    - repeat of 763566212 found
    - repeat of 666686114 found
    - repeat of 841503140 found
    - repeat of 2339012781 found
    - repeat of 2865422778 found
    - repeat of 2980132539 found
    - repeat of 1353112519 found
    - repeat of 2859616217 found
    - repeat of 463393507 found
    - repeat of 3905397242 found
  - Scanning for duplicates completed (0.000536296 seconds)
- Testing for repeats completed (0.0364388 seconds)
---
20 repeats, p-value = 1 - 0.440915

Memory usage summary: heap total: 2145280, heap peak: 2145280, stack peak: 5616
         total calls   total memory   failed calls
 malloc|          3        2145280              0
realloc|          0              0              0  (nomove:0, dec:0, free:0)
 calloc|          0              0              0
   free|          0              0
Histogram for block sizes:
 1024-1039            1  33% =========================
   large              2  66% ==================================================
