Testing xoroshiro64star32
	0..4294967295 is range of generator
	198893 outputs to scan for duplicates [3.03485*sqrt(range)]
	4.60521 duplicates expected on average
	0.00999963 is probability of zero duplicates
	0x57fbf9ac is seed for this run
---
- Testing for repeats started...
  - Allocating memory started...
    - allocated 256 buckets of capacity 971
    - allocated 256 bucket counters
  - Allocating memory completed (1.634e-05 seconds)
  - Storing PRNG output started...
  - Storing PRNG output completed (0.00165789 seconds)
  - Sorting started...
  - Sorting completed (0.0161351 seconds)
  - Scanning for duplicates started...
    - repeat of 2526233175 found
    - repeat of 2561556313 found
    - repeat of 2563522983 found
    - repeat of 602975670 found
    - repeat of 4266016443 found
    - repeat of 3600699069 found
    - repeat of 3907642048 found
    - repeat of 771763398 found
    - repeat of 2095059955 found
  - Scanning for duplicates completed (0.00027515 seconds)
- Testing for repeats completed (0.018098 seconds)
---
9 repeats, p-value = 1 - 0.0196605

Memory usage summary: heap total: 1068032, heap peak: 1068032, stack peak: 5616
         total calls   total memory   failed calls
 malloc|          3        1068032              0
realloc|          0              0              0  (nomove:0, dec:0, free:0)
 calloc|          0              0              0
   free|          0              0
Histogram for block sizes:
 1024-1039            1  33% =========================
   large              2  66% ==================================================
