Testing xoroshiro64plus32
	0..4294967295 is range of generator
	414487 outputs to scan for duplicates [6.32456*sqrt(range)]
	20.0001 duplicates expected on average
	2.06097e-09 is probability of zero duplicates
	0x854938dc is seed for this run
---
- Testing for repeats started...
  - Allocating memory started...
    - allocated hash table of reserved for 414487 elements
  - Allocating memory completed (0.0017624 seconds)
  - Checking PRNG output started...
    - repeat of 2571448560 found, step 135936
    - repeat of 3996084285 found, step 164481
    - repeat of 1172268063 found, step 180317
    - repeat of 2852145938 found, step 191051
    - repeat of 2430743215 found, step 229195
    - repeat of 328691225 found, step 241386
    - repeat of 3691500065 found, step 255563
    - repeat of 877202562 found, step 257042
    - repeat of 1701326636 found, step 276316
    - repeat of 1786836012 found, step 295513
    - repeat of 1414208294 found, step 297891
    - repeat of 1423913605 found, step 334092
    - repeat of 879566593 found, step 351011
    - repeat of 1506322819 found, step 383389
    - repeat of 2826361380 found, step 388933
    - repeat of 259639398 found, step 394945
  - Checking PRNG output completed (0.0983491 seconds)
- Testing for repeats completed (0.100127 seconds)
---
16 repeats, p-value = 0.221068

Memory usage summary: heap total: 10260136, heap peak: 10260136, stack peak: 5648
         total calls   total memory   failed calls
 malloc|     414473       10260136              0
realloc|          0              0              0  (nomove:0, dec:0, free:0)
 calloc|          0              0              0
   free|     414472       10187432
Histogram for block sizes:
   16-31         414471  99% ==================================================
   large              2  <1% 
