Testing jsf32
	0..4294967295 is range of generator
	414487 outputs to scan for duplicates [6.32456*sqrt(range)]
	20.0001 duplicates expected on average
	2.06097e-09 is probability of zero duplicates
	0x14e40e13 is seed for this run
---
- Testing for repeats started...
  - Allocating memory started...
    - allocated array of size 414487.
  - Allocating memory completed (5.291e-06 seconds)
  - Storing PRNG output started...
  - Storing PRNG output completed (0.00139846 seconds)
  - Sorting started...
  - Sorting completed (0.0401723 seconds)
  - Scanning for duplicates started...
    - repeat of 192847101 found
    - repeat of 519108200 found
    - repeat of 569443770 found
    - repeat of 746700888 found
    - repeat of 860161436 found
    - repeat of 1034202162 found
    - repeat of 1104344484 found
    - repeat of 1681075866 found
    - repeat of 2464639149 found
    - repeat of 2833468923 found
    - repeat of 2874525382 found
    - repeat of 3208691214 found
    - repeat of 3419406673 found
    - repeat of 3800117643 found
    - repeat of 4168381684 found
  - Scanning for duplicates completed (0.000419112 seconds)
- Testing for repeats completed (0.0420118 seconds)
---
15 repeats, p-value = 0.156508

Memory usage summary: heap total: 1730652, heap peak: 1730652, stack peak: 5568
         total calls   total memory   failed calls
 malloc|          2        1730652              0
realloc|          0              0              0  (nomove:0, dec:0, free:0)
 calloc|          0              0              0
   free|          0              0
Histogram for block sizes:
   large              2 100% ==================================================
