- bump_allocator_static< std::__detail::_Hash_node<unsigned int, false> > (item size = 16) at 0x6042d0 created!
- bump_allocator_static< std::__detail::_Hash_node_base* > (item size = 8) at 0x604310 created!
- mempool at 0x604298 allocated new chunk at 0x7feb5cafe020
- mempool at 0x604298 deallocated chunk at 0x7feb5cafe020
Testing sfc32
	0..4294967295 is range of generator
	414487 outputs to scan for duplicates [6.32456*sqrt(range)]
	20.0001 duplicates expected on average
	2.06097e-09 is probability of zero duplicates
	0xf2f12323 is seed for this run
---
- Testing for repeats started...
  - Allocating memory started...
    - allocated hash table of reserved for 414487 elements
  - Allocating memory completed (0.00207205 seconds)
  - Checking PRNG output started...
    - repeat of 2843142016 found, step 104876
    - repeat of 4000217871 found, step 135437
    - repeat of 1097464865 found, step 140944
    - repeat of 229960985 found, step 155640
    - repeat of 1264726450 found, step 192864
    - repeat of 2516272697 found, step 212754
    - repeat of 1966241346 found, step 248141
    - repeat of 385987842 found, step 258533
    - repeat of 979009568 found, step 287564
    - repeat of 603633948 found, step 290790
    - repeat of 3196820979 found, step 313810
    - repeat of 1909618577 found, step 313829
    - repeat of 3625438925 found, step 321798
    - repeat of 3575875829 found, step 335365
    - repeat of 4159008014 found, step 341033
    - repeat of 994782471 found, step 349178
    - repeat of 3128826982 found, step 365145
    - repeat of 2857535143 found, step 368409
    - repeat of 43452063 found, step 377907
    - repeat of 694780033 found, step 385979
    - repeat of 2821243178 found, step 387622
    - repeat of 328826533 found, step 389396
    - repeat of 3245378944 found, step 396288
    - repeat of 1409843984 found, step 411704
  - Checking PRNG output completed (0.0421303 seconds)
- Testing for repeats completed (0.0442268 seconds)
---
24 repeats, p-value = 1 - 0.156778
- bump_allocator_static< std::__detail::_Hash_node_base* > at 0x604310 destroyed!
 - total_allocations_  = 1
 - active_allocations_ = 0
 - high_allocations_   = 1
 - total_mem_  = 3555896
 - active_mem_ = 0
 - high_mem_   = 3555896
- bump_allocator_static< std::__detail::_Hash_node<unsigned int, false> > at 0x6042d0 destroyed!
 - total_allocations_  = 414463
 - active_allocations_ = 0
 - high_allocations_   = 414463
 - total_mem_  = 6631408
 - active_mem_ = 0
 - high_mem_   = 6631408

Memory usage summary: heap total: 1073815760, heap peak: 1073815568, stack peak: 2816
         total calls   total memory   failed calls
 malloc|          5     1073815568              0
realloc|          4            192              0  (nomove:0, dec:0, free:0)
 calloc|          0              0              0
   free|          6     1073742032
Histogram for block sizes:
   16-31              1  11% =========================
   32-47              2  22% ==================================================
   64-79              2  22% ==================================================
  512-527             2  22% ==================================================
   large              2  22% ==================================================
