Testing xoroshiro64plus32
	0..4294967295 is range of generator
	414487 outputs to scan for duplicates [6.32456*sqrt(range)]
	20.0001 duplicates expected on average
	2.06097e-09 is probability of zero duplicates
	0x7b405161 is seed for this run
---
- Testing for repeats started...
  - Allocating memory started...
    - allocated hash table of reserved for 414487 elements
  - Allocating memory completed (0.00193883 seconds)
  - Checking PRNG output started...
    - repeat of 3712677000 found, step 66608
    - repeat of 1224824259 found, step 156267
    - repeat of 2290716181 found, step 229132
    - repeat of 4282374288 found, step 243479
    - repeat of 2549594714 found, step 255287
    - repeat of 2938976479 found, step 266343
    - repeat of 2875130893 found, step 324025
    - repeat of 3243392203 found, step 361340
    - repeat of 623347409 found, step 364688
    - repeat of 1171620548 found, step 376512
    - repeat of 4041374401 found, step 386387
    - repeat of 675301097 found, step 392681
    - repeat of 867176629 found, step 409633
    - repeat of 4161312197 found, step 413756
  - Checking PRNG output completed (0.0964041 seconds)
- Testing for repeats completed (0.0983638 seconds)
---
14 repeats, p-value = 0.104861

Memory usage summary: heap total: 10260168, heap peak: 10260168, stack peak: 5648
         total calls   total memory   failed calls
 malloc|     414475       10260168              0
realloc|          0              0              0  (nomove:0, dec:0, free:0)
 calloc|          0              0              0
   free|     414474       10187464
Histogram for block sizes:
   16-31         414473  99% ==================================================
   large              2  <1% 
