Testing pcg32
	0..4294967295 is range of generator
	198893 outputs to scan for duplicates [3.03485*sqrt(range)]
	4.60521 duplicates expected on average
	0.00999963 is probability of zero duplicates
	0x548a2ffe is seed for this run
---
- Testing for repeats started...
  - Allocating memory started...
    - allocated hash table of reserved for 198893 elements
  - Allocating memory completed (0.00146717 seconds)
  - Checking PRNG output started...
    - repeat of 584332885 found, step 71407
    - repeat of 2937859339 found, step 105226
    - repeat of 2423370208 found, step 133091
    - repeat of 2087528875 found, step 142433
    - repeat of 2421685606 found, step 172417
    - repeat of 1450219026 found, step 183793
    - repeat of 783200712 found, step 184100
    - repeat of 3340918253 found, step 193534
  - Checking PRNG output completed (0.0514119 seconds)
- Testing for repeats completed (0.0528948 seconds)
---
8 repeats, p-value = 1 - 0.0453327

Memory usage summary: heap total: 4874136, heap peak: 4874136, stack peak: 5648
         total calls   total memory   failed calls
 malloc|     198887        4874136              0
realloc|          0              0              0  (nomove:0, dec:0, free:0)
 calloc|          0              0              0
   free|     198886        4801432
Histogram for block sizes:
   16-31         198885  99% ==================================================
   large              2  <1% 
