Testing gjrand32
	0..4294967295 is range of generator
	414487 outputs to scan for duplicates [6.32456*sqrt(range)]
	20.0001 duplicates expected on average
	2.06097e-09 is probability of zero duplicates
	0x7b050db0 is seed for this run
---
- Testing for repeats started...
  - Allocating memory started...
    - allocated array of size 414487.
  - Allocating memory completed (4.826e-06 seconds)
  - Storing PRNG output started...
  - Storing PRNG output completed (0.00228201 seconds)
  - Sorting started...
  - Sorting completed (0.0589311 seconds)
  - Scanning for duplicates started...
    - repeat of 440194841 found
    - repeat of 465857057 found
    - repeat of 556193049 found
    - repeat of 563003613 found
    - repeat of 598232176 found
    - repeat of 871676416 found
    - repeat of 1776615322 found
    - repeat of 2615818003 found
    - repeat of 2691211908 found
    - repeat of 2751604779 found
    - repeat of 3145972696 found
    - repeat of 3787358521 found
  - Scanning for duplicates completed (0.000523085 seconds)
- Testing for repeats completed (0.061756 seconds)
---
12 repeats, p-value = 0.0390104

Memory usage summary: heap total: 1730652, heap peak: 1730652, stack peak: 5600
         total calls   total memory   failed calls
 malloc|          2        1730652              0
realloc|          0              0              0  (nomove:0, dec:0, free:0)
 calloc|          0              0              0
   free|          0              0
Histogram for block sizes:
   large              2 100% ==================================================
