Testing xoroshiro64plus32
	0..4294967295 is range of generator
	198893 outputs to scan for duplicates [3.03485*sqrt(range)]
	4.60521 duplicates expected on average
	0.00999963 is probability of zero duplicates
	0xe9da549c is seed for this run
---
- Testing for repeats started...
  - Allocating memory started...
    - allocated bloomish filter with 16384 64-bit elements (3 bits/entry)
    - allocated possible-match log with 8192 32-bit elements
  - Allocating memory completed (2.1846e-05 seconds)
  - Phase 1, Gathering repeat candidates started...
    - 5698 repeat candidates found
  - Phase 1, Gathering repeat candidates completed (0.00508078 seconds)
  - Reallocating memory started...
    - Deallocated bloomish filter
    - Allocated hash table of the same size
  - Reallocating memory completed (1.6873e-05 seconds)
  - Phase 2, Storing candidates in hash table started...
  - Phase 2, Storing candidates in hash table completed (9.3205e-05 seconds)
  - Phase 3, Testing candidates started...
    - repeat of 3597854924 found, step 34386
    - repeat of 4151259380 found, step 88901
    - repeat of 23704153 found, step 111824
    - repeat of 4088400295 found, step 122860
    - repeat of 3192395715 found, step 184749
    - repeat of 174686021 found, step 185887
    - repeat of 1802952630 found, step 197429
  - Phase 3, Testing candidates completed (0.00472157 seconds)
- Testing for repeats completed (0.00995853 seconds)
---
7 repeats, p-value = 1 - 0.0955042

Memory usage summary: heap total: 318465, heap peak: 236544, stack peak: 5680
         total calls   total memory   failed calls
 malloc|          5         318465              0
realloc|          0              0              0  (nomove:0, dec:0, free:0)
 calloc|          0              0              0
   free|          4         245761
Histogram for block sizes:
16384-16399           1  20% ================
32768-32783           1  20% ================
   large              3  60% ==================================================
