Testing std::mt19937
	0..4294967295 is range of generator
	198893 outputs to scan for duplicates [3.03485*sqrt(range)]
	4.60521 duplicates expected on average
	0.00999963 is probability of zero duplicates
	0x1e609601 is seed for this run
---
- Testing for repeats started...
  - Allocating memory started...
    - allocated array of size 198893.
  - Allocating memory completed (9.003e-06 seconds)
  - Storing PRNG output started...
  - Storing PRNG output completed (0.0025339 seconds)
  - Sorting started...
  - Sorting completed (0.0231835 seconds)
  - Scanning for duplicates started...
    - repeat of 127413531 found
    - repeat of 366436842 found
    - repeat of 1661138714 found
    - repeat of 3233297856 found
    - repeat of 3481642842 found
    - repeat of 3929225572 found
  - Scanning for duplicates completed (0.000168684 seconds)
- Testing for repeats completed (0.0259131 seconds)
---
6 repeats, p-value = 1 - 0.18266

Memory usage summary: heap total: 1663848, heap peak: 1663848, stack peak: 10528
         total calls   total memory   failed calls
 malloc|          2        1663848              0
realloc|          0              0              0  (nomove:0, dec:0, free:0)
 calloc|          0              0              0
   free|          0              0
Histogram for block sizes:
   large              2 100% ==================================================
