Testing xorshift32plain32a
	0..4294967295 is range of generator
	414487 outputs to scan for duplicates [6.32456*sqrt(range)]
	19.9994 duplicates expected on average
	2.06239e-09 is probability of zero duplicates
	0x62ad5470 is seed for this run
---
- Testing for repeats started...
  - Allocating memory started...
    - allocated array of size 414487.
  - Allocating memory completed (5.003e-06 seconds)
  - Storing PRNG output started...
  - Storing PRNG output completed (0.00184263 seconds)
  - Sorting started...
  - Sorting completed (0.0347219 seconds)
  - Scanning for duplicates started...
  - Scanning for duplicates completed (0.000348837 seconds)
- Testing for repeats completed (0.0369393 seconds)
---
0 repeats, p-value = 2.06239e-09

Memory usage summary: heap total: 1730652, heap peak: 1730652, stack peak: 5568
         total calls   total memory   failed calls
 malloc|          2        1730652              0
realloc|          0              0              0  (nomove:0, dec:0, free:0)
 calloc|          0              0              0
   free|          0              0
Histogram for block sizes:
   large              2 100% ==================================================
