Testing pcg64
	0..18446744073709551615 is range of generator
	13034599790 outputs to scan for duplicates [3.03485*sqrt(range)]
	4.60517 duplicates expected on average
	0.01 is probability of zero duplicates
	0x932006ec is seed for this run
---
- Testing for repeats started...
  - Allocating memory started...
    - allocated array of size 13034599790.
  - Allocating memory completed (8.981e-06 seconds)
  - Storing PRNG output started...
  - Storing PRNG output completed (65.3409 seconds)
  - Sorting started...
  - Sorting completed (1926.72 seconds)
  - Scanning for duplicates started...
    - repeat of 5139829623285469677 found
    - repeat of 6685372706264342510 found
    - repeat of 7386638722688600559 found
  - Scanning for duplicates completed (15.2229 seconds)
- Testing for repeats completed (2007.28 seconds)
---
3 repeats, p-value = 0.324864

Memory usage summary: heap total: 104276871024, heap peak: 104276871024, stack peak: 5584
         total calls   total memory   failed calls
 malloc|          2   104276871024              0
realloc|          0              0              0  (nomove:0, dec:0, free:0)
 calloc|          0              0              0
   free|          0              0
Histogram for block sizes:
   large              2 100% ==================================================
