Testing pcg32
	0..4294967295 is range of generator
	414487 outputs to scan for duplicates [6.32456*sqrt(range)]
	20.0001 duplicates expected on average
	2.06097e-09 is probability of zero duplicates
	0xb41b9eb6 is seed for this run
---
- Testing for repeats started...
  - Allocating memory started...
    - allocated array of size 414487.
  - Allocating memory completed (6.242e-06 seconds)
  - Storing PRNG output started...
  - Storing PRNG output completed (0.0017764 seconds)
  - Sorting started...
  - Sorting completed (0.0393505 seconds)
  - Scanning for duplicates started...
    - repeat of 293165151 found
    - repeat of 397150448 found
    - repeat of 678057227 found
    - repeat of 687872923 found
    - repeat of 759426795 found
    - repeat of 1158230000 found
    - repeat of 1234040140 found
    - repeat of 1301211820 found
    - repeat of 1553644251 found
    - repeat of 1754454458 found
    - repeat of 1782504311 found
    - repeat of 1981577783 found
    - repeat of 2005461956 found
    - repeat of 2343465692 found
    - repeat of 2406660178 found
    - repeat of 2691028024 found
    - repeat of 3057964896 found
    - repeat of 3472724428 found
    - repeat of 3486473271 found
    - repeat of 3577108003 found
    - repeat of 3946718623 found
    - repeat of 3982292972 found
    - repeat of 4066082000 found
  - Scanning for duplicates completed (0.000401205 seconds)
- Testing for repeats completed (0.041554 seconds)
---
23 repeats, p-value = 1 - 0.212513

Memory usage summary: heap total: 1730652, heap peak: 1730652, stack peak: 5568
         total calls   total memory   failed calls
 malloc|          2        1730652              0
realloc|          0              0              0  (nomove:0, dec:0, free:0)
 calloc|          0              0              0
   free|          0              0
Histogram for block sizes:
   large              2 100% ==================================================
