Testing jsf32
	0..4294967295 is range of generator
	414487 outputs to scan for duplicates [6.32456*sqrt(range)]
	20.0001 duplicates expected on average
	2.06097e-09 is probability of zero duplicates
	0xa963e3a1 is seed for this run
---
- Testing for repeats started...
  - Allocating memory started...
    - allocated 256 buckets of capacity 2023
    - allocated 256 bucket counters
  - Allocating memory completed (9.48e-06 seconds)
  - Storing PRNG output started...
  - Storing PRNG output completed (0.00234985 seconds)
  - Sorting started...
  - Sorting completed (0.0380656 seconds)
  - Scanning for duplicates started...
    - repeat of 1729151760 found
    - repeat of 102517545 found
    - repeat of 1923128367 found
    - repeat of 345159996 found
    - repeat of 828527948 found
    - repeat of 705983833 found
    - repeat of 3736542049 found
    - repeat of 1658183306 found
    - repeat of 1954369173 found
    - repeat of 258146976 found
    - repeat of 2696349618 found
    - repeat of 1496586957 found
    - repeat of 257867736 found
    - repeat of 4146827240 found
    - repeat of 1005199852 found
  - Scanning for duplicates completed (0.000593701 seconds)
- Testing for repeats completed (0.0410405 seconds)
---
15 repeats, p-value = 0.156508

Memory usage summary: heap total: 2145280, heap peak: 2145280, stack peak: 5616
         total calls   total memory   failed calls
 malloc|          3        2145280              0
realloc|          0              0              0  (nomove:0, dec:0, free:0)
 calloc|          0              0              0
   free|          0              0
Histogram for block sizes:
 1024-1039            1  33% =========================
   large              2  66% ==================================================
