Testing gjrand32
	0..4294967295 is range of generator
	414487 outputs to scan for duplicates [6.32456*sqrt(range)]
	20.0001 duplicates expected on average
	2.06097e-09 is probability of zero duplicates
	0x324f1755 is seed for this run
---
- Testing for repeats started...
  - Allocating memory started...
    - allocated array of size 414487.
  - Allocating memory completed (8.906e-06 seconds)
  - Storing PRNG output started...
  - Storing PRNG output completed (0.00418157 seconds)
  - Sorting started...
  - Sorting completed (0.0578266 seconds)
  - Scanning for duplicates started...
    - repeat of 26383484 found
    - repeat of 701232767 found
    - repeat of 1052972119 found
    - repeat of 1488688614 found
    - repeat of 1888305468 found
    - repeat of 1903648227 found
    - repeat of 1990577670 found
    - repeat of 2039782070 found
    - repeat of 2076159733 found
    - repeat of 2719900741 found
    - repeat of 3788100568 found
    - repeat of 4080929474 found
    - repeat of 4218274314 found
  - Scanning for duplicates completed (0.000492511 seconds)
- Testing for repeats completed (0.0625276 seconds)
---
13 repeats, p-value = 0.0661252

Memory usage summary: heap total: 1730652, heap peak: 1730652, stack peak: 5600
         total calls   total memory   failed calls
 malloc|          2        1730652              0
realloc|          0              0              0  (nomove:0, dec:0, free:0)
 calloc|          0              0              0
   free|          0              0
Histogram for block sizes:
   large              2 100% ==================================================
