- bump_allocator_static< std::__detail::_Hash_node<unsigned int, false> > (item size = 16) at 0x6042d0 created!
- bump_allocator_static< std::__detail::_Hash_node_base* > (item size = 8) at 0x604310 created!
- mempool at 0x604298 allocated new chunk at 0x7fecdebbd020
- mempool at 0x604298 deallocated chunk at 0x7fecdebbd020
Testing pcg32
	0..4294967295 is range of generator
	414487 outputs to scan for duplicates [6.32456*sqrt(range)]
	20.0001 duplicates expected on average
	2.06097e-09 is probability of zero duplicates
	0x59222b05 is seed for this run
---
- Testing for repeats started...
  - Allocating memory started...
    - allocated hash table of reserved for 414487 elements
  - Allocating memory completed (0.00168373 seconds)
  - Checking PRNG output started...
    - repeat of 302844923 found, step 64584
    - repeat of 3680592698 found, step 135956
    - repeat of 2344278882 found, step 144911
    - repeat of 3994752601 found, step 172788
    - repeat of 3124767068 found, step 184610
    - repeat of 3010191280 found, step 225321
    - repeat of 493064486 found, step 261149
    - repeat of 2990920978 found, step 263780
    - repeat of 3820496566 found, step 286591
    - repeat of 1609315397 found, step 293679
    - repeat of 2777327578 found, step 295062
    - repeat of 3209702272 found, step 309541
    - repeat of 2591393371 found, step 319605
    - repeat of 1061233577 found, step 353840
    - repeat of 176706171 found, step 375900
    - repeat of 2406796470 found, step 388986
    - repeat of 3823002052 found, step 390710
    - repeat of 1398012594 found, step 403515
    - repeat of 1378266029 found, step 406054
    - repeat of 3248654632 found, step 407883
    - repeat of 2378522555 found, step 413333
  - Checking PRNG output completed (0.062052 seconds)
- Testing for repeats completed (0.0637587 seconds)
---
21 repeats, p-value = 1 - 0.35631
- bump_allocator_static< std::__detail::_Hash_node_base* > at 0x604310 destroyed!
 - total_allocations_  = 1
 - active_allocations_ = 0
 - high_allocations_   = 1
 - total_mem_  = 3555896
 - active_mem_ = 0
 - high_mem_   = 3555896
- bump_allocator_static< std::__detail::_Hash_node<unsigned int, false> > at 0x6042d0 destroyed!
 - total_allocations_  = 414466
 - active_allocations_ = 0
 - high_allocations_   = 414466
 - total_mem_  = 6631456
 - active_mem_ = 0
 - high_mem_   = 6631456

Memory usage summary: heap total: 1073815760, heap peak: 1073815568, stack peak: 2816
         total calls   total memory   failed calls
 malloc|          5     1073815568              0
realloc|          4            192              0  (nomove:0, dec:0, free:0)
 calloc|          0              0              0
   free|          6     1073742032
Histogram for block sizes:
   16-31              1  11% =========================
   32-47              2  22% ==================================================
   64-79              2  22% ==================================================
  512-527             2  22% ==================================================
   large              2  22% ==================================================
