Testing xoroshiro64star32
	0..4294967295 is range of generator
	414487 outputs to scan for duplicates [6.32456*sqrt(range)]
	20.0001 duplicates expected on average
	2.06097e-09 is probability of zero duplicates
	0x2a096a59 is seed for this run
---
- Testing for repeats started...
  - Allocating memory started...
    - allocated bloomish filter with 32768 64-bit elements (3 bits/entry)
    - allocated possible-match log with 16384 32-bit elements
  - Allocating memory completed (1.1438e-05 seconds)
  - Phase 1, Gathering repeat candidates started...
    - 15285 repeat candidates found
  - Phase 1, Gathering repeat candidates completed (0.00560046 seconds)
  - Reallocating memory started...
    - Deallocated bloomish filter
    - Allocated hash table of the same size
  - Reallocating memory completed (8.7274e-05 seconds)
  - Phase 2, Storing candidates in hash table started...
  - Phase 2, Storing candidates in hash table completed (0.000140051 seconds)
  - Phase 3, Testing candidates started...
    - repeat of 1325498715 found, step 43147
    - repeat of 4077147627 found, step 146166
    - repeat of 3502079886 found, step 158773
    - repeat of 748130704 found, step 201534
    - repeat of 57286644 found, step 232110
    - repeat of 2887657123 found, step 246040
    - repeat of 226377509 found, step 256892
    - repeat of 4182540561 found, step 270719
    - repeat of 491250107 found, step 274403
    - repeat of 1547582796 found, step 282507
    - repeat of 924753687 found, step 300056
    - repeat of 2832639094 found, step 316047
    - repeat of 4113375081 found, step 319524
    - repeat of 1927368851 found, step 327106
    - repeat of 3358278122 found, step 327832
    - repeat of 2619561094 found, step 349467
    - repeat of 3227954224 found, step 353007
    - repeat of 2159595720 found, step 367029
    - repeat of 3664143489 found, step 381177
    - repeat of 3698251574 found, step 387207
  - Phase 3, Testing candidates completed (0.00669188 seconds)
- Testing for repeats completed (0.012551 seconds)
---
20 repeats, p-value = 1 - 0.440915

Memory usage summary: heap total: 564225, heap peak: 400384, stack peak: 5680
         total calls   total memory   failed calls
 malloc|          5         564225              0
realloc|          0              0              0  (nomove:0, dec:0, free:0)
 calloc|          0              0              0
   free|          4         491521
Histogram for block sizes:
32768-32783           1  20% ============
   large              4  80% ==================================================
