Testing jsf32
	0..4294967295 is range of generator
	414487 outputs to scan for duplicates [6.32456*sqrt(range)]
	20.0001 duplicates expected on average
	2.06097e-09 is probability of zero duplicates
	0x2f6a4e1f is seed for this run
---
- Testing for repeats started...
  - Allocating memory started...
    - allocated bloomish filter with 32768 64-bit elements (3 bits/entry)
    - allocated possible-match log with 16384 32-bit elements
  - Allocating memory completed (1.4577e-05 seconds)
  - Phase 1, Gathering repeat candidates started...
    - 15471 repeat candidates found
  - Phase 1, Gathering repeat candidates completed (0.00771029 seconds)
  - Reallocating memory started...
    - Deallocated bloomish filter
    - Allocated hash table of the same size
  - Reallocating memory completed (0.000118861 seconds)
  - Phase 2, Storing candidates in hash table started...
  - Phase 2, Storing candidates in hash table completed (0.000207655 seconds)
  - Phase 3, Testing candidates started...
    - repeat of 3573829840 found, step 35596
    - repeat of 380712612 found, step 50645
    - repeat of 4003818338 found, step 186063
    - repeat of 4243581835 found, step 210332
    - repeat of 2948244947 found, step 212735
    - repeat of 2230542039 found, step 217966
    - repeat of 2596680588 found, step 245888
    - repeat of 1535104407 found, step 246216
    - repeat of 1895991839 found, step 270701
    - repeat of 969281524 found, step 304839
    - repeat of 1546227252 found, step 317258
    - repeat of 2020732997 found, step 332313
    - repeat of 55295841 found, step 333669
    - repeat of 3847286064 found, step 341892
    - repeat of 311829780 found, step 345120
    - repeat of 2467409988 found, step 362296
    - repeat of 3222317714 found, step 376819
    - repeat of 931312875 found, step 404928
    - repeat of 756977702 found, step 413378
  - Phase 3, Testing candidates completed (0.00933648 seconds)
- Testing for repeats completed (0.0174183 seconds)
---
19 repeats, p-value = 0.470249

Memory usage summary: heap total: 564225, heap peak: 400384, stack peak: 5712
         total calls   total memory   failed calls
 malloc|          5         564225              0
realloc|          0              0              0  (nomove:0, dec:0, free:0)
 calloc|          0              0              0
   free|          4         491521
Histogram for block sizes:
32768-32783           1  20% ============
   large              4  80% ==================================================
