Testing xoroshiro128starstar64
	0..18446744073709551615 is range of generator
	13034599790 outputs to scan for duplicates [3.03485*sqrt(range)]
	4.60517 duplicates expected on average
	0.01 is probability of zero duplicates
	0x46c9e581 is seed for this run
---
- Testing for repeats started...
  - Allocating memory started...
    - allocated array of size 13034599790.
  - Allocating memory completed (1.4703e-05 seconds)
  - Storing PRNG output started...
  - Storing PRNG output completed (54.9354 seconds)
  - Sorting started...
  - Sorting completed (1968.17 seconds)
  - Scanning for duplicates started...
    - repeat of 7653902060579426227 found
    - repeat of 12098771999014263649 found
    - repeat of 12904137761613876295 found
    - repeat of 14340927670598437952 found
    - repeat of 14566623429127970331 found
    - repeat of 15533296080797019626 found
    - repeat of 17382945371345062364 found
    - repeat of 17504553520848841171 found
  - Scanning for duplicates completed (16.2794 seconds)
- Testing for repeats completed (2039.39 seconds)
---
8 repeats, p-value = 1 - 0.0453308

Memory usage summary: heap total: 104276871024, heap peak: 104276871024, stack peak: 5568
         total calls   total memory   failed calls
 malloc|          2   104276871024              0
realloc|          0              0              0  (nomove:0, dec:0, free:0)
 calloc|          0              0              0
   free|          0              0
Histogram for block sizes:
   large              2 100% ==================================================
