- bump_allocator_static< std::__detail::_Hash_node<unsigned int, false> > (item size = 16) at 0x6042d0 created!
- bump_allocator_static< std::__detail::_Hash_node_base* > (item size = 8) at 0x604310 created!
- mempool at 0x604298 allocated new chunk at 0x7f91cdc7d020
- mempool at 0x604298 deallocated chunk at 0x7f91cdc7d020
Testing xoroshiro64star32
	0..4294967295 is range of generator
	414487 outputs to scan for duplicates [6.32456*sqrt(range)]
	20.0001 duplicates expected on average
	2.06097e-09 is probability of zero duplicates
	0x82b19daa is seed for this run
---
- Testing for repeats started...
  - Allocating memory started...
    - allocated hash table of reserved for 414487 elements
  - Allocating memory completed (0.00216867 seconds)
  - Checking PRNG output started...
    - repeat of 2598305703 found, step 40234
    - repeat of 3929706202 found, step 68356
    - repeat of 2556052496 found, step 177293
    - repeat of 1648547966 found, step 196675
    - repeat of 770773646 found, step 225665
    - repeat of 2315724465 found, step 238059
    - repeat of 2651048054 found, step 246536
    - repeat of 1663295941 found, step 328870
    - repeat of 2588475467 found, step 335671
    - repeat of 3428849254 found, step 340468
    - repeat of 3366734789 found, step 388404
    - repeat of 779866977 found, step 403817
  - Checking PRNG output completed (0.0392985 seconds)
- Testing for repeats completed (0.0414828 seconds)
---
12 repeats, p-value = 0.0390104
- bump_allocator_static< std::__detail::_Hash_node_base* > at 0x604310 destroyed!
 - total_allocations_  = 1
 - active_allocations_ = 0
 - high_allocations_   = 1
 - total_mem_  = 3555896
 - active_mem_ = 0
 - high_mem_   = 3555896
- bump_allocator_static< std::__detail::_Hash_node<unsigned int, false> > at 0x6042d0 destroyed!
 - total_allocations_  = 414475
 - active_allocations_ = 0
 - high_allocations_   = 414475
 - total_mem_  = 6631600
 - active_mem_ = 0
 - high_mem_   = 6631600

Memory usage summary: heap total: 1073815760, heap peak: 1073815568, stack peak: 2816
         total calls   total memory   failed calls
 malloc|          5     1073815568              0
realloc|          4            192              0  (nomove:0, dec:0, free:0)
 calloc|          0              0              0
   free|          6     1073742032
Histogram for block sizes:
   16-31              1  11% =========================
   32-47              2  22% ==================================================
   64-79              2  22% ==================================================
  512-527             2  22% ==================================================
   large              2  22% ==================================================
