- bump_allocator_static< std::__detail::_Hash_node<unsigned long, false> > (item size = 16) at 0x6042d0 created!
- bump_allocator_static< std::__detail::_Hash_node_base* > (item size = 8) at 0x604310 created!
- mempool at 0x604298 allocated new chunk at 0x7f7570652020
- mempool at 0x604298 deallocated chunk at 0x7f7570652020
Testing std::mt19937
	0..4294967295 is range of generator
	414487 outputs to scan for duplicates [6.32456*sqrt(range)]
	20.0001 duplicates expected on average
	2.06097e-09 is probability of zero duplicates
	0x241baace is seed for this run
---
- Testing for repeats started...
  - Allocating memory started...
    - allocated hash table of reserved for 414487 elements
  - Allocating memory completed (0.00212296 seconds)
  - Checking PRNG output started...
    - repeat of 2247352821 found, step 72583
    - repeat of 2705931159 found, step 74090
    - repeat of 4273518018 found, step 132377
    - repeat of 29751714 found, step 133085
    - repeat of 3823699460 found, step 144561
    - repeat of 903292321 found, step 186466
    - repeat of 675348142 found, step 198567
    - repeat of 2779234125 found, step 207629
    - repeat of 3226462524 found, step 210660
    - repeat of 2406207052 found, step 279396
    - repeat of 2366259905 found, step 309762
    - repeat of 3782841995 found, step 317918
    - repeat of 3932387373 found, step 339049
    - repeat of 1378976198 found, step 363195
    - repeat of 50300983 found, step 372026
    - repeat of 4216851106 found, step 386295
    - repeat of 2019215584 found, step 393061
    - repeat of 2227212427 found, step 393949
    - repeat of 1813961636 found, step 397707
  - Checking PRNG output completed (0.0393766 seconds)
- Testing for repeats completed (0.0415135 seconds)
---
19 repeats, p-value = 0.470249
- bump_allocator_static< std::__detail::_Hash_node_base* > at 0x604310 destroyed!
 - total_allocations_  = 1
 - active_allocations_ = 0
 - high_allocations_   = 1
 - total_mem_  = 3555896
 - active_mem_ = 0
 - high_mem_   = 3555896
- bump_allocator_static< std::__detail::_Hash_node<unsigned long, false> > at 0x6042d0 destroyed!
 - total_allocations_  = 414468
 - active_allocations_ = 0
 - high_allocations_   = 414468
 - total_mem_  = 6631488
 - active_mem_ = 0
 - high_mem_   = 6631488

Memory usage summary: heap total: 1073815760, heap peak: 1073815568, stack peak: 2816
         total calls   total memory   failed calls
 malloc|          5     1073815568              0
realloc|          4            192              0  (nomove:0, dec:0, free:0)
 calloc|          0              0              0
   free|          6     1073742032
Histogram for block sizes:
   16-31              1  11% =========================
   32-47              2  22% ==================================================
   64-79              2  22% ==================================================
  512-527             2  22% ==================================================
   large              2  22% ==================================================
