- bump_allocator_static< std::__detail::_Hash_node<unsigned int, false> > (item size = 16) at 0x6042d0 created!
- bump_allocator_static< std::__detail::_Hash_node_base* > (item size = 8) at 0x604310 created!
- mempool at 0x604298 allocated new chunk at 0x7f487a86f020
- mempool at 0x604298 deallocated chunk at 0x7f487a86f020
Testing xoroshiro64star32
	0..4294967295 is range of generator
	414487 outputs to scan for duplicates [6.32456*sqrt(range)]
	20.0001 duplicates expected on average
	2.06097e-09 is probability of zero duplicates
	0x51c38e5 is seed for this run
---
- Testing for repeats started...
  - Allocating memory started...
    - allocated hash table of reserved for 414487 elements
  - Allocating memory completed (0.00289323 seconds)
  - Checking PRNG output started...
    - repeat of 1862576358 found, step 15875
    - repeat of 2718239083 found, step 41253
    - repeat of 2090249904 found, step 123928
    - repeat of 686059451 found, step 165360
    - repeat of 4148462909 found, step 175357
    - repeat of 1329471498 found, step 178030
    - repeat of 2986067020 found, step 191869
    - repeat of 2284597156 found, step 192375
    - repeat of 1023279999 found, step 222250
    - repeat of 4122188276 found, step 242401
    - repeat of 3965170798 found, step 247416
    - repeat of 1078609914 found, step 275888
    - repeat of 3721288194 found, step 292408
    - repeat of 2622175193 found, step 321218
    - repeat of 2808430944 found, step 325908
    - repeat of 3279539777 found, step 369457
    - repeat of 2598520186 found, step 375194
    - repeat of 958327419 found, step 378771
    - repeat of 3077711609 found, step 399254
    - repeat of 1321139040 found, step 406694
    - repeat of 2457809793 found, step 412273
  - Checking PRNG output completed (0.0511604 seconds)
- Testing for repeats completed (0.0540799 seconds)
---
21 repeats, p-value = 1 - 0.35631
- bump_allocator_static< std::__detail::_Hash_node_base* > at 0x604310 destroyed!
 - total_allocations_  = 1
 - active_allocations_ = 0
 - high_allocations_   = 1
 - total_mem_  = 3555896
 - active_mem_ = 0
 - high_mem_   = 3555896
- bump_allocator_static< std::__detail::_Hash_node<unsigned int, false> > at 0x6042d0 destroyed!
 - total_allocations_  = 414466
 - active_allocations_ = 0
 - high_allocations_   = 414466
 - total_mem_  = 6631456
 - active_mem_ = 0
 - high_mem_   = 6631456

Memory usage summary: heap total: 1073815760, heap peak: 1073815568, stack peak: 2816
         total calls   total memory   failed calls
 malloc|          5     1073815568              0
realloc|          4            192              0  (nomove:0, dec:0, free:0)
 calloc|          0              0              0
   free|          6     1073742032
Histogram for block sizes:
   16-31              1  11% =========================
   32-47              2  22% ==================================================
   64-79              2  22% ==================================================
  512-527             2  22% ==================================================
   large              2  22% ==================================================
