Testing pcg32_fast
	0..4294967295 is range of generator
	198893 outputs to scan for duplicates [3.03485*sqrt(range)]
	4.60521 duplicates expected on average
	0.00999963 is probability of zero duplicates
	0x9f0c16fe is seed for this run
---
- Testing for repeats started...
  - Allocating memory started...
    - allocated bloomish filter with 16384 64-bit elements (3 bits/entry)
    - allocated possible-match log with 8192 32-bit elements
  - Allocating memory completed (2.0467e-05 seconds)
  - Phase 1, Gathering repeat candidates started...
    - 5740 repeat candidates found
  - Phase 1, Gathering repeat candidates completed (0.00502294 seconds)
  - Reallocating memory started...
    - Deallocated bloomish filter
    - Allocated hash table of the same size
  - Reallocating memory completed (1.6873e-05 seconds)
  - Phase 2, Storing candidates in hash table started...
  - Phase 2, Storing candidates in hash table completed (8.9072e-05 seconds)
  - Phase 3, Testing candidates started...
    - repeat of 63610619 found, step 96822
    - repeat of 2914909536 found, step 139100
    - repeat of 1776125155 found, step 149868
    - repeat of 959557022 found, step 168310
    - repeat of 1862999342 found, step 181395
    - repeat of 3229732803 found, step 189883
  - Phase 3, Testing candidates completed (0.00488881 seconds)
- Testing for repeats completed (0.0100604 seconds)
---
6 repeats, p-value = 1 - 0.18266

Memory usage summary: heap total: 318465, heap peak: 236544, stack peak: 5664
         total calls   total memory   failed calls
 malloc|          5         318465              0
realloc|          0              0              0  (nomove:0, dec:0, free:0)
 calloc|          0              0              0
   free|          4         245761
Histogram for block sizes:
16384-16399           1  20% ================
32768-32783           1  20% ================
   large              3  60% ==================================================
