Testing xoroshiro64star32
	0..4294967295 is range of generator
	414487 outputs to scan for duplicates [6.32456*sqrt(range)]
	20.0001 duplicates expected on average
	2.06097e-09 is probability of zero duplicates
	0x90beba14 is seed for this run
---
- Testing for repeats started...
  - Allocating memory started...
    - allocated array of size 414487.
  - Allocating memory completed (4.7e-06 seconds)
  - Storing PRNG output started...
  - Storing PRNG output completed (0.00157544 seconds)
  - Sorting started...
  - Sorting completed (0.040074 seconds)
  - Scanning for duplicates started...
    - repeat of 389579931 found
    - repeat of 1012240850 found
    - repeat of 1062237927 found
    - repeat of 1729565674 found
    - repeat of 1763165145 found
    - repeat of 1781404613 found
    - repeat of 2131180608 found
    - repeat of 2134475401 found
    - repeat of 2626614187 found
    - repeat of 2811171228 found
    - repeat of 3705120072 found
    - repeat of 3788347947 found
  - Scanning for duplicates completed (0.000398461 seconds)
- Testing for repeats completed (0.0420644 seconds)
---
12 repeats, p-value = 0.0390104

Memory usage summary: heap total: 1730652, heap peak: 1730652, stack peak: 5568
         total calls   total memory   failed calls
 malloc|          2        1730652              0
realloc|          0              0              0  (nomove:0, dec:0, free:0)
 calloc|          0              0              0
   free|          0              0
Histogram for block sizes:
   large              2 100% ==================================================
