Testing pcg32
	0..4294967295 is range of generator
	414487 outputs to scan for duplicates [6.32456*sqrt(range)]
	20.0001 duplicates expected on average
	2.06097e-09 is probability of zero duplicates
	0x2277663f is seed for this run
---
- Testing for repeats started...
  - Allocating memory started...
    - allocated array of size 414487.
  - Allocating memory completed (5.016e-06 seconds)
  - Storing PRNG output started...
  - Storing PRNG output completed (0.00156376 seconds)
  - Sorting started...
  - Sorting completed (0.0589327 seconds)
  - Scanning for duplicates started...
    - repeat of 67761995 found
    - repeat of 332570987 found
    - repeat of 671391409 found
    - repeat of 837050394 found
    - repeat of 1003356463 found
    - repeat of 1105050072 found
    - repeat of 1207597833 found
    - repeat of 1207791758 found
    - repeat of 1463309122 found
    - repeat of 1725506106 found
    - repeat of 1769958751 found
    - repeat of 1837289262 found
    - repeat of 1845760465 found
    - repeat of 1850998928 found
    - repeat of 2080453443 found
    - repeat of 2181468554 found
    - repeat of 2397805714 found
    - repeat of 2669309109 found
    - repeat of 2864136229 found
    - repeat of 2955393344 found
    - repeat of 2959561066 found
    - repeat of 3029926981 found
    - repeat of 3107364171 found
    - repeat of 3344250130 found
    - repeat of 3362265139 found
    - repeat of 3385262129 found
    - repeat of 3443957148 found
    - repeat of 3520269487 found
    - repeat of 3880627468 found
    - repeat of 3883655424 found
    - repeat of 3950267637 found
    - repeat of 3964405923 found
    - repeat of 3967319543 found
  - Scanning for duplicates completed (0.000527623 seconds)
- Testing for repeats completed (0.0610454 seconds)
---
33 repeats, p-value = 1 - 0.00268862

Memory usage summary: heap total: 1730652, heap peak: 1730652, stack peak: 5568
         total calls   total memory   failed calls
 malloc|          2        1730652              0
realloc|          0              0              0  (nomove:0, dec:0, free:0)
 calloc|          0              0              0
   free|          0              0
Histogram for block sizes:
   large              2 100% ==================================================
