- bump_allocator_static< std::__detail::_Hash_node<unsigned int, false> > (item size = 16) at 0x6042d0 created!
- bump_allocator_static< std::__detail::_Hash_node_base* > (item size = 8) at 0x604310 created!
- mempool at 0x604298 allocated new chunk at 0x7fa945461020
- mempool at 0x604298 deallocated chunk at 0x7fa945461020
Testing xoroshiro64star32
	0..4294967295 is range of generator
	414487 outputs to scan for duplicates [6.32456*sqrt(range)]
	20.0001 duplicates expected on average
	2.06097e-09 is probability of zero duplicates
	0xd616b827 is seed for this run
---
- Testing for repeats started...
  - Allocating memory started...
    - allocated hash table of reserved for 414487 elements
  - Allocating memory completed (0.00186725 seconds)
  - Checking PRNG output started...
    - repeat of 189545073 found, step 48885
    - repeat of 2766269848 found, step 81296
    - repeat of 44518072 found, step 88476
    - repeat of 2129133279 found, step 145289
    - repeat of 2860465383 found, step 170118
    - repeat of 4202449376 found, step 203909
    - repeat of 2042893844 found, step 207945
    - repeat of 2829090818 found, step 222616
    - repeat of 2577987421 found, step 247988
    - repeat of 1350165815 found, step 248931
    - repeat of 1743081553 found, step 283099
    - repeat of 1699927253 found, step 283915
    - repeat of 3574471721 found, step 285172
    - repeat of 2025150075 found, step 301727
    - repeat of 2355319566 found, step 335433
    - repeat of 3272415112 found, step 335575
    - repeat of 206866661 found, step 340501
    - repeat of 113841171 found, step 356221
    - repeat of 3617763116 found, step 358394
    - repeat of 994503999 found, step 358690
    - repeat of 421632678 found, step 364164
    - repeat of 1461850173 found, step 366402
  - Checking PRNG output completed (0.0389254 seconds)
- Testing for repeats completed (0.0408133 seconds)
---
22 repeats, p-value = 1 - 0.279396
- bump_allocator_static< std::__detail::_Hash_node_base* > at 0x604310 destroyed!
 - total_allocations_  = 1
 - active_allocations_ = 0
 - high_allocations_   = 1
 - total_mem_  = 3555896
 - active_mem_ = 0
 - high_mem_   = 3555896
- bump_allocator_static< std::__detail::_Hash_node<unsigned int, false> > at 0x6042d0 destroyed!
 - total_allocations_  = 414465
 - active_allocations_ = 0
 - high_allocations_   = 414465
 - total_mem_  = 6631440
 - active_mem_ = 0
 - high_mem_   = 6631440

Memory usage summary: heap total: 1073815760, heap peak: 1073815568, stack peak: 2816
         total calls   total memory   failed calls
 malloc|          5     1073815568              0
realloc|          4            192              0  (nomove:0, dec:0, free:0)
 calloc|          0              0              0
   free|          6     1073742032
Histogram for block sizes:
   16-31              1  11% =========================
   32-47              2  22% ==================================================
   64-79              2  22% ==================================================
  512-527             2  22% ==================================================
   large              2  22% ==================================================
