Testing xoroshiro64star32
	0..4294967295 is range of generator
	414487 outputs to scan for duplicates [6.32456*sqrt(range)]
	20.0001 duplicates expected on average
	2.06097e-09 is probability of zero duplicates
	0x3e8aa37 is seed for this run
---
- Testing for repeats started...
  - Allocating memory started...
    - allocated hash table of reserved for 414487 elements
  - Allocating memory completed (0.00226378 seconds)
  - Checking PRNG output started...
    - repeat of 3740055455 found, step 55299
    - repeat of 3084936958 found, step 166574
    - repeat of 2137581303 found, step 174006
    - repeat of 1361769163 found, step 220545
    - repeat of 783913958 found, step 242815
    - repeat of 2002209863 found, step 243606
    - repeat of 1901454583 found, step 255601
    - repeat of 72829997 found, step 258807
    - repeat of 2905151921 found, step 260350
    - repeat of 281608203 found, step 337551
    - repeat of 662474422 found, step 345459
    - repeat of 3745345905 found, step 348434
    - repeat of 2764058527 found, step 371870
    - repeat of 1084860991 found, step 381869
    - repeat of 900199807 found, step 390583
    - repeat of 980359921 found, step 391297
    - repeat of 809682474 found, step 406960
    - repeat of 4283433801 found, step 407451
  - Checking PRNG output completed (0.101913 seconds)
- Testing for repeats completed (0.104197 seconds)
---
18 repeats, p-value = 0.381414

Memory usage summary: heap total: 10260104, heap peak: 10260104, stack peak: 5648
         total calls   total memory   failed calls
 malloc|     414471       10260104              0
realloc|          0              0              0  (nomove:0, dec:0, free:0)
 calloc|          0              0              0
   free|     414470       10187400
Histogram for block sizes:
   16-31         414469  99% ==================================================
   large              2  <1% 
