Testing pcg32_fast
	0..4294967295 is range of generator
	414487 outputs to scan for duplicates [6.32456*sqrt(range)]
	20.0001 duplicates expected on average
	2.06097e-09 is probability of zero duplicates
	0xfedba0ab is seed for this run
---
- Testing for repeats started...
  - Allocating memory started...
    - allocated bloomish filter with 32768 64-bit elements (3 bits/entry)
    - allocated possible-match log with 16384 32-bit elements
  - Allocating memory completed (1.1069e-05 seconds)
  - Phase 1, Gathering repeat candidates started...
    - 15354 repeat candidates found
  - Phase 1, Gathering repeat candidates completed (0.00706954 seconds)
  - Reallocating memory started...
    - Deallocated bloomish filter
    - Allocated hash table of the same size
  - Reallocating memory completed (0.000105018 seconds)
  - Phase 2, Storing candidates in hash table started...
  - Phase 2, Storing candidates in hash table completed (0.000193179 seconds)
  - Phase 3, Testing candidates started...
    - repeat of 834360165 found, step 109454
    - repeat of 3949777138 found, step 110352
    - repeat of 2855387991 found, step 178828
    - repeat of 1883216259 found, step 205972
    - repeat of 3862803125 found, step 249991
    - repeat of 2123486280 found, step 271531
    - repeat of 531290598 found, step 279876
    - repeat of 2370655803 found, step 281673
    - repeat of 717385270 found, step 290355
    - repeat of 2975276172 found, step 294543
    - repeat of 3313845283 found, step 299084
    - repeat of 1706404095 found, step 304980
    - repeat of 3654161924 found, step 341886
    - repeat of 1864896637 found, step 351753
    - repeat of 4122229337 found, step 362267
    - repeat of 1207237982 found, step 364850
    - repeat of 428051404 found, step 365476
    - repeat of 2303924519 found, step 386565
    - repeat of 1975234607 found, step 388761
  - Phase 3, Testing candidates completed (0.00832807 seconds)
- Testing for repeats completed (0.0157286 seconds)
---
19 repeats, p-value = 0.470249

Memory usage summary: heap total: 564225, heap peak: 400384, stack peak: 5664
         total calls   total memory   failed calls
 malloc|          5         564225              0
realloc|          0              0              0  (nomove:0, dec:0, free:0)
 calloc|          0              0              0
   free|          4         491521
Histogram for block sizes:
32768-32783           1  20% ============
   large              4  80% ==================================================
