Testing std::mt19937
	0..4294967295 is range of generator
	198893 outputs to scan for duplicates [3.03485*sqrt(range)]
	4.60521 duplicates expected on average
	0.00999963 is probability of zero duplicates
	0xdc58188c is seed for this run
---
- Testing for repeats started...
  - Allocating memory started...
    - allocated array of size 198893.
  - Allocating memory completed (5.784e-06 seconds)
  - Storing PRNG output started...
  - Storing PRNG output completed (0.00144906 seconds)
  - Sorting started...
  - Sorting completed (0.0177402 seconds)
  - Scanning for duplicates started...
    - repeat of 489960850 found
    - repeat of 1796950033 found
    - repeat of 2309831115 found
    - repeat of 4240982292 found
  - Scanning for duplicates completed (0.000191691 seconds)
- Testing for repeats completed (0.0193961 seconds)
---
4 repeats, p-value = 1 - 0.487742

Memory usage summary: heap total: 1663848, heap peak: 1663848, stack peak: 10528
         total calls   total memory   failed calls
 malloc|          2        1663848              0
realloc|          0              0              0  (nomove:0, dec:0, free:0)
 calloc|          0              0              0
   free|          0              0
Histogram for block sizes:
   large              2 100% ==================================================
