Testing jsf32
	0..4294967295 is range of generator
	198893 outputs to scan for duplicates [3.03485*sqrt(range)]
	4.60521 duplicates expected on average
	0.00999963 is probability of zero duplicates
	0xd023522e is seed for this run
---
- Testing for repeats started...
  - Allocating memory started...
    - allocated hash table of reserved for 198893 elements
  - Allocating memory completed (0.00114161 seconds)
  - Checking PRNG output started...
    - repeat of 1850546300 found, step 67814
    - repeat of 1847967460 found, step 92340
    - repeat of 1250413316 found, step 126119
    - repeat of 3800925872 found, step 136063
    - repeat of 141619404 found, step 142809
    - repeat of 1239763321 found, step 192904
  - Checking PRNG output completed (0.0423945 seconds)
- Testing for repeats completed (0.043548 seconds)
---
6 repeats, p-value = 1 - 0.18266

Memory usage summary: heap total: 4874168, heap peak: 4874168, stack peak: 5648
         total calls   total memory   failed calls
 malloc|     198889        4874168              0
realloc|          0              0              0  (nomove:0, dec:0, free:0)
 calloc|          0              0              0
   free|     198888        4801464
Histogram for block sizes:
   16-31         198887  99% ==================================================
   large              2  <1% 
