Testing xoroshiro64plus32
	0..4294967295 is range of generator
	414487 outputs to scan for duplicates [6.32456*sqrt(range)]
	20.0001 duplicates expected on average
	2.06097e-09 is probability of zero duplicates
	0xceddb789 is seed for this run
---
- Testing for repeats started...
  - Allocating memory started...
    - allocated array of size 414487.
  - Allocating memory completed (1.1636e-05 seconds)
  - Storing PRNG output started...
  - Storing PRNG output completed (0.00160081 seconds)
  - Sorting started...
  - Sorting completed (0.0341766 seconds)
  - Scanning for duplicates started...
    - repeat of 41923894 found
    - repeat of 210754086 found
    - repeat of 381410315 found
    - repeat of 779355987 found
    - repeat of 960777509 found
    - repeat of 1186538176 found
    - repeat of 1190936294 found
    - repeat of 1421813824 found
    - repeat of 1686044987 found
    - repeat of 2080914490 found
    - repeat of 2134870089 found
    - repeat of 2207856404 found
    - repeat of 2802825030 found
    - repeat of 3320492393 found
    - repeat of 3630542731 found
    - repeat of 3927451563 found
    - repeat of 3951850552 found
    - repeat of 3996946706 found
    - repeat of 4006687540 found
    - repeat of 4182709471 found
    - repeat of 4237935299 found
  - Scanning for duplicates completed (0.000383979 seconds)
- Testing for repeats completed (0.0361906 seconds)
---
21 repeats, p-value = 1 - 0.35631

Memory usage summary: heap total: 1730652, heap peak: 1730652, stack peak: 5568
         total calls   total memory   failed calls
 malloc|          2        1730652              0
realloc|          0              0              0  (nomove:0, dec:0, free:0)
 calloc|          0              0              0
   free|          0              0
Histogram for block sizes:
   large              2 100% ==================================================
