Testing xoroshiro64starstar32
	0..4294967295 is range of generator
	198893 outputs to scan for duplicates [3.03485*sqrt(range)]
	4.60521 duplicates expected on average
	0.00999963 is probability of zero duplicates
	0xc7cf2f7a is seed for this run
---
- Testing for repeats started...
  - Allocating memory started...
    - allocated hash table of reserved for 198893 elements
  - Allocating memory completed (0.00175052 seconds)
  - Checking PRNG output started...
    - repeat of 140439383 found, step 73991
    - repeat of 2018218584 found, step 145485
    - repeat of 384548638 found, step 151821
    - repeat of 4078293891 found, step 153517
    - repeat of 1851030756 found, step 154761
  - Checking PRNG output completed (0.0455156 seconds)
- Testing for repeats completed (0.0472925 seconds)
---
5 repeats, p-value = 1 - 0.315139

Memory usage summary: heap total: 4874184, heap peak: 4874184, stack peak: 5648
         total calls   total memory   failed calls
 malloc|     198890        4874184              0
realloc|          0              0              0  (nomove:0, dec:0, free:0)
 calloc|          0              0              0
   free|     198889        4801480
Histogram for block sizes:
   16-31         198888  99% ==================================================
   large              2  <1% 
