Testing xorshift64star32a
	0..4294967295 is range of generator
	414487 outputs to scan for duplicates [6.32456*sqrt(range)]
	19.9994 duplicates expected on average
	2.06239e-09 is probability of zero duplicates
	0x7a60541 is seed for this run
---
- Testing for repeats started...
  - Allocating memory started...
    - allocated 256 buckets of capacity 2023
    - allocated 256 bucket counters
  - Allocating memory completed (1.2904e-05 seconds)
  - Storing PRNG output started...
  - Storing PRNG output completed (0.00274859 seconds)
  - Sorting started...
  - Sorting completed (0.0383413 seconds)
  - Scanning for duplicates started...
    - repeat of 2510692875 found
    - repeat of 2697504795 found
    - repeat of 1264668964 found
    - repeat of 2785138474 found
    - repeat of 1098031922 found
    - repeat of 1578837302 found
    - repeat of 1756688696 found
    - repeat of 1726594888 found
    - repeat of 3424280666 found
    - repeat of 2108776549 found
    - repeat of 3797049968 found
    - repeat of 3544601743 found
    - repeat of 3571280532 found
    - repeat of 3198896549 found
    - repeat of 1614733734 found
    - repeat of 1581639391 found
    - repeat of 2535816694 found
    - repeat of 2745659898 found
  - Scanning for duplicates completed (0.000677411 seconds)
- Testing for repeats completed (0.0418036 seconds)
---
18 repeats, p-value = 0.381473

Memory usage summary: heap total: 2145280, heap peak: 2145280, stack peak: 5616
         total calls   total memory   failed calls
 malloc|          3        2145280              0
realloc|          0              0              0  (nomove:0, dec:0, free:0)
 calloc|          0              0              0
   free|          0              0
Histogram for block sizes:
 1024-1039            1  33% =========================
   large              2  66% ==================================================
