Testing pcg32_fast
	0..4294967295 is range of generator
	414487 outputs to scan for duplicates [6.32456*sqrt(range)]
	20.0001 duplicates expected on average
	2.06097e-09 is probability of zero duplicates
	0xd129f951 is seed for this run
---
- Testing for repeats started...
  - Allocating memory started...
    - allocated hash table of reserved for 414487 elements
  - Allocating memory completed (0.00153141 seconds)
  - Checking PRNG output started...
    - repeat of 109960001 found, step 163060
    - repeat of 3854641766 found, step 170896
    - repeat of 2930165901 found, step 203426
    - repeat of 3913406339 found, step 219140
    - repeat of 356241300 found, step 232121
    - repeat of 2277414925 found, step 234489
    - repeat of 3729399719 found, step 246069
    - repeat of 2015200991 found, step 248006
    - repeat of 381491479 found, step 271955
    - repeat of 2258339466 found, step 276162
    - repeat of 3079632943 found, step 295010
    - repeat of 2627037466 found, step 316610
    - repeat of 579687500 found, step 337051
    - repeat of 878143163 found, step 347648
    - repeat of 4238880461 found, step 347877
    - repeat of 3228911000 found, step 372302
    - repeat of 2797375026 found, step 403961
  - Checking PRNG output completed (0.0975086 seconds)
- Testing for repeats completed (0.0990567 seconds)
---
17 repeats, p-value = 0.297021

Memory usage summary: heap total: 10260120, heap peak: 10260120, stack peak: 5648
         total calls   total memory   failed calls
 malloc|     414472       10260120              0
realloc|          0              0              0  (nomove:0, dec:0, free:0)
 calloc|          0              0              0
   free|     414471       10187416
Histogram for block sizes:
   16-31         414470  99% ==================================================
   large              2  <1% 
