Testing gjrand32
	0..4294967295 is range of generator
	198893 outputs to scan for duplicates [3.03485*sqrt(range)]
	4.60521 duplicates expected on average
	0.00999963 is probability of zero duplicates
	0xeee7a01b is seed for this run
---
- Testing for repeats started...
  - Allocating memory started...
    - allocated array of size 198893.
  - Allocating memory completed (1.054e-05 seconds)
  - Storing PRNG output started...
  - Storing PRNG output completed (0.00200016 seconds)
  - Sorting started...
  - Sorting completed (0.0286975 seconds)
  - Scanning for duplicates started...
    - repeat of 684891263 found
    - repeat of 1091306154 found
    - repeat of 1322458399 found
    - repeat of 2447295234 found
    - repeat of 2829537599 found
    - repeat of 3699868145 found
    - repeat of 4204206384 found
  - Scanning for duplicates completed (0.000290056 seconds)
- Testing for repeats completed (0.03102 seconds)
---
7 repeats, p-value = 1 - 0.0955042

Memory usage summary: heap total: 868276, heap peak: 868276, stack peak: 5600
         total calls   total memory   failed calls
 malloc|          2         868276              0
realloc|          0              0              0  (nomove:0, dec:0, free:0)
 calloc|          0              0              0
   free|          0              0
Histogram for block sizes:
   large              2 100% ==================================================
