Testing xoroshiro64plus32
	0..4294967295 is range of generator
	414487 outputs to scan for duplicates [6.32456*sqrt(range)]
	20.0001 duplicates expected on average
	2.06097e-09 is probability of zero duplicates
	0x53e41f3 is seed for this run
---
- Testing for repeats started...
  - Allocating memory started...
    - allocated array of size 414487.
  - Allocating memory completed (5.553e-06 seconds)
  - Storing PRNG output started...
  - Storing PRNG output completed (0.00173757 seconds)
  - Sorting started...
  - Sorting completed (0.0398773 seconds)
  - Scanning for duplicates started...
    - repeat of 297851503 found
    - repeat of 562249171 found
    - repeat of 575277474 found
    - repeat of 1373154521 found
    - repeat of 1417443799 found
    - repeat of 1575862088 found
    - repeat of 2342858699 found
    - repeat of 2459932279 found
    - repeat of 2711005690 found
    - repeat of 2772025939 found
    - repeat of 2944050628 found
    - repeat of 2954628053 found
    - repeat of 3094263085 found
    - repeat of 3209401622 found
    - repeat of 3215661727 found
    - repeat of 3294856455 found
    - repeat of 3307660000 found
    - repeat of 3377975534 found
    - repeat of 3472032702 found
    - repeat of 3632838161 found
    - repeat of 3785824385 found
    - repeat of 3833575998 found
  - Scanning for duplicates completed (0.000350007 seconds)
- Testing for repeats completed (0.0419804 seconds)
---
22 repeats, p-value = 1 - 0.279396

Memory usage summary: heap total: 1730652, heap peak: 1730652, stack peak: 5568
         total calls   total memory   failed calls
 malloc|          2        1730652              0
realloc|          0              0              0  (nomove:0, dec:0, free:0)
 calloc|          0              0              0
   free|          0              0
Histogram for block sizes:
   large              2 100% ==================================================
