Testing gjrand32
	0..4294967295 is range of generator
	414487 outputs to scan for duplicates [6.32456*sqrt(range)]
	20.0001 duplicates expected on average
	2.06097e-09 is probability of zero duplicates
	0x42736da8 is seed for this run
---
- Testing for repeats started...
  - Allocating memory started...
    - allocated hash table of reserved for 414487 elements
  - Allocating memory completed (0.00220232 seconds)
  - Checking PRNG output started...
    - repeat of 2045778189 found, step 55329
    - repeat of 1787158226 found, step 85580
    - repeat of 3598157093 found, step 101900
    - repeat of 2209222821 found, step 114501
    - repeat of 2589838108 found, step 171311
    - repeat of 2801156348 found, step 190414
    - repeat of 4053535085 found, step 196274
    - repeat of 3855386371 found, step 222423
    - repeat of 2779192909 found, step 240515
    - repeat of 2998821349 found, step 250561
    - repeat of 3440419494 found, step 261126
    - repeat of 4077052471 found, step 349982
    - repeat of 1522327016 found, step 361231
    - repeat of 2956626384 found, step 361434
    - repeat of 2025688502 found, step 362056
    - repeat of 3234335508 found, step 367703
    - repeat of 2652527224 found, step 369599
    - repeat of 4158103923 found, step 374498
    - repeat of 2797989599 found, step 389185
    - repeat of 1171753402 found, step 389872
    - repeat of 807278913 found, step 408696
  - Checking PRNG output completed (0.120056 seconds)
- Testing for repeats completed (0.122286 seconds)
---
21 repeats, p-value = 1 - 0.35631

Memory usage summary: heap total: 10260056, heap peak: 10260056, stack peak: 5648
         total calls   total memory   failed calls
 malloc|     414468       10260056              0
realloc|          0              0              0  (nomove:0, dec:0, free:0)
 calloc|          0              0              0
   free|     414467       10187352
Histogram for block sizes:
   16-31         414466  99% ==================================================
   large              2  <1% 
