Testing jsf32
	0..4294967295 is range of generator
	414487 outputs to scan for duplicates [6.32456*sqrt(range)]
	20.0001 duplicates expected on average
	2.06097e-09 is probability of zero duplicates
	0xacf0a5d is seed for this run
---
- Testing for repeats started...
  - Allocating memory started...
    - allocated array of size 414487.
  - Allocating memory completed (1.0749e-05 seconds)
  - Storing PRNG output started...
  - Storing PRNG output completed (0.00235191 seconds)
  - Sorting started...
  - Sorting completed (0.0590609 seconds)
  - Scanning for duplicates started...
    - repeat of 114659343 found
    - repeat of 313847150 found
    - repeat of 453720169 found
    - repeat of 588879897 found
    - repeat of 792476515 found
    - repeat of 906634965 found
    - repeat of 1211701386 found
    - repeat of 1273265007 found
    - repeat of 1552561191 found
    - repeat of 1693347328 found
    - repeat of 1769359789 found
    - repeat of 1818786690 found
    - repeat of 2077737342 found
    - repeat of 2222850286 found
    - repeat of 2238854246 found
    - repeat of 2761955986 found
    - repeat of 2930167599 found
    - repeat of 2994013069 found
    - repeat of 3140977140 found
    - repeat of 3311692989 found
    - repeat of 3512876602 found
    - repeat of 4060295041 found
    - repeat of 4095741986 found
    - repeat of 4151676689 found
    - repeat of 4213570236 found
  - Scanning for duplicates completed (0.000495155 seconds)
- Testing for repeats completed (0.061941 seconds)
---
25 repeats, p-value = 1 - 0.112189

Memory usage summary: heap total: 1730652, heap peak: 1730652, stack peak: 5568
         total calls   total memory   failed calls
 malloc|          2        1730652              0
realloc|          0              0              0  (nomove:0, dec:0, free:0)
 calloc|          0              0              0
   free|          0              0
Histogram for block sizes:
   large              2 100% ==================================================
