Testing pcg32
	0..4294967295 is range of generator
	198893 outputs to scan for duplicates [3.03485*sqrt(range)]
	4.60521 duplicates expected on average
	0.00999963 is probability of zero duplicates
	0xcfb084a6 is seed for this run
---
- Testing for repeats started...
  - Allocating memory started...
    - allocated bloomish filter with 16384 64-bit elements (3 bits/entry)
    - allocated possible-match log with 8192 32-bit elements
  - Allocating memory completed (2.129e-05 seconds)
  - Phase 1, Gathering repeat candidates started...
    - 5558 repeat candidates found
  - Phase 1, Gathering repeat candidates completed (0.00519771 seconds)
  - Reallocating memory started...
    - Deallocated bloomish filter
    - Allocated hash table of the same size
  - Reallocating memory completed (1.889e-05 seconds)
  - Phase 2, Storing candidates in hash table started...
  - Phase 2, Storing candidates in hash table completed (8.3146e-05 seconds)
  - Phase 3, Testing candidates started...
    - repeat of 1194861265 found, step 55424
    - repeat of 2209196966 found, step 122005
    - repeat of 2464156147 found, step 139015
    - repeat of 2548707498 found, step 148433
    - repeat of 4174384457 found, step 156428
    - repeat of 523315409 found, step 167210
    - repeat of 2478024801 found, step 188440
  - Phase 3, Testing candidates completed (0.00514562 seconds)
- Testing for repeats completed (0.0104944 seconds)
---
7 repeats, p-value = 1 - 0.0955042

Memory usage summary: heap total: 318465, heap peak: 236544, stack peak: 5664
         total calls   total memory   failed calls
 malloc|          5         318465              0
realloc|          0              0              0  (nomove:0, dec:0, free:0)
 calloc|          0              0              0
   free|          4         245761
Histogram for block sizes:
16384-16399           1  20% ================
32768-32783           1  20% ================
   large              3  60% ==================================================
