Testing jsf32
	0..4294967295 is range of generator
	198893 outputs to scan for duplicates [3.03485*sqrt(range)]
	4.60521 duplicates expected on average
	0.00999963 is probability of zero duplicates
	0x83a1911b is seed for this run
---
- Testing for repeats started...
  - Allocating memory started...
    - allocated array of size 198893.
  - Allocating memory completed (7.012e-06 seconds)
  - Storing PRNG output started...
  - Storing PRNG output completed (0.000863675 seconds)
  - Sorting started...
  - Sorting completed (0.0296771 seconds)
  - Scanning for duplicates started...
    - repeat of 755567764 found
    - repeat of 1575274496 found
    - repeat of 2348904437 found
    - repeat of 2836452427 found
    - repeat of 3855708010 found
  - Scanning for duplicates completed (0.000289524 seconds)
- Testing for repeats completed (0.0308578 seconds)
---
5 repeats, p-value = 1 - 0.315139

Memory usage summary: heap total: 868276, heap peak: 868276, stack peak: 5568
         total calls   total memory   failed calls
 malloc|          2         868276              0
realloc|          0              0              0  (nomove:0, dec:0, free:0)
 calloc|          0              0              0
   free|          0              0
Histogram for block sizes:
   large              2 100% ==================================================
