Testing jsf32
	0..4294967295 is range of generator
	414487 outputs to scan for duplicates [6.32456*sqrt(range)]
	20.0001 duplicates expected on average
	2.06097e-09 is probability of zero duplicates
	0x676742e3 is seed for this run
---
- Testing for repeats started...
  - Allocating memory started...
    - allocated hash table of reserved for 414487 elements
  - Allocating memory completed (0.00163971 seconds)
  - Checking PRNG output started...
    - repeat of 1026788420 found, step 15776
    - repeat of 1420304267 found, step 217771
    - repeat of 3049163159 found, step 230279
    - repeat of 1063467526 found, step 235337
    - repeat of 2885737055 found, step 237828
    - repeat of 481538397 found, step 251473
    - repeat of 2586217745 found, step 253530
    - repeat of 4267745900 found, step 274106
    - repeat of 4069893189 found, step 290638
    - repeat of 3692886300 found, step 297225
    - repeat of 3155527791 found, step 304561
    - repeat of 1982810610 found, step 323139
    - repeat of 2339848854 found, step 324998
    - repeat of 1238186762 found, step 333476
    - repeat of 2064927668 found, step 339707
    - repeat of 576014069 found, step 381297
    - repeat of 3103680310 found, step 410645
    - repeat of 3374336329 found, step 410916
  - Checking PRNG output completed (0.0984878 seconds)
- Testing for repeats completed (0.100143 seconds)
---
18 repeats, p-value = 0.381414

Memory usage summary: heap total: 10260104, heap peak: 10260104, stack peak: 5648
         total calls   total memory   failed calls
 malloc|     414471       10260104              0
realloc|          0              0              0  (nomove:0, dec:0, free:0)
 calloc|          0              0              0
   free|     414470       10187400
Histogram for block sizes:
   16-31         414469  99% ==================================================
   large              2  <1% 
