Testing xoroshiro64star32
	0..4294967295 is range of generator
	198893 outputs to scan for duplicates [3.03485*sqrt(range)]
	4.60521 duplicates expected on average
	0.00999963 is probability of zero duplicates
	0xd404a50d is seed for this run
---
- Testing for repeats started...
  - Allocating memory started...
    - allocated bloomish filter with 16384 64-bit elements (3 bits/entry)
    - allocated possible-match log with 8192 32-bit elements
  - Allocating memory completed (1.6797e-05 seconds)
  - Phase 1, Gathering repeat candidates started...
    - 5619 repeat candidates found
  - Phase 1, Gathering repeat candidates completed (0.00370181 seconds)
  - Reallocating memory started...
    - Deallocated bloomish filter
    - Allocated hash table of the same size
  - Reallocating memory completed (1.5908e-05 seconds)
  - Phase 2, Storing candidates in hash table started...
  - Phase 2, Storing candidates in hash table completed (6.2072e-05 seconds)
  - Phase 3, Testing candidates started...
    - repeat of 1426939881 found, step 19232
    - repeat of 2294747226 found, step 98310
    - repeat of 1743881342 found, step 115178
    - repeat of 570547054 found, step 179777
    - repeat of 756390113 found, step 183639
  - Phase 3, Testing candidates completed (0.00335952 seconds)
- Testing for repeats completed (0.007179 seconds)
---
5 repeats, p-value = 1 - 0.315139

Memory usage summary: heap total: 318465, heap peak: 236544, stack peak: 5680
         total calls   total memory   failed calls
 malloc|          5         318465              0
realloc|          0              0              0  (nomove:0, dec:0, free:0)
 calloc|          0              0              0
   free|          4         245761
Histogram for block sizes:
16384-16399           1  20% ================
32768-32783           1  20% ================
   large              3  60% ==================================================
