Testing xoroshiro64star32
	0..4294967295 is range of generator
	414487 outputs to scan for duplicates [6.32456*sqrt(range)]
	20.0001 duplicates expected on average
	2.06097e-09 is probability of zero duplicates
	0x47ce0a10 is seed for this run
---
- Testing for repeats started...
  - Allocating memory started...
    - allocated bloomish filter with 32768 64-bit elements (3 bits/entry)
    - allocated possible-match log with 16384 32-bit elements
  - Allocating memory completed (1.0954e-05 seconds)
  - Phase 1, Gathering repeat candidates started...
    - 15499 repeat candidates found
  - Phase 1, Gathering repeat candidates completed (0.0100951 seconds)
  - Reallocating memory started...
    - Deallocated bloomish filter
    - Allocated hash table of the same size
  - Reallocating memory completed (0.000159748 seconds)
  - Phase 2, Storing candidates in hash table started...
  - Phase 2, Storing candidates in hash table completed (0.00028314 seconds)
  - Phase 3, Testing candidates started...
    - repeat of 964607708 found, step 98332
    - repeat of 1730468207 found, step 191899
    - repeat of 4079597792 found, step 194076
    - repeat of 1641756212 found, step 265898
    - repeat of 192982969 found, step 268865
    - repeat of 1253600992 found, step 270692
    - repeat of 4262984789 found, step 276244
    - repeat of 960382456 found, step 283540
    - repeat of 4011617065 found, step 284917
    - repeat of 1411600539 found, step 289986
    - repeat of 544009542 found, step 292934
    - repeat of 1304829454 found, step 292987
    - repeat of 382397362 found, step 295405
    - repeat of 1518248112 found, step 309429
    - repeat of 3552562089 found, step 344875
    - repeat of 2583895740 found, step 352955
    - repeat of 1986281807 found, step 376214
    - repeat of 2350338444 found, step 384031
    - repeat of 3525037472 found, step 392342
    - repeat of 3658656305 found, step 392533
    - repeat of 3067901844 found, step 392765
    - repeat of 2796261728 found, step 402001
    - repeat of 523389054 found, step 404332
    - repeat of 2575053674 found, step 407037
  - Phase 3, Testing candidates completed (0.012586 seconds)
- Testing for repeats completed (0.0231635 seconds)
---
24 repeats, p-value = 1 - 0.156778

Memory usage summary: heap total: 564225, heap peak: 400384, stack peak: 5680
         total calls   total memory   failed calls
 malloc|          5         564225              0
realloc|          0              0              0  (nomove:0, dec:0, free:0)
 calloc|          0              0              0
   free|          4         491521
Histogram for block sizes:
32768-32783           1  20% ============
   large              4  80% ==================================================
