Testing xoroshiro64star32
	0..4294967295 is range of generator
	198893 outputs to scan for duplicates [3.03485*sqrt(range)]
	4.60521 duplicates expected on average
	0.00999963 is probability of zero duplicates
	0xd01ae343 is seed for this run
---
- Testing for repeats started...
  - Allocating memory started...
    - allocated array of size 198893.
  - Allocating memory completed (7.202e-06 seconds)
  - Storing PRNG output started...
  - Storing PRNG output completed (0.00105262 seconds)
  - Sorting started...
  - Sorting completed (0.0220865 seconds)
  - Scanning for duplicates started...
    - repeat of 1059448329 found
    - repeat of 1089379244 found
    - repeat of 1200727791 found
    - repeat of 1724419962 found
    - repeat of 1933275414 found
    - repeat of 2629497990 found
    - repeat of 3137341527 found
    - repeat of 3301678435 found
    - repeat of 3796300932 found
  - Scanning for duplicates completed (0.00022426 seconds)
- Testing for repeats completed (0.0233875 seconds)
---
9 repeats, p-value = 1 - 0.0196605

Memory usage summary: heap total: 868276, heap peak: 868276, stack peak: 5568
         total calls   total memory   failed calls
 malloc|          2         868276              0
realloc|          0              0              0  (nomove:0, dec:0, free:0)
 calloc|          0              0              0
   free|          0              0
Histogram for block sizes:
   large              2 100% ==================================================
