Testing pcg32
	0..4294967295 is range of generator
	414487 outputs to scan for duplicates [6.32456*sqrt(range)]
	20.0001 duplicates expected on average
	2.06097e-09 is probability of zero duplicates
	0x15dbde02 is seed for this run
---
- Testing for repeats started...
  - Allocating memory started...
    - allocated bloomish filter with 32768 64-bit elements (3 bits/entry)
    - allocated possible-match log with 16384 32-bit elements
  - Allocating memory completed (1.7943e-05 seconds)
  - Phase 1, Gathering repeat candidates started...
    - 15429 repeat candidates found
  - Phase 1, Gathering repeat candidates completed (0.00904668 seconds)
  - Reallocating memory started...
    - Deallocated bloomish filter
    - Allocated hash table of the same size
  - Reallocating memory completed (0.000124433 seconds)
  - Phase 2, Storing candidates in hash table started...
  - Phase 2, Storing candidates in hash table completed (0.000244077 seconds)
  - Phase 3, Testing candidates started...
    - repeat of 3842023274 found, step 106103
    - repeat of 540323244 found, step 112369
    - repeat of 3214549322 found, step 119975
    - repeat of 2016476675 found, step 120430
    - repeat of 2144244133 found, step 137261
    - repeat of 3796145058 found, step 167951
    - repeat of 4176327397 found, step 186481
    - repeat of 386958842 found, step 219178
    - repeat of 3590690812 found, step 220824
    - repeat of 532912574 found, step 267923
    - repeat of 1824880813 found, step 316822
    - repeat of 1176334458 found, step 351465
    - repeat of 3748482329 found, step 357754
    - repeat of 1241642003 found, step 370827
    - repeat of 4271682754 found, step 378573
    - repeat of 873522123 found, step 381472
    - repeat of 3810700837 found, step 404709
    - repeat of 1773887483 found, step 408539
  - Phase 3, Testing candidates completed (0.0112668 seconds)
- Testing for repeats completed (0.0207229 seconds)
---
18 repeats, p-value = 0.381414

Memory usage summary: heap total: 564225, heap peak: 400384, stack peak: 5664
         total calls   total memory   failed calls
 malloc|          5         564225              0
realloc|          0              0              0  (nomove:0, dec:0, free:0)
 calloc|          0              0              0
   free|          4         491521
Histogram for block sizes:
32768-32783           1  20% ============
   large              4  80% ==================================================
