Testing gjrand32
	0..4294967295 is range of generator
	414487 outputs to scan for duplicates [6.32456*sqrt(range)]
	20.0001 duplicates expected on average
	2.06097e-09 is probability of zero duplicates
	0x8d68ec9c is seed for this run
---
- Testing for repeats started...
  - Allocating memory started...
    - allocated array of size 414487.
  - Allocating memory completed (8.82e-06 seconds)
  - Storing PRNG output started...
  - Storing PRNG output completed (0.00414927 seconds)
  - Sorting started...
  - Sorting completed (0.0587033 seconds)
  - Scanning for duplicates started...
    - repeat of 161308670 found
    - repeat of 169597230 found
    - repeat of 319273889 found
    - repeat of 370737863 found
    - repeat of 447856384 found
    - repeat of 548151564 found
    - repeat of 709657351 found
    - repeat of 1145334731 found
    - repeat of 1573794017 found
    - repeat of 1675893962 found
    - repeat of 1975887402 found
    - repeat of 2017897490 found
    - repeat of 2279737860 found
    - repeat of 3010557261 found
    - repeat of 3291414280 found
    - repeat of 3633466746 found
    - repeat of 4263934692 found
  - Scanning for duplicates completed (0.000494433 seconds)
- Testing for repeats completed (0.0633794 seconds)
---
17 repeats, p-value = 0.297021

Memory usage summary: heap total: 1730652, heap peak: 1730652, stack peak: 5600
         total calls   total memory   failed calls
 malloc|          2        1730652              0
realloc|          0              0              0  (nomove:0, dec:0, free:0)
 calloc|          0              0              0
   free|          0              0
Histogram for block sizes:
   large              2 100% ==================================================
