- bump_allocator_static< std::__detail::_Hash_node<unsigned int, false> > (item size = 16) at 0x6042d0 created!
- bump_allocator_static< std::__detail::_Hash_node_base* > (item size = 8) at 0x604310 created!
- mempool at 0x604298 allocated new chunk at 0x7f3986d90020
- mempool at 0x604298 deallocated chunk at 0x7f3986d90020
Testing pcg32
	0..4294967295 is range of generator
	414487 outputs to scan for duplicates [6.32456*sqrt(range)]
	20.0001 duplicates expected on average
	2.06097e-09 is probability of zero duplicates
	0x61383d9b is seed for this run
---
- Testing for repeats started...
  - Allocating memory started...
    - allocated hash table of reserved for 414487 elements
  - Allocating memory completed (0.00280744 seconds)
  - Checking PRNG output started...
    - repeat of 3993329561 found, step 58860
    - repeat of 3901532708 found, step 80871
    - repeat of 3322946360 found, step 135948
    - repeat of 3952297377 found, step 154257
    - repeat of 575307860 found, step 168681
    - repeat of 1585852310 found, step 264604
    - repeat of 4071130129 found, step 269521
    - repeat of 3374054028 found, step 304292
    - repeat of 3926253309 found, step 314681
    - repeat of 5846791 found, step 324882
    - repeat of 508983189 found, step 386137
    - repeat of 4178440672 found, step 408707
  - Checking PRNG output completed (0.0305723 seconds)
- Testing for repeats completed (0.033394 seconds)
---
12 repeats, p-value = 0.0390104
- bump_allocator_static< std::__detail::_Hash_node_base* > at 0x604310 destroyed!
 - total_allocations_  = 1
 - active_allocations_ = 0
 - high_allocations_   = 1
 - total_mem_  = 3555896
 - active_mem_ = 0
 - high_mem_   = 3555896
- bump_allocator_static< std::__detail::_Hash_node<unsigned int, false> > at 0x6042d0 destroyed!
 - total_allocations_  = 414475
 - active_allocations_ = 0
 - high_allocations_   = 414475
 - total_mem_  = 6631600
 - active_mem_ = 0
 - high_mem_   = 6631600

Memory usage summary: heap total: 1073815760, heap peak: 1073815568, stack peak: 2816
         total calls   total memory   failed calls
 malloc|          5     1073815568              0
realloc|          4            192              0  (nomove:0, dec:0, free:0)
 calloc|          0              0              0
   free|          6     1073742032
Histogram for block sizes:
   16-31              1  11% =========================
   32-47              2  22% ==================================================
   64-79              2  22% ==================================================
  512-527             2  22% ==================================================
   large              2  22% ==================================================
