Testing gjrand32
	0..4294967295 is range of generator
	414487 outputs to scan for duplicates [6.32456*sqrt(range)]
	20.0001 duplicates expected on average
	2.06097e-09 is probability of zero duplicates
	0xb1ad8209 is seed for this run
---
- Testing for repeats started...
  - Allocating memory started...
    - allocated bloomish filter with 32768 64-bit elements (3 bits/entry)
    - allocated possible-match log with 16384 32-bit elements
  - Allocating memory completed (1.7747e-05 seconds)
  - Phase 1, Gathering repeat candidates started...
    - 15335 repeat candidates found
  - Phase 1, Gathering repeat candidates completed (0.0111266 seconds)
  - Reallocating memory started...
    - Deallocated bloomish filter
    - Allocated hash table of the same size
  - Reallocating memory completed (0.000142018 seconds)
  - Phase 2, Storing candidates in hash table started...
  - Phase 2, Storing candidates in hash table completed (0.000252503 seconds)
  - Phase 3, Testing candidates started...
    - repeat of 1047749031 found, step 41759
    - repeat of 3651674943 found, step 58688
    - repeat of 4085691643 found, step 134339
    - repeat of 4092664872 found, step 177129
    - repeat of 3569612965 found, step 196914
    - repeat of 4018792196 found, step 233387
    - repeat of 4236973959 found, step 265830
    - repeat of 3457141911 found, step 274342
    - repeat of 3101180206 found, step 287601
    - repeat of 1869247582 found, step 307133
    - repeat of 2924918267 found, step 341147
    - repeat of 2391068474 found, step 357876
    - repeat of 3575544845 found, step 405818
  - Phase 3, Testing candidates completed (0.012786 seconds)
- Testing for repeats completed (0.0243581 seconds)
---
13 repeats, p-value = 0.0661252

Memory usage summary: heap total: 564225, heap peak: 400384, stack peak: 5712
         total calls   total memory   failed calls
 malloc|          5         564225              0
realloc|          0              0              0  (nomove:0, dec:0, free:0)
 calloc|          0              0              0
   free|          4         491521
Histogram for block sizes:
32768-32783           1  20% ============
   large              4  80% ==================================================
