Testing pcg32_fast
	0..4294967295 is range of generator
	414487 outputs to scan for duplicates [6.32456*sqrt(range)]
	20.0001 duplicates expected on average
	2.06097e-09 is probability of zero duplicates
	0xd4789f93 is seed for this run
---
- Testing for repeats started...
  - Allocating memory started...
    - allocated 256 buckets of capacity 2023
    - allocated 256 bucket counters
  - Allocating memory completed (1.2204e-05 seconds)
  - Storing PRNG output started...
  - Storing PRNG output completed (0.0026134 seconds)
  - Sorting started...
  - Sorting completed (0.0379257 seconds)
  - Scanning for duplicates started...
    - repeat of 2758509081 found
    - repeat of 2744153114 found
    - repeat of 374548528 found
    - repeat of 4154799922 found
    - repeat of 2475424572 found
    - repeat of 3425979709 found
    - repeat of 1704496200 found
    - repeat of 3404604002 found
    - repeat of 1305684136 found
    - repeat of 1571289258 found
    - repeat of 3938924463 found
    - repeat of 2303230131 found
    - repeat of 858187963 found
    - repeat of 1141556415 found
    - repeat of 3298744290 found
    - repeat of 2153912804 found
    - repeat of 411842024 found
    - repeat of 837391353 found
  - Scanning for duplicates completed (0.000638197 seconds)
- Testing for repeats completed (0.0412087 seconds)
---
18 repeats, p-value = 0.381414

Memory usage summary: heap total: 2145280, heap peak: 2145280, stack peak: 5616
         total calls   total memory   failed calls
 malloc|          3        2145280              0
realloc|          0              0              0  (nomove:0, dec:0, free:0)
 calloc|          0              0              0
   free|          0              0
Histogram for block sizes:
 1024-1039            1  33% =========================
   large              2  66% ==================================================
