Testing jsf32
	0..4294967295 is range of generator
	414487 outputs to scan for duplicates [6.32456*sqrt(range)]
	20.0001 duplicates expected on average
	2.06097e-09 is probability of zero duplicates
	0xe60f95f5 is seed for this run
---
- Testing for repeats started...
  - Allocating memory started...
    - allocated 256 buckets of capacity 2023
    - allocated 256 bucket counters
  - Allocating memory completed (1.0886e-05 seconds)
  - Storing PRNG output started...
  - Storing PRNG output completed (0.00218616 seconds)
  - Sorting started...
  - Sorting completed (0.020731 seconds)
  - Scanning for duplicates started...
    - repeat of 1334741529 found
    - repeat of 2838538278 found
    - repeat of 2932324145 found
    - repeat of 232012608 found
    - repeat of 3409242688 found
    - repeat of 2047955275 found
    - repeat of 2566618193 found
    - repeat of 2566417747 found
    - repeat of 392399455 found
    - repeat of 2212739940 found
    - repeat of 3844111977 found
    - repeat of 1011866226 found
    - repeat of 2421141639 found
    - repeat of 675768982 found
    - repeat of 4293891228 found
    - repeat of 2583730078 found
    - repeat of 536012966 found
    - repeat of 1980992428 found
    - repeat of 3501534664 found
    - repeat of 1907064269 found
    - repeat of 1455435729 found
    - repeat of 443362007 found
  - Scanning for duplicates completed (0.000357211 seconds)
- Testing for repeats completed (0.0232946 seconds)
---
22 repeats, p-value = 1 - 0.279396

Memory usage summary: heap total: 2145280, heap peak: 2145280, stack peak: 5616
         total calls   total memory   failed calls
 malloc|          3        2145280              0
realloc|          0              0              0  (nomove:0, dec:0, free:0)
 calloc|          0              0              0
   free|          0              0
Histogram for block sizes:
 1024-1039            1  33% =========================
   large              2  66% ==================================================
