Testing gjrand32
	0..4294967295 is range of generator
	414487 outputs to scan for duplicates [6.32456*sqrt(range)]
	20.0001 duplicates expected on average
	2.06097e-09 is probability of zero duplicates
	0x6e384c36 is seed for this run
---
- Testing for repeats started...
  - Allocating memory started...
    - allocated bloomish filter with 32768 64-bit elements (3 bits/entry)
    - allocated possible-match log with 16384 32-bit elements
  - Allocating memory completed (1.2533e-05 seconds)
  - Phase 1, Gathering repeat candidates started...
    - 15399 repeat candidates found
  - Phase 1, Gathering repeat candidates completed (0.00837403 seconds)
  - Reallocating memory started...
    - Deallocated bloomish filter
    - Allocated hash table of the same size
  - Reallocating memory completed (0.000116694 seconds)
  - Phase 2, Storing candidates in hash table started...
  - Phase 2, Storing candidates in hash table completed (0.00021266 seconds)
  - Phase 3, Testing candidates started...
    - repeat of 1001583347 found, step 23936
    - repeat of 190954051 found, step 134746
    - repeat of 257994908 found, step 209143
    - repeat of 1329967801 found, step 263339
    - repeat of 758027622 found, step 287997
    - repeat of 2611429446 found, step 331660
    - repeat of 99076029 found, step 351512
    - repeat of 1649305853 found, step 403404
    - repeat of 1655038481 found, step 404571
    - repeat of 1609005471 found, step 409287
  - Phase 3, Testing candidates completed (0.0101444 seconds)
- Testing for repeats completed (0.0188826 seconds)
---
10 repeats, p-value = 0.0108112

Memory usage summary: heap total: 564225, heap peak: 400384, stack peak: 5712
         total calls   total memory   failed calls
 malloc|          5         564225              0
realloc|          0              0              0  (nomove:0, dec:0, free:0)
 calloc|          0              0              0
   free|          4         491521
Histogram for block sizes:
32768-32783           1  20% ============
   large              4  80% ==================================================
