- bump_allocator_static< std::__detail::_Hash_node<unsigned int, false> > (item size = 16) at 0x6042d0 created!
- bump_allocator_static< std::__detail::_Hash_node_base* > (item size = 8) at 0x604310 created!
- mempool at 0x604298 allocated new chunk at 0x7efc56a24020
- mempool at 0x604298 deallocated chunk at 0x7efc56a24020
Testing xoroshiro64star32
	0..4294967295 is range of generator
	414487 outputs to scan for duplicates [6.32456*sqrt(range)]
	20.0001 duplicates expected on average
	2.06097e-09 is probability of zero duplicates
	0xdc230102 is seed for this run
---
- Testing for repeats started...
  - Allocating memory started...
    - allocated hash table of reserved for 414487 elements
  - Allocating memory completed (0.00252515 seconds)
  - Checking PRNG output started...
    - repeat of 1010350883 found, step 37819
    - repeat of 4002248779 found, step 140763
    - repeat of 3780958671 found, step 157308
    - repeat of 3207462522 found, step 179022
    - repeat of 1692457064 found, step 185508
    - repeat of 1763873450 found, step 236778
    - repeat of 2222850518 found, step 252427
    - repeat of 2061500123 found, step 270903
    - repeat of 3170685676 found, step 313291
    - repeat of 1534627543 found, step 335404
    - repeat of 4085009157 found, step 338398
    - repeat of 1612286854 found, step 340250
    - repeat of 2985405877 found, step 365267
    - repeat of 1589589355 found, step 391322
  - Checking PRNG output completed (0.0538126 seconds)
- Testing for repeats completed (0.0563542 seconds)
---
14 repeats, p-value = 0.104861
- bump_allocator_static< std::__detail::_Hash_node_base* > at 0x604310 destroyed!
 - total_allocations_  = 1
 - active_allocations_ = 0
 - high_allocations_   = 1
 - total_mem_  = 3555896
 - active_mem_ = 0
 - high_mem_   = 3555896
- bump_allocator_static< std::__detail::_Hash_node<unsigned int, false> > at 0x6042d0 destroyed!
 - total_allocations_  = 414473
 - active_allocations_ = 0
 - high_allocations_   = 414473
 - total_mem_  = 6631568
 - active_mem_ = 0
 - high_mem_   = 6631568

Memory usage summary: heap total: 1073815760, heap peak: 1073815568, stack peak: 2816
         total calls   total memory   failed calls
 malloc|          5     1073815568              0
realloc|          4            192              0  (nomove:0, dec:0, free:0)
 calloc|          0              0              0
   free|          6     1073742032
Histogram for block sizes:
   16-31              1  11% =========================
   32-47              2  22% ==================================================
   64-79              2  22% ==================================================
  512-527             2  22% ==================================================
   large              2  22% ==================================================
