Testing pcg32
	0..4294967295 is range of generator
	414487 outputs to scan for duplicates [6.32456*sqrt(range)]
	20.0001 duplicates expected on average
	2.06097e-09 is probability of zero duplicates
	0x637281f9 is seed for this run
---
- Testing for repeats started...
  - Allocating memory started...
    - allocated hash table of reserved for 414487 elements
  - Allocating memory completed (0.00175742 seconds)
  - Checking PRNG output started...
    - repeat of 226382920 found, step 65470
    - repeat of 688498534 found, step 133449
    - repeat of 3688677521 found, step 229820
    - repeat of 1233175895 found, step 241218
    - repeat of 57208099 found, step 251153
    - repeat of 2111144114 found, step 272771
    - repeat of 799730555 found, step 275444
    - repeat of 3227580388 found, step 313034
    - repeat of 2028191638 found, step 322455
    - repeat of 2047742112 found, step 325764
    - repeat of 3912646307 found, step 339062
    - repeat of 1473226573 found, step 341400
    - repeat of 1889013996 found, step 341532
    - repeat of 170330033 found, step 411435
  - Checking PRNG output completed (0.127018 seconds)
- Testing for repeats completed (0.128794 seconds)
---
14 repeats, p-value = 0.104861

Memory usage summary: heap total: 10260168, heap peak: 10260168, stack peak: 5648
         total calls   total memory   failed calls
 malloc|     414475       10260168              0
realloc|          0              0              0  (nomove:0, dec:0, free:0)
 calloc|          0              0              0
   free|     414474       10187464
Histogram for block sizes:
   16-31         414473  99% ==================================================
   large              2  <1% 
