Testing xorshift64star32a
	0..4294967295 is range of generator
	414487 outputs to scan for duplicates [6.32456*sqrt(range)]
	19.9994 duplicates expected on average
	2.06239e-09 is probability of zero duplicates
	0xcc643cc7 is seed for this run
---
- Testing for repeats started...
  - Allocating memory started...
    - allocated hash table of reserved for 414487 elements
  - Allocating memory completed (0.00213131 seconds)
  - Checking PRNG output started...
    - repeat of 2685952458 found, step 99907
    - repeat of 4228704572 found, step 128633
    - repeat of 3214958391 found, step 142111
    - repeat of 2373923720 found, step 165110
    - repeat of 1806614838 found, step 184983
    - repeat of 3581630037 found, step 215625
    - repeat of 898180073 found, step 221143
    - repeat of 3315926376 found, step 225717
    - repeat of 1516350505 found, step 242248
    - repeat of 1644695553 found, step 243419
    - repeat of 2363272722 found, step 245410
    - repeat of 93313756 found, step 247681
    - repeat of 2263614518 found, step 267996
    - repeat of 3803557251 found, step 288527
    - repeat of 3041404189 found, step 312786
    - repeat of 1927118031 found, step 312855
    - repeat of 839448729 found, step 315298
    - repeat of 3619996588 found, step 329693
    - repeat of 584578736 found, step 333894
    - repeat of 3919168913 found, step 346487
    - repeat of 1107896451 found, step 358390
    - repeat of 3303436430 found, step 406972
    - repeat of 248644478 found, step 408299
    - repeat of 3597635636 found, step 412674
  - Checking PRNG output completed (0.112405 seconds)
- Testing for repeats completed (0.114555 seconds)
---
24 repeats, p-value = 1 - 0.156739

Memory usage summary: heap total: 10260008, heap peak: 10260008, stack peak: 5648
         total calls   total memory   failed calls
 malloc|     414465       10260008              0
realloc|          0              0              0  (nomove:0, dec:0, free:0)
 calloc|          0              0              0
   free|     414464       10187304
Histogram for block sizes:
   16-31         414463  99% ==================================================
   large              2  <1% 
