Testing gjrand32
	0..4294967295 is range of generator
	198893 outputs to scan for duplicates [3.03485*sqrt(range)]
	4.60521 duplicates expected on average
	0.00999963 is probability of zero duplicates
	0xde933085 is seed for this run
---
- Testing for repeats started...
  - Allocating memory started...
    - allocated hash table of reserved for 198893 elements
  - Allocating memory completed (0.00138926 seconds)
  - Checking PRNG output started...
    - repeat of 2818230267 found, step 41479
    - repeat of 3833043809 found, step 86061
    - repeat of 586915422 found, step 113800
    - repeat of 2530456469 found, step 124789
    - repeat of 795737370 found, step 132591
    - repeat of 2974679635 found, step 132644
    - repeat of 1354683306 found, step 159649
    - repeat of 3374839657 found, step 165828
  - Checking PRNG output completed (0.0507684 seconds)
- Testing for repeats completed (0.0521802 seconds)
---
8 repeats, p-value = 1 - 0.0453327

Memory usage summary: heap total: 4874136, heap peak: 4874136, stack peak: 5648
         total calls   total memory   failed calls
 malloc|     198887        4874136              0
realloc|          0              0              0  (nomove:0, dec:0, free:0)
 calloc|          0              0              0
   free|     198886        4801432
Histogram for block sizes:
   16-31         198885  99% ==================================================
   large              2  <1% 
