- bump_allocator_static< std::__detail::_Hash_node<unsigned int, false> > (item size = 16) at 0x6042d0 created!
- bump_allocator_static< std::__detail::_Hash_node_base* > (item size = 8) at 0x604310 created!
- mempool at 0x604298 allocated new chunk at 0x7f870e885020
- mempool at 0x604298 deallocated chunk at 0x7f870e885020
Testing pcg32
	0..4294967295 is range of generator
	414487 outputs to scan for duplicates [6.32456*sqrt(range)]
	20.0001 duplicates expected on average
	2.06097e-09 is probability of zero duplicates
	0xd4f6cdfa is seed for this run
---
- Testing for repeats started...
  - Allocating memory started...
    - allocated hash table of reserved for 414487 elements
  - Allocating memory completed (0.001797 seconds)
  - Checking PRNG output started...
    - repeat of 3418032032 found, step 28816
    - repeat of 215684558 found, step 148489
    - repeat of 97229081 found, step 151072
    - repeat of 3243177181 found, step 161880
    - repeat of 969738835 found, step 162920
    - repeat of 3452320461 found, step 174096
    - repeat of 1197916835 found, step 208276
    - repeat of 1887552804 found, step 229801
    - repeat of 1557585570 found, step 245925
    - repeat of 1067726693 found, step 251634
    - repeat of 1912454182 found, step 256017
    - repeat of 3155516732 found, step 279867
    - repeat of 3966436264 found, step 284788
    - repeat of 440562017 found, step 295427
    - repeat of 948602061 found, step 359998
    - repeat of 3038538868 found, step 360927
    - repeat of 1187341282 found, step 389039
    - repeat of 2485444889 found, step 402326
    - repeat of 4150365080 found, step 413665
  - Checking PRNG output completed (0.0405657 seconds)
- Testing for repeats completed (0.0423811 seconds)
---
19 repeats, p-value = 0.470249
- bump_allocator_static< std::__detail::_Hash_node_base* > at 0x604310 destroyed!
 - total_allocations_  = 1
 - active_allocations_ = 0
 - high_allocations_   = 1
 - total_mem_  = 3555896
 - active_mem_ = 0
 - high_mem_   = 3555896
- bump_allocator_static< std::__detail::_Hash_node<unsigned int, false> > at 0x6042d0 destroyed!
 - total_allocations_  = 414468
 - active_allocations_ = 0
 - high_allocations_   = 414468
 - total_mem_  = 6631488
 - active_mem_ = 0
 - high_mem_   = 6631488

Memory usage summary: heap total: 1073815760, heap peak: 1073815568, stack peak: 2816
         total calls   total memory   failed calls
 malloc|          5     1073815568              0
realloc|          4            192              0  (nomove:0, dec:0, free:0)
 calloc|          0              0              0
   free|          6     1073742032
Histogram for block sizes:
   16-31              1  11% =========================
   32-47              2  22% ==================================================
   64-79              2  22% ==================================================
  512-527             2  22% ==================================================
   large              2  22% ==================================================
