Testing pcg32_once_insecure
	0..4294967295 is range of generator
	414487 outputs to scan for duplicates [6.32456*sqrt(range)]
	20.0001 duplicates expected on average
	2.06097e-09 is probability of zero duplicates
	0xcdaec3b2 is seed for this run
---
- Testing for repeats started...
  - Allocating memory started...
    - allocated 256 buckets of capacity 2023
    - allocated 256 bucket counters
  - Allocating memory completed (1.164e-05 seconds)
  - Storing PRNG output started...
  - Storing PRNG output completed (0.00216241 seconds)
  - Sorting started...
  - Sorting completed (0.0207598 seconds)
  - Scanning for duplicates started...
  - Scanning for duplicates completed (0.00038354 seconds)
- Testing for repeats completed (0.0233331 seconds)
---
0 repeats, p-value = 2.06097e-09

Memory usage summary: heap total: 2145280, heap peak: 2145280, stack peak: 5616
         total calls   total memory   failed calls
 malloc|          3        2145280              0
realloc|          0              0              0  (nomove:0, dec:0, free:0)
 calloc|          0              0              0
   free|          0              0
Histogram for block sizes:
 1024-1039            1  33% =========================
   large              2  66% ==================================================
