- bump_allocator_static< std::__detail::_Hash_node<unsigned int, false> > (item size = 16) at 0x6042d0 created!
- bump_allocator_static< std::__detail::_Hash_node_base* > (item size = 8) at 0x604310 created!
- mempool at 0x604298 allocated new chunk at 0x7fab9b90a020
- mempool at 0x604298 deallocated chunk at 0x7fab9b90a020
Testing xoroshiro64star32
	0..4294967295 is range of generator
	414487 outputs to scan for duplicates [6.32456*sqrt(range)]
	20.0001 duplicates expected on average
	2.06097e-09 is probability of zero duplicates
	0x9ef2d5b8 is seed for this run
---
- Testing for repeats started...
  - Allocating memory started...
    - allocated hash table of reserved for 414487 elements
  - Allocating memory completed (0.00243896 seconds)
  - Checking PRNG output started...
    - repeat of 4136932915 found, step 72122
    - repeat of 3214879419 found, step 136694
    - repeat of 2081326031 found, step 239797
    - repeat of 594139312 found, step 251950
    - repeat of 4286130744 found, step 252911
    - repeat of 3312646971 found, step 268576
    - repeat of 3663447449 found, step 280254
    - repeat of 2602777411 found, step 280957
    - repeat of 571179956 found, step 288088
    - repeat of 419972707 found, step 310247
    - repeat of 803214989 found, step 337628
    - repeat of 1346401630 found, step 347122
    - repeat of 206407342 found, step 353227
    - repeat of 3017505511 found, step 355609
    - repeat of 4180807131 found, step 359631
    - repeat of 3287350627 found, step 381617
    - repeat of 3803995869 found, step 387656
    - repeat of 1831177246 found, step 403796
    - repeat of 4092706365 found, step 409660
  - Checking PRNG output completed (0.0385284 seconds)
- Testing for repeats completed (0.0409809 seconds)
---
19 repeats, p-value = 0.470249
- bump_allocator_static< std::__detail::_Hash_node_base* > at 0x604310 destroyed!
 - total_allocations_  = 1
 - active_allocations_ = 0
 - high_allocations_   = 1
 - total_mem_  = 3555896
 - active_mem_ = 0
 - high_mem_   = 3555896
- bump_allocator_static< std::__detail::_Hash_node<unsigned int, false> > at 0x6042d0 destroyed!
 - total_allocations_  = 414468
 - active_allocations_ = 0
 - high_allocations_   = 414468
 - total_mem_  = 6631488
 - active_mem_ = 0
 - high_mem_   = 6631488

Memory usage summary: heap total: 1073815760, heap peak: 1073815568, stack peak: 2816
         total calls   total memory   failed calls
 malloc|          5     1073815568              0
realloc|          4            192              0  (nomove:0, dec:0, free:0)
 calloc|          0              0              0
   free|          6     1073742032
Histogram for block sizes:
   16-31              1  11% =========================
   32-47              2  22% ==================================================
   64-79              2  22% ==================================================
  512-527             2  22% ==================================================
   large              2  22% ==================================================
