Testing mcg128
	0..18446744073709551615 is range of generator
	13034599790 outputs to scan for duplicates [3.03485*sqrt(range)]
	4.60517 duplicates expected on average
	0.01 is probability of zero duplicates
	0x8f6ed883 is seed for this run
---
- Testing for repeats started...
  - Allocating memory started...
    - allocated array of size 13034599790.
  - Allocating memory completed (3.3352e-05 seconds)
  - Storing PRNG output started...
  - Storing PRNG output completed (55.6478 seconds)
  - Sorting started...
  - Sorting completed (1762.59 seconds)
  - Scanning for duplicates started...
    - repeat of 2861679558823253190 found
    - repeat of 3793766352198606261 found
    - repeat of 4112021647943830592 found
    - repeat of 13805030873563328460 found
  - Scanning for duplicates completed (14.6618 seconds)
- Testing for repeats completed (1832.9 seconds)
---
4 repeats, p-value = 1 - 0.487735

Memory usage summary: heap total: 104276871024, heap peak: 104276871024, stack peak: 5600
         total calls   total memory   failed calls
 malloc|          2   104276871024              0
realloc|          0              0              0  (nomove:0, dec:0, free:0)
 calloc|          0              0              0
   free|          0              0
Histogram for block sizes:
   large              2 100% ==================================================
