Testing gjrand32
	0..4294967295 is range of generator
	414487 outputs to scan for duplicates [6.32456*sqrt(range)]
	20.0001 duplicates expected on average
	2.06097e-09 is probability of zero duplicates
	0x3ac6e935 is seed for this run
---
- Testing for repeats started...
  - Allocating memory started...
    - allocated bloomish filter with 32768 64-bit elements (3 bits/entry)
    - allocated possible-match log with 16384 32-bit elements
  - Allocating memory completed (1.8576e-05 seconds)
  - Phase 1, Gathering repeat candidates started...
    - 15254 repeat candidates found
  - Phase 1, Gathering repeat candidates completed (0.0232236 seconds)
  - Reallocating memory started...
    - Deallocated bloomish filter
    - Allocated hash table of the same size
  - Reallocating memory completed (0.000250466 seconds)
  - Phase 2, Storing candidates in hash table started...
  - Phase 2, Storing candidates in hash table completed (0.000381332 seconds)
  - Phase 3, Testing candidates started...
    - repeat of 876041396 found, step 115055
    - repeat of 3348886660 found, step 121389
    - repeat of 324709355 found, step 162775
    - repeat of 1615954674 found, step 189126
    - repeat of 4048751445 found, step 195573
    - repeat of 1709921764 found, step 200714
    - repeat of 2585473365 found, step 203300
    - repeat of 1064512345 found, step 211136
    - repeat of 4255952651 found, step 234084
    - repeat of 2707069950 found, step 251686
    - repeat of 1135451638 found, step 259387
    - repeat of 3966930014 found, step 265242
    - repeat of 110946217 found, step 273780
    - repeat of 915301912 found, step 299771
    - repeat of 719755437 found, step 303006
    - repeat of 3450472419 found, step 322984
    - repeat of 1450557614 found, step 323769
    - repeat of 2852082899 found, step 348247
    - repeat of 2113854520 found, step 391103
    - repeat of 1166482194 found, step 408475
  - Phase 3, Testing candidates completed (0.0176729 seconds)
- Testing for repeats completed (0.0416171 seconds)
---
20 repeats, p-value = 1 - 0.440915

Memory usage summary: heap total: 564225, heap peak: 400384, stack peak: 5712
         total calls   total memory   failed calls
 malloc|          5         564225              0
realloc|          0              0              0  (nomove:0, dec:0, free:0)
 calloc|          0              0              0
   free|          4         491521
Histogram for block sizes:
32768-32783           1  20% ============
   large              4  80% ==================================================
