Testing gjrand32
	0..4294967295 is range of generator
	414487 outputs to scan for duplicates [6.32456*sqrt(range)]
	20.0001 duplicates expected on average
	2.06097e-09 is probability of zero duplicates
	0xbd5801a2 is seed for this run
---
- Testing for repeats started...
  - Allocating memory started...
    - allocated 256 buckets of capacity 2023
    - allocated 256 bucket counters
  - Allocating memory completed (1.524e-05 seconds)
  - Storing PRNG output started...
  - Storing PRNG output completed (0.00374733 seconds)
  - Sorting started...
  - Sorting completed (0.0365744 seconds)
  - Scanning for duplicates started...
    - repeat of 2821156625 found
    - repeat of 814078239 found
    - repeat of 2543074344 found
    - repeat of 1973710147 found
    - repeat of 3901329254 found
    - repeat of 472400496 found
    - repeat of 825022322 found
    - repeat of 303609217 found
    - repeat of 3974678699 found
    - repeat of 1624386490 found
    - repeat of 1450781125 found
    - repeat of 3294838734 found
    - repeat of 564897763 found
    - repeat of 2177199597 found
  - Scanning for duplicates completed (0.000590027 seconds)
- Testing for repeats completed (0.0409514 seconds)
---
14 repeats, p-value = 0.104861

Memory usage summary: heap total: 2145280, heap peak: 2145280, stack peak: 5616
         total calls   total memory   failed calls
 malloc|          3        2145280              0
realloc|          0              0              0  (nomove:0, dec:0, free:0)
 calloc|          0              0              0
   free|          0              0
Histogram for block sizes:
 1024-1039            1  33% =========================
   large              2  66% ==================================================
