Testing pcg32_fast
	0..4294967295 is range of generator
	414487 outputs to scan for duplicates [6.32456*sqrt(range)]
	20.0001 duplicates expected on average
	2.06097e-09 is probability of zero duplicates
	0x1a9c3ffe is seed for this run
---
- Testing for repeats started...
  - Allocating memory started...
    - allocated 256 buckets of capacity 2023
    - allocated 256 bucket counters
  - Allocating memory completed (1.5153e-05 seconds)
  - Storing PRNG output started...
  - Storing PRNG output completed (0.00331285 seconds)
  - Sorting started...
  - Sorting completed (0.037307 seconds)
  - Scanning for duplicates started...
    - repeat of 3378422274 found
    - repeat of 97761314 found
    - repeat of 3906598962 found
    - repeat of 3957035856 found
    - repeat of 57195118 found
    - repeat of 3182371956 found
    - repeat of 4097740925 found
    - repeat of 267490716 found
    - repeat of 2598078650 found
    - repeat of 506338237 found
    - repeat of 1722844613 found
    - repeat of 490876381 found
    - repeat of 2365007336 found
    - repeat of 2529663486 found
  - Scanning for duplicates completed (0.000573472 seconds)
- Testing for repeats completed (0.0412216 seconds)
---
14 repeats, p-value = 0.104861

Memory usage summary: heap total: 2145280, heap peak: 2145280, stack peak: 5616
         total calls   total memory   failed calls
 malloc|          3        2145280              0
realloc|          0              0              0  (nomove:0, dec:0, free:0)
 calloc|          0              0              0
   free|          0              0
Histogram for block sizes:
 1024-1039            1  33% =========================
   large              2  66% ==================================================
