- bump_allocator_static< std::__detail::_Hash_node<unsigned long, false> > (item size = 16) at 0x6042f0 created!
- bump_allocator_static< std::__detail::_Hash_node_base* > (item size = 8) at 0x604330 created!
- mempool at 0x6042b8 allocated new chunk at 0x7f7fd89b0020
- mempool at 0x6042b8: large alloc 137438953144 bytes at 0x7f5fd89b0020.
- mempool at 0x6042b8 allocated new chunk at 0x7f5f989af020
- mempool at 0x6042b8 allocated new chunk at 0x7f5f589ae020
- mempool at 0x6042b8 allocated new chunk at 0x7f5f189ad020
- mempool at 0x6042b8 allocated new chunk at 0x7f5ed89ac020
- mempool at 0x6042b8 allocated new chunk at 0x7f5e989ab020
- mempool at 0x6042b8 allocated new chunk at 0x7f5e589aa020
- mempool at 0x6042b8 allocated new chunk at 0x7f5e189a9020
- mempool at 0x6042b8 allocated new chunk at 0x7f5dd89a8020
- mempool at 0x6042b8 allocated new chunk at 0x7f5d989a7020
- mempool at 0x6042b8 allocated new chunk at 0x7f5d589a6020
- mempool at 0x6042b8 allocated new chunk at 0x7f5d189a5020
- mempool at 0x6042b8 allocated new chunk at 0x7f5cd89a4020
- mempool at 0x6042b8 allocated new chunk at 0x7f5c989a3020
- mempool at 0x6042b8 allocated new chunk at 0x7f5c589a2020
- mempool at 0x6042b8 allocated new chunk at 0x7f5c189a1020
- mempool at 0x6042b8 allocated new chunk at 0x7f5bd89a0020
- mempool at 0x6042b8 allocated new chunk at 0x7f5b9899f020
- mempool at 0x6042b8 allocated new chunk at 0x7f5b5899e020
- mempool at 0x6042b8 allocated new chunk at 0x7f5b1899d020
- mempool at 0x6042b8 allocated new chunk at 0x7f5ad899c020
- mempool at 0x6042b8 allocated new chunk at 0x7f5a9899b020
- mempool at 0x6042b8 allocated new chunk at 0x7f5a5899a020
- mempool at 0x6042b8 allocated new chunk at 0x7f5a18999020
- mempool at 0x6042b8 allocated new chunk at 0x7f59d8998020
- mempool at 0x6042b8 allocated new chunk at 0x7f5998997020
- mempool at 0x6042b8 allocated new chunk at 0x7f5958996020
- mempool at 0x6042b8 allocated new chunk at 0x7f5918995020
- mempool at 0x6042b8 allocated new chunk at 0x7f58d8994020
- mempool at 0x6042b8 allocated new chunk at 0x7f5898993020
- mempool at 0x6042b8 allocated new chunk at 0x7f5858992020
- mempool at 0x6042b8 allocated new chunk at 0x7f5818991020
- mempool at 0x6042b8 allocated new chunk at 0x7f57d8990020
- mempool at 0x6042b8 allocated new chunk at 0x7f579898f020
- mempool at 0x6042b8 allocated new chunk at 0x7f575898e020
- mempool at 0x6042b8 allocated new chunk at 0x7f571898d020
- mempool at 0x6042b8 allocated new chunk at 0x7f56d898c020
- mempool at 0x6042b8 allocated new chunk at 0x7f569898b020
- mempool at 0x6042b8 allocated new chunk at 0x7f565898a020
- mempool at 0x6042b8 allocated new chunk at 0x7f5618989020
- mempool at 0x6042b8 allocated new chunk at 0x7f55d8988020
- mempool at 0x6042b8 allocated new chunk at 0x7f5598987020
- mempool at 0x6042b8 allocated new chunk at 0x7f5558986020
- mempool at 0x6042b8 allocated new chunk at 0x7f5518985020
- mempool at 0x6042b8 allocated new chunk at 0x7f54d8984020
- mempool at 0x6042b8 allocated new chunk at 0x7f5498983020
- mempool at 0x6042b8 allocated new chunk at 0x7f5458982020
- mempool at 0x6042b8 allocated new chunk at 0x7f5418981020
- mempool at 0x6042b8 allocated new chunk at 0x7f53d8980020
- mempool at 0x6042b8 allocated new chunk at 0x7f539897f020
- mempool at 0x6042b8 allocated new chunk at 0x7f535897e020
- mempool at 0x6042b8 allocated new chunk at 0x7f531897d020
- mempool at 0x6042b8 allocated new chunk at 0x7f52d897c020
- mempool at 0x6042b8 allocated new chunk at 0x7f529897b020
- mempool at 0x6042b8 allocated new chunk at 0x7f525897a020
- mempool at 0x6042b8 allocated new chunk at 0x7f5218979020
- mempool at 0x6042b8 allocated new chunk at 0x7f51d8978020
- mempool at 0x6042b8 allocated new chunk at 0x7f5198977020
- mempool at 0x6042b8 allocated new chunk at 0x7f5158976020
- mempool at 0x6042b8 allocated new chunk at 0x7f5118975020
- mempool at 0x6042b8 allocated new chunk at 0x7f50d8974020
- mempool at 0x6042b8 allocated new chunk at 0x7f5098973020
- mempool at 0x6042b8 allocated new chunk at 0x7f5058972020
- mempool at 0x6042b8 allocated new chunk at 0x7f5018971020
- mempool at 0x6042b8 allocated new chunk at 0x7f4fd8970020
- mempool at 0x6042b8 allocated new chunk at 0x7f4f9896f020
- mempool at 0x6042b8 allocated new chunk at 0x7f4f5896e020
- mempool at 0x6042b8 allocated new chunk at 0x7f4f1896d020
- mempool at 0x6042b8 allocated new chunk at 0x7f4ed896c020
- mempool at 0x6042b8 allocated new chunk at 0x7f4e9896b020
- mempool at 0x6042b8 allocated new chunk at 0x7f4e5896a020
- mempool at 0x6042b8 allocated new chunk at 0x7f4e18969020
- mempool at 0x6042b8 allocated new chunk at 0x7f4dd8968020
- mempool at 0x6042b8 allocated new chunk at 0x7f4d98967020
- mempool at 0x6042b8 allocated new chunk at 0x7f4d58966020
- mempool at 0x6042b8 allocated new chunk at 0x7f4d18965020
- mempool at 0x6042b8 allocated new chunk at 0x7f4cd8964020
- mempool at 0x6042b8 allocated new chunk at 0x7f4c98963020
- mempool at 0x6042b8 allocated new chunk at 0x7f4c58962020
- mempool at 0x6042b8 allocated new chunk at 0x7f4c18961020
- mempool at 0x6042b8 allocated new chunk at 0x7f4bd8960020
- mempool at 0x6042b8 allocated new chunk at 0x7f4b9895f020
- mempool at 0x6042b8 allocated new chunk at 0x7f4b5895e020
- mempool at 0x6042b8 allocated new chunk at 0x7f4b1895d020
- mempool at 0x6042b8 allocated new chunk at 0x7f4ad895c020
- mempool at 0x6042b8 allocated new chunk at 0x7f4a9895b020
- mempool at 0x6042b8 allocated new chunk at 0x7f4a5895a020
- mempool at 0x6042b8 allocated new chunk at 0x7f4a18959020
- mempool at 0x6042b8 allocated new chunk at 0x7f49d8958020
- mempool at 0x6042b8 allocated new chunk at 0x7f4998957020
- mempool at 0x6042b8 allocated new chunk at 0x7f4958956020
- mempool at 0x6042b8 allocated new chunk at 0x7f4918955020
- mempool at 0x6042b8 allocated new chunk at 0x7f48d8954020
- mempool at 0x6042b8 allocated new chunk at 0x7f4898953020
- mempool at 0x6042b8 allocated new chunk at 0x7f4858952020
- mempool at 0x6042b8 allocated new chunk at 0x7f4818951020
- mempool at 0x6042b8 allocated new chunk at 0x7f47d8950020
- mempool at 0x6042b8 allocated new chunk at 0x7f479894f020
- mempool at 0x6042b8 allocated new chunk at 0x7f475894e020
- mempool at 0x6042b8 allocated new chunk at 0x7f471894d020
- mempool at 0x6042b8 allocated new chunk at 0x7f46d894c020
- mempool at 0x6042b8 allocated new chunk at 0x7f469894b020
- mempool at 0x6042b8 allocated new chunk at 0x7f465894a020
- mempool at 0x6042b8 allocated new chunk at 0x7f4618949020
- mempool at 0x6042b8 allocated new chunk at 0x7f45d8948020
- mempool at 0x6042b8 allocated new chunk at 0x7f4598947020
- mempool at 0x6042b8 allocated new chunk at 0x7f4558946020
- mempool at 0x6042b8 allocated new chunk at 0x7f4518945020
- mempool at 0x6042b8 allocated new chunk at 0x7f44d8944020
- mempool at 0x6042b8 allocated new chunk at 0x7f4498943020
- mempool at 0x6042b8 allocated new chunk at 0x7f4458942020
- mempool at 0x6042b8 allocated new chunk at 0x7f4418941020
- mempool at 0x6042b8 allocated new chunk at 0x7f43d8940020
- mempool at 0x6042b8 allocated new chunk at 0x7f439893f020
- mempool at 0x6042b8 allocated new chunk at 0x7f435893e020
- mempool at 0x6042b8 allocated new chunk at 0x7f431893d020
- mempool at 0x6042b8 allocated new chunk at 0x7f42d893c020
- mempool at 0x6042b8 allocated new chunk at 0x7f429893b020
- mempool at 0x6042b8 allocated new chunk at 0x7f425893a020
- mempool at 0x6042b8 allocated new chunk at 0x7f4218939020
- mempool at 0x6042b8 allocated new chunk at 0x7f41d8938020
- mempool at 0x6042b8 allocated new chunk at 0x7f4198937020
- mempool at 0x6042b8 allocated new chunk at 0x7f4158936020
- mempool at 0x6042b8 allocated new chunk at 0x7f4118935020
- mempool at 0x6042b8 allocated new chunk at 0x7f40d8934020
- mempool at 0x6042b8 allocated new chunk at 0x7f4098933020
- mempool at 0x6042b8 allocated new chunk at 0x7f4058932020
- mempool at 0x6042b8 allocated new chunk at 0x7f4018931020
- mempool at 0x6042b8 allocated new chunk at 0x7f3fd8930020
- mempool at 0x6042b8 allocated new chunk at 0x7f3f9892f020
- mempool at 0x6042b8 allocated new chunk at 0x7f3f5892e020
- mempool at 0x6042b8 allocated new chunk at 0x7f3f1892d020
- mempool at 0x6042b8 allocated new chunk at 0x7f3ed892c020
- mempool at 0x6042b8 allocated new chunk at 0x7f3e9892b020
- mempool at 0x6042b8 allocated new chunk at 0x7f3e5892a020
- mempool at 0x6042b8 allocated new chunk at 0x7f3e18929020
- mempool at 0x6042b8 allocated new chunk at 0x7f3dd8928020
- mempool at 0x6042b8 allocated new chunk at 0x7f3d98927020
- mempool at 0x6042b8 allocated new chunk at 0x7f3d58926020
- mempool at 0x6042b8 allocated new chunk at 0x7f3d18925020
- mempool at 0x6042b8 allocated new chunk at 0x7f3cd8924020
- mempool at 0x6042b8 allocated new chunk at 0x7f3c98923020
- mempool at 0x6042b8 allocated new chunk at 0x7f3c58922020
- mempool at 0x6042b8 allocated new chunk at 0x7f3c18921020
- mempool at 0x6042b8 allocated new chunk at 0x7f3bd8920020
- mempool at 0x6042b8 allocated new chunk at 0x7f3b9891f020
- mempool at 0x6042b8 allocated new chunk at 0x7f3b5891e020
- mempool at 0x6042b8 allocated new chunk at 0x7f3b1891d020
- mempool at 0x6042b8 allocated new chunk at 0x7f3ad891c020
- mempool at 0x6042b8 allocated new chunk at 0x7f3a9891b020
- mempool at 0x6042b8 allocated new chunk at 0x7f3a5891a020
- mempool at 0x6042b8 allocated new chunk at 0x7f3a18919020
- mempool at 0x6042b8 allocated new chunk at 0x7f39d8918020
- mempool at 0x6042b8 allocated new chunk at 0x7f3998917020
- mempool at 0x6042b8 allocated new chunk at 0x7f3958916020
- mempool at 0x6042b8 allocated new chunk at 0x7f3918915020
- mempool at 0x6042b8 allocated new chunk at 0x7f38d8914020
- mempool at 0x6042b8 allocated new chunk at 0x7f3898913020
- mempool at 0x6042b8 allocated new chunk at 0x7f3858912020
- mempool at 0x6042b8 allocated new chunk at 0x7f3818911020
- mempool at 0x6042b8 allocated new chunk at 0x7f37d8910020
- mempool at 0x6042b8 allocated new chunk at 0x7f379890f020
- mempool at 0x6042b8 allocated new chunk at 0x7f375890e020
- mempool at 0x6042b8 allocated new chunk at 0x7f371890d020
- mempool at 0x6042b8 allocated new chunk at 0x7f36d890c020
- mempool at 0x6042b8 allocated new chunk at 0x7f369890b020
- mempool at 0x6042b8 allocated new chunk at 0x7f365890a020
- mempool at 0x6042b8 allocated new chunk at 0x7f3618909020
- mempool at 0x6042b8 allocated new chunk at 0x7f35d8908020
- mempool at 0x6042b8 allocated new chunk at 0x7f3598907020
- mempool at 0x6042b8 allocated new chunk at 0x7f3558906020
- mempool at 0x6042b8 allocated new chunk at 0x7f3518905020
- mempool at 0x6042b8 allocated new chunk at 0x7f34d8904020
- mempool at 0x6042b8 allocated new chunk at 0x7f3498903020
- mempool at 0x6042b8 allocated new chunk at 0x7f3458902020
- mempool at 0x6042b8 allocated new chunk at 0x7f3418901020
- mempool at 0x6042b8 allocated new chunk at 0x7f33d8900020
- mempool at 0x6042b8 allocated new chunk at 0x7f33988ff020
- mempool at 0x6042b8 allocated new chunk at 0x7f33588fe020
- mempool at 0x6042b8 allocated new chunk at 0x7f33188fd020
- mempool at 0x6042b8 allocated new chunk at 0x7f32d88fc020
- mempool at 0x6042b8 allocated new chunk at 0x7f32988fb020
- mempool at 0x6042b8 allocated new chunk at 0x7f32588fa020
- mempool at 0x6042b8 allocated new chunk at 0x7f32188f9020
- mempool at 0x6042b8 allocated new chunk at 0x7f31d88f8020
- mempool at 0x6042b8 allocated new chunk at 0x7f31988f7020
- mempool at 0x6042b8 allocated new chunk at 0x7f31588f6020
- mempool at 0x6042b8 allocated new chunk at 0x7f31188f5020
- mempool at 0x6042b8 allocated new chunk at 0x7f30d88f4020
- mempool at 0x6042b8 allocated new chunk at 0x7f30988f3020
- mempool at 0x6042b8 allocated new chunk at 0x7f30588f2020
- mempool at 0x6042b8 allocated new chunk at 0x7f30188f1020
- mempool at 0x6042b8 allocated new chunk at 0x7f2fd88f0020
- mempool at 0x6042b8 allocated new chunk at 0x7f2f988ef020
- mempool at 0x6042b8 allocated new chunk at 0x7f2f588ee020
- mempool at 0x6042b8: large dealloc 137438953144 bytes at 0x7f5fd89b0020.
- mempool at 0x6042b8 deallocated chunk at 0x7f2f588ee020
- mempool at 0x6042b8 deallocated chunk at 0x7f2f988ef020
- mempool at 0x6042b8 deallocated chunk at 0x7f2fd88f0020
- mempool at 0x6042b8 deallocated chunk at 0x7f30188f1020
- mempool at 0x6042b8 deallocated chunk at 0x7f30588f2020
- mempool at 0x6042b8 deallocated chunk at 0x7f30988f3020
- mempool at 0x6042b8 deallocated chunk at 0x7f30d88f4020
- mempool at 0x6042b8 deallocated chunk at 0x7f31188f5020
- mempool at 0x6042b8 deallocated chunk at 0x7f31588f6020
- mempool at 0x6042b8 deallocated chunk at 0x7f31988f7020
- mempool at 0x6042b8 deallocated chunk at 0x7f31d88f8020
- mempool at 0x6042b8 deallocated chunk at 0x7f32188f9020
- mempool at 0x6042b8 deallocated chunk at 0x7f32588fa020
- mempool at 0x6042b8 deallocated chunk at 0x7f32988fb020
- mempool at 0x6042b8 deallocated chunk at 0x7f32d88fc020
- mempool at 0x6042b8 deallocated chunk at 0x7f33188fd020
- mempool at 0x6042b8 deallocated chunk at 0x7f33588fe020
- mempool at 0x6042b8 deallocated chunk at 0x7f33988ff020
- mempool at 0x6042b8 deallocated chunk at 0x7f33d8900020
- mempool at 0x6042b8 deallocated chunk at 0x7f3418901020
- mempool at 0x6042b8 deallocated chunk at 0x7f3458902020
- mempool at 0x6042b8 deallocated chunk at 0x7f3498903020
- mempool at 0x6042b8 deallocated chunk at 0x7f34d8904020
- mempool at 0x6042b8 deallocated chunk at 0x7f3518905020
- mempool at 0x6042b8 deallocated chunk at 0x7f3558906020
- mempool at 0x6042b8 deallocated chunk at 0x7f3598907020
- mempool at 0x6042b8 deallocated chunk at 0x7f35d8908020
- mempool at 0x6042b8 deallocated chunk at 0x7f3618909020
- mempool at 0x6042b8 deallocated chunk at 0x7f365890a020
- mempool at 0x6042b8 deallocated chunk at 0x7f369890b020
- mempool at 0x6042b8 deallocated chunk at 0x7f36d890c020
- mempool at 0x6042b8 deallocated chunk at 0x7f371890d020
- mempool at 0x6042b8 deallocated chunk at 0x7f375890e020
- mempool at 0x6042b8 deallocated chunk at 0x7f379890f020
- mempool at 0x6042b8 deallocated chunk at 0x7f37d8910020
- mempool at 0x6042b8 deallocated chunk at 0x7f3818911020
- mempool at 0x6042b8 deallocated chunk at 0x7f3858912020
- mempool at 0x6042b8 deallocated chunk at 0x7f3898913020
- mempool at 0x6042b8 deallocated chunk at 0x7f38d8914020
- mempool at 0x6042b8 deallocated chunk at 0x7f3918915020
- mempool at 0x6042b8 deallocated chunk at 0x7f3958916020
- mempool at 0x6042b8 deallocated chunk at 0x7f3998917020
- mempool at 0x6042b8 deallocated chunk at 0x7f39d8918020
- mempool at 0x6042b8 deallocated chunk at 0x7f3a18919020
- mempool at 0x6042b8 deallocated chunk at 0x7f3a5891a020
- mempool at 0x6042b8 deallocated chunk at 0x7f3a9891b020
- mempool at 0x6042b8 deallocated chunk at 0x7f3ad891c020
- mempool at 0x6042b8 deallocated chunk at 0x7f3b1891d020
- mempool at 0x6042b8 deallocated chunk at 0x7f3b5891e020
- mempool at 0x6042b8 deallocated chunk at 0x7f3b9891f020
- mempool at 0x6042b8 deallocated chunk at 0x7f3bd8920020
- mempool at 0x6042b8 deallocated chunk at 0x7f3c18921020
- mempool at 0x6042b8 deallocated chunk at 0x7f3c58922020
- mempool at 0x6042b8 deallocated chunk at 0x7f3c98923020
- mempool at 0x6042b8 deallocated chunk at 0x7f3cd8924020
- mempool at 0x6042b8 deallocated chunk at 0x7f3d18925020
- mempool at 0x6042b8 deallocated chunk at 0x7f3d58926020
- mempool at 0x6042b8 deallocated chunk at 0x7f3d98927020
- mempool at 0x6042b8 deallocated chunk at 0x7f3dd8928020
- mempool at 0x6042b8 deallocated chunk at 0x7f3e18929020
- mempool at 0x6042b8 deallocated chunk at 0x7f3e5892a020
- mempool at 0x6042b8 deallocated chunk at 0x7f3e9892b020
- mempool at 0x6042b8 deallocated chunk at 0x7f3ed892c020
- mempool at 0x6042b8 deallocated chunk at 0x7f3f1892d020
- mempool at 0x6042b8 deallocated chunk at 0x7f3f5892e020
- mempool at 0x6042b8 deallocated chunk at 0x7f3f9892f020
- mempool at 0x6042b8 deallocated chunk at 0x7f3fd8930020
- mempool at 0x6042b8 deallocated chunk at 0x7f4018931020
- mempool at 0x6042b8 deallocated chunk at 0x7f4058932020
- mempool at 0x6042b8 deallocated chunk at 0x7f4098933020
- mempool at 0x6042b8 deallocated chunk at 0x7f40d8934020
- mempool at 0x6042b8 deallocated chunk at 0x7f4118935020
- mempool at 0x6042b8 deallocated chunk at 0x7f4158936020
- mempool at 0x6042b8 deallocated chunk at 0x7f4198937020
- mempool at 0x6042b8 deallocated chunk at 0x7f41d8938020
- mempool at 0x6042b8 deallocated chunk at 0x7f4218939020
- mempool at 0x6042b8 deallocated chunk at 0x7f425893a020
- mempool at 0x6042b8 deallocated chunk at 0x7f429893b020
- mempool at 0x6042b8 deallocated chunk at 0x7f42d893c020
- mempool at 0x6042b8 deallocated chunk at 0x7f431893d020
- mempool at 0x6042b8 deallocated chunk at 0x7f435893e020
- mempool at 0x6042b8 deallocated chunk at 0x7f439893f020
- mempool at 0x6042b8 deallocated chunk at 0x7f43d8940020
- mempool at 0x6042b8 deallocated chunk at 0x7f4418941020
- mempool at 0x6042b8 deallocated chunk at 0x7f4458942020
- mempool at 0x6042b8 deallocated chunk at 0x7f4498943020
- mempool at 0x6042b8 deallocated chunk at 0x7f44d8944020
- mempool at 0x6042b8 deallocated chunk at 0x7f4518945020
- mempool at 0x6042b8 deallocated chunk at 0x7f4558946020
- mempool at 0x6042b8 deallocated chunk at 0x7f4598947020
- mempool at 0x6042b8 deallocated chunk at 0x7f45d8948020
- mempool at 0x6042b8 deallocated chunk at 0x7f4618949020
- mempool at 0x6042b8 deallocated chunk at 0x7f465894a020
- mempool at 0x6042b8 deallocated chunk at 0x7f469894b020
- mempool at 0x6042b8 deallocated chunk at 0x7f46d894c020
- mempool at 0x6042b8 deallocated chunk at 0x7f471894d020
- mempool at 0x6042b8 deallocated chunk at 0x7f475894e020
- mempool at 0x6042b8 deallocated chunk at 0x7f479894f020
- mempool at 0x6042b8 deallocated chunk at 0x7f47d8950020
- mempool at 0x6042b8 deallocated chunk at 0x7f4818951020
- mempool at 0x6042b8 deallocated chunk at 0x7f4858952020
- mempool at 0x6042b8 deallocated chunk at 0x7f4898953020
- mempool at 0x6042b8 deallocated chunk at 0x7f48d8954020
- mempool at 0x6042b8 deallocated chunk at 0x7f4918955020
- mempool at 0x6042b8 deallocated chunk at 0x7f4958956020
- mempool at 0x6042b8 deallocated chunk at 0x7f4998957020
- mempool at 0x6042b8 deallocated chunk at 0x7f49d8958020
- mempool at 0x6042b8 deallocated chunk at 0x7f4a18959020
- mempool at 0x6042b8 deallocated chunk at 0x7f4a5895a020
- mempool at 0x6042b8 deallocated chunk at 0x7f4a9895b020
- mempool at 0x6042b8 deallocated chunk at 0x7f4ad895c020
- mempool at 0x6042b8 deallocated chunk at 0x7f4b1895d020
- mempool at 0x6042b8 deallocated chunk at 0x7f4b5895e020
- mempool at 0x6042b8 deallocated chunk at 0x7f4b9895f020
- mempool at 0x6042b8 deallocated chunk at 0x7f4bd8960020
- mempool at 0x6042b8 deallocated chunk at 0x7f4c18961020
- mempool at 0x6042b8 deallocated chunk at 0x7f4c58962020
- mempool at 0x6042b8 deallocated chunk at 0x7f4c98963020
- mempool at 0x6042b8 deallocated chunk at 0x7f4cd8964020
- mempool at 0x6042b8 deallocated chunk at 0x7f4d18965020
- mempool at 0x6042b8 deallocated chunk at 0x7f4d58966020
- mempool at 0x6042b8 deallocated chunk at 0x7f4d98967020
- mempool at 0x6042b8 deallocated chunk at 0x7f4dd8968020
- mempool at 0x6042b8 deallocated chunk at 0x7f4e18969020
- mempool at 0x6042b8 deallocated chunk at 0x7f4e5896a020
- mempool at 0x6042b8 deallocated chunk at 0x7f4e9896b020
- mempool at 0x6042b8 deallocated chunk at 0x7f4ed896c020
- mempool at 0x6042b8 deallocated chunk at 0x7f4f1896d020
- mempool at 0x6042b8 deallocated chunk at 0x7f4f5896e020
- mempool at 0x6042b8 deallocated chunk at 0x7f4f9896f020
- mempool at 0x6042b8 deallocated chunk at 0x7f4fd8970020
- mempool at 0x6042b8 deallocated chunk at 0x7f5018971020
- mempool at 0x6042b8 deallocated chunk at 0x7f5058972020
- mempool at 0x6042b8 deallocated chunk at 0x7f5098973020
- mempool at 0x6042b8 deallocated chunk at 0x7f50d8974020
- mempool at 0x6042b8 deallocated chunk at 0x7f5118975020
- mempool at 0x6042b8 deallocated chunk at 0x7f5158976020
- mempool at 0x6042b8 deallocated chunk at 0x7f5198977020
- mempool at 0x6042b8 deallocated chunk at 0x7f51d8978020
- mempool at 0x6042b8 deallocated chunk at 0x7f5218979020
- mempool at 0x6042b8 deallocated chunk at 0x7f525897a020
- mempool at 0x6042b8 deallocated chunk at 0x7f529897b020
- mempool at 0x6042b8 deallocated chunk at 0x7f52d897c020
- mempool at 0x6042b8 deallocated chunk at 0x7f531897d020
- mempool at 0x6042b8 deallocated chunk at 0x7f535897e020
- mempool at 0x6042b8 deallocated chunk at 0x7f539897f020
- mempool at 0x6042b8 deallocated chunk at 0x7f53d8980020
- mempool at 0x6042b8 deallocated chunk at 0x7f5418981020
- mempool at 0x6042b8 deallocated chunk at 0x7f5458982020
- mempool at 0x6042b8 deallocated chunk at 0x7f5498983020
- mempool at 0x6042b8 deallocated chunk at 0x7f54d8984020
- mempool at 0x6042b8 deallocated chunk at 0x7f5518985020
- mempool at 0x6042b8 deallocated chunk at 0x7f5558986020
- mempool at 0x6042b8 deallocated chunk at 0x7f5598987020
- mempool at 0x6042b8 deallocated chunk at 0x7f55d8988020
- mempool at 0x6042b8 deallocated chunk at 0x7f5618989020
- mempool at 0x6042b8 deallocated chunk at 0x7f565898a020
- mempool at 0x6042b8 deallocated chunk at 0x7f569898b020
- mempool at 0x6042b8 deallocated chunk at 0x7f56d898c020
- mempool at 0x6042b8 deallocated chunk at 0x7f571898d020
- mempool at 0x6042b8 deallocated chunk at 0x7f575898e020
- mempool at 0x6042b8 deallocated chunk at 0x7f579898f020
- mempool at 0x6042b8 deallocated chunk at 0x7f57d8990020
- mempool at 0x6042b8 deallocated chunk at 0x7f5818991020
- mempool at 0x6042b8 deallocated chunk at 0x7f5858992020
- mempool at 0x6042b8 deallocated chunk at 0x7f5898993020
- mempool at 0x6042b8 deallocated chunk at 0x7f58d8994020
- mempool at 0x6042b8 deallocated chunk at 0x7f5918995020
- mempool at 0x6042b8 deallocated chunk at 0x7f5958996020
- mempool at 0x6042b8 deallocated chunk at 0x7f5998997020
- mempool at 0x6042b8 deallocated chunk at 0x7f59d8998020
- mempool at 0x6042b8 deallocated chunk at 0x7f5a18999020
- mempool at 0x6042b8 deallocated chunk at 0x7f5a5899a020
- mempool at 0x6042b8 deallocated chunk at 0x7f5a9899b020
- mempool at 0x6042b8 deallocated chunk at 0x7f5ad899c020
- mempool at 0x6042b8 deallocated chunk at 0x7f5b1899d020
- mempool at 0x6042b8 deallocated chunk at 0x7f5b5899e020
- mempool at 0x6042b8 deallocated chunk at 0x7f5b9899f020
- mempool at 0x6042b8 deallocated chunk at 0x7f5bd89a0020
- mempool at 0x6042b8 deallocated chunk at 0x7f5c189a1020
- mempool at 0x6042b8 deallocated chunk at 0x7f5c589a2020
- mempool at 0x6042b8 deallocated chunk at 0x7f5c989a3020
- mempool at 0x6042b8 deallocated chunk at 0x7f5cd89a4020
- mempool at 0x6042b8 deallocated chunk at 0x7f5d189a5020
- mempool at 0x6042b8 deallocated chunk at 0x7f5d589a6020
- mempool at 0x6042b8 deallocated chunk at 0x7f5d989a7020
- mempool at 0x6042b8 deallocated chunk at 0x7f5dd89a8020
- mempool at 0x6042b8 deallocated chunk at 0x7f5e189a9020
- mempool at 0x6042b8 deallocated chunk at 0x7f5e589aa020
- mempool at 0x6042b8 deallocated chunk at 0x7f5e989ab020
- mempool at 0x6042b8 deallocated chunk at 0x7f5ed89ac020
- mempool at 0x6042b8 deallocated chunk at 0x7f5f189ad020
- mempool at 0x6042b8 deallocated chunk at 0x7f5f589ae020
- mempool at 0x6042b8 deallocated chunk at 0x7f5f989af020
- mempool at 0x6042b8 deallocated chunk at 0x7f7fd89b0020
Testing xorshift64plain64a
	0..18446744073709551615 is range of generator
	13034599790 outputs to scan for duplicates [3.03485*sqrt(range)]
	4.60517 duplicates expected on average
	0.01 is probability of zero duplicates
	0x217eadf4 is seed for this run
---
- Testing for repeats started...
  - Allocating memory started...
    - allocated hash table of reserved for 13034599790 elements
  - Allocating memory completed (45.8091 seconds)
  - Checking PRNG output started...
  - Checking PRNG output completed (4435.31 seconds)
- Testing for repeats completed (4481.12 seconds)
---
0 repeats, p-value = 0.01
- bump_allocator_static< std::__detail::_Hash_node_base* > at 0x604330 destroyed!
 - total_allocations_  = 1
 - active_allocations_ = 0
 - high_allocations_   = 1
 - total_mem_  = 137438953144
 - active_mem_ = 0
 - high_mem_   = 137438953144
- bump_allocator_static< std::__detail::_Hash_node<unsigned long, false> > at 0x6042f0 destroyed!
 - total_allocations_  = 13034599790
 - active_allocations_ = 0
 - high_allocations_   = 13034599790
 - total_mem_  = 208553596640
 - active_mem_ = 0
 - high_mem_   = 208553596640

Memory usage summary: heap total: 346818685864, heap peak: 346818685672, stack peak: 5728
         total calls   total memory   failed calls
 malloc|        394   346818685672              0
realloc|          4            192              0  (nomove:0, dec:0, free:0)
 calloc|          0              0              0
   free|        395   346818612136
Histogram for block sizes:
   16-31            195  48% =================================================
   32-47              2  <1% 
   64-79              2  <1% 
  512-527             2  <1% 
   large            197  49% ==================================================
