Testing xorshift64star32a
	0..4294967295 is range of generator
	414487 outputs to scan for duplicates [6.32456*sqrt(range)]
	19.9994 duplicates expected on average
	2.06239e-09 is probability of zero duplicates
	0x8dca27fa is seed for this run
---
- Testing for repeats started...
  - Allocating memory started...
    - allocated array of size 414487.
  - Allocating memory completed (8.376e-06 seconds)
  - Storing PRNG output started...
  - Storing PRNG output completed (0.00318439 seconds)
  - Sorting started...
  - Sorting completed (0.0589422 seconds)
  - Scanning for duplicates started...
    - repeat of 50202384 found
    - repeat of 121655797 found
    - repeat of 156133890 found
    - repeat of 428439948 found
    - repeat of 641713504 found
    - repeat of 877980060 found
    - repeat of 954599026 found
    - repeat of 1063888593 found
    - repeat of 1069486054 found
    - repeat of 1238501099 found
    - repeat of 1366453196 found
    - repeat of 1448359465 found
    - repeat of 1879346644 found
    - repeat of 1920917129 found
    - repeat of 2099510629 found
    - repeat of 2218106494 found
    - repeat of 2621387456 found
    - repeat of 2782911657 found
    - repeat of 2966518564 found
    - repeat of 3042844456 found
    - repeat of 3285263547 found
    - repeat of 3502843460 found
    - repeat of 3994381566 found
    - repeat of 3998061202 found
    - repeat of 4265779735 found
  - Scanning for duplicates completed (0.000508958 seconds)
- Testing for repeats completed (0.0626688 seconds)
---
25 repeats, p-value = 1 - 0.112158

Memory usage summary: heap total: 1730652, heap peak: 1730652, stack peak: 5568
         total calls   total memory   failed calls
 malloc|          2        1730652              0
realloc|          0              0              0  (nomove:0, dec:0, free:0)
 calloc|          0              0              0
   free|          0              0
Histogram for block sizes:
   large              2 100% ==================================================
