Testing jsf32
	0..4294967295 is range of generator
	198893 outputs to scan for duplicates [3.03485*sqrt(range)]
	4.60521 duplicates expected on average
	0.00999963 is probability of zero duplicates
	0xaad8cc1d is seed for this run
---
- Testing for repeats started...
  - Allocating memory started...
    - allocated array of size 198893.
  - Allocating memory completed (8.666e-06 seconds)
  - Storing PRNG output started...
  - Storing PRNG output completed (0.00105562 seconds)
  - Sorting started...
  - Sorting completed (0.0296982 seconds)
  - Scanning for duplicates started...
    - repeat of 210037347 found
    - repeat of 559966632 found
    - repeat of 620072252 found
    - repeat of 1050078400 found
    - repeat of 1640606872 found
    - repeat of 2551611842 found
    - repeat of 3424262211 found
    - repeat of 3533271227 found
  - Scanning for duplicates completed (0.000289244 seconds)
- Testing for repeats completed (0.0310647 seconds)
---
8 repeats, p-value = 1 - 0.0453327

Memory usage summary: heap total: 868276, heap peak: 868276, stack peak: 5568
         total calls   total memory   failed calls
 malloc|          2         868276              0
realloc|          0              0              0  (nomove:0, dec:0, free:0)
 calloc|          0              0              0
   free|          0              0
Histogram for block sizes:
   large              2 100% ==================================================
