- bump_allocator_static< std::__detail::_Hash_node<unsigned int, false> > (item size = 16) at 0x6042d0 created!
- bump_allocator_static< std::__detail::_Hash_node_base* > (item size = 8) at 0x604310 created!
- mempool at 0x604298 allocated new chunk at 0x7fe2e251f020
- mempool at 0x604298 deallocated chunk at 0x7fe2e251f020
Testing pcg32_fast
	0..4294967295 is range of generator
	198893 outputs to scan for duplicates [3.03485*sqrt(range)]
	4.60521 duplicates expected on average
	0.00999963 is probability of zero duplicates
	0xaab27ab1 is seed for this run
---
- Testing for repeats started...
  - Allocating memory started...
    - allocated hash table of reserved for 198893 elements
  - Allocating memory completed (0.00096696 seconds)
  - Checking PRNG output started...
    - repeat of 3193152744 found, step 78477
    - repeat of 685976515 found, step 136124
    - repeat of 2185202591 found, step 136528
    - repeat of 1465650135 found, step 148103
    - repeat of 4268604251 found, step 152039
    - repeat of 901783069 found, step 170313
    - repeat of 543762590 found, step 175657
    - repeat of 3712606972 found, step 193848
  - Checking PRNG output completed (0.0194987 seconds)
- Testing for repeats completed (0.0204753 seconds)
---
8 repeats, p-value = 1 - 0.0453327
- bump_allocator_static< std::__detail::_Hash_node_base* > at 0x604310 destroyed!
 - total_allocations_  = 1
 - active_allocations_ = 0
 - high_allocations_   = 1
 - total_mem_  = 1619272
 - active_mem_ = 0
 - high_mem_   = 1619272
- bump_allocator_static< std::__detail::_Hash_node<unsigned int, false> > at 0x6042d0 destroyed!
 - total_allocations_  = 198885
 - active_allocations_ = 0
 - high_allocations_   = 198885
 - total_mem_  = 3182160
 - active_mem_ = 0
 - high_mem_   = 3182160

Memory usage summary: heap total: 1073815760, heap peak: 1073815568, stack peak: 2816
         total calls   total memory   failed calls
 malloc|          5     1073815568              0
realloc|          4            192              0  (nomove:0, dec:0, free:0)
 calloc|          0              0              0
   free|          6     1073742032
Histogram for block sizes:
   16-31              1  11% =========================
   32-47              2  22% ==================================================
   64-79              2  22% ==================================================
  512-527             2  22% ==================================================
   large              2  22% ==================================================
