Testing xoroshiro64star32
	0..4294967295 is range of generator
	414487 outputs to scan for duplicates [6.32456*sqrt(range)]
	20.0001 duplicates expected on average
	2.06097e-09 is probability of zero duplicates
	0xf1c71363 is seed for this run
---
- Testing for repeats started...
  - Allocating memory started...
    - allocated hash table of reserved for 414487 elements
  - Allocating memory completed (0.00208618 seconds)
  - Checking PRNG output started...
    - repeat of 2613263955 found, step 94234
    - repeat of 2532328215 found, step 96371
    - repeat of 1169974251 found, step 139282
    - repeat of 3354633465 found, step 144976
    - repeat of 1240198068 found, step 146635
    - repeat of 590433809 found, step 181039
    - repeat of 2861202513 found, step 182503
    - repeat of 3256059205 found, step 183995
    - repeat of 1204078569 found, step 201203
    - repeat of 1865050288 found, step 209225
    - repeat of 2375623477 found, step 305885
    - repeat of 2019903911 found, step 311360
    - repeat of 4043404849 found, step 352792
    - repeat of 2898664951 found, step 354229
    - repeat of 2375403969 found, step 373645
    - repeat of 2801710889 found, step 413912
  - Checking PRNG output completed (0.079996 seconds)
- Testing for repeats completed (0.0821063 seconds)
---
16 repeats, p-value = 0.221068

Memory usage summary: heap total: 10260136, heap peak: 10260136, stack peak: 5648
         total calls   total memory   failed calls
 malloc|     414473       10260136              0
realloc|          0              0              0  (nomove:0, dec:0, free:0)
 calloc|          0              0              0
   free|     414472       10187432
Histogram for block sizes:
   16-31         414471  99% ==================================================
   large              2  <1% 
