Testing sfc32
	0..4294967295 is range of generator
	414487 outputs to scan for duplicates [6.32456*sqrt(range)]
	20.0001 duplicates expected on average
	2.06097e-09 is probability of zero duplicates
	0xd8d7437a is seed for this run
---
- Testing for repeats started...
  - Allocating memory started...
    - allocated 256 buckets of capacity 2023
    - allocated 256 bucket counters
  - Allocating memory completed (1.2708e-05 seconds)
  - Storing PRNG output started...
  - Storing PRNG output completed (0.00262082 seconds)
  - Sorting started...
  - Sorting completed (0.0379601 seconds)
  - Scanning for duplicates started...
    - repeat of 3236969483 found
    - repeat of 3819822650 found
    - repeat of 2347767357 found
    - repeat of 1009370208 found
    - repeat of 1631421329 found
    - repeat of 2728130463 found
    - repeat of 1202168515 found
    - repeat of 727443159 found
    - repeat of 2207258328 found
    - repeat of 4075618265 found
    - repeat of 24189418 found
    - repeat of 2959810554 found
    - repeat of 2223055357 found
  - Scanning for duplicates completed (0.000613903 seconds)
- Testing for repeats completed (0.0412265 seconds)
---
13 repeats, p-value = 0.0661252

Memory usage summary: heap total: 2145280, heap peak: 2145280, stack peak: 5616
         total calls   total memory   failed calls
 malloc|          3        2145280              0
realloc|          0              0              0  (nomove:0, dec:0, free:0)
 calloc|          0              0              0
   free|          0              0
Histogram for block sizes:
 1024-1039            1  33% =========================
   large              2  66% ==================================================
