Testing xorshift64star32a
	0..4294967295 is range of generator
	414487 outputs to scan for duplicates [6.32456*sqrt(range)]
	19.9994 duplicates expected on average
	2.06239e-09 is probability of zero duplicates
	0x1b220f65 is seed for this run
---
- Testing for repeats started...
  - Allocating memory started...
    - allocated hash table of reserved for 414487 elements
  - Allocating memory completed (0.00244875 seconds)
  - Checking PRNG output started...
    - repeat of 1386358983 found, step 145484
    - repeat of 3734401990 found, step 148045
    - repeat of 2268857407 found, step 165597
    - repeat of 2578514202 found, step 211788
    - repeat of 1233070176 found, step 216621
    - repeat of 1646688536 found, step 256028
    - repeat of 1829560994 found, step 279437
    - repeat of 3709938490 found, step 300219
    - repeat of 3337018933 found, step 303167
    - repeat of 690047155 found, step 311001
    - repeat of 964139375 found, step 318185
    - repeat of 1674767411 found, step 318207
    - repeat of 2646470054 found, step 351066
    - repeat of 3799750893 found, step 352647
    - repeat of 1386091990 found, step 367869
    - repeat of 2142655110 found, step 379729
    - repeat of 1783464439 found, step 395475
    - repeat of 686546314 found, step 402412
    - repeat of 918185074 found, step 403417
    - repeat of 3238093837 found, step 404994
    - repeat of 2220430961 found, step 405835
  - Checking PRNG output completed (0.0761185 seconds)
- Testing for repeats completed (0.078586 seconds)
---
21 repeats, p-value = 1 - 0.356252

Memory usage summary: heap total: 10260056, heap peak: 10260056, stack peak: 5648
         total calls   total memory   failed calls
 malloc|     414468       10260056              0
realloc|          0              0              0  (nomove:0, dec:0, free:0)
 calloc|          0              0              0
   free|     414467       10187352
Histogram for block sizes:
   16-31         414466  99% ==================================================
   large              2  <1% 
