Testing pcg32
	0..4294967295 is range of generator
	414487 outputs to scan for duplicates [6.32456*sqrt(range)]
	20.0001 duplicates expected on average
	2.06097e-09 is probability of zero duplicates
	0xcf104910 is seed for this run
---
- Testing for repeats started...
  - Allocating memory started...
    - allocated array of size 414487.
  - Allocating memory completed (5.693e-06 seconds)
  - Storing PRNG output started...
  - Storing PRNG output completed (0.00264533 seconds)
  - Sorting started...
  - Sorting completed (0.0576846 seconds)
  - Scanning for duplicates started...
    - repeat of 368795843 found
    - repeat of 442533442 found
    - repeat of 764865788 found
    - repeat of 776594215 found
    - repeat of 1135025297 found
    - repeat of 1174381304 found
    - repeat of 1271962413 found
    - repeat of 1526815771 found
    - repeat of 1721793110 found
    - repeat of 2017138596 found
    - repeat of 2119675353 found
    - repeat of 2140242715 found
    - repeat of 2549737948 found
    - repeat of 2572862372 found
    - repeat of 2721010508 found
    - repeat of 3049462830 found
    - repeat of 3211016373 found
    - repeat of 3573375465 found
    - repeat of 3892171697 found
    - repeat of 4170211626 found
    - repeat of 4189067005 found
    - repeat of 4246186332 found
  - Scanning for duplicates completed (0.000494579 seconds)
- Testing for repeats completed (0.0608528 seconds)
---
22 repeats, p-value = 1 - 0.279396

Memory usage summary: heap total: 1730652, heap peak: 1730652, stack peak: 5568
         total calls   total memory   failed calls
 malloc|          2        1730652              0
realloc|          0              0              0  (nomove:0, dec:0, free:0)
 calloc|          0              0              0
   free|          0              0
Histogram for block sizes:
   large              2 100% ==================================================
