Testing xorshift64star32a
	0..4294967295 is range of generator
	198893 outputs to scan for duplicates [3.03485*sqrt(range)]
	4.60511 duplicates expected on average
	0.0100006 is probability of zero duplicates
	0xd270d5a1 is seed for this run
---
- Testing for repeats started...
  - Allocating memory started...
    - allocated array of size 198893.
  - Allocating memory completed (5.682e-06 seconds)
  - Storing PRNG output started...
  - Storing PRNG output completed (0.000849249 seconds)
  - Sorting started...
  - Sorting completed (0.0297835 seconds)
  - Scanning for duplicates started...
    - repeat of 848616128 found
    - repeat of 851718700 found
    - repeat of 3392895861 found
    - repeat of 3709239129 found
  - Scanning for duplicates completed (0.00029001 seconds)
- Testing for repeats completed (0.0309446 seconds)
---
4 repeats, p-value = 1 - 0.487724

Memory usage summary: heap total: 868276, heap peak: 868276, stack peak: 5568
         total calls   total memory   failed calls
 malloc|          2         868276              0
realloc|          0              0              0  (nomove:0, dec:0, free:0)
 calloc|          0              0              0
   free|          0              0
Histogram for block sizes:
   large              2 100% ==================================================
