Testing xoroshiro64starstar32
	0..4294967295 is range of generator
	414487 outputs to scan for duplicates [6.32456*sqrt(range)]
	20.0001 duplicates expected on average
	2.06097e-09 is probability of zero duplicates
	0x96fde78 is seed for this run
---
- Testing for repeats started...
  - Allocating memory started...
    - allocated 256 buckets of capacity 2023
    - allocated 256 bucket counters
  - Allocating memory completed (2.466e-05 seconds)
  - Storing PRNG output started...
  - Storing PRNG output completed (0.00378261 seconds)
  - Sorting started...
  - Sorting completed (0.0370479 seconds)
  - Scanning for duplicates started...
    - repeat of 3065950750 found
    - repeat of 2255085601 found
    - repeat of 1359999524 found
    - repeat of 1018727724 found
    - repeat of 1094744135 found
    - repeat of 1495915623 found
    - repeat of 2061346931 found
    - repeat of 2496164226 found
    - repeat of 1002370440 found
    - repeat of 3836774289 found
    - repeat of 3260389549 found
    - repeat of 596285368 found
    - repeat of 40136645 found
    - repeat of 2787390665 found
    - repeat of 1836803534 found
    - repeat of 3929851345 found
    - repeat of 2155398356 found
    - repeat of 3306788309 found
    - repeat of 2347344087 found
    - repeat of 1986610652 found
    - repeat of 3392012005 found
    - repeat of 3570228471 found
    - repeat of 4202449146 found
  - Scanning for duplicates completed (0.000597418 seconds)
- Testing for repeats completed (0.0414744 seconds)
---
23 repeats, p-value = 1 - 0.212513

Memory usage summary: heap total: 2145280, heap peak: 2145280, stack peak: 5616
         total calls   total memory   failed calls
 malloc|          3        2145280              0
realloc|          0              0              0  (nomove:0, dec:0, free:0)
 calloc|          0              0              0
   free|          0              0
Histogram for block sizes:
 1024-1039            1  33% =========================
   large              2  66% ==================================================
