Testing xoroshiro64plus32
	0..4294967295 is range of generator
	414487 outputs to scan for duplicates [6.32456*sqrt(range)]
	20.0001 duplicates expected on average
	2.06097e-09 is probability of zero duplicates
	0x62498540 is seed for this run
---
- Testing for repeats started...
  - Allocating memory started...
    - allocated hash table of reserved for 414487 elements
  - Allocating memory completed (0.00241478 seconds)
  - Checking PRNG output started...
    - repeat of 2593250189 found, step 67482
    - repeat of 1718107153 found, step 143670
    - repeat of 271452225 found, step 176827
    - repeat of 3649431606 found, step 210882
    - repeat of 807552083 found, step 224099
    - repeat of 2982917943 found, step 227807
    - repeat of 204901435 found, step 232505
    - repeat of 3418465794 found, step 233272
    - repeat of 2796754163 found, step 237904
    - repeat of 1310520138 found, step 245468
    - repeat of 3855932332 found, step 271393
    - repeat of 3382307338 found, step 280672
    - repeat of 2096648178 found, step 299077
    - repeat of 890517309 found, step 305190
    - repeat of 1234323103 found, step 306243
    - repeat of 668511500 found, step 326060
    - repeat of 1397015948 found, step 339231
    - repeat of 3751461484 found, step 375424
    - repeat of 2670764251 found, step 380942
    - repeat of 3627991005 found, step 389063
    - repeat of 1687985129 found, step 389675
    - repeat of 3530636357 found, step 394700
    - repeat of 3938048110 found, step 403444
  - Checking PRNG output completed (0.102523 seconds)
- Testing for repeats completed (0.104955 seconds)
---
23 repeats, p-value = 1 - 0.212513

Memory usage summary: heap total: 10260024, heap peak: 10260024, stack peak: 5648
         total calls   total memory   failed calls
 malloc|     414466       10260024              0
realloc|          0              0              0  (nomove:0, dec:0, free:0)
 calloc|          0              0              0
   free|     414465       10187320
Histogram for block sizes:
   16-31         414464  99% ==================================================
   large              2  <1% 
