Testing xoroshiro128starstar64
	0..18446744073709551615 is range of generator
	27163758263 outputs to scan for duplicates [6.32456*sqrt(range)]
	20 duplicates expected on average
	2.06115e-09 is probability of zero duplicates
	0x1c73f62e is seed for this run
---
- Testing for repeats started...
  - Allocating memory started...
    - allocated array of size 27163758263.
  - Allocating memory completed (1.5006e-05 seconds)
  - Storing PRNG output started...
  - Storing PRNG output completed (114.684 seconds)
  - Sorting started...
  - Sorting completed (4228.4 seconds)
  - Scanning for duplicates started...
    - repeat of 256171456044195505 found
    - repeat of 1680519593455829666 found
    - repeat of 4448027568789584408 found
    - repeat of 6587991303554220525 found
    - repeat of 7394062503181023438 found
    - repeat of 8334735602512257724 found
    - repeat of 8343634714072882707 found
    - repeat of 9255799283958278217 found
    - repeat of 11413131042200276805 found
    - repeat of 12670822640729155269 found
    - repeat of 14671049431162727325 found
    - repeat of 15727803469100382488 found
    - repeat of 15736377867411403690 found
    - repeat of 15777388396075636194 found
    - repeat of 18284241693070983264 found
  - Scanning for duplicates completed (37.5075 seconds)
- Testing for repeats completed (4380.59 seconds)
---
15 repeats, p-value = 0.156513

Memory usage summary: heap total: 217310138808, heap peak: 217310138808, stack peak: 5568
         total calls   total memory   failed calls
 malloc|          2   217310138808              0
realloc|          0              0              0  (nomove:0, dec:0, free:0)
 calloc|          0              0              0
   free|          0              0
Histogram for block sizes:
   large              2 100% ==================================================
