Testing sfc32
	0..4294967295 is range of generator
	198893 outputs to scan for duplicates [3.03485*sqrt(range)]
	4.60521 duplicates expected on average
	0.00999963 is probability of zero duplicates
	0x5401df93 is seed for this run
---
- Testing for repeats started...
  - Allocating memory started...
    - allocated bloomish filter with 16384 64-bit elements (3 bits/entry)
    - allocated possible-match log with 8192 32-bit elements
  - Allocating memory completed (2.0837e-05 seconds)
  - Phase 1, Gathering repeat candidates started...
    - 5643 repeat candidates found
  - Phase 1, Gathering repeat candidates completed (0.00491612 seconds)
  - Reallocating memory started...
    - Deallocated bloomish filter
    - Allocated hash table of the same size
  - Reallocating memory completed (1.6576e-05 seconds)
  - Phase 2, Storing candidates in hash table started...
  - Phase 2, Storing candidates in hash table completed (8.6419e-05 seconds)
  - Phase 3, Testing candidates started...
    - repeat of 703818557 found, step 59838
    - repeat of 3409762807 found, step 72244
    - repeat of 483156835 found, step 83871
    - repeat of 3197692039 found, step 88475
    - repeat of 3741722831 found, step 106605
    - repeat of 4203008301 found, step 116931
    - repeat of 1871712854 found, step 117754
    - repeat of 4110579231 found, step 149222
  - Phase 3, Testing candidates completed (0.00475353 seconds)
- Testing for repeats completed (0.00981705 seconds)
---
8 repeats, p-value = 1 - 0.0453327

Memory usage summary: heap total: 318465, heap peak: 236544, stack peak: 5696
         total calls   total memory   failed calls
 malloc|          5         318465              0
realloc|          0              0              0  (nomove:0, dec:0, free:0)
 calloc|          0              0              0
   free|          4         245761
Histogram for block sizes:
16384-16399           1  20% ================
32768-32783           1  20% ================
   large              3  60% ==================================================
