Testing xoroshiro128plus64
	0..18446744073709551615 is range of generator
	27163758263 outputs to scan for duplicates [6.32456*sqrt(range)]
	20 duplicates expected on average
	2.06115e-09 is probability of zero duplicates
	0x3b545180 is seed for this run
---
- Testing for repeats started...
  - Allocating memory started...
    - allocated bloomish filter with 2147483648 64-bit elements (3 bits/entry)
    - allocated possible-match log with 1073741824 64-bit elements
  - Allocating memory completed (2.6146e-05 seconds)
  - Phase 1, Gathering repeat candidates started...
    - 826835165 repeat candidates found
  - Phase 1, Gathering repeat candidates completed (1558.93 seconds)
  - Reallocating memory started...
    - Deallocated bloomish filter
    - Allocated hash table of the same size
  - Reallocating memory completed (6.18749 seconds)
  - Phase 2, Storing candidates in hash table started...
  - Phase 2, Storing candidates in hash table completed (25.6594 seconds)
  - Phase 3, Testing candidates started...
    - repeat of 15235364605385432222 found, step 1440078522
    - repeat of 1503785121715902430 found, step 5021786229
    - repeat of 6588735448036296843 found, step 11460174764
    - repeat of 13124181572215107452 found, step 12605807040
    - repeat of 12592716137874576013 found, step 13388300828
    - repeat of 53497314574530922 found, step 14057447162
    - repeat of 11243556530118802592 found, step 14375924666
    - repeat of 8354864197612536722 found, step 14961026712
    - repeat of 939212704377724956 found, step 15168190351
    - repeat of 3640101320250902663 found, step 16744765039
    - repeat of 14166972157083789002 found, step 18043750397
    - repeat of 10270758700652642617 found, step 19878972643
    - repeat of 2977262717057581815 found, step 20520291941
    - repeat of 11788107320875917506 found, step 20594008724
    - repeat of 7487791520063943746 found, step 20779064120
    - repeat of 7124933998903412115 found, step 21326250123
    - repeat of 1853293678410334279 found, step 21992654600
    - repeat of 15162931597706164506 found, step 23207523960
    - repeat of 8118081327556643852 found, step 24267231076
    - repeat of 411878991735190615 found, step 25944814201
    - repeat of 14640186381707390713 found, step 27120927301
  - Phase 3, Testing candidates completed (1166.98 seconds)
- Testing for repeats completed (2757.76 seconds)
---
21 repeats, p-value = 1 - 0.356302

Memory usage summary: heap total: 45097229313, heap peak: 27917360129, stack peak: 5680
         total calls   total memory   failed calls
 malloc|          5    45097229313              0
realloc|          0              0              0  (nomove:0, dec:0, free:0)
 calloc|          0              0              0
   free|          4    45097156609
Histogram for block sizes:
   large              5 100% ==================================================
