Testing jsf32
	0..4294967295 is range of generator
	414487 outputs to scan for duplicates [6.32456*sqrt(range)]
	20.0001 duplicates expected on average
	2.06097e-09 is probability of zero duplicates
	0x4b6ca893 is seed for this run
---
- Testing for repeats started...
  - Allocating memory started...
    - allocated hash table of reserved for 414487 elements
  - Allocating memory completed (0.00217619 seconds)
  - Checking PRNG output started...
    - repeat of 3574980765 found, step 62125
    - repeat of 2832817275 found, step 155800
    - repeat of 2545892447 found, step 214493
    - repeat of 4137949992 found, step 265450
    - repeat of 409283225 found, step 266637
    - repeat of 2738424267 found, step 310052
    - repeat of 2410080893 found, step 370388
    - repeat of 3793410779 found, step 388281
    - repeat of 841731782 found, step 391415
    - repeat of 1391726596 found, step 394256
    - repeat of 3531878826 found, step 397503
  - Checking PRNG output completed (0.0823252 seconds)
- Testing for repeats completed (0.0845143 seconds)
---
11 repeats, p-value = 0.0213859

Memory usage summary: heap total: 10260216, heap peak: 10260216, stack peak: 5648
         total calls   total memory   failed calls
 malloc|     414478       10260216              0
realloc|          0              0              0  (nomove:0, dec:0, free:0)
 calloc|          0              0              0
   free|     414477       10187512
Histogram for block sizes:
   16-31         414476  99% ==================================================
   large              2  <1% 
