Testing jsf32
	0..4294967295 is range of generator
	414487 outputs to scan for duplicates [6.32456*sqrt(range)]
	20.0001 duplicates expected on average
	2.06097e-09 is probability of zero duplicates
	0xf577063e is seed for this run
---
- Testing for repeats started...
  - Allocating memory started...
    - allocated bloomish filter with 32768 64-bit elements (3 bits/entry)
    - allocated possible-match log with 16384 32-bit elements
  - Allocating memory completed (1.767e-05 seconds)
  - Phase 1, Gathering repeat candidates started...
    - 15206 repeat candidates found
  - Phase 1, Gathering repeat candidates completed (0.0101249 seconds)
  - Reallocating memory started...
    - Deallocated bloomish filter
    - Allocated hash table of the same size
  - Reallocating memory completed (0.000151375 seconds)
  - Phase 2, Storing candidates in hash table started...
  - Phase 2, Storing candidates in hash table completed (0.00027063 seconds)
  - Phase 3, Testing candidates started...
    - repeat of 30161130 found, step 91462
    - repeat of 2878771729 found, step 135256
    - repeat of 2255023139 found, step 150103
    - repeat of 695488031 found, step 201815
    - repeat of 3312582057 found, step 206931
    - repeat of 787381523 found, step 216710
    - repeat of 1453296481 found, step 274128
    - repeat of 1530713336 found, step 289306
    - repeat of 1552570873 found, step 338015
    - repeat of 3204106679 found, step 338077
    - repeat of 2781930889 found, step 339566
    - repeat of 3416281749 found, step 351643
    - repeat of 2221599168 found, step 374499
    - repeat of 3975510775 found, step 388163
    - repeat of 816535762 found, step 399640
    - repeat of 472338930 found, step 411694
  - Phase 3, Testing candidates completed (0.0123608 seconds)
- Testing for repeats completed (0.0229575 seconds)
---
16 repeats, p-value = 0.221068

Memory usage summary: heap total: 564225, heap peak: 400384, stack peak: 5712
         total calls   total memory   failed calls
 malloc|          5         564225              0
realloc|          0              0              0  (nomove:0, dec:0, free:0)
 calloc|          0              0              0
   free|          4         491521
Histogram for block sizes:
32768-32783           1  20% ============
   large              4  80% ==================================================
