Testing xoroshiro64star32
	0..4294967295 is range of generator
	198893 outputs to scan for duplicates [3.03485*sqrt(range)]
	4.60521 duplicates expected on average
	0.00999963 is probability of zero duplicates
	0xabc2ea7a is seed for this run
---
- Testing for repeats started...
  - Allocating memory started...
    - allocated 256 buckets of capacity 971
    - allocated 256 bucket counters
  - Allocating memory completed (1.6243e-05 seconds)
  - Storing PRNG output started...
  - Storing PRNG output completed (0.00162839 seconds)
  - Sorting started...
  - Sorting completed (0.0171578 seconds)
  - Scanning for duplicates started...
    - repeat of 2479434001 found
    - repeat of 3573104920 found
    - repeat of 4181750607 found
    - repeat of 2150862446 found
    - repeat of 3071711931 found
    - repeat of 671972037 found
    - repeat of 803127255 found
    - repeat of 832440540 found
    - repeat of 1725408746 found
  - Scanning for duplicates completed (0.000334033 seconds)
- Testing for repeats completed (0.0191598 seconds)
---
9 repeats, p-value = 1 - 0.0196605

Memory usage summary: heap total: 1068032, heap peak: 1068032, stack peak: 5616
         total calls   total memory   failed calls
 malloc|          3        1068032              0
realloc|          0              0              0  (nomove:0, dec:0, free:0)
 calloc|          0              0              0
   free|          0              0
Histogram for block sizes:
 1024-1039            1  33% =========================
   large              2  66% ==================================================
