- bump_allocator_static< std::__detail::_Hash_node<unsigned int, false> > (item size = 16) at 0x6042d0 created!
- bump_allocator_static< std::__detail::_Hash_node_base* > (item size = 8) at 0x604310 created!
- mempool at 0x604298 allocated new chunk at 0x7f3c6ec52020
- mempool at 0x604298 deallocated chunk at 0x7f3c6ec52020
Testing gjrand32
	0..4294967295 is range of generator
	414487 outputs to scan for duplicates [6.32456*sqrt(range)]
	20.0001 duplicates expected on average
	2.06097e-09 is probability of zero duplicates
	0x75dd5b0f is seed for this run
---
- Testing for repeats started...
  - Allocating memory started...
    - allocated hash table of reserved for 414487 elements
  - Allocating memory completed (0.00169174 seconds)
  - Checking PRNG output started...
    - repeat of 4209126856 found, step 76044
    - repeat of 1618220237 found, step 119670
    - repeat of 1499883824 found, step 211661
    - repeat of 2301375210 found, step 218093
    - repeat of 2064578264 found, step 238488
    - repeat of 4157150075 found, step 268607
    - repeat of 3223838471 found, step 271062
    - repeat of 3030106460 found, step 305546
    - repeat of 3269245746 found, step 311824
    - repeat of 1733088725 found, step 347322
    - repeat of 1054855936 found, step 348237
    - repeat of 3185113658 found, step 363914
    - repeat of 1274087516 found, step 369411
    - repeat of 1514906469 found, step 378283
    - repeat of 3681012157 found, step 389844
    - repeat of 2249040417 found, step 390841
    - repeat of 797645659 found, step 395890
    - repeat of 3876460424 found, step 401436
    - repeat of 2293334352 found, step 404950
    - repeat of 2840087282 found, step 407911
  - Checking PRNG output completed (0.0283832 seconds)
- Testing for repeats completed (0.0300873 seconds)
---
20 repeats, p-value = 1 - 0.440915
- bump_allocator_static< std::__detail::_Hash_node_base* > at 0x604310 destroyed!
 - total_allocations_  = 1
 - active_allocations_ = 0
 - high_allocations_   = 1
 - total_mem_  = 3555896
 - active_mem_ = 0
 - high_mem_   = 3555896
- bump_allocator_static< std::__detail::_Hash_node<unsigned int, false> > at 0x6042d0 destroyed!
 - total_allocations_  = 414467
 - active_allocations_ = 0
 - high_allocations_   = 414467
 - total_mem_  = 6631472
 - active_mem_ = 0
 - high_mem_   = 6631472

Memory usage summary: heap total: 1073815760, heap peak: 1073815568, stack peak: 2816
         total calls   total memory   failed calls
 malloc|          5     1073815568              0
realloc|          4            192              0  (nomove:0, dec:0, free:0)
 calloc|          0              0              0
   free|          6     1073742032
Histogram for block sizes:
   16-31              1  11% =========================
   32-47              2  22% ==================================================
   64-79              2  22% ==================================================
  512-527             2  22% ==================================================
   large              2  22% ==================================================
