- bump_allocator_static< std::__detail::_Hash_node<unsigned int, false> > (item size = 16) at 0x6042d0 created!
- bump_allocator_static< std::__detail::_Hash_node_base* > (item size = 8) at 0x604310 created!
- mempool at 0x604298 allocated new chunk at 0x7f459ca14020
- mempool at 0x604298 deallocated chunk at 0x7f459ca14020
Testing jsf32
	0..4294967295 is range of generator
	414487 outputs to scan for duplicates [6.32456*sqrt(range)]
	20.0001 duplicates expected on average
	2.06097e-09 is probability of zero duplicates
	0x277adbf0 is seed for this run
---
- Testing for repeats started...
  - Allocating memory started...
    - allocated hash table of reserved for 414487 elements
  - Allocating memory completed (0.00133649 seconds)
  - Checking PRNG output started...
    - repeat of 2148679526 found, step 64419
    - repeat of 2157886378 found, step 129450
    - repeat of 2194700495 found, step 140632
    - repeat of 1565229865 found, step 144112
    - repeat of 3416010980 found, step 144164
    - repeat of 3018392004 found, step 242929
    - repeat of 3181035620 found, step 296818
    - repeat of 785743960 found, step 296914
    - repeat of 2361562103 found, step 302619
    - repeat of 3131678583 found, step 313786
    - repeat of 934781129 found, step 341652
    - repeat of 3884124956 found, step 346923
    - repeat of 1905205040 found, step 358359
    - repeat of 2898091900 found, step 374594
    - repeat of 2809476370 found, step 380079
    - repeat of 254553869 found, step 380575
    - repeat of 4173966090 found, step 406840
    - repeat of 2614238653 found, step 413406
  - Checking PRNG output completed (0.0414669 seconds)
- Testing for repeats completed (0.0428213 seconds)
---
18 repeats, p-value = 0.381414
- bump_allocator_static< std::__detail::_Hash_node_base* > at 0x604310 destroyed!
 - total_allocations_  = 1
 - active_allocations_ = 0
 - high_allocations_   = 1
 - total_mem_  = 3555896
 - active_mem_ = 0
 - high_mem_   = 3555896
- bump_allocator_static< std::__detail::_Hash_node<unsigned int, false> > at 0x6042d0 destroyed!
 - total_allocations_  = 414469
 - active_allocations_ = 0
 - high_allocations_   = 414469
 - total_mem_  = 6631504
 - active_mem_ = 0
 - high_mem_   = 6631504

Memory usage summary: heap total: 1073815760, heap peak: 1073815568, stack peak: 2816
         total calls   total memory   failed calls
 malloc|          5     1073815568              0
realloc|          4            192              0  (nomove:0, dec:0, free:0)
 calloc|          0              0              0
   free|          6     1073742032
Histogram for block sizes:
   16-31              1  11% =========================
   32-47              2  22% ==================================================
   64-79              2  22% ==================================================
  512-527             2  22% ==================================================
   large              2  22% ==================================================
