Testing gjrand32
	0..4294967295 is range of generator
	198893 outputs to scan for duplicates [3.03485*sqrt(range)]
	4.60521 duplicates expected on average
	0.00999963 is probability of zero duplicates
	0xa5d19e8 is seed for this run
---
- Testing for repeats started...
  - Allocating memory started...
    - allocated bloomish filter with 16384 64-bit elements (3 bits/entry)
    - allocated possible-match log with 8192 32-bit elements
  - Allocating memory completed (1.8291e-05 seconds)
  - Phase 1, Gathering repeat candidates started...
    - 5671 repeat candidates found
  - Phase 1, Gathering repeat candidates completed (0.00435067 seconds)
  - Reallocating memory started...
    - Deallocated bloomish filter
    - Allocated hash table of the same size
  - Reallocating memory completed (1.4057e-05 seconds)
  - Phase 2, Storing candidates in hash table started...
  - Phase 2, Storing candidates in hash table completed (7.1736e-05 seconds)
  - Phase 3, Testing candidates started...
    - repeat of 4025774064 found, step 51968
    - repeat of 912550303 found, step 105557
    - repeat of 2137626170 found, step 110246
    - repeat of 2981617931 found, step 112471
    - repeat of 3462655304 found, step 117926
    - repeat of 2133191049 found, step 118889
    - repeat of 2029002380 found, step 120999
    - repeat of 3384707589 found, step 147801
    - repeat of 686707862 found, step 191497
    - repeat of 662649645 found, step 193183
  - Phase 3, Testing candidates completed (0.00438334 seconds)
- Testing for repeats completed (0.00885722 seconds)
---
10 repeats, p-value = 1 - 0.0078379

Memory usage summary: heap total: 318465, heap peak: 236544, stack peak: 5712
         total calls   total memory   failed calls
 malloc|          5         318465              0
realloc|          0              0              0  (nomove:0, dec:0, free:0)
 calloc|          0              0              0
   free|          4         245761
Histogram for block sizes:
16384-16399           1  20% ================
32768-32783           1  20% ================
   large              3  60% ==================================================
