Testing pcg32_fast
	0..4294967295 is range of generator
	198893 outputs to scan for duplicates [3.03485*sqrt(range)]
	4.60521 duplicates expected on average
	0.00999963 is probability of zero duplicates
	0x92c802cb is seed for this run
---
- Testing for repeats started...
  - Allocating memory started...
    - allocated bloomish filter with 16384 64-bit elements (3 bits/entry)
    - allocated possible-match log with 8192 32-bit elements
  - Allocating memory completed (2.1076e-05 seconds)
  - Phase 1, Gathering repeat candidates started...
    - 5692 repeat candidates found
  - Phase 1, Gathering repeat candidates completed (0.00507048 seconds)
  - Reallocating memory started...
    - Deallocated bloomish filter
    - Allocated hash table of the same size
  - Reallocating memory completed (2.2617e-05 seconds)
  - Phase 2, Storing candidates in hash table started...
  - Phase 2, Storing candidates in hash table completed (7.8288e-05 seconds)
  - Phase 3, Testing candidates started...
    - repeat of 3190855313 found, step 43383
    - repeat of 3666012360 found, step 44923
    - repeat of 2851503197 found, step 90526
    - repeat of 2884403812 found, step 93313
    - repeat of 1267838724 found, step 167030
    - repeat of 4223137250 found, step 192590
  - Phase 3, Testing candidates completed (0.00348608 seconds)
- Testing for repeats completed (0.008719 seconds)
---
6 repeats, p-value = 1 - 0.18266

Memory usage summary: heap total: 318465, heap peak: 236544, stack peak: 5664
         total calls   total memory   failed calls
 malloc|          5         318465              0
realloc|          0              0              0  (nomove:0, dec:0, free:0)
 calloc|          0              0              0
   free|          4         245761
Histogram for block sizes:
16384-16399           1  20% ================
32768-32783           1  20% ================
   large              3  60% ==================================================
