Testing xorshift64star32a
	0..4294967295 is range of generator
	414487 outputs to scan for duplicates [6.32456*sqrt(range)]
	19.9994 duplicates expected on average
	2.06239e-09 is probability of zero duplicates
	0xe3f39b2d is seed for this run
---
- Testing for repeats started...
  - Allocating memory started...
    - allocated 256 buckets of capacity 2023
    - allocated 256 bucket counters
  - Allocating memory completed (1.8406e-05 seconds)
  - Storing PRNG output started...
  - Storing PRNG output completed (0.00389283 seconds)
  - Sorting started...
  - Sorting completed (0.0369014 seconds)
  - Scanning for duplicates started...
    - repeat of 4130726415 found
    - repeat of 1652989977 found
    - repeat of 166547006 found
    - repeat of 1276913756 found
    - repeat of 1024722546 found
    - repeat of 1442406524 found
    - repeat of 747995286 found
    - repeat of 2213731257 found
    - repeat of 3123485640 found
    - repeat of 1832332774 found
  - Scanning for duplicates completed (0.000592391 seconds)
- Testing for repeats completed (0.0414221 seconds)
---
10 repeats, p-value = 0.0108152

Memory usage summary: heap total: 2145280, heap peak: 2145280, stack peak: 5616
         total calls   total memory   failed calls
 malloc|          3        2145280              0
realloc|          0              0              0  (nomove:0, dec:0, free:0)
 calloc|          0              0              0
   free|          0              0
Histogram for block sizes:
 1024-1039            1  33% =========================
   large              2  66% ==================================================
