Testing pcg64_fast
	0..18446744073709551615 is range of generator
	13034599790 outputs to scan for duplicates [3.03485*sqrt(range)]
	4.60517 duplicates expected on average
	0.01 is probability of zero duplicates
	0xcb5b8abf is seed for this run
---
- Testing for repeats started...
  - Allocating memory started...
    - allocated bloomish filter with 1073741824 64-bit elements (3 bits/entry)
    - allocated possible-match log with 536870912 64-bit elements
  - Allocating memory completed (2.3412e-05 seconds)
  - Phase 1, Gathering repeat candidates started...
    - 362451165 repeat candidates found
  - Phase 1, Gathering repeat candidates completed (1006.15 seconds)
  - Reallocating memory started...
    - Deallocated bloomish filter
    - Allocated hash table of the same size
  - Reallocating memory completed (3.09893 seconds)
  - Phase 2, Storing candidates in hash table started...
  - Phase 2, Storing candidates in hash table completed (10.2886 seconds)
  - Phase 3, Testing candidates started...
    - repeat of 3034515208121041472 found, step 4436971905
    - repeat of 16680842583098909306 found, step 10716859103
    - repeat of 4345098574495029265 found, step 12694725202
  - Phase 3, Testing candidates completed (533.488 seconds)
- Testing for repeats completed (1553.02 seconds)
---
3 repeats, p-value = 0.324864

Memory usage summary: heap total: 22548651009, heap peak: 13958716417, stack peak: 5664
         total calls   total memory   failed calls
 malloc|          5    22548651009              0
realloc|          0              0              0  (nomove:0, dec:0, free:0)
 calloc|          0              0              0
   free|          4    22548578305
Histogram for block sizes:
   large              5 100% ==================================================
