Testing gjrand32
	0..4294967295 is range of generator
	414487 outputs to scan for duplicates [6.32456*sqrt(range)]
	20.0001 duplicates expected on average
	2.06097e-09 is probability of zero duplicates
	0xd1edad95 is seed for this run
---
- Testing for repeats started...
  - Allocating memory started...
    - allocated hash table of reserved for 414487 elements
  - Allocating memory completed (0.00176455 seconds)
  - Checking PRNG output started...
    - repeat of 2550751605 found, step 33762
    - repeat of 96433343 found, step 78665
    - repeat of 658397934 found, step 82695
    - repeat of 3644593618 found, step 107132
    - repeat of 4240048594 found, step 132410
    - repeat of 2131345721 found, step 142247
    - repeat of 3515514319 found, step 173471
    - repeat of 1639615874 found, step 196788
    - repeat of 2010713304 found, step 198880
    - repeat of 1894907846 found, step 210843
    - repeat of 1289085456 found, step 243443
    - repeat of 3679965546 found, step 270911
    - repeat of 2267208034 found, step 282377
    - repeat of 3865704941 found, step 283343
    - repeat of 771052450 found, step 285074
    - repeat of 3895283956 found, step 304352
    - repeat of 1149466460 found, step 314496
    - repeat of 3094862630 found, step 338192
    - repeat of 1083827086 found, step 365747
    - repeat of 2170681421 found, step 367032
    - repeat of 1362338960 found, step 380257
    - repeat of 354730923 found, step 391474
    - repeat of 3706909134 found, step 392792
    - repeat of 850344617 found, step 396518
    - repeat of 4105310514 found, step 411355
  - Checking PRNG output completed (0.0826102 seconds)
- Testing for repeats completed (0.0843879 seconds)
---
25 repeats, p-value = 1 - 0.112189

Memory usage summary: heap total: 10259992, heap peak: 10259992, stack peak: 5648
         total calls   total memory   failed calls
 malloc|     414464       10259992              0
realloc|          0              0              0  (nomove:0, dec:0, free:0)
 calloc|          0              0              0
   free|     414463       10187288
Histogram for block sizes:
   16-31         414462  99% ==================================================
   large              2  <1% 
