Testing std::mt19937
	0..4294967295 is range of generator
	414487 outputs to scan for duplicates [6.32456*sqrt(range)]
	20.0001 duplicates expected on average
	2.06097e-09 is probability of zero duplicates
	0x9a8e0e89 is seed for this run
---
- Testing for repeats started...
  - Allocating memory started...
    - allocated 256 buckets of capacity 2023
    - allocated 256 bucket counters
  - Allocating memory completed (1.3395e-05 seconds)
  - Storing PRNG output started...
  - Storing PRNG output completed (0.00506078 seconds)
  - Sorting started...
  - Sorting completed (0.0275071 seconds)
  - Scanning for duplicates started...
    - repeat of 3393692958 found
    - repeat of 3479196200 found
    - repeat of 1014860843 found
    - repeat of 181585989 found
    - repeat of 1243886918 found
    - repeat of 2359493451 found
    - repeat of 153881171 found
    - repeat of 2743590233 found
    - repeat of 836457322 found
    - repeat of 3034009195 found
    - repeat of 3516174187 found
    - repeat of 3529043055 found
    - repeat of 441111687 found
    - repeat of 3042377099 found
    - repeat of 1187022287 found
    - repeat of 555369721 found
    - repeat of 1805400058 found
  - Scanning for duplicates completed (0.000450456 seconds)
- Testing for repeats completed (0.0330429 seconds)
---
17 repeats, p-value = 0.297021

Memory usage summary: heap total: 4217856, heap peak: 4217856, stack peak: 10576
         total calls   total memory   failed calls
 malloc|          3        4217856              0
realloc|          0              0              0  (nomove:0, dec:0, free:0)
 calloc|          0              0              0
   free|          0              0
Histogram for block sizes:
 2048-2063            1  33% =========================
   large              2  66% ==================================================
