Testing xoroshiro64starstar32
	0..4294967295 is range of generator
	414487 outputs to scan for duplicates [6.32456*sqrt(range)]
	20.0001 duplicates expected on average
	2.06097e-09 is probability of zero duplicates
	0x870152cf is seed for this run
---
- Testing for repeats started...
  - Allocating memory started...
    - allocated hash table of reserved for 414487 elements
  - Allocating memory completed (0.00235685 seconds)
  - Checking PRNG output started...
    - repeat of 4111920225 found, step 141009
    - repeat of 2722363081 found, step 238736
    - repeat of 912018905 found, step 276356
    - repeat of 4287320019 found, step 280733
    - repeat of 2322871306 found, step 303177
    - repeat of 3528866239 found, step 304186
    - repeat of 1867316421 found, step 317297
    - repeat of 2867765846 found, step 344807
    - repeat of 3179014004 found, step 362956
    - repeat of 1741094011 found, step 365020
    - repeat of 1700936947 found, step 380425
    - repeat of 477313015 found, step 406011
    - repeat of 2079682792 found, step 412926
    - repeat of 1655725137 found, step 414357
  - Checking PRNG output completed (0.113942 seconds)
- Testing for repeats completed (0.116321 seconds)
---
14 repeats, p-value = 0.104861

Memory usage summary: heap total: 10260168, heap peak: 10260168, stack peak: 5648
         total calls   total memory   failed calls
 malloc|     414475       10260168              0
realloc|          0              0              0  (nomove:0, dec:0, free:0)
 calloc|          0              0              0
   free|     414474       10187464
Histogram for block sizes:
   16-31         414473  99% ==================================================
   large              2  <1% 
