Testing xoroshiro64star32
	0..4294967295 is range of generator
	414487 outputs to scan for duplicates [6.32456*sqrt(range)]
	20.0001 duplicates expected on average
	2.06097e-09 is probability of zero duplicates
	0x4c251558 is seed for this run
---
- Testing for repeats started...
  - Allocating memory started...
    - allocated array of size 414487.
  - Allocating memory completed (6.234e-06 seconds)
  - Storing PRNG output started...
  - Storing PRNG output completed (0.00177636 seconds)
  - Sorting started...
  - Sorting completed (0.0451923 seconds)
  - Scanning for duplicates started...
    - repeat of 49521155 found
    - repeat of 347919375 found
    - repeat of 496882452 found
    - repeat of 542668454 found
    - repeat of 1062665403 found
    - repeat of 1654440381 found
    - repeat of 1770590553 found
    - repeat of 2808109519 found
    - repeat of 2940522322 found
    - repeat of 3119455322 found
    - repeat of 3472195496 found
    - repeat of 3737350575 found
    - repeat of 3862153461 found
  - Scanning for duplicates completed (0.000399137 seconds)
- Testing for repeats completed (0.0473914 seconds)
---
13 repeats, p-value = 0.0661252

Memory usage summary: heap total: 1730652, heap peak: 1730652, stack peak: 5568
         total calls   total memory   failed calls
 malloc|          2        1730652              0
realloc|          0              0              0  (nomove:0, dec:0, free:0)
 calloc|          0              0              0
   free|          0              0
Histogram for block sizes:
   large              2 100% ==================================================
