Testing xoroshiro64starstar32
	0..4294967295 is range of generator
	414487 outputs to scan for duplicates [6.32456*sqrt(range)]
	20.0001 duplicates expected on average
	2.06097e-09 is probability of zero duplicates
	0x6e83d332 is seed for this run
---
- Testing for repeats started...
  - Allocating memory started...
    - allocated hash table of reserved for 414487 elements
  - Allocating memory completed (0.00236975 seconds)
  - Checking PRNG output started...
    - repeat of 1464009910 found, step 58115
    - repeat of 334558625 found, step 152771
    - repeat of 948573664 found, step 163894
    - repeat of 3319956885 found, step 169370
    - repeat of 1544608778 found, step 176456
    - repeat of 3791635081 found, step 252533
    - repeat of 3161197975 found, step 253438
    - repeat of 2533833373 found, step 263108
    - repeat of 3591716674 found, step 274356
    - repeat of 2628781591 found, step 280198
    - repeat of 209527647 found, step 300768
    - repeat of 2032449688 found, step 301744
    - repeat of 2046445175 found, step 308183
    - repeat of 1592031287 found, step 322797
    - repeat of 3502570527 found, step 339819
    - repeat of 600694758 found, step 357177
    - repeat of 786171906 found, step 358649
    - repeat of 1664145020 found, step 359190
    - repeat of 1259076249 found, step 375791
    - repeat of 3604954381 found, step 410142
  - Checking PRNG output completed (0.138906 seconds)
- Testing for repeats completed (0.141297 seconds)
---
20 repeats, p-value = 1 - 0.440915

Memory usage summary: heap total: 10260072, heap peak: 10260072, stack peak: 5648
         total calls   total memory   failed calls
 malloc|     414469       10260072              0
realloc|          0              0              0  (nomove:0, dec:0, free:0)
 calloc|          0              0              0
   free|     414468       10187368
Histogram for block sizes:
   16-31         414467  99% ==================================================
   large              2  <1% 
