Testing gjrand32
	0..4294967295 is range of generator
	198893 outputs to scan for duplicates [3.03485*sqrt(range)]
	4.60521 duplicates expected on average
	0.00999963 is probability of zero duplicates
	0x8b8200fa is seed for this run
---
- Testing for repeats started...
  - Allocating memory started...
    - allocated hash table of reserved for 198893 elements
  - Allocating memory completed (0.00143197 seconds)
  - Checking PRNG output started...
    - repeat of 1493105801 found, step 128710
    - repeat of 1828659630 found, step 131400
    - repeat of 2237562214 found, step 146457
    - repeat of 2760225305 found, step 177055
    - repeat of 1906604390 found, step 192777
    - repeat of 1188755120 found, step 196944
    - repeat of 3796366069 found, step 198223
  - Checking PRNG output completed (0.0597892 seconds)
- Testing for repeats completed (0.0612375 seconds)
---
7 repeats, p-value = 1 - 0.0955042

Memory usage summary: heap total: 4874152, heap peak: 4874152, stack peak: 5648
         total calls   total memory   failed calls
 malloc|     198888        4874152              0
realloc|          0              0              0  (nomove:0, dec:0, free:0)
 calloc|          0              0              0
   free|     198887        4801448
Histogram for block sizes:
   16-31         198886  99% ==================================================
   large              2  <1% 
