Testing std::mt19937
	0..4294967295 is range of generator
	414487 outputs to scan for duplicates [6.32456*sqrt(range)]
	20.0001 duplicates expected on average
	2.06097e-09 is probability of zero duplicates
	0x95a80432 is seed for this run
---
- Testing for repeats started...
  - Allocating memory started...
    - allocated 256 buckets of capacity 2023
    - allocated 256 bucket counters
  - Allocating memory completed (1.9733e-05 seconds)
  - Storing PRNG output started...
  - Storing PRNG output completed (0.00690785 seconds)
  - Sorting started...
  - Sorting completed (0.0362853 seconds)
  - Scanning for duplicates started...
    - repeat of 1431295751 found
    - repeat of 4012400907 found
    - repeat of 3682441500 found
    - repeat of 2084144935 found
    - repeat of 2713190196 found
    - repeat of 3363013177 found
    - repeat of 2141281091 found
    - repeat of 3131629637 found
    - repeat of 1508552277 found
    - repeat of 4029071195 found
    - repeat of 1285453926 found
    - repeat of 3838547560 found
    - repeat of 563816815 found
    - repeat of 3031530867 found
    - repeat of 1021712791 found
    - repeat of 2024532632 found
    - repeat of 1755979950 found
    - repeat of 2258657455 found
    - repeat of 3105543867 found
    - repeat of 3009092799 found
    - repeat of 400528841 found
    - repeat of 772566990 found
    - repeat of 4138813398 found
    - repeat of 524176088 found
    - repeat of 3511421150 found
    - repeat of 1818010094 found
  - Scanning for duplicates completed (0.000689292 seconds)
- Testing for repeats completed (0.0439256 seconds)
---
26 repeats, p-value = 1 - 0.0778899

Memory usage summary: heap total: 4217856, heap peak: 4217856, stack peak: 10576
         total calls   total memory   failed calls
 malloc|          3        4217856              0
realloc|          0              0              0  (nomove:0, dec:0, free:0)
 calloc|          0              0              0
   free|          0              0
Histogram for block sizes:
 2048-2063            1  33% =========================
   large              2  66% ==================================================
