Testing std::mt19937
	0..4294967295 is range of generator
	414487 outputs to scan for duplicates [6.32456*sqrt(range)]
	20.0001 duplicates expected on average
	2.06097e-09 is probability of zero duplicates
	0x653897ad is seed for this run
---
- Testing for repeats started...
  - Allocating memory started...
    - allocated array of size 414487.
  - Allocating memory completed (9.912e-06 seconds)
  - Storing PRNG output started...
  - Storing PRNG output completed (0.00406524 seconds)
  - Sorting started...
  - Sorting completed (0.0458676 seconds)
  - Scanning for duplicates started...
    - repeat of 126104735 found
    - repeat of 770227312 found
    - repeat of 895855547 found
    - repeat of 1057944175 found
    - repeat of 1275979963 found
    - repeat of 1343209457 found
    - repeat of 1811535111 found
    - repeat of 1861421998 found
    - repeat of 1893220768 found
    - repeat of 2452939022 found
    - repeat of 2606991152 found
    - repeat of 2865758319 found
    - repeat of 2898157532 found
    - repeat of 2905745137 found
    - repeat of 3001906391 found
    - repeat of 3019885349 found
    - repeat of 3302102264 found
    - repeat of 3491725122 found
    - repeat of 3822410475 found
    - repeat of 3859366253 found
  - Scanning for duplicates completed (0.000443236 seconds)
- Testing for repeats completed (0.0504068 seconds)
---
20 repeats, p-value = 1 - 0.440915

Memory usage summary: heap total: 3388600, heap peak: 3388600, stack peak: 10528
         total calls   total memory   failed calls
 malloc|          2        3388600              0
realloc|          0              0              0  (nomove:0, dec:0, free:0)
 calloc|          0              0              0
   free|          0              0
Histogram for block sizes:
   large              2 100% ==================================================
