Testing xoroshiro64star32
	0..4294967295 is range of generator
	414487 outputs to scan for duplicates [6.32456*sqrt(range)]
	20.0001 duplicates expected on average
	2.06097e-09 is probability of zero duplicates
	0xeaed2a9c is seed for this run
---
- Testing for repeats started...
  - Allocating memory started...
    - allocated 256 buckets of capacity 2023
    - allocated 256 bucket counters
  - Allocating memory completed (1.9193e-05 seconds)
  - Storing PRNG output started...
  - Storing PRNG output completed (0.00347958 seconds)
  - Sorting started...
  - Sorting completed (0.0368338 seconds)
  - Scanning for duplicates started...
    - repeat of 2658607617 found
    - repeat of 1559414023 found
    - repeat of 1517905170 found
    - repeat of 3409083415 found
    - repeat of 2015049838 found
    - repeat of 1343595140 found
    - repeat of 2450088325 found
    - repeat of 2885584268 found
    - repeat of 1657552035 found
    - repeat of 1547945911 found
    - repeat of 821828547 found
    - repeat of 3813568719 found
    - repeat of 2620535762 found
    - repeat of 4259183061 found
    - repeat of 3626626264 found
    - repeat of 2517496794 found
  - Scanning for duplicates completed (0.000641279 seconds)
- Testing for repeats completed (0.040993 seconds)
---
16 repeats, p-value = 0.221068

Memory usage summary: heap total: 2145280, heap peak: 2145280, stack peak: 5616
         total calls   total memory   failed calls
 malloc|          3        2145280              0
realloc|          0              0              0  (nomove:0, dec:0, free:0)
 calloc|          0              0              0
   free|          0              0
Histogram for block sizes:
 1024-1039            1  33% =========================
   large              2  66% ==================================================
