Testing xoroshiro64plus32
	0..4294967295 is range of generator
	414487 outputs to scan for duplicates [6.32456*sqrt(range)]
	20.0001 duplicates expected on average
	2.06097e-09 is probability of zero duplicates
	0xbeb76ec2 is seed for this run
---
- Testing for repeats started...
  - Allocating memory started...
    - allocated array of size 414487.
  - Allocating memory completed (8.24e-06 seconds)
  - Storing PRNG output started...
  - Storing PRNG output completed (0.00200809 seconds)
  - Sorting started...
  - Sorting completed (0.0493948 seconds)
  - Scanning for duplicates started...
    - repeat of 24402426 found
    - repeat of 241918974 found
    - repeat of 286695094 found
    - repeat of 463097654 found
    - repeat of 477712230 found
    - repeat of 751952641 found
    - repeat of 760030663 found
    - repeat of 1123356592 found
    - repeat of 1150859024 found
    - repeat of 1511045430 found
    - repeat of 1569863830 found
    - repeat of 1661929834 found
    - repeat of 1692986802 found
    - repeat of 2239090830 found
    - repeat of 3024248705 found
    - repeat of 3441870905 found
    - repeat of 3451864877 found
    - repeat of 3958034947 found
    - repeat of 4033011355 found
  - Scanning for duplicates completed (0.000401461 seconds)
- Testing for repeats completed (0.0518422 seconds)
---
19 repeats, p-value = 0.470249

Memory usage summary: heap total: 1730652, heap peak: 1730652, stack peak: 5568
         total calls   total memory   failed calls
 malloc|          2        1730652              0
realloc|          0              0              0  (nomove:0, dec:0, free:0)
 calloc|          0              0              0
   free|          0              0
Histogram for block sizes:
   large              2 100% ==================================================
