Testing sfc32
	0..4294967295 is range of generator
	414487 outputs to scan for duplicates [6.32456*sqrt(range)]
	20.0001 duplicates expected on average
	2.06097e-09 is probability of zero duplicates
	0x5fc287cb is seed for this run
---
- Testing for repeats started...
  - Allocating memory started...
    - allocated array of size 414487.
  - Allocating memory completed (9.44e-06 seconds)
  - Storing PRNG output started...
  - Storing PRNG output completed (0.00265992 seconds)
  - Sorting started...
  - Sorting completed (0.0592268 seconds)
  - Scanning for duplicates started...
    - repeat of 2746716 found
    - repeat of 408400281 found
    - repeat of 541349199 found
    - repeat of 1473803204 found
    - repeat of 1749717893 found
    - repeat of 1835543532 found
    - repeat of 2033052387 found
    - repeat of 2104952549 found
    - repeat of 2328004582 found
    - repeat of 2343816330 found
    - repeat of 3573460673 found
    - repeat of 3748627862 found
    - repeat of 3931212991 found
  - Scanning for duplicates completed (0.00049841 seconds)
- Testing for repeats completed (0.0624181 seconds)
---
13 repeats, p-value = 0.0661252

Memory usage summary: heap total: 1730652, heap peak: 1730652, stack peak: 5584
         total calls   total memory   failed calls
 malloc|          2        1730652              0
realloc|          0              0              0  (nomove:0, dec:0, free:0)
 calloc|          0              0              0
   free|          0              0
Histogram for block sizes:
   large              2 100% ==================================================
