Testing pcg32
	0..4294967295 is range of generator
	198893 outputs to scan for duplicates [3.03485*sqrt(range)]
	4.60521 duplicates expected on average
	0.00999963 is probability of zero duplicates
	0x3c0d8ae1 is seed for this run
---
- Testing for repeats started...
  - Allocating memory started...
    - allocated 256 buckets of capacity 971
    - allocated 256 bucket counters
  - Allocating memory completed (1.4026e-05 seconds)
  - Storing PRNG output started...
  - Storing PRNG output completed (0.00184984 seconds)
  - Sorting started...
  - Sorting completed (0.0174885 seconds)
  - Scanning for duplicates started...
    - repeat of 2020014390 found
    - repeat of 178912576 found
    - repeat of 1965601159 found
    - repeat of 2541819786 found
    - repeat of 4281721995 found
    - repeat of 2395824549 found
    - repeat of 2826225099 found
    - repeat of 102925814 found
    - repeat of 3743820281 found
  - Scanning for duplicates completed (0.000321265 seconds)
- Testing for repeats completed (0.0196918 seconds)
---
9 repeats, p-value = 1 - 0.0196605

Memory usage summary: heap total: 1068032, heap peak: 1068032, stack peak: 5616
         total calls   total memory   failed calls
 malloc|          3        1068032              0
realloc|          0              0              0  (nomove:0, dec:0, free:0)
 calloc|          0              0              0
   free|          0              0
Histogram for block sizes:
 1024-1039            1  33% =========================
   large              2  66% ==================================================
