Testing std::mt19937
	0..4294967295 is range of generator
	414487 outputs to scan for duplicates [6.32456*sqrt(range)]
	20.0001 duplicates expected on average
	2.06097e-09 is probability of zero duplicates
	0xa9a60b79 is seed for this run
---
- Testing for repeats started...
  - Allocating memory started...
    - allocated array of size 414487.
  - Allocating memory completed (8.729e-06 seconds)
  - Storing PRNG output started...
  - Storing PRNG output completed (0.00326563 seconds)
  - Sorting started...
  - Sorting completed (0.0340712 seconds)
  - Scanning for duplicates started...
    - repeat of 365863947 found
    - repeat of 587978877 found
    - repeat of 778370254 found
    - repeat of 801303321 found
    - repeat of 831482062 found
    - repeat of 835359975 found
    - repeat of 888126221 found
    - repeat of 970346285 found
    - repeat of 1200850749 found
    - repeat of 1623017029 found
    - repeat of 1680167261 found
    - repeat of 1726742766 found
    - repeat of 1803150360 found
    - repeat of 2168135296 found
    - repeat of 2259644893 found
    - repeat of 2463366318 found
    - repeat of 2694556550 found
    - repeat of 2990951683 found
    - repeat of 3055078577 found
    - repeat of 3525281454 found
    - repeat of 3606762691 found
    - repeat of 4080993416 found
    - repeat of 4092148791 found
    - repeat of 4163497163 found
    - repeat of 4163520296 found
    - repeat of 4292886136 found
  - Scanning for duplicates completed (0.000354147 seconds)
- Testing for repeats completed (0.0377158 seconds)
---
26 repeats, p-value = 1 - 0.0778899

Memory usage summary: heap total: 3388600, heap peak: 3388600, stack peak: 10528
         total calls   total memory   failed calls
 malloc|          2        3388600              0
realloc|          0              0              0  (nomove:0, dec:0, free:0)
 calloc|          0              0              0
   free|          0              0
Histogram for block sizes:
   large              2 100% ==================================================
