Testing xoroshiro64starstar32
	0..4294967295 is range of generator
	414487 outputs to scan for duplicates [6.32456*sqrt(range)]
	20.0001 duplicates expected on average
	2.06097e-09 is probability of zero duplicates
	0x22405469 is seed for this run
---
- Testing for repeats started...
  - Allocating memory started...
    - allocated 256 buckets of capacity 2023
    - allocated 256 bucket counters
  - Allocating memory completed (1.7786e-05 seconds)
  - Storing PRNG output started...
  - Storing PRNG output completed (0.003781 seconds)
  - Sorting started...
  - Sorting completed (0.0372054 seconds)
  - Scanning for duplicates started...
    - repeat of 2243764742 found
    - repeat of 1043714058 found
    - repeat of 389203211 found
    - repeat of 1881323803 found
    - repeat of 2793903649 found
    - repeat of 1919221796 found
    - repeat of 593550374 found
    - repeat of 2311724368 found
    - repeat of 4097308000 found
    - repeat of 570648938 found
    - repeat of 778760301 found
    - repeat of 1000866447 found
    - repeat of 3658918803 found
    - repeat of 2198325162 found
    - repeat of 313036477 found
    - repeat of 2097127378 found
    - repeat of 984387027 found
    - repeat of 3331828708 found
    - repeat of 4154309094 found
    - repeat of 925179111 found
    - repeat of 1814468584 found
    - repeat of 2795106800 found
    - repeat of 3662654705 found
    - repeat of 3554708986 found
  - Scanning for duplicates completed (0.000639656 seconds)
- Testing for repeats completed (0.0416736 seconds)
---
24 repeats, p-value = 1 - 0.156778

Memory usage summary: heap total: 2145280, heap peak: 2145280, stack peak: 5616
         total calls   total memory   failed calls
 malloc|          3        2145280              0
realloc|          0              0              0  (nomove:0, dec:0, free:0)
 calloc|          0              0              0
   free|          0              0
Histogram for block sizes:
 1024-1039            1  33% =========================
   large              2  66% ==================================================
