Testing xorshift64star32a
	0..4294967295 is range of generator
	414487 outputs to scan for duplicates [6.32456*sqrt(range)]
	19.9994 duplicates expected on average
	2.06239e-09 is probability of zero duplicates
	0x4360b9fa is seed for this run
---
- Testing for repeats started...
  - Allocating memory started...
    - allocated 256 buckets of capacity 2023
    - allocated 256 bucket counters
  - Allocating memory completed (1.4035e-05 seconds)
  - Storing PRNG output started...
  - Storing PRNG output completed (0.00334869 seconds)
  - Sorting started...
  - Sorting completed (0.0320664 seconds)
  - Scanning for duplicates started...
    - repeat of 1762501896 found
    - repeat of 407132699 found
    - repeat of 790120224 found
    - repeat of 3590361903 found
    - repeat of 2450559032 found
    - repeat of 2300475965 found
    - repeat of 2419665981 found
    - repeat of 2906512960 found
    - repeat of 4094929491 found
    - repeat of 1606754153 found
    - repeat of 299982975 found
    - repeat of 229958021 found
    - repeat of 2443311502 found
    - repeat of 3944778392 found
    - repeat of 2520611767 found
    - repeat of 1913231800 found
    - repeat of 158206412 found
    - repeat of 2915254230 found
    - repeat of 3007856856 found
    - repeat of 185537502 found
    - repeat of 4246708204 found
  - Scanning for duplicates completed (0.000514086 seconds)
- Testing for repeats completed (0.035957 seconds)
---
21 repeats, p-value = 1 - 0.356252

Memory usage summary: heap total: 2145280, heap peak: 2145280, stack peak: 5616
         total calls   total memory   failed calls
 malloc|          3        2145280              0
realloc|          0              0              0  (nomove:0, dec:0, free:0)
 calloc|          0              0              0
   free|          0              0
Histogram for block sizes:
 1024-1039            1  33% =========================
   large              2  66% ==================================================
