Testing jsf32
	0..4294967295 is range of generator
	198893 outputs to scan for duplicates [3.03485*sqrt(range)]
	4.60521 duplicates expected on average
	0.00999963 is probability of zero duplicates
	0x7eb108b1 is seed for this run
---
- Testing for repeats started...
  - Allocating memory started...
    - allocated hash table of reserved for 198893 elements
  - Allocating memory completed (0.00109315 seconds)
  - Checking PRNG output started...
    - repeat of 2787502472 found, step 97030
    - repeat of 2375616196 found, step 113929
    - repeat of 3981463911 found, step 150844
    - repeat of 645214126 found, step 184658
    - repeat of 558197981 found, step 189340
  - Checking PRNG output completed (0.054395 seconds)
- Testing for repeats completed (0.0555036 seconds)
---
5 repeats, p-value = 1 - 0.315139

Memory usage summary: heap total: 4874184, heap peak: 4874184, stack peak: 5648
         total calls   total memory   failed calls
 malloc|     198890        4874184              0
realloc|          0              0              0  (nomove:0, dec:0, free:0)
 calloc|          0              0              0
   free|     198889        4801480
Histogram for block sizes:
   16-31         198888  99% ==================================================
   large              2  <1% 
