Testing std::mt19937
	0..4294967295 is range of generator
	198893 outputs to scan for duplicates [3.03485*sqrt(range)]
	4.60521 duplicates expected on average
	0.00999963 is probability of zero duplicates
	0x4e71de9d is seed for this run
---
- Testing for repeats started...
  - Allocating memory started...
    - allocated hash table of reserved for 198893 elements
  - Allocating memory completed (0.00122041 seconds)
  - Checking PRNG output started...
    - repeat of 2734617584 found, step 81749
    - repeat of 2149051143 found, step 84498
    - repeat of 1322684053 found, step 105689
    - repeat of 2040426375 found, step 123745
    - repeat of 2185684877 found, step 127446
    - repeat of 2949962338 found, step 140320
    - repeat of 2203560356 found, step 183749
    - repeat of 2966217398 found, step 194913
    - repeat of 681684738 found, step 196854
  - Checking PRNG output completed (0.038891 seconds)
- Testing for repeats completed (0.0401227 seconds)
---
9 repeats, p-value = 1 - 0.0196605

Memory usage summary: heap total: 4874120, heap peak: 4874120, stack peak: 10608
         total calls   total memory   failed calls
 malloc|     198886        4874120              0
realloc|          0              0              0  (nomove:0, dec:0, free:0)
 calloc|          0              0              0
   free|     198885        4801416
Histogram for block sizes:
   16-31         198884  99% ==================================================
   large              2  <1% 
