- bump_allocator_static< std::__detail::_Hash_node<unsigned int, false> > (item size = 16) at 0x6042d0 created!
- bump_allocator_static< std::__detail::_Hash_node_base* > (item size = 8) at 0x604310 created!
- mempool at 0x604298 allocated new chunk at 0x7fb05ea04020
- mempool at 0x604298 deallocated chunk at 0x7fb05ea04020
Testing xoroshiro64star32
	0..4294967295 is range of generator
	414487 outputs to scan for duplicates [6.32456*sqrt(range)]
	20.0001 duplicates expected on average
	2.06097e-09 is probability of zero duplicates
	0xe069a42d is seed for this run
---
- Testing for repeats started...
  - Allocating memory started...
    - allocated hash table of reserved for 414487 elements
  - Allocating memory completed (0.00256733 seconds)
  - Checking PRNG output started...
    - repeat of 3406727696 found, step 87805
    - repeat of 2792451270 found, step 164414
    - repeat of 519123399 found, step 171200
    - repeat of 3573629625 found, step 202730
    - repeat of 3901062281 found, step 236140
    - repeat of 2014480705 found, step 252363
    - repeat of 1738498062 found, step 254997
    - repeat of 3624824806 found, step 288501
    - repeat of 33956626 found, step 305394
    - repeat of 3943288750 found, step 352332
    - repeat of 763060264 found, step 365310
    - repeat of 2038724325 found, step 370982
    - repeat of 4287475324 found, step 404452
  - Checking PRNG output completed (0.0391782 seconds)
- Testing for repeats completed (0.0417601 seconds)
---
13 repeats, p-value = 0.0661252
- bump_allocator_static< std::__detail::_Hash_node_base* > at 0x604310 destroyed!
 - total_allocations_  = 1
 - active_allocations_ = 0
 - high_allocations_   = 1
 - total_mem_  = 3555896
 - active_mem_ = 0
 - high_mem_   = 3555896
- bump_allocator_static< std::__detail::_Hash_node<unsigned int, false> > at 0x6042d0 destroyed!
 - total_allocations_  = 414474
 - active_allocations_ = 0
 - high_allocations_   = 414474
 - total_mem_  = 6631584
 - active_mem_ = 0
 - high_mem_   = 6631584

Memory usage summary: heap total: 1073815760, heap peak: 1073815568, stack peak: 2816
         total calls   total memory   failed calls
 malloc|          5     1073815568              0
realloc|          4            192              0  (nomove:0, dec:0, free:0)
 calloc|          0              0              0
   free|          6     1073742032
Histogram for block sizes:
   16-31              1  11% =========================
   32-47              2  22% ==================================================
   64-79              2  22% ==================================================
  512-527             2  22% ==================================================
   large              2  22% ==================================================
