Testing xoroshiro64starstar32
	0..4294967295 is range of generator
	414487 outputs to scan for duplicates [6.32456*sqrt(range)]
	20.0001 duplicates expected on average
	2.06097e-09 is probability of zero duplicates
	0x4f2adc94 is seed for this run
---
- Testing for repeats started...
  - Allocating memory started...
    - allocated 256 buckets of capacity 2023
    - allocated 256 bucket counters
  - Allocating memory completed (2.0097e-05 seconds)
  - Storing PRNG output started...
  - Storing PRNG output completed (0.00367738 seconds)
  - Sorting started...
  - Sorting completed (0.0370532 seconds)
  - Scanning for duplicates started...
    - repeat of 1269496323 found
    - repeat of 1502713609 found
    - repeat of 4064151057 found
    - repeat of 157045277 found
    - repeat of 4010049056 found
    - repeat of 444021554 found
    - repeat of 2821762383 found
    - repeat of 194979169 found
    - repeat of 3506191216 found
    - repeat of 282469490 found
    - repeat of 2744510849 found
    - repeat of 2561819529 found
    - repeat of 1251163540 found
    - repeat of 1013845142 found
    - repeat of 2982935971 found
    - repeat of 3322688701 found
    - repeat of 522407104 found
    - repeat of 3916674791 found
    - repeat of 2043782394 found
    - repeat of 3181855743 found
  - Scanning for duplicates completed (0.000598655 seconds)
- Testing for repeats completed (0.0413734 seconds)
---
20 repeats, p-value = 1 - 0.440915

Memory usage summary: heap total: 2145280, heap peak: 2145280, stack peak: 5616
         total calls   total memory   failed calls
 malloc|          3        2145280              0
realloc|          0              0              0  (nomove:0, dec:0, free:0)
 calloc|          0              0              0
   free|          0              0
Histogram for block sizes:
 1024-1039            1  33% =========================
   large              2  66% ==================================================
