Testing xoroshiro64plus32
	0..4294967295 is range of generator
	414487 outputs to scan for duplicates [6.32456*sqrt(range)]
	20.0001 duplicates expected on average
	2.06097e-09 is probability of zero duplicates
	0x200b02a3 is seed for this run
---
- Testing for repeats started...
  - Allocating memory started...
    - allocated array of size 414487.
  - Allocating memory completed (1.0599e-05 seconds)
  - Storing PRNG output started...
  - Storing PRNG output completed (0.00257544 seconds)
  - Sorting started...
  - Sorting completed (0.03672 seconds)
  - Scanning for duplicates started...
    - repeat of 82985332 found
    - repeat of 149232111 found
    - repeat of 345653598 found
    - repeat of 489047557 found
    - repeat of 526132772 found
    - repeat of 561579038 found
    - repeat of 644966794 found
    - repeat of 685783981 found
    - repeat of 714747174 found
    - repeat of 737577910 found
    - repeat of 891326921 found
    - repeat of 1171492401 found
    - repeat of 1260942891 found
    - repeat of 1360567975 found
    - repeat of 1519467400 found
    - repeat of 1834778920 found
    - repeat of 2003753515 found
    - repeat of 2297759655 found
    - repeat of 2327431527 found
    - repeat of 2381604344 found
    - repeat of 2607436547 found
    - repeat of 2644195512 found
    - repeat of 2649335950 found
    - repeat of 2680483857 found
    - repeat of 2690477282 found
    - repeat of 2726038348 found
    - repeat of 2825221891 found
    - repeat of 3040328941 found
    - repeat of 3397455519 found
    - repeat of 3726054090 found
    - repeat of 3801100390 found
    - repeat of 3884229524 found
    - repeat of 3919329040 found
    - repeat of 4107438381 found
  - Scanning for duplicates completed (0.000353423 seconds)
- Testing for repeats completed (0.0396759 seconds)
---
34 repeats, p-value = 1 - 0.00148914

Memory usage summary: heap total: 1730652, heap peak: 1730652, stack peak: 5568
         total calls   total memory   failed calls
 malloc|          2        1730652              0
realloc|          0              0              0  (nomove:0, dec:0, free:0)
 calloc|          0              0              0
   free|          0              0
Histogram for block sizes:
   large              2 100% ==================================================
