Testing sfc32
	0..4294967295 is range of generator
	198893 outputs to scan for duplicates [3.03485*sqrt(range)]
	4.60521 duplicates expected on average
	0.00999963 is probability of zero duplicates
	0x437ec5b7 is seed for this run
---
- Testing for repeats started...
  - Allocating memory started...
    - allocated array of size 198893.
  - Allocating memory completed (8.693e-06 seconds)
  - Storing PRNG output started...
  - Storing PRNG output completed (0.00127827 seconds)
  - Sorting started...
  - Sorting completed (0.0284438 seconds)
  - Scanning for duplicates started...
    - repeat of 507599076 found
    - repeat of 1530154730 found
    - repeat of 1760027856 found
    - repeat of 1775073537 found
    - repeat of 3936658361 found
    - repeat of 4281424723 found
  - Scanning for duplicates completed (0.000271493 seconds)
- Testing for repeats completed (0.0300186 seconds)
---
6 repeats, p-value = 1 - 0.18266

Memory usage summary: heap total: 868276, heap peak: 868276, stack peak: 5584
         total calls   total memory   failed calls
 malloc|          2         868276              0
realloc|          0              0              0  (nomove:0, dec:0, free:0)
 calloc|          0              0              0
   free|          0              0
Histogram for block sizes:
   large              2 100% ==================================================
