Testing xoroshiro64starstar32
	0..4294967295 is range of generator
	414487 outputs to scan for duplicates [6.32456*sqrt(range)]
	20.0001 duplicates expected on average
	2.06097e-09 is probability of zero duplicates
	0x4b34044 is seed for this run
---
- Testing for repeats started...
  - Allocating memory started...
    - allocated array of size 414487.
  - Allocating memory completed (5.493e-06 seconds)
  - Storing PRNG output started...
  - Storing PRNG output completed (0.00225746 seconds)
  - Sorting started...
  - Sorting completed (0.0594766 seconds)
  - Scanning for duplicates started...
    - repeat of 129080900 found
    - repeat of 167233740 found
    - repeat of 674530205 found
    - repeat of 704388848 found
    - repeat of 737954302 found
    - repeat of 917045310 found
    - repeat of 988390940 found
    - repeat of 1180979278 found
    - repeat of 1669763913 found
    - repeat of 2272752595 found
    - repeat of 2295425579 found
    - repeat of 2401388577 found
    - repeat of 2479706748 found
    - repeat of 2767892441 found
    - repeat of 2942820791 found
    - repeat of 2957889548 found
    - repeat of 3324573754 found
    - repeat of 3584436347 found
    - repeat of 3649188845 found
    - repeat of 3816191378 found
    - repeat of 4097418460 found
  - Scanning for duplicates completed (0.00049367 seconds)
- Testing for repeats completed (0.0622473 seconds)
---
21 repeats, p-value = 1 - 0.35631

Memory usage summary: heap total: 1730652, heap peak: 1730652, stack peak: 5568
         total calls   total memory   failed calls
 malloc|          2        1730652              0
realloc|          0              0              0  (nomove:0, dec:0, free:0)
 calloc|          0              0              0
   free|          0              0
Histogram for block sizes:
   large              2 100% ==================================================
