Testing sfc32
	0..4294967295 is range of generator
	198893 outputs to scan for duplicates [3.03485*sqrt(range)]
	4.60521 duplicates expected on average
	0.00999963 is probability of zero duplicates
	0x7b4c2ee9 is seed for this run
---
- Testing for repeats started...
  - Allocating memory started...
    - allocated hash table of reserved for 198893 elements
  - Allocating memory completed (0.00107948 seconds)
  - Checking PRNG output started...
    - repeat of 4017509404 found, step 83662
    - repeat of 2026118371 found, step 124523
    - repeat of 1278608095 found, step 128113
    - repeat of 278530215 found, step 129908
    - repeat of 2156411359 found, step 137109
    - repeat of 4178151491 found, step 151429
    - repeat of 701683877 found, step 158843
    - repeat of 1726913107 found, step 160380
    - repeat of 2182384387 found, step 179516
  - Checking PRNG output completed (0.0383131 seconds)
- Testing for repeats completed (0.0394097 seconds)
---
9 repeats, p-value = 1 - 0.0196605

Memory usage summary: heap total: 4874120, heap peak: 4874120, stack peak: 5648
         total calls   total memory   failed calls
 malloc|     198886        4874120              0
realloc|          0              0              0  (nomove:0, dec:0, free:0)
 calloc|          0              0              0
   free|     198885        4801416
Histogram for block sizes:
   16-31         198884  99% ==================================================
   large              2  <1% 
