Testing xoroshiro64starstar32
	0..4294967295 is range of generator
	414487 outputs to scan for duplicates [6.32456*sqrt(range)]
	20.0001 duplicates expected on average
	2.06097e-09 is probability of zero duplicates
	0x785b080d is seed for this run
---
- Testing for repeats started...
  - Allocating memory started...
    - allocated hash table of reserved for 414487 elements
  - Allocating memory completed (0.0021235 seconds)
  - Checking PRNG output started...
    - repeat of 434031917 found, step 21627
    - repeat of 1967743486 found, step 103958
    - repeat of 206342743 found, step 134499
    - repeat of 2262516761 found, step 150086
    - repeat of 3894206616 found, step 186616
    - repeat of 1269812661 found, step 220566
    - repeat of 3230694854 found, step 236055
    - repeat of 3473241047 found, step 319533
    - repeat of 3186405535 found, step 353742
    - repeat of 3716512282 found, step 356273
    - repeat of 3832496971 found, step 383091
    - repeat of 2271447416 found, step 392143
    - repeat of 762817323 found, step 413850
  - Checking PRNG output completed (0.119839 seconds)
- Testing for repeats completed (0.121983 seconds)
---
13 repeats, p-value = 0.0661252

Memory usage summary: heap total: 10260184, heap peak: 10260184, stack peak: 5648
         total calls   total memory   failed calls
 malloc|     414476       10260184              0
realloc|          0              0              0  (nomove:0, dec:0, free:0)
 calloc|          0              0              0
   free|     414475       10187480
Histogram for block sizes:
   16-31         414474  99% ==================================================
   large              2  <1% 
