Testing pcg32
	0..4294967295 is range of generator
	198893 outputs to scan for duplicates [3.03485*sqrt(range)]
	4.60521 duplicates expected on average
	0.00999963 is probability of zero duplicates
	0xc556f3aa is seed for this run
---
- Testing for repeats started...
  - Allocating memory started...
    - allocated hash table of reserved for 198893 elements
  - Allocating memory completed (0.00138876 seconds)
  - Checking PRNG output started...
    - repeat of 3635133137 found, step 32701
    - repeat of 3053916108 found, step 75882
    - repeat of 434175772 found, step 79061
    - repeat of 1427258946 found, step 81935
    - repeat of 4226709483 found, step 105704
    - repeat of 1961335626 found, step 130315
    - repeat of 3778919456 found, step 138118
    - repeat of 2754231500 found, step 142720
    - repeat of 3867780059 found, step 197194
  - Checking PRNG output completed (0.0506283 seconds)
- Testing for repeats completed (0.0520333 seconds)
---
9 repeats, p-value = 1 - 0.0196605

Memory usage summary: heap total: 4874120, heap peak: 4874120, stack peak: 5648
         total calls   total memory   failed calls
 malloc|     198886        4874120              0
realloc|          0              0              0  (nomove:0, dec:0, free:0)
 calloc|          0              0              0
   free|     198885        4801416
Histogram for block sizes:
   16-31         198884  99% ==================================================
   large              2  <1% 
