Testing xorshift64star32a
	0..4294967295 is range of generator
	414487 outputs to scan for duplicates [6.32456*sqrt(range)]
	19.9994 duplicates expected on average
	2.06239e-09 is probability of zero duplicates
	0x4ea41343 is seed for this run
---
- Testing for repeats started...
  - Allocating memory started...
    - allocated bloomish filter with 32768 64-bit elements (3 bits/entry)
    - allocated possible-match log with 16384 32-bit elements
  - Allocating memory completed (1.0299e-05 seconds)
  - Phase 1, Gathering repeat candidates started...
    - 15356 repeat candidates found
  - Phase 1, Gathering repeat candidates completed (0.00720888 seconds)
  - Reallocating memory started...
    - Deallocated bloomish filter
    - Allocated hash table of the same size
  - Reallocating memory completed (9.2009e-05 seconds)
  - Phase 2, Storing candidates in hash table started...
  - Phase 2, Storing candidates in hash table completed (0.000161812 seconds)
  - Phase 3, Testing candidates started...
    - repeat of 3834620116 found, step 13033
    - repeat of 1355556277 found, step 90040
    - repeat of 1655887584 found, step 123423
    - repeat of 147444820 found, step 134412
    - repeat of 62514466 found, step 199100
    - repeat of 2497065020 found, step 234772
    - repeat of 1166292710 found, step 288128
    - repeat of 3752979448 found, step 288477
    - repeat of 1049233182 found, step 312973
    - repeat of 1687877812 found, step 318854
    - repeat of 3420479695 found, step 336368
    - repeat of 4158374969 found, step 342254
    - repeat of 98139569 found, step 358361
    - repeat of 3049596484 found, step 366078
    - repeat of 2712485251 found, step 369992
    - repeat of 2964627896 found, step 370381
    - repeat of 2091471886 found, step 382743
    - repeat of 4165085074 found, step 397377
  - Phase 3, Testing candidates completed (0.00837221 seconds)
- Testing for repeats completed (0.0158629 seconds)
---
18 repeats, p-value = 0.381473

Memory usage summary: heap total: 564225, heap peak: 400384, stack peak: 5664
         total calls   total memory   failed calls
 malloc|          5         564225              0
realloc|          0              0              0  (nomove:0, dec:0, free:0)
 calloc|          0              0              0
   free|          4         491521
Histogram for block sizes:
32768-32783           1  20% ============
   large              4  80% ==================================================
