Testing xoroshiro64plus32
	0..4294967295 is range of generator
	414487 outputs to scan for duplicates [6.32456*sqrt(range)]
	20.0001 duplicates expected on average
	2.06097e-09 is probability of zero duplicates
	0xb6283d37 is seed for this run
---
- Testing for repeats started...
  - Allocating memory started...
    - allocated bloomish filter with 32768 64-bit elements (3 bits/entry)
    - allocated possible-match log with 16384 32-bit elements
  - Allocating memory completed (2.018e-05 seconds)
  - Phase 1, Gathering repeat candidates started...
    - 15662 repeat candidates found
  - Phase 1, Gathering repeat candidates completed (0.00934912 seconds)
  - Reallocating memory started...
    - Deallocated bloomish filter
    - Allocated hash table of the same size
  - Reallocating memory completed (0.000136458 seconds)
  - Phase 2, Storing candidates in hash table started...
  - Phase 2, Storing candidates in hash table completed (0.000249949 seconds)
  - Phase 3, Testing candidates started...
    - repeat of 3949065425 found, step 40425
    - repeat of 4172535760 found, step 144625
    - repeat of 1400086804 found, step 150400
    - repeat of 2913310849 found, step 187304
    - repeat of 1278964906 found, step 202621
    - repeat of 1065166701 found, step 207427
    - repeat of 2460710514 found, step 231512
    - repeat of 2634325624 found, step 249447
    - repeat of 3566182041 found, step 259163
    - repeat of 2547600631 found, step 265030
    - repeat of 2388706632 found, step 281201
    - repeat of 947100888 found, step 283240
    - repeat of 1081587321 found, step 288981
    - repeat of 1116611253 found, step 317384
    - repeat of 2177721993 found, step 320280
    - repeat of 2435987609 found, step 349257
    - repeat of 975767748 found, step 364439
  - Phase 3, Testing candidates completed (0.0107689 seconds)
- Testing for repeats completed (0.0205531 seconds)
---
17 repeats, p-value = 0.297021

Memory usage summary: heap total: 564225, heap peak: 400384, stack peak: 5680
         total calls   total memory   failed calls
 malloc|          5         564225              0
realloc|          0              0              0  (nomove:0, dec:0, free:0)
 calloc|          0              0              0
   free|          4         491521
Histogram for block sizes:
32768-32783           1  20% ============
   large              4  80% ==================================================
