Testing jsf32
	0..4294967295 is range of generator
	198893 outputs to scan for duplicates [3.03485*sqrt(range)]
	4.60521 duplicates expected on average
	0.00999963 is probability of zero duplicates
	0xbbfcd7b9 is seed for this run
---
- Testing for repeats started...
  - Allocating memory started...
    - allocated hash table of reserved for 198893 elements
  - Allocating memory completed (0.00141813 seconds)
  - Checking PRNG output started...
    - repeat of 3076970518 found, step 96504
    - repeat of 3161350024 found, step 102863
    - repeat of 3773167144 found, step 109276
    - repeat of 4020730928 found, step 158826
    - repeat of 1108994466 found, step 171916
    - repeat of 4254296047 found, step 182069
    - repeat of 1203322154 found, step 186338
    - repeat of 3839117100 found, step 196110
  - Checking PRNG output completed (0.0546722 seconds)
- Testing for repeats completed (0.0561091 seconds)
---
8 repeats, p-value = 1 - 0.0453327

Memory usage summary: heap total: 4874136, heap peak: 4874136, stack peak: 5648
         total calls   total memory   failed calls
 malloc|     198887        4874136              0
realloc|          0              0              0  (nomove:0, dec:0, free:0)
 calloc|          0              0              0
   free|     198886        4801432
Histogram for block sizes:
   16-31         198885  99% ==================================================
   large              2  <1% 
