- bump_allocator_static< std::__detail::_Hash_node<unsigned int, false> > (item size = 16) at 0x6042d0 created!
- bump_allocator_static< std::__detail::_Hash_node_base* > (item size = 8) at 0x604310 created!
- mempool at 0x604298 allocated new chunk at 0x7ff065ad3020
- mempool at 0x604298 deallocated chunk at 0x7ff065ad3020
Testing sfc32
	0..4294967295 is range of generator
	414487 outputs to scan for duplicates [6.32456*sqrt(range)]
	20.0001 duplicates expected on average
	2.06097e-09 is probability of zero duplicates
	0xa1d07a16 is seed for this run
---
- Testing for repeats started...
  - Allocating memory started...
    - allocated hash table of reserved for 414487 elements
  - Allocating memory completed (0.00175834 seconds)
  - Checking PRNG output started...
    - repeat of 4048526154 found, step 39750
    - repeat of 3864026317 found, step 119166
    - repeat of 3050846919 found, step 152369
    - repeat of 1108834924 found, step 250991
    - repeat of 4109273231 found, step 267997
    - repeat of 4244828608 found, step 280974
    - repeat of 3353399539 found, step 312946
    - repeat of 3404304001 found, step 343319
    - repeat of 44135330 found, step 344061
    - repeat of 2970514589 found, step 383155
    - repeat of 3753856064 found, step 397386
    - repeat of 522658286 found, step 412391
  - Checking PRNG output completed (0.0290404 seconds)
- Testing for repeats completed (0.0308076 seconds)
---
12 repeats, p-value = 0.0390104
- bump_allocator_static< std::__detail::_Hash_node_base* > at 0x604310 destroyed!
 - total_allocations_  = 1
 - active_allocations_ = 0
 - high_allocations_   = 1
 - total_mem_  = 3555896
 - active_mem_ = 0
 - high_mem_   = 3555896
- bump_allocator_static< std::__detail::_Hash_node<unsigned int, false> > at 0x6042d0 destroyed!
 - total_allocations_  = 414475
 - active_allocations_ = 0
 - high_allocations_   = 414475
 - total_mem_  = 6631600
 - active_mem_ = 0
 - high_mem_   = 6631600

Memory usage summary: heap total: 1073815760, heap peak: 1073815568, stack peak: 2816
         total calls   total memory   failed calls
 malloc|          5     1073815568              0
realloc|          4            192              0  (nomove:0, dec:0, free:0)
 calloc|          0              0              0
   free|          6     1073742032
Histogram for block sizes:
   16-31              1  11% =========================
   32-47              2  22% ==================================================
   64-79              2  22% ==================================================
  512-527             2  22% ==================================================
   large              2  22% ==================================================
