Testing gjrand32
	0..4294967295 is range of generator
	414487 outputs to scan for duplicates [6.32456*sqrt(range)]
	20.0001 duplicates expected on average
	2.06097e-09 is probability of zero duplicates
	0xee4e0c1 is seed for this run
---
- Testing for repeats started...
  - Allocating memory started...
    - allocated hash table of reserved for 414487 elements
  - Allocating memory completed (0.00144039 seconds)
  - Checking PRNG output started...
    - repeat of 2695800893 found, step 163315
    - repeat of 24041984 found, step 231923
    - repeat of 2405166329 found, step 244884
    - repeat of 1373245009 found, step 287056
    - repeat of 465143586 found, step 320228
    - repeat of 1463126165 found, step 338998
    - repeat of 2503248611 found, step 366293
    - repeat of 3011414123 found, step 370024
    - repeat of 2953899 found, step 373009
    - repeat of 3119755176 found, step 399628
  - Checking PRNG output completed (0.0698622 seconds)
- Testing for repeats completed (0.0713173 seconds)
---
10 repeats, p-value = 0.0108112

Memory usage summary: heap total: 10260232, heap peak: 10260232, stack peak: 5648
         total calls   total memory   failed calls
 malloc|     414479       10260232              0
realloc|          0              0              0  (nomove:0, dec:0, free:0)
 calloc|          0              0              0
   free|     414478       10187528
Histogram for block sizes:
   16-31         414477  99% ==================================================
   large              2  <1% 
