Testing xoroshiro64plus32
	0..4294967295 is range of generator
	414487 outputs to scan for duplicates [6.32456*sqrt(range)]
	20.0001 duplicates expected on average
	2.06097e-09 is probability of zero duplicates
	0x16dee499 is seed for this run
---
- Testing for repeats started...
  - Allocating memory started...
    - allocated array of size 414487.
  - Allocating memory completed (7.748e-06 seconds)
  - Storing PRNG output started...
  - Storing PRNG output completed (0.00194692 seconds)
  - Sorting started...
  - Sorting completed (0.0378215 seconds)
  - Scanning for duplicates started...
    - repeat of 83591945 found
    - repeat of 456801429 found
    - repeat of 704545538 found
    - repeat of 836920533 found
    - repeat of 1538629060 found
    - repeat of 1557029714 found
    - repeat of 1597675324 found
    - repeat of 1826733550 found
    - repeat of 2159104905 found
    - repeat of 2216162987 found
    - repeat of 2707983905 found
    - repeat of 2994350040 found
    - repeat of 3011499466 found
    - repeat of 3117070159 found
    - repeat of 3422891561 found
    - repeat of 3424908533 found
    - repeat of 3630412696 found
    - repeat of 3808883214 found
    - repeat of 3958836501 found
    - repeat of 4113212965 found
    - repeat of 4184077589 found
  - Scanning for duplicates completed (0.000357612 seconds)
- Testing for repeats completed (0.040157 seconds)
---
21 repeats, p-value = 1 - 0.35631

Memory usage summary: heap total: 1730652, heap peak: 1730652, stack peak: 5568
         total calls   total memory   failed calls
 malloc|          2        1730652              0
realloc|          0              0              0  (nomove:0, dec:0, free:0)
 calloc|          0              0              0
   free|          0              0
Histogram for block sizes:
   large              2 100% ==================================================
