Testing jsf32
	0..4294967295 is range of generator
	414487 outputs to scan for duplicates [6.32456*sqrt(range)]
	20.0001 duplicates expected on average
	2.06097e-09 is probability of zero duplicates
	0x6b854084 is seed for this run
---
- Testing for repeats started...
  - Allocating memory started...
    - allocated hash table of reserved for 414487 elements
  - Allocating memory completed (0.00188599 seconds)
  - Checking PRNG output started...
    - repeat of 965352088 found, step 82204
    - repeat of 3142952918 found, step 96045
    - repeat of 3913048473 found, step 170299
    - repeat of 2973018430 found, step 201852
    - repeat of 3128085986 found, step 202011
    - repeat of 3874936801 found, step 267138
    - repeat of 2036338226 found, step 291534
    - repeat of 47974712 found, step 323749
    - repeat of 1756200600 found, step 368026
    - repeat of 3918512187 found, step 379055
    - repeat of 3939877067 found, step 392646
  - Checking PRNG output completed (0.100026 seconds)
- Testing for repeats completed (0.101933 seconds)
---
11 repeats, p-value = 0.0213859

Memory usage summary: heap total: 10260216, heap peak: 10260216, stack peak: 5648
         total calls   total memory   failed calls
 malloc|     414478       10260216              0
realloc|          0              0              0  (nomove:0, dec:0, free:0)
 calloc|          0              0              0
   free|     414477       10187512
Histogram for block sizes:
   16-31         414476  99% ==================================================
   large              2  <1% 
