- bump_allocator_static< std::__detail::_Hash_node<unsigned long, false> > (item size = 16) at 0x6042d0 created!
- bump_allocator_static< std::__detail::_Hash_node_base* > (item size = 8) at 0x604310 created!
- mempool at 0x604298 allocated new chunk at 0x7f07ae485020
- mempool at 0x604298 deallocated chunk at 0x7f07ae485020
Testing std::minstd_rand
	1..2147483646 is range of generator
	293086 outputs to scan for duplicates [6.32456*sqrt(range)]
	20 duplicates expected on average
	2.06113e-09 is probability of zero duplicates
	0x3f7ff97c is seed for this run
---
- Testing for repeats started...
  - Allocating memory started...
    - allocated hash table of reserved for 293086 elements
  - Allocating memory completed (0.0017964 seconds)
  - Checking PRNG output started...
  - Checking PRNG output completed (0.0306053 seconds)
- Testing for repeats completed (0.0324122 seconds)
---
0 repeats, p-value = 2.06113e-09
- bump_allocator_static< std::__detail::_Hash_node_base* > at 0x604310 destroyed!
 - total_allocations_  = 1
 - active_allocations_ = 0
 - high_allocations_   = 1
 - total_mem_  = 2399608
 - active_mem_ = 0
 - high_mem_   = 2399608
- bump_allocator_static< std::__detail::_Hash_node<unsigned long, false> > at 0x6042d0 destroyed!
 - total_allocations_  = 293086
 - active_allocations_ = 0
 - high_allocations_   = 293086
 - total_mem_  = 4689376
 - active_mem_ = 0
 - high_mem_   = 4689376

Memory usage summary: heap total: 1073815760, heap peak: 1073815568, stack peak: 2816
         total calls   total memory   failed calls
 malloc|          5     1073815568              0
realloc|          4            192              0  (nomove:0, dec:0, free:0)
 calloc|          0              0              0
   free|          6     1073742032
Histogram for block sizes:
   16-31              1  11% =========================
   32-47              2  22% ==================================================
   64-79              2  22% ==================================================
  512-527             2  22% ==================================================
   large              2  22% ==================================================
