Testing xoroshiro128plus64
	0..18446744073709551615 is range of generator
	27163758263 outputs to scan for duplicates [6.32456*sqrt(range)]
	20 duplicates expected on average
	2.06115e-09 is probability of zero duplicates
	0xcde72344 is seed for this run
---
- Testing for repeats started...
  - Allocating memory started...
    - allocated bloomish filter with 2147483648 64-bit elements (3 bits/entry)
    - allocated possible-match log with 1073741824 64-bit elements
  - Allocating memory completed (4.9663e-05 seconds)
  - Phase 1, Gathering repeat candidates started...
    - 826825159 repeat candidates found
  - Phase 1, Gathering repeat candidates completed (1622.07 seconds)
  - Reallocating memory started...
    - Deallocated bloomish filter
    - Allocated hash table of the same size
  - Reallocating memory completed (6.18851 seconds)
  - Phase 2, Storing candidates in hash table started...
  - Phase 2, Storing candidates in hash table completed (26.5568 seconds)
  - Phase 3, Testing candidates started...
    - repeat of 15743666614180131315 found, step 8859109052
    - repeat of 17304704662074226101 found, step 9781707176
    - repeat of 11908501755477541432 found, step 10664389778
    - repeat of 5478096557421616451 found, step 17472839116
    - repeat of 14929809789876728722 found, step 17948769469
    - repeat of 5712900696932009168 found, step 19310164176
    - repeat of 18303744189156584331 found, step 20455660381
    - repeat of 10532202952158635777 found, step 22795520956
    - repeat of 13489424306855868892 found, step 23796955853
    - repeat of 1495007969220452990 found, step 24810493423
  - Phase 3, Testing candidates completed (1166.84 seconds)
- Testing for repeats completed (2821.66 seconds)
---
10 repeats, p-value = 0.0108117

Memory usage summary: heap total: 45097229313, heap peak: 27917360129, stack peak: 5680
         total calls   total memory   failed calls
 malloc|          5    45097229313              0
realloc|          0              0              0  (nomove:0, dec:0, free:0)
 calloc|          0              0              0
   free|          4    45097156609
Histogram for block sizes:
   large              5 100% ==================================================
