Testing std::mt19937
	0..4294967295 is range of generator
	414487 outputs to scan for duplicates [6.32456*sqrt(range)]
	20.0001 duplicates expected on average
	2.06097e-09 is probability of zero duplicates
	0xddad8c8a is seed for this run
---
- Testing for repeats started...
  - Allocating memory started...
    - allocated bloomish filter with 32768 64-bit elements (3 bits/entry)
    - allocated possible-match log with 16384 64-bit elements
  - Allocating memory completed (2.0257e-05 seconds)
  - Phase 1, Gathering repeat candidates started...
    - 15388 repeat candidates found
  - Phase 1, Gathering repeat candidates completed (0.0130589 seconds)
  - Reallocating memory started...
    - Deallocated bloomish filter
    - Allocated hash table of the same size
  - Reallocating memory completed (0.000229697 seconds)
  - Phase 2, Storing candidates in hash table started...
  - Phase 2, Storing candidates in hash table completed (0.000277108 seconds)
  - Phase 3, Testing candidates started...
    - repeat of 218756724 found, step 95148
    - repeat of 2263266633 found, step 102099
    - repeat of 3137015855 found, step 149764
    - repeat of 3002147584 found, step 166839
    - repeat of 2441533038 found, step 182636
    - repeat of 3345322570 found, step 192455
    - repeat of 3022916958 found, step 231320
    - repeat of 3159083409 found, step 234590
    - repeat of 3257920308 found, step 259600
    - repeat of 2111994834 found, step 265931
    - repeat of 4023693258 found, step 294263
    - repeat of 3842512639 found, step 298286
    - repeat of 3420008517 found, step 309261
    - repeat of 2361156847 found, step 314101
    - repeat of 2360681073 found, step 325681
    - repeat of 2886050771 found, step 360907
    - repeat of 1458655872 found, step 388375
    - repeat of 2853624136 found, step 411558
    - repeat of 2254411746 found, step 411605
    - repeat of 3645416234 found, step 412876
  - Phase 3, Testing candidates completed (0.0179674 seconds)
- Testing for repeats completed (0.031589 seconds)
---
20 repeats, p-value = 1 - 0.440915

Memory usage summary: heap total: 760833, heap peak: 498689, stack peak: 15616
         total calls   total memory   failed calls
 malloc|          5         760833              0
realloc|          0              0              0  (nomove:0, dec:0, free:0)
 calloc|          0              0              0
   free|          4         688129
Histogram for block sizes:
32768-32783           1  20% ============
   large              4  80% ==================================================
