Testing std::mt19937
	0..4294967295 is range of generator
	198893 outputs to scan for duplicates [3.03485*sqrt(range)]
	4.60521 duplicates expected on average
	0.00999963 is probability of zero duplicates
	0xfa3244d0 is seed for this run
---
- Testing for repeats started...
  - Allocating memory started...
    - allocated 256 buckets of capacity 971
    - allocated 256 bucket counters
  - Allocating memory completed (1.2748e-05 seconds)
  - Storing PRNG output started...
  - Storing PRNG output completed (0.00259815 seconds)
  - Sorting started...
  - Sorting completed (0.0107532 seconds)
  - Scanning for duplicates started...
    - repeat of 1224012298 found
    - repeat of 4164698211 found
    - repeat of 284095591 found
    - repeat of 1256761790 found
    - repeat of 4238576893 found
  - Scanning for duplicates completed (0.000264797 seconds)
- Testing for repeats completed (0.0136433 seconds)
---
5 repeats, p-value = 1 - 0.315139

Memory usage summary: heap total: 2063360, heap peak: 2063360, stack peak: 10576
         total calls   total memory   failed calls
 malloc|          3        2063360              0
realloc|          0              0              0  (nomove:0, dec:0, free:0)
 calloc|          0              0              0
   free|          0              0
Histogram for block sizes:
 2048-2063            1  33% =========================
   large              2  66% ==================================================
