Testing xoroshiro64star32
	0..4294967295 is range of generator
	414487 outputs to scan for duplicates [6.32456*sqrt(range)]
	20.0001 duplicates expected on average
	2.06097e-09 is probability of zero duplicates
	0x76204427 is seed for this run
---
- Testing for repeats started...
  - Allocating memory started...
    - allocated 256 buckets of capacity 2023
    - allocated 256 bucket counters
  - Allocating memory completed (2.0453e-05 seconds)
  - Storing PRNG output started...
  - Storing PRNG output completed (0.00347347 seconds)
  - Sorting started...
  - Sorting completed (0.0372832 seconds)
  - Scanning for duplicates started...
    - repeat of 2768614926 found
    - repeat of 737249808 found
    - repeat of 3237298206 found
    - repeat of 3929487209 found
    - repeat of 3119326060 found
    - repeat of 2066126961 found
    - repeat of 1079206259 found
    - repeat of 2140669299 found
    - repeat of 3382058623 found
    - repeat of 1303435151 found
    - repeat of 3654730130 found
    - repeat of 24742062 found
    - repeat of 994884273 found
    - repeat of 4245032628 found
    - repeat of 282344886 found
    - repeat of 1556631735 found
    - repeat of 594044606 found
    - repeat of 2839876286 found
    - repeat of 1004692416 found
    - repeat of 2308693443 found
    - repeat of 2753573831 found
    - repeat of 4236776148 found
    - repeat of 2590179035 found
    - repeat of 3163437791 found
    - repeat of 3093082602 found
  - Scanning for duplicates completed (0.000678524 seconds)
- Testing for repeats completed (0.0414807 seconds)
---
25 repeats, p-value = 1 - 0.112189

Memory usage summary: heap total: 2145280, heap peak: 2145280, stack peak: 5616
         total calls   total memory   failed calls
 malloc|          3        2145280              0
realloc|          0              0              0  (nomove:0, dec:0, free:0)
 calloc|          0              0              0
   free|          0              0
Histogram for block sizes:
 1024-1039            1  33% =========================
   large              2  66% ==================================================
