Testing std::mt19937
	0..4294967295 is range of generator
	198893 outputs to scan for duplicates [3.03485*sqrt(range)]
	4.60521 duplicates expected on average
	0.00999963 is probability of zero duplicates
	0xf7386e41 is seed for this run
---
- Testing for repeats started...
  - Allocating memory started...
    - allocated hash table of reserved for 198893 elements
  - Allocating memory completed (0.00128123 seconds)
  - Checking PRNG output started...
    - repeat of 3982101596 found, step 86585
    - repeat of 1827387573 found, step 104531
    - repeat of 3382863558 found, step 155546
    - repeat of 2810345419 found, step 177156
    - repeat of 1804420151 found, step 186219
    - repeat of 3103533118 found, step 187846
  - Checking PRNG output completed (0.0465762 seconds)
- Testing for repeats completed (0.0478665 seconds)
---
6 repeats, p-value = 1 - 0.18266

Memory usage summary: heap total: 4874168, heap peak: 4874168, stack peak: 10608
         total calls   total memory   failed calls
 malloc|     198889        4874168              0
realloc|          0              0              0  (nomove:0, dec:0, free:0)
 calloc|          0              0              0
   free|     198888        4801464
Histogram for block sizes:
   16-31         198887  99% ==================================================
   large              2  <1% 
