Testing xoroshiro64starstar32
	0..4294967295 is range of generator
	414487 outputs to scan for duplicates [6.32456*sqrt(range)]
	20.0001 duplicates expected on average
	2.06097e-09 is probability of zero duplicates
	0xd1594201 is seed for this run
---
- Testing for repeats started...
  - Allocating memory started...
    - allocated 256 buckets of capacity 2023
    - allocated 256 bucket counters
  - Allocating memory completed (1.5167e-05 seconds)
  - Storing PRNG output started...
  - Storing PRNG output completed (0.00365533 seconds)
  - Sorting started...
  - Sorting completed (0.0374738 seconds)
  - Scanning for duplicates started...
    - repeat of 2790001186 found
    - repeat of 1877842474 found
    - repeat of 201256491 found
    - repeat of 158298688 found
    - repeat of 2710035541 found
    - repeat of 416276571 found
    - repeat of 2783593309 found
    - repeat of 2871582049 found
    - repeat of 1587247716 found
    - repeat of 193811559 found
    - repeat of 2493393784 found
    - repeat of 1657692090 found
    - repeat of 461638605 found
    - repeat of 3015156176 found
    - repeat of 1766627802 found
    - repeat of 1158127084 found
    - repeat of 1552306414 found
    - repeat of 4260004600 found
  - Scanning for duplicates completed (0.000604279 seconds)
- Testing for repeats completed (0.0417681 seconds)
---
18 repeats, p-value = 0.381414

Memory usage summary: heap total: 2145280, heap peak: 2145280, stack peak: 5616
         total calls   total memory   failed calls
 malloc|          3        2145280              0
realloc|          0              0              0  (nomove:0, dec:0, free:0)
 calloc|          0              0              0
   free|          0              0
Histogram for block sizes:
 1024-1039            1  33% =========================
   large              2  66% ==================================================
