Testing xorshift64star32a
	0..4294967295 is range of generator
	414487 outputs to scan for duplicates [6.32456*sqrt(range)]
	19.9994 duplicates expected on average
	2.06239e-09 is probability of zero duplicates
	0x7d1cff4c is seed for this run
---
- Testing for repeats started...
  - Allocating memory started...
    - allocated array of size 414487.
  - Allocating memory completed (5.831e-06 seconds)
  - Storing PRNG output started...
  - Storing PRNG output completed (0.00200876 seconds)
  - Sorting started...
  - Sorting completed (0.039936 seconds)
  - Scanning for duplicates started...
    - repeat of 579294967 found
    - repeat of 1057557367 found
    - repeat of 1298104324 found
    - repeat of 1325731664 found
    - repeat of 1511585220 found
    - repeat of 1674059266 found
    - repeat of 1736268965 found
    - repeat of 1841734746 found
    - repeat of 2722389741 found
    - repeat of 3006942819 found
    - repeat of 4101680440 found
  - Scanning for duplicates completed (0.000398955 seconds)
- Testing for repeats completed (0.0423676 seconds)
---
11 repeats, p-value = 0.0213932

Memory usage summary: heap total: 1730652, heap peak: 1730652, stack peak: 5568
         total calls   total memory   failed calls
 malloc|          2        1730652              0
realloc|          0              0              0  (nomove:0, dec:0, free:0)
 calloc|          0              0              0
   free|          0              0
Histogram for block sizes:
   large              2 100% ==================================================
