Testing sfc32
	0..4294967295 is range of generator
	414487 outputs to scan for duplicates [6.32456*sqrt(range)]
	20.0001 duplicates expected on average
	2.06097e-09 is probability of zero duplicates
	0xabef8c36 is seed for this run
---
- Testing for repeats started...
  - Allocating memory started...
    - allocated array of size 414487.
  - Allocating memory completed (8.067e-06 seconds)
  - Storing PRNG output started...
  - Storing PRNG output completed (0.00167751 seconds)
  - Sorting started...
  - Sorting completed (0.0392999 seconds)
  - Scanning for duplicates started...
    - repeat of 75740700 found
    - repeat of 91451498 found
    - repeat of 158340291 found
    - repeat of 220729561 found
    - repeat of 352275046 found
    - repeat of 362840162 found
    - repeat of 454062705 found
    - repeat of 639201166 found
    - repeat of 763777325 found
    - repeat of 857070431 found
    - repeat of 876912536 found
    - repeat of 1335415211 found
    - repeat of 1361331031 found
    - repeat of 1418531055 found
    - repeat of 1958402996 found
    - repeat of 2784300437 found
    - repeat of 2929128859 found
    - repeat of 3366656415 found
    - repeat of 3558116410 found
    - repeat of 3862501956 found
    - repeat of 4080213633 found
    - repeat of 4147233580 found
  - Scanning for duplicates completed (0.000400532 seconds)
- Testing for repeats completed (0.0414037 seconds)
---
22 repeats, p-value = 1 - 0.279396

Memory usage summary: heap total: 1730652, heap peak: 1730652, stack peak: 5584
         total calls   total memory   failed calls
 malloc|          2        1730652              0
realloc|          0              0              0  (nomove:0, dec:0, free:0)
 calloc|          0              0              0
   free|          0              0
Histogram for block sizes:
   large              2 100% ==================================================
