Testing pcg32
	0..4294967295 is range of generator
	414487 outputs to scan for duplicates [6.32456*sqrt(range)]
	20.0001 duplicates expected on average
	2.06097e-09 is probability of zero duplicates
	0x221963e8 is seed for this run
---
- Testing for repeats started...
  - Allocating memory started...
    - allocated 256 buckets of capacity 2023
    - allocated 256 bucket counters
  - Allocating memory completed (1.4348e-05 seconds)
  - Storing PRNG output started...
  - Storing PRNG output completed (0.00349553 seconds)
  - Sorting started...
  - Sorting completed (0.0307992 seconds)
  - Scanning for duplicates started...
    - repeat of 1734439426 found
    - repeat of 1104106256 found
    - repeat of 2207272469 found
    - repeat of 1479449623 found
    - repeat of 807155773 found
    - repeat of 1101459773 found
    - repeat of 319731531 found
    - repeat of 3988090494 found
    - repeat of 2275880367 found
    - repeat of 3555064500 found
    - repeat of 2651520218 found
  - Scanning for duplicates completed (0.000499546 seconds)
- Testing for repeats completed (0.0348254 seconds)
---
11 repeats, p-value = 0.0213859

Memory usage summary: heap total: 2145280, heap peak: 2145280, stack peak: 5616
         total calls   total memory   failed calls
 malloc|          3        2145280              0
realloc|          0              0              0  (nomove:0, dec:0, free:0)
 calloc|          0              0              0
   free|          0              0
Histogram for block sizes:
 1024-1039            1  33% =========================
   large              2  66% ==================================================
