Testing xoroshiro64plus32
	0..4294967295 is range of generator
	414487 outputs to scan for duplicates [6.32456*sqrt(range)]
	20.0001 duplicates expected on average
	2.06097e-09 is probability of zero duplicates
	0x78176cfe is seed for this run
---
- Testing for repeats started...
  - Allocating memory started...
    - allocated bloomish filter with 32768 64-bit elements (3 bits/entry)
    - allocated possible-match log with 16384 32-bit elements
  - Allocating memory completed (2.497e-05 seconds)
  - Phase 1, Gathering repeat candidates started...
    - 15220 repeat candidates found
  - Phase 1, Gathering repeat candidates completed (0.0107241 seconds)
  - Reallocating memory started...
    - Deallocated bloomish filter
    - Allocated hash table of the same size
  - Reallocating memory completed (0.000156404 seconds)
  - Phase 2, Storing candidates in hash table started...
  - Phase 2, Storing candidates in hash table completed (0.00029451 seconds)
  - Phase 3, Testing candidates started...
    - repeat of 2963781011 found, step 99218
    - repeat of 1835535666 found, step 134823
    - repeat of 3259845756 found, step 148404
    - repeat of 2881622803 found, step 174672
    - repeat of 1504859198 found, step 186204
    - repeat of 1909359878 found, step 188585
    - repeat of 3444437781 found, step 199511
    - repeat of 2362722720 found, step 223689
    - repeat of 3467460182 found, step 225868
    - repeat of 961495522 found, step 233202
    - repeat of 3390939165 found, step 235449
    - repeat of 2420556850 found, step 244224
    - repeat of 3119772451 found, step 247559
    - repeat of 600231105 found, step 253416
    - repeat of 1404136443 found, step 257210
    - repeat of 2183361953 found, step 262617
    - repeat of 2543239776 found, step 273532
    - repeat of 599470931 found, step 287381
    - repeat of 4231601841 found, step 312568
    - repeat of 202890876 found, step 329562
    - repeat of 427220640 found, step 347368
    - repeat of 3378842205 found, step 347718
    - repeat of 1378552398 found, step 372876
    - repeat of 1640857025 found, step 383467
    - repeat of 1238031585 found, step 384155
    - repeat of 533721826 found, step 398146
  - Phase 3, Testing candidates completed (0.011925 seconds)
- Testing for repeats completed (0.0231746 seconds)
---
26 repeats, p-value = 1 - 0.0778899

Memory usage summary: heap total: 564225, heap peak: 400384, stack peak: 5680
         total calls   total memory   failed calls
 malloc|          5         564225              0
realloc|          0              0              0  (nomove:0, dec:0, free:0)
 calloc|          0              0              0
   free|          4         491521
Histogram for block sizes:
32768-32783           1  20% ============
   large              4  80% ==================================================
