Testing gjrand64
	0..18446744073709551615 is range of generator
	27163758263 outputs to scan for duplicates [6.32456*sqrt(range)]
	20 duplicates expected on average
	2.06115e-09 is probability of zero duplicates
	0xfcd68183 is seed for this run
---
- Testing for repeats started...
  - Allocating memory started...
    - allocated array of size 27163758263.
  - Allocating memory completed (1.564e-05 seconds)
  - Storing PRNG output started...
  - Storing PRNG output completed (156.688 seconds)
  - Sorting started...
  - Sorting completed (4288.03 seconds)
  - Scanning for duplicates started...
    - repeat of 261910898164329254 found
    - repeat of 5393108838162302765 found
    - repeat of 5501433222306756008 found
    - repeat of 5717441647253681467 found
    - repeat of 6211386862052608262 found
    - repeat of 6542348781253241083 found
    - repeat of 6694042639019825811 found
    - repeat of 8443035694522469687 found
    - repeat of 9940170397035967847 found
    - repeat of 10428733680330027550 found
    - repeat of 10861949684145194364 found
    - repeat of 11915513065087508710 found
    - repeat of 12743820010171841941 found
    - repeat of 13169445685921199752 found
    - repeat of 13430041433951680393 found
    - repeat of 14698565209278247907 found
    - repeat of 15990756747267646369 found
    - repeat of 16040354031010139612 found
    - repeat of 17288029152554941947 found
    - repeat of 17303287767078503092 found
    - repeat of 17464024572842038837 found
    - repeat of 18114948750810971619 found
  - Scanning for duplicates completed (36.5226 seconds)
- Testing for repeats completed (4481.24 seconds)
---
22 repeats, p-value = 1 - 0.279389

Memory usage summary: heap total: 217310138808, heap peak: 217310138808, stack peak: 5600
         total calls   total memory   failed calls
 malloc|          2   217310138808              0
realloc|          0              0              0  (nomove:0, dec:0, free:0)
 calloc|          0              0              0
   free|          0              0
Histogram for block sizes:
   large              2 100% ==================================================
