Testing xoroshiro64starstar32
	0..4294967295 is range of generator
	414487 outputs to scan for duplicates [6.32456*sqrt(range)]
	20.0001 duplicates expected on average
	2.06097e-09 is probability of zero duplicates
	0xf32a3c25 is seed for this run
---
- Testing for repeats started...
  - Allocating memory started...
    - allocated array of size 414487.
  - Allocating memory completed (9.36e-06 seconds)
  - Storing PRNG output started...
  - Storing PRNG output completed (0.00301134 seconds)
  - Sorting started...
  - Sorting completed (0.0588941 seconds)
  - Scanning for duplicates started...
    - repeat of 131817534 found
    - repeat of 264740083 found
    - repeat of 365885932 found
    - repeat of 564303466 found
    - repeat of 662882900 found
    - repeat of 671333850 found
    - repeat of 1262978806 found
    - repeat of 1270202190 found
    - repeat of 1484248752 found
    - repeat of 1955491029 found
    - repeat of 2177240549 found
    - repeat of 2312931206 found
    - repeat of 2459733475 found
    - repeat of 2583250227 found
    - repeat of 3325919040 found
    - repeat of 3604088007 found
    - repeat of 3904934517 found
    - repeat of 4038359947 found
  - Scanning for duplicates completed (0.000506063 seconds)
- Testing for repeats completed (0.0624457 seconds)
---
18 repeats, p-value = 0.381414

Memory usage summary: heap total: 1730652, heap peak: 1730652, stack peak: 5568
         total calls   total memory   failed calls
 malloc|          2        1730652              0
realloc|          0              0              0  (nomove:0, dec:0, free:0)
 calloc|          0              0              0
   free|          0              0
Histogram for block sizes:
   large              2 100% ==================================================
