- bump_allocator_static< std::__detail::_Hash_node<unsigned int, false> > (item size = 16) at 0x6042f0 created!
- bump_allocator_static< std::__detail::_Hash_node_base* > (item size = 8) at 0x604330 created!
- mempool at 0x6042b8 allocated new chunk at 0x7fbbfae70020
- mempool at 0x6042b8 deallocated chunk at 0x7fbbfae70020
Testing xorshift64star32a
	0..4294967295 is range of generator
	198893 outputs to scan for duplicates [3.03485*sqrt(range)]
	4.60511 duplicates expected on average
	0.0100006 is probability of zero duplicates
	0xe5413ed2 is seed for this run
---
- Testing for repeats started...
  - Allocating memory started...
    - allocated hash table of reserved for 198893 elements
  - Allocating memory completed (0.00136173 seconds)
  - Checking PRNG output started...
    - repeat of 775656026 found, step 64799
    - repeat of 1184829706 found, step 112217
    - repeat of 3500072922 found, step 119897
    - repeat of 1796500324 found, step 124006
    - repeat of 3825389737 found, step 136104
    - repeat of 3081820428 found, step 187925
    - repeat of 263764685 found, step 194430
    - repeat of 4083922943 found, step 195517
  - Checking PRNG output completed (0.0204538 seconds)
- Testing for repeats completed (0.0218316 seconds)
---
8 repeats, p-value = 1 - 0.045328
- bump_allocator_static< std::__detail::_Hash_node_base* > at 0x604330 destroyed!
 - total_allocations_  = 1
 - active_allocations_ = 0
 - high_allocations_   = 1
 - total_mem_  = 1619272
 - active_mem_ = 0
 - high_mem_   = 1619272
- bump_allocator_static< std::__detail::_Hash_node<unsigned int, false> > at 0x6042f0 destroyed!
 - total_allocations_  = 198885
 - active_allocations_ = 0
 - high_allocations_   = 198885
 - total_mem_  = 3182160
 - active_mem_ = 0
 - high_mem_   = 3182160

Memory usage summary: heap total: 1073815760, heap peak: 1073815568, stack peak: 2816
         total calls   total memory   failed calls
 malloc|          5     1073815568              0
realloc|          4            192              0  (nomove:0, dec:0, free:0)
 calloc|          0              0              0
   free|          6     1073742032
Histogram for block sizes:
   16-31              1  11% =========================
   32-47              2  22% ==================================================
   64-79              2  22% ==================================================
  512-527             2  22% ==================================================
   large              2  22% ==================================================
