Testing pcg32_fast
	0..4294967295 is range of generator
	414487 outputs to scan for duplicates [6.32456*sqrt(range)]
	20.0001 duplicates expected on average
	2.06097e-09 is probability of zero duplicates
	0x4c4b7dd6 is seed for this run
---
- Testing for repeats started...
  - Allocating memory started...
    - allocated hash table of reserved for 414487 elements
  - Allocating memory completed (0.00203177 seconds)
  - Checking PRNG output started...
    - repeat of 1824689876 found, step 102912
    - repeat of 3688234739 found, step 138457
    - repeat of 4191107753 found, step 138482
    - repeat of 2721702664 found, step 170746
    - repeat of 1248285300 found, step 179901
    - repeat of 2734410438 found, step 207162
    - repeat of 1669352841 found, step 215107
    - repeat of 3229403438 found, step 220390
    - repeat of 803332752 found, step 230812
    - repeat of 4124267824 found, step 253625
    - repeat of 236102986 found, step 257401
    - repeat of 3791229545 found, step 273744
    - repeat of 2373073194 found, step 290260
    - repeat of 3628483993 found, step 290307
    - repeat of 1356258341 found, step 297915
    - repeat of 2955801591 found, step 304697
    - repeat of 2743262142 found, step 310601
    - repeat of 2527310163 found, step 324551
    - repeat of 910698773 found, step 324613
    - repeat of 696882018 found, step 331955
    - repeat of 3313384175 found, step 361177
    - repeat of 3801039079 found, step 406093
  - Checking PRNG output completed (0.115644 seconds)
- Testing for repeats completed (0.117691 seconds)
---
22 repeats, p-value = 1 - 0.279396

Memory usage summary: heap total: 10260040, heap peak: 10260040, stack peak: 5648
         total calls   total memory   failed calls
 malloc|     414467       10260040              0
realloc|          0              0              0  (nomove:0, dec:0, free:0)
 calloc|          0              0              0
   free|     414466       10187336
Histogram for block sizes:
   16-31         414465  99% ==================================================
   large              2  <1% 
