Testing pcg32
	0..4294967295 is range of generator
	414487 outputs to scan for duplicates [6.32456*sqrt(range)]
	20.0001 duplicates expected on average
	2.06097e-09 is probability of zero duplicates
	0x9cdaa147 is seed for this run
---
- Testing for repeats started...
  - Allocating memory started...
    - allocated hash table of reserved for 414487 elements
  - Allocating memory completed (0.00174448 seconds)
  - Checking PRNG output started...
    - repeat of 1320713859 found, step 52483
    - repeat of 3187815674 found, step 171896
    - repeat of 3934278616 found, step 248309
    - repeat of 514350587 found, step 283576
    - repeat of 1262612436 found, step 284612
    - repeat of 3765139609 found, step 289407
    - repeat of 315770702 found, step 307608
    - repeat of 2942597460 found, step 338504
    - repeat of 2140453485 found, step 339860
    - repeat of 41369604 found, step 352996
    - repeat of 2095170496 found, step 372739
    - repeat of 910938365 found, step 378934
    - repeat of 1970103931 found, step 393762
    - repeat of 3901932570 found, step 400950
  - Checking PRNG output completed (0.103617 seconds)
- Testing for repeats completed (0.105376 seconds)
---
14 repeats, p-value = 0.104861

Memory usage summary: heap total: 10260168, heap peak: 10260168, stack peak: 5648
         total calls   total memory   failed calls
 malloc|     414475       10260168              0
realloc|          0              0              0  (nomove:0, dec:0, free:0)
 calloc|          0              0              0
   free|     414474       10187464
Histogram for block sizes:
   16-31         414473  99% ==================================================
   large              2  <1% 
