Testing xoroshiro64starstar32
	0..4294967295 is range of generator
	414487 outputs to scan for duplicates [6.32456*sqrt(range)]
	20.0001 duplicates expected on average
	2.06097e-09 is probability of zero duplicates
	0xbd70ae7 is seed for this run
---
- Testing for repeats started...
  - Allocating memory started...
    - allocated hash table of reserved for 414487 elements
  - Allocating memory completed (0.00167411 seconds)
  - Checking PRNG output started...
    - repeat of 3411224078 found, step 67315
    - repeat of 2890048363 found, step 96800
    - repeat of 2276959180 found, step 124499
    - repeat of 3319744733 found, step 128314
    - repeat of 757022634 found, step 166423
    - repeat of 1276736093 found, step 189431
    - repeat of 3609292284 found, step 200622
    - repeat of 2601629234 found, step 202060
    - repeat of 2171325719 found, step 213516
    - repeat of 3557245846 found, step 230560
    - repeat of 3453917885 found, step 248219
    - repeat of 2959975785 found, step 258245
    - repeat of 1469434262 found, step 290875
    - repeat of 833406768 found, step 313585
    - repeat of 1401857168 found, step 314595
    - repeat of 309551537 found, step 319351
    - repeat of 2478466446 found, step 320518
    - repeat of 3399102614 found, step 355807
    - repeat of 1621609517 found, step 363776
    - repeat of 806145596 found, step 375389
    - repeat of 737830448 found, step 407918
  - Checking PRNG output completed (0.0922511 seconds)
- Testing for repeats completed (0.0939386 seconds)
---
21 repeats, p-value = 1 - 0.35631

Memory usage summary: heap total: 10260056, heap peak: 10260056, stack peak: 5648
         total calls   total memory   failed calls
 malloc|     414468       10260056              0
realloc|          0              0              0  (nomove:0, dec:0, free:0)
 calloc|          0              0              0
   free|     414467       10187352
Histogram for block sizes:
   16-31         414466  99% ==================================================
   large              2  <1% 
