- bump_allocator_static< std::__detail::_Hash_node<unsigned int, false> > (item size = 16) at 0x6042d0 created!
- bump_allocator_static< std::__detail::_Hash_node_base* > (item size = 8) at 0x604310 created!
- mempool at 0x604298 allocated new chunk at 0x7f8f260a0020
- mempool at 0x604298 deallocated chunk at 0x7f8f260a0020
Testing sfc32
	0..4294967295 is range of generator
	198893 outputs to scan for duplicates [3.03485*sqrt(range)]
	4.60521 duplicates expected on average
	0.00999963 is probability of zero duplicates
	0x7ee5bf8f is seed for this run
---
- Testing for repeats started...
  - Allocating memory started...
    - allocated hash table of reserved for 198893 elements
  - Allocating memory completed (0.00143659 seconds)
  - Checking PRNG output started...
    - repeat of 2895920985 found, step 61667
    - repeat of 3409374101 found, step 77194
    - repeat of 214277559 found, step 98125
    - repeat of 461737151 found, step 112471
    - repeat of 2197577465 found, step 144814
    - repeat of 3081577076 found, step 148530
    - repeat of 3913334540 found, step 150044
    - repeat of 1545653066 found, step 176288
    - repeat of 4187657706 found, step 178264
    - repeat of 3901207598 found, step 191246
  - Checking PRNG output completed (0.012704 seconds)
- Testing for repeats completed (0.0141474 seconds)
---
10 repeats, p-value = 1 - 0.0078379
- bump_allocator_static< std::__detail::_Hash_node_base* > at 0x604310 destroyed!
 - total_allocations_  = 1
 - active_allocations_ = 0
 - high_allocations_   = 1
 - total_mem_  = 1619272
 - active_mem_ = 0
 - high_mem_   = 1619272
- bump_allocator_static< std::__detail::_Hash_node<unsigned int, false> > at 0x6042d0 destroyed!
 - total_allocations_  = 198883
 - active_allocations_ = 0
 - high_allocations_   = 198883
 - total_mem_  = 3182128
 - active_mem_ = 0
 - high_mem_   = 3182128

Memory usage summary: heap total: 1073815760, heap peak: 1073815568, stack peak: 2816
         total calls   total memory   failed calls
 malloc|          5     1073815568              0
realloc|          4            192              0  (nomove:0, dec:0, free:0)
 calloc|          0              0              0
   free|          6     1073742032
Histogram for block sizes:
   16-31              1  11% =========================
   32-47              2  22% ==================================================
   64-79              2  22% ==================================================
  512-527             2  22% ==================================================
   large              2  22% ==================================================
