Testing xorshift64star32a
	0..4294967295 is range of generator
	414487 outputs to scan for duplicates [6.32456*sqrt(range)]
	19.9994 duplicates expected on average
	2.06239e-09 is probability of zero duplicates
	0x9c249ef5 is seed for this run
---
- Testing for repeats started...
  - Allocating memory started...
    - allocated 256 buckets of capacity 2023
    - allocated 256 bucket counters
  - Allocating memory completed (1.479e-05 seconds)
  - Storing PRNG output started...
  - Storing PRNG output completed (0.00350848 seconds)
  - Sorting started...
  - Sorting completed (0.0370195 seconds)
  - Scanning for duplicates started...
    - repeat of 190687238 found
    - repeat of 186869516 found
    - repeat of 308925969 found
    - repeat of 2034461725 found
    - repeat of 3190413598 found
    - repeat of 1839018289 found
    - repeat of 2900795210 found
    - repeat of 1412313699 found
    - repeat of 2517085301 found
    - repeat of 2171051126 found
    - repeat of 4104206456 found
    - repeat of 3925487767 found
    - repeat of 1665910936 found
    - repeat of 2584982684 found
    - repeat of 4081471979 found
    - repeat of 1480598252 found
    - repeat of 2208627195 found
    - repeat of 3727857660 found
  - Scanning for duplicates completed (0.000580645 seconds)
- Testing for repeats completed (0.0411389 seconds)
---
18 repeats, p-value = 0.381473

Memory usage summary: heap total: 2145280, heap peak: 2145280, stack peak: 5616
         total calls   total memory   failed calls
 malloc|          3        2145280              0
realloc|          0              0              0  (nomove:0, dec:0, free:0)
 calloc|          0              0              0
   free|          0              0
Histogram for block sizes:
 1024-1039            1  33% =========================
   large              2  66% ==================================================
