- bump_allocator_static< std::__detail::_Hash_node<unsigned int, false> > (item size = 16) at 0x6042d0 created!
- bump_allocator_static< std::__detail::_Hash_node_base* > (item size = 8) at 0x604310 created!
- mempool at 0x604298 allocated new chunk at 0x7f441f100020
- mempool at 0x604298 deallocated chunk at 0x7f441f100020
Testing pcg32
	0..4294967295 is range of generator
	414487 outputs to scan for duplicates [6.32456*sqrt(range)]
	20.0001 duplicates expected on average
	2.06097e-09 is probability of zero duplicates
	0x10b6c1c1 is seed for this run
---
- Testing for repeats started...
  - Allocating memory started...
    - allocated hash table of reserved for 414487 elements
  - Allocating memory completed (0.00142368 seconds)
  - Checking PRNG output started...
    - repeat of 2008582666 found, step 173738
    - repeat of 1623554595 found, step 208602
    - repeat of 853173806 found, step 226918
    - repeat of 3664106273 found, step 247153
    - repeat of 1695003637 found, step 317048
    - repeat of 4098181025 found, step 319614
    - repeat of 2342412891 found, step 324216
    - repeat of 1014425665 found, step 327084
    - repeat of 3900346632 found, step 334419
    - repeat of 4107432653 found, step 347053
    - repeat of 3716005941 found, step 351771
    - repeat of 1851662405 found, step 351880
    - repeat of 1878397293 found, step 369430
    - repeat of 767179170 found, step 375224
    - repeat of 931081144 found, step 393266
    - repeat of 2515519777 found, step 395676
    - repeat of 3592637953 found, step 403357
    - repeat of 4244654647 found, step 404822
    - repeat of 266761606 found, step 407059
    - repeat of 898799750 found, step 407884
  - Checking PRNG output completed (0.0316625 seconds)
- Testing for repeats completed (0.0330942 seconds)
---
20 repeats, p-value = 1 - 0.440915
- bump_allocator_static< std::__detail::_Hash_node_base* > at 0x604310 destroyed!
 - total_allocations_  = 1
 - active_allocations_ = 0
 - high_allocations_   = 1
 - total_mem_  = 3555896
 - active_mem_ = 0
 - high_mem_   = 3555896
- bump_allocator_static< std::__detail::_Hash_node<unsigned int, false> > at 0x6042d0 destroyed!
 - total_allocations_  = 414467
 - active_allocations_ = 0
 - high_allocations_   = 414467
 - total_mem_  = 6631472
 - active_mem_ = 0
 - high_mem_   = 6631472

Memory usage summary: heap total: 1073815760, heap peak: 1073815568, stack peak: 2816
         total calls   total memory   failed calls
 malloc|          5     1073815568              0
realloc|          4            192              0  (nomove:0, dec:0, free:0)
 calloc|          0              0              0
   free|          6     1073742032
Histogram for block sizes:
   16-31              1  11% =========================
   32-47              2  22% ==================================================
   64-79              2  22% ==================================================
  512-527             2  22% ==================================================
   large              2  22% ==================================================
