- bump_allocator_static< std::__detail::_Hash_node<unsigned int, false> > (item size = 16) at 0x6042d0 created!
- bump_allocator_static< std::__detail::_Hash_node_base* > (item size = 8) at 0x604310 created!
- mempool at 0x604298 allocated new chunk at 0x7ff71df11020
- mempool at 0x604298 deallocated chunk at 0x7ff71df11020
Testing pcg32_fast
	0..4294967295 is range of generator
	198893 outputs to scan for duplicates [3.03485*sqrt(range)]
	4.60521 duplicates expected on average
	0.00999963 is probability of zero duplicates
	0xacc84e42 is seed for this run
---
- Testing for repeats started...
  - Allocating memory started...
    - allocated hash table of reserved for 198893 elements
  - Allocating memory completed (0.00186416 seconds)
  - Checking PRNG output started...
    - repeat of 1110891816 found, step 37332
    - repeat of 2715107780 found, step 70933
    - repeat of 4245025504 found, step 111659
    - repeat of 1404402495 found, step 149980
    - repeat of 2336925968 found, step 155238
    - repeat of 3559841841 found, step 160734
    - repeat of 333203583 found, step 172433
    - repeat of 2463570081 found, step 181575
    - repeat of 2722068525 found, step 198806
  - Checking PRNG output completed (0.020806 seconds)
- Testing for repeats completed (0.0226845 seconds)
---
9 repeats, p-value = 1 - 0.0196605
- bump_allocator_static< std::__detail::_Hash_node_base* > at 0x604310 destroyed!
 - total_allocations_  = 1
 - active_allocations_ = 0
 - high_allocations_   = 1
 - total_mem_  = 1619272
 - active_mem_ = 0
 - high_mem_   = 1619272
- bump_allocator_static< std::__detail::_Hash_node<unsigned int, false> > at 0x6042d0 destroyed!
 - total_allocations_  = 198884
 - active_allocations_ = 0
 - high_allocations_   = 198884
 - total_mem_  = 3182144
 - active_mem_ = 0
 - high_mem_   = 3182144

Memory usage summary: heap total: 1073815760, heap peak: 1073815568, stack peak: 2816
         total calls   total memory   failed calls
 malloc|          5     1073815568              0
realloc|          4            192              0  (nomove:0, dec:0, free:0)
 calloc|          0              0              0
   free|          6     1073742032
Histogram for block sizes:
   16-31              1  11% =========================
   32-47              2  22% ==================================================
   64-79              2  22% ==================================================
  512-527             2  22% ==================================================
   large              2  22% ==================================================
