Testing std::mt19937
	0..4294967295 is range of generator
	198893 outputs to scan for duplicates [3.03485*sqrt(range)]
	4.60521 duplicates expected on average
	0.00999963 is probability of zero duplicates
	0x71b6850e is seed for this run
---
- Testing for repeats started...
  - Allocating memory started...
    - allocated hash table of reserved for 198893 elements
  - Allocating memory completed (0.00143173 seconds)
  - Checking PRNG output started...
    - repeat of 2793806975 found, step 99404
    - repeat of 4272362754 found, step 162167
    - repeat of 77903387 found, step 184503
  - Checking PRNG output completed (0.0478589 seconds)
- Testing for repeats completed (0.0493109 seconds)
---
3 repeats, p-value = 0.324858

Memory usage summary: heap total: 4874216, heap peak: 4874216, stack peak: 10608
         total calls   total memory   failed calls
 malloc|     198892        4874216              0
realloc|          0              0              0  (nomove:0, dec:0, free:0)
 calloc|          0              0              0
   free|     198891        4801512
Histogram for block sizes:
   16-31         198890  99% ==================================================
   large              2  <1% 
