Testing xorshift64star32a
	0..4294967295 is range of generator
	414487 outputs to scan for duplicates [6.32456*sqrt(range)]
	19.9994 duplicates expected on average
	2.06239e-09 is probability of zero duplicates
	0xc13e393f is seed for this run
---
- Testing for repeats started...
  - Allocating memory started...
    - allocated hash table of reserved for 414487 elements
  - Allocating memory completed (0.00184414 seconds)
  - Checking PRNG output started...
    - repeat of 925936761 found, step 84612
    - repeat of 317931476 found, step 98014
    - repeat of 123124992 found, step 147824
    - repeat of 3840385121 found, step 150233
    - repeat of 2758433955 found, step 151474
    - repeat of 3029013945 found, step 176086
    - repeat of 3866331274 found, step 192583
    - repeat of 2723681286 found, step 198182
    - repeat of 397367083 found, step 260654
    - repeat of 1620298976 found, step 275795
    - repeat of 926656484 found, step 278568
    - repeat of 1320398866 found, step 284817
    - repeat of 2426397841 found, step 296475
    - repeat of 4183855322 found, step 333987
    - repeat of 3751776846 found, step 341466
    - repeat of 295086983 found, step 347476
    - repeat of 4026122119 found, step 360978
    - repeat of 166420906 found, step 379122
    - repeat of 3123736998 found, step 379832
    - repeat of 4258314207 found, step 382953
    - repeat of 433432118 found, step 383305
    - repeat of 388981968 found, step 411971
  - Checking PRNG output completed (0.0939012 seconds)
- Testing for repeats completed (0.0957618 seconds)
---
22 repeats, p-value = 1 - 0.279342

Memory usage summary: heap total: 10260040, heap peak: 10260040, stack peak: 5648
         total calls   total memory   failed calls
 malloc|     414467       10260040              0
realloc|          0              0              0  (nomove:0, dec:0, free:0)
 calloc|          0              0              0
   free|     414466       10187336
Histogram for block sizes:
   16-31         414465  99% ==================================================
   large              2  <1% 
