Testing jsf32
	0..4294967295 is range of generator
	414487 outputs to scan for duplicates [6.32456*sqrt(range)]
	20.0001 duplicates expected on average
	2.06097e-09 is probability of zero duplicates
	0xaf69903f is seed for this run
---
- Testing for repeats started...
  - Allocating memory started...
    - allocated hash table of reserved for 414487 elements
  - Allocating memory completed (0.00211668 seconds)
  - Checking PRNG output started...
    - repeat of 909224103 found, step 77728
    - repeat of 4065913427 found, step 96991
    - repeat of 2701998987 found, step 117496
    - repeat of 3502182590 found, step 177290
    - repeat of 3033925276 found, step 227965
    - repeat of 3805006897 found, step 241407
    - repeat of 2424665525 found, step 255498
    - repeat of 1925213135 found, step 269612
    - repeat of 1985079817 found, step 276283
    - repeat of 1932541906 found, step 293854
    - repeat of 2155537779 found, step 302186
    - repeat of 3943613103 found, step 326232
    - repeat of 2515754263 found, step 353220
    - repeat of 1838795072 found, step 360087
    - repeat of 2631231675 found, step 377344
    - repeat of 276160061 found, step 393541
    - repeat of 4142910476 found, step 407251
  - Checking PRNG output completed (0.11577 seconds)
- Testing for repeats completed (0.117912 seconds)
---
17 repeats, p-value = 0.297021

Memory usage summary: heap total: 10260120, heap peak: 10260120, stack peak: 5648
         total calls   total memory   failed calls
 malloc|     414472       10260120              0
realloc|          0              0              0  (nomove:0, dec:0, free:0)
 calloc|          0              0              0
   free|     414471       10187416
Histogram for block sizes:
   16-31         414470  99% ==================================================
   large              2  <1% 
