Testing jsf32
	0..4294967295 is range of generator
	414487 outputs to scan for duplicates [6.32456*sqrt(range)]
	20.0001 duplicates expected on average
	2.06097e-09 is probability of zero duplicates
	0x27cc67f1 is seed for this run
---
- Testing for repeats started...
  - Allocating memory started...
    - allocated 256 buckets of capacity 2023
    - allocated 256 bucket counters
  - Allocating memory completed (1.892e-05 seconds)
  - Storing PRNG output started...
  - Storing PRNG output completed (0.00339072 seconds)
  - Sorting started...
  - Sorting completed (0.0372409 seconds)
  - Scanning for duplicates started...
    - repeat of 305408792 found
    - repeat of 1342097449 found
    - repeat of 2980713265 found
    - repeat of 811974451 found
    - repeat of 1811036468 found
    - repeat of 936216898 found
    - repeat of 1351984972 found
    - repeat of 1117639764 found
    - repeat of 1959350139 found
    - repeat of 3610181502 found
    - repeat of 2772819854 found
    - repeat of 1618654863 found
    - repeat of 1295989414 found
    - repeat of 357186988 found
    - repeat of 2925799876 found
    - repeat of 4027056845 found
    - repeat of 2217431262 found
    - repeat of 698954480 found
    - repeat of 2495028724 found
    - repeat of 2038774523 found
    - repeat of 3581393147 found
  - Scanning for duplicates completed (0.000574169 seconds)
- Testing for repeats completed (0.041239 seconds)
---
21 repeats, p-value = 1 - 0.35631

Memory usage summary: heap total: 2145280, heap peak: 2145280, stack peak: 5616
         total calls   total memory   failed calls
 malloc|          3        2145280              0
realloc|          0              0              0  (nomove:0, dec:0, free:0)
 calloc|          0              0              0
   free|          0              0
Histogram for block sizes:
 1024-1039            1  33% =========================
   large              2  66% ==================================================
