- bump_allocator_static< std::__detail::_Hash_node<unsigned int, false> > (item size = 16) at 0x6042d0 created!
- bump_allocator_static< std::__detail::_Hash_node_base* > (item size = 8) at 0x604310 created!
- mempool at 0x604298 allocated new chunk at 0x7f1a5078f020
- mempool at 0x604298 deallocated chunk at 0x7f1a5078f020
Testing sfc32
	0..4294967295 is range of generator
	414487 outputs to scan for duplicates [6.32456*sqrt(range)]
	20.0001 duplicates expected on average
	2.06097e-09 is probability of zero duplicates
	0xae2652d3 is seed for this run
---
- Testing for repeats started...
  - Allocating memory started...
    - allocated hash table of reserved for 414487 elements
  - Allocating memory completed (0.00187543 seconds)
  - Checking PRNG output started...
    - repeat of 2488052194 found, step 18666
    - repeat of 1443297478 found, step 61131
    - repeat of 631948081 found, step 81358
    - repeat of 2499449148 found, step 94962
    - repeat of 3370652670 found, step 231133
    - repeat of 4035894414 found, step 232655
    - repeat of 3344708537 found, step 239175
    - repeat of 4017446437 found, step 254727
    - repeat of 935236659 found, step 259035
    - repeat of 1208323414 found, step 271888
    - repeat of 749892623 found, step 283399
    - repeat of 4083142350 found, step 285142
    - repeat of 1406771830 found, step 292277
    - repeat of 2620207096 found, step 296419
    - repeat of 4092276559 found, step 306173
    - repeat of 4033619179 found, step 321632
    - repeat of 2477008648 found, step 324135
    - repeat of 542160485 found, step 340260
    - repeat of 2417884663 found, step 346584
    - repeat of 3718038421 found, step 352657
    - repeat of 1759009702 found, step 374981
    - repeat of 2406759794 found, step 396374
    - repeat of 2687416813 found, step 402459
    - repeat of 2185394407 found, step 406714
    - repeat of 3928451224 found, step 412595
    - repeat of 1765091090 found, step 413135
  - Checking PRNG output completed (0.0294449 seconds)
- Testing for repeats completed (0.0313314 seconds)
---
26 repeats, p-value = 1 - 0.0778899
- bump_allocator_static< std::__detail::_Hash_node_base* > at 0x604310 destroyed!
 - total_allocations_  = 1
 - active_allocations_ = 0
 - high_allocations_   = 1
 - total_mem_  = 3555896
 - active_mem_ = 0
 - high_mem_   = 3555896
- bump_allocator_static< std::__detail::_Hash_node<unsigned int, false> > at 0x6042d0 destroyed!
 - total_allocations_  = 414461
 - active_allocations_ = 0
 - high_allocations_   = 414461
 - total_mem_  = 6631376
 - active_mem_ = 0
 - high_mem_   = 6631376

Memory usage summary: heap total: 1073815760, heap peak: 1073815568, stack peak: 2816
         total calls   total memory   failed calls
 malloc|          5     1073815568              0
realloc|          4            192              0  (nomove:0, dec:0, free:0)
 calloc|          0              0              0
   free|          6     1073742032
Histogram for block sizes:
   16-31              1  11% =========================
   32-47              2  22% ==================================================
   64-79              2  22% ==================================================
  512-527             2  22% ==================================================
   large              2  22% ==================================================
