Testing xoroshiro64star32
	0..4294967295 is range of generator
	414487 outputs to scan for duplicates [6.32456*sqrt(range)]
	20.0001 duplicates expected on average
	2.06097e-09 is probability of zero duplicates
	0x56b6ede0 is seed for this run
---
- Testing for repeats started...
  - Allocating memory started...
    - allocated hash table of reserved for 414487 elements
  - Allocating memory completed (0.00186326 seconds)
  - Checking PRNG output started...
    - repeat of 1273983177 found, step 128865
    - repeat of 717129170 found, step 146877
    - repeat of 2215873368 found, step 151930
    - repeat of 53045349 found, step 173687
    - repeat of 590860771 found, step 178658
    - repeat of 2889421582 found, step 201405
    - repeat of 430738150 found, step 203454
    - repeat of 2518904215 found, step 225991
    - repeat of 750901142 found, step 248769
    - repeat of 3962499559 found, step 254573
    - repeat of 2423604253 found, step 262214
    - repeat of 679248078 found, step 279841
    - repeat of 3977887478 found, step 283970
    - repeat of 156305198 found, step 284632
    - repeat of 2982949046 found, step 294195
    - repeat of 1947529473 found, step 307090
    - repeat of 505475186 found, step 320553
    - repeat of 1377925727 found, step 328401
    - repeat of 3661127916 found, step 334512
    - repeat of 553290457 found, step 352452
    - repeat of 3662678477 found, step 362969
    - repeat of 2830805272 found, step 366631
    - repeat of 379955415 found, step 384971
    - repeat of 3928939326 found, step 409956
  - Checking PRNG output completed (0.0790419 seconds)
- Testing for repeats completed (0.0809179 seconds)
---
24 repeats, p-value = 1 - 0.156778

Memory usage summary: heap total: 10260008, heap peak: 10260008, stack peak: 5648
         total calls   total memory   failed calls
 malloc|     414465       10260008              0
realloc|          0              0              0  (nomove:0, dec:0, free:0)
 calloc|          0              0              0
   free|     414464       10187304
Histogram for block sizes:
   16-31         414463  99% ==================================================
   large              2  <1% 
