- bump_allocator_static< std::__detail::_Hash_node<unsigned int, false> > (item size = 16) at 0x6042d0 created!
- bump_allocator_static< std::__detail::_Hash_node_base* > (item size = 8) at 0x604310 created!
- mempool at 0x604298 allocated new chunk at 0x7f865ae00020
- mempool at 0x604298 deallocated chunk at 0x7f865ae00020
Testing jsf32
	0..4294967295 is range of generator
	414487 outputs to scan for duplicates [6.32456*sqrt(range)]
	20.0001 duplicates expected on average
	2.06097e-09 is probability of zero duplicates
	0x9a3b50 is seed for this run
---
- Testing for repeats started...
  - Allocating memory started...
    - allocated hash table of reserved for 414487 elements
  - Allocating memory completed (0.000823929 seconds)
  - Checking PRNG output started...
    - repeat of 3795801864 found, step 47193
    - repeat of 3585262169 found, step 75094
    - repeat of 1879027855 found, step 138720
    - repeat of 4034482173 found, step 153726
    - repeat of 1546814843 found, step 164327
    - repeat of 3992312869 found, step 166755
    - repeat of 2644979005 found, step 223649
    - repeat of 2128658919 found, step 224698
    - repeat of 3486182136 found, step 226349
    - repeat of 2550492813 found, step 236949
    - repeat of 4221536014 found, step 270385
    - repeat of 3069386622 found, step 303044
    - repeat of 3478214807 found, step 311086
    - repeat of 169581489 found, step 337664
    - repeat of 2499716115 found, step 346256
    - repeat of 2132938159 found, step 352537
    - repeat of 3121291239 found, step 358820
    - repeat of 776182779 found, step 366544
    - repeat of 325003505 found, step 373558
    - repeat of 2110316947 found, step 399310
  - Checking PRNG output completed (0.0392411 seconds)
- Testing for repeats completed (0.0400806 seconds)
---
20 repeats, p-value = 1 - 0.440915
- bump_allocator_static< std::__detail::_Hash_node_base* > at 0x604310 destroyed!
 - total_allocations_  = 1
 - active_allocations_ = 0
 - high_allocations_   = 1
 - total_mem_  = 3555896
 - active_mem_ = 0
 - high_mem_   = 3555896
- bump_allocator_static< std::__detail::_Hash_node<unsigned int, false> > at 0x6042d0 destroyed!
 - total_allocations_  = 414467
 - active_allocations_ = 0
 - high_allocations_   = 414467
 - total_mem_  = 6631472
 - active_mem_ = 0
 - high_mem_   = 6631472

Memory usage summary: heap total: 1073815760, heap peak: 1073815568, stack peak: 2816
         total calls   total memory   failed calls
 malloc|          5     1073815568              0
realloc|          4            192              0  (nomove:0, dec:0, free:0)
 calloc|          0              0              0
   free|          6     1073742032
Histogram for block sizes:
   16-31              1  11% =========================
   32-47              2  22% ==================================================
   64-79              2  22% ==================================================
  512-527             2  22% ==================================================
   large              2  22% ==================================================
