Testing jsf32
	0..4294967295 is range of generator
	414487 outputs to scan for duplicates [6.32456*sqrt(range)]
	20.0001 duplicates expected on average
	2.06097e-09 is probability of zero duplicates
	0x6fa550aa is seed for this run
---
- Testing for repeats started...
  - Allocating memory started...
    - allocated array of size 414487.
  - Allocating memory completed (5.973e-06 seconds)
  - Storing PRNG output started...
  - Storing PRNG output completed (0.00142797 seconds)
  - Sorting started...
  - Sorting completed (0.0508178 seconds)
  - Scanning for duplicates started...
    - repeat of 4278139 found
    - repeat of 415459652 found
    - repeat of 426099252 found
    - repeat of 472693548 found
    - repeat of 580404858 found
    - repeat of 592444939 found
    - repeat of 677863367 found
    - repeat of 1099481790 found
    - repeat of 1539299396 found
    - repeat of 1556627967 found
    - repeat of 1715430479 found
    - repeat of 1893962581 found
    - repeat of 2095867129 found
    - repeat of 2226717413 found
    - repeat of 2255072622 found
    - repeat of 2782263347 found
    - repeat of 2837834717 found
    - repeat of 2899318556 found
    - repeat of 3092496671 found
    - repeat of 3702004288 found
    - repeat of 3728132337 found
    - repeat of 3795472826 found
    - repeat of 3837235500 found
    - repeat of 3892411610 found
    - repeat of 4076189447 found
  - Scanning for duplicates completed (0.000400942 seconds)
- Testing for repeats completed (0.0526691 seconds)
---
25 repeats, p-value = 1 - 0.112189

Memory usage summary: heap total: 1730652, heap peak: 1730652, stack peak: 5568
         total calls   total memory   failed calls
 malloc|          2        1730652              0
realloc|          0              0              0  (nomove:0, dec:0, free:0)
 calloc|          0              0              0
   free|          0              0
Histogram for block sizes:
   large              2 100% ==================================================
