Testing sfc32
	0..4294967295 is range of generator
	414487 outputs to scan for duplicates [6.32456*sqrt(range)]
	20.0001 duplicates expected on average
	2.06097e-09 is probability of zero duplicates
	0x53637f23 is seed for this run
---
- Testing for repeats started...
  - Allocating memory started...
    - allocated array of size 414487.
  - Allocating memory completed (9.046e-06 seconds)
  - Storing PRNG output started...
  - Storing PRNG output completed (0.00270597 seconds)
  - Sorting started...
  - Sorting completed (0.05867 seconds)
  - Scanning for duplicates started...
    - repeat of 361385318 found
    - repeat of 415211949 found
    - repeat of 571745838 found
    - repeat of 949552742 found
    - repeat of 1398501805 found
    - repeat of 1644220656 found
    - repeat of 1779144202 found
    - repeat of 1797541504 found
    - repeat of 2053164487 found
    - repeat of 2580300946 found
    - repeat of 2729251440 found
    - repeat of 2759720549 found
    - repeat of 2784982598 found
    - repeat of 2924602121 found
    - repeat of 2940165140 found
    - repeat of 3037472124 found
    - repeat of 3217306924 found
    - repeat of 3283622993 found
    - repeat of 3351929615 found
    - repeat of 3580859744 found
    - repeat of 3584364231 found
    - repeat of 3956189504 found
    - repeat of 4014033841 found
    - repeat of 4156965073 found
  - Scanning for duplicates completed (0.000500191 seconds)
- Testing for repeats completed (0.0619137 seconds)
---
24 repeats, p-value = 1 - 0.156778

Memory usage summary: heap total: 1730652, heap peak: 1730652, stack peak: 5584
         total calls   total memory   failed calls
 malloc|          2        1730652              0
realloc|          0              0              0  (nomove:0, dec:0, free:0)
 calloc|          0              0              0
   free|          0              0
Histogram for block sizes:
   large              2 100% ==================================================
