Testing gjrand32
	0..4294967295 is range of generator
	414487 outputs to scan for duplicates [6.32456*sqrt(range)]
	20.0001 duplicates expected on average
	2.06097e-09 is probability of zero duplicates
	0x67968968 is seed for this run
---
- Testing for repeats started...
  - Allocating memory started...
    - allocated hash table of reserved for 414487 elements
  - Allocating memory completed (0.00214701 seconds)
  - Checking PRNG output started...
    - repeat of 3442353963 found, step 97737
    - repeat of 258361820 found, step 119937
    - repeat of 4053874451 found, step 132889
    - repeat of 1235195207 found, step 152828
    - repeat of 323255774 found, step 286439
    - repeat of 2029288492 found, step 288810
    - repeat of 3032315294 found, step 290927
    - repeat of 4019494279 found, step 317729
    - repeat of 3062037365 found, step 353109
    - repeat of 223304653 found, step 355422
    - repeat of 3141229463 found, step 375823
    - repeat of 3633888248 found, step 382134
    - repeat of 4158177827 found, step 385536
    - repeat of 883229272 found, step 392279
    - repeat of 1734314693 found, step 401521
  - Checking PRNG output completed (0.0802011 seconds)
- Testing for repeats completed (0.0823703 seconds)
---
15 repeats, p-value = 0.156508

Memory usage summary: heap total: 10260152, heap peak: 10260152, stack peak: 5648
         total calls   total memory   failed calls
 malloc|     414474       10260152              0
realloc|          0              0              0  (nomove:0, dec:0, free:0)
 calloc|          0              0              0
   free|     414473       10187448
Histogram for block sizes:
   16-31         414472  99% ==================================================
   large              2  <1% 
