Testing pcg64_fast
	0..18446744073709551615 is range of generator
	13034599790 outputs to scan for duplicates [3.03485*sqrt(range)]
	4.60517 duplicates expected on average
	0.01 is probability of zero duplicates
	0x7e75abdd is seed for this run
---
- Testing for repeats started...
  - Allocating memory started...
    - allocated bloomish filter with 1073741824 64-bit elements (3 bits/entry)
    - allocated possible-match log with 536870912 64-bit elements
  - Allocating memory completed (2.8046e-05 seconds)
  - Phase 1, Gathering repeat candidates started...
    - 362445130 repeat candidates found
  - Phase 1, Gathering repeat candidates completed (994.838 seconds)
  - Reallocating memory started...
    - Deallocated bloomish filter
    - Allocated hash table of the same size
  - Reallocating memory completed (3.01264 seconds)
  - Phase 2, Storing candidates in hash table started...
  - Phase 2, Storing candidates in hash table completed (9.66755 seconds)
  - Phase 3, Testing candidates started...
    - repeat of 13900601127053440399 found, step 4845815816
    - repeat of 12643632636924831909 found, step 6398608413
    - repeat of 5532885796953029843 found, step 8501231996
    - repeat of 10442802373883535732 found, step 9355607086
    - repeat of 16658429958389242190 found, step 9448918919
    - repeat of 14426513323204828418 found, step 11815777746
    - repeat of 12090676111983102794 found, step 12972813998
  - Phase 3, Testing candidates completed (515.763 seconds)
- Testing for repeats completed (1523.28 seconds)
---
7 repeats, p-value = 1 - 0.095501

Memory usage summary: heap total: 22548651009, heap peak: 13958716417, stack peak: 5664
         total calls   total memory   failed calls
 malloc|          5    22548651009              0
realloc|          0              0              0  (nomove:0, dec:0, free:0)
 calloc|          0              0              0
   free|          4    22548578305
Histogram for block sizes:
   large              5 100% ==================================================
