Testing xorshift64star32a
	0..4294967295 is range of generator
	414487 outputs to scan for duplicates [6.32456*sqrt(range)]
	19.9994 duplicates expected on average
	2.06239e-09 is probability of zero duplicates
	0xb52473d9 is seed for this run
---
- Testing for repeats started...
  - Allocating memory started...
    - allocated bloomish filter with 32768 64-bit elements (3 bits/entry)
    - allocated possible-match log with 16384 32-bit elements
  - Allocating memory completed (2.4362e-05 seconds)
  - Phase 1, Gathering repeat candidates started...
    - 15530 repeat candidates found
  - Phase 1, Gathering repeat candidates completed (0.00940369 seconds)
  - Reallocating memory started...
    - Deallocated bloomish filter
    - Allocated hash table of the same size
  - Reallocating memory completed (0.000126893 seconds)
  - Phase 2, Storing candidates in hash table started...
  - Phase 2, Storing candidates in hash table completed (0.000229671 seconds)
  - Phase 3, Testing candidates started...
    - repeat of 337433806 found, step 115475
    - repeat of 2863587764 found, step 134319
    - repeat of 4240802941 found, step 200381
    - repeat of 532695222 found, step 204279
    - repeat of 3519999300 found, step 209962
    - repeat of 3990111858 found, step 223566
    - repeat of 2239106775 found, step 226069
    - repeat of 931838241 found, step 226140
    - repeat of 755528398 found, step 253426
    - repeat of 1233297557 found, step 291212
    - repeat of 2839560421 found, step 300043
    - repeat of 226803421 found, step 308287
    - repeat of 1810325961 found, step 320336
    - repeat of 1801954900 found, step 329247
    - repeat of 962237991 found, step 332095
    - repeat of 758887157 found, step 336517
    - repeat of 2322344800 found, step 350388
    - repeat of 1485747281 found, step 362662
    - repeat of 1177878272 found, step 364189
    - repeat of 1742030079 found, step 364733
    - repeat of 2229518030 found, step 370529
    - repeat of 2611260775 found, step 371288
    - repeat of 88998746 found, step 387490
    - repeat of 1648780906 found, step 402809
    - repeat of 3875325618 found, step 407131
    - repeat of 4040593060 found, step 409296
    - repeat of 1693908772 found, step 410561
  - Phase 3, Testing candidates completed (0.0112885 seconds)
- Testing for repeats completed (0.0210996 seconds)
---
27 repeats, p-value = 1 - 0.0524655

Memory usage summary: heap total: 564225, heap peak: 400384, stack peak: 5664
         total calls   total memory   failed calls
 malloc|          5         564225              0
realloc|          0              0              0  (nomove:0, dec:0, free:0)
 calloc|          0              0              0
   free|          4         491521
Histogram for block sizes:
32768-32783           1  20% ============
   large              4  80% ==================================================
