Testing std::mt19937
	0..4294967295 is range of generator
	414487 outputs to scan for duplicates [6.32456*sqrt(range)]
	20.0001 duplicates expected on average
	2.06097e-09 is probability of zero duplicates
	0x679c4192 is seed for this run
---
- Testing for repeats started...
  - Allocating memory started...
    - allocated array of size 414487.
  - Allocating memory completed (1.269e-05 seconds)
  - Storing PRNG output started...
  - Storing PRNG output completed (0.00510038 seconds)
  - Sorting started...
  - Sorting completed (0.0582313 seconds)
  - Scanning for duplicates started...
    - repeat of 165686866 found
    - repeat of 683137944 found
    - repeat of 1057129625 found
    - repeat of 1269662072 found
    - repeat of 1771727416 found
    - repeat of 1813618500 found
    - repeat of 2100828102 found
    - repeat of 2758189050 found
    - repeat of 3402499817 found
    - repeat of 3500498180 found
    - repeat of 4055470980 found
    - repeat of 4084788167 found
  - Scanning for duplicates completed (0.00049969 seconds)
- Testing for repeats completed (0.063867 seconds)
---
12 repeats, p-value = 0.0390104

Memory usage summary: heap total: 3388600, heap peak: 3388600, stack peak: 10528
         total calls   total memory   failed calls
 malloc|          2        3388600              0
realloc|          0              0              0  (nomove:0, dec:0, free:0)
 calloc|          0              0              0
   free|          0              0
Histogram for block sizes:
   large              2 100% ==================================================
