Testing jsf32
	0..4294967295 is range of generator
	414487 outputs to scan for duplicates [6.32456*sqrt(range)]
	20.0001 duplicates expected on average
	2.06097e-09 is probability of zero duplicates
	0x6f7d60ea is seed for this run
---
- Testing for repeats started...
  - Allocating memory started...
    - allocated bloomish filter with 32768 64-bit elements (3 bits/entry)
    - allocated possible-match log with 16384 32-bit elements
  - Allocating memory completed (1.3487e-05 seconds)
  - Phase 1, Gathering repeat candidates started...
    - 15318 repeat candidates found
  - Phase 1, Gathering repeat candidates completed (0.00820354 seconds)
  - Reallocating memory started...
    - Deallocated bloomish filter
    - Allocated hash table of the same size
  - Reallocating memory completed (0.000121319 seconds)
  - Phase 2, Storing candidates in hash table started...
  - Phase 2, Storing candidates in hash table completed (0.000220416 seconds)
  - Phase 3, Testing candidates started...
    - repeat of 2011416608 found, step 49456
    - repeat of 2115198134 found, step 155405
    - repeat of 4126068626 found, step 229613
    - repeat of 1362747930 found, step 279886
    - repeat of 918229361 found, step 296947
    - repeat of 2385589278 found, step 307276
    - repeat of 3189695953 found, step 314463
    - repeat of 3487005494 found, step 327559
    - repeat of 2447754206 found, step 328511
    - repeat of 2395588063 found, step 336832
    - repeat of 3521493369 found, step 342070
    - repeat of 3499553036 found, step 352728
    - repeat of 1923075739 found, step 365978
    - repeat of 1053296768 found, step 379774
    - repeat of 3366949288 found, step 385120
    - repeat of 1692919039 found, step 400794
    - repeat of 1744380705 found, step 413898
  - Phase 3, Testing candidates completed (0.00983495 seconds)
- Testing for repeats completed (0.0184149 seconds)
---
17 repeats, p-value = 0.297021

Memory usage summary: heap total: 564225, heap peak: 400384, stack peak: 5712
         total calls   total memory   failed calls
 malloc|          5         564225              0
realloc|          0              0              0  (nomove:0, dec:0, free:0)
 calloc|          0              0              0
   free|          4         491521
Histogram for block sizes:
32768-32783           1  20% ============
   large              4  80% ==================================================
