Testing xoroshiro64starstar32
	0..4294967295 is range of generator
	198893 outputs to scan for duplicates [3.03485*sqrt(range)]
	4.60521 duplicates expected on average
	0.00999963 is probability of zero duplicates
	0x788816ee is seed for this run
---
- Testing for repeats started...
  - Allocating memory started...
    - allocated bloomish filter with 16384 64-bit elements (3 bits/entry)
    - allocated possible-match log with 8192 32-bit elements
  - Allocating memory completed (2.2983e-05 seconds)
  - Phase 1, Gathering repeat candidates started...
    - 5610 repeat candidates found
  - Phase 1, Gathering repeat candidates completed (0.00511343 seconds)
  - Reallocating memory started...
    - Deallocated bloomish filter
    - Allocated hash table of the same size
  - Reallocating memory completed (1.7003e-05 seconds)
  - Phase 2, Storing candidates in hash table started...
  - Phase 2, Storing candidates in hash table completed (8.4499e-05 seconds)
  - Phase 3, Testing candidates started...
    - repeat of 2895929889 found, step 79234
    - repeat of 2998007837 found, step 103591
    - repeat of 787384633 found, step 109575
    - repeat of 1262854977 found, step 109576
    - repeat of 607767435 found, step 122836
    - repeat of 3036944325 found, step 156385
    - repeat of 3966724165 found, step 170313
  - Phase 3, Testing candidates completed (0.00485585 seconds)
- Testing for repeats completed (0.0101168 seconds)
---
7 repeats, p-value = 1 - 0.0955042

Memory usage summary: heap total: 318465, heap peak: 236544, stack peak: 5680
         total calls   total memory   failed calls
 malloc|          5         318465              0
realloc|          0              0              0  (nomove:0, dec:0, free:0)
 calloc|          0              0              0
   free|          4         245761
Histogram for block sizes:
16384-16399           1  20% ================
32768-32783           1  20% ================
   large              3  60% ==================================================
