Testing pcg32
	0..4294967295 is range of generator
	414487 outputs to scan for duplicates [6.32456*sqrt(range)]
	20.0001 duplicates expected on average
	2.06097e-09 is probability of zero duplicates
	0xfc7dc38a is seed for this run
---
- Testing for repeats started...
  - Allocating memory started...
    - allocated bloomish filter with 32768 64-bit elements (3 bits/entry)
    - allocated possible-match log with 16384 32-bit elements
  - Allocating memory completed (1.7423e-05 seconds)
  - Phase 1, Gathering repeat candidates started...
    - 15356 repeat candidates found
  - Phase 1, Gathering repeat candidates completed (0.0111406 seconds)
  - Reallocating memory started...
    - Deallocated bloomish filter
    - Allocated hash table of the same size
  - Reallocating memory completed (0.000160132 seconds)
  - Phase 2, Storing candidates in hash table started...
  - Phase 2, Storing candidates in hash table completed (0.00028158 seconds)
  - Phase 3, Testing candidates started...
    - repeat of 2361036288 found, step 40694
    - repeat of 1896551260 found, step 72162
    - repeat of 928739275 found, step 77129
    - repeat of 2790607970 found, step 159227
    - repeat of 1000180202 found, step 232399
    - repeat of 839218160 found, step 238858
    - repeat of 3781492251 found, step 240705
    - repeat of 3623106900 found, step 257804
    - repeat of 1145832576 found, step 288093
    - repeat of 3901469238 found, step 324129
    - repeat of 2738592730 found, step 324294
    - repeat of 1055556034 found, step 352416
    - repeat of 2395728774 found, step 364360
    - repeat of 374667434 found, step 366385
    - repeat of 4083572807 found, step 401372
    - repeat of 2619322850 found, step 413656
  - Phase 3, Testing candidates completed (0.013632 seconds)
- Testing for repeats completed (0.0252647 seconds)
---
16 repeats, p-value = 0.221068

Memory usage summary: heap total: 564225, heap peak: 400384, stack peak: 5664
         total calls   total memory   failed calls
 malloc|          5         564225              0
realloc|          0              0              0  (nomove:0, dec:0, free:0)
 calloc|          0              0              0
   free|          4         491521
Histogram for block sizes:
32768-32783           1  20% ============
   large              4  80% ==================================================
