Testing xoroshiro64plus32
	0..4294967295 is range of generator
	414487 outputs to scan for duplicates [6.32456*sqrt(range)]
	20.0001 duplicates expected on average
	2.06097e-09 is probability of zero duplicates
	0xf4829d88 is seed for this run
---
- Testing for repeats started...
  - Allocating memory started...
    - allocated hash table of reserved for 414487 elements
  - Allocating memory completed (0.0020641 seconds)
  - Checking PRNG output started...
    - repeat of 1244718119 found, step 38047
    - repeat of 1470379461 found, step 45553
    - repeat of 240765850 found, step 125317
    - repeat of 1922458129 found, step 160056
    - repeat of 3790547445 found, step 202339
    - repeat of 3660413373 found, step 212300
    - repeat of 66072139 found, step 257736
    - repeat of 2307525065 found, step 275409
    - repeat of 851997586 found, step 318417
    - repeat of 3658857641 found, step 332919
    - repeat of 1902064180 found, step 361861
    - repeat of 3911888326 found, step 365542
    - repeat of 2448512906 found, step 371464
    - repeat of 4284606872 found, step 381285
    - repeat of 2632733799 found, step 384330
    - repeat of 2665999075 found, step 385507
    - repeat of 2078417219 found, step 391810
    - repeat of 3332258906 found, step 398386
    - repeat of 2569567443 found, step 413853
  - Checking PRNG output completed (0.0572133 seconds)
- Testing for repeats completed (0.0592914 seconds)
---
19 repeats, p-value = 0.470249

Memory usage summary: heap total: 10260088, heap peak: 10260088, stack peak: 5648
         total calls   total memory   failed calls
 malloc|     414470       10260088              0
realloc|          0              0              0  (nomove:0, dec:0, free:0)
 calloc|          0              0              0
   free|     414469       10187384
Histogram for block sizes:
   16-31         414468  99% ==================================================
   large              2  <1% 
