Testing mcg128_fast
	0..18446744073709551615 is range of generator
	13034599790 outputs to scan for duplicates [3.03485*sqrt(range)]
	4.60517 duplicates expected on average
	0.01 is probability of zero duplicates
	0x5ed1c90e is seed for this run
---
- Testing for repeats started...
  - Allocating memory started...
    - allocated array of size 13034599790.
  - Allocating memory completed (1.5277e-05 seconds)
  - Storing PRNG output started...
  - Storing PRNG output completed (52.7529 seconds)
  - Sorting started...
  - Sorting completed (1966.52 seconds)
  - Scanning for duplicates started...
    - repeat of 3505404755968149735 found
    - repeat of 8051680269377960721 found
    - repeat of 12772863580611761106 found
  - Scanning for duplicates completed (15.427 seconds)
- Testing for repeats completed (2034.7 seconds)
---
3 repeats, p-value = 0.324864

Memory usage summary: heap total: 104276871024, heap peak: 104276871024, stack peak: 5600
         total calls   total memory   failed calls
 malloc|          2   104276871024              0
realloc|          0              0              0  (nomove:0, dec:0, free:0)
 calloc|          0              0              0
   free|          0              0
Histogram for block sizes:
   large              2 100% ==================================================
