- bump_allocator_static< std::__detail::_Hash_node<unsigned int, false> > (item size = 16) at 0x6042d0 created!
- bump_allocator_static< std::__detail::_Hash_node_base* > (item size = 8) at 0x604310 created!
- mempool at 0x604298 allocated new chunk at 0x7f655ba70020
- mempool at 0x604298 deallocated chunk at 0x7f655ba70020
Testing xoroshiro64plus32
	0..4294967295 is range of generator
	198893 outputs to scan for duplicates [3.03485*sqrt(range)]
	4.60521 duplicates expected on average
	0.00999963 is probability of zero duplicates
	0xa09c25de is seed for this run
---
- Testing for repeats started...
  - Allocating memory started...
    - allocated hash table of reserved for 198893 elements
  - Allocating memory completed (0.00140591 seconds)
  - Checking PRNG output started...
    - repeat of 430641335 found, step 68748
    - repeat of 3116963264 found, step 93938
    - repeat of 9360614 found, step 133082
    - repeat of 608260088 found, step 141104
    - repeat of 3656761080 found, step 179185
    - repeat of 137289923 found, step 182733
    - repeat of 1358159489 found, step 190749
    - repeat of 1236369820 found, step 198880
  - Checking PRNG output completed (0.0200981 seconds)
- Testing for repeats completed (0.0215137 seconds)
---
8 repeats, p-value = 1 - 0.0453327
- bump_allocator_static< std::__detail::_Hash_node_base* > at 0x604310 destroyed!
 - total_allocations_  = 1
 - active_allocations_ = 0
 - high_allocations_   = 1
 - total_mem_  = 1619272
 - active_mem_ = 0
 - high_mem_   = 1619272
- bump_allocator_static< std::__detail::_Hash_node<unsigned int, false> > at 0x6042d0 destroyed!
 - total_allocations_  = 198885
 - active_allocations_ = 0
 - high_allocations_   = 198885
 - total_mem_  = 3182160
 - active_mem_ = 0
 - high_mem_   = 3182160

Memory usage summary: heap total: 1073815760, heap peak: 1073815568, stack peak: 2816
         total calls   total memory   failed calls
 malloc|          5     1073815568              0
realloc|          4            192              0  (nomove:0, dec:0, free:0)
 calloc|          0              0              0
   free|          6     1073742032
Histogram for block sizes:
   16-31              1  11% =========================
   32-47              2  22% ==================================================
   64-79              2  22% ==================================================
  512-527             2  22% ==================================================
   large              2  22% ==================================================
