Testing xoroshiro64star32
	0..4294967295 is range of generator
	414487 outputs to scan for duplicates [6.32456*sqrt(range)]
	20.0001 duplicates expected on average
	2.06097e-09 is probability of zero duplicates
	0xdb3ef87e is seed for this run
---
- Testing for repeats started...
  - Allocating memory started...
    - allocated 256 buckets of capacity 2023
    - allocated 256 bucket counters
  - Allocating memory completed (1.5898e-05 seconds)
  - Storing PRNG output started...
  - Storing PRNG output completed (0.00351786 seconds)
  - Sorting started...
  - Sorting completed (0.0370533 seconds)
  - Scanning for duplicates started...
    - repeat of 1722759938 found
    - repeat of 3555898891 found
    - repeat of 1434897685 found
    - repeat of 3060241478 found
    - repeat of 625546826 found
    - repeat of 2683294032 found
    - repeat of 2822611050 found
    - repeat of 166009976 found
    - repeat of 219499650 found
    - repeat of 1983365253 found
    - repeat of 2322595973 found
    - repeat of 1138363788 found
    - repeat of 970739887 found
    - repeat of 2344546233 found
    - repeat of 2438752216 found
    - repeat of 1170588907 found
    - repeat of 2129442286 found
  - Scanning for duplicates completed (0.000585318 seconds)
- Testing for repeats completed (0.0411915 seconds)
---
17 repeats, p-value = 0.297021

Memory usage summary: heap total: 2145280, heap peak: 2145280, stack peak: 5616
         total calls   total memory   failed calls
 malloc|          3        2145280              0
realloc|          0              0              0  (nomove:0, dec:0, free:0)
 calloc|          0              0              0
   free|          0              0
Histogram for block sizes:
 1024-1039            1  33% =========================
   large              2  66% ==================================================
