Testing jsf32
	0..4294967295 is range of generator
	414487 outputs to scan for duplicates [6.32456*sqrt(range)]
	20.0001 duplicates expected on average
	2.06097e-09 is probability of zero duplicates
	0xd6d16beb is seed for this run
---
- Testing for repeats started...
  - Allocating memory started...
    - allocated hash table of reserved for 414487 elements
  - Allocating memory completed (0.00214163 seconds)
  - Checking PRNG output started...
    - repeat of 15956927 found, step 81646
    - repeat of 962779334 found, step 96698
    - repeat of 3346043169 found, step 160827
    - repeat of 297848311 found, step 169121
    - repeat of 561669702 found, step 236246
    - repeat of 1597995970 found, step 269048
    - repeat of 327681486 found, step 282972
    - repeat of 4154564425 found, step 291186
    - repeat of 3713353512 found, step 312951
    - repeat of 2756264497 found, step 318614
    - repeat of 4170404129 found, step 324991
    - repeat of 2649490492 found, step 337502
    - repeat of 3393792728 found, step 349894
    - repeat of 3381167325 found, step 353042
    - repeat of 2666558852 found, step 356735
    - repeat of 3493107532 found, step 386758
    - repeat of 1438529201 found, step 395489
    - repeat of 1425353873 found, step 410499
  - Checking PRNG output completed (0.103686 seconds)
- Testing for repeats completed (0.105844 seconds)
---
18 repeats, p-value = 0.381414

Memory usage summary: heap total: 10260104, heap peak: 10260104, stack peak: 5648
         total calls   total memory   failed calls
 malloc|     414471       10260104              0
realloc|          0              0              0  (nomove:0, dec:0, free:0)
 calloc|          0              0              0
   free|     414470       10187400
Histogram for block sizes:
   16-31         414469  99% ==================================================
   large              2  <1% 
