Testing xoroshiro64starstar32
	0..4294967295 is range of generator
	414487 outputs to scan for duplicates [6.32456*sqrt(range)]
	20.0001 duplicates expected on average
	2.06097e-09 is probability of zero duplicates
	0xfaff4fb8 is seed for this run
---
- Testing for repeats started...
  - Allocating memory started...
    - allocated 256 buckets of capacity 2023
    - allocated 256 bucket counters
  - Allocating memory completed (1.9854e-05 seconds)
  - Storing PRNG output started...
  - Storing PRNG output completed (0.00380752 seconds)
  - Sorting started...
  - Sorting completed (0.0369601 seconds)
  - Scanning for duplicates started...
    - repeat of 100245020 found
    - repeat of 3371889202 found
    - repeat of 2463334456 found
    - repeat of 1282640722 found
    - repeat of 3257988180 found
    - repeat of 4173157204 found
    - repeat of 2989549929 found
    - repeat of 3290075768 found
    - repeat of 1066349433 found
    - repeat of 2294951307 found
    - repeat of 1884248474 found
    - repeat of 2336645285 found
    - repeat of 215757756 found
    - repeat of 4115136456 found
    - repeat of 3679701460 found
    - repeat of 3211657958 found
  - Scanning for duplicates completed (0.000637654 seconds)
- Testing for repeats completed (0.0414541 seconds)
---
16 repeats, p-value = 0.221068

Memory usage summary: heap total: 2145280, heap peak: 2145280, stack peak: 5616
         total calls   total memory   failed calls
 malloc|          3        2145280              0
realloc|          0              0              0  (nomove:0, dec:0, free:0)
 calloc|          0              0              0
   free|          0              0
Histogram for block sizes:
 1024-1039            1  33% =========================
   large              2  66% ==================================================
