- bump_allocator_static< std::__detail::_Hash_node<unsigned int, false> > (item size = 16) at 0x6042f0 created!
- bump_allocator_static< std::__detail::_Hash_node_base* > (item size = 8) at 0x604330 created!
- mempool at 0x6042b8 allocated new chunk at 0x7f81e8ea7020
- mempool at 0x6042b8 deallocated chunk at 0x7f81e8ea7020
Testing xorshift64star32a
	0..4294967295 is range of generator
	414487 outputs to scan for duplicates [6.32456*sqrt(range)]
	19.9994 duplicates expected on average
	2.06239e-09 is probability of zero duplicates
	0x170a6d2d is seed for this run
---
- Testing for repeats started...
  - Allocating memory started...
    - allocated hash table of reserved for 414487 elements
  - Allocating memory completed (0.0012637 seconds)
  - Checking PRNG output started...
    - repeat of 2615772111 found, step 75348
    - repeat of 1070786193 found, step 130839
    - repeat of 414938914 found, step 179131
    - repeat of 3049673298 found, step 198980
    - repeat of 3420391186 found, step 214891
    - repeat of 2873222742 found, step 222352
    - repeat of 89888018 found, step 242052
    - repeat of 1686189414 found, step 268784
    - repeat of 664051683 found, step 274366
    - repeat of 2409436036 found, step 331418
    - repeat of 934082892 found, step 343628
    - repeat of 1562585064 found, step 351124
    - repeat of 679579556 found, step 380593
    - repeat of 1172631286 found, step 382135
    - repeat of 623244105 found, step 382348
    - repeat of 2476978823 found, step 410468
    - repeat of 2341059061 found, step 414220
  - Checking PRNG output completed (0.0392545 seconds)
- Testing for repeats completed (0.0405313 seconds)
---
17 repeats, p-value = 0.297074
- bump_allocator_static< std::__detail::_Hash_node_base* > at 0x604330 destroyed!
 - total_allocations_  = 1
 - active_allocations_ = 0
 - high_allocations_   = 1
 - total_mem_  = 3555896
 - active_mem_ = 0
 - high_mem_   = 3555896
- bump_allocator_static< std::__detail::_Hash_node<unsigned int, false> > at 0x6042f0 destroyed!
 - total_allocations_  = 414470
 - active_allocations_ = 0
 - high_allocations_   = 414470
 - total_mem_  = 6631520
 - active_mem_ = 0
 - high_mem_   = 6631520

Memory usage summary: heap total: 1073815760, heap peak: 1073815568, stack peak: 2816
         total calls   total memory   failed calls
 malloc|          5     1073815568              0
realloc|          4            192              0  (nomove:0, dec:0, free:0)
 calloc|          0              0              0
   free|          6     1073742032
Histogram for block sizes:
   16-31              1  11% =========================
   32-47              2  22% ==================================================
   64-79              2  22% ==================================================
  512-527             2  22% ==================================================
   large              2  22% ==================================================
