Testing xoroshiro64starstar32
	0..4294967295 is range of generator
	414487 outputs to scan for duplicates [6.32456*sqrt(range)]
	20.0001 duplicates expected on average
	2.06097e-09 is probability of zero duplicates
	0x218e9254 is seed for this run
---
- Testing for repeats started...
  - Allocating memory started...
    - allocated hash table of reserved for 414487 elements
  - Allocating memory completed (0.00205123 seconds)
  - Checking PRNG output started...
    - repeat of 2917359123 found, step 157856
    - repeat of 4138227802 found, step 168007
    - repeat of 1587178562 found, step 196141
    - repeat of 2615390722 found, step 204184
    - repeat of 163266229 found, step 212856
    - repeat of 3580500900 found, step 267704
    - repeat of 3470488278 found, step 278925
    - repeat of 2919828194 found, step 280233
    - repeat of 1177818920 found, step 281010
    - repeat of 1288378712 found, step 285888
    - repeat of 2732349973 found, step 290821
    - repeat of 2523126004 found, step 345810
    - repeat of 2756203438 found, step 349530
    - repeat of 2418644087 found, step 378018
    - repeat of 1549346844 found, step 378225
    - repeat of 375657955 found, step 380066
    - repeat of 580950472 found, step 385674
    - repeat of 3725577719 found, step 395894
    - repeat of 4015109308 found, step 405161
    - repeat of 2313186163 found, step 410890
  - Checking PRNG output completed (0.109243 seconds)
- Testing for repeats completed (0.111308 seconds)
---
20 repeats, p-value = 1 - 0.440915

Memory usage summary: heap total: 10260072, heap peak: 10260072, stack peak: 5648
         total calls   total memory   failed calls
 malloc|     414469       10260072              0
realloc|          0              0              0  (nomove:0, dec:0, free:0)
 calloc|          0              0              0
   free|     414468       10187368
Histogram for block sizes:
   16-31         414467  99% ==================================================
   large              2  <1% 
