Testing jsf32
	0..4294967295 is range of generator
	414487 outputs to scan for duplicates [6.32456*sqrt(range)]
	20.0001 duplicates expected on average
	2.06097e-09 is probability of zero duplicates
	0xa7ff11ce is seed for this run
---
- Testing for repeats started...
  - Allocating memory started...
    - allocated bloomish filter with 32768 64-bit elements (3 bits/entry)
    - allocated possible-match log with 16384 32-bit elements
  - Allocating memory completed (1.532e-05 seconds)
  - Phase 1, Gathering repeat candidates started...
    - 15392 repeat candidates found
  - Phase 1, Gathering repeat candidates completed (0.0100068 seconds)
  - Reallocating memory started...
    - Deallocated bloomish filter
    - Allocated hash table of the same size
  - Reallocating memory completed (0.000147829 seconds)
  - Phase 2, Storing candidates in hash table started...
  - Phase 2, Storing candidates in hash table completed (0.00028472 seconds)
  - Phase 3, Testing candidates started...
    - repeat of 811279394 found, step 84288
    - repeat of 3212612468 found, step 106728
    - repeat of 3270761752 found, step 115164
    - repeat of 3322797259 found, step 145979
    - repeat of 1250703983 found, step 180054
    - repeat of 1916202342 found, step 193548
    - repeat of 3606805309 found, step 223028
    - repeat of 1153025788 found, step 224604
    - repeat of 2150389333 found, step 238424
    - repeat of 676993047 found, step 242358
    - repeat of 4238391351 found, step 257642
    - repeat of 2034598147 found, step 260725
    - repeat of 1230883989 found, step 297312
    - repeat of 987695778 found, step 334005
    - repeat of 2798036062 found, step 358797
    - repeat of 1321062045 found, step 361696
    - repeat of 1775643090 found, step 363034
    - repeat of 4170877159 found, step 367107
    - repeat of 146048194 found, step 370093
    - repeat of 3452424682 found, step 390107
    - repeat of 2896405525 found, step 390564
    - repeat of 1497931667 found, step 391996
    - repeat of 2474001505 found, step 395273
  - Phase 3, Testing candidates completed (0.0125175 seconds)
- Testing for repeats completed (0.0230009 seconds)
---
23 repeats, p-value = 1 - 0.212513

Memory usage summary: heap total: 564225, heap peak: 400384, stack peak: 5712
         total calls   total memory   failed calls
 malloc|          5         564225              0
realloc|          0              0              0  (nomove:0, dec:0, free:0)
 calloc|          0              0              0
   free|          4         491521
Histogram for block sizes:
32768-32783           1  20% ============
   large              4  80% ==================================================
