- bump_allocator_static< std::__detail::_Hash_node<unsigned int, false> > (item size = 16) at 0x6042d0 created!
- bump_allocator_static< std::__detail::_Hash_node_base* > (item size = 8) at 0x604310 created!
- mempool at 0x604298 allocated new chunk at 0x7f1be2455020
- mempool at 0x604298 deallocated chunk at 0x7f1be2455020
Testing xoroshiro64star32
	0..4294967295 is range of generator
	414487 outputs to scan for duplicates [6.32456*sqrt(range)]
	20.0001 duplicates expected on average
	2.06097e-09 is probability of zero duplicates
	0xcfe8d14c is seed for this run
---
- Testing for repeats started...
  - Allocating memory started...
    - allocated hash table of reserved for 414487 elements
  - Allocating memory completed (0.00128685 seconds)
  - Checking PRNG output started...
    - repeat of 3504884498 found, step 148778
    - repeat of 1580708180 found, step 164777
    - repeat of 1375246816 found, step 176691
    - repeat of 2890779800 found, step 193885
    - repeat of 2704914278 found, step 204554
    - repeat of 1439794722 found, step 233252
    - repeat of 1977233256 found, step 262225
    - repeat of 2327274140 found, step 277556
    - repeat of 1268343343 found, step 283396
    - repeat of 2821083587 found, step 292896
    - repeat of 3165366775 found, step 306182
    - repeat of 547337395 found, step 335326
    - repeat of 1237425570 found, step 342811
    - repeat of 1600255494 found, step 346361
    - repeat of 1612899095 found, step 349302
    - repeat of 2718668130 found, step 371284
  - Checking PRNG output completed (0.0301995 seconds)
- Testing for repeats completed (0.0315017 seconds)
---
16 repeats, p-value = 0.221068
- bump_allocator_static< std::__detail::_Hash_node_base* > at 0x604310 destroyed!
 - total_allocations_  = 1
 - active_allocations_ = 0
 - high_allocations_   = 1
 - total_mem_  = 3555896
 - active_mem_ = 0
 - high_mem_   = 3555896
- bump_allocator_static< std::__detail::_Hash_node<unsigned int, false> > at 0x6042d0 destroyed!
 - total_allocations_  = 414471
 - active_allocations_ = 0
 - high_allocations_   = 414471
 - total_mem_  = 6631536
 - active_mem_ = 0
 - high_mem_   = 6631536

Memory usage summary: heap total: 1073815760, heap peak: 1073815568, stack peak: 2816
         total calls   total memory   failed calls
 malloc|          5     1073815568              0
realloc|          4            192              0  (nomove:0, dec:0, free:0)
 calloc|          0              0              0
   free|          6     1073742032
Histogram for block sizes:
   16-31              1  11% =========================
   32-47              2  22% ==================================================
   64-79              2  22% ==================================================
  512-527             2  22% ==================================================
   large              2  22% ==================================================
