Testing pcg32
	0..4294967295 is range of generator
	414487 outputs to scan for duplicates [6.32456*sqrt(range)]
	20.0001 duplicates expected on average
	2.06097e-09 is probability of zero duplicates
	0x77ed93a6 is seed for this run
---
- Testing for repeats started...
  - Allocating memory started...
    - allocated hash table of reserved for 414487 elements
  - Allocating memory completed (0.0024158 seconds)
  - Checking PRNG output started...
    - repeat of 3867019326 found, step 18372
    - repeat of 3486642713 found, step 123855
    - repeat of 3348509885 found, step 127138
    - repeat of 2799465987 found, step 172985
    - repeat of 1935173552 found, step 173574
    - repeat of 3384898500 found, step 220690
    - repeat of 3268067765 found, step 242325
    - repeat of 631473359 found, step 247236
    - repeat of 2093569936 found, step 260704
    - repeat of 2984743615 found, step 267473
    - repeat of 1598799465 found, step 268802
    - repeat of 567256639 found, step 286472
    - repeat of 2247822050 found, step 295482
    - repeat of 4274846123 found, step 297495
    - repeat of 4162542330 found, step 300215
    - repeat of 2198362529 found, step 311596
    - repeat of 3205404901 found, step 318364
    - repeat of 220565352 found, step 328590
    - repeat of 87766165 found, step 330492
    - repeat of 471617999 found, step 372485
    - repeat of 2890107647 found, step 378408
    - repeat of 1875050528 found, step 386278
    - repeat of 1068538489 found, step 386484
  - Checking PRNG output completed (0.114109 seconds)
- Testing for repeats completed (0.116541 seconds)
---
23 repeats, p-value = 1 - 0.212513

Memory usage summary: heap total: 10260024, heap peak: 10260024, stack peak: 5648
         total calls   total memory   failed calls
 malloc|     414466       10260024              0
realloc|          0              0              0  (nomove:0, dec:0, free:0)
 calloc|          0              0              0
   free|     414465       10187320
Histogram for block sizes:
   16-31         414464  99% ==================================================
   large              2  <1% 
