- bump_allocator_static< std::__detail::_Hash_node<unsigned int, false> > (item size = 16) at 0x6042d0 created!
- bump_allocator_static< std::__detail::_Hash_node_base* > (item size = 8) at 0x604310 created!
- mempool at 0x604298 allocated new chunk at 0x7fca18eec020
- mempool at 0x604298 deallocated chunk at 0x7fca18eec020
Testing pcg32_fast
	0..4294967295 is range of generator
	414487 outputs to scan for duplicates [6.32456*sqrt(range)]
	20.0001 duplicates expected on average
	2.06097e-09 is probability of zero duplicates
	0xd5d015a is seed for this run
---
- Testing for repeats started...
  - Allocating memory started...
    - allocated hash table of reserved for 414487 elements
  - Allocating memory completed (0.00295722 seconds)
  - Checking PRNG output started...
    - repeat of 1834431577 found, step 23657
    - repeat of 3495299383 found, step 100988
    - repeat of 1406641871 found, step 117684
    - repeat of 3551968603 found, step 126783
    - repeat of 3503025916 found, step 164399
    - repeat of 572356709 found, step 183890
    - repeat of 1195183533 found, step 187522
    - repeat of 902520145 found, step 202069
    - repeat of 850964939 found, step 209272
    - repeat of 1545966457 found, step 212736
    - repeat of 4156237318 found, step 249115
    - repeat of 1927946397 found, step 252230
    - repeat of 329314060 found, step 268215
    - repeat of 3501641825 found, step 268650
    - repeat of 1474884553 found, step 283320
    - repeat of 3362977475 found, step 284349
    - repeat of 617788663 found, step 291412
    - repeat of 4097429220 found, step 312241
    - repeat of 3104911654 found, step 322604
    - repeat of 1111963126 found, step 327810
    - repeat of 4258900052 found, step 328134
    - repeat of 2644533409 found, step 331488
    - repeat of 2745601072 found, step 334003
    - repeat of 1859902718 found, step 339631
    - repeat of 2729470755 found, step 381194
    - repeat of 390133132 found, step 387338
    - repeat of 1996710203 found, step 404673
    - repeat of 3177557144 found, step 407276
    - repeat of 1993338573 found, step 411873
  - Checking PRNG output completed (0.0305797 seconds)
- Testing for repeats completed (0.0335537 seconds)
---
29 repeats, p-value = 1 - 0.0218194
- bump_allocator_static< std::__detail::_Hash_node_base* > at 0x604310 destroyed!
 - total_allocations_  = 1
 - active_allocations_ = 0
 - high_allocations_   = 1
 - total_mem_  = 3555896
 - active_mem_ = 0
 - high_mem_   = 3555896
- bump_allocator_static< std::__detail::_Hash_node<unsigned int, false> > at 0x6042d0 destroyed!
 - total_allocations_  = 414458
 - active_allocations_ = 0
 - high_allocations_   = 414458
 - total_mem_  = 6631328
 - active_mem_ = 0
 - high_mem_   = 6631328

Memory usage summary: heap total: 1073815760, heap peak: 1073815568, stack peak: 2816
         total calls   total memory   failed calls
 malloc|          5     1073815568              0
realloc|          4            192              0  (nomove:0, dec:0, free:0)
 calloc|          0              0              0
   free|          6     1073742032
Histogram for block sizes:
   16-31              1  11% =========================
   32-47              2  22% ==================================================
   64-79              2  22% ==================================================
  512-527             2  22% ==================================================
   large              2  22% ==================================================
