Testing gjrand32
	0..4294967295 is range of generator
	414487 outputs to scan for duplicates [6.32456*sqrt(range)]
	20.0001 duplicates expected on average
	2.06097e-09 is probability of zero duplicates
	0xe82f86f7 is seed for this run
---
- Testing for repeats started...
  - Allocating memory started...
    - allocated array of size 414487.
  - Allocating memory completed (5.577e-06 seconds)
  - Storing PRNG output started...
  - Storing PRNG output completed (0.00247782 seconds)
  - Sorting started...
  - Sorting completed (0.0392843 seconds)
  - Scanning for duplicates started...
    - repeat of 124160949 found
    - repeat of 199825134 found
    - repeat of 340439085 found
    - repeat of 659807192 found
    - repeat of 1026568508 found
    - repeat of 1080375252 found
    - repeat of 1194459467 found
    - repeat of 1273956869 found
    - repeat of 1610351206 found
    - repeat of 1695530748 found
    - repeat of 2455493949 found
    - repeat of 2632404694 found
    - repeat of 3327644666 found
    - repeat of 3467230025 found
    - repeat of 3534560609 found
    - repeat of 3762426707 found
    - repeat of 3777757924 found
    - repeat of 3915844190 found
    - repeat of 3927842118 found
    - repeat of 4093792722 found
    - repeat of 4124190367 found
    - repeat of 4125781977 found
  - Scanning for duplicates completed (0.000400796 seconds)
- Testing for repeats completed (0.0421881 seconds)
---
22 repeats, p-value = 1 - 0.279396

Memory usage summary: heap total: 1730652, heap peak: 1730652, stack peak: 5600
         total calls   total memory   failed calls
 malloc|          2        1730652              0
realloc|          0              0              0  (nomove:0, dec:0, free:0)
 calloc|          0              0              0
   free|          0              0
Histogram for block sizes:
   large              2 100% ==================================================
