Testing xorshift64star32a
	0..4294967295 is range of generator
	414487 outputs to scan for duplicates [6.32456*sqrt(range)]
	19.9994 duplicates expected on average
	2.06239e-09 is probability of zero duplicates
	0x1995bb59 is seed for this run
---
- Testing for repeats started...
  - Allocating memory started...
    - allocated hash table of reserved for 414487 elements
  - Allocating memory completed (0.002665 seconds)
  - Checking PRNG output started...
    - repeat of 3602252505 found, step 115556
    - repeat of 1817773237 found, step 181496
    - repeat of 1326973208 found, step 243422
    - repeat of 116000151 found, step 253635
    - repeat of 423662126 found, step 276175
    - repeat of 2908819181 found, step 316714
    - repeat of 778850951 found, step 331115
    - repeat of 812145835 found, step 366825
    - repeat of 71491939 found, step 367237
    - repeat of 3126838090 found, step 368111
    - repeat of 2172668891 found, step 370994
    - repeat of 2310984003 found, step 375391
    - repeat of 2962582653 found, step 388059
    - repeat of 2442749253 found, step 405636
  - Checking PRNG output completed (0.130577 seconds)
- Testing for repeats completed (0.133263 seconds)
---
14 repeats, p-value = 0.104888

Memory usage summary: heap total: 10260168, heap peak: 10260168, stack peak: 5648
         total calls   total memory   failed calls
 malloc|     414475       10260168              0
realloc|          0              0              0  (nomove:0, dec:0, free:0)
 calloc|          0              0              0
   free|     414474       10187464
Histogram for block sizes:
   16-31         414473  99% ==================================================
   large              2  <1% 
