Testing xoroshiro64star32
	0..4294967295 is range of generator
	414487 outputs to scan for duplicates [6.32456*sqrt(range)]
	20.0001 duplicates expected on average
	2.06097e-09 is probability of zero duplicates
	0xc71561a8 is seed for this run
---
- Testing for repeats started...
  - Allocating memory started...
    - allocated array of size 414487.
  - Allocating memory completed (6.954e-06 seconds)
  - Storing PRNG output started...
  - Storing PRNG output completed (0.00240971 seconds)
  - Sorting started...
  - Sorting completed (0.0455475 seconds)
  - Scanning for duplicates started...
    - repeat of 1116676 found
    - repeat of 261828031 found
    - repeat of 399564347 found
    - repeat of 507982155 found
    - repeat of 747772785 found
    - repeat of 801136164 found
    - repeat of 812050368 found
    - repeat of 843780373 found
    - repeat of 915855752 found
    - repeat of 1147507384 found
    - repeat of 1210694010 found
    - repeat of 1425856357 found
    - repeat of 1521604902 found
    - repeat of 1737555805 found
    - repeat of 2222432154 found
    - repeat of 2517850191 found
    - repeat of 2675674796 found
    - repeat of 2891288780 found
    - repeat of 3084048799 found
    - repeat of 3557886392 found
    - repeat of 3737504016 found
    - repeat of 3799415120 found
    - repeat of 3811332711 found
    - repeat of 4132645373 found
  - Scanning for duplicates completed (0.000753387 seconds)
- Testing for repeats completed (0.0487526 seconds)
---
24 repeats, p-value = 1 - 0.156778

Memory usage summary: heap total: 1730652, heap peak: 1730652, stack peak: 5568
         total calls   total memory   failed calls
 malloc|          2        1730652              0
realloc|          0              0              0  (nomove:0, dec:0, free:0)
 calloc|          0              0              0
   free|          0              0
Histogram for block sizes:
   large              2 100% ==================================================
