Testing xoroshiro64starstar32
	0..4294967295 is range of generator
	414487 outputs to scan for duplicates [6.32456*sqrt(range)]
	20.0001 duplicates expected on average
	2.06097e-09 is probability of zero duplicates
	0xb7feb759 is seed for this run
---
- Testing for repeats started...
  - Allocating memory started...
    - allocated array of size 414487.
  - Allocating memory completed (9.139e-06 seconds)
  - Storing PRNG output started...
  - Storing PRNG output completed (0.00305439 seconds)
  - Sorting started...
  - Sorting completed (0.0411207 seconds)
  - Scanning for duplicates started...
    - repeat of 819020573 found
    - repeat of 1065665572 found
    - repeat of 1242152398 found
    - repeat of 1285690626 found
    - repeat of 1302248148 found
    - repeat of 1676071662 found
    - repeat of 2008756922 found
    - repeat of 2062446036 found
    - repeat of 2146312705 found
    - repeat of 2268977355 found
    - repeat of 2432653804 found
    - repeat of 2820547321 found
    - repeat of 3327204231 found
    - repeat of 3408839770 found
    - repeat of 3494537753 found
    - repeat of 4253843148 found
  - Scanning for duplicates completed (0.000349655 seconds)
- Testing for repeats completed (0.0445538 seconds)
---
16 repeats, p-value = 0.221068

Memory usage summary: heap total: 1730652, heap peak: 1730652, stack peak: 5568
         total calls   total memory   failed calls
 malloc|          2        1730652              0
realloc|          0              0              0  (nomove:0, dec:0, free:0)
 calloc|          0              0              0
   free|          0              0
Histogram for block sizes:
   large              2 100% ==================================================
