Testing pcg32_fast
	0..4294967295 is range of generator
	414487 outputs to scan for duplicates [6.32456*sqrt(range)]
	20.0001 duplicates expected on average
	2.06097e-09 is probability of zero duplicates
	0xbe7e3f6 is seed for this run
---
- Testing for repeats started...
  - Allocating memory started...
    - allocated 256 buckets of capacity 2023
    - allocated 256 bucket counters
  - Allocating memory completed (1.2756e-05 seconds)
  - Storing PRNG output started...
  - Storing PRNG output completed (0.00236161 seconds)
  - Sorting started...
  - Sorting completed (0.0236928 seconds)
  - Scanning for duplicates started...
    - repeat of 3041999631 found
    - repeat of 3075436562 found
    - repeat of 1350309909 found
    - repeat of 1329535772 found
    - repeat of 176701470 found
    - repeat of 205969956 found
    - repeat of 4057292857 found
    - repeat of 1755863368 found
    - repeat of 523971918 found
    - repeat of 3305846353 found
    - repeat of 4203280212 found
    - repeat of 433214321 found
    - repeat of 2660772981 found
    - repeat of 3480790427 found
    - repeat of 2540437152 found
    - repeat of 2376436139 found
    - repeat of 108821950 found
    - repeat of 8394967 found
    - repeat of 3233987805 found
    - repeat of 2728855541 found
  - Scanning for duplicates completed (0.000419792 seconds)
- Testing for repeats completed (0.0264986 seconds)
---
20 repeats, p-value = 1 - 0.440915

Memory usage summary: heap total: 2145280, heap peak: 2145280, stack peak: 5616
         total calls   total memory   failed calls
 malloc|          3        2145280              0
realloc|          0              0              0  (nomove:0, dec:0, free:0)
 calloc|          0              0              0
   free|          0              0
Histogram for block sizes:
 1024-1039            1  33% =========================
   large              2  66% ==================================================
