Testing pcg32_fast
	0..4294967295 is range of generator
	198893 outputs to scan for duplicates [3.03485*sqrt(range)]
	4.60521 duplicates expected on average
	0.00999963 is probability of zero duplicates
	0x70903678 is seed for this run
---
- Testing for repeats started...
  - Allocating memory started...
    - allocated array of size 198893.
  - Allocating memory completed (9.04e-06 seconds)
  - Storing PRNG output started...
  - Storing PRNG output completed (0.0010031 seconds)
  - Sorting started...
  - Sorting completed (0.0290384 seconds)
  - Scanning for duplicates started...
    - repeat of 485836579 found
    - repeat of 757056820 found
    - repeat of 1247169492 found
    - repeat of 1320772423 found
    - repeat of 1653041383 found
    - repeat of 1797989263 found
  - Scanning for duplicates completed (0.000286987 seconds)
- Testing for repeats completed (0.0303517 seconds)
---
6 repeats, p-value = 1 - 0.18266

Memory usage summary: heap total: 868276, heap peak: 868276, stack peak: 5584
         total calls   total memory   failed calls
 malloc|          2         868276              0
realloc|          0              0              0  (nomove:0, dec:0, free:0)
 calloc|          0              0              0
   free|          0              0
Histogram for block sizes:
   large              2 100% ==================================================
