Testing xoroshiro64plus32
	0..4294967295 is range of generator
	414487 outputs to scan for duplicates [6.32456*sqrt(range)]
	20.0001 duplicates expected on average
	2.06097e-09 is probability of zero duplicates
	0x72c12bb4 is seed for this run
---
- Testing for repeats started...
  - Allocating memory started...
    - allocated bloomish filter with 32768 64-bit elements (3 bits/entry)
    - allocated possible-match log with 16384 32-bit elements
  - Allocating memory completed (2.1607e-05 seconds)
  - Phase 1, Gathering repeat candidates started...
    - 15409 repeat candidates found
  - Phase 1, Gathering repeat candidates completed (0.0107206 seconds)
  - Reallocating memory started...
    - Deallocated bloomish filter
    - Allocated hash table of the same size
  - Reallocating memory completed (0.000179211 seconds)
  - Phase 2, Storing candidates in hash table started...
  - Phase 2, Storing candidates in hash table completed (0.000260754 seconds)
  - Phase 3, Testing candidates started...
    - repeat of 468109863 found, step 72622
    - repeat of 1893633925 found, step 86856
    - repeat of 2328691861 found, step 194099
    - repeat of 3674437858 found, step 212502
    - repeat of 1537607464 found, step 261559
    - repeat of 1038660316 found, step 281962
    - repeat of 2316904421 found, step 289373
    - repeat of 2191479395 found, step 316067
    - repeat of 673845712 found, step 318543
    - repeat of 1453422671 found, step 324154
    - repeat of 1441929643 found, step 341998
    - repeat of 3660494898 found, step 349770
    - repeat of 647315241 found, step 356895
    - repeat of 614732838 found, step 395121
    - repeat of 2887379946 found, step 406789
    - repeat of 3908015237 found, step 410356
  - Phase 3, Testing candidates completed (0.0119693 seconds)
- Testing for repeats completed (0.0231781 seconds)
---
16 repeats, p-value = 0.221068

Memory usage summary: heap total: 564225, heap peak: 400384, stack peak: 5680
         total calls   total memory   failed calls
 malloc|          5         564225              0
realloc|          0              0              0  (nomove:0, dec:0, free:0)
 calloc|          0              0              0
   free|          4         491521
Histogram for block sizes:
32768-32783           1  20% ============
   large              4  80% ==================================================
