Testing std::mt19937
	0..4294967295 is range of generator
	414487 outputs to scan for duplicates [6.32456*sqrt(range)]
	20.0001 duplicates expected on average
	2.06097e-09 is probability of zero duplicates
	0x31a0d540 is seed for this run
---
- Testing for repeats started...
  - Allocating memory started...
    - allocated 256 buckets of capacity 2023
    - allocated 256 bucket counters
  - Allocating memory completed (1.5097e-05 seconds)
  - Storing PRNG output started...
  - Storing PRNG output completed (0.00629732 seconds)
  - Sorting started...
  - Sorting completed (0.0259056 seconds)
  - Scanning for duplicates started...
    - repeat of 220387847 found
    - repeat of 1634110988 found
    - repeat of 2948926479 found
    - repeat of 1794481180 found
    - repeat of 1688976932 found
    - repeat of 3150214953 found
    - repeat of 2225331768 found
    - repeat of 1291924793 found
    - repeat of 51999565 found
    - repeat of 1469225056 found
    - repeat of 418249851 found
    - repeat of 2173842569 found
    - repeat of 1239460265 found
    - repeat of 2745046963 found
    - repeat of 3985195447 found
    - repeat of 3275210426 found
    - repeat of 2094560229 found
    - repeat of 3819944425 found
    - repeat of 2378970106 found
    - repeat of 3606586364 found
  - Scanning for duplicates completed (0.000790246 seconds)
- Testing for repeats completed (0.0330473 seconds)
---
20 repeats, p-value = 1 - 0.440915

Memory usage summary: heap total: 4217856, heap peak: 4217856, stack peak: 10576
         total calls   total memory   failed calls
 malloc|          3        4217856              0
realloc|          0              0              0  (nomove:0, dec:0, free:0)
 calloc|          0              0              0
   free|          0              0
Histogram for block sizes:
 2048-2063            1  33% =========================
   large              2  66% ==================================================
