- bump_allocator_static< std::__detail::_Hash_node<unsigned long, false> > (item size = 16) at 0x6042d0 created!
- bump_allocator_static< std::__detail::_Hash_node_base* > (item size = 8) at 0x604310 created!
- mempool at 0x604298 allocated new chunk at 0x7fe4a3667020
- mempool at 0x604298: large alloc 137438953144 bytes at 0x7fc4a3667020.
- mempool at 0x604298 allocated new chunk at 0x7fc463666020
- mempool at 0x604298 allocated new chunk at 0x7fc423665020
- mempool at 0x604298 allocated new chunk at 0x7fc3e3664020
- mempool at 0x604298 allocated new chunk at 0x7fc3a3663020
- mempool at 0x604298 allocated new chunk at 0x7fc363662020
- mempool at 0x604298 allocated new chunk at 0x7fc323661020
- mempool at 0x604298 allocated new chunk at 0x7fc2e3660020
- mempool at 0x604298 allocated new chunk at 0x7fc2a365f020
- mempool at 0x604298 allocated new chunk at 0x7fc26365e020
- mempool at 0x604298 allocated new chunk at 0x7fc22365d020
- mempool at 0x604298 allocated new chunk at 0x7fc1e365c020
- mempool at 0x604298 allocated new chunk at 0x7fc1a365b020
- mempool at 0x604298 allocated new chunk at 0x7fc16365a020
- mempool at 0x604298 allocated new chunk at 0x7fc123659020
- mempool at 0x604298 allocated new chunk at 0x7fc0e3658020
- mempool at 0x604298 allocated new chunk at 0x7fc0a3657020
- mempool at 0x604298 allocated new chunk at 0x7fc063656020
- mempool at 0x604298 allocated new chunk at 0x7fc023655020
- mempool at 0x604298 allocated new chunk at 0x7fbfe3654020
- mempool at 0x604298 allocated new chunk at 0x7fbfa3653020
- mempool at 0x604298 allocated new chunk at 0x7fbf63652020
- mempool at 0x604298 allocated new chunk at 0x7fbf23651020
- mempool at 0x604298 allocated new chunk at 0x7fbee3650020
- mempool at 0x604298 allocated new chunk at 0x7fbea364f020
- mempool at 0x604298 allocated new chunk at 0x7fbe6364e020
- mempool at 0x604298 allocated new chunk at 0x7fbe2364d020
- mempool at 0x604298 allocated new chunk at 0x7fbde364c020
- mempool at 0x604298 allocated new chunk at 0x7fbda364b020
- mempool at 0x604298 allocated new chunk at 0x7fbd6364a020
- mempool at 0x604298 allocated new chunk at 0x7fbd23649020
- mempool at 0x604298 allocated new chunk at 0x7fbce3648020
- mempool at 0x604298 allocated new chunk at 0x7fbca3647020
- mempool at 0x604298 allocated new chunk at 0x7fbc63646020
- mempool at 0x604298 allocated new chunk at 0x7fbc23645020
- mempool at 0x604298 allocated new chunk at 0x7fbbe3644020
- mempool at 0x604298 allocated new chunk at 0x7fbba3643020
- mempool at 0x604298 allocated new chunk at 0x7fbb63642020
- mempool at 0x604298 allocated new chunk at 0x7fbb23641020
- mempool at 0x604298 allocated new chunk at 0x7fbae3640020
- mempool at 0x604298 allocated new chunk at 0x7fbaa363f020
- mempool at 0x604298 allocated new chunk at 0x7fba6363e020
- mempool at 0x604298 allocated new chunk at 0x7fba2363d020
- mempool at 0x604298 allocated new chunk at 0x7fb9e363c020
- mempool at 0x604298 allocated new chunk at 0x7fb9a363b020
- mempool at 0x604298 allocated new chunk at 0x7fb96363a020
- mempool at 0x604298 allocated new chunk at 0x7fb923639020
- mempool at 0x604298 allocated new chunk at 0x7fb8e3638020
- mempool at 0x604298 allocated new chunk at 0x7fb8a3637020
- mempool at 0x604298 allocated new chunk at 0x7fb863636020
- mempool at 0x604298 allocated new chunk at 0x7fb823635020
- mempool at 0x604298 allocated new chunk at 0x7fb7e3634020
- mempool at 0x604298 allocated new chunk at 0x7fb7a3633020
- mempool at 0x604298 allocated new chunk at 0x7fb763632020
- mempool at 0x604298 allocated new chunk at 0x7fb723631020
- mempool at 0x604298 allocated new chunk at 0x7fb6e3630020
- mempool at 0x604298 allocated new chunk at 0x7fb6a362f020
- mempool at 0x604298 allocated new chunk at 0x7fb66362e020
- mempool at 0x604298 allocated new chunk at 0x7fb62362d020
- mempool at 0x604298 allocated new chunk at 0x7fb5e362c020
- mempool at 0x604298 allocated new chunk at 0x7fb5a362b020
- mempool at 0x604298 allocated new chunk at 0x7fb56362a020
- mempool at 0x604298 allocated new chunk at 0x7fb523629020
- mempool at 0x604298 allocated new chunk at 0x7fb4e3628020
- mempool at 0x604298 allocated new chunk at 0x7fb4a3627020
- mempool at 0x604298 allocated new chunk at 0x7fb463626020
- mempool at 0x604298 allocated new chunk at 0x7fb423625020
- mempool at 0x604298 allocated new chunk at 0x7fb3e3624020
- mempool at 0x604298 allocated new chunk at 0x7fb3a3623020
- mempool at 0x604298 allocated new chunk at 0x7fb363622020
- mempool at 0x604298 allocated new chunk at 0x7fb323621020
- mempool at 0x604298 allocated new chunk at 0x7fb2e3620020
- mempool at 0x604298 allocated new chunk at 0x7fb2a361f020
- mempool at 0x604298 allocated new chunk at 0x7fb26361e020
- mempool at 0x604298 allocated new chunk at 0x7fb22361d020
- mempool at 0x604298 allocated new chunk at 0x7fb1e361c020
- mempool at 0x604298 allocated new chunk at 0x7fb1a361b020
- mempool at 0x604298 allocated new chunk at 0x7fb16361a020
- mempool at 0x604298 allocated new chunk at 0x7fb123619020
- mempool at 0x604298 allocated new chunk at 0x7fb0e3618020
- mempool at 0x604298 allocated new chunk at 0x7fb0a3617020
- mempool at 0x604298 allocated new chunk at 0x7fb063616020
- mempool at 0x604298 allocated new chunk at 0x7fb023615020
- mempool at 0x604298 allocated new chunk at 0x7fafe3614020
- mempool at 0x604298 allocated new chunk at 0x7fafa3613020
- mempool at 0x604298 allocated new chunk at 0x7faf63612020
- mempool at 0x604298 allocated new chunk at 0x7faf23611020
- mempool at 0x604298 allocated new chunk at 0x7faee3610020
- mempool at 0x604298 allocated new chunk at 0x7faea360f020
- mempool at 0x604298 allocated new chunk at 0x7fae6360e020
- mempool at 0x604298 allocated new chunk at 0x7fae2360d020
- mempool at 0x604298 allocated new chunk at 0x7fade360c020
- mempool at 0x604298 allocated new chunk at 0x7fada360b020
- mempool at 0x604298 allocated new chunk at 0x7fad6360a020
- mempool at 0x604298 allocated new chunk at 0x7fad23609020
- mempool at 0x604298 allocated new chunk at 0x7face3608020
- mempool at 0x604298 allocated new chunk at 0x7faca3607020
- mempool at 0x604298 allocated new chunk at 0x7fac63606020
- mempool at 0x604298 allocated new chunk at 0x7fac23605020
- mempool at 0x604298 allocated new chunk at 0x7fabe3604020
- mempool at 0x604298 allocated new chunk at 0x7faba3603020
- mempool at 0x604298 allocated new chunk at 0x7fab63602020
- mempool at 0x604298 allocated new chunk at 0x7fab23601020
- mempool at 0x604298 allocated new chunk at 0x7faae3600020
- mempool at 0x604298 allocated new chunk at 0x7faaa35ff020
- mempool at 0x604298 allocated new chunk at 0x7faa635fe020
- mempool at 0x604298 allocated new chunk at 0x7faa235fd020
- mempool at 0x604298 allocated new chunk at 0x7fa9e35fc020
- mempool at 0x604298 allocated new chunk at 0x7fa9a35fb020
- mempool at 0x604298 allocated new chunk at 0x7fa9635fa020
- mempool at 0x604298 allocated new chunk at 0x7fa9235f9020
- mempool at 0x604298 allocated new chunk at 0x7fa8e35f8020
- mempool at 0x604298 allocated new chunk at 0x7fa8a35f7020
- mempool at 0x604298 allocated new chunk at 0x7fa8635f6020
- mempool at 0x604298 allocated new chunk at 0x7fa8235f5020
- mempool at 0x604298 allocated new chunk at 0x7fa7e35f4020
- mempool at 0x604298 allocated new chunk at 0x7fa7a35f3020
- mempool at 0x604298 allocated new chunk at 0x7fa7635f2020
- mempool at 0x604298 allocated new chunk at 0x7fa7235f1020
- mempool at 0x604298 allocated new chunk at 0x7fa6e35f0020
- mempool at 0x604298 allocated new chunk at 0x7fa6a35ef020
- mempool at 0x604298 allocated new chunk at 0x7fa6635ee020
- mempool at 0x604298 allocated new chunk at 0x7fa6235ed020
- mempool at 0x604298 allocated new chunk at 0x7fa5e35ec020
- mempool at 0x604298 allocated new chunk at 0x7fa5a35eb020
- mempool at 0x604298 allocated new chunk at 0x7fa5635ea020
- mempool at 0x604298 allocated new chunk at 0x7fa5235e9020
- mempool at 0x604298 allocated new chunk at 0x7fa4e35e8020
- mempool at 0x604298 allocated new chunk at 0x7fa4a35e7020
- mempool at 0x604298 allocated new chunk at 0x7fa4635e6020
- mempool at 0x604298 allocated new chunk at 0x7fa4235e5020
- mempool at 0x604298 allocated new chunk at 0x7fa3e35e4020
- mempool at 0x604298 allocated new chunk at 0x7fa3a35e3020
- mempool at 0x604298 allocated new chunk at 0x7fa3635e2020
- mempool at 0x604298 allocated new chunk at 0x7fa3235e1020
- mempool at 0x604298 allocated new chunk at 0x7fa2e35e0020
- mempool at 0x604298 allocated new chunk at 0x7fa2a35df020
- mempool at 0x604298 allocated new chunk at 0x7fa2635de020
- mempool at 0x604298 allocated new chunk at 0x7fa2235dd020
- mempool at 0x604298 allocated new chunk at 0x7fa1e35dc020
- mempool at 0x604298 allocated new chunk at 0x7fa1a35db020
- mempool at 0x604298 allocated new chunk at 0x7fa1635da020
- mempool at 0x604298 allocated new chunk at 0x7fa1235d9020
- mempool at 0x604298 allocated new chunk at 0x7fa0e35d8020
- mempool at 0x604298 allocated new chunk at 0x7fa0a35d7020
- mempool at 0x604298 allocated new chunk at 0x7fa0635d6020
- mempool at 0x604298 allocated new chunk at 0x7fa0235d5020
- mempool at 0x604298 allocated new chunk at 0x7f9fe35d4020
- mempool at 0x604298 allocated new chunk at 0x7f9fa35d3020
- mempool at 0x604298 allocated new chunk at 0x7f9f635d2020
- mempool at 0x604298 allocated new chunk at 0x7f9f235d1020
- mempool at 0x604298 allocated new chunk at 0x7f9ee35d0020
- mempool at 0x604298 allocated new chunk at 0x7f9ea35cf020
- mempool at 0x604298 allocated new chunk at 0x7f9e635ce020
- mempool at 0x604298 allocated new chunk at 0x7f9e235cd020
- mempool at 0x604298 allocated new chunk at 0x7f9de35cc020
- mempool at 0x604298 allocated new chunk at 0x7f9da35cb020
- mempool at 0x604298 allocated new chunk at 0x7f9d635ca020
- mempool at 0x604298 allocated new chunk at 0x7f9d235c9020
- mempool at 0x604298 allocated new chunk at 0x7f9ce35c8020
- mempool at 0x604298 allocated new chunk at 0x7f9ca35c7020
- mempool at 0x604298 allocated new chunk at 0x7f9c635c6020
- mempool at 0x604298 allocated new chunk at 0x7f9c235c5020
- mempool at 0x604298 allocated new chunk at 0x7f9be35c4020
- mempool at 0x604298 allocated new chunk at 0x7f9ba35c3020
- mempool at 0x604298 allocated new chunk at 0x7f9b635c2020
- mempool at 0x604298 allocated new chunk at 0x7f9b235c1020
- mempool at 0x604298 allocated new chunk at 0x7f9ae35c0020
- mempool at 0x604298 allocated new chunk at 0x7f9aa35bf020
- mempool at 0x604298 allocated new chunk at 0x7f9a635be020
- mempool at 0x604298 allocated new chunk at 0x7f9a235bd020
- mempool at 0x604298 allocated new chunk at 0x7f99e35bc020
- mempool at 0x604298 allocated new chunk at 0x7f99a35bb020
- mempool at 0x604298 allocated new chunk at 0x7f99635ba020
- mempool at 0x604298 allocated new chunk at 0x7f99235b9020
- mempool at 0x604298 allocated new chunk at 0x7f98e35b8020
- mempool at 0x604298 allocated new chunk at 0x7f98a35b7020
- mempool at 0x604298 allocated new chunk at 0x7f98635b6020
- mempool at 0x604298 allocated new chunk at 0x7f98235b5020
- mempool at 0x604298 allocated new chunk at 0x7f97e35b4020
- mempool at 0x604298 allocated new chunk at 0x7f97a35b3020
- mempool at 0x604298 allocated new chunk at 0x7f97635b2020
- mempool at 0x604298 allocated new chunk at 0x7f97235b1020
- mempool at 0x604298 allocated new chunk at 0x7f96e35b0020
- mempool at 0x604298 allocated new chunk at 0x7f96a35af020
- mempool at 0x604298 allocated new chunk at 0x7f96635ae020
- mempool at 0x604298 allocated new chunk at 0x7f96235ad020
- mempool at 0x604298 allocated new chunk at 0x7f95e35ac020
- mempool at 0x604298 allocated new chunk at 0x7f95a35ab020
- mempool at 0x604298 allocated new chunk at 0x7f95635aa020
- mempool at 0x604298 allocated new chunk at 0x7f95235a9020
- mempool at 0x604298 allocated new chunk at 0x7f94e35a8020
- mempool at 0x604298 allocated new chunk at 0x7f94a35a7020
- mempool at 0x604298 allocated new chunk at 0x7f94635a6020
- mempool at 0x604298 allocated new chunk at 0x7f94235a5020
- mempool at 0x604298: large dealloc 137438953144 bytes at 0x7fc4a3667020.
- mempool at 0x604298 deallocated chunk at 0x7f94235a5020
- mempool at 0x604298 deallocated chunk at 0x7f94635a6020
- mempool at 0x604298 deallocated chunk at 0x7f94a35a7020
- mempool at 0x604298 deallocated chunk at 0x7f94e35a8020
- mempool at 0x604298 deallocated chunk at 0x7f95235a9020
- mempool at 0x604298 deallocated chunk at 0x7f95635aa020
- mempool at 0x604298 deallocated chunk at 0x7f95a35ab020
- mempool at 0x604298 deallocated chunk at 0x7f95e35ac020
- mempool at 0x604298 deallocated chunk at 0x7f96235ad020
- mempool at 0x604298 deallocated chunk at 0x7f96635ae020
- mempool at 0x604298 deallocated chunk at 0x7f96a35af020
- mempool at 0x604298 deallocated chunk at 0x7f96e35b0020
- mempool at 0x604298 deallocated chunk at 0x7f97235b1020
- mempool at 0x604298 deallocated chunk at 0x7f97635b2020
- mempool at 0x604298 deallocated chunk at 0x7f97a35b3020
- mempool at 0x604298 deallocated chunk at 0x7f97e35b4020
- mempool at 0x604298 deallocated chunk at 0x7f98235b5020
- mempool at 0x604298 deallocated chunk at 0x7f98635b6020
- mempool at 0x604298 deallocated chunk at 0x7f98a35b7020
- mempool at 0x604298 deallocated chunk at 0x7f98e35b8020
- mempool at 0x604298 deallocated chunk at 0x7f99235b9020
- mempool at 0x604298 deallocated chunk at 0x7f99635ba020
- mempool at 0x604298 deallocated chunk at 0x7f99a35bb020
- mempool at 0x604298 deallocated chunk at 0x7f99e35bc020
- mempool at 0x604298 deallocated chunk at 0x7f9a235bd020
- mempool at 0x604298 deallocated chunk at 0x7f9a635be020
- mempool at 0x604298 deallocated chunk at 0x7f9aa35bf020
- mempool at 0x604298 deallocated chunk at 0x7f9ae35c0020
- mempool at 0x604298 deallocated chunk at 0x7f9b235c1020
- mempool at 0x604298 deallocated chunk at 0x7f9b635c2020
- mempool at 0x604298 deallocated chunk at 0x7f9ba35c3020
- mempool at 0x604298 deallocated chunk at 0x7f9be35c4020
- mempool at 0x604298 deallocated chunk at 0x7f9c235c5020
- mempool at 0x604298 deallocated chunk at 0x7f9c635c6020
- mempool at 0x604298 deallocated chunk at 0x7f9ca35c7020
- mempool at 0x604298 deallocated chunk at 0x7f9ce35c8020
- mempool at 0x604298 deallocated chunk at 0x7f9d235c9020
- mempool at 0x604298 deallocated chunk at 0x7f9d635ca020
- mempool at 0x604298 deallocated chunk at 0x7f9da35cb020
- mempool at 0x604298 deallocated chunk at 0x7f9de35cc020
- mempool at 0x604298 deallocated chunk at 0x7f9e235cd020
- mempool at 0x604298 deallocated chunk at 0x7f9e635ce020
- mempool at 0x604298 deallocated chunk at 0x7f9ea35cf020
- mempool at 0x604298 deallocated chunk at 0x7f9ee35d0020
- mempool at 0x604298 deallocated chunk at 0x7f9f235d1020
- mempool at 0x604298 deallocated chunk at 0x7f9f635d2020
- mempool at 0x604298 deallocated chunk at 0x7f9fa35d3020
- mempool at 0x604298 deallocated chunk at 0x7f9fe35d4020
- mempool at 0x604298 deallocated chunk at 0x7fa0235d5020
- mempool at 0x604298 deallocated chunk at 0x7fa0635d6020
- mempool at 0x604298 deallocated chunk at 0x7fa0a35d7020
- mempool at 0x604298 deallocated chunk at 0x7fa0e35d8020
- mempool at 0x604298 deallocated chunk at 0x7fa1235d9020
- mempool at 0x604298 deallocated chunk at 0x7fa1635da020
- mempool at 0x604298 deallocated chunk at 0x7fa1a35db020
- mempool at 0x604298 deallocated chunk at 0x7fa1e35dc020
- mempool at 0x604298 deallocated chunk at 0x7fa2235dd020
- mempool at 0x604298 deallocated chunk at 0x7fa2635de020
- mempool at 0x604298 deallocated chunk at 0x7fa2a35df020
- mempool at 0x604298 deallocated chunk at 0x7fa2e35e0020
- mempool at 0x604298 deallocated chunk at 0x7fa3235e1020
- mempool at 0x604298 deallocated chunk at 0x7fa3635e2020
- mempool at 0x604298 deallocated chunk at 0x7fa3a35e3020
- mempool at 0x604298 deallocated chunk at 0x7fa3e35e4020
- mempool at 0x604298 deallocated chunk at 0x7fa4235e5020
- mempool at 0x604298 deallocated chunk at 0x7fa4635e6020
- mempool at 0x604298 deallocated chunk at 0x7fa4a35e7020
- mempool at 0x604298 deallocated chunk at 0x7fa4e35e8020
- mempool at 0x604298 deallocated chunk at 0x7fa5235e9020
- mempool at 0x604298 deallocated chunk at 0x7fa5635ea020
- mempool at 0x604298 deallocated chunk at 0x7fa5a35eb020
- mempool at 0x604298 deallocated chunk at 0x7fa5e35ec020
- mempool at 0x604298 deallocated chunk at 0x7fa6235ed020
- mempool at 0x604298 deallocated chunk at 0x7fa6635ee020
- mempool at 0x604298 deallocated chunk at 0x7fa6a35ef020
- mempool at 0x604298 deallocated chunk at 0x7fa6e35f0020
- mempool at 0x604298 deallocated chunk at 0x7fa7235f1020
- mempool at 0x604298 deallocated chunk at 0x7fa7635f2020
- mempool at 0x604298 deallocated chunk at 0x7fa7a35f3020
- mempool at 0x604298 deallocated chunk at 0x7fa7e35f4020
- mempool at 0x604298 deallocated chunk at 0x7fa8235f5020
- mempool at 0x604298 deallocated chunk at 0x7fa8635f6020
- mempool at 0x604298 deallocated chunk at 0x7fa8a35f7020
- mempool at 0x604298 deallocated chunk at 0x7fa8e35f8020
- mempool at 0x604298 deallocated chunk at 0x7fa9235f9020
- mempool at 0x604298 deallocated chunk at 0x7fa9635fa020
- mempool at 0x604298 deallocated chunk at 0x7fa9a35fb020
- mempool at 0x604298 deallocated chunk at 0x7fa9e35fc020
- mempool at 0x604298 deallocated chunk at 0x7faa235fd020
- mempool at 0x604298 deallocated chunk at 0x7faa635fe020
- mempool at 0x604298 deallocated chunk at 0x7faaa35ff020
- mempool at 0x604298 deallocated chunk at 0x7faae3600020
- mempool at 0x604298 deallocated chunk at 0x7fab23601020
- mempool at 0x604298 deallocated chunk at 0x7fab63602020
- mempool at 0x604298 deallocated chunk at 0x7faba3603020
- mempool at 0x604298 deallocated chunk at 0x7fabe3604020
- mempool at 0x604298 deallocated chunk at 0x7fac23605020
- mempool at 0x604298 deallocated chunk at 0x7fac63606020
- mempool at 0x604298 deallocated chunk at 0x7faca3607020
- mempool at 0x604298 deallocated chunk at 0x7face3608020
- mempool at 0x604298 deallocated chunk at 0x7fad23609020
- mempool at 0x604298 deallocated chunk at 0x7fad6360a020
- mempool at 0x604298 deallocated chunk at 0x7fada360b020
- mempool at 0x604298 deallocated chunk at 0x7fade360c020
- mempool at 0x604298 deallocated chunk at 0x7fae2360d020
- mempool at 0x604298 deallocated chunk at 0x7fae6360e020
- mempool at 0x604298 deallocated chunk at 0x7faea360f020
- mempool at 0x604298 deallocated chunk at 0x7faee3610020
- mempool at 0x604298 deallocated chunk at 0x7faf23611020
- mempool at 0x604298 deallocated chunk at 0x7faf63612020
- mempool at 0x604298 deallocated chunk at 0x7fafa3613020
- mempool at 0x604298 deallocated chunk at 0x7fafe3614020
- mempool at 0x604298 deallocated chunk at 0x7fb023615020
- mempool at 0x604298 deallocated chunk at 0x7fb063616020
- mempool at 0x604298 deallocated chunk at 0x7fb0a3617020
- mempool at 0x604298 deallocated chunk at 0x7fb0e3618020
- mempool at 0x604298 deallocated chunk at 0x7fb123619020
- mempool at 0x604298 deallocated chunk at 0x7fb16361a020
- mempool at 0x604298 deallocated chunk at 0x7fb1a361b020
- mempool at 0x604298 deallocated chunk at 0x7fb1e361c020
- mempool at 0x604298 deallocated chunk at 0x7fb22361d020
- mempool at 0x604298 deallocated chunk at 0x7fb26361e020
- mempool at 0x604298 deallocated chunk at 0x7fb2a361f020
- mempool at 0x604298 deallocated chunk at 0x7fb2e3620020
- mempool at 0x604298 deallocated chunk at 0x7fb323621020
- mempool at 0x604298 deallocated chunk at 0x7fb363622020
- mempool at 0x604298 deallocated chunk at 0x7fb3a3623020
- mempool at 0x604298 deallocated chunk at 0x7fb3e3624020
- mempool at 0x604298 deallocated chunk at 0x7fb423625020
- mempool at 0x604298 deallocated chunk at 0x7fb463626020
- mempool at 0x604298 deallocated chunk at 0x7fb4a3627020
- mempool at 0x604298 deallocated chunk at 0x7fb4e3628020
- mempool at 0x604298 deallocated chunk at 0x7fb523629020
- mempool at 0x604298 deallocated chunk at 0x7fb56362a020
- mempool at 0x604298 deallocated chunk at 0x7fb5a362b020
- mempool at 0x604298 deallocated chunk at 0x7fb5e362c020
- mempool at 0x604298 deallocated chunk at 0x7fb62362d020
- mempool at 0x604298 deallocated chunk at 0x7fb66362e020
- mempool at 0x604298 deallocated chunk at 0x7fb6a362f020
- mempool at 0x604298 deallocated chunk at 0x7fb6e3630020
- mempool at 0x604298 deallocated chunk at 0x7fb723631020
- mempool at 0x604298 deallocated chunk at 0x7fb763632020
- mempool at 0x604298 deallocated chunk at 0x7fb7a3633020
- mempool at 0x604298 deallocated chunk at 0x7fb7e3634020
- mempool at 0x604298 deallocated chunk at 0x7fb823635020
- mempool at 0x604298 deallocated chunk at 0x7fb863636020
- mempool at 0x604298 deallocated chunk at 0x7fb8a3637020
- mempool at 0x604298 deallocated chunk at 0x7fb8e3638020
- mempool at 0x604298 deallocated chunk at 0x7fb923639020
- mempool at 0x604298 deallocated chunk at 0x7fb96363a020
- mempool at 0x604298 deallocated chunk at 0x7fb9a363b020
- mempool at 0x604298 deallocated chunk at 0x7fb9e363c020
- mempool at 0x604298 deallocated chunk at 0x7fba2363d020
- mempool at 0x604298 deallocated chunk at 0x7fba6363e020
- mempool at 0x604298 deallocated chunk at 0x7fbaa363f020
- mempool at 0x604298 deallocated chunk at 0x7fbae3640020
- mempool at 0x604298 deallocated chunk at 0x7fbb23641020
- mempool at 0x604298 deallocated chunk at 0x7fbb63642020
- mempool at 0x604298 deallocated chunk at 0x7fbba3643020
- mempool at 0x604298 deallocated chunk at 0x7fbbe3644020
- mempool at 0x604298 deallocated chunk at 0x7fbc23645020
- mempool at 0x604298 deallocated chunk at 0x7fbc63646020
- mempool at 0x604298 deallocated chunk at 0x7fbca3647020
- mempool at 0x604298 deallocated chunk at 0x7fbce3648020
- mempool at 0x604298 deallocated chunk at 0x7fbd23649020
- mempool at 0x604298 deallocated chunk at 0x7fbd6364a020
- mempool at 0x604298 deallocated chunk at 0x7fbda364b020
- mempool at 0x604298 deallocated chunk at 0x7fbde364c020
- mempool at 0x604298 deallocated chunk at 0x7fbe2364d020
- mempool at 0x604298 deallocated chunk at 0x7fbe6364e020
- mempool at 0x604298 deallocated chunk at 0x7fbea364f020
- mempool at 0x604298 deallocated chunk at 0x7fbee3650020
- mempool at 0x604298 deallocated chunk at 0x7fbf23651020
- mempool at 0x604298 deallocated chunk at 0x7fbf63652020
- mempool at 0x604298 deallocated chunk at 0x7fbfa3653020
- mempool at 0x604298 deallocated chunk at 0x7fbfe3654020
- mempool at 0x604298 deallocated chunk at 0x7fc023655020
- mempool at 0x604298 deallocated chunk at 0x7fc063656020
- mempool at 0x604298 deallocated chunk at 0x7fc0a3657020
- mempool at 0x604298 deallocated chunk at 0x7fc0e3658020
- mempool at 0x604298 deallocated chunk at 0x7fc123659020
- mempool at 0x604298 deallocated chunk at 0x7fc16365a020
- mempool at 0x604298 deallocated chunk at 0x7fc1a365b020
- mempool at 0x604298 deallocated chunk at 0x7fc1e365c020
- mempool at 0x604298 deallocated chunk at 0x7fc22365d020
- mempool at 0x604298 deallocated chunk at 0x7fc26365e020
- mempool at 0x604298 deallocated chunk at 0x7fc2a365f020
- mempool at 0x604298 deallocated chunk at 0x7fc2e3660020
- mempool at 0x604298 deallocated chunk at 0x7fc323661020
- mempool at 0x604298 deallocated chunk at 0x7fc363662020
- mempool at 0x604298 deallocated chunk at 0x7fc3a3663020
- mempool at 0x604298 deallocated chunk at 0x7fc3e3664020
- mempool at 0x604298 deallocated chunk at 0x7fc423665020
- mempool at 0x604298 deallocated chunk at 0x7fc463666020
- mempool at 0x604298 deallocated chunk at 0x7fe4a3667020
Testing std::mt19937_64
	0..18446744073709551615 is range of generator
	13034599790 outputs to scan for duplicates [3.03485*sqrt(range)]
	4.60517 duplicates expected on average
	0.01 is probability of zero duplicates
	0xd1a36aaa is seed for this run
---
- Testing for repeats started...
  - Allocating memory started...
    - allocated hash table of reserved for 13034599790 elements
  - Allocating memory completed (43.9689 seconds)
  - Checking PRNG output started...
    - repeat of 14170032789235455941 found, step 8044882116
    - repeat of 15011568694157944145 found, step 9417672376
    - repeat of 364763103518703830 found, step 11089724372
    - repeat of 4752476541364484063 found, step 11413413592
    - repeat of 14945188752468054701 found, step 12756371658
  - Checking PRNG output completed (4486 seconds)
- Testing for repeats completed (4529.97 seconds)
---
5 repeats, p-value = 1 - 0.315133
- bump_allocator_static< std::__detail::_Hash_node_base* > at 0x604310 destroyed!
 - total_allocations_  = 1
 - active_allocations_ = 0
 - high_allocations_   = 1
 - total_mem_  = 137438953144
 - active_mem_ = 0
 - high_mem_   = 137438953144
- bump_allocator_static< std::__detail::_Hash_node<unsigned long, false> > at 0x6042d0 destroyed!
 - total_allocations_  = 13034599785
 - active_allocations_ = 0
 - high_allocations_   = 13034599785
 - total_mem_  = 208553596560
 - active_mem_ = 0
 - high_mem_   = 208553596560

Memory usage summary: heap total: 346818685864, heap peak: 346818685672, stack peak: 8224
         total calls   total memory   failed calls
 malloc|        394   346818685672              0
realloc|          4            192              0  (nomove:0, dec:0, free:0)
 calloc|          0              0              0
   free|        395   346818612136
Histogram for block sizes:
   16-31            195  48% =================================================
   32-47              2  <1% 
   64-79              2  <1% 
  512-527             2  <1% 
   large            197  49% ==================================================
