Testing jsf32
	0..4294967295 is range of generator
	198893 outputs to scan for duplicates [3.03485*sqrt(range)]
	4.60521 duplicates expected on average
	0.00999963 is probability of zero duplicates
	0xae4b53fd is seed for this run
---
- Testing for repeats started...
  - Allocating memory started...
    - allocated array of size 198893.
  - Allocating memory completed (8.797e-06 seconds)
  - Storing PRNG output started...
  - Storing PRNG output completed (0.000981559 seconds)
  - Sorting started...
  - Sorting completed (0.0294771 seconds)
  - Scanning for duplicates started...
    - repeat of 36672329 found
    - repeat of 321953869 found
    - repeat of 588515884 found
    - repeat of 609387846 found
    - repeat of 1891604968 found
    - repeat of 2702311031 found
    - repeat of 4156511250 found
    - repeat of 4282951022 found
  - Scanning for duplicates completed (0.000299142 seconds)
- Testing for repeats completed (0.0307804 seconds)
---
8 repeats, p-value = 1 - 0.0453327

Memory usage summary: heap total: 868276, heap peak: 868276, stack peak: 5568
         total calls   total memory   failed calls
 malloc|          2         868276              0
realloc|          0              0              0  (nomove:0, dec:0, free:0)
 calloc|          0              0              0
   free|          0              0
Histogram for block sizes:
   large              2 100% ==================================================
