Testing gjrand32
	0..4294967295 is range of generator
	414487 outputs to scan for duplicates [6.32456*sqrt(range)]
	20.0001 duplicates expected on average
	2.06097e-09 is probability of zero duplicates
	0xf8835395 is seed for this run
---
- Testing for repeats started...
  - Allocating memory started...
    - allocated bloomish filter with 32768 64-bit elements (3 bits/entry)
    - allocated possible-match log with 16384 32-bit elements
  - Allocating memory completed (1.4076e-05 seconds)
  - Phase 1, Gathering repeat candidates started...
    - 15502 repeat candidates found
  - Phase 1, Gathering repeat candidates completed (0.00765629 seconds)
  - Reallocating memory started...
    - Deallocated bloomish filter
    - Allocated hash table of the same size
  - Reallocating memory completed (0.00014337 seconds)
  - Phase 2, Storing candidates in hash table started...
  - Phase 2, Storing candidates in hash table completed (0.000189138 seconds)
  - Phase 3, Testing candidates started...
    - repeat of 3650077835 found, step 274269
    - repeat of 2951957795 found, step 291584
    - repeat of 1048262774 found, step 296914
    - repeat of 48542414 found, step 297102
    - repeat of 4178862406 found, step 310672
    - repeat of 2575318513 found, step 313866
    - repeat of 633213527 found, step 332185
    - repeat of 1140823382 found, step 333772
    - repeat of 680829997 found, step 344052
    - repeat of 1615031778 found, step 351324
    - repeat of 3335139843 found, step 356385
    - repeat of 244043053 found, step 359529
    - repeat of 2519715086 found, step 363555
    - repeat of 3885467816 found, step 368402
    - repeat of 1376784424 found, step 373190
    - repeat of 1765013239 found, step 384608
    - repeat of 766923892 found, step 384697
    - repeat of 1585214267 found, step 395795
    - repeat of 111593714 found, step 401122
    - repeat of 3369076140 found, step 406832
    - repeat of 1801178631 found, step 408325
    - repeat of 3207977568 found, step 410055
  - Phase 3, Testing candidates completed (0.00862112 seconds)
- Testing for repeats completed (0.0166722 seconds)
---
22 repeats, p-value = 1 - 0.279396

Memory usage summary: heap total: 564225, heap peak: 400384, stack peak: 5712
         total calls   total memory   failed calls
 malloc|          5         564225              0
realloc|          0              0              0  (nomove:0, dec:0, free:0)
 calloc|          0              0              0
   free|          4         491521
Histogram for block sizes:
32768-32783           1  20% ============
   large              4  80% ==================================================
