Testing pcg64_fast
	0..18446744073709551615 is range of generator
	13034599790 outputs to scan for duplicates [3.03485*sqrt(range)]
	4.60517 duplicates expected on average
	0.01 is probability of zero duplicates
	0x2170ecb9 is seed for this run
---
- Testing for repeats started...
  - Allocating memory started...
    - allocated bloomish filter with 1073741824 64-bit elements (3 bits/entry)
    - allocated possible-match log with 536870912 64-bit elements
  - Allocating memory completed (2.8526e-05 seconds)
  - Phase 1, Gathering repeat candidates started...
    - 362443978 repeat candidates found
  - Phase 1, Gathering repeat candidates completed (948.174 seconds)
  - Reallocating memory started...
    - Deallocated bloomish filter
    - Allocated hash table of the same size
  - Reallocating memory completed (3.3754 seconds)
  - Phase 2, Storing candidates in hash table started...
  - Phase 2, Storing candidates in hash table completed (10.6527 seconds)
  - Phase 3, Testing candidates started...
    - repeat of 14098022480047414979 found, step 5843050387
    - repeat of 13563633230091578642 found, step 8833072048
    - repeat of 4504160911180460392 found, step 9102610245
    - repeat of 13151352417212848184 found, step 12327701028
  - Phase 3, Testing candidates completed (630.817 seconds)
- Testing for repeats completed (1593.02 seconds)
---
4 repeats, p-value = 1 - 0.487735

Memory usage summary: heap total: 22548651009, heap peak: 13958716417, stack peak: 5664
         total calls   total memory   failed calls
 malloc|          5    22548651009              0
realloc|          0              0              0  (nomove:0, dec:0, free:0)
 calloc|          0              0              0
   free|          4    22548578305
Histogram for block sizes:
   large              5 100% ==================================================
