Testing xoroshiro64starstar32
	0..4294967295 is range of generator
	414487 outputs to scan for duplicates [6.32456*sqrt(range)]
	20.0001 duplicates expected on average
	2.06097e-09 is probability of zero duplicates
	0xd0c635a is seed for this run
---
- Testing for repeats started...
  - Allocating memory started...
    - allocated array of size 414487.
  - Allocating memory completed (6.334e-06 seconds)
  - Storing PRNG output started...
  - Storing PRNG output completed (0.0019817 seconds)
  - Sorting started...
  - Sorting completed (0.060021 seconds)
  - Scanning for duplicates started...
    - repeat of 136511974 found
    - repeat of 194896333 found
    - repeat of 399772663 found
    - repeat of 769087077 found
    - repeat of 961240176 found
    - repeat of 1572051355 found
    - repeat of 1667296557 found
    - repeat of 1695684672 found
    - repeat of 1786184429 found
    - repeat of 2117592493 found
    - repeat of 2128730409 found
    - repeat of 2328813674 found
    - repeat of 2788312757 found
    - repeat of 3094512368 found
    - repeat of 3152127717 found
    - repeat of 3378408637 found
    - repeat of 3460684371 found
    - repeat of 3501437751 found
    - repeat of 3689934427 found
    - repeat of 4280646885 found
  - Scanning for duplicates completed (0.000519776 seconds)
- Testing for repeats completed (0.062548 seconds)
---
20 repeats, p-value = 1 - 0.440915

Memory usage summary: heap total: 1730652, heap peak: 1730652, stack peak: 5568
         total calls   total memory   failed calls
 malloc|          2        1730652              0
realloc|          0              0              0  (nomove:0, dec:0, free:0)
 calloc|          0              0              0
   free|          0              0
Histogram for block sizes:
   large              2 100% ==================================================
