Testing xorshift64star32a
	0..4294967295 is range of generator
	414487 outputs to scan for duplicates [6.32456*sqrt(range)]
	19.9994 duplicates expected on average
	2.06239e-09 is probability of zero duplicates
	0xbaecbe3f is seed for this run
---
- Testing for repeats started...
  - Allocating memory started...
    - allocated 256 buckets of capacity 2023
    - allocated 256 bucket counters
  - Allocating memory completed (1.3573e-05 seconds)
  - Storing PRNG output started...
  - Storing PRNG output completed (0.0031746 seconds)
  - Sorting started...
  - Sorting completed (0.0377788 seconds)
  - Scanning for duplicates started...
    - repeat of 909500679 found
    - repeat of 753961236 found
    - repeat of 4135120154 found
    - repeat of 1704816929 found
    - repeat of 3124046649 found
    - repeat of 1180581179 found
    - repeat of 483244115 found
    - repeat of 1666535766 found
    - repeat of 309528951 found
    - repeat of 2703060092 found
    - repeat of 1700047502 found
    - repeat of 1206341519 found
    - repeat of 2203836327 found
    - repeat of 841849256 found
    - repeat of 2483354028 found
    - repeat of 2038273198 found
    - repeat of 399130047 found
    - repeat of 1065723585 found
    - repeat of 3442072524 found
    - repeat of 2965507021 found
    - repeat of 343142353 found
    - repeat of 3932326100 found
    - repeat of 1599325661 found
    - repeat of 883581407 found
    - repeat of 2506040047 found
    - repeat of 954873846 found
    - repeat of 3696615675 found
  - Scanning for duplicates completed (0.000630183 seconds)
- Testing for repeats completed (0.0416135 seconds)
---
27 repeats, p-value = 1 - 0.0524655

Memory usage summary: heap total: 2145280, heap peak: 2145280, stack peak: 5616
         total calls   total memory   failed calls
 malloc|          3        2145280              0
realloc|          0              0              0  (nomove:0, dec:0, free:0)
 calloc|          0              0              0
   free|          0              0
Histogram for block sizes:
 1024-1039            1  33% =========================
   large              2  66% ==================================================
