Testing pcg32
	0..4294967295 is range of generator
	414487 outputs to scan for duplicates [6.32456*sqrt(range)]
	20.0001 duplicates expected on average
	2.06097e-09 is probability of zero duplicates
	0x9cef2f75 is seed for this run
---
- Testing for repeats started...
  - Allocating memory started...
    - allocated array of size 414487.
  - Allocating memory completed (9.17e-06 seconds)
  - Storing PRNG output started...
  - Storing PRNG output completed (0.00278172 seconds)
  - Sorting started...
  - Sorting completed (0.0559806 seconds)
  - Scanning for duplicates started...
    - repeat of 68289296 found
    - repeat of 181754640 found
    - repeat of 227123549 found
    - repeat of 742124947 found
    - repeat of 968612581 found
    - repeat of 1047203279 found
    - repeat of 1102937002 found
    - repeat of 1165285956 found
    - repeat of 1203540566 found
    - repeat of 1306303334 found
    - repeat of 1544989736 found
    - repeat of 1711548436 found
    - repeat of 2260538057 found
    - repeat of 2267275367 found
    - repeat of 2585035432 found
    - repeat of 2641147594 found
    - repeat of 2673140071 found
    - repeat of 3094573880 found
    - repeat of 3204670144 found
    - repeat of 3306529341 found
    - repeat of 3344255564 found
    - repeat of 3380867921 found
    - repeat of 3415333517 found
    - repeat of 3502279884 found
    - repeat of 3561787855 found
    - repeat of 3752958479 found
    - repeat of 3916384593 found
    - repeat of 4180911526 found
    - repeat of 4248961223 found
  - Scanning for duplicates completed (0.000497593 seconds)
- Testing for repeats completed (0.0592931 seconds)
---
29 repeats, p-value = 1 - 0.0218194

Memory usage summary: heap total: 1730652, heap peak: 1730652, stack peak: 5568
         total calls   total memory   failed calls
 malloc|          2        1730652              0
realloc|          0              0              0  (nomove:0, dec:0, free:0)
 calloc|          0              0              0
   free|          0              0
Histogram for block sizes:
   large              2 100% ==================================================
