- bump_allocator_static< std::__detail::_Hash_node<unsigned long, false> > (item size = 16) at 0x6042f0 created!
- bump_allocator_static< std::__detail::_Hash_node_base* > (item size = 8) at 0x604330 created!
- mempool at 0x6042b8 allocated new chunk at 0x7fdb8bd98020
- mempool at 0x6042b8: large alloc 274877906696 bytes at 0x7f9b8bd98020.
- mempool at 0x6042b8 allocated new chunk at 0x7f9b4bd97020
- mempool at 0x6042b8 allocated new chunk at 0x7f9b0bd96020
- mempool at 0x6042b8 allocated new chunk at 0x7f9acbd95020
- mempool at 0x6042b8 allocated new chunk at 0x7f9a8bd94020
- mempool at 0x6042b8 allocated new chunk at 0x7f9a4bd93020
- mempool at 0x6042b8 allocated new chunk at 0x7f9a0bd92020
- mempool at 0x6042b8 allocated new chunk at 0x7f99cbd91020
- mempool at 0x6042b8 allocated new chunk at 0x7f998bd90020
- mempool at 0x6042b8 allocated new chunk at 0x7f994bd8f020
- mempool at 0x6042b8 allocated new chunk at 0x7f990bd8e020
- mempool at 0x6042b8 allocated new chunk at 0x7f98cbd8d020
- mempool at 0x6042b8 allocated new chunk at 0x7f988bd8c020
- mempool at 0x6042b8 allocated new chunk at 0x7f984bd8b020
- mempool at 0x6042b8 allocated new chunk at 0x7f980bd8a020
- mempool at 0x6042b8 allocated new chunk at 0x7f97cbd89020
- mempool at 0x6042b8 allocated new chunk at 0x7f978bd88020
- mempool at 0x6042b8 allocated new chunk at 0x7f974bd87020
- mempool at 0x6042b8 allocated new chunk at 0x7f970bd86020
- mempool at 0x6042b8 allocated new chunk at 0x7f96cbd85020
- mempool at 0x6042b8 allocated new chunk at 0x7f968bd84020
- mempool at 0x6042b8 allocated new chunk at 0x7f964bd83020
- mempool at 0x6042b8 allocated new chunk at 0x7f960bd82020
- mempool at 0x6042b8 allocated new chunk at 0x7f95cbd81020
- mempool at 0x6042b8 allocated new chunk at 0x7f958bd80020
- mempool at 0x6042b8 allocated new chunk at 0x7f954bd7f020
- mempool at 0x6042b8 allocated new chunk at 0x7f950bd7e020
- mempool at 0x6042b8 allocated new chunk at 0x7f94cbd7d020
- mempool at 0x6042b8 allocated new chunk at 0x7f948bd7c020
- mempool at 0x6042b8 allocated new chunk at 0x7f944bd7b020
- mempool at 0x6042b8 allocated new chunk at 0x7f940bd7a020
- mempool at 0x6042b8 allocated new chunk at 0x7f93cbd79020
- mempool at 0x6042b8 allocated new chunk at 0x7f938bd78020
- mempool at 0x6042b8 allocated new chunk at 0x7f934bd77020
- mempool at 0x6042b8 allocated new chunk at 0x7f930bd76020
- mempool at 0x6042b8 allocated new chunk at 0x7f92cbd75020
- mempool at 0x6042b8 allocated new chunk at 0x7f928bd74020
- mempool at 0x6042b8 allocated new chunk at 0x7f924bd73020
- mempool at 0x6042b8 allocated new chunk at 0x7f920bd72020
- mempool at 0x6042b8 allocated new chunk at 0x7f91cbd71020
- mempool at 0x6042b8 allocated new chunk at 0x7f918bd70020
- mempool at 0x6042b8 allocated new chunk at 0x7f914bd6f020
- mempool at 0x6042b8 allocated new chunk at 0x7f910bd6e020
- mempool at 0x6042b8 allocated new chunk at 0x7f90cbd6d020
- mempool at 0x6042b8 allocated new chunk at 0x7f908bd6c020
- mempool at 0x6042b8 allocated new chunk at 0x7f904bd6b020
- mempool at 0x6042b8 allocated new chunk at 0x7f900bd6a020
- mempool at 0x6042b8 allocated new chunk at 0x7f8fcbd69020
- mempool at 0x6042b8 allocated new chunk at 0x7f8f8bd68020
- mempool at 0x6042b8 allocated new chunk at 0x7f8f4bd67020
- mempool at 0x6042b8 allocated new chunk at 0x7f8f0bd66020
- mempool at 0x6042b8 allocated new chunk at 0x7f8ecbd65020
- mempool at 0x6042b8 allocated new chunk at 0x7f8e8bd64020
- mempool at 0x6042b8 allocated new chunk at 0x7f8e4bd63020
- mempool at 0x6042b8 allocated new chunk at 0x7f8e0bd62020
- mempool at 0x6042b8 allocated new chunk at 0x7f8dcbd61020
- mempool at 0x6042b8 allocated new chunk at 0x7f8d8bd60020
- mempool at 0x6042b8 allocated new chunk at 0x7f8d4bd5f020
- mempool at 0x6042b8 allocated new chunk at 0x7f8d0bd5e020
- mempool at 0x6042b8 allocated new chunk at 0x7f8ccbd5d020
- mempool at 0x6042b8 allocated new chunk at 0x7f8c8bd5c020
- mempool at 0x6042b8 allocated new chunk at 0x7f8c4bd5b020
- mempool at 0x6042b8 allocated new chunk at 0x7f8c0bd5a020
- mempool at 0x6042b8 allocated new chunk at 0x7f8bcbd59020
- mempool at 0x6042b8 allocated new chunk at 0x7f8b8bd58020
- mempool at 0x6042b8 allocated new chunk at 0x7f8b4bd57020
- mempool at 0x6042b8 allocated new chunk at 0x7f8b0bd56020
- mempool at 0x6042b8 allocated new chunk at 0x7f8acbd55020
- mempool at 0x6042b8 allocated new chunk at 0x7f8a8bd54020
- mempool at 0x6042b8 allocated new chunk at 0x7f8a4bd53020
- mempool at 0x6042b8 allocated new chunk at 0x7f8a0bd52020
- mempool at 0x6042b8 allocated new chunk at 0x7f89cbd51020
- mempool at 0x6042b8 allocated new chunk at 0x7f898bd50020
- mempool at 0x6042b8 allocated new chunk at 0x7f894bd4f020
- mempool at 0x6042b8 allocated new chunk at 0x7f890bd4e020
- mempool at 0x6042b8 allocated new chunk at 0x7f88cbd4d020
- mempool at 0x6042b8 allocated new chunk at 0x7f888bd4c020
- mempool at 0x6042b8 allocated new chunk at 0x7f884bd4b020
- mempool at 0x6042b8 allocated new chunk at 0x7f880bd4a020
- mempool at 0x6042b8 allocated new chunk at 0x7f87cbd49020
- mempool at 0x6042b8 allocated new chunk at 0x7f878bd48020
- mempool at 0x6042b8 allocated new chunk at 0x7f874bd47020
- mempool at 0x6042b8 allocated new chunk at 0x7f870bd46020
- mempool at 0x6042b8 allocated new chunk at 0x7f86cbd45020
- mempool at 0x6042b8 allocated new chunk at 0x7f868bd44020
- mempool at 0x6042b8 allocated new chunk at 0x7f864bd43020
- mempool at 0x6042b8 allocated new chunk at 0x7f860bd42020
- mempool at 0x6042b8 allocated new chunk at 0x7f85cbd41020
- mempool at 0x6042b8 allocated new chunk at 0x7f858bd40020
- mempool at 0x6042b8 allocated new chunk at 0x7f854bd3f020
- mempool at 0x6042b8 allocated new chunk at 0x7f850bd3e020
- mempool at 0x6042b8 allocated new chunk at 0x7f84cbd3d020
- mempool at 0x6042b8 allocated new chunk at 0x7f848bd3c020
- mempool at 0x6042b8 allocated new chunk at 0x7f844bd3b020
- mempool at 0x6042b8 allocated new chunk at 0x7f840bd3a020
- mempool at 0x6042b8 allocated new chunk at 0x7f83cbd39020
- mempool at 0x6042b8 allocated new chunk at 0x7f838bd38020
- mempool at 0x6042b8 allocated new chunk at 0x7f834bd37020
- mempool at 0x6042b8 allocated new chunk at 0x7f830bd36020
- mempool at 0x6042b8 allocated new chunk at 0x7f82cbd35020
- mempool at 0x6042b8 allocated new chunk at 0x7f828bd34020
- mempool at 0x6042b8 allocated new chunk at 0x7f824bd33020
- mempool at 0x6042b8 allocated new chunk at 0x7f820bd32020
- mempool at 0x6042b8 allocated new chunk at 0x7f81cbd31020
- mempool at 0x6042b8 allocated new chunk at 0x7f818bd30020
- mempool at 0x6042b8 allocated new chunk at 0x7f814bd2f020
- mempool at 0x6042b8 allocated new chunk at 0x7f810bd2e020
- mempool at 0x6042b8 allocated new chunk at 0x7f80cbd2d020
- mempool at 0x6042b8 allocated new chunk at 0x7f808bd2c020
- mempool at 0x6042b8 allocated new chunk at 0x7f804bd2b020
- mempool at 0x6042b8 allocated new chunk at 0x7f800bd2a020
- mempool at 0x6042b8 allocated new chunk at 0x7f7fcbd29020
- mempool at 0x6042b8 allocated new chunk at 0x7f7f8bd28020
- mempool at 0x6042b8 allocated new chunk at 0x7f7f4bd27020
- mempool at 0x6042b8 allocated new chunk at 0x7f7f0bd26020
- mempool at 0x6042b8 allocated new chunk at 0x7f7ecbd25020
- mempool at 0x6042b8 allocated new chunk at 0x7f7e8bd24020
- mempool at 0x6042b8 allocated new chunk at 0x7f7e4bd23020
- mempool at 0x6042b8 allocated new chunk at 0x7f7e0bd22020
- mempool at 0x6042b8 allocated new chunk at 0x7f7dcbd21020
- mempool at 0x6042b8 allocated new chunk at 0x7f7d8bd20020
- mempool at 0x6042b8 allocated new chunk at 0x7f7d4bd1f020
- mempool at 0x6042b8 allocated new chunk at 0x7f7d0bd1e020
- mempool at 0x6042b8 allocated new chunk at 0x7f7ccbd1d020
- mempool at 0x6042b8 allocated new chunk at 0x7f7c8bd1c020
- mempool at 0x6042b8 allocated new chunk at 0x7f7c4bd1b020
- mempool at 0x6042b8 allocated new chunk at 0x7f7c0bd1a020
- mempool at 0x6042b8 allocated new chunk at 0x7f7bcbd19020
- mempool at 0x6042b8 allocated new chunk at 0x7f7b8bd18020
- mempool at 0x6042b8 allocated new chunk at 0x7f7b4bd17020
- mempool at 0x6042b8 allocated new chunk at 0x7f7b0bd16020
- mempool at 0x6042b8 allocated new chunk at 0x7f7acbd15020
- mempool at 0x6042b8 allocated new chunk at 0x7f7a8bd14020
- mempool at 0x6042b8 allocated new chunk at 0x7f7a4bd13020
- mempool at 0x6042b8 allocated new chunk at 0x7f7a0bd12020
- mempool at 0x6042b8 allocated new chunk at 0x7f79cbd11020
- mempool at 0x6042b8 allocated new chunk at 0x7f798bd10020
- mempool at 0x6042b8 allocated new chunk at 0x7f794bd0f020
- mempool at 0x6042b8 allocated new chunk at 0x7f790bd0e020
- mempool at 0x6042b8 allocated new chunk at 0x7f78cbd0d020
- mempool at 0x6042b8 allocated new chunk at 0x7f788bd0c020
- mempool at 0x6042b8 allocated new chunk at 0x7f784bd0b020
- mempool at 0x6042b8 allocated new chunk at 0x7f780bd0a020
- mempool at 0x6042b8 allocated new chunk at 0x7f77cbd09020
- mempool at 0x6042b8 allocated new chunk at 0x7f778bd08020
- mempool at 0x6042b8 allocated new chunk at 0x7f774bd07020
- mempool at 0x6042b8 allocated new chunk at 0x7f770bd06020
- mempool at 0x6042b8 allocated new chunk at 0x7f76cbd05020
- mempool at 0x6042b8 allocated new chunk at 0x7f768bd04020
- mempool at 0x6042b8 allocated new chunk at 0x7f764bd03020
- mempool at 0x6042b8 allocated new chunk at 0x7f760bd02020
- mempool at 0x6042b8 allocated new chunk at 0x7f75cbd01020
- mempool at 0x6042b8 allocated new chunk at 0x7f758bd00020
- mempool at 0x6042b8 allocated new chunk at 0x7f754bcff020
- mempool at 0x6042b8 allocated new chunk at 0x7f750bcfe020
- mempool at 0x6042b8 allocated new chunk at 0x7f74cbcfd020
- mempool at 0x6042b8 allocated new chunk at 0x7f748bcfc020
- mempool at 0x6042b8 allocated new chunk at 0x7f744bcfb020
- mempool at 0x6042b8 allocated new chunk at 0x7f740bcfa020
- mempool at 0x6042b8 allocated new chunk at 0x7f73cbcf9020
- mempool at 0x6042b8 allocated new chunk at 0x7f738bcf8020
- mempool at 0x6042b8 allocated new chunk at 0x7f734bcf7020
- mempool at 0x6042b8 allocated new chunk at 0x7f730bcf6020
- mempool at 0x6042b8 allocated new chunk at 0x7f72cbcf5020
- mempool at 0x6042b8 allocated new chunk at 0x7f728bcf4020
- mempool at 0x6042b8 allocated new chunk at 0x7f724bcf3020
- mempool at 0x6042b8 allocated new chunk at 0x7f720bcf2020
- mempool at 0x6042b8 allocated new chunk at 0x7f71cbcf1020
- mempool at 0x6042b8 allocated new chunk at 0x7f718bcf0020
- mempool at 0x6042b8 allocated new chunk at 0x7f714bcef020
- mempool at 0x6042b8 allocated new chunk at 0x7f710bcee020
- mempool at 0x6042b8 allocated new chunk at 0x7f70cbced020
- mempool at 0x6042b8 allocated new chunk at 0x7f708bcec020
- mempool at 0x6042b8 allocated new chunk at 0x7f704bceb020
- mempool at 0x6042b8 allocated new chunk at 0x7f700bcea020
- mempool at 0x6042b8 allocated new chunk at 0x7f6fcbce9020
- mempool at 0x6042b8 allocated new chunk at 0x7f6f8bce8020
- mempool at 0x6042b8 allocated new chunk at 0x7f6f4bce7020
- mempool at 0x6042b8 allocated new chunk at 0x7f6f0bce6020
- mempool at 0x6042b8 allocated new chunk at 0x7f6ecbce5020
- mempool at 0x6042b8 allocated new chunk at 0x7f6e8bce4020
- mempool at 0x6042b8 allocated new chunk at 0x7f6e4bce3020
- mempool at 0x6042b8 allocated new chunk at 0x7f6e0bce2020
- mempool at 0x6042b8 allocated new chunk at 0x7f6dcbce1020
- mempool at 0x6042b8 allocated new chunk at 0x7f6d8bce0020
- mempool at 0x6042b8 allocated new chunk at 0x7f6d4bcdf020
- mempool at 0x6042b8 allocated new chunk at 0x7f6d0bcde020
- mempool at 0x6042b8 allocated new chunk at 0x7f6ccbcdd020
- mempool at 0x6042b8 allocated new chunk at 0x7f6c8bcdc020
- mempool at 0x6042b8 allocated new chunk at 0x7f6c4bcdb020
- mempool at 0x6042b8 allocated new chunk at 0x7f6c0bcda020
- mempool at 0x6042b8 allocated new chunk at 0x7f6bcbcd9020
- mempool at 0x6042b8 allocated new chunk at 0x7f6b8bcd8020
- mempool at 0x6042b8 allocated new chunk at 0x7f6b4bcd7020
- mempool at 0x6042b8 allocated new chunk at 0x7f6b0bcd6020
- mempool at 0x6042b8 allocated new chunk at 0x7f6acbcd5020
- mempool at 0x6042b8 allocated new chunk at 0x7f6a8bcd4020
- mempool at 0x6042b8 allocated new chunk at 0x7f6a4bcd3020
- mempool at 0x6042b8 allocated new chunk at 0x7f6a0bcd2020
- mempool at 0x6042b8 allocated new chunk at 0x7f69cbcd1020
- mempool at 0x6042b8 allocated new chunk at 0x7f698bcd0020
- mempool at 0x6042b8 allocated new chunk at 0x7f694bccf020
- mempool at 0x6042b8 allocated new chunk at 0x7f690bcce020
- mempool at 0x6042b8 allocated new chunk at 0x7f68cbccd020
- mempool at 0x6042b8 allocated new chunk at 0x7f688bccc020
- mempool at 0x6042b8 allocated new chunk at 0x7f684bccb020
- mempool at 0x6042b8 allocated new chunk at 0x7f680bcca020
- mempool at 0x6042b8 allocated new chunk at 0x7f67cbcc9020
- mempool at 0x6042b8 allocated new chunk at 0x7f678bcc8020
- mempool at 0x6042b8 allocated new chunk at 0x7f674bcc7020
- mempool at 0x6042b8 allocated new chunk at 0x7f670bcc6020
- mempool at 0x6042b8 allocated new chunk at 0x7f66cbcc5020
- mempool at 0x6042b8 allocated new chunk at 0x7f668bcc4020
- mempool at 0x6042b8 allocated new chunk at 0x7f664bcc3020
- mempool at 0x6042b8 allocated new chunk at 0x7f660bcc2020
- mempool at 0x6042b8 allocated new chunk at 0x7f65cbcc1020
- mempool at 0x6042b8 allocated new chunk at 0x7f658bcc0020
- mempool at 0x6042b8 allocated new chunk at 0x7f654bcbf020
- mempool at 0x6042b8 allocated new chunk at 0x7f650bcbe020
- mempool at 0x6042b8 allocated new chunk at 0x7f64cbcbd020
- mempool at 0x6042b8 allocated new chunk at 0x7f648bcbc020
- mempool at 0x6042b8 allocated new chunk at 0x7f644bcbb020
- mempool at 0x6042b8 allocated new chunk at 0x7f640bcba020
- mempool at 0x6042b8 allocated new chunk at 0x7f63cbcb9020
- mempool at 0x6042b8 allocated new chunk at 0x7f638bcb8020
- mempool at 0x6042b8 allocated new chunk at 0x7f634bcb7020
- mempool at 0x6042b8 allocated new chunk at 0x7f630bcb6020
- mempool at 0x6042b8 allocated new chunk at 0x7f62cbcb5020
- mempool at 0x6042b8 allocated new chunk at 0x7f628bcb4020
- mempool at 0x6042b8 allocated new chunk at 0x7f624bcb3020
- mempool at 0x6042b8 allocated new chunk at 0x7f620bcb2020
/usr/local/bin/memusage: line 253: 39016 Killed                  LD_PRELOAD=/\$LIB/libmemusage.so "$@"
