Testing pcg32
	0..4294967295 is range of generator
	414487 outputs to scan for duplicates [6.32456*sqrt(range)]
	20.0001 duplicates expected on average
	2.06097e-09 is probability of zero duplicates
	0xe974ab3b is seed for this run
---
- Testing for repeats started...
  - Allocating memory started...
    - allocated 256 buckets of capacity 2023
    - allocated 256 bucket counters
  - Allocating memory completed (1.2856e-05 seconds)
  - Storing PRNG output started...
  - Storing PRNG output completed (0.00329168 seconds)
  - Sorting started...
  - Sorting completed (0.0372915 seconds)
  - Scanning for duplicates started...
    - repeat of 422865693 found
    - repeat of 2316899103 found
    - repeat of 3784372255 found
    - repeat of 3787665185 found
    - repeat of 2613153060 found
    - repeat of 1677400613 found
    - repeat of 985653566 found
    - repeat of 2613406279 found
    - repeat of 4229327691 found
    - repeat of 2937651287 found
    - repeat of 1695019887 found
    - repeat of 123983994 found
    - repeat of 1716340348 found
    - repeat of 406774147 found
    - repeat of 3899993993 found
    - repeat of 2887448719 found
    - repeat of 3875545014 found
    - repeat of 3631498681 found
    - repeat of 819936452 found
    - repeat of 2643020504 found
    - repeat of 564989178 found
  - Scanning for duplicates completed (0.000624578 seconds)
- Testing for repeats completed (0.0412377 seconds)
---
21 repeats, p-value = 1 - 0.35631

Memory usage summary: heap total: 2145280, heap peak: 2145280, stack peak: 5616
         total calls   total memory   failed calls
 malloc|          3        2145280              0
realloc|          0              0              0  (nomove:0, dec:0, free:0)
 calloc|          0              0              0
   free|          0              0
Histogram for block sizes:
 1024-1039            1  33% =========================
   large              2  66% ==================================================
