Testing xorshift64star32a
	0..4294967295 is range of generator
	198893 outputs to scan for duplicates [3.03485*sqrt(range)]
	4.60511 duplicates expected on average
	0.0100006 is probability of zero duplicates
	0xc44ba52b is seed for this run
---
- Testing for repeats started...
  - Allocating memory started...
    - allocated hash table of reserved for 198893 elements
  - Allocating memory completed (0.00138897 seconds)
  - Checking PRNG output started...
    - repeat of 363558752 found, step 77376
    - repeat of 904133124 found, step 130847
    - repeat of 4191342651 found, step 143515
    - repeat of 4272604129 found, step 152855
    - repeat of 3493037914 found, step 187296
  - Checking PRNG output completed (0.0409871 seconds)
- Testing for repeats completed (0.0423946 seconds)
---
5 repeats, p-value = 1 - 0.315123

Memory usage summary: heap total: 4874184, heap peak: 4874184, stack peak: 5648
         total calls   total memory   failed calls
 malloc|     198890        4874184              0
realloc|          0              0              0  (nomove:0, dec:0, free:0)
 calloc|          0              0              0
   free|     198889        4801480
Histogram for block sizes:
   16-31         198888  99% ==================================================
   large              2  <1% 
