- bump_allocator_static< std::__detail::_Hash_node<unsigned int, false> > (item size = 16) at 0x6042d0 created!
- bump_allocator_static< std::__detail::_Hash_node_base* > (item size = 8) at 0x604310 created!
- mempool at 0x604298 allocated new chunk at 0x7f38014b2020
- mempool at 0x604298 deallocated chunk at 0x7f38014b2020
Testing gjrand32
	0..4294967295 is range of generator
	414487 outputs to scan for duplicates [6.32456*sqrt(range)]
	20.0001 duplicates expected on average
	2.06097e-09 is probability of zero duplicates
	0xb2d34a6d is seed for this run
---
- Testing for repeats started...
  - Allocating memory started...
    - allocated hash table of reserved for 414487 elements
  - Allocating memory completed (0.00339404 seconds)
  - Checking PRNG output started...
    - repeat of 1342180063 found, step 75570
    - repeat of 3024139081 found, step 208809
    - repeat of 726973215 found, step 224409
    - repeat of 3922045597 found, step 229668
    - repeat of 1908650846 found, step 231202
    - repeat of 2141658771 found, step 258966
    - repeat of 3702475909 found, step 267656
    - repeat of 21497061 found, step 269496
    - repeat of 2734379774 found, step 318351
    - repeat of 1457199206 found, step 321219
    - repeat of 1326541309 found, step 325310
    - repeat of 407863932 found, step 356965
    - repeat of 959797886 found, step 362758
    - repeat of 3041693092 found, step 363203
    - repeat of 2798393627 found, step 397477
  - Checking PRNG output completed (0.0578015 seconds)
- Testing for repeats completed (0.0612249 seconds)
---
15 repeats, p-value = 0.156508
- bump_allocator_static< std::__detail::_Hash_node_base* > at 0x604310 destroyed!
 - total_allocations_  = 1
 - active_allocations_ = 0
 - high_allocations_   = 1
 - total_mem_  = 3555896
 - active_mem_ = 0
 - high_mem_   = 3555896
- bump_allocator_static< std::__detail::_Hash_node<unsigned int, false> > at 0x6042d0 destroyed!
 - total_allocations_  = 414472
 - active_allocations_ = 0
 - high_allocations_   = 414472
 - total_mem_  = 6631552
 - active_mem_ = 0
 - high_mem_   = 6631552

Memory usage summary: heap total: 1073815760, heap peak: 1073815568, stack peak: 2816
         total calls   total memory   failed calls
 malloc|          5     1073815568              0
realloc|          4            192              0  (nomove:0, dec:0, free:0)
 calloc|          0              0              0
   free|          6     1073742032
Histogram for block sizes:
   16-31              1  11% =========================
   32-47              2  22% ==================================================
   64-79              2  22% ==================================================
  512-527             2  22% ==================================================
   large              2  22% ==================================================
