Testing sfc32
	0..4294967295 is range of generator
	414487 outputs to scan for duplicates [6.32456*sqrt(range)]
	20.0001 duplicates expected on average
	2.06097e-09 is probability of zero duplicates
	0x76ffc044 is seed for this run
---
- Testing for repeats started...
  - Allocating memory started...
    - allocated hash table of reserved for 414487 elements
  - Allocating memory completed (0.0021499 seconds)
  - Checking PRNG output started...
    - repeat of 3465849487 found, step 35249
    - repeat of 2508367688 found, step 169811
    - repeat of 3336785171 found, step 189100
    - repeat of 3652625875 found, step 205835
    - repeat of 1737628832 found, step 219127
    - repeat of 583343947 found, step 225904
    - repeat of 1835816218 found, step 256442
    - repeat of 3086415178 found, step 333507
    - repeat of 416816341 found, step 333586
    - repeat of 5446380 found, step 377562
    - repeat of 3316398918 found, step 383736
    - repeat of 2721034517 found, step 386015
    - repeat of 1077990673 found, step 386908
    - repeat of 2576211212 found, step 390361
    - repeat of 2886341787 found, step 401198
  - Checking PRNG output completed (0.0787553 seconds)
- Testing for repeats completed (0.0809256 seconds)
---
15 repeats, p-value = 0.156508

Memory usage summary: heap total: 10260152, heap peak: 10260152, stack peak: 5648
         total calls   total memory   failed calls
 malloc|     414474       10260152              0
realloc|          0              0              0  (nomove:0, dec:0, free:0)
 calloc|          0              0              0
   free|     414473       10187448
Histogram for block sizes:
   16-31         414472  99% ==================================================
   large              2  <1% 
