Testing xoroshiro64star32
	0..4294967295 is range of generator
	198893 outputs to scan for duplicates [3.03485*sqrt(range)]
	4.60521 duplicates expected on average
	0.00999963 is probability of zero duplicates
	0x126567db is seed for this run
---
- Testing for repeats started...
  - Allocating memory started...
    - allocated hash table of reserved for 198893 elements
  - Allocating memory completed (0.00144894 seconds)
  - Checking PRNG output started...
    - repeat of 2702951938 found, step 111933
    - repeat of 3979154830 found, step 122099
    - repeat of 3634905973 found, step 144543
    - repeat of 4111619615 found, step 150258
    - repeat of 1122430375 found, step 172673
    - repeat of 1102502888 found, step 187516
    - repeat of 2436679728 found, step 191295
  - Checking PRNG output completed (0.0529344 seconds)
- Testing for repeats completed (0.0544028 seconds)
---
7 repeats, p-value = 1 - 0.0955042

Memory usage summary: heap total: 4874152, heap peak: 4874152, stack peak: 5648
         total calls   total memory   failed calls
 malloc|     198888        4874152              0
realloc|          0              0              0  (nomove:0, dec:0, free:0)
 calloc|          0              0              0
   free|     198887        4801448
Histogram for block sizes:
   16-31         198886  99% ==================================================
   large              2  <1% 
