Testing xoroshiro64starstar32
	0..4294967295 is range of generator
	414487 outputs to scan for duplicates [6.32456*sqrt(range)]
	20.0001 duplicates expected on average
	2.06097e-09 is probability of zero duplicates
	0xaa16eefc is seed for this run
---
- Testing for repeats started...
  - Allocating memory started...
    - allocated bloomish filter with 32768 64-bit elements (3 bits/entry)
    - allocated possible-match log with 16384 32-bit elements
  - Allocating memory completed (1.569e-05 seconds)
  - Phase 1, Gathering repeat candidates started...
    - 15521 repeat candidates found
  - Phase 1, Gathering repeat candidates completed (0.0109807 seconds)
  - Reallocating memory started...
    - Deallocated bloomish filter
    - Allocated hash table of the same size
  - Reallocating memory completed (0.000150818 seconds)
  - Phase 2, Storing candidates in hash table started...
  - Phase 2, Storing candidates in hash table completed (0.000296433 seconds)
  - Phase 3, Testing candidates started...
    - repeat of 394952647 found, step 114992
    - repeat of 1253285840 found, step 149936
    - repeat of 3422309082 found, step 155738
    - repeat of 1544324143 found, step 162559
    - repeat of 2849305350 found, step 211213
    - repeat of 3562578762 found, step 216317
    - repeat of 2430184640 found, step 258437
    - repeat of 609286519 found, step 273641
    - repeat of 1515346155 found, step 276286
    - repeat of 1251941174 found, step 279344
    - repeat of 3357965947 found, step 283686
    - repeat of 1559436753 found, step 287943
    - repeat of 42266454 found, step 307197
    - repeat of 3601637764 found, step 321723
    - repeat of 3200122021 found, step 332248
    - repeat of 3505481503 found, step 333952
    - repeat of 444687881 found, step 334084
    - repeat of 1178733248 found, step 345537
    - repeat of 1032474591 found, step 348502
    - repeat of 2966513448 found, step 350085
    - repeat of 3181396863 found, step 364731
    - repeat of 1678673237 found, step 366048
    - repeat of 2562761137 found, step 383224
    - repeat of 500465109 found, step 387170
    - repeat of 3658566532 found, step 390780
    - repeat of 3001124896 found, step 413238
  - Phase 3, Testing candidates completed (0.0135056 seconds)
- Testing for repeats completed (0.0249776 seconds)
---
26 repeats, p-value = 1 - 0.0778899

Memory usage summary: heap total: 564225, heap peak: 400384, stack peak: 5680
         total calls   total memory   failed calls
 malloc|          5         564225              0
realloc|          0              0              0  (nomove:0, dec:0, free:0)
 calloc|          0              0              0
   free|          4         491521
Histogram for block sizes:
32768-32783           1  20% ============
   large              4  80% ==================================================
