- bump_allocator_static< std::__detail::_Hash_node<unsigned int, false> > (item size = 16) at 0x6042d0 created!
- bump_allocator_static< std::__detail::_Hash_node_base* > (item size = 8) at 0x604310 created!
- mempool at 0x604298 allocated new chunk at 0x7f05db68f020
- mempool at 0x604298 deallocated chunk at 0x7f05db68f020
Testing xoroshiro64plus32
	0..4294967295 is range of generator
	414487 outputs to scan for duplicates [6.32456*sqrt(range)]
	20.0001 duplicates expected on average
	2.06097e-09 is probability of zero duplicates
	0xf53d477b is seed for this run
---
- Testing for repeats started...
  - Allocating memory started...
    - allocated hash table of reserved for 414487 elements
  - Allocating memory completed (0.00267511 seconds)
  - Checking PRNG output started...
    - repeat of 2499470097 found, step 96408
    - repeat of 3462699656 found, step 151065
    - repeat of 4735218 found, step 185141
    - repeat of 736851702 found, step 196115
    - repeat of 3909007446 found, step 198152
    - repeat of 1262565275 found, step 249942
    - repeat of 2655969262 found, step 253267
    - repeat of 4112528872 found, step 285927
    - repeat of 3747742924 found, step 286873
    - repeat of 127671967 found, step 308287
    - repeat of 325115346 found, step 309794
    - repeat of 1455027413 found, step 319386
    - repeat of 3456654679 found, step 326310
    - repeat of 843857044 found, step 330409
    - repeat of 3945920650 found, step 346101
    - repeat of 786708704 found, step 360809
    - repeat of 1001397699 found, step 365986
    - repeat of 3575582336 found, step 391674
    - repeat of 1275641466 found, step 398758
    - repeat of 3253557653 found, step 408123
    - repeat of 309150457 found, step 409649
  - Checking PRNG output completed (0.0476178 seconds)
- Testing for repeats completed (0.0503089 seconds)
---
21 repeats, p-value = 1 - 0.35631
- bump_allocator_static< std::__detail::_Hash_node_base* > at 0x604310 destroyed!
 - total_allocations_  = 1
 - active_allocations_ = 0
 - high_allocations_   = 1
 - total_mem_  = 3555896
 - active_mem_ = 0
 - high_mem_   = 3555896
- bump_allocator_static< std::__detail::_Hash_node<unsigned int, false> > at 0x6042d0 destroyed!
 - total_allocations_  = 414466
 - active_allocations_ = 0
 - high_allocations_   = 414466
 - total_mem_  = 6631456
 - active_mem_ = 0
 - high_mem_   = 6631456

Memory usage summary: heap total: 1073815760, heap peak: 1073815568, stack peak: 2816
         total calls   total memory   failed calls
 malloc|          5     1073815568              0
realloc|          4            192              0  (nomove:0, dec:0, free:0)
 calloc|          0              0              0
   free|          6     1073742032
Histogram for block sizes:
   16-31              1  11% =========================
   32-47              2  22% ==================================================
   64-79              2  22% ==================================================
  512-527             2  22% ==================================================
   large              2  22% ==================================================
