Testing gjrand64
	0..18446744073709551615 is range of generator
	13034599790 outputs to scan for duplicates [3.03485*sqrt(range)]
	4.60517 duplicates expected on average
	0.01 is probability of zero duplicates
	0x5f7f081d is seed for this run
---
- Testing for repeats started...
  - Allocating memory started...
    - allocated bloomish filter with 1073741824 64-bit elements (3 bits/entry)
    - allocated possible-match log with 536870912 64-bit elements
  - Allocating memory completed (2.4409e-05 seconds)
  - Phase 1, Gathering repeat candidates started...
    - 362445513 repeat candidates found
  - Phase 1, Gathering repeat candidates completed (851.341 seconds)
  - Reallocating memory started...
    - Deallocated bloomish filter
    - Allocated hash table of the same size
  - Reallocating memory completed (3.07848 seconds)
  - Phase 2, Storing candidates in hash table started...
  - Phase 2, Storing candidates in hash table completed (9.83302 seconds)
  - Phase 3, Testing candidates started...
    - repeat of 17936670175828530674 found, step 5218022034
    - repeat of 15993086760446768266 found, step 6760587424
    - repeat of 52183181342572070 found, step 10280541585
    - repeat of 17900746792711125862 found, step 10984684842
    - repeat of 3097996511583198722 found, step 12024649633
  - Phase 3, Testing candidates completed (499.716 seconds)
- Testing for repeats completed (1363.97 seconds)
---
5 repeats, p-value = 1 - 0.315133

Memory usage summary: heap total: 22548651009, heap peak: 13958716417, stack peak: 5696
         total calls   total memory   failed calls
 malloc|          5    22548651009              0
realloc|          0              0              0  (nomove:0, dec:0, free:0)
 calloc|          0              0              0
   free|          4    22548578305
Histogram for block sizes:
   large              5 100% ==================================================
