Testing pcg32_fast
	0..4294967295 is range of generator
	414487 outputs to scan for duplicates [6.32456*sqrt(range)]
	20.0001 duplicates expected on average
	2.06097e-09 is probability of zero duplicates
	0x637e84e6 is seed for this run
---
- Testing for repeats started...
  - Allocating memory started...
    - allocated array of size 414487.
  - Allocating memory completed (9.456e-06 seconds)
  - Storing PRNG output started...
  - Storing PRNG output completed (0.00139698 seconds)
  - Sorting started...
  - Sorting completed (0.0339149 seconds)
  - Scanning for duplicates started...
    - repeat of 68134037 found
    - repeat of 162554964 found
    - repeat of 233131706 found
    - repeat of 531844411 found
    - repeat of 575518617 found
    - repeat of 1267373135 found
    - repeat of 2789583013 found
    - repeat of 2938320281 found
    - repeat of 3121952433 found
    - repeat of 3235761321 found
    - repeat of 3358118515 found
    - repeat of 3634337851 found
    - repeat of 3742868559 found
    - repeat of 3962022259 found
    - repeat of 3994919898 found
    - repeat of 3998133168 found
    - repeat of 4266719362 found
  - Scanning for duplicates completed (0.00034919 seconds)
- Testing for repeats completed (0.0356808 seconds)
---
17 repeats, p-value = 0.297021

Memory usage summary: heap total: 1730652, heap peak: 1730652, stack peak: 5584
         total calls   total memory   failed calls
 malloc|          2        1730652              0
realloc|          0              0              0  (nomove:0, dec:0, free:0)
 calloc|          0              0              0
   free|          0              0
Histogram for block sizes:
   large              2 100% ==================================================
