- bump_allocator_static< std::__detail::_Hash_node<unsigned int, false> > (item size = 16) at 0x6042d0 created!
- bump_allocator_static< std::__detail::_Hash_node_base* > (item size = 8) at 0x604310 created!
- mempool at 0x604298 allocated new chunk at 0x7f7528a61020
- mempool at 0x604298 deallocated chunk at 0x7f7528a61020
Testing pcg32_fast
	0..4294967295 is range of generator
	414487 outputs to scan for duplicates [6.32456*sqrt(range)]
	20.0001 duplicates expected on average
	2.06097e-09 is probability of zero duplicates
	0xb0e9db97 is seed for this run
---
- Testing for repeats started...
  - Allocating memory started...
    - allocated hash table of reserved for 414487 elements
  - Allocating memory completed (0.00192059 seconds)
  - Checking PRNG output started...
    - repeat of 1666657587 found, step 68245
    - repeat of 3401504778 found, step 210662
    - repeat of 3132780140 found, step 224828
    - repeat of 3618855338 found, step 237680
    - repeat of 2743518757 found, step 238024
    - repeat of 3264196308 found, step 257860
    - repeat of 652126514 found, step 259354
    - repeat of 2988173295 found, step 301928
    - repeat of 3459978302 found, step 323475
    - repeat of 4286834779 found, step 355660
    - repeat of 3244155244 found, step 356085
    - repeat of 212638343 found, step 356328
    - repeat of 1960542233 found, step 382348
    - repeat of 4166565868 found, step 397737
    - repeat of 1882731604 found, step 404911
  - Checking PRNG output completed (0.0317252 seconds)
- Testing for repeats completed (0.0336538 seconds)
---
15 repeats, p-value = 0.156508
- bump_allocator_static< std::__detail::_Hash_node_base* > at 0x604310 destroyed!
 - total_allocations_  = 1
 - active_allocations_ = 0
 - high_allocations_   = 1
 - total_mem_  = 3555896
 - active_mem_ = 0
 - high_mem_   = 3555896
- bump_allocator_static< std::__detail::_Hash_node<unsigned int, false> > at 0x6042d0 destroyed!
 - total_allocations_  = 414472
 - active_allocations_ = 0
 - high_allocations_   = 414472
 - total_mem_  = 6631552
 - active_mem_ = 0
 - high_mem_   = 6631552

Memory usage summary: heap total: 1073815760, heap peak: 1073815568, stack peak: 2816
         total calls   total memory   failed calls
 malloc|          5     1073815568              0
realloc|          4            192              0  (nomove:0, dec:0, free:0)
 calloc|          0              0              0
   free|          6     1073742032
Histogram for block sizes:
   16-31              1  11% =========================
   32-47              2  22% ==================================================
   64-79              2  22% ==================================================
  512-527             2  22% ==================================================
   large              2  22% ==================================================
