Testing xoroshiro64star32
	0..4294967295 is range of generator
	414487 outputs to scan for duplicates [6.32456*sqrt(range)]
	20.0001 duplicates expected on average
	2.06097e-09 is probability of zero duplicates
	0x4457bfe0 is seed for this run
---
- Testing for repeats started...
  - Allocating memory started...
    - allocated hash table of reserved for 414487 elements
  - Allocating memory completed (0.00211586 seconds)
  - Checking PRNG output started...
    - repeat of 2820736894 found, step 119307
    - repeat of 2879674191 found, step 146874
    - repeat of 2911016922 found, step 228930
    - repeat of 340554095 found, step 284207
    - repeat of 1755723389 found, step 291504
    - repeat of 4225659021 found, step 303600
    - repeat of 627498068 found, step 314251
    - repeat of 3447859155 found, step 320128
    - repeat of 4099348299 found, step 354118
    - repeat of 2707139308 found, step 376846
    - repeat of 2681197889 found, step 377697
    - repeat of 4154477876 found, step 378940
    - repeat of 1588863211 found, step 384611
    - repeat of 1499584759 found, step 401895
    - repeat of 1324058186 found, step 408375
    - repeat of 2491772141 found, step 412308
  - Checking PRNG output completed (0.0994635 seconds)
- Testing for repeats completed (0.101605 seconds)
---
16 repeats, p-value = 0.221068

Memory usage summary: heap total: 10260136, heap peak: 10260136, stack peak: 5648
         total calls   total memory   failed calls
 malloc|     414473       10260136              0
realloc|          0              0              0  (nomove:0, dec:0, free:0)
 calloc|          0              0              0
   free|     414472       10187432
Histogram for block sizes:
   16-31         414471  99% ==================================================
   large              2  <1% 
