Testing pcg32_fast
	0..4294967295 is range of generator
	198893 outputs to scan for duplicates [3.03485*sqrt(range)]
	4.60521 duplicates expected on average
	0.00999963 is probability of zero duplicates
	0x563e5ed1 is seed for this run
---
- Testing for repeats started...
  - Allocating memory started...
    - allocated array of size 198893.
  - Allocating memory completed (6.834e-06 seconds)
  - Storing PRNG output started...
  - Storing PRNG output completed (0.000639294 seconds)
  - Sorting started...
  - Sorting completed (0.0176749 seconds)
  - Scanning for duplicates started...
    - repeat of 1095913302 found
    - repeat of 1240949219 found
    - repeat of 2249695871 found
    - repeat of 2671425956 found
    - repeat of 3088243058 found
    - repeat of 3823450084 found
    - repeat of 4264325766 found
  - Scanning for duplicates completed (0.00019583 seconds)
- Testing for repeats completed (0.0185252 seconds)
---
7 repeats, p-value = 1 - 0.0955042

Memory usage summary: heap total: 868276, heap peak: 868276, stack peak: 5584
         total calls   total memory   failed calls
 malloc|          2         868276              0
realloc|          0              0              0  (nomove:0, dec:0, free:0)
 calloc|          0              0              0
   free|          0              0
Histogram for block sizes:
   large              2 100% ==================================================
