Testing xoroshiro64star32
	0..4294967295 is range of generator
	414487 outputs to scan for duplicates [6.32456*sqrt(range)]
	20.0001 duplicates expected on average
	2.06097e-09 is probability of zero duplicates
	0x46f0ff4e is seed for this run
---
- Testing for repeats started...
  - Allocating memory started...
    - allocated bloomish filter with 32768 64-bit elements (3 bits/entry)
    - allocated possible-match log with 16384 32-bit elements
  - Allocating memory completed (1.821e-05 seconds)
  - Phase 1, Gathering repeat candidates started...
    - 15205 repeat candidates found
  - Phase 1, Gathering repeat candidates completed (0.0106319 seconds)
  - Reallocating memory started...
    - Deallocated bloomish filter
    - Allocated hash table of the same size
  - Reallocating memory completed (0.000160971 seconds)
  - Phase 2, Storing candidates in hash table started...
  - Phase 2, Storing candidates in hash table completed (0.000262488 seconds)
  - Phase 3, Testing candidates started...
    - repeat of 2778459256 found, step 135319
    - repeat of 328159930 found, step 185178
    - repeat of 2138590711 found, step 200203
    - repeat of 955191767 found, step 207301
    - repeat of 4054872843 found, step 210862
    - repeat of 128102646 found, step 220550
    - repeat of 2804875039 found, step 244636
    - repeat of 2694911693 found, step 248818
    - repeat of 2495206838 found, step 268200
    - repeat of 1622234607 found, step 277181
    - repeat of 918383493 found, step 298876
    - repeat of 4109033748 found, step 307967
    - repeat of 1848137 found, step 311110
    - repeat of 2406493596 found, step 327135
    - repeat of 3612914843 found, step 334622
    - repeat of 3764808697 found, step 335350
    - repeat of 1808367333 found, step 337241
    - repeat of 2637966039 found, step 337947
    - repeat of 1794402355 found, step 339482
    - repeat of 3929015656 found, step 342023
    - repeat of 3970351009 found, step 349730
    - repeat of 2724943982 found, step 362468
    - repeat of 1939019466 found, step 378298
    - repeat of 2528868630 found, step 379947
  - Phase 3, Testing candidates completed (0.0122911 seconds)
- Testing for repeats completed (0.0233965 seconds)
---
24 repeats, p-value = 1 - 0.156778

Memory usage summary: heap total: 564225, heap peak: 400384, stack peak: 5680
         total calls   total memory   failed calls
 malloc|          5         564225              0
realloc|          0              0              0  (nomove:0, dec:0, free:0)
 calloc|          0              0              0
   free|          4         491521
Histogram for block sizes:
32768-32783           1  20% ============
   large              4  80% ==================================================
