Testing pcg32
	0..4294967295 is range of generator
	414487 outputs to scan for duplicates [6.32456*sqrt(range)]
	20.0001 duplicates expected on average
	2.06097e-09 is probability of zero duplicates
	0x3de3fe19 is seed for this run
---
- Testing for repeats started...
  - Allocating memory started...
    - allocated 256 buckets of capacity 2023
    - allocated 256 bucket counters
  - Allocating memory completed (1.2277e-05 seconds)
  - Storing PRNG output started...
  - Storing PRNG output completed (0.00221294 seconds)
  - Sorting started...
  - Sorting completed (0.0230977 seconds)
  - Scanning for duplicates started...
    - repeat of 1624036622 found
    - repeat of 2190914068 found
    - repeat of 3553132322 found
    - repeat of 1058962986 found
    - repeat of 2305340203 found
    - repeat of 911685940 found
    - repeat of 29183295 found
    - repeat of 1178821715 found
    - repeat of 1179707988 found
    - repeat of 621286999 found
    - repeat of 3395878745 found
    - repeat of 3502830691 found
    - repeat of 445234537 found
    - repeat of 1252888442 found
    - repeat of 1596895628 found
    - repeat of 1463326354 found
    - repeat of 98355605 found
    - repeat of 2047470742 found
    - repeat of 1790793641 found
    - repeat of 1806707115 found
    - repeat of 1092111022 found
    - repeat of 3299736497 found
    - repeat of 4138274264 found
    - repeat of 1496970457 found
    - repeat of 3845786075 found
    - repeat of 2925956071 found
    - repeat of 2849623535 found
  - Scanning for duplicates completed (0.000433882 seconds)
- Testing for repeats completed (0.0257715 seconds)
---
27 repeats, p-value = 1 - 0.052483

Memory usage summary: heap total: 2145280, heap peak: 2145280, stack peak: 5616
         total calls   total memory   failed calls
 malloc|          3        2145280              0
realloc|          0              0              0  (nomove:0, dec:0, free:0)
 calloc|          0              0              0
   free|          0              0
Histogram for block sizes:
 1024-1039            1  33% =========================
   large              2  66% ==================================================
