Testing xoroshiro64plus32
	0..4294967295 is range of generator
	198893 outputs to scan for duplicates [3.03485*sqrt(range)]
	4.60521 duplicates expected on average
	0.00999963 is probability of zero duplicates
	0x324fc83d is seed for this run
---
- Testing for repeats started...
  - Allocating memory started...
    - allocated array of size 198893.
  - Allocating memory completed (1.0716e-05 seconds)
  - Storing PRNG output started...
  - Storing PRNG output completed (0.0012669 seconds)
  - Sorting started...
  - Sorting completed (0.0283815 seconds)
  - Scanning for duplicates started...
    - repeat of 718449567 found
    - repeat of 2197981575 found
    - repeat of 3381560171 found
    - repeat of 3936154487 found
  - Scanning for duplicates completed (0.000296784 seconds)
- Testing for repeats completed (0.029977 seconds)
---
4 repeats, p-value = 1 - 0.487742

Memory usage summary: heap total: 868276, heap peak: 868276, stack peak: 5568
         total calls   total memory   failed calls
 malloc|          2         868276              0
realloc|          0              0              0  (nomove:0, dec:0, free:0)
 calloc|          0              0              0
   free|          0              0
Histogram for block sizes:
   large              2 100% ==================================================
