Testing xoroshiro128plus64
	0..18446744073709551615 is range of generator
	13034599790 outputs to scan for duplicates [3.03485*sqrt(range)]
	4.60517 duplicates expected on average
	0.01 is probability of zero duplicates
	0x55750278 is seed for this run
---
- Testing for repeats started...
  - Allocating memory started...
    - allocated array of size 13034599790.
  - Allocating memory completed (1.5553e-05 seconds)
  - Storing PRNG output started...
  - Storing PRNG output completed (47.7538 seconds)
  - Sorting started...
  - Sorting completed (1960.92 seconds)
  - Scanning for duplicates started...
    - repeat of 1835955190292706040 found
    - repeat of 3153230473126562527 found
    - repeat of 9106457818077980055 found
    - repeat of 10672715459812634364 found
    - repeat of 15001210173992309084 found
  - Scanning for duplicates completed (15.8791 seconds)
- Testing for repeats completed (2024.55 seconds)
---
5 repeats, p-value = 1 - 0.315133

Memory usage summary: heap total: 104276871024, heap peak: 104276871024, stack peak: 5568
         total calls   total memory   failed calls
 malloc|          2   104276871024              0
realloc|          0              0              0  (nomove:0, dec:0, free:0)
 calloc|          0              0              0
   free|          0              0
Histogram for block sizes:
   large              2 100% ==================================================
