Testing xoroshiro64star32
	0..4294967295 is range of generator
	198893 outputs to scan for duplicates [3.03485*sqrt(range)]
	4.60521 duplicates expected on average
	0.00999963 is probability of zero duplicates
	0x8213790d is seed for this run
---
- Testing for repeats started...
  - Allocating memory started...
    - allocated array of size 198893.
  - Allocating memory completed (1.099e-05 seconds)
  - Storing PRNG output started...
  - Storing PRNG output completed (0.00135457 seconds)
  - Sorting started...
  - Sorting completed (0.0295827 seconds)
  - Scanning for duplicates started...
    - repeat of 11507230 found
    - repeat of 734058583 found
    - repeat of 2346325898 found
    - repeat of 2790307782 found
    - repeat of 2877873787 found
    - repeat of 3148491397 found
    - repeat of 3341514023 found
  - Scanning for duplicates completed (0.000287669 seconds)
- Testing for repeats completed (0.031254 seconds)
---
7 repeats, p-value = 1 - 0.0955042

Memory usage summary: heap total: 868276, heap peak: 868276, stack peak: 5568
         total calls   total memory   failed calls
 malloc|          2         868276              0
realloc|          0              0              0  (nomove:0, dec:0, free:0)
 calloc|          0              0              0
   free|          0              0
Histogram for block sizes:
   large              2 100% ==================================================
