Testing std::mt19937
	0..4294967295 is range of generator
	414487 outputs to scan for duplicates [6.32456*sqrt(range)]
	20.0001 duplicates expected on average
	2.06097e-09 is probability of zero duplicates
	0xcbad1647 is seed for this run
---
- Testing for repeats started...
  - Allocating memory started...
    - allocated hash table of reserved for 414487 elements
  - Allocating memory completed (0.00206896 seconds)
  - Checking PRNG output started...
    - repeat of 1474087075 found, step 4718
    - repeat of 4206791469 found, step 123110
    - repeat of 1880958147 found, step 131460
    - repeat of 3373210970 found, step 139367
    - repeat of 4259212601 found, step 166213
    - repeat of 2453015023 found, step 181934
    - repeat of 1197007253 found, step 187056
    - repeat of 3785575254 found, step 202348
    - repeat of 849330211 found, step 227685
    - repeat of 559844562 found, step 235154
    - repeat of 1413426293 found, step 237227
    - repeat of 2538445159 found, step 242734
    - repeat of 3435983394 found, step 282943
    - repeat of 1857033776 found, step 307491
    - repeat of 1798965070 found, step 308981
    - repeat of 2727243745 found, step 321355
    - repeat of 713480054 found, step 323882
    - repeat of 1667683323 found, step 357642
    - repeat of 2952078846 found, step 361113
    - repeat of 2008941971 found, step 366406
    - repeat of 3743239335 found, step 368876
    - repeat of 3971546389 found, step 402618
    - repeat of 375719209 found, step 403860
  - Checking PRNG output completed (0.127111 seconds)
- Testing for repeats completed (0.129202 seconds)
---
23 repeats, p-value = 1 - 0.212513

Memory usage summary: heap total: 10260024, heap peak: 10260024, stack peak: 10608
         total calls   total memory   failed calls
 malloc|     414466       10260024              0
realloc|          0              0              0  (nomove:0, dec:0, free:0)
 calloc|          0              0              0
   free|     414465       10187320
Histogram for block sizes:
   16-31         414464  99% ==================================================
   large              2  <1% 
