Testing xoroshiro64plus32
	0..4294967295 is range of generator
	414487 outputs to scan for duplicates [6.32456*sqrt(range)]
	20.0001 duplicates expected on average
	2.06097e-09 is probability of zero duplicates
	0x796fc3cf is seed for this run
---
- Testing for repeats started...
  - Allocating memory started...
    - allocated bloomish filter with 32768 64-bit elements (3 bits/entry)
    - allocated possible-match log with 16384 32-bit elements
  - Allocating memory completed (1.2428e-05 seconds)
  - Phase 1, Gathering repeat candidates started...
    - 15387 repeat candidates found
  - Phase 1, Gathering repeat candidates completed (0.00665091 seconds)
  - Reallocating memory started...
    - Deallocated bloomish filter
    - Allocated hash table of the same size
  - Reallocating memory completed (9.8721e-05 seconds)
  - Phase 2, Storing candidates in hash table started...
  - Phase 2, Storing candidates in hash table completed (0.000167956 seconds)
  - Phase 3, Testing candidates started...
    - repeat of 4065302154 found, step 146884
    - repeat of 151673045 found, step 175650
    - repeat of 2621608666 found, step 175753
    - repeat of 3330356135 found, step 175821
    - repeat of 3479233101 found, step 195079
    - repeat of 3570230138 found, step 217143
    - repeat of 1814179624 found, step 220473
    - repeat of 4176170972 found, step 248863
    - repeat of 762100316 found, step 249724
    - repeat of 583843538 found, step 284175
    - repeat of 2356358130 found, step 307672
    - repeat of 2269349302 found, step 308508
    - repeat of 2331575991 found, step 316005
    - repeat of 835179759 found, step 332500
    - repeat of 1606219646 found, step 354661
    - repeat of 30944314 found, step 355955
    - repeat of 744790724 found, step 360878
    - repeat of 1792899158 found, step 368715
    - repeat of 3498191568 found, step 372282
  - Phase 3, Testing candidates completed (0.0077425 seconds)
- Testing for repeats completed (0.014695 seconds)
---
19 repeats, p-value = 0.470249

Memory usage summary: heap total: 564225, heap peak: 400384, stack peak: 5680
         total calls   total memory   failed calls
 malloc|          5         564225              0
realloc|          0              0              0  (nomove:0, dec:0, free:0)
 calloc|          0              0              0
   free|          4         491521
Histogram for block sizes:
32768-32783           1  20% ============
   large              4  80% ==================================================
