Testing pcg32_fast
	0..4294967295 is range of generator
	198893 outputs to scan for duplicates [3.03485*sqrt(range)]
	4.60521 duplicates expected on average
	0.00999963 is probability of zero duplicates
	0x8b903598 is seed for this run
---
- Testing for repeats started...
  - Allocating memory started...
    - allocated hash table of reserved for 198893 elements
  - Allocating memory completed (0.00141913 seconds)
  - Checking PRNG output started...
    - repeat of 4060803600 found, step 108510
    - repeat of 4240898545 found, step 165152
    - repeat of 661231370 found, step 182316
    - repeat of 2365025649 found, step 194992
    - repeat of 785422213 found, step 195861
  - Checking PRNG output completed (0.0435906 seconds)
- Testing for repeats completed (0.0450276 seconds)
---
5 repeats, p-value = 1 - 0.315139

Memory usage summary: heap total: 4874184, heap peak: 4874184, stack peak: 5648
         total calls   total memory   failed calls
 malloc|     198890        4874184              0
realloc|          0              0              0  (nomove:0, dec:0, free:0)
 calloc|          0              0              0
   free|     198889        4801480
Histogram for block sizes:
   16-31         198888  99% ==================================================
   large              2  <1% 
