- bump_allocator_static< std::__detail::_Hash_node<unsigned int, false> > (item size = 16) at 0x6042d0 created!
- bump_allocator_static< std::__detail::_Hash_node_base* > (item size = 8) at 0x604310 created!
- mempool at 0x604298 allocated new chunk at 0x7f7bbdc74020
- mempool at 0x604298 deallocated chunk at 0x7f7bbdc74020
Testing jsf32
	0..4294967295 is range of generator
	414487 outputs to scan for duplicates [6.32456*sqrt(range)]
	20.0001 duplicates expected on average
	2.06097e-09 is probability of zero duplicates
	0xa2580f51 is seed for this run
---
- Testing for repeats started...
  - Allocating memory started...
    - allocated hash table of reserved for 414487 elements
  - Allocating memory completed (0.00171137 seconds)
  - Checking PRNG output started...
    - repeat of 3194325641 found, step 106758
    - repeat of 2894970066 found, step 112600
    - repeat of 2874393842 found, step 130519
    - repeat of 3708046595 found, step 151829
    - repeat of 1392937537 found, step 166333
    - repeat of 2349329910 found, step 203308
    - repeat of 2387444426 found, step 232744
    - repeat of 1210365864 found, step 234603
    - repeat of 2010018388 found, step 248065
    - repeat of 1958955624 found, step 255794
    - repeat of 3200355012 found, step 283685
    - repeat of 3085359932 found, step 312448
    - repeat of 2619324603 found, step 325777
    - repeat of 3698770802 found, step 326606
    - repeat of 2406766571 found, step 332913
    - repeat of 397277656 found, step 345711
    - repeat of 2429657599 found, step 357615
    - repeat of 1047240176 found, step 371486
    - repeat of 3008252291 found, step 376939
    - repeat of 615788541 found, step 387204
    - repeat of 1031513295 found, step 390967
  - Checking PRNG output completed (0.0354131 seconds)
- Testing for repeats completed (0.0371407 seconds)
---
21 repeats, p-value = 1 - 0.35631
- bump_allocator_static< std::__detail::_Hash_node_base* > at 0x604310 destroyed!
 - total_allocations_  = 1
 - active_allocations_ = 0
 - high_allocations_   = 1
 - total_mem_  = 3555896
 - active_mem_ = 0
 - high_mem_   = 3555896
- bump_allocator_static< std::__detail::_Hash_node<unsigned int, false> > at 0x6042d0 destroyed!
 - total_allocations_  = 414466
 - active_allocations_ = 0
 - high_allocations_   = 414466
 - total_mem_  = 6631456
 - active_mem_ = 0
 - high_mem_   = 6631456

Memory usage summary: heap total: 1073815760, heap peak: 1073815568, stack peak: 2816
         total calls   total memory   failed calls
 malloc|          5     1073815568              0
realloc|          4            192              0  (nomove:0, dec:0, free:0)
 calloc|          0              0              0
   free|          6     1073742032
Histogram for block sizes:
   16-31              1  11% =========================
   32-47              2  22% ==================================================
   64-79              2  22% ==================================================
  512-527             2  22% ==================================================
   large              2  22% ==================================================
