Testing xorshift64star32a
	0..4294967295 is range of generator
	198893 outputs to scan for duplicates [3.03485*sqrt(range)]
	4.60511 duplicates expected on average
	0.0100006 is probability of zero duplicates
	0x2a80694f is seed for this run
---
- Testing for repeats started...
  - Allocating memory started...
    - allocated array of size 198893.
  - Allocating memory completed (9.97e-06 seconds)
  - Storing PRNG output started...
  - Storing PRNG output completed (0.00149586 seconds)
  - Sorting started...
  - Sorting completed (0.0295505 seconds)
  - Scanning for duplicates started...
    - repeat of 638501202 found
    - repeat of 1292202206 found
    - repeat of 2470427897 found
    - repeat of 3050906910 found
    - repeat of 3927653296 found
    - repeat of 4275234134 found
  - Scanning for duplicates completed (0.000293126 seconds)
- Testing for repeats completed (0.0313718 seconds)
---
6 repeats, p-value = 1 - 0.182648

Memory usage summary: heap total: 868276, heap peak: 868276, stack peak: 5568
         total calls   total memory   failed calls
 malloc|          2         868276              0
realloc|          0              0              0  (nomove:0, dec:0, free:0)
 calloc|          0              0              0
   free|          0              0
Histogram for block sizes:
   large              2 100% ==================================================
