Testing xoroshiro64star32
	0..4294967295 is range of generator
	414487 outputs to scan for duplicates [6.32456*sqrt(range)]
	20.0001 duplicates expected on average
	2.06097e-09 is probability of zero duplicates
	0xd0551ecc is seed for this run
---
- Testing for repeats started...
  - Allocating memory started...
    - allocated 256 buckets of capacity 2023
    - allocated 256 bucket counters
  - Allocating memory completed (1.6456e-05 seconds)
  - Storing PRNG output started...
  - Storing PRNG output completed (0.00330127 seconds)
  - Sorting started...
  - Sorting completed (0.0370991 seconds)
  - Scanning for duplicates started...
    - repeat of 57526811 found
    - repeat of 340423730 found
    - repeat of 3605188953 found
    - repeat of 3633286499 found
    - repeat of 703521386 found
    - repeat of 292664951 found
    - repeat of 2531578753 found
    - repeat of 2537920898 found
    - repeat of 69938570 found
    - repeat of 2864168086 found
    - repeat of 983725985 found
    - repeat of 1947112611 found
    - repeat of 2605773996 found
    - repeat of 4089199024 found
    - repeat of 1347677624 found
    - repeat of 1022623935 found
    - repeat of 1513926087 found
    - repeat of 1070474202 found
  - Scanning for duplicates completed (0.0005768 seconds)
- Testing for repeats completed (0.0410071 seconds)
---
18 repeats, p-value = 0.381414

Memory usage summary: heap total: 2145280, heap peak: 2145280, stack peak: 5616
         total calls   total memory   failed calls
 malloc|          3        2145280              0
realloc|          0              0              0  (nomove:0, dec:0, free:0)
 calloc|          0              0              0
   free|          0              0
Histogram for block sizes:
 1024-1039            1  33% =========================
   large              2  66% ==================================================
