Testing gjrand32
	0..4294967295 is range of generator
	414487 outputs to scan for duplicates [6.32456*sqrt(range)]
	20.0001 duplicates expected on average
	2.06097e-09 is probability of zero duplicates
	0xa67ab139 is seed for this run
---
- Testing for repeats started...
  - Allocating memory started...
    - allocated hash table of reserved for 414487 elements
  - Allocating memory completed (0.00257609 seconds)
  - Checking PRNG output started...
    - repeat of 2243721537 found, step 146683
    - repeat of 352405878 found, step 155061
    - repeat of 4174395108 found, step 166515
    - repeat of 571675865 found, step 184842
    - repeat of 1759903074 found, step 262715
    - repeat of 75985458 found, step 301162
    - repeat of 2321710628 found, step 322331
    - repeat of 777459354 found, step 326599
    - repeat of 533775190 found, step 363804
    - repeat of 122934107 found, step 381667
    - repeat of 3860159282 found, step 391980
    - repeat of 963770615 found, step 394363
    - repeat of 1540711786 found, step 406494
  - Checking PRNG output completed (0.0904931 seconds)
- Testing for repeats completed (0.0930845 seconds)
---
13 repeats, p-value = 0.0661252

Memory usage summary: heap total: 10260184, heap peak: 10260184, stack peak: 5648
         total calls   total memory   failed calls
 malloc|     414476       10260184              0
realloc|          0              0              0  (nomove:0, dec:0, free:0)
 calloc|          0              0              0
   free|     414475       10187480
Histogram for block sizes:
   16-31         414474  99% ==================================================
   large              2  <1% 
