Testing jsf32
	0..4294967295 is range of generator
	414487 outputs to scan for duplicates [6.32456*sqrt(range)]
	20.0001 duplicates expected on average
	2.06097e-09 is probability of zero duplicates
	0x163ec4a3 is seed for this run
---
- Testing for repeats started...
  - Allocating memory started...
    - allocated array of size 414487.
  - Allocating memory completed (4.65e-06 seconds)
  - Storing PRNG output started...
  - Storing PRNG output completed (0.00117824 seconds)
  - Sorting started...
  - Sorting completed (0.0351029 seconds)
  - Scanning for duplicates started...
    - repeat of 599983130 found
    - repeat of 827546842 found
    - repeat of 977955125 found
    - repeat of 1006823438 found
    - repeat of 1093781149 found
    - repeat of 1341820527 found
    - repeat of 1926302246 found
    - repeat of 2070899980 found
    - repeat of 2198964045 found
    - repeat of 2285593398 found
    - repeat of 2312936679 found
    - repeat of 2373863528 found
    - repeat of 2579320297 found
    - repeat of 2635557231 found
    - repeat of 3771765495 found
    - repeat of 3839974992 found
    - repeat of 3986935364 found
  - Scanning for duplicates completed (0.000356312 seconds)
- Testing for repeats completed (0.0366546 seconds)
---
17 repeats, p-value = 0.297021

Memory usage summary: heap total: 1730652, heap peak: 1730652, stack peak: 5568
         total calls   total memory   failed calls
 malloc|          2        1730652              0
realloc|          0              0              0  (nomove:0, dec:0, free:0)
 calloc|          0              0              0
   free|          0              0
Histogram for block sizes:
   large              2 100% ==================================================
