- bump_allocator_static< std::__detail::_Hash_node<unsigned int, false> > (item size = 16) at 0x6042d0 created!
- bump_allocator_static< std::__detail::_Hash_node_base* > (item size = 8) at 0x604310 created!
- mempool at 0x604298 allocated new chunk at 0x7ffafa676020
- mempool at 0x604298 deallocated chunk at 0x7ffafa676020
Testing gjrand32
	0..4294967295 is range of generator
	414487 outputs to scan for duplicates [6.32456*sqrt(range)]
	20.0001 duplicates expected on average
	2.06097e-09 is probability of zero duplicates
	0xc238ea4 is seed for this run
---
- Testing for repeats started...
  - Allocating memory started...
    - allocated hash table of reserved for 414487 elements
  - Allocating memory completed (0.00200837 seconds)
  - Checking PRNG output started...
    - repeat of 2528109044 found, step 140790
    - repeat of 1524834639 found, step 188458
    - repeat of 67819777 found, step 221362
    - repeat of 357326745 found, step 235570
    - repeat of 3170299515 found, step 270054
    - repeat of 475833147 found, step 279134
    - repeat of 4100466814 found, step 282221
    - repeat of 2079159354 found, step 298551
    - repeat of 3748793331 found, step 322500
    - repeat of 2058916262 found, step 365636
    - repeat of 971663893 found, step 367382
    - repeat of 1351036019 found, step 367432
    - repeat of 2944379925 found, step 391811
    - repeat of 1323177129 found, step 414047
  - Checking PRNG output completed (0.0572624 seconds)
- Testing for repeats completed (0.0592883 seconds)
---
14 repeats, p-value = 0.104861
- bump_allocator_static< std::__detail::_Hash_node_base* > at 0x604310 destroyed!
 - total_allocations_  = 1
 - active_allocations_ = 0
 - high_allocations_   = 1
 - total_mem_  = 3555896
 - active_mem_ = 0
 - high_mem_   = 3555896
- bump_allocator_static< std::__detail::_Hash_node<unsigned int, false> > at 0x6042d0 destroyed!
 - total_allocations_  = 414473
 - active_allocations_ = 0
 - high_allocations_   = 414473
 - total_mem_  = 6631568
 - active_mem_ = 0
 - high_mem_   = 6631568

Memory usage summary: heap total: 1073815760, heap peak: 1073815568, stack peak: 2816
         total calls   total memory   failed calls
 malloc|          5     1073815568              0
realloc|          4            192              0  (nomove:0, dec:0, free:0)
 calloc|          0              0              0
   free|          6     1073742032
Histogram for block sizes:
   16-31              1  11% =========================
   32-47              2  22% ==================================================
   64-79              2  22% ==================================================
  512-527             2  22% ==================================================
   large              2  22% ==================================================
