Testing std::mt19937
	0..4294967295 is range of generator
	414487 outputs to scan for duplicates [6.32456*sqrt(range)]
	20.0001 duplicates expected on average
	2.06097e-09 is probability of zero duplicates
	0x4061d685 is seed for this run
---
- Testing for repeats started...
  - Allocating memory started...
    - allocated 256 buckets of capacity 2023
    - allocated 256 bucket counters
  - Allocating memory completed (1.2611e-05 seconds)
  - Storing PRNG output started...
  - Storing PRNG output completed (0.00560634 seconds)
  - Sorting started...
  - Sorting completed (0.0376799 seconds)
  - Scanning for duplicates started...
    - repeat of 569257226 found
    - repeat of 4267112463 found
    - repeat of 1246372624 found
    - repeat of 2029447449 found
    - repeat of 1099240482 found
    - repeat of 2339776294 found
    - repeat of 1588043086 found
    - repeat of 2887084369 found
    - repeat of 1240705371 found
    - repeat of 1934622068 found
    - repeat of 722903927 found
    - repeat of 718545285 found
    - repeat of 3640251271 found
    - repeat of 2117411468 found
    - repeat of 2799183005 found
    - repeat of 1178490273 found
    - repeat of 2477668261 found
    - repeat of 782248109 found
    - repeat of 2353926325 found
    - repeat of 4142284983 found
    - repeat of 353454784 found
    - repeat of 1809123780 found
    - repeat of 1789131221 found
    - repeat of 1404740586 found
    - repeat of 2157787886 found
    - repeat of 1879425018 found
  - Scanning for duplicates completed (0.000988491 seconds)
- Testing for repeats completed (0.0443227 seconds)
---
26 repeats, p-value = 1 - 0.0778899

Memory usage summary: heap total: 4217856, heap peak: 4217856, stack peak: 10576
         total calls   total memory   failed calls
 malloc|          3        4217856              0
realloc|          0              0              0  (nomove:0, dec:0, free:0)
 calloc|          0              0              0
   free|          0              0
Histogram for block sizes:
 2048-2063            1  33% =========================
   large              2  66% ==================================================
