Testing gjrand64
	0..18446744073709551615 is range of generator
	13034599790 outputs to scan for duplicates [3.03485*sqrt(range)]
	4.60517 duplicates expected on average
	0.01 is probability of zero duplicates
	0xa6e6a657 is seed for this run
---
- Testing for repeats started...
  - Allocating memory started...
    - allocated bloomish filter with 1073741824 64-bit elements (3 bits/entry)
    - allocated possible-match log with 536870912 64-bit elements
  - Allocating memory completed (1.8447e-05 seconds)
  - Phase 1, Gathering repeat candidates started...
    - 362468417 repeat candidates found
  - Phase 1, Gathering repeat candidates completed (871.118 seconds)
  - Reallocating memory started...
    - Deallocated bloomish filter
    - Allocated hash table of the same size
  - Reallocating memory completed (3.04047 seconds)
  - Phase 2, Storing candidates in hash table started...
  - Phase 2, Storing candidates in hash table completed (10.362 seconds)
  - Phase 3, Testing candidates started...
    - repeat of 6972807950061582864 found, step 6255407824
    - repeat of 4345267936520463880 found, step 8366494010
    - repeat of 6787226805998923443 found, step 9495380325
    - repeat of 3777133520084061990 found, step 10555558721
    - repeat of 2023709888452990583 found, step 10729042076
  - Phase 3, Testing candidates completed (520.338 seconds)
- Testing for repeats completed (1404.86 seconds)
---
5 repeats, p-value = 1 - 0.315133

Memory usage summary: heap total: 22548651009, heap peak: 13958716417, stack peak: 5696
         total calls   total memory   failed calls
 malloc|          5    22548651009              0
realloc|          0              0              0  (nomove:0, dec:0, free:0)
 calloc|          0              0              0
   free|          4    22548578305
Histogram for block sizes:
   large              5 100% ==================================================
