Testing pcg32_fast
	0..4294967295 is range of generator
	198893 outputs to scan for duplicates [3.03485*sqrt(range)]
	4.60521 duplicates expected on average
	0.00999963 is probability of zero duplicates
	0xfd922cdf is seed for this run
---
- Testing for repeats started...
  - Allocating memory started...
    - allocated hash table of reserved for 198893 elements
  - Allocating memory completed (0.00137454 seconds)
  - Checking PRNG output started...
    - repeat of 2664259911 found, step 37377
    - repeat of 3393174934 found, step 47736
    - repeat of 3310359069 found, step 85175
    - repeat of 471515943 found, step 89106
    - repeat of 2005313713 found, step 134822
    - repeat of 2580970178 found, step 137171
    - repeat of 2831768015 found, step 149233
    - repeat of 277663903 found, step 159488
    - repeat of 2447033147 found, step 163433
  - Checking PRNG output completed (0.0438123 seconds)
- Testing for repeats completed (0.0452013 seconds)
---
9 repeats, p-value = 1 - 0.0196605

Memory usage summary: heap total: 4874120, heap peak: 4874120, stack peak: 5648
         total calls   total memory   failed calls
 malloc|     198886        4874120              0
realloc|          0              0              0  (nomove:0, dec:0, free:0)
 calloc|          0              0              0
   free|     198885        4801416
Histogram for block sizes:
   16-31         198884  99% ==================================================
   large              2  <1% 
