Testing xoroshiro64star32
	0..4294967295 is range of generator
	414487 outputs to scan for duplicates [6.32456*sqrt(range)]
	20.0001 duplicates expected on average
	2.06097e-09 is probability of zero duplicates
	0x107e82e5 is seed for this run
---
- Testing for repeats started...
  - Allocating memory started...
    - allocated hash table of reserved for 414487 elements
  - Allocating memory completed (0.00202468 seconds)
  - Checking PRNG output started...
    - repeat of 1366194310 found, step 96414
    - repeat of 2219787793 found, step 152935
    - repeat of 1182372422 found, step 163319
    - repeat of 1754934764 found, step 166954
    - repeat of 2854227483 found, step 198106
    - repeat of 887918015 found, step 215478
    - repeat of 2177922198 found, step 265204
    - repeat of 276941322 found, step 294189
    - repeat of 2706088472 found, step 308333
    - repeat of 428230775 found, step 336398
    - repeat of 2366765004 found, step 341455
    - repeat of 685210279 found, step 341497
    - repeat of 2453910157 found, step 373802
    - repeat of 1245060540 found, step 395634
    - repeat of 3258915417 found, step 395739
    - repeat of 417537097 found, step 406323
    - repeat of 666005539 found, step 409034
    - repeat of 2775708499 found, step 409859
    - repeat of 4228405786 found, step 412514
  - Checking PRNG output completed (0.0984394 seconds)
- Testing for repeats completed (0.100481 seconds)
---
19 repeats, p-value = 0.470249

Memory usage summary: heap total: 10260088, heap peak: 10260088, stack peak: 5648
         total calls   total memory   failed calls
 malloc|     414470       10260088              0
realloc|          0              0              0  (nomove:0, dec:0, free:0)
 calloc|          0              0              0
   free|     414469       10187384
Histogram for block sizes:
   16-31         414468  99% ==================================================
   large              2  <1% 
