Testing xoroshiro64starstar32
	0..4294967295 is range of generator
	414487 outputs to scan for duplicates [6.32456*sqrt(range)]
	20.0001 duplicates expected on average
	2.06097e-09 is probability of zero duplicates
	0x169ddde is seed for this run
---
- Testing for repeats started...
  - Allocating memory started...
    - allocated hash table of reserved for 414487 elements
  - Allocating memory completed (0.00214095 seconds)
  - Checking PRNG output started...
    - repeat of 734488202 found, step 36457
    - repeat of 2819262081 found, step 139302
    - repeat of 1934932743 found, step 174522
    - repeat of 595754636 found, step 177795
    - repeat of 1189595864 found, step 219545
    - repeat of 3365707474 found, step 253786
    - repeat of 1623768124 found, step 260151
    - repeat of 1367862181 found, step 263928
    - repeat of 3081679588 found, step 287345
    - repeat of 3361959449 found, step 287817
    - repeat of 4283812727 found, step 291728
    - repeat of 3965500210 found, step 294458
    - repeat of 625766762 found, step 329188
    - repeat of 1073598990 found, step 331990
    - repeat of 1696691846 found, step 342982
    - repeat of 3610618732 found, step 351785
    - repeat of 4248170769 found, step 352883
    - repeat of 1541780319 found, step 363359
    - repeat of 3616777937 found, step 365985
    - repeat of 2120565673 found, step 367101
    - repeat of 2606029107 found, step 370885
    - repeat of 2314469040 found, step 382238
    - repeat of 1796773049 found, step 386099
    - repeat of 1890870210 found, step 400081
  - Checking PRNG output completed (0.0853638 seconds)
- Testing for repeats completed (0.087525 seconds)
---
24 repeats, p-value = 1 - 0.156778

Memory usage summary: heap total: 10260008, heap peak: 10260008, stack peak: 5648
         total calls   total memory   failed calls
 malloc|     414465       10260008              0
realloc|          0              0              0  (nomove:0, dec:0, free:0)
 calloc|          0              0              0
   free|     414464       10187304
Histogram for block sizes:
   16-31         414463  99% ==================================================
   large              2  <1% 
