Testing sfc32
	0..4294967295 is range of generator
	198893 outputs to scan for duplicates [3.03485*sqrt(range)]
	4.60521 duplicates expected on average
	0.00999963 is probability of zero duplicates
	0xaddba18d is seed for this run
---
- Testing for repeats started...
  - Allocating memory started...
    - allocated hash table of reserved for 198893 elements
  - Allocating memory completed (0.00129612 seconds)
  - Checking PRNG output started...
    - repeat of 1148820415 found, step 42145
    - repeat of 1498609079 found, step 119133
    - repeat of 1874565731 found, step 151978
    - repeat of 10233550 found, step 174648
    - repeat of 4099772837 found, step 178636
    - repeat of 910198207 found, step 181706
    - repeat of 3852331550 found, step 183192
  - Checking PRNG output completed (0.0644635 seconds)
- Testing for repeats completed (0.0657826 seconds)
---
7 repeats, p-value = 1 - 0.0955042

Memory usage summary: heap total: 4874152, heap peak: 4874152, stack peak: 5648
         total calls   total memory   failed calls
 malloc|     198888        4874152              0
realloc|          0              0              0  (nomove:0, dec:0, free:0)
 calloc|          0              0              0
   free|     198887        4801448
Histogram for block sizes:
   16-31         198886  99% ==================================================
   large              2  <1% 
