Testing gjrand32
	0..4294967295 is range of generator
	414487 outputs to scan for duplicates [6.32456*sqrt(range)]
	20.0001 duplicates expected on average
	2.06097e-09 is probability of zero duplicates
	0x27397ce8 is seed for this run
---
- Testing for repeats started...
  - Allocating memory started...
    - allocated 256 buckets of capacity 2023
    - allocated 256 bucket counters
  - Allocating memory completed (1.955e-05 seconds)
  - Storing PRNG output started...
  - Storing PRNG output completed (0.00399504 seconds)
  - Sorting started...
  - Sorting completed (0.0371807 seconds)
  - Scanning for duplicates started...
    - repeat of 1606675979 found
    - repeat of 2135262731 found
    - repeat of 4140368142 found
    - repeat of 2889658135 found
    - repeat of 3444404777 found
    - repeat of 85907007 found
    - repeat of 773400135 found
    - repeat of 106946377 found
    - repeat of 2435511888 found
    - repeat of 4127089747 found
    - repeat of 2428478573 found
    - repeat of 3986308977 found
    - repeat of 3304384373 found
    - repeat of 3516971656 found
    - repeat of 2917386638 found
    - repeat of 2455411092 found
    - repeat of 3040142228 found
    - repeat of 2552519595 found
    - repeat of 609636538 found
    - repeat of 25713346 found
    - repeat of 1493130697 found
    - repeat of 1854546636 found
    - repeat of 3051449560 found
    - repeat of 1102335457 found
    - repeat of 2955825124 found
  - Scanning for duplicates completed (0.000644144 seconds)
- Testing for repeats completed (0.0418641 seconds)
---
25 repeats, p-value = 1 - 0.112189

Memory usage summary: heap total: 2145280, heap peak: 2145280, stack peak: 5616
         total calls   total memory   failed calls
 malloc|          3        2145280              0
realloc|          0              0              0  (nomove:0, dec:0, free:0)
 calloc|          0              0              0
   free|          0              0
Histogram for block sizes:
 1024-1039            1  33% =========================
   large              2  66% ==================================================
