Testing mcg128_fast
	0..18446744073709551615 is range of generator
	13034599790 outputs to scan for duplicates [3.03485*sqrt(range)]
	4.60517 duplicates expected on average
	0.01 is probability of zero duplicates
	0x4bdc2cb7 is seed for this run
---
- Testing for repeats started...
  - Allocating memory started...
    - allocated array of size 13034599790.
  - Allocating memory completed (1.412e-05 seconds)
  - Storing PRNG output started...
  - Storing PRNG output completed (52.3176 seconds)
  - Sorting started...
  - Sorting completed (1952.29 seconds)
  - Scanning for duplicates started...
    - repeat of 4589682750956970294 found
    - repeat of 4778708221648437962 found
    - repeat of 5630064976253312192 found
    - repeat of 8204740396682754689 found
    - repeat of 15180964900527519596 found
  - Scanning for duplicates completed (15.8168 seconds)
- Testing for repeats completed (2020.43 seconds)
---
5 repeats, p-value = 1 - 0.315133

Memory usage summary: heap total: 104276871024, heap peak: 104276871024, stack peak: 5600
         total calls   total memory   failed calls
 malloc|          2   104276871024              0
realloc|          0              0              0  (nomove:0, dec:0, free:0)
 calloc|          0              0              0
   free|          0              0
Histogram for block sizes:
   large              2 100% ==================================================
