- bump_allocator_static< std::__detail::_Hash_node<unsigned int, false> > (item size = 16) at 0x6042d0 created!
- bump_allocator_static< std::__detail::_Hash_node_base* > (item size = 8) at 0x604310 created!
- mempool at 0x604298 allocated new chunk at 0x7f3bac0b0020
- mempool at 0x604298 deallocated chunk at 0x7f3bac0b0020
Testing xoroshiro64plus32
	0..4294967295 is range of generator
	414487 outputs to scan for duplicates [6.32456*sqrt(range)]
	20.0001 duplicates expected on average
	2.06097e-09 is probability of zero duplicates
	0x1a8ee338 is seed for this run
---
- Testing for repeats started...
  - Allocating memory started...
    - allocated hash table of reserved for 414487 elements
  - Allocating memory completed (0.00181947 seconds)
  - Checking PRNG output started...
    - repeat of 577424959 found, step 75443
    - repeat of 2105554870 found, step 90294
    - repeat of 2547209938 found, step 118046
    - repeat of 748634967 found, step 151124
    - repeat of 3606368701 found, step 162885
    - repeat of 3101803855 found, step 194371
    - repeat of 2652389070 found, step 206833
    - repeat of 3590933589 found, step 260725
    - repeat of 1101284806 found, step 299204
    - repeat of 1000096554 found, step 310628
    - repeat of 467217711 found, step 313499
    - repeat of 4186452463 found, step 323514
    - repeat of 920854069 found, step 331063
    - repeat of 2559348448 found, step 353215
    - repeat of 188984471 found, step 356556
    - repeat of 1136723115 found, step 373560
    - repeat of 1849968682 found, step 375240
    - repeat of 980594481 found, step 386351
    - repeat of 278495275 found, step 399006
  - Checking PRNG output completed (0.0374797 seconds)
- Testing for repeats completed (0.0393133 seconds)
---
19 repeats, p-value = 0.470249
- bump_allocator_static< std::__detail::_Hash_node_base* > at 0x604310 destroyed!
 - total_allocations_  = 1
 - active_allocations_ = 0
 - high_allocations_   = 1
 - total_mem_  = 3555896
 - active_mem_ = 0
 - high_mem_   = 3555896
- bump_allocator_static< std::__detail::_Hash_node<unsigned int, false> > at 0x6042d0 destroyed!
 - total_allocations_  = 414468
 - active_allocations_ = 0
 - high_allocations_   = 414468
 - total_mem_  = 6631488
 - active_mem_ = 0
 - high_mem_   = 6631488

Memory usage summary: heap total: 1073815760, heap peak: 1073815568, stack peak: 2816
         total calls   total memory   failed calls
 malloc|          5     1073815568              0
realloc|          4            192              0  (nomove:0, dec:0, free:0)
 calloc|          0              0              0
   free|          6     1073742032
Histogram for block sizes:
   16-31              1  11% =========================
   32-47              2  22% ==================================================
   64-79              2  22% ==================================================
  512-527             2  22% ==================================================
   large              2  22% ==================================================
