Testing pcg32
	0..4294967295 is range of generator
	414487 outputs to scan for duplicates [6.32456*sqrt(range)]
	20.0001 duplicates expected on average
	2.06097e-09 is probability of zero duplicates
	0x3c343c04 is seed for this run
---
- Testing for repeats started...
  - Allocating memory started...
    - allocated 256 buckets of capacity 2023
    - allocated 256 bucket counters
  - Allocating memory completed (2.3753e-05 seconds)
  - Storing PRNG output started...
  - Storing PRNG output completed (0.00365797 seconds)
  - Sorting started...
  - Sorting completed (0.0368223 seconds)
  - Scanning for duplicates started...
    - repeat of 1075000842 found
    - repeat of 2455354124 found
    - repeat of 1934792491 found
    - repeat of 774412350 found
    - repeat of 1101243209 found
    - repeat of 3719043685 found
    - repeat of 1291913587 found
    - repeat of 203945879 found
    - repeat of 511962783 found
    - repeat of 2911948019 found
  - Scanning for duplicates completed (0.000580478 seconds)
- Testing for repeats completed (0.041103 seconds)
---
10 repeats, p-value = 0.0108112

Memory usage summary: heap total: 2145280, heap peak: 2145280, stack peak: 5616
         total calls   total memory   failed calls
 malloc|          3        2145280              0
realloc|          0              0              0  (nomove:0, dec:0, free:0)
 calloc|          0              0              0
   free|          0              0
Histogram for block sizes:
 1024-1039            1  33% =========================
   large              2  66% ==================================================
