Testing pcg32
	0..4294967295 is range of generator
	414487 outputs to scan for duplicates [6.32456*sqrt(range)]
	20.0001 duplicates expected on average
	2.06097e-09 is probability of zero duplicates
	0xd2cf8e7a is seed for this run
---
- Testing for repeats started...
  - Allocating memory started...
    - allocated bloomish filter with 32768 64-bit elements (3 bits/entry)
    - allocated possible-match log with 16384 32-bit elements
  - Allocating memory completed (1.1271e-05 seconds)
  - Phase 1, Gathering repeat candidates started...
    - 15351 repeat candidates found
  - Phase 1, Gathering repeat candidates completed (0.00638814 seconds)
  - Reallocating memory started...
    - Deallocated bloomish filter
    - Allocated hash table of the same size
  - Reallocating memory completed (9.3463e-05 seconds)
  - Phase 2, Storing candidates in hash table started...
  - Phase 2, Storing candidates in hash table completed (0.000162859 seconds)
  - Phase 3, Testing candidates started...
    - repeat of 3219317540 found, step 118958
    - repeat of 836721736 found, step 209920
    - repeat of 2326872239 found, step 229983
    - repeat of 4161482058 found, step 240790
    - repeat of 1885865804 found, step 285129
    - repeat of 404705081 found, step 286120
    - repeat of 2833201886 found, step 287033
    - repeat of 1599763820 found, step 318589
    - repeat of 1824570665 found, step 334420
    - repeat of 48522127 found, step 335516
    - repeat of 4106846138 found, step 351920
    - repeat of 1338562509 found, step 362878
    - repeat of 48976597 found, step 369129
    - repeat of 2937298985 found, step 397348
    - repeat of 1878161114 found, step 398023
    - repeat of 4147318787 found, step 408533
    - repeat of 3752409661 found, step 411580
  - Phase 3, Testing candidates completed (0.00839322 seconds)
- Testing for repeats completed (0.0150704 seconds)
---
17 repeats, p-value = 0.297021

Memory usage summary: heap total: 564225, heap peak: 400384, stack peak: 5664
         total calls   total memory   failed calls
 malloc|          5         564225              0
realloc|          0              0              0  (nomove:0, dec:0, free:0)
 calloc|          0              0              0
   free|          4         491521
Histogram for block sizes:
32768-32783           1  20% ============
   large              4  80% ==================================================
