- bump_allocator_static< std::__detail::_Hash_node<unsigned int, false> > (item size = 16) at 0x6042d0 created!
- bump_allocator_static< std::__detail::_Hash_node_base* > (item size = 8) at 0x604310 created!
- mempool at 0x604298 allocated new chunk at 0x7ff825241020
- mempool at 0x604298 deallocated chunk at 0x7ff825241020
Testing pcg32
	0..4294967295 is range of generator
	414487 outputs to scan for duplicates [6.32456*sqrt(range)]
	20.0001 duplicates expected on average
	2.06097e-09 is probability of zero duplicates
	0x23a2f5a6 is seed for this run
---
- Testing for repeats started...
  - Allocating memory started...
    - allocated hash table of reserved for 414487 elements
  - Allocating memory completed (0.00186014 seconds)
  - Checking PRNG output started...
    - repeat of 4279355921 found, step 56407
    - repeat of 2269423142 found, step 149736
    - repeat of 669311442 found, step 152289
    - repeat of 267974719 found, step 176757
    - repeat of 2532464852 found, step 184624
    - repeat of 3639728926 found, step 247860
    - repeat of 2545604919 found, step 249448
    - repeat of 431875883 found, step 265316
    - repeat of 592191306 found, step 266273
    - repeat of 3968950900 found, step 268231
    - repeat of 2971945928 found, step 280822
    - repeat of 385715304 found, step 292030
    - repeat of 3384542162 found, step 309720
    - repeat of 1396523238 found, step 328270
    - repeat of 597921113 found, step 363923
    - repeat of 2412695580 found, step 381983
    - repeat of 3023870413 found, step 388389
  - Checking PRNG output completed (0.0436355 seconds)
- Testing for repeats completed (0.0455206 seconds)
---
17 repeats, p-value = 0.297021
- bump_allocator_static< std::__detail::_Hash_node_base* > at 0x604310 destroyed!
 - total_allocations_  = 1
 - active_allocations_ = 0
 - high_allocations_   = 1
 - total_mem_  = 3555896
 - active_mem_ = 0
 - high_mem_   = 3555896
- bump_allocator_static< std::__detail::_Hash_node<unsigned int, false> > at 0x6042d0 destroyed!
 - total_allocations_  = 414470
 - active_allocations_ = 0
 - high_allocations_   = 414470
 - total_mem_  = 6631520
 - active_mem_ = 0
 - high_mem_   = 6631520

Memory usage summary: heap total: 1073815760, heap peak: 1073815568, stack peak: 2816
         total calls   total memory   failed calls
 malloc|          5     1073815568              0
realloc|          4            192              0  (nomove:0, dec:0, free:0)
 calloc|          0              0              0
   free|          6     1073742032
Histogram for block sizes:
   16-31              1  11% =========================
   32-47              2  22% ==================================================
   64-79              2  22% ==================================================
  512-527             2  22% ==================================================
   large              2  22% ==================================================
