Testing pcg64
	0..18446744073709551615 is range of generator
	13034599790 outputs to scan for duplicates [3.03485*sqrt(range)]
	4.60517 duplicates expected on average
	0.01 is probability of zero duplicates
	0x5195d10c is seed for this run
---
- Testing for repeats started...
  - Allocating memory started...
    - allocated bloomish filter with 1073741824 64-bit elements (3 bits/entry)
    - allocated possible-match log with 536870912 64-bit elements
  - Allocating memory completed (2.9853e-05 seconds)
  - Phase 1, Gathering repeat candidates started...
    - 362415538 repeat candidates found
  - Phase 1, Gathering repeat candidates completed (958.078 seconds)
  - Reallocating memory started...
    - Deallocated bloomish filter
    - Allocated hash table of the same size
  - Reallocating memory completed (3.02159 seconds)
  - Phase 2, Storing candidates in hash table started...
  - Phase 2, Storing candidates in hash table completed (9.23185 seconds)
  - Phase 3, Testing candidates started...
    - repeat of 14028653775083307610 found, step 7754135027
    - repeat of 12621122420350939763 found, step 9728990033
    - repeat of 14775004735246061511 found, step 11145897979
    - repeat of 17499007611837198906 found, step 12012498179
  - Phase 3, Testing candidates completed (541.602 seconds)
- Testing for repeats completed (1511.93 seconds)
---
4 repeats, p-value = 1 - 0.487735

Memory usage summary: heap total: 22548651009, heap peak: 13958716417, stack peak: 5696
         total calls   total memory   failed calls
 malloc|          5    22548651009              0
realloc|          0              0              0  (nomove:0, dec:0, free:0)
 calloc|          0              0              0
   free|          4    22548578305
Histogram for block sizes:
   large              5 100% ==================================================
