Testing jsf32
	0..4294967295 is range of generator
	198893 outputs to scan for duplicates [3.03485*sqrt(range)]
	4.60521 duplicates expected on average
	0.00999963 is probability of zero duplicates
	0xb71c32b is seed for this run
---
- Testing for repeats started...
  - Allocating memory started...
    - allocated hash table of reserved for 198893 elements
  - Allocating memory completed (0.00145835 seconds)
  - Checking PRNG output started...
    - repeat of 3389988801 found, step 43475
    - repeat of 3745565971 found, step 100334
    - repeat of 2473639266 found, step 100632
    - repeat of 984958632 found, step 103194
    - repeat of 1926481523 found, step 131640
    - repeat of 3554890564 found, step 192586
  - Checking PRNG output completed (0.0574458 seconds)
- Testing for repeats completed (0.0589198 seconds)
---
6 repeats, p-value = 1 - 0.18266

Memory usage summary: heap total: 4874168, heap peak: 4874168, stack peak: 5648
         total calls   total memory   failed calls
 malloc|     198889        4874168              0
realloc|          0              0              0  (nomove:0, dec:0, free:0)
 calloc|          0              0              0
   free|     198888        4801464
Histogram for block sizes:
   16-31         198887  99% ==================================================
   large              2  <1% 
