Testing xorshift64star32a
	0..4294967295 is range of generator
	414487 outputs to scan for duplicates [6.32456*sqrt(range)]
	19.9994 duplicates expected on average
	2.06239e-09 is probability of zero duplicates
	0x86ab5ae2 is seed for this run
---
- Testing for repeats started...
  - Allocating memory started...
    - allocated bloomish filter with 32768 64-bit elements (3 bits/entry)
    - allocated possible-match log with 16384 32-bit elements
  - Allocating memory completed (1.0462e-05 seconds)
  - Phase 1, Gathering repeat candidates started...
    - 15364 repeat candidates found
  - Phase 1, Gathering repeat candidates completed (0.00651254 seconds)
  - Reallocating memory started...
    - Deallocated bloomish filter
    - Allocated hash table of the same size
  - Reallocating memory completed (8.9417e-05 seconds)
  - Phase 2, Storing candidates in hash table started...
  - Phase 2, Storing candidates in hash table completed (0.000159849 seconds)
  - Phase 3, Testing candidates started...
    - repeat of 2222488505 found, step 89495
    - repeat of 4095152190 found, step 254650
    - repeat of 3360124079 found, step 260212
    - repeat of 1274483928 found, step 262266
    - repeat of 1045804120 found, step 263661
    - repeat of 2100131365 found, step 276018
    - repeat of 1736213161 found, step 277933
    - repeat of 1667811534 found, step 281035
    - repeat of 1643026305 found, step 282138
    - repeat of 2670723669 found, step 284385
    - repeat of 1461594267 found, step 285869
    - repeat of 3500567646 found, step 298505
    - repeat of 2869157713 found, step 336918
    - repeat of 133462751 found, step 395732
    - repeat of 3939582 found, step 400738
  - Phase 3, Testing candidates completed (0.00821644 seconds)
- Testing for repeats completed (0.0150021 seconds)
---
15 repeats, p-value = 0.156544

Memory usage summary: heap total: 564225, heap peak: 400384, stack peak: 5664
         total calls   total memory   failed calls
 malloc|          5         564225              0
realloc|          0              0              0  (nomove:0, dec:0, free:0)
 calloc|          0              0              0
   free|          4         491521
Histogram for block sizes:
32768-32783           1  20% ============
   large              4  80% ==================================================
