Testing std::mt19937
	0..4294967295 is range of generator
	414487 outputs to scan for duplicates [6.32456*sqrt(range)]
	20.0001 duplicates expected on average
	2.06097e-09 is probability of zero duplicates
	0xa8faec86 is seed for this run
---
- Testing for repeats started...
  - Allocating memory started...
    - allocated hash table of reserved for 414487 elements
  - Allocating memory completed (0.00319281 seconds)
  - Checking PRNG output started...
    - repeat of 4226623805 found, step 62596
    - repeat of 3890822150 found, step 68172
    - repeat of 942735275 found, step 172882
    - repeat of 3003573924 found, step 175165
    - repeat of 456895744 found, step 223557
    - repeat of 3635401923 found, step 230294
    - repeat of 180048382 found, step 264494
    - repeat of 1834555283 found, step 278481
    - repeat of 1687643597 found, step 279424
    - repeat of 125272176 found, step 298145
    - repeat of 2887006979 found, step 314449
    - repeat of 1674438526 found, step 331546
    - repeat of 2360755219 found, step 347512
    - repeat of 288744058 found, step 351565
    - repeat of 1119961049 found, step 354549
    - repeat of 2919356861 found, step 357202
    - repeat of 1953709590 found, step 359145
    - repeat of 2836480150 found, step 366048
  - Checking PRNG output completed (0.0979219 seconds)
- Testing for repeats completed (0.101133 seconds)
---
18 repeats, p-value = 0.381414

Memory usage summary: heap total: 10260104, heap peak: 10260104, stack peak: 10608
         total calls   total memory   failed calls
 malloc|     414471       10260104              0
realloc|          0              0              0  (nomove:0, dec:0, free:0)
 calloc|          0              0              0
   free|     414470       10187400
Histogram for block sizes:
   16-31         414469  99% ==================================================
   large              2  <1% 
