Testing xorshift64star32a
	0..4294967295 is range of generator
	414487 outputs to scan for duplicates [6.32456*sqrt(range)]
	19.9994 duplicates expected on average
	2.06239e-09 is probability of zero duplicates
	0x57868f35 is seed for this run
---
- Testing for repeats started...
  - Allocating memory started...
    - allocated hash table of reserved for 414487 elements
  - Allocating memory completed (0.00121121 seconds)
  - Checking PRNG output started...
    - repeat of 266314407 found, step 31439
    - repeat of 1683964578 found, step 70081
    - repeat of 1937124685 found, step 102157
    - repeat of 155104775 found, step 158471
    - repeat of 3919859486 found, step 250430
    - repeat of 1135340770 found, step 260668
    - repeat of 2590450981 found, step 272427
    - repeat of 2305732513 found, step 273761
    - repeat of 2294741101 found, step 274955
    - repeat of 1757636117 found, step 291180
    - repeat of 2631666792 found, step 337701
    - repeat of 4194240962 found, step 350120
    - repeat of 1958751554 found, step 364375
    - repeat of 3683130019 found, step 377057
    - repeat of 3765008065 found, step 377444
    - repeat of 3359450779 found, step 388020
    - repeat of 378256997 found, step 391590
    - repeat of 1940021255 found, step 407632
  - Checking PRNG output completed (0.0534296 seconds)
- Testing for repeats completed (0.0546575 seconds)
---
18 repeats, p-value = 0.381473

Memory usage summary: heap total: 10260104, heap peak: 10260104, stack peak: 5648
         total calls   total memory   failed calls
 malloc|     414471       10260104              0
realloc|          0              0              0  (nomove:0, dec:0, free:0)
 calloc|          0              0              0
   free|     414470       10187400
Histogram for block sizes:
   16-31         414469  99% ==================================================
   large              2  <1% 
