Testing pcg32_fast
	0..4294967295 is range of generator
	198893 outputs to scan for duplicates [3.03485*sqrt(range)]
	4.60521 duplicates expected on average
	0.00999963 is probability of zero duplicates
	0xb4481d68 is seed for this run
---
- Testing for repeats started...
  - Allocating memory started...
    - allocated 256 buckets of capacity 971
    - allocated 256 bucket counters
  - Allocating memory completed (9.691e-06 seconds)
  - Storing PRNG output started...
  - Storing PRNG output completed (0.0009685 seconds)
  - Sorting started...
  - Sorting completed (0.0103127 seconds)
  - Scanning for duplicates started...
    - repeat of 2870882932 found
    - repeat of 1422894458 found
    - repeat of 235621521 found
    - repeat of 1252777977 found
  - Scanning for duplicates completed (0.000196277 seconds)
- Testing for repeats completed (0.0114975 seconds)
---
4 repeats, p-value = 1 - 0.487742

Memory usage summary: heap total: 1068032, heap peak: 1068032, stack peak: 5616
         total calls   total memory   failed calls
 malloc|          3        1068032              0
realloc|          0              0              0  (nomove:0, dec:0, free:0)
 calloc|          0              0              0
   free|          0              0
Histogram for block sizes:
 1024-1039            1  33% =========================
   large              2  66% ==================================================
