Testing pcg32_fast
	0..4294967295 is range of generator
	414487 outputs to scan for duplicates [6.32456*sqrt(range)]
	20.0001 duplicates expected on average
	2.06097e-09 is probability of zero duplicates
	0x88307739 is seed for this run
---
- Testing for repeats started...
  - Allocating memory started...
    - allocated hash table of reserved for 414487 elements
  - Allocating memory completed (0.00211851 seconds)
  - Checking PRNG output started...
    - repeat of 3019807769 found, step 179680
    - repeat of 966450313 found, step 217858
    - repeat of 4167021545 found, step 239523
    - repeat of 2617468582 found, step 268455
    - repeat of 1864730723 found, step 301364
    - repeat of 2692945018 found, step 312177
    - repeat of 3987321747 found, step 326811
    - repeat of 2232216212 found, step 330869
    - repeat of 2692754383 found, step 336357
    - repeat of 1437282853 found, step 351910
    - repeat of 3973953446 found, step 352342
    - repeat of 4191045358 found, step 353298
    - repeat of 1045473527 found, step 353486
    - repeat of 4085637079 found, step 359492
    - repeat of 2812832496 found, step 366642
    - repeat of 1201953071 found, step 369588
    - repeat of 2639773027 found, step 374230
    - repeat of 551540609 found, step 400055
  - Checking PRNG output completed (0.0907895 seconds)
- Testing for repeats completed (0.0929252 seconds)
---
18 repeats, p-value = 0.381414

Memory usage summary: heap total: 10260104, heap peak: 10260104, stack peak: 5648
         total calls   total memory   failed calls
 malloc|     414471       10260104              0
realloc|          0              0              0  (nomove:0, dec:0, free:0)
 calloc|          0              0              0
   free|     414470       10187400
Histogram for block sizes:
   16-31         414469  99% ==================================================
   large              2  <1% 
