Testing std::mt19937
	0..4294967295 is range of generator
	414487 outputs to scan for duplicates [6.32456*sqrt(range)]
	20.0001 duplicates expected on average
	2.06097e-09 is probability of zero duplicates
	0x77be7eef is seed for this run
---
- Testing for repeats started...
  - Allocating memory started...
    - allocated hash table of reserved for 414487 elements
  - Allocating memory completed (0.00212179 seconds)
  - Checking PRNG output started...
    - repeat of 3138156608 found, step 53283
    - repeat of 1290055193 found, step 58932
    - repeat of 973657215 found, step 107050
    - repeat of 1944413446 found, step 130994
    - repeat of 213686217 found, step 144701
    - repeat of 4020934767 found, step 173196
    - repeat of 3034498230 found, step 175085
    - repeat of 3878315891 found, step 214370
    - repeat of 387486119 found, step 214942
    - repeat of 3695467503 found, step 223655
    - repeat of 348634424 found, step 263680
    - repeat of 186818978 found, step 266270
    - repeat of 2621120237 found, step 270023
    - repeat of 881826139 found, step 289974
    - repeat of 869267412 found, step 305187
    - repeat of 3315791388 found, step 311403
    - repeat of 2105671696 found, step 324159
    - repeat of 575535041 found, step 325732
    - repeat of 887880912 found, step 338540
    - repeat of 2998787850 found, step 352348
    - repeat of 2243962052 found, step 399538
    - repeat of 4223075743 found, step 409354
  - Checking PRNG output completed (0.136059 seconds)
- Testing for repeats completed (0.138201 seconds)
---
22 repeats, p-value = 1 - 0.279396

Memory usage summary: heap total: 10260040, heap peak: 10260040, stack peak: 10608
         total calls   total memory   failed calls
 malloc|     414467       10260040              0
realloc|          0              0              0  (nomove:0, dec:0, free:0)
 calloc|          0              0              0
   free|     414466       10187336
Histogram for block sizes:
   16-31         414465  99% ==================================================
   large              2  <1% 
