- bump_allocator_static< std::__detail::_Hash_node<unsigned long, false> > (item size = 16) at 0x6042d0 created!
- bump_allocator_static< std::__detail::_Hash_node_base* > (item size = 8) at 0x604310 created!
- mempool at 0x604298 allocated new chunk at 0x7f7cba1c7020
- mempool at 0x604298 deallocated chunk at 0x7f7cba1c7020
Testing std::mt19937
	0..4294967295 is range of generator
	414487 outputs to scan for duplicates [6.32456*sqrt(range)]
	20.0001 duplicates expected on average
	2.06097e-09 is probability of zero duplicates
	0x7597a6a0 is seed for this run
---
- Testing for repeats started...
  - Allocating memory started...
    - allocated hash table of reserved for 414487 elements
  - Allocating memory completed (0.00263524 seconds)
  - Checking PRNG output started...
    - repeat of 806405501 found, step 63765
    - repeat of 2861604285 found, step 108080
    - repeat of 3893131546 found, step 124299
    - repeat of 1158200426 found, step 135281
    - repeat of 397832012 found, step 146531
    - repeat of 4241994326 found, step 185705
    - repeat of 181178946 found, step 190604
    - repeat of 3632233476 found, step 233369
    - repeat of 774174561 found, step 233586
    - repeat of 2261704042 found, step 250290
    - repeat of 2465590916 found, step 256903
    - repeat of 1664257129 found, step 269698
    - repeat of 443261692 found, step 289339
    - repeat of 1244558378 found, step 292552
    - repeat of 3382383163 found, step 294729
    - repeat of 3874371458 found, step 304458
    - repeat of 3011828210 found, step 334335
    - repeat of 4152853704 found, step 380665
    - repeat of 3133607812 found, step 381553
    - repeat of 1637554919 found, step 393817
    - repeat of 3861588092 found, step 404408
  - Checking PRNG output completed (0.0453942 seconds)
- Testing for repeats completed (0.0480473 seconds)
---
21 repeats, p-value = 1 - 0.35631
- bump_allocator_static< std::__detail::_Hash_node_base* > at 0x604310 destroyed!
 - total_allocations_  = 1
 - active_allocations_ = 0
 - high_allocations_   = 1
 - total_mem_  = 3555896
 - active_mem_ = 0
 - high_mem_   = 3555896
- bump_allocator_static< std::__detail::_Hash_node<unsigned long, false> > at 0x6042d0 destroyed!
 - total_allocations_  = 414466
 - active_allocations_ = 0
 - high_allocations_   = 414466
 - total_mem_  = 6631456
 - active_mem_ = 0
 - high_mem_   = 6631456

Memory usage summary: heap total: 1073815760, heap peak: 1073815568, stack peak: 2816
         total calls   total memory   failed calls
 malloc|          5     1073815568              0
realloc|          4            192              0  (nomove:0, dec:0, free:0)
 calloc|          0              0              0
   free|          6     1073742032
Histogram for block sizes:
   16-31              1  11% =========================
   32-47              2  22% ==================================================
   64-79              2  22% ==================================================
  512-527             2  22% ==================================================
   large              2  22% ==================================================
