- bump_allocator_static< std::__detail::_Hash_node<unsigned int, false> > (item size = 16) at 0x6042d0 created!
- bump_allocator_static< std::__detail::_Hash_node_base* > (item size = 8) at 0x604310 created!
- mempool at 0x604298 allocated new chunk at 0x7f20b52d1020
- mempool at 0x604298 deallocated chunk at 0x7f20b52d1020
Testing sfc32
	0..4294967295 is range of generator
	414487 outputs to scan for duplicates [6.32456*sqrt(range)]
	20.0001 duplicates expected on average
	2.06097e-09 is probability of zero duplicates
	0x9de9b7dd is seed for this run
---
- Testing for repeats started...
  - Allocating memory started...
    - allocated hash table of reserved for 414487 elements
  - Allocating memory completed (0.0011635 seconds)
  - Checking PRNG output started...
    - repeat of 1331273884 found, step 29877
    - repeat of 3432011059 found, step 124326
    - repeat of 714928683 found, step 129544
    - repeat of 2931026494 found, step 135341
    - repeat of 602524344 found, step 218490
    - repeat of 3218858370 found, step 222330
    - repeat of 4151205192 found, step 247121
    - repeat of 234241820 found, step 282132
    - repeat of 646318088 found, step 288462
    - repeat of 1496528760 found, step 300247
    - repeat of 1317551996 found, step 305347
    - repeat of 909741225 found, step 308363
    - repeat of 2745971003 found, step 368154
    - repeat of 260150098 found, step 373071
    - repeat of 2719334779 found, step 384785
    - repeat of 4256909279 found, step 388700
    - repeat of 4063681042 found, step 390908
    - repeat of 4157337798 found, step 405265
  - Checking PRNG output completed (0.0291041 seconds)
- Testing for repeats completed (0.0302802 seconds)
---
18 repeats, p-value = 0.381414
- bump_allocator_static< std::__detail::_Hash_node_base* > at 0x604310 destroyed!
 - total_allocations_  = 1
 - active_allocations_ = 0
 - high_allocations_   = 1
 - total_mem_  = 3555896
 - active_mem_ = 0
 - high_mem_   = 3555896
- bump_allocator_static< std::__detail::_Hash_node<unsigned int, false> > at 0x6042d0 destroyed!
 - total_allocations_  = 414469
 - active_allocations_ = 0
 - high_allocations_   = 414469
 - total_mem_  = 6631504
 - active_mem_ = 0
 - high_mem_   = 6631504

Memory usage summary: heap total: 1073815760, heap peak: 1073815568, stack peak: 2816
         total calls   total memory   failed calls
 malloc|          5     1073815568              0
realloc|          4            192              0  (nomove:0, dec:0, free:0)
 calloc|          0              0              0
   free|          6     1073742032
Histogram for block sizes:
   16-31              1  11% =========================
   32-47              2  22% ==================================================
   64-79              2  22% ==================================================
  512-527             2  22% ==================================================
   large              2  22% ==================================================
