Testing std::mt19937
	0..4294967295 is range of generator
	414487 outputs to scan for duplicates [6.32456*sqrt(range)]
	20.0001 duplicates expected on average
	2.06097e-09 is probability of zero duplicates
	0x19e55f7c is seed for this run
---
- Testing for repeats started...
  - Allocating memory started...
    - allocated hash table of reserved for 414487 elements
  - Allocating memory completed (0.00245539 seconds)
  - Checking PRNG output started...
    - repeat of 3516342608 found, step 65867
    - repeat of 2274744222 found, step 88441
    - repeat of 2306145063 found, step 115160
    - repeat of 689649356 found, step 153644
    - repeat of 27214861 found, step 155438
    - repeat of 519621399 found, step 204635
    - repeat of 1442185397 found, step 221196
    - repeat of 1527177347 found, step 274671
    - repeat of 2440674516 found, step 276283
    - repeat of 2021081471 found, step 278214
    - repeat of 4257741921 found, step 286799
    - repeat of 2407994849 found, step 297113
    - repeat of 1704773701 found, step 301542
    - repeat of 3248351078 found, step 313850
    - repeat of 2467646001 found, step 316630
    - repeat of 3345314639 found, step 387602
    - repeat of 125851776 found, step 407549
    - repeat of 1480350158 found, step 413004
  - Checking PRNG output completed (0.11489 seconds)
- Testing for repeats completed (0.117364 seconds)
---
18 repeats, p-value = 0.381414

Memory usage summary: heap total: 10260104, heap peak: 10260104, stack peak: 10608
         total calls   total memory   failed calls
 malloc|     414471       10260104              0
realloc|          0              0              0  (nomove:0, dec:0, free:0)
 calloc|          0              0              0
   free|     414470       10187400
Histogram for block sizes:
   16-31         414469  99% ==================================================
   large              2  <1% 
