Testing xorshift64star32a
	0..4294967295 is range of generator
	414487 outputs to scan for duplicates [6.32456*sqrt(range)]
	19.9994 duplicates expected on average
	2.06239e-09 is probability of zero duplicates
	0xbd110e2a is seed for this run
---
- Testing for repeats started...
  - Allocating memory started...
    - allocated bloomish filter with 32768 64-bit elements (3 bits/entry)
    - allocated possible-match log with 16384 32-bit elements
  - Allocating memory completed (1.6949e-05 seconds)
  - Phase 1, Gathering repeat candidates started...
    - 15395 repeat candidates found
  - Phase 1, Gathering repeat candidates completed (0.0110248 seconds)
  - Reallocating memory started...
    - Deallocated bloomish filter
    - Allocated hash table of the same size
  - Reallocating memory completed (0.000157982 seconds)
  - Phase 2, Storing candidates in hash table started...
  - Phase 2, Storing candidates in hash table completed (0.00026165 seconds)
  - Phase 3, Testing candidates started...
    - repeat of 2892147804 found, step 92417
    - repeat of 2005097486 found, step 103273
    - repeat of 734352238 found, step 116191
    - repeat of 243926650 found, step 141154
    - repeat of 674247018 found, step 152372
    - repeat of 1470190634 found, step 230875
    - repeat of 3525223395 found, step 237099
    - repeat of 4116172640 found, step 237444
    - repeat of 2948080685 found, step 242166
    - repeat of 750864698 found, step 265385
    - repeat of 301652749 found, step 269779
    - repeat of 1822281584 found, step 271112
    - repeat of 4086760786 found, step 295493
    - repeat of 3013027204 found, step 296328
    - repeat of 3423166333 found, step 299614
    - repeat of 742150315 found, step 301419
    - repeat of 3251168742 found, step 319038
    - repeat of 4235025727 found, step 346327
    - repeat of 3347916243 found, step 353796
    - repeat of 4009105813 found, step 357438
    - repeat of 1208840468 found, step 369835
    - repeat of 1817997396 found, step 373775
    - repeat of 2885535303 found, step 381582
    - repeat of 445243626 found, step 387030
    - repeat of 3397965010 found, step 387579
  - Phase 3, Testing candidates completed (0.0134839 seconds)
- Testing for repeats completed (0.0249679 seconds)
---
25 repeats, p-value = 1 - 0.112158

Memory usage summary: heap total: 564225, heap peak: 400384, stack peak: 5664
         total calls   total memory   failed calls
 malloc|          5         564225              0
realloc|          0              0              0  (nomove:0, dec:0, free:0)
 calloc|          0              0              0
   free|          4         491521
Histogram for block sizes:
32768-32783           1  20% ============
   large              4  80% ==================================================
