Testing xoroshiro64star32
	0..4294967295 is range of generator
	414487 outputs to scan for duplicates [6.32456*sqrt(range)]
	20.0001 duplicates expected on average
	2.06097e-09 is probability of zero duplicates
	0x29ba75f8 is seed for this run
---
- Testing for repeats started...
  - Allocating memory started...
    - allocated array of size 414487.
  - Allocating memory completed (5.913e-06 seconds)
  - Storing PRNG output started...
  - Storing PRNG output completed (0.00229732 seconds)
  - Sorting started...
  - Sorting completed (0.0597644 seconds)
  - Scanning for duplicates started...
    - repeat of 43425648 found
    - repeat of 128058329 found
    - repeat of 681140333 found
    - repeat of 946441189 found
    - repeat of 1032491867 found
    - repeat of 1104260722 found
    - repeat of 1336087316 found
    - repeat of 1470919378 found
    - repeat of 1723782777 found
    - repeat of 2024190416 found
    - repeat of 2223522630 found
    - repeat of 2225009445 found
    - repeat of 2293858015 found
    - repeat of 2463981231 found
    - repeat of 2483595677 found
    - repeat of 2528606601 found
    - repeat of 3153319750 found
    - repeat of 3226761784 found
    - repeat of 3436680592 found
    - repeat of 3612580415 found
    - repeat of 3730057092 found
  - Scanning for duplicates completed (0.000498934 seconds)
- Testing for repeats completed (0.0625859 seconds)
---
21 repeats, p-value = 1 - 0.35631

Memory usage summary: heap total: 1730652, heap peak: 1730652, stack peak: 5568
         total calls   total memory   failed calls
 malloc|          2        1730652              0
realloc|          0              0              0  (nomove:0, dec:0, free:0)
 calloc|          0              0              0
   free|          0              0
Histogram for block sizes:
   large              2 100% ==================================================
