Testing xorshift64star32a
	0..4294967295 is range of generator
	198893 outputs to scan for duplicates [3.03485*sqrt(range)]
	4.60511 duplicates expected on average
	0.0100006 is probability of zero duplicates
	0x344321fe is seed for this run
---
- Testing for repeats started...
  - Allocating memory started...
    - allocated hash table of reserved for 198893 elements
  - Allocating memory completed (0.00115902 seconds)
  - Checking PRNG output started...
    - repeat of 2273268840 found, step 43932
    - repeat of 3090648853 found, step 102285
    - repeat of 2190680932 found, step 117066
    - repeat of 4201504924 found, step 157041
    - repeat of 2870027516 found, step 163127
    - repeat of 2370666131 found, step 180969
    - repeat of 3022593123 found, step 185728
  - Checking PRNG output completed (0.0293123 seconds)
- Testing for repeats completed (0.0304811 seconds)
---
7 repeats, p-value = 1 - 0.0954959

Memory usage summary: heap total: 4874152, heap peak: 4874152, stack peak: 5648
         total calls   total memory   failed calls
 malloc|     198888        4874152              0
realloc|          0              0              0  (nomove:0, dec:0, free:0)
 calloc|          0              0              0
   free|     198887        4801448
Histogram for block sizes:
   16-31         198886  99% ==================================================
   large              2  <1% 
