- bump_allocator_static< std::__detail::_Hash_node<unsigned int, false> > (item size = 16) at 0x6042d0 created!
- bump_allocator_static< std::__detail::_Hash_node_base* > (item size = 8) at 0x604310 created!
- mempool at 0x604298 allocated new chunk at 0x7f73de1ce020
- mempool at 0x604298 deallocated chunk at 0x7f73de1ce020
Testing pcg32
	0..4294967295 is range of generator
	414487 outputs to scan for duplicates [6.32456*sqrt(range)]
	20.0001 duplicates expected on average
	2.06097e-09 is probability of zero duplicates
	0x14985c1b is seed for this run
---
- Testing for repeats started...
  - Allocating memory started...
    - allocated hash table of reserved for 414487 elements
  - Allocating memory completed (0.00147942 seconds)
  - Checking PRNG output started...
    - repeat of 1612045586 found, step 34412
    - repeat of 679417967 found, step 78932
    - repeat of 839020961 found, step 97536
    - repeat of 3846029699 found, step 128735
    - repeat of 2838913167 found, step 178830
    - repeat of 2114038790 found, step 186995
    - repeat of 2517748917 found, step 201937
    - repeat of 735987862 found, step 240106
    - repeat of 4165385900 found, step 249186
    - repeat of 39810452 found, step 250500
    - repeat of 95423355 found, step 268444
    - repeat of 4256131028 found, step 288118
    - repeat of 2605651292 found, step 300817
    - repeat of 993377243 found, step 308105
    - repeat of 1277067744 found, step 318369
    - repeat of 346426802 found, step 318417
    - repeat of 2446792888 found, step 329439
    - repeat of 1195817074 found, step 346872
    - repeat of 260473302 found, step 351146
    - repeat of 2663393827 found, step 354855
    - repeat of 2314524939 found, step 367437
    - repeat of 2653321589 found, step 390529
    - repeat of 3688749520 found, step 391230
  - Checking PRNG output completed (0.0285715 seconds)
- Testing for repeats completed (0.0300661 seconds)
---
23 repeats, p-value = 1 - 0.212513
- bump_allocator_static< std::__detail::_Hash_node_base* > at 0x604310 destroyed!
 - total_allocations_  = 1
 - active_allocations_ = 0
 - high_allocations_   = 1
 - total_mem_  = 3555896
 - active_mem_ = 0
 - high_mem_   = 3555896
- bump_allocator_static< std::__detail::_Hash_node<unsigned int, false> > at 0x6042d0 destroyed!
 - total_allocations_  = 414464
 - active_allocations_ = 0
 - high_allocations_   = 414464
 - total_mem_  = 6631424
 - active_mem_ = 0
 - high_mem_   = 6631424

Memory usage summary: heap total: 1073815760, heap peak: 1073815568, stack peak: 2816
         total calls   total memory   failed calls
 malloc|          5     1073815568              0
realloc|          4            192              0  (nomove:0, dec:0, free:0)
 calloc|          0              0              0
   free|          6     1073742032
Histogram for block sizes:
   16-31              1  11% =========================
   32-47              2  22% ==================================================
   64-79              2  22% ==================================================
  512-527             2  22% ==================================================
   large              2  22% ==================================================
