Testing pcg32_fast
	0..4294967295 is range of generator
	414487 outputs to scan for duplicates [6.32456*sqrt(range)]
	20.0001 duplicates expected on average
	2.06097e-09 is probability of zero duplicates
	0x48ccf4f9 is seed for this run
---
- Testing for repeats started...
  - Allocating memory started...
    - allocated 256 buckets of capacity 2023
    - allocated 256 bucket counters
  - Allocating memory completed (1.3268e-05 seconds)
  - Storing PRNG output started...
  - Storing PRNG output completed (0.00288022 seconds)
  - Sorting started...
  - Sorting completed (0.0242452 seconds)
  - Scanning for duplicates started...
    - repeat of 217475360 found
    - repeat of 1559636005 found
    - repeat of 478076715 found
    - repeat of 1738531630 found
    - repeat of 1784884792 found
    - repeat of 353904703 found
    - repeat of 918870346 found
    - repeat of 1849845843 found
    - repeat of 3251596629 found
    - repeat of 1021058419 found
    - repeat of 2841110388 found
    - repeat of 1842316923 found
    - repeat of 3714538621 found
    - repeat of 1304892039 found
    - repeat of 446575757 found
    - repeat of 2275607443 found
    - repeat of 878757293 found
    - repeat of 2360930485 found
    - repeat of 1410784496 found
  - Scanning for duplicates completed (0.000383901 seconds)
- Testing for repeats completed (0.027543 seconds)
---
19 repeats, p-value = 0.470249

Memory usage summary: heap total: 2145280, heap peak: 2145280, stack peak: 5616
         total calls   total memory   failed calls
 malloc|          3        2145280              0
realloc|          0              0              0  (nomove:0, dec:0, free:0)
 calloc|          0              0              0
   free|          0              0
Histogram for block sizes:
 1024-1039            1  33% =========================
   large              2  66% ==================================================
