- bump_allocator_static< std::__detail::_Hash_node<unsigned int, false> > (item size = 16) at 0x6042d0 created!
- bump_allocator_static< std::__detail::_Hash_node_base* > (item size = 8) at 0x604310 created!
- mempool at 0x604298 allocated new chunk at 0x7f92327e7020
- mempool at 0x604298 deallocated chunk at 0x7f92327e7020
Testing gjrand32
	0..4294967295 is range of generator
	414487 outputs to scan for duplicates [6.32456*sqrt(range)]
	20.0001 duplicates expected on average
	2.06097e-09 is probability of zero duplicates
	0xd5563eec is seed for this run
---
- Testing for repeats started...
  - Allocating memory started...
    - allocated hash table of reserved for 414487 elements
  - Allocating memory completed (0.000701169 seconds)
  - Checking PRNG output started...
    - repeat of 3037601916 found, step 81477
    - repeat of 1501027381 found, step 93731
    - repeat of 3012234118 found, step 98960
    - repeat of 3112613667 found, step 179439
    - repeat of 692628840 found, step 239843
    - repeat of 1460918104 found, step 283623
    - repeat of 1947976653 found, step 305155
    - repeat of 3116361373 found, step 325541
    - repeat of 3460277720 found, step 333017
    - repeat of 3368633574 found, step 336158
    - repeat of 3923368333 found, step 344462
    - repeat of 375281492 found, step 373482
    - repeat of 2390256344 found, step 395281
    - repeat of 966166105 found, step 401209
    - repeat of 1325752092 found, step 412091
  - Checking PRNG output completed (0.0245918 seconds)
- Testing for repeats completed (0.0253006 seconds)
---
15 repeats, p-value = 0.156508
- bump_allocator_static< std::__detail::_Hash_node_base* > at 0x604310 destroyed!
 - total_allocations_  = 1
 - active_allocations_ = 0
 - high_allocations_   = 1
 - total_mem_  = 3555896
 - active_mem_ = 0
 - high_mem_   = 3555896
- bump_allocator_static< std::__detail::_Hash_node<unsigned int, false> > at 0x6042d0 destroyed!
 - total_allocations_  = 414472
 - active_allocations_ = 0
 - high_allocations_   = 414472
 - total_mem_  = 6631552
 - active_mem_ = 0
 - high_mem_   = 6631552

Memory usage summary: heap total: 1073815760, heap peak: 1073815568, stack peak: 2816
         total calls   total memory   failed calls
 malloc|          5     1073815568              0
realloc|          4            192              0  (nomove:0, dec:0, free:0)
 calloc|          0              0              0
   free|          6     1073742032
Histogram for block sizes:
   16-31              1  11% =========================
   32-47              2  22% ==================================================
   64-79              2  22% ==================================================
  512-527             2  22% ==================================================
   large              2  22% ==================================================
