Testing xoroshiro64starstar32
	0..4294967295 is range of generator
	414487 outputs to scan for duplicates [6.32456*sqrt(range)]
	20.0001 duplicates expected on average
	2.06097e-09 is probability of zero duplicates
	0x4435bc65 is seed for this run
---
- Testing for repeats started...
  - Allocating memory started...
    - allocated hash table of reserved for 414487 elements
  - Allocating memory completed (0.00206394 seconds)
  - Checking PRNG output started...
    - repeat of 2620823284 found, step 79182
    - repeat of 4043422527 found, step 136897
    - repeat of 47505648 found, step 141651
    - repeat of 919409279 found, step 172347
    - repeat of 137394108 found, step 176645
    - repeat of 3393378047 found, step 205725
    - repeat of 947367072 found, step 211926
    - repeat of 2957533968 found, step 281848
    - repeat of 1355131000 found, step 281937
    - repeat of 1666618368 found, step 296816
    - repeat of 1569080566 found, step 298079
    - repeat of 1129782523 found, step 336797
    - repeat of 3631592644 found, step 349299
    - repeat of 4267793763 found, step 374515
    - repeat of 2890233072 found, step 381036
    - repeat of 1756233578 found, step 394438
  - Checking PRNG output completed (0.106785 seconds)
- Testing for repeats completed (0.108868 seconds)
---
16 repeats, p-value = 0.221068

Memory usage summary: heap total: 10260136, heap peak: 10260136, stack peak: 5648
         total calls   total memory   failed calls
 malloc|     414473       10260136              0
realloc|          0              0              0  (nomove:0, dec:0, free:0)
 calloc|          0              0              0
   free|     414472       10187432
Histogram for block sizes:
   16-31         414471  99% ==================================================
   large              2  <1% 
