Testing pcg32
	0..4294967295 is range of generator
	198893 outputs to scan for duplicates [3.03485*sqrt(range)]
	4.60521 duplicates expected on average
	0.00999963 is probability of zero duplicates
	0xb7539b60 is seed for this run
---
- Testing for repeats started...
  - Allocating memory started...
    - allocated 256 buckets of capacity 971
    - allocated 256 bucket counters
  - Allocating memory completed (9.941e-06 seconds)
  - Storing PRNG output started...
  - Storing PRNG output completed (0.00104959 seconds)
  - Sorting started...
  - Sorting completed (0.0101475 seconds)
  - Scanning for duplicates started...
    - repeat of 4206005826 found
    - repeat of 1223143757 found
    - repeat of 2351830372 found
    - repeat of 2640084103 found
    - repeat of 3064494751 found
    - repeat of 3005390772 found
    - repeat of 1438409400 found
  - Scanning for duplicates completed (0.000196089 seconds)
- Testing for repeats completed (0.0114119 seconds)
---
7 repeats, p-value = 1 - 0.0955042

Memory usage summary: heap total: 1068032, heap peak: 1068032, stack peak: 5616
         total calls   total memory   failed calls
 malloc|          3        1068032              0
realloc|          0              0              0  (nomove:0, dec:0, free:0)
 calloc|          0              0              0
   free|          0              0
Histogram for block sizes:
 1024-1039            1  33% =========================
   large              2  66% ==================================================
