Testing SplitMix64
	0..18446744073709551615 is range of generator
	27163758263 outputs to scan for duplicates [6.32456*sqrt(range)]
	20 duplicates expected on average
	2.06115e-09 is probability of zero duplicates
	0xc45b8340 is seed for this run
---
- Testing for repeats started...
  - Allocating memory started...
    - allocated 65536 buckets of capacity 518107
    - allocated 65536 bucket counters
  - Allocating memory completed (0.000323618 seconds)
  - Storing PRNG output started...
  - Storing PRNG output completed (1346.53 seconds)
  - Sorting started...
  - Sorting completed (2150.69 seconds)
  - Scanning for duplicates started...
  - Scanning for duplicates completed (42.9768 seconds)
- Testing for repeats completed (3540.2 seconds)
---
0 repeats, p-value = 2.06115e-09

Memory usage summary: heap total: 271637879808, heap peak: 271637879808, stack peak: 5616
         total calls   total memory   failed calls
 malloc|          3   271637879808              0
realloc|          0              0              0  (nomove:0, dec:0, free:0)
 calloc|          0              0              0
   free|          0              0
Histogram for block sizes:
   large              3 100% ==================================================
