Testing xoroshiro64starstar32
	0..4294967295 is range of generator
	198893 outputs to scan for duplicates [3.03485*sqrt(range)]
	4.60521 duplicates expected on average
	0.00999963 is probability of zero duplicates
	0x61eb560b is seed for this run
---
- Testing for repeats started...
  - Allocating memory started...
    - allocated bloomish filter with 16384 64-bit elements (3 bits/entry)
    - allocated possible-match log with 8192 32-bit elements
  - Allocating memory completed (1.3074e-05 seconds)
  - Phase 1, Gathering repeat candidates started...
    - 5630 repeat candidates found
  - Phase 1, Gathering repeat candidates completed (0.00507126 seconds)
  - Reallocating memory started...
    - Deallocated bloomish filter
    - Allocated hash table of the same size
  - Reallocating memory completed (1.8526e-05 seconds)
  - Phase 2, Storing candidates in hash table started...
  - Phase 2, Storing candidates in hash table completed (8.5869e-05 seconds)
  - Phase 3, Testing candidates started...
    - repeat of 1203567917 found, step 99302
    - repeat of 3573482572 found, step 99312
    - repeat of 260131104 found, step 108924
    - repeat of 3737539474 found, step 109853
    - repeat of 787296847 found, step 151685
  - Phase 3, Testing candidates completed (0.0051791 seconds)
- Testing for repeats completed (0.0103881 seconds)
---
5 repeats, p-value = 1 - 0.315139

Memory usage summary: heap total: 318465, heap peak: 236544, stack peak: 5680
         total calls   total memory   failed calls
 malloc|          5         318465              0
realloc|          0              0              0  (nomove:0, dec:0, free:0)
 calloc|          0              0              0
   free|          4         245761
Histogram for block sizes:
16384-16399           1  20% ================
32768-32783           1  20% ================
   large              3  60% ==================================================
