Testing pcg32_fast
	0..4294967295 is range of generator
	414487 outputs to scan for duplicates [6.32456*sqrt(range)]
	20.0001 duplicates expected on average
	2.06097e-09 is probability of zero duplicates
	0x9216a4a9 is seed for this run
---
- Testing for repeats started...
  - Allocating memory started...
    - allocated hash table of reserved for 414487 elements
  - Allocating memory completed (0.0017285 seconds)
  - Checking PRNG output started...
    - repeat of 1996096176 found, step 103831
    - repeat of 1014590723 found, step 140487
    - repeat of 1923913929 found, step 143119
    - repeat of 1959728129 found, step 165873
    - repeat of 3672531507 found, step 198733
    - repeat of 496025295 found, step 226681
    - repeat of 4264303416 found, step 228451
    - repeat of 3979962490 found, step 228938
    - repeat of 1164385377 found, step 264512
    - repeat of 2728995167 found, step 275773
    - repeat of 2762021062 found, step 292279
    - repeat of 1231078850 found, step 316786
    - repeat of 919666589 found, step 318371
    - repeat of 3811648842 found, step 356784
    - repeat of 1836161315 found, step 389082
    - repeat of 1051574108 found, step 390220
    - repeat of 1191305155 found, step 395567
    - repeat of 3479568397 found, step 397688
    - repeat of 3752552242 found, step 414275
  - Checking PRNG output completed (0.0942747 seconds)
- Testing for repeats completed (0.0960232 seconds)
---
19 repeats, p-value = 0.470249

Memory usage summary: heap total: 10260088, heap peak: 10260088, stack peak: 5648
         total calls   total memory   failed calls
 malloc|     414470       10260088              0
realloc|          0              0              0  (nomove:0, dec:0, free:0)
 calloc|          0              0              0
   free|     414469       10187384
Histogram for block sizes:
   16-31         414468  99% ==================================================
   large              2  <1% 
