Testing sfc32
	0..4294967295 is range of generator
	414487 outputs to scan for duplicates [6.32456*sqrt(range)]
	20.0001 duplicates expected on average
	2.06097e-09 is probability of zero duplicates
	0xeaea3cba is seed for this run
---
- Testing for repeats started...
  - Allocating memory started...
    - allocated bloomish filter with 32768 64-bit elements (3 bits/entry)
    - allocated possible-match log with 16384 32-bit elements
  - Allocating memory completed (1.4956e-05 seconds)
  - Phase 1, Gathering repeat candidates started...
    - 15134 repeat candidates found
  - Phase 1, Gathering repeat candidates completed (0.0100183 seconds)
  - Reallocating memory started...
    - Deallocated bloomish filter
    - Allocated hash table of the same size
  - Reallocating memory completed (0.000172511 seconds)
  - Phase 2, Storing candidates in hash table started...
  - Phase 2, Storing candidates in hash table completed (0.000281364 seconds)
  - Phase 3, Testing candidates started...
    - repeat of 3514983109 found, step 74753
    - repeat of 776431427 found, step 88176
    - repeat of 1054985733 found, step 122183
    - repeat of 2172817674 found, step 144336
    - repeat of 2998321679 found, step 203273
    - repeat of 238067856 found, step 243750
    - repeat of 1578968870 found, step 265075
    - repeat of 2249608931 found, step 267195
    - repeat of 3194367125 found, step 270847
    - repeat of 1115265805 found, step 274368
    - repeat of 3006565498 found, step 287625
    - repeat of 1782759510 found, step 298273
    - repeat of 25975083 found, step 310765
    - repeat of 1498098526 found, step 314769
    - repeat of 2989968853 found, step 327444
    - repeat of 36391523 found, step 335487
    - repeat of 736936249 found, step 341213
    - repeat of 3780583733 found, step 344305
    - repeat of 3133918880 found, step 350331
    - repeat of 3317877484 found, step 366977
    - repeat of 1095690999 found, step 378372
  - Phase 3, Testing candidates completed (0.0123078 seconds)
- Testing for repeats completed (0.0228269 seconds)
---
21 repeats, p-value = 1 - 0.35631

Memory usage summary: heap total: 564225, heap peak: 400384, stack peak: 5696
         total calls   total memory   failed calls
 malloc|          5         564225              0
realloc|          0              0              0  (nomove:0, dec:0, free:0)
 calloc|          0              0              0
   free|          4         491521
Histogram for block sizes:
32768-32783           1  20% ============
   large              4  80% ==================================================
