Testing jsf32
	0..4294967295 is range of generator
	414487 outputs to scan for duplicates [6.32456*sqrt(range)]
	20.0001 duplicates expected on average
	2.06097e-09 is probability of zero duplicates
	0x874293cc is seed for this run
---
- Testing for repeats started...
  - Allocating memory started...
    - allocated hash table of reserved for 414487 elements
  - Allocating memory completed (0.00267511 seconds)
  - Checking PRNG output started...
    - repeat of 1356466691 found, step 50614
    - repeat of 3723040913 found, step 57931
    - repeat of 1864156891 found, step 88694
    - repeat of 1864354785 found, step 113592
    - repeat of 3100862358 found, step 139770
    - repeat of 2057370562 found, step 140263
    - repeat of 3184495470 found, step 150041
    - repeat of 2951321460 found, step 153038
    - repeat of 3928649557 found, step 177448
    - repeat of 2897460958 found, step 226052
    - repeat of 757396489 found, step 234253
    - repeat of 716858958 found, step 242909
    - repeat of 3000999344 found, step 253325
    - repeat of 4050904655 found, step 258804
    - repeat of 1196456246 found, step 266423
    - repeat of 2877465502 found, step 296686
    - repeat of 3106526700 found, step 323075
    - repeat of 764361413 found, step 364990
    - repeat of 3709835724 found, step 374808
    - repeat of 2672691538 found, step 391006
    - repeat of 2097027897 found, step 391581
    - repeat of 2969097138 found, step 398011
    - repeat of 3552704654 found, step 399510
  - Checking PRNG output completed (0.10888 seconds)
- Testing for repeats completed (0.111572 seconds)
---
23 repeats, p-value = 1 - 0.212513

Memory usage summary: heap total: 10260024, heap peak: 10260024, stack peak: 5648
         total calls   total memory   failed calls
 malloc|     414466       10260024              0
realloc|          0              0              0  (nomove:0, dec:0, free:0)
 calloc|          0              0              0
   free|     414465       10187320
Histogram for block sizes:
   16-31         414464  99% ==================================================
   large              2  <1% 
