Testing xoroshiro64plus32
	0..4294967295 is range of generator
	414487 outputs to scan for duplicates [6.32456*sqrt(range)]
	20.0001 duplicates expected on average
	2.06097e-09 is probability of zero duplicates
	0x262f323a is seed for this run
---
- Testing for repeats started...
  - Allocating memory started...
    - allocated 256 buckets of capacity 2023
    - allocated 256 bucket counters
  - Allocating memory completed (1.7319e-05 seconds)
  - Storing PRNG output started...
  - Storing PRNG output completed (0.00348959 seconds)
  - Sorting started...
  - Sorting completed (0.0372985 seconds)
  - Scanning for duplicates started...
    - repeat of 3481650436 found
    - repeat of 2761616670 found
    - repeat of 4208912930 found
    - repeat of 1344121893 found
    - repeat of 2770201129 found
    - repeat of 2843928105 found
    - repeat of 2810718252 found
    - repeat of 2493953583 found
    - repeat of 503387188 found
    - repeat of 1157044297 found
    - repeat of 4248645456 found
    - repeat of 307782998 found
    - repeat of 4094377305 found
    - repeat of 3096179034 found
    - repeat of 431113065 found
    - repeat of 3516150138 found
    - repeat of 3850081663 found
    - repeat of 1780499333 found
    - repeat of 3397394063 found
    - repeat of 4065506966 found
    - repeat of 221126551 found
    - repeat of 2707853979 found
    - repeat of 3429775051 found
    - repeat of 1069465808 found
    - repeat of 1491354576 found
    - repeat of 1814773749 found
  - Scanning for duplicates completed (0.00061446 seconds)
- Testing for repeats completed (0.0414391 seconds)
---
26 repeats, p-value = 1 - 0.0778899

Memory usage summary: heap total: 2145280, heap peak: 2145280, stack peak: 5616
         total calls   total memory   failed calls
 malloc|          3        2145280              0
realloc|          0              0              0  (nomove:0, dec:0, free:0)
 calloc|          0              0              0
   free|          0              0
Histogram for block sizes:
 1024-1039            1  33% =========================
   large              2  66% ==================================================
