Testing pcg32
	0..4294967295 is range of generator
	414487 outputs to scan for duplicates [6.32456*sqrt(range)]
	20.0001 duplicates expected on average
	2.06097e-09 is probability of zero duplicates
	0x7e5d9a8b is seed for this run
---
- Testing for repeats started...
  - Allocating memory started...
    - allocated hash table of reserved for 414487 elements
  - Allocating memory completed (0.00212385 seconds)
  - Checking PRNG output started...
    - repeat of 1499555406 found, step 182386
    - repeat of 2972882504 found, step 185994
    - repeat of 1260688003 found, step 205783
    - repeat of 1484131525 found, step 215365
    - repeat of 3236106506 found, step 227682
    - repeat of 2978933151 found, step 229486
    - repeat of 2314554451 found, step 239116
    - repeat of 1357883697 found, step 287696
    - repeat of 809800725 found, step 296363
    - repeat of 3334034292 found, step 308066
    - repeat of 4009774734 found, step 310841
    - repeat of 2981105103 found, step 313904
    - repeat of 4111942759 found, step 333991
    - repeat of 820537355 found, step 335857
    - repeat of 4025161631 found, step 338854
    - repeat of 1919615213 found, step 341391
    - repeat of 1755187256 found, step 349262
    - repeat of 814641565 found, step 357391
    - repeat of 1464804404 found, step 360594
    - repeat of 594248334 found, step 363701
    - repeat of 3434452239 found, step 381167
    - repeat of 3962145108 found, step 384038
    - repeat of 3922624782 found, step 385100
    - repeat of 1587255308 found, step 399005
    - repeat of 2712871335 found, step 414301
  - Checking PRNG output completed (0.0843837 seconds)
- Testing for repeats completed (0.0865217 seconds)
---
25 repeats, p-value = 1 - 0.112189

Memory usage summary: heap total: 10259992, heap peak: 10259992, stack peak: 5648
         total calls   total memory   failed calls
 malloc|     414464       10259992              0
realloc|          0              0              0  (nomove:0, dec:0, free:0)
 calloc|          0              0              0
   free|     414463       10187288
Histogram for block sizes:
   16-31         414462  99% ==================================================
   large              2  <1% 
