Testing xoroshiro64starstar32
	0..4294967295 is range of generator
	414487 outputs to scan for duplicates [6.32456*sqrt(range)]
	20.0001 duplicates expected on average
	2.06097e-09 is probability of zero duplicates
	0xa2c3f00d is seed for this run
---
- Testing for repeats started...
  - Allocating memory started...
    - allocated bloomish filter with 32768 64-bit elements (3 bits/entry)
    - allocated possible-match log with 16384 32-bit elements
  - Allocating memory completed (2.1011e-05 seconds)
  - Phase 1, Gathering repeat candidates started...
    - 15551 repeat candidates found
  - Phase 1, Gathering repeat candidates completed (0.00954327 seconds)
  - Reallocating memory started...
    - Deallocated bloomish filter
    - Allocated hash table of the same size
  - Reallocating memory completed (0.000132653 seconds)
  - Phase 2, Storing candidates in hash table started...
  - Phase 2, Storing candidates in hash table completed (0.000249389 seconds)
  - Phase 3, Testing candidates started...
    - repeat of 2662602326 found, step 144372
    - repeat of 4275526867 found, step 149000
    - repeat of 3432431951 found, step 176897
    - repeat of 3394002458 found, step 191403
    - repeat of 2408108525 found, step 206477
    - repeat of 3467211450 found, step 238425
    - repeat of 2638153935 found, step 247047
    - repeat of 2617919809 found, step 289452
    - repeat of 1708692522 found, step 292859
    - repeat of 56750548 found, step 301429
    - repeat of 3849742445 found, step 310494
    - repeat of 4003848518 found, step 318528
    - repeat of 2291488070 found, step 322099
    - repeat of 351629647 found, step 338073
    - repeat of 3341692927 found, step 347787
    - repeat of 2151667446 found, step 356515
    - repeat of 4060359838 found, step 372586
    - repeat of 3265734811 found, step 383690
    - repeat of 716142510 found, step 398132
  - Phase 3, Testing candidates completed (0.0118097 seconds)
- Testing for repeats completed (0.021782 seconds)
---
19 repeats, p-value = 0.470249

Memory usage summary: heap total: 564225, heap peak: 400384, stack peak: 5680
         total calls   total memory   failed calls
 malloc|          5         564225              0
realloc|          0              0              0  (nomove:0, dec:0, free:0)
 calloc|          0              0              0
   free|          4         491521
Histogram for block sizes:
32768-32783           1  20% ============
   large              4  80% ==================================================
