Testing pcg32
	0..4294967295 is range of generator
	414487 outputs to scan for duplicates [6.32456*sqrt(range)]
	20.0001 duplicates expected on average
	2.06097e-09 is probability of zero duplicates
	0x522553a9 is seed for this run
---
- Testing for repeats started...
  - Allocating memory started...
    - allocated hash table of reserved for 414487 elements
  - Allocating memory completed (0.00212736 seconds)
  - Checking PRNG output started...
    - repeat of 2173260168 found, step 97601
    - repeat of 1769993235 found, step 99040
    - repeat of 3750536870 found, step 101247
    - repeat of 1704499451 found, step 148393
    - repeat of 1853337594 found, step 163117
    - repeat of 383190878 found, step 173702
    - repeat of 2792483217 found, step 200072
    - repeat of 307831393 found, step 248304
    - repeat of 3682304662 found, step 264728
    - repeat of 1889687237 found, step 268005
    - repeat of 160357792 found, step 292291
    - repeat of 1613670642 found, step 327567
    - repeat of 15732540 found, step 343033
    - repeat of 3087329814 found, step 358347
    - repeat of 4108967089 found, step 360511
    - repeat of 4178373008 found, step 391119
    - repeat of 2619625586 found, step 394059
    - repeat of 1012616177 found, step 395578
    - repeat of 130058736 found, step 396727
    - repeat of 340761704 found, step 411668
  - Checking PRNG output completed (0.151321 seconds)
- Testing for repeats completed (0.153466 seconds)
---
20 repeats, p-value = 1 - 0.440915

Memory usage summary: heap total: 10260072, heap peak: 10260072, stack peak: 5648
         total calls   total memory   failed calls
 malloc|     414469       10260072              0
realloc|          0              0              0  (nomove:0, dec:0, free:0)
 calloc|          0              0              0
   free|     414468       10187368
Histogram for block sizes:
   16-31         414467  99% ==================================================
   large              2  <1% 
