Testing sfc32
	0..4294967295 is range of generator
	414487 outputs to scan for duplicates [6.32456*sqrt(range)]
	20.0001 duplicates expected on average
	2.06097e-09 is probability of zero duplicates
	0xa317d5d4 is seed for this run
---
- Testing for repeats started...
  - Allocating memory started...
    - allocated 256 buckets of capacity 2023
    - allocated 256 bucket counters
  - Allocating memory completed (1.9144e-05 seconds)
  - Storing PRNG output started...
  - Storing PRNG output completed (0.00328381 seconds)
  - Sorting started...
  - Sorting completed (0.0372725 seconds)
  - Scanning for duplicates started...
    - repeat of 4055292679 found
    - repeat of 2062434574 found
    - repeat of 916057873 found
    - repeat of 2073756179 found
    - repeat of 1231837976 found
    - repeat of 3797741849 found
    - repeat of 609696539 found
    - repeat of 447107103 found
    - repeat of 971361055 found
    - repeat of 592985908 found
    - repeat of 1565073212 found
    - repeat of 10246981 found
    - repeat of 3336908906 found
    - repeat of 2484184177 found
    - repeat of 1770959503 found
    - repeat of 3944768148 found
    - repeat of 625442966 found
    - repeat of 2997726628 found
    - repeat of 1883683244 found
    - repeat of 1779858095 found
    - repeat of 1954388149 found
    - repeat of 2013231799 found
    - repeat of 2836609217 found
    - repeat of 2448301254 found
    - repeat of 565319376 found
    - repeat of 1422066908 found
    - repeat of 3029231599 found
    - repeat of 3713268723 found
  - Scanning for duplicates completed (0.000576934 seconds)
- Testing for repeats completed (0.0411705 seconds)
---
28 repeats, p-value = 1 - 0.0343352

Memory usage summary: heap total: 2145280, heap peak: 2145280, stack peak: 5616
         total calls   total memory   failed calls
 malloc|          3        2145280              0
realloc|          0              0              0  (nomove:0, dec:0, free:0)
 calloc|          0              0              0
   free|          0              0
Histogram for block sizes:
 1024-1039            1  33% =========================
   large              2  66% ==================================================
