Testing pcg32_fast
	0..4294967295 is range of generator
	414487 outputs to scan for duplicates [6.32456*sqrt(range)]
	20.0001 duplicates expected on average
	2.06097e-09 is probability of zero duplicates
	0xb146898e is seed for this run
---
- Testing for repeats started...
  - Allocating memory started...
    - allocated 256 buckets of capacity 2023
    - allocated 256 bucket counters
  - Allocating memory completed (1.1202e-05 seconds)
  - Storing PRNG output started...
  - Storing PRNG output completed (0.00222543 seconds)
  - Sorting started...
  - Sorting completed (0.027111 seconds)
  - Scanning for duplicates started...
    - repeat of 464352003 found
    - repeat of 3520941319 found
    - repeat of 1866913552 found
    - repeat of 786480935 found
    - repeat of 1684509227 found
    - repeat of 482175791 found
    - repeat of 871195183 found
    - repeat of 3576274006 found
    - repeat of 386281822 found
    - repeat of 3504303968 found
    - repeat of 2758583662 found
    - repeat of 451263865 found
    - repeat of 3253609613 found
    - repeat of 2799829422 found
    - repeat of 1802627773 found
    - repeat of 1304174536 found
    - repeat of 1578321104 found
    - repeat of 2394901725 found
    - repeat of 383943140 found
    - repeat of 2813530098 found
    - repeat of 3117735677 found
  - Scanning for duplicates completed (0.000418208 seconds)
- Testing for repeats completed (0.0297808 seconds)
---
21 repeats, p-value = 1 - 0.35631

Memory usage summary: heap total: 2145280, heap peak: 2145280, stack peak: 5616
         total calls   total memory   failed calls
 malloc|          3        2145280              0
realloc|          0              0              0  (nomove:0, dec:0, free:0)
 calloc|          0              0              0
   free|          0              0
Histogram for block sizes:
 1024-1039            1  33% =========================
   large              2  66% ==================================================
