Testing gjrand32
	0..4294967295 is range of generator
	414487 outputs to scan for duplicates [6.32456*sqrt(range)]
	20.0001 duplicates expected on average
	2.06097e-09 is probability of zero duplicates
	0xb29bd320 is seed for this run
---
- Testing for repeats started...
  - Allocating memory started...
    - allocated array of size 414487.
  - Allocating memory completed (4.77e-06 seconds)
  - Storing PRNG output started...
  - Storing PRNG output completed (0.00220589 seconds)
  - Sorting started...
  - Sorting completed (0.0596768 seconds)
  - Scanning for duplicates started...
    - repeat of 196135957 found
    - repeat of 326629849 found
    - repeat of 398310223 found
    - repeat of 632621148 found
    - repeat of 805375757 found
    - repeat of 844240311 found
    - repeat of 1086189603 found
    - repeat of 1190559208 found
    - repeat of 1248835472 found
    - repeat of 1631494393 found
    - repeat of 1688551725 found
    - repeat of 2004480516 found
    - repeat of 2624245775 found
    - repeat of 2836860908 found
    - repeat of 2983020860 found
    - repeat of 3001948475 found
    - repeat of 3189543570 found
    - repeat of 3287573689 found
    - repeat of 3421352064 found
    - repeat of 3600135519 found
    - repeat of 4249151353 found
  - Scanning for duplicates completed (0.00054288 seconds)
- Testing for repeats completed (0.0624405 seconds)
---
21 repeats, p-value = 1 - 0.35631

Memory usage summary: heap total: 1730652, heap peak: 1730652, stack peak: 5600
         total calls   total memory   failed calls
 malloc|          2        1730652              0
realloc|          0              0              0  (nomove:0, dec:0, free:0)
 calloc|          0              0              0
   free|          0              0
Histogram for block sizes:
   large              2 100% ==================================================
