- bump_allocator_static< std::__detail::_Hash_node<unsigned int, false> > (item size = 16) at 0x6042f0 created!
- bump_allocator_static< std::__detail::_Hash_node_base* > (item size = 8) at 0x604330 created!
- mempool at 0x6042b8 allocated new chunk at 0x7ffb5e509020
- mempool at 0x6042b8 deallocated chunk at 0x7ffb5e509020
Testing xorshift64star32a
	0..4294967295 is range of generator
	414487 outputs to scan for duplicates [6.32456*sqrt(range)]
	19.9994 duplicates expected on average
	2.06239e-09 is probability of zero duplicates
	0xeaa95749 is seed for this run
---
- Testing for repeats started...
  - Allocating memory started...
    - allocated hash table of reserved for 414487 elements
  - Allocating memory completed (0.00197527 seconds)
  - Checking PRNG output started...
    - repeat of 2934785735 found, step 72454
    - repeat of 2838206543 found, step 98708
    - repeat of 3158023509 found, step 102638
    - repeat of 1566871800 found, step 121499
    - repeat of 84163928 found, step 129471
    - repeat of 2841631655 found, step 162629
    - repeat of 4067027675 found, step 201703
    - repeat of 150520923 found, step 226260
    - repeat of 2948030301 found, step 269279
    - repeat of 503289857 found, step 284276
    - repeat of 3458519359 found, step 289541
    - repeat of 426997055 found, step 290441
    - repeat of 2068973564 found, step 302757
    - repeat of 3844793470 found, step 306531
    - repeat of 127702509 found, step 318037
    - repeat of 2587910662 found, step 321636
    - repeat of 881361498 found, step 325701
    - repeat of 3570679346 found, step 328112
    - repeat of 3629601809 found, step 328453
    - repeat of 183805255 found, step 330541
    - repeat of 3987412586 found, step 330658
    - repeat of 1511611389 found, step 335925
    - repeat of 3101832910 found, step 356056
    - repeat of 377551752 found, step 362378
    - repeat of 538159662 found, step 362655
    - repeat of 2407212064 found, step 363463
    - repeat of 1179374649 found, step 389992
    - repeat of 2123755724 found, step 399026
  - Checking PRNG output completed (0.060583 seconds)
- Testing for repeats completed (0.0625836 seconds)
---
28 repeats, p-value = 1 - 0.0343226
- bump_allocator_static< std::__detail::_Hash_node_base* > at 0x604330 destroyed!
 - total_allocations_  = 1
 - active_allocations_ = 0
 - high_allocations_   = 1
 - total_mem_  = 3555896
 - active_mem_ = 0
 - high_mem_   = 3555896
- bump_allocator_static< std::__detail::_Hash_node<unsigned int, false> > at 0x6042f0 destroyed!
 - total_allocations_  = 414459
 - active_allocations_ = 0
 - high_allocations_   = 414459
 - total_mem_  = 6631344
 - active_mem_ = 0
 - high_mem_   = 6631344

Memory usage summary: heap total: 1073815760, heap peak: 1073815568, stack peak: 2816
         total calls   total memory   failed calls
 malloc|          5     1073815568              0
realloc|          4            192              0  (nomove:0, dec:0, free:0)
 calloc|          0              0              0
   free|          6     1073742032
Histogram for block sizes:
   16-31              1  11% =========================
   32-47              2  22% ==================================================
   64-79              2  22% ==================================================
  512-527             2  22% ==================================================
   large              2  22% ==================================================
