Testing xoroshiro64starstar32
	0..4294967295 is range of generator
	414487 outputs to scan for duplicates [6.32456*sqrt(range)]
	20.0001 duplicates expected on average
	2.06097e-09 is probability of zero duplicates
	0x73d57add is seed for this run
---
- Testing for repeats started...
  - Allocating memory started...
    - allocated array of size 414487.
  - Allocating memory completed (9.26e-06 seconds)
  - Storing PRNG output started...
  - Storing PRNG output completed (0.00309907 seconds)
  - Sorting started...
  - Sorting completed (0.0417177 seconds)
  - Scanning for duplicates started...
    - repeat of 361066787 found
    - repeat of 422291102 found
    - repeat of 887388841 found
    - repeat of 908268297 found
    - repeat of 1444227957 found
    - repeat of 1621582315 found
    - repeat of 1711589114 found
    - repeat of 1912984226 found
    - repeat of 2446939815 found
    - repeat of 2715940791 found
    - repeat of 2910403353 found
    - repeat of 2930039529 found
    - repeat of 2990066821 found
    - repeat of 3272785527 found
    - repeat of 3514986285 found
    - repeat of 3539818921 found
    - repeat of 4105405694 found
    - repeat of 4183093022 found
  - Scanning for duplicates completed (0.000350426 seconds)
- Testing for repeats completed (0.0451963 seconds)
---
18 repeats, p-value = 0.381414

Memory usage summary: heap total: 1730652, heap peak: 1730652, stack peak: 5568
         total calls   total memory   failed calls
 malloc|          2        1730652              0
realloc|          0              0              0  (nomove:0, dec:0, free:0)
 calloc|          0              0              0
   free|          0              0
Histogram for block sizes:
   large              2 100% ==================================================
