Testing xoroshiro64plus32
	0..4294967295 is range of generator
	198893 outputs to scan for duplicates [3.03485*sqrt(range)]
	4.60521 duplicates expected on average
	0.00999963 is probability of zero duplicates
	0xd4a99aa9 is seed for this run
---
- Testing for repeats started...
  - Allocating memory started...
    - allocated array of size 198893.
  - Allocating memory completed (8.95e-06 seconds)
  - Storing PRNG output started...
  - Storing PRNG output completed (0.00121112 seconds)
  - Sorting started...
  - Sorting completed (0.0293089 seconds)
  - Scanning for duplicates started...
    - repeat of 82818313 found
    - repeat of 194728724 found
    - repeat of 1537376908 found
    - repeat of 1924506232 found
    - repeat of 2715726520 found
    - repeat of 2913113384 found
    - repeat of 4213816324 found
  - Scanning for duplicates completed (0.000288125 seconds)
- Testing for repeats completed (0.0308353 seconds)
---
7 repeats, p-value = 1 - 0.0955042

Memory usage summary: heap total: 868276, heap peak: 868276, stack peak: 5568
         total calls   total memory   failed calls
 malloc|          2         868276              0
realloc|          0              0              0  (nomove:0, dec:0, free:0)
 calloc|          0              0              0
   free|          0              0
Histogram for block sizes:
   large              2 100% ==================================================
