Testing xoroshiro64plus32
	0..4294967295 is range of generator
	198893 outputs to scan for duplicates [3.03485*sqrt(range)]
	4.60521 duplicates expected on average
	0.00999963 is probability of zero duplicates
	0x583589f3 is seed for this run
---
- Testing for repeats started...
  - Allocating memory started...
    - allocated hash table of reserved for 198893 elements
  - Allocating memory completed (0.00101959 seconds)
  - Checking PRNG output started...
    - repeat of 2904319375 found, step 81780
    - repeat of 2515365380 found, step 160094
    - repeat of 1968012226 found, step 171911
    - repeat of 2626814352 found, step 188497
    - repeat of 2537964419 found, step 189018
    - repeat of 421695198 found, step 193657
  - Checking PRNG output completed (0.0583521 seconds)
- Testing for repeats completed (0.0593888 seconds)
---
6 repeats, p-value = 1 - 0.18266

Memory usage summary: heap total: 4874168, heap peak: 4874168, stack peak: 5648
         total calls   total memory   failed calls
 malloc|     198889        4874168              0
realloc|          0              0              0  (nomove:0, dec:0, free:0)
 calloc|          0              0              0
   free|     198888        4801464
Histogram for block sizes:
   16-31         198887  99% ==================================================
   large              2  <1% 
