Testing xorshift64star32a
	0..4294967295 is range of generator
	414487 outputs to scan for duplicates [6.32456*sqrt(range)]
	19.9994 duplicates expected on average
	2.06239e-09 is probability of zero duplicates
	0x721abf4b is seed for this run
---
- Testing for repeats started...
  - Allocating memory started...
    - allocated hash table of reserved for 414487 elements
  - Allocating memory completed (0.00212237 seconds)
  - Checking PRNG output started...
    - repeat of 4090896072 found, step 89279
    - repeat of 2988809148 found, step 136210
    - repeat of 2162631094 found, step 230632
    - repeat of 3628071803 found, step 281565
    - repeat of 3469565044 found, step 311195
    - repeat of 4176214937 found, step 318729
    - repeat of 3048227505 found, step 326935
    - repeat of 3111806812 found, step 346454
    - repeat of 1521979445 found, step 355952
    - repeat of 297384692 found, step 356550
    - repeat of 32034034 found, step 362995
    - repeat of 2072845378 found, step 381229
    - repeat of 2032951232 found, step 384291
    - repeat of 2514196507 found, step 387909
    - repeat of 3095375283 found, step 391552
    - repeat of 1362139581 found, step 404598
    - repeat of 639753140 found, step 405085
    - repeat of 1318557156 found, step 407259
    - repeat of 3336756124 found, step 408228
    - repeat of 3361846190 found, step 410507
  - Checking PRNG output completed (0.0898418 seconds)
- Testing for repeats completed (0.0919836 seconds)
---
20 repeats, p-value = 1 - 0.440854

Memory usage summary: heap total: 10260072, heap peak: 10260072, stack peak: 5648
         total calls   total memory   failed calls
 malloc|     414469       10260072              0
realloc|          0              0              0  (nomove:0, dec:0, free:0)
 calloc|          0              0              0
   free|     414468       10187368
Histogram for block sizes:
   16-31         414467  99% ==================================================
   large              2  <1% 
