Testing pcg32
	0..4294967295 is range of generator
	198893 outputs to scan for duplicates [3.03485*sqrt(range)]
	4.60521 duplicates expected on average
	0.00999963 is probability of zero duplicates
	0x5c0eb1e8 is seed for this run
---
- Testing for repeats started...
  - Allocating memory started...
    - allocated bloomish filter with 16384 64-bit elements (3 bits/entry)
    - allocated possible-match log with 8192 32-bit elements
  - Allocating memory completed (2.1393e-05 seconds)
  - Phase 1, Gathering repeat candidates started...
    - 5703 repeat candidates found
  - Phase 1, Gathering repeat candidates completed (0.00486936 seconds)
  - Reallocating memory started...
    - Deallocated bloomish filter
    - Allocated hash table of the same size
  - Reallocating memory completed (1.6022e-05 seconds)
  - Phase 2, Storing candidates in hash table started...
  - Phase 2, Storing candidates in hash table completed (9.2016e-05 seconds)
  - Phase 3, Testing candidates started...
    - repeat of 2902294998 found, step 83893
    - repeat of 2541873369 found, step 129708
    - repeat of 3663131209 found, step 143245
    - repeat of 3324416545 found, step 178564
    - repeat of 3816705464 found, step 182367
    - repeat of 213240612 found, step 195124
  - Phase 3, Testing candidates completed (0.00488859 seconds)
- Testing for repeats completed (0.00991156 seconds)
---
6 repeats, p-value = 1 - 0.18266

Memory usage summary: heap total: 318465, heap peak: 236544, stack peak: 5664
         total calls   total memory   failed calls
 malloc|          5         318465              0
realloc|          0              0              0  (nomove:0, dec:0, free:0)
 calloc|          0              0              0
   free|          4         245761
Histogram for block sizes:
16384-16399           1  20% ================
32768-32783           1  20% ================
   large              3  60% ==================================================
