Testing xorshift32plain32a
	0..4294967295 is range of generator
	198893 outputs to scan for duplicates [3.03485*sqrt(range)]
	4.60511 duplicates expected on average
	0.0100006 is probability of zero duplicates
	0xdf6779fd is seed for this run
---
- Testing for repeats started...
  - Allocating memory started...
    - allocated 256 buckets of capacity 971
    - allocated 256 bucket counters
  - Allocating memory completed (1.1662e-05 seconds)
  - Storing PRNG output started...
  - Storing PRNG output completed (0.00140738 seconds)
  - Sorting started...
  - Sorting completed (0.0174037 seconds)
  - Scanning for duplicates started...
  - Scanning for duplicates completed (0.000315978 seconds)
- Testing for repeats completed (0.0191519 seconds)
---
0 repeats, p-value = 0.0100006

Memory usage summary: heap total: 1068032, heap peak: 1068032, stack peak: 5616
         total calls   total memory   failed calls
 malloc|          3        1068032              0
realloc|          0              0              0  (nomove:0, dec:0, free:0)
 calloc|          0              0              0
   free|          0              0
Histogram for block sizes:
 1024-1039            1  33% =========================
   large              2  66% ==================================================
