Testing std::mt19937
	0..4294967295 is range of generator
	414487 outputs to scan for duplicates [6.32456*sqrt(range)]
	20.0001 duplicates expected on average
	2.06097e-09 is probability of zero duplicates
	0x5b93b360 is seed for this run
---
- Testing for repeats started...
  - Allocating memory started...
    - allocated array of size 414487.
  - Allocating memory completed (1.012e-05 seconds)
  - Storing PRNG output started...
  - Storing PRNG output completed (0.00321862 seconds)
  - Sorting started...
  - Sorting completed (0.0394118 seconds)
  - Scanning for duplicates started...
    - repeat of 9532066 found
    - repeat of 456292543 found
    - repeat of 476598083 found
    - repeat of 887674758 found
    - repeat of 1053373798 found
    - repeat of 1079046692 found
    - repeat of 1301737273 found
    - repeat of 2493547063 found
    - repeat of 2611895605 found
    - repeat of 2663979469 found
    - repeat of 2839024067 found
    - repeat of 3292600831 found
    - repeat of 3299464781 found
    - repeat of 3397369784 found
    - repeat of 3538590376 found
    - repeat of 3544024484 found
    - repeat of 4007908035 found
    - repeat of 4023552414 found
    - repeat of 4236100279 found
    - repeat of 4278780564 found
  - Scanning for duplicates completed (0.000412568 seconds)
- Testing for repeats completed (0.0430764 seconds)
---
20 repeats, p-value = 1 - 0.440915

Memory usage summary: heap total: 3388600, heap peak: 3388600, stack peak: 10528
         total calls   total memory   failed calls
 malloc|          2        3388600              0
realloc|          0              0              0  (nomove:0, dec:0, free:0)
 calloc|          0              0              0
   free|          0              0
Histogram for block sizes:
   large              2 100% ==================================================
