Testing pcg32
	0..4294967295 is range of generator
	414487 outputs to scan for duplicates [6.32456*sqrt(range)]
	20.0001 duplicates expected on average
	2.06097e-09 is probability of zero duplicates
	0x6cd9bd8 is seed for this run
---
- Testing for repeats started...
  - Allocating memory started...
    - allocated 256 buckets of capacity 2023
    - allocated 256 bucket counters
  - Allocating memory completed (1.802e-05 seconds)
  - Storing PRNG output started...
  - Storing PRNG output completed (0.00354231 seconds)
  - Sorting started...
  - Sorting completed (0.0367208 seconds)
  - Scanning for duplicates started...
    - repeat of 2508194060 found
    - repeat of 812705325 found
    - repeat of 2142378289 found
    - repeat of 1784495683 found
    - repeat of 2990690633 found
    - repeat of 287018068 found
    - repeat of 1424169304 found
    - repeat of 194471259 found
    - repeat of 4006972030 found
    - repeat of 2147373441 found
    - repeat of 2397175465 found
    - repeat of 3897068472 found
    - repeat of 2338232788 found
    - repeat of 2722550746 found
  - Scanning for duplicates completed (0.000566458 seconds)
- Testing for repeats completed (0.0408617 seconds)
---
14 repeats, p-value = 0.104861

Memory usage summary: heap total: 2145280, heap peak: 2145280, stack peak: 5616
         total calls   total memory   failed calls
 malloc|          3        2145280              0
realloc|          0              0              0  (nomove:0, dec:0, free:0)
 calloc|          0              0              0
   free|          0              0
Histogram for block sizes:
 1024-1039            1  33% =========================
   large              2  66% ==================================================
