- bump_allocator_static< std::__detail::_Hash_node<unsigned int, false> > (item size = 16) at 0x6042d0 created!
- bump_allocator_static< std::__detail::_Hash_node_base* > (item size = 8) at 0x604310 created!
- mempool at 0x604298 allocated new chunk at 0x7f94b6100020
- mempool at 0x604298 deallocated chunk at 0x7f94b6100020
Testing xoroshiro64star32
	0..4294967295 is range of generator
	414487 outputs to scan for duplicates [6.32456*sqrt(range)]
	20.0001 duplicates expected on average
	2.06097e-09 is probability of zero duplicates
	0xd2a8bd67 is seed for this run
---
- Testing for repeats started...
  - Allocating memory started...
    - allocated hash table of reserved for 414487 elements
  - Allocating memory completed (0.00240275 seconds)
  - Checking PRNG output started...
    - repeat of 2564851105 found, step 5775
    - repeat of 3206970002 found, step 70548
    - repeat of 2444633641 found, step 86719
    - repeat of 2609938209 found, step 137957
    - repeat of 2862287979 found, step 144732
    - repeat of 4189374777 found, step 155574
    - repeat of 3307721034 found, step 161270
    - repeat of 2786962188 found, step 161713
    - repeat of 4186183315 found, step 182748
    - repeat of 1470233222 found, step 193246
    - repeat of 1236036625 found, step 212425
    - repeat of 2300329748 found, step 215115
    - repeat of 3398041536 found, step 227593
    - repeat of 576006299 found, step 227879
    - repeat of 2129273841 found, step 253080
    - repeat of 4147895200 found, step 262235
    - repeat of 3410285542 found, step 274556
    - repeat of 3978147783 found, step 279073
    - repeat of 2109843856 found, step 289325
    - repeat of 723821700 found, step 296017
    - repeat of 956418006 found, step 316662
    - repeat of 3003020223 found, step 348241
    - repeat of 2226977179 found, step 349705
    - repeat of 689163121 found, step 367548
    - repeat of 956399460 found, step 377115
    - repeat of 340787411 found, step 386174
    - repeat of 1234622524 found, step 393583
    - repeat of 2882180696 found, step 402409
  - Checking PRNG output completed (0.0319468 seconds)
- Testing for repeats completed (0.0343639 seconds)
---
28 repeats, p-value = 1 - 0.0343352
- bump_allocator_static< std::__detail::_Hash_node_base* > at 0x604310 destroyed!
 - total_allocations_  = 1
 - active_allocations_ = 0
 - high_allocations_   = 1
 - total_mem_  = 3555896
 - active_mem_ = 0
 - high_mem_   = 3555896
- bump_allocator_static< std::__detail::_Hash_node<unsigned int, false> > at 0x6042d0 destroyed!
 - total_allocations_  = 414459
 - active_allocations_ = 0
 - high_allocations_   = 414459
 - total_mem_  = 6631344
 - active_mem_ = 0
 - high_mem_   = 6631344

Memory usage summary: heap total: 1073815760, heap peak: 1073815568, stack peak: 2816
         total calls   total memory   failed calls
 malloc|          5     1073815568              0
realloc|          4            192              0  (nomove:0, dec:0, free:0)
 calloc|          0              0              0
   free|          6     1073742032
Histogram for block sizes:
   16-31              1  11% =========================
   32-47              2  22% ==================================================
   64-79              2  22% ==================================================
  512-527             2  22% ==================================================
   large              2  22% ==================================================
