Testing xorshift64star32a
	0..4294967295 is range of generator
	414487 outputs to scan for duplicates [6.32456*sqrt(range)]
	19.9994 duplicates expected on average
	2.06239e-09 is probability of zero duplicates
	0x8bfe0aaa is seed for this run
---
- Testing for repeats started...
  - Allocating memory started...
    - allocated hash table of reserved for 414487 elements
  - Allocating memory completed (0.00161932 seconds)
  - Checking PRNG output started...
    - repeat of 3010747219 found, step 78161
    - repeat of 3453596766 found, step 107596
    - repeat of 4066781615 found, step 124056
    - repeat of 3171062180 found, step 146604
    - repeat of 1948840304 found, step 173531
    - repeat of 1464451669 found, step 175445
    - repeat of 1638825571 found, step 214909
    - repeat of 328827747 found, step 225299
    - repeat of 3585973560 found, step 226144
    - repeat of 631932304 found, step 267051
    - repeat of 443540633 found, step 273298
    - repeat of 4266337395 found, step 289587
    - repeat of 3793566375 found, step 292937
    - repeat of 4219648278 found, step 305371
    - repeat of 1330473656 found, step 316097
    - repeat of 928919207 found, step 321802
    - repeat of 2851834327 found, step 339946
    - repeat of 229063919 found, step 346066
    - repeat of 3752349334 found, step 369266
    - repeat of 4265795705 found, step 376639
    - repeat of 4112936289 found, step 397728
  - Checking PRNG output completed (0.103323 seconds)
- Testing for repeats completed (0.104963 seconds)
---
21 repeats, p-value = 1 - 0.356252

Memory usage summary: heap total: 10260056, heap peak: 10260056, stack peak: 5648
         total calls   total memory   failed calls
 malloc|     414468       10260056              0
realloc|          0              0              0  (nomove:0, dec:0, free:0)
 calloc|          0              0              0
   free|     414467       10187352
Histogram for block sizes:
   16-31         414466  99% ==================================================
   large              2  <1% 
