Testing pcg32_fast
	0..4294967295 is range of generator
	198893 outputs to scan for duplicates [3.03485*sqrt(range)]
	4.60521 duplicates expected on average
	0.00999963 is probability of zero duplicates
	0x93dda6d is seed for this run
---
- Testing for repeats started...
  - Allocating memory started...
    - allocated bloomish filter with 16384 64-bit elements (3 bits/entry)
    - allocated possible-match log with 8192 32-bit elements
  - Allocating memory completed (1.8889e-05 seconds)
  - Phase 1, Gathering repeat candidates started...
    - 5750 repeat candidates found
  - Phase 1, Gathering repeat candidates completed (0.0043701 seconds)
  - Reallocating memory started...
    - Deallocated bloomish filter
    - Allocated hash table of the same size
  - Reallocating memory completed (1.6739e-05 seconds)
  - Phase 2, Storing candidates in hash table started...
  - Phase 2, Storing candidates in hash table completed (7.5502e-05 seconds)
  - Phase 3, Testing candidates started...
    - repeat of 2534068706 found, step 59152
    - repeat of 1350022666 found, step 77645
    - repeat of 1441007714 found, step 167065
    - repeat of 1665771858 found, step 181363
    - repeat of 1217486913 found, step 183375
  - Phase 3, Testing candidates completed (0.00421776 seconds)
- Testing for repeats completed (0.00872154 seconds)
---
5 repeats, p-value = 1 - 0.315139

Memory usage summary: heap total: 318465, heap peak: 236544, stack peak: 5664
         total calls   total memory   failed calls
 malloc|          5         318465              0
realloc|          0              0              0  (nomove:0, dec:0, free:0)
 calloc|          0              0              0
   free|          4         245761
Histogram for block sizes:
16384-16399           1  20% ================
32768-32783           1  20% ================
   large              3  60% ==================================================
