Testing std::mt19937
	0..4294967295 is range of generator
	414487 outputs to scan for duplicates [6.32456*sqrt(range)]
	20.0001 duplicates expected on average
	2.06097e-09 is probability of zero duplicates
	0xcf896e5d is seed for this run
---
- Testing for repeats started...
  - Allocating memory started...
    - allocated 256 buckets of capacity 2023
    - allocated 256 bucket counters
  - Allocating memory completed (1.7351e-05 seconds)
  - Storing PRNG output started...
  - Storing PRNG output completed (0.00608761 seconds)
  - Sorting started...
  - Sorting completed (0.0311865 seconds)
  - Scanning for duplicates started...
    - repeat of 544582677 found
    - repeat of 3671339804 found
    - repeat of 3207308070 found
    - repeat of 479566131 found
    - repeat of 3492442167 found
    - repeat of 3026923064 found
    - repeat of 2795666025 found
    - repeat of 1213849976 found
    - repeat of 88236668 found
    - repeat of 2887689084 found
    - repeat of 1517906312 found
    - repeat of 1138719114 found
    - repeat of 1211709846 found
    - repeat of 2153358496 found
    - repeat of 1503632820 found
    - repeat of 3935737015 found
    - repeat of 3361596866 found
    - repeat of 1423817924 found
    - repeat of 2816851688 found
  - Scanning for duplicates completed (0.000685593 seconds)
- Testing for repeats completed (0.0380001 seconds)
---
19 repeats, p-value = 0.470249

Memory usage summary: heap total: 4217856, heap peak: 4217856, stack peak: 10576
         total calls   total memory   failed calls
 malloc|          3        4217856              0
realloc|          0              0              0  (nomove:0, dec:0, free:0)
 calloc|          0              0              0
   free|          0              0
Histogram for block sizes:
 2048-2063            1  33% =========================
   large              2  66% ==================================================
