- bump_allocator_static< std::__detail::_Hash_node<unsigned long, false> > (item size = 16) at 0x6042d0 created!
- bump_allocator_static< std::__detail::_Hash_node_base* > (item size = 8) at 0x604310 created!
- mempool at 0x604298 allocated new chunk at 0x7fca587f0020
- mempool at 0x604298: large alloc 137438953144 bytes at 0x7faa587f0020.
- mempool at 0x604298 allocated new chunk at 0x7faa187ef020
- mempool at 0x604298 allocated new chunk at 0x7fa9d87ee020
- mempool at 0x604298 allocated new chunk at 0x7fa9987ed020
- mempool at 0x604298 allocated new chunk at 0x7fa9587ec020
- mempool at 0x604298 allocated new chunk at 0x7fa9187eb020
- mempool at 0x604298 allocated new chunk at 0x7fa8d87ea020
- mempool at 0x604298 allocated new chunk at 0x7fa8987e9020
- mempool at 0x604298 allocated new chunk at 0x7fa8587e8020
- mempool at 0x604298 allocated new chunk at 0x7fa8187e7020
- mempool at 0x604298 allocated new chunk at 0x7fa7d87e6020
- mempool at 0x604298 allocated new chunk at 0x7fa7987e5020
- mempool at 0x604298 allocated new chunk at 0x7fa7587e4020
- mempool at 0x604298 allocated new chunk at 0x7fa7187e3020
- mempool at 0x604298 allocated new chunk at 0x7fa6d87e2020
- mempool at 0x604298 allocated new chunk at 0x7fa6987e1020
- mempool at 0x604298 allocated new chunk at 0x7fa6587e0020
- mempool at 0x604298 allocated new chunk at 0x7fa6187df020
- mempool at 0x604298 allocated new chunk at 0x7fa5d87de020
- mempool at 0x604298 allocated new chunk at 0x7fa5987dd020
- mempool at 0x604298 allocated new chunk at 0x7fa5587dc020
- mempool at 0x604298 allocated new chunk at 0x7fa5187db020
- mempool at 0x604298 allocated new chunk at 0x7fa4d87da020
- mempool at 0x604298 allocated new chunk at 0x7fa4987d9020
- mempool at 0x604298 allocated new chunk at 0x7fa4587d8020
- mempool at 0x604298 allocated new chunk at 0x7fa4187d7020
- mempool at 0x604298 allocated new chunk at 0x7fa3d87d6020
- mempool at 0x604298 allocated new chunk at 0x7fa3987d5020
- mempool at 0x604298 allocated new chunk at 0x7fa3587d4020
- mempool at 0x604298 allocated new chunk at 0x7fa3187d3020
- mempool at 0x604298 allocated new chunk at 0x7fa2d87d2020
- mempool at 0x604298 allocated new chunk at 0x7fa2987d1020
- mempool at 0x604298 allocated new chunk at 0x7fa2587d0020
- mempool at 0x604298 allocated new chunk at 0x7fa2187cf020
- mempool at 0x604298 allocated new chunk at 0x7fa1d87ce020
- mempool at 0x604298 allocated new chunk at 0x7fa1987cd020
- mempool at 0x604298 allocated new chunk at 0x7fa1587cc020
- mempool at 0x604298 allocated new chunk at 0x7fa1187cb020
- mempool at 0x604298 allocated new chunk at 0x7fa0d87ca020
- mempool at 0x604298 allocated new chunk at 0x7fa0987c9020
- mempool at 0x604298 allocated new chunk at 0x7fa0587c8020
- mempool at 0x604298 allocated new chunk at 0x7fa0187c7020
- mempool at 0x604298 allocated new chunk at 0x7f9fd87c6020
- mempool at 0x604298 allocated new chunk at 0x7f9f987c5020
- mempool at 0x604298 allocated new chunk at 0x7f9f587c4020
- mempool at 0x604298 allocated new chunk at 0x7f9f187c3020
- mempool at 0x604298 allocated new chunk at 0x7f9ed87c2020
- mempool at 0x604298 allocated new chunk at 0x7f9e987c1020
- mempool at 0x604298 allocated new chunk at 0x7f9e587c0020
- mempool at 0x604298 allocated new chunk at 0x7f9e187bf020
- mempool at 0x604298 allocated new chunk at 0x7f9dd87be020
- mempool at 0x604298 allocated new chunk at 0x7f9d987bd020
- mempool at 0x604298 allocated new chunk at 0x7f9d587bc020
- mempool at 0x604298 allocated new chunk at 0x7f9d187bb020
- mempool at 0x604298 allocated new chunk at 0x7f9cd87ba020
- mempool at 0x604298 allocated new chunk at 0x7f9c987b9020
- mempool at 0x604298 allocated new chunk at 0x7f9c587b8020
- mempool at 0x604298 allocated new chunk at 0x7f9c187b7020
- mempool at 0x604298 allocated new chunk at 0x7f9bd87b6020
- mempool at 0x604298 allocated new chunk at 0x7f9b987b5020
- mempool at 0x604298 allocated new chunk at 0x7f9b587b4020
- mempool at 0x604298 allocated new chunk at 0x7f9b187b3020
- mempool at 0x604298 allocated new chunk at 0x7f9ad87b2020
- mempool at 0x604298 allocated new chunk at 0x7f9a987b1020
- mempool at 0x604298 allocated new chunk at 0x7f9a587b0020
- mempool at 0x604298 allocated new chunk at 0x7f9a187af020
- mempool at 0x604298 allocated new chunk at 0x7f99d87ae020
- mempool at 0x604298 allocated new chunk at 0x7f99987ad020
- mempool at 0x604298 allocated new chunk at 0x7f99587ac020
- mempool at 0x604298 allocated new chunk at 0x7f99187ab020
- mempool at 0x604298 allocated new chunk at 0x7f98d87aa020
- mempool at 0x604298 allocated new chunk at 0x7f98987a9020
- mempool at 0x604298 allocated new chunk at 0x7f98587a8020
- mempool at 0x604298 allocated new chunk at 0x7f98187a7020
- mempool at 0x604298 allocated new chunk at 0x7f97d87a6020
- mempool at 0x604298 allocated new chunk at 0x7f97987a5020
- mempool at 0x604298 allocated new chunk at 0x7f97587a4020
- mempool at 0x604298 allocated new chunk at 0x7f97187a3020
- mempool at 0x604298 allocated new chunk at 0x7f96d87a2020
- mempool at 0x604298 allocated new chunk at 0x7f96987a1020
- mempool at 0x604298 allocated new chunk at 0x7f96587a0020
- mempool at 0x604298 allocated new chunk at 0x7f961879f020
- mempool at 0x604298 allocated new chunk at 0x7f95d879e020
- mempool at 0x604298 allocated new chunk at 0x7f959879d020
- mempool at 0x604298 allocated new chunk at 0x7f955879c020
- mempool at 0x604298 allocated new chunk at 0x7f951879b020
- mempool at 0x604298 allocated new chunk at 0x7f94d879a020
- mempool at 0x604298 allocated new chunk at 0x7f9498799020
- mempool at 0x604298 allocated new chunk at 0x7f9458798020
- mempool at 0x604298 allocated new chunk at 0x7f9418797020
- mempool at 0x604298 allocated new chunk at 0x7f93d8796020
- mempool at 0x604298 allocated new chunk at 0x7f9398795020
- mempool at 0x604298 allocated new chunk at 0x7f9358794020
- mempool at 0x604298 allocated new chunk at 0x7f9318793020
- mempool at 0x604298 allocated new chunk at 0x7f92d8792020
- mempool at 0x604298 allocated new chunk at 0x7f9298791020
- mempool at 0x604298 allocated new chunk at 0x7f9258790020
- mempool at 0x604298 allocated new chunk at 0x7f921878f020
- mempool at 0x604298 allocated new chunk at 0x7f91d878e020
- mempool at 0x604298 allocated new chunk at 0x7f919878d020
- mempool at 0x604298 allocated new chunk at 0x7f915878c020
- mempool at 0x604298 allocated new chunk at 0x7f911878b020
- mempool at 0x604298 allocated new chunk at 0x7f90d878a020
- mempool at 0x604298 allocated new chunk at 0x7f9098789020
- mempool at 0x604298 allocated new chunk at 0x7f9058788020
- mempool at 0x604298 allocated new chunk at 0x7f9018787020
- mempool at 0x604298 allocated new chunk at 0x7f8fd8786020
- mempool at 0x604298 allocated new chunk at 0x7f8f98785020
- mempool at 0x604298 allocated new chunk at 0x7f8f58784020
- mempool at 0x604298 allocated new chunk at 0x7f8f18783020
- mempool at 0x604298 allocated new chunk at 0x7f8ed8782020
- mempool at 0x604298 allocated new chunk at 0x7f8e98781020
- mempool at 0x604298 allocated new chunk at 0x7f8e58780020
- mempool at 0x604298 allocated new chunk at 0x7f8e1877f020
- mempool at 0x604298 allocated new chunk at 0x7f8dd877e020
- mempool at 0x604298 allocated new chunk at 0x7f8d9877d020
- mempool at 0x604298 allocated new chunk at 0x7f8d5877c020
- mempool at 0x604298 allocated new chunk at 0x7f8d1877b020
- mempool at 0x604298 allocated new chunk at 0x7f8cd877a020
- mempool at 0x604298 allocated new chunk at 0x7f8c98779020
- mempool at 0x604298 allocated new chunk at 0x7f8c58778020
- mempool at 0x604298 allocated new chunk at 0x7f8c18777020
- mempool at 0x604298 allocated new chunk at 0x7f8bd8776020
- mempool at 0x604298 allocated new chunk at 0x7f8b98775020
- mempool at 0x604298 allocated new chunk at 0x7f8b58774020
- mempool at 0x604298 allocated new chunk at 0x7f8b18773020
- mempool at 0x604298 allocated new chunk at 0x7f8ad8772020
- mempool at 0x604298 allocated new chunk at 0x7f8a98771020
- mempool at 0x604298 allocated new chunk at 0x7f8a58770020
- mempool at 0x604298 allocated new chunk at 0x7f8a1876f020
- mempool at 0x604298 allocated new chunk at 0x7f89d876e020
- mempool at 0x604298 allocated new chunk at 0x7f899876d020
- mempool at 0x604298 allocated new chunk at 0x7f895876c020
- mempool at 0x604298 allocated new chunk at 0x7f891876b020
- mempool at 0x604298 allocated new chunk at 0x7f88d876a020
- mempool at 0x604298 allocated new chunk at 0x7f8898769020
- mempool at 0x604298 allocated new chunk at 0x7f8858768020
- mempool at 0x604298 allocated new chunk at 0x7f8818767020
- mempool at 0x604298 allocated new chunk at 0x7f87d8766020
- mempool at 0x604298 allocated new chunk at 0x7f8798765020
- mempool at 0x604298 allocated new chunk at 0x7f8758764020
- mempool at 0x604298 allocated new chunk at 0x7f8718763020
- mempool at 0x604298 allocated new chunk at 0x7f86d8762020
- mempool at 0x604298 allocated new chunk at 0x7f8698761020
- mempool at 0x604298 allocated new chunk at 0x7f8658760020
- mempool at 0x604298 allocated new chunk at 0x7f861875f020
- mempool at 0x604298 allocated new chunk at 0x7f85d875e020
- mempool at 0x604298 allocated new chunk at 0x7f859875d020
- mempool at 0x604298 allocated new chunk at 0x7f855875c020
- mempool at 0x604298 allocated new chunk at 0x7f851875b020
- mempool at 0x604298 allocated new chunk at 0x7f84d875a020
- mempool at 0x604298 allocated new chunk at 0x7f8498759020
- mempool at 0x604298 allocated new chunk at 0x7f8458758020
- mempool at 0x604298 allocated new chunk at 0x7f8418757020
- mempool at 0x604298 allocated new chunk at 0x7f83d8756020
- mempool at 0x604298 allocated new chunk at 0x7f8398755020
- mempool at 0x604298 allocated new chunk at 0x7f8358754020
- mempool at 0x604298 allocated new chunk at 0x7f8318753020
- mempool at 0x604298 allocated new chunk at 0x7f82d8752020
- mempool at 0x604298 allocated new chunk at 0x7f8298751020
- mempool at 0x604298 allocated new chunk at 0x7f8258750020
- mempool at 0x604298 allocated new chunk at 0x7f821874f020
- mempool at 0x604298 allocated new chunk at 0x7f81d874e020
- mempool at 0x604298 allocated new chunk at 0x7f819874d020
- mempool at 0x604298 allocated new chunk at 0x7f815874c020
- mempool at 0x604298 allocated new chunk at 0x7f811874b020
- mempool at 0x604298 allocated new chunk at 0x7f80d874a020
- mempool at 0x604298 allocated new chunk at 0x7f8098749020
- mempool at 0x604298 allocated new chunk at 0x7f8058748020
- mempool at 0x604298 allocated new chunk at 0x7f8018747020
- mempool at 0x604298 allocated new chunk at 0x7f7fd8746020
- mempool at 0x604298 allocated new chunk at 0x7f7f98745020
- mempool at 0x604298 allocated new chunk at 0x7f7f58744020
- mempool at 0x604298 allocated new chunk at 0x7f7f18743020
- mempool at 0x604298 allocated new chunk at 0x7f7ed8742020
- mempool at 0x604298 allocated new chunk at 0x7f7e98741020
- mempool at 0x604298 allocated new chunk at 0x7f7e58740020
- mempool at 0x604298 allocated new chunk at 0x7f7e1873f020
- mempool at 0x604298 allocated new chunk at 0x7f7dd873e020
- mempool at 0x604298 allocated new chunk at 0x7f7d9873d020
- mempool at 0x604298 allocated new chunk at 0x7f7d5873c020
- mempool at 0x604298 allocated new chunk at 0x7f7d1873b020
- mempool at 0x604298 allocated new chunk at 0x7f7cd873a020
- mempool at 0x604298 allocated new chunk at 0x7f7c98739020
- mempool at 0x604298 allocated new chunk at 0x7f7c58738020
- mempool at 0x604298 allocated new chunk at 0x7f7c18737020
- mempool at 0x604298 allocated new chunk at 0x7f7bd8736020
- mempool at 0x604298 allocated new chunk at 0x7f7b98735020
- mempool at 0x604298 allocated new chunk at 0x7f7b58734020
- mempool at 0x604298 allocated new chunk at 0x7f7b18733020
- mempool at 0x604298 allocated new chunk at 0x7f7ad8732020
- mempool at 0x604298 allocated new chunk at 0x7f7a98731020
- mempool at 0x604298 allocated new chunk at 0x7f7a58730020
- mempool at 0x604298 allocated new chunk at 0x7f7a1872f020
- mempool at 0x604298 allocated new chunk at 0x7f79d872e020
- mempool at 0x604298: large dealloc 137438953144 bytes at 0x7faa587f0020.
- mempool at 0x604298 deallocated chunk at 0x7f79d872e020
- mempool at 0x604298 deallocated chunk at 0x7f7a1872f020
- mempool at 0x604298 deallocated chunk at 0x7f7a58730020
- mempool at 0x604298 deallocated chunk at 0x7f7a98731020
- mempool at 0x604298 deallocated chunk at 0x7f7ad8732020
- mempool at 0x604298 deallocated chunk at 0x7f7b18733020
- mempool at 0x604298 deallocated chunk at 0x7f7b58734020
- mempool at 0x604298 deallocated chunk at 0x7f7b98735020
- mempool at 0x604298 deallocated chunk at 0x7f7bd8736020
- mempool at 0x604298 deallocated chunk at 0x7f7c18737020
- mempool at 0x604298 deallocated chunk at 0x7f7c58738020
- mempool at 0x604298 deallocated chunk at 0x7f7c98739020
- mempool at 0x604298 deallocated chunk at 0x7f7cd873a020
- mempool at 0x604298 deallocated chunk at 0x7f7d1873b020
- mempool at 0x604298 deallocated chunk at 0x7f7d5873c020
- mempool at 0x604298 deallocated chunk at 0x7f7d9873d020
- mempool at 0x604298 deallocated chunk at 0x7f7dd873e020
- mempool at 0x604298 deallocated chunk at 0x7f7e1873f020
- mempool at 0x604298 deallocated chunk at 0x7f7e58740020
- mempool at 0x604298 deallocated chunk at 0x7f7e98741020
- mempool at 0x604298 deallocated chunk at 0x7f7ed8742020
- mempool at 0x604298 deallocated chunk at 0x7f7f18743020
- mempool at 0x604298 deallocated chunk at 0x7f7f58744020
- mempool at 0x604298 deallocated chunk at 0x7f7f98745020
- mempool at 0x604298 deallocated chunk at 0x7f7fd8746020
- mempool at 0x604298 deallocated chunk at 0x7f8018747020
- mempool at 0x604298 deallocated chunk at 0x7f8058748020
- mempool at 0x604298 deallocated chunk at 0x7f8098749020
- mempool at 0x604298 deallocated chunk at 0x7f80d874a020
- mempool at 0x604298 deallocated chunk at 0x7f811874b020
- mempool at 0x604298 deallocated chunk at 0x7f815874c020
- mempool at 0x604298 deallocated chunk at 0x7f819874d020
- mempool at 0x604298 deallocated chunk at 0x7f81d874e020
- mempool at 0x604298 deallocated chunk at 0x7f821874f020
- mempool at 0x604298 deallocated chunk at 0x7f8258750020
- mempool at 0x604298 deallocated chunk at 0x7f8298751020
- mempool at 0x604298 deallocated chunk at 0x7f82d8752020
- mempool at 0x604298 deallocated chunk at 0x7f8318753020
- mempool at 0x604298 deallocated chunk at 0x7f8358754020
- mempool at 0x604298 deallocated chunk at 0x7f8398755020
- mempool at 0x604298 deallocated chunk at 0x7f83d8756020
- mempool at 0x604298 deallocated chunk at 0x7f8418757020
- mempool at 0x604298 deallocated chunk at 0x7f8458758020
- mempool at 0x604298 deallocated chunk at 0x7f8498759020
- mempool at 0x604298 deallocated chunk at 0x7f84d875a020
- mempool at 0x604298 deallocated chunk at 0x7f851875b020
- mempool at 0x604298 deallocated chunk at 0x7f855875c020
- mempool at 0x604298 deallocated chunk at 0x7f859875d020
- mempool at 0x604298 deallocated chunk at 0x7f85d875e020
- mempool at 0x604298 deallocated chunk at 0x7f861875f020
- mempool at 0x604298 deallocated chunk at 0x7f8658760020
- mempool at 0x604298 deallocated chunk at 0x7f8698761020
- mempool at 0x604298 deallocated chunk at 0x7f86d8762020
- mempool at 0x604298 deallocated chunk at 0x7f8718763020
- mempool at 0x604298 deallocated chunk at 0x7f8758764020
- mempool at 0x604298 deallocated chunk at 0x7f8798765020
- mempool at 0x604298 deallocated chunk at 0x7f87d8766020
- mempool at 0x604298 deallocated chunk at 0x7f8818767020
- mempool at 0x604298 deallocated chunk at 0x7f8858768020
- mempool at 0x604298 deallocated chunk at 0x7f8898769020
- mempool at 0x604298 deallocated chunk at 0x7f88d876a020
- mempool at 0x604298 deallocated chunk at 0x7f891876b020
- mempool at 0x604298 deallocated chunk at 0x7f895876c020
- mempool at 0x604298 deallocated chunk at 0x7f899876d020
- mempool at 0x604298 deallocated chunk at 0x7f89d876e020
- mempool at 0x604298 deallocated chunk at 0x7f8a1876f020
- mempool at 0x604298 deallocated chunk at 0x7f8a58770020
- mempool at 0x604298 deallocated chunk at 0x7f8a98771020
- mempool at 0x604298 deallocated chunk at 0x7f8ad8772020
- mempool at 0x604298 deallocated chunk at 0x7f8b18773020
- mempool at 0x604298 deallocated chunk at 0x7f8b58774020
- mempool at 0x604298 deallocated chunk at 0x7f8b98775020
- mempool at 0x604298 deallocated chunk at 0x7f8bd8776020
- mempool at 0x604298 deallocated chunk at 0x7f8c18777020
- mempool at 0x604298 deallocated chunk at 0x7f8c58778020
- mempool at 0x604298 deallocated chunk at 0x7f8c98779020
- mempool at 0x604298 deallocated chunk at 0x7f8cd877a020
- mempool at 0x604298 deallocated chunk at 0x7f8d1877b020
- mempool at 0x604298 deallocated chunk at 0x7f8d5877c020
- mempool at 0x604298 deallocated chunk at 0x7f8d9877d020
- mempool at 0x604298 deallocated chunk at 0x7f8dd877e020
- mempool at 0x604298 deallocated chunk at 0x7f8e1877f020
- mempool at 0x604298 deallocated chunk at 0x7f8e58780020
- mempool at 0x604298 deallocated chunk at 0x7f8e98781020
- mempool at 0x604298 deallocated chunk at 0x7f8ed8782020
- mempool at 0x604298 deallocated chunk at 0x7f8f18783020
- mempool at 0x604298 deallocated chunk at 0x7f8f58784020
- mempool at 0x604298 deallocated chunk at 0x7f8f98785020
- mempool at 0x604298 deallocated chunk at 0x7f8fd8786020
- mempool at 0x604298 deallocated chunk at 0x7f9018787020
- mempool at 0x604298 deallocated chunk at 0x7f9058788020
- mempool at 0x604298 deallocated chunk at 0x7f9098789020
- mempool at 0x604298 deallocated chunk at 0x7f90d878a020
- mempool at 0x604298 deallocated chunk at 0x7f911878b020
- mempool at 0x604298 deallocated chunk at 0x7f915878c020
- mempool at 0x604298 deallocated chunk at 0x7f919878d020
- mempool at 0x604298 deallocated chunk at 0x7f91d878e020
- mempool at 0x604298 deallocated chunk at 0x7f921878f020
- mempool at 0x604298 deallocated chunk at 0x7f9258790020
- mempool at 0x604298 deallocated chunk at 0x7f9298791020
- mempool at 0x604298 deallocated chunk at 0x7f92d8792020
- mempool at 0x604298 deallocated chunk at 0x7f9318793020
- mempool at 0x604298 deallocated chunk at 0x7f9358794020
- mempool at 0x604298 deallocated chunk at 0x7f9398795020
- mempool at 0x604298 deallocated chunk at 0x7f93d8796020
- mempool at 0x604298 deallocated chunk at 0x7f9418797020
- mempool at 0x604298 deallocated chunk at 0x7f9458798020
- mempool at 0x604298 deallocated chunk at 0x7f9498799020
- mempool at 0x604298 deallocated chunk at 0x7f94d879a020
- mempool at 0x604298 deallocated chunk at 0x7f951879b020
- mempool at 0x604298 deallocated chunk at 0x7f955879c020
- mempool at 0x604298 deallocated chunk at 0x7f959879d020
- mempool at 0x604298 deallocated chunk at 0x7f95d879e020
- mempool at 0x604298 deallocated chunk at 0x7f961879f020
- mempool at 0x604298 deallocated chunk at 0x7f96587a0020
- mempool at 0x604298 deallocated chunk at 0x7f96987a1020
- mempool at 0x604298 deallocated chunk at 0x7f96d87a2020
- mempool at 0x604298 deallocated chunk at 0x7f97187a3020
- mempool at 0x604298 deallocated chunk at 0x7f97587a4020
- mempool at 0x604298 deallocated chunk at 0x7f97987a5020
- mempool at 0x604298 deallocated chunk at 0x7f97d87a6020
- mempool at 0x604298 deallocated chunk at 0x7f98187a7020
- mempool at 0x604298 deallocated chunk at 0x7f98587a8020
- mempool at 0x604298 deallocated chunk at 0x7f98987a9020
- mempool at 0x604298 deallocated chunk at 0x7f98d87aa020
- mempool at 0x604298 deallocated chunk at 0x7f99187ab020
- mempool at 0x604298 deallocated chunk at 0x7f99587ac020
- mempool at 0x604298 deallocated chunk at 0x7f99987ad020
- mempool at 0x604298 deallocated chunk at 0x7f99d87ae020
- mempool at 0x604298 deallocated chunk at 0x7f9a187af020
- mempool at 0x604298 deallocated chunk at 0x7f9a587b0020
- mempool at 0x604298 deallocated chunk at 0x7f9a987b1020
- mempool at 0x604298 deallocated chunk at 0x7f9ad87b2020
- mempool at 0x604298 deallocated chunk at 0x7f9b187b3020
- mempool at 0x604298 deallocated chunk at 0x7f9b587b4020
- mempool at 0x604298 deallocated chunk at 0x7f9b987b5020
- mempool at 0x604298 deallocated chunk at 0x7f9bd87b6020
- mempool at 0x604298 deallocated chunk at 0x7f9c187b7020
- mempool at 0x604298 deallocated chunk at 0x7f9c587b8020
- mempool at 0x604298 deallocated chunk at 0x7f9c987b9020
- mempool at 0x604298 deallocated chunk at 0x7f9cd87ba020
- mempool at 0x604298 deallocated chunk at 0x7f9d187bb020
- mempool at 0x604298 deallocated chunk at 0x7f9d587bc020
- mempool at 0x604298 deallocated chunk at 0x7f9d987bd020
- mempool at 0x604298 deallocated chunk at 0x7f9dd87be020
- mempool at 0x604298 deallocated chunk at 0x7f9e187bf020
- mempool at 0x604298 deallocated chunk at 0x7f9e587c0020
- mempool at 0x604298 deallocated chunk at 0x7f9e987c1020
- mempool at 0x604298 deallocated chunk at 0x7f9ed87c2020
- mempool at 0x604298 deallocated chunk at 0x7f9f187c3020
- mempool at 0x604298 deallocated chunk at 0x7f9f587c4020
- mempool at 0x604298 deallocated chunk at 0x7f9f987c5020
- mempool at 0x604298 deallocated chunk at 0x7f9fd87c6020
- mempool at 0x604298 deallocated chunk at 0x7fa0187c7020
- mempool at 0x604298 deallocated chunk at 0x7fa0587c8020
- mempool at 0x604298 deallocated chunk at 0x7fa0987c9020
- mempool at 0x604298 deallocated chunk at 0x7fa0d87ca020
- mempool at 0x604298 deallocated chunk at 0x7fa1187cb020
- mempool at 0x604298 deallocated chunk at 0x7fa1587cc020
- mempool at 0x604298 deallocated chunk at 0x7fa1987cd020
- mempool at 0x604298 deallocated chunk at 0x7fa1d87ce020
- mempool at 0x604298 deallocated chunk at 0x7fa2187cf020
- mempool at 0x604298 deallocated chunk at 0x7fa2587d0020
- mempool at 0x604298 deallocated chunk at 0x7fa2987d1020
- mempool at 0x604298 deallocated chunk at 0x7fa2d87d2020
- mempool at 0x604298 deallocated chunk at 0x7fa3187d3020
- mempool at 0x604298 deallocated chunk at 0x7fa3587d4020
- mempool at 0x604298 deallocated chunk at 0x7fa3987d5020
- mempool at 0x604298 deallocated chunk at 0x7fa3d87d6020
- mempool at 0x604298 deallocated chunk at 0x7fa4187d7020
- mempool at 0x604298 deallocated chunk at 0x7fa4587d8020
- mempool at 0x604298 deallocated chunk at 0x7fa4987d9020
- mempool at 0x604298 deallocated chunk at 0x7fa4d87da020
- mempool at 0x604298 deallocated chunk at 0x7fa5187db020
- mempool at 0x604298 deallocated chunk at 0x7fa5587dc020
- mempool at 0x604298 deallocated chunk at 0x7fa5987dd020
- mempool at 0x604298 deallocated chunk at 0x7fa5d87de020
- mempool at 0x604298 deallocated chunk at 0x7fa6187df020
- mempool at 0x604298 deallocated chunk at 0x7fa6587e0020
- mempool at 0x604298 deallocated chunk at 0x7fa6987e1020
- mempool at 0x604298 deallocated chunk at 0x7fa6d87e2020
- mempool at 0x604298 deallocated chunk at 0x7fa7187e3020
- mempool at 0x604298 deallocated chunk at 0x7fa7587e4020
- mempool at 0x604298 deallocated chunk at 0x7fa7987e5020
- mempool at 0x604298 deallocated chunk at 0x7fa7d87e6020
- mempool at 0x604298 deallocated chunk at 0x7fa8187e7020
- mempool at 0x604298 deallocated chunk at 0x7fa8587e8020
- mempool at 0x604298 deallocated chunk at 0x7fa8987e9020
- mempool at 0x604298 deallocated chunk at 0x7fa8d87ea020
- mempool at 0x604298 deallocated chunk at 0x7fa9187eb020
- mempool at 0x604298 deallocated chunk at 0x7fa9587ec020
- mempool at 0x604298 deallocated chunk at 0x7fa9987ed020
- mempool at 0x604298 deallocated chunk at 0x7fa9d87ee020
- mempool at 0x604298 deallocated chunk at 0x7faa187ef020
- mempool at 0x604298 deallocated chunk at 0x7fca587f0020
Testing pcg64
	0..18446744073709551615 is range of generator
	13034599790 outputs to scan for duplicates [3.03485*sqrt(range)]
	4.60517 duplicates expected on average
	0.01 is probability of zero duplicates
	0x5b14422b is seed for this run
---
- Testing for repeats started...
  - Allocating memory started...
    - allocated hash table of reserved for 13034599790 elements
  - Allocating memory completed (42.9937 seconds)
  - Checking PRNG output started...
    - repeat of 9201192391010009918 found, step 8925761438
    - repeat of 17865238661577495070 found, step 9034291542
  - Checking PRNG output completed (4513.76 seconds)
- Testing for repeats completed (4556.75 seconds)
---
2 repeats, p-value = 0.16209
- bump_allocator_static< std::__detail::_Hash_node_base* > at 0x604310 destroyed!
 - total_allocations_  = 1
 - active_allocations_ = 0
 - high_allocations_   = 1
 - total_mem_  = 137438953144
 - active_mem_ = 0
 - high_mem_   = 137438953144
- bump_allocator_static< std::__detail::_Hash_node<unsigned long, false> > at 0x6042d0 destroyed!
 - total_allocations_  = 13034599788
 - active_allocations_ = 0
 - high_allocations_   = 13034599788
 - total_mem_  = 208553596608
 - active_mem_ = 0
 - high_mem_   = 208553596608

Memory usage summary: heap total: 346818685864, heap peak: 346818685672, stack peak: 5744
         total calls   total memory   failed calls
 malloc|        394   346818685672              0
realloc|          4            192              0  (nomove:0, dec:0, free:0)
 calloc|          0              0              0
   free|        395   346818612136
Histogram for block sizes:
   16-31            195  48% =================================================
   32-47              2  <1% 
   64-79              2  <1% 
  512-527             2  <1% 
   large            197  49% ==================================================
