Testing pcg32
	0..4294967295 is range of generator
	414487 outputs to scan for duplicates [6.32456*sqrt(range)]
	20.0001 duplicates expected on average
	2.06097e-09 is probability of zero duplicates
	0x30d13f71 is seed for this run
---
- Testing for repeats started...
  - Allocating memory started...
    - allocated bloomish filter with 32768 64-bit elements (3 bits/entry)
    - allocated possible-match log with 16384 32-bit elements
  - Allocating memory completed (2.7729e-05 seconds)
  - Phase 1, Gathering repeat candidates started...
    - 15173 repeat candidates found
  - Phase 1, Gathering repeat candidates completed (0.0111685 seconds)
  - Reallocating memory started...
    - Deallocated bloomish filter
    - Allocated hash table of the same size
  - Reallocating memory completed (0.000171741 seconds)
  - Phase 2, Storing candidates in hash table started...
  - Phase 2, Storing candidates in hash table completed (0.000276877 seconds)
  - Phase 3, Testing candidates started...
    - repeat of 1218762982 found, step 44475
    - repeat of 3287778887 found, step 46949
    - repeat of 3235334480 found, step 51712
    - repeat of 1026367891 found, step 100588
    - repeat of 3424403767 found, step 122887
    - repeat of 1589869371 found, step 131229
    - repeat of 959279045 found, step 152779
    - repeat of 631229189 found, step 184352
    - repeat of 2799133473 found, step 189013
    - repeat of 2191537802 found, step 199436
    - repeat of 2007111562 found, step 294675
    - repeat of 1489825171 found, step 300906
    - repeat of 1900589239 found, step 302324
    - repeat of 59941972 found, step 353543
    - repeat of 2059074771 found, step 353811
    - repeat of 126846389 found, step 372612
    - repeat of 3212580111 found, step 385647
    - repeat of 3124994679 found, step 413850
  - Phase 3, Testing candidates completed (0.0135734 seconds)
- Testing for repeats completed (0.0252716 seconds)
---
18 repeats, p-value = 0.381414

Memory usage summary: heap total: 564225, heap peak: 400384, stack peak: 5664
         total calls   total memory   failed calls
 malloc|          5         564225              0
realloc|          0              0              0  (nomove:0, dec:0, free:0)
 calloc|          0              0              0
   free|          4         491521
Histogram for block sizes:
32768-32783           1  20% ============
   large              4  80% ==================================================
