Testing gjrand32
	0..4294967295 is range of generator
	414487 outputs to scan for duplicates [6.32456*sqrt(range)]
	20.0001 duplicates expected on average
	2.06097e-09 is probability of zero duplicates
	0x36449648 is seed for this run
---
- Testing for repeats started...
  - Allocating memory started...
    - allocated 256 buckets of capacity 2023
    - allocated 256 bucket counters
  - Allocating memory completed (1.4066e-05 seconds)
  - Storing PRNG output started...
  - Storing PRNG output completed (0.0034904 seconds)
  - Sorting started...
  - Sorting completed (0.0323912 seconds)
  - Scanning for duplicates started...
    - repeat of 3756631821 found
    - repeat of 2780702509 found
    - repeat of 1419133766 found
    - repeat of 2826724426 found
    - repeat of 3637846630 found
    - repeat of 2093581167 found
    - repeat of 1591130489 found
    - repeat of 2044542076 found
    - repeat of 2883922563 found
    - repeat of 2898530440 found
    - repeat of 3203793046 found
    - repeat of 4013311899 found
    - repeat of 1442305196 found
    - repeat of 2979533489 found
    - repeat of 2171263671 found
    - repeat of 2399801034 found
    - repeat of 4223215612 found
  - Scanning for duplicates completed (0.000558557 seconds)
- Testing for repeats completed (0.0364742 seconds)
---
17 repeats, p-value = 0.297021

Memory usage summary: heap total: 2145280, heap peak: 2145280, stack peak: 5616
         total calls   total memory   failed calls
 malloc|          3        2145280              0
realloc|          0              0              0  (nomove:0, dec:0, free:0)
 calloc|          0              0              0
   free|          0              0
Histogram for block sizes:
 1024-1039            1  33% =========================
   large              2  66% ==================================================
