Testing pcg32_fast
	0..4294967295 is range of generator
	414487 outputs to scan for duplicates [6.32456*sqrt(range)]
	20.0001 duplicates expected on average
	2.06097e-09 is probability of zero duplicates
	0x644b8f73 is seed for this run
---
- Testing for repeats started...
  - Allocating memory started...
    - allocated hash table of reserved for 414487 elements
  - Allocating memory completed (0.000964084 seconds)
  - Checking PRNG output started...
    - repeat of 186916102 found, step 56231
    - repeat of 1757782823 found, step 99713
    - repeat of 4099918205 found, step 133943
    - repeat of 1994941314 found, step 159991
    - repeat of 3335118223 found, step 168350
    - repeat of 970103532 found, step 188434
    - repeat of 3986885138 found, step 201082
    - repeat of 1000500134 found, step 201200
    - repeat of 2670689572 found, step 244587
    - repeat of 3817345129 found, step 252899
    - repeat of 3279664705 found, step 257684
    - repeat of 1339825244 found, step 260996
    - repeat of 247398715 found, step 263402
    - repeat of 3649941341 found, step 264417
    - repeat of 66027646 found, step 292350
    - repeat of 2983795001 found, step 304253
    - repeat of 3524194932 found, step 313590
    - repeat of 1198158259 found, step 340272
    - repeat of 1014320851 found, step 354206
    - repeat of 289496418 found, step 364002
    - repeat of 1593862905 found, step 367438
    - repeat of 2611732146 found, step 394222
    - repeat of 4053318407 found, step 400707
    - repeat of 2147184571 found, step 401823
  - Checking PRNG output completed (0.0547314 seconds)
- Testing for repeats completed (0.0557037 seconds)
---
24 repeats, p-value = 1 - 0.156778

Memory usage summary: heap total: 10260008, heap peak: 10260008, stack peak: 5648
         total calls   total memory   failed calls
 malloc|     414465       10260008              0
realloc|          0              0              0  (nomove:0, dec:0, free:0)
 calloc|          0              0              0
   free|     414464       10187304
Histogram for block sizes:
   16-31         414463  99% ==================================================
   large              2  <1% 
