- bump_allocator_static< std::__detail::_Hash_node<unsigned int, false> > (item size = 16) at 0x6042d0 created!
- bump_allocator_static< std::__detail::_Hash_node_base* > (item size = 8) at 0x604310 created!
- mempool at 0x604298 allocated new chunk at 0x7fc6939ae020
- mempool at 0x604298 deallocated chunk at 0x7fc6939ae020
Testing jsf32
	0..4294967295 is range of generator
	414487 outputs to scan for duplicates [6.32456*sqrt(range)]
	20.0001 duplicates expected on average
	2.06097e-09 is probability of zero duplicates
	0x4d72de38 is seed for this run
---
- Testing for repeats started...
  - Allocating memory started...
    - allocated hash table of reserved for 414487 elements
  - Allocating memory completed (0.00134053 seconds)
  - Checking PRNG output started...
    - repeat of 3197780281 found, step 60304
    - repeat of 3850660422 found, step 142213
    - repeat of 2860412272 found, step 149923
    - repeat of 4191454774 found, step 195293
    - repeat of 890340219 found, step 242354
    - repeat of 4007009641 found, step 332983
    - repeat of 3986072165 found, step 344747
    - repeat of 1949736254 found, step 353524
    - repeat of 3641899246 found, step 365324
    - repeat of 1893519845 found, step 386578
    - repeat of 2940271207 found, step 389792
    - repeat of 2233797576 found, step 400114
  - Checking PRNG output completed (0.0373143 seconds)
- Testing for repeats completed (0.0386664 seconds)
---
12 repeats, p-value = 0.0390104
- bump_allocator_static< std::__detail::_Hash_node_base* > at 0x604310 destroyed!
 - total_allocations_  = 1
 - active_allocations_ = 0
 - high_allocations_   = 1
 - total_mem_  = 3555896
 - active_mem_ = 0
 - high_mem_   = 3555896
- bump_allocator_static< std::__detail::_Hash_node<unsigned int, false> > at 0x6042d0 destroyed!
 - total_allocations_  = 414475
 - active_allocations_ = 0
 - high_allocations_   = 414475
 - total_mem_  = 6631600
 - active_mem_ = 0
 - high_mem_   = 6631600

Memory usage summary: heap total: 1073815760, heap peak: 1073815568, stack peak: 2816
         total calls   total memory   failed calls
 malloc|          5     1073815568              0
realloc|          4            192              0  (nomove:0, dec:0, free:0)
 calloc|          0              0              0
   free|          6     1073742032
Histogram for block sizes:
   16-31              1  11% =========================
   32-47              2  22% ==================================================
   64-79              2  22% ==================================================
  512-527             2  22% ==================================================
   large              2  22% ==================================================
