Testing sfc32
	0..4294967295 is range of generator
	414487 outputs to scan for duplicates [6.32456*sqrt(range)]
	20.0001 duplicates expected on average
	2.06097e-09 is probability of zero duplicates
	0x2b28b08a is seed for this run
---
- Testing for repeats started...
  - Allocating memory started...
    - allocated 256 buckets of capacity 2023
    - allocated 256 bucket counters
  - Allocating memory completed (1.9763e-05 seconds)
  - Storing PRNG output started...
  - Storing PRNG output completed (0.00350032 seconds)
  - Sorting started...
  - Sorting completed (0.0375503 seconds)
  - Scanning for duplicates started...
    - repeat of 1300035852 found
    - repeat of 2944111381 found
    - repeat of 4215302677 found
    - repeat of 2837098275 found
    - repeat of 1867836709 found
    - repeat of 2370887730 found
    - repeat of 714328648 found
    - repeat of 1323395150 found
    - repeat of 2498036579 found
    - repeat of 2981201253 found
    - repeat of 2694214762 found
    - repeat of 3476217200 found
    - repeat of 2628608369 found
    - repeat of 2394324341 found
    - repeat of 2000506771 found
    - repeat of 618931356 found
    - repeat of 4294268830 found
    - repeat of 2213589677 found
    - repeat of 3021511356 found
    - repeat of 4010499008 found
    - repeat of 3433245147 found
    - repeat of 3732923355 found
    - repeat of 1630290912 found
    - repeat of 3758821618 found
    - repeat of 3571751669 found
  - Scanning for duplicates completed (0.000608905 seconds)
- Testing for repeats completed (0.0417064 seconds)
---
25 repeats, p-value = 1 - 0.112189

Memory usage summary: heap total: 2145280, heap peak: 2145280, stack peak: 5616
         total calls   total memory   failed calls
 malloc|          3        2145280              0
realloc|          0              0              0  (nomove:0, dec:0, free:0)
 calloc|          0              0              0
   free|          0              0
Histogram for block sizes:
 1024-1039            1  33% =========================
   large              2  66% ==================================================
