Testing xoroshiro64plus32
	0..4294967295 is range of generator
	414487 outputs to scan for duplicates [6.32456*sqrt(range)]
	20.0001 duplicates expected on average
	2.06097e-09 is probability of zero duplicates
	0xf26e2ad2 is seed for this run
---
- Testing for repeats started...
  - Allocating memory started...
    - allocated 256 buckets of capacity 2023
    - allocated 256 bucket counters
  - Allocating memory completed (1.5718e-05 seconds)
  - Storing PRNG output started...
  - Storing PRNG output completed (0.002369 seconds)
  - Sorting started...
  - Sorting completed (0.0240331 seconds)
  - Scanning for duplicates started...
    - repeat of 3631547160 found
    - repeat of 3467855394 found
    - repeat of 706058019 found
    - repeat of 4051903275 found
    - repeat of 1723726644 found
    - repeat of 3537358908 found
    - repeat of 501128293 found
    - repeat of 2415041398 found
    - repeat of 3646935720 found
    - repeat of 1181289402 found
    - repeat of 1697073089 found
    - repeat of 240587233 found
  - Scanning for duplicates completed (0.00052913 seconds)
- Testing for repeats completed (0.0269674 seconds)
---
12 repeats, p-value = 0.0390104

Memory usage summary: heap total: 2145280, heap peak: 2145280, stack peak: 5616
         total calls   total memory   failed calls
 malloc|          3        2145280              0
realloc|          0              0              0  (nomove:0, dec:0, free:0)
 calloc|          0              0              0
   free|          0              0
Histogram for block sizes:
 1024-1039            1  33% =========================
   large              2  66% ==================================================
