Testing xoroshiro64star32
	0..4294967295 is range of generator
	414487 outputs to scan for duplicates [6.32456*sqrt(range)]
	20.0001 duplicates expected on average
	2.06097e-09 is probability of zero duplicates
	0x81d03828 is seed for this run
---
- Testing for repeats started...
  - Allocating memory started...
    - allocated hash table of reserved for 414487 elements
  - Allocating memory completed (0.00204213 seconds)
  - Checking PRNG output started...
    - repeat of 2784046942 found, step 66592
    - repeat of 1418533106 found, step 78881
    - repeat of 3071210693 found, step 100815
    - repeat of 1480035897 found, step 110976
    - repeat of 3063355237 found, step 117961
    - repeat of 1519906947 found, step 137157
    - repeat of 1578561382 found, step 151580
    - repeat of 3312292527 found, step 198851
    - repeat of 1617169368 found, step 223386
    - repeat of 4223747882 found, step 232269
    - repeat of 342038629 found, step 236239
    - repeat of 4164341305 found, step 236669
    - repeat of 3335425977 found, step 242976
    - repeat of 3059894242 found, step 288927
    - repeat of 4129092510 found, step 299389
    - repeat of 2264013428 found, step 313006
    - repeat of 1934073851 found, step 329730
    - repeat of 3563397043 found, step 336551
    - repeat of 2877718640 found, step 348848
    - repeat of 1990570040 found, step 351221
    - repeat of 358438627 found, step 357751
    - repeat of 729082039 found, step 372100
    - repeat of 3227314343 found, step 394018
    - repeat of 788694195 found, step 394980
    - repeat of 541131063 found, step 399902
    - repeat of 2186244193 found, step 403969
    - repeat of 2742642974 found, step 404739
    - repeat of 536307824 found, step 407215
  - Checking PRNG output completed (0.0984605 seconds)
- Testing for repeats completed (0.100519 seconds)
---
28 repeats, p-value = 1 - 0.0343352

Memory usage summary: heap total: 10259944, heap peak: 10259944, stack peak: 5648
         total calls   total memory   failed calls
 malloc|     414461       10259944              0
realloc|          0              0              0  (nomove:0, dec:0, free:0)
 calloc|          0              0              0
   free|     414460       10187240
Histogram for block sizes:
   16-31         414459  99% ==================================================
   large              2  <1% 
