- bump_allocator_static< std::__detail::_Hash_node<unsigned int, false> > (item size = 16) at 0x6042d0 created!
- bump_allocator_static< std::__detail::_Hash_node_base* > (item size = 8) at 0x604310 created!
- mempool at 0x604298 allocated new chunk at 0x7f2757c34020
- mempool at 0x604298 deallocated chunk at 0x7f2757c34020
Testing xoroshiro64starstar32
	0..4294967295 is range of generator
	414487 outputs to scan for duplicates [6.32456*sqrt(range)]
	20.0001 duplicates expected on average
	2.06097e-09 is probability of zero duplicates
	0x9d8c2fc2 is seed for this run
---
- Testing for repeats started...
  - Allocating memory started...
    - allocated hash table of reserved for 414487 elements
  - Allocating memory completed (0.00270834 seconds)
  - Checking PRNG output started...
    - repeat of 2880615493 found, step 188686
    - repeat of 3040701948 found, step 207134
    - repeat of 2342379869 found, step 208081
    - repeat of 4286524637 found, step 213512
    - repeat of 623086227 found, step 222819
    - repeat of 1508738909 found, step 225509
    - repeat of 3489900222 found, step 273893
    - repeat of 3734854498 found, step 297823
    - repeat of 2416472204 found, step 300655
    - repeat of 265316540 found, step 315935
    - repeat of 674773107 found, step 331449
    - repeat of 34249780 found, step 349407
    - repeat of 4040868584 found, step 363294
    - repeat of 3201588636 found, step 385417
    - repeat of 2211931269 found, step 386584
    - repeat of 1020773442 found, step 390082
    - repeat of 444584713 found, step 390611
  - Checking PRNG output completed (0.0759342 seconds)
- Testing for repeats completed (0.0786585 seconds)
---
17 repeats, p-value = 0.297021
- bump_allocator_static< std::__detail::_Hash_node_base* > at 0x604310 destroyed!
 - total_allocations_  = 1
 - active_allocations_ = 0
 - high_allocations_   = 1
 - total_mem_  = 3555896
 - active_mem_ = 0
 - high_mem_   = 3555896
- bump_allocator_static< std::__detail::_Hash_node<unsigned int, false> > at 0x6042d0 destroyed!
 - total_allocations_  = 414470
 - active_allocations_ = 0
 - high_allocations_   = 414470
 - total_mem_  = 6631520
 - active_mem_ = 0
 - high_mem_   = 6631520

Memory usage summary: heap total: 1073815760, heap peak: 1073815568, stack peak: 2816
         total calls   total memory   failed calls
 malloc|          5     1073815568              0
realloc|          4            192              0  (nomove:0, dec:0, free:0)
 calloc|          0              0              0
   free|          6     1073742032
Histogram for block sizes:
   16-31              1  11% =========================
   32-47              2  22% ==================================================
   64-79              2  22% ==================================================
  512-527             2  22% ==================================================
   large              2  22% ==================================================
