Testing xoroshiro64starstar32
	0..4294967295 is range of generator
	414487 outputs to scan for duplicates [6.32456*sqrt(range)]
	20.0001 duplicates expected on average
	2.06097e-09 is probability of zero duplicates
	0xd99633f9 is seed for this run
---
- Testing for repeats started...
  - Allocating memory started...
    - allocated hash table of reserved for 414487 elements
  - Allocating memory completed (0.00147252 seconds)
  - Checking PRNG output started...
    - repeat of 3684519253 found, step 76282
    - repeat of 3561613889 found, step 125501
    - repeat of 611006889 found, step 155154
    - repeat of 1650172836 found, step 182679
    - repeat of 2701443825 found, step 186053
    - repeat of 1062564160 found, step 199485
    - repeat of 3081996379 found, step 224320
    - repeat of 4033038578 found, step 227569
    - repeat of 1671921265 found, step 235586
    - repeat of 2084364062 found, step 269214
    - repeat of 1877551721 found, step 323504
    - repeat of 4072713454 found, step 328672
    - repeat of 1173126470 found, step 330161
    - repeat of 3674673258 found, step 331908
    - repeat of 1377000878 found, step 338292
    - repeat of 2530240567 found, step 346995
    - repeat of 287715992 found, step 365784
    - repeat of 2186502298 found, step 368131
    - repeat of 1756357899 found, step 398663
    - repeat of 936548683 found, step 405454
  - Checking PRNG output completed (0.0798118 seconds)
- Testing for repeats completed (0.0812936 seconds)
---
20 repeats, p-value = 1 - 0.440915

Memory usage summary: heap total: 10260072, heap peak: 10260072, stack peak: 5648
         total calls   total memory   failed calls
 malloc|     414469       10260072              0
realloc|          0              0              0  (nomove:0, dec:0, free:0)
 calloc|          0              0              0
   free|     414468       10187368
Histogram for block sizes:
   16-31         414467  99% ==================================================
   large              2  <1% 
