Testing std::mt19937
	0..4294967295 is range of generator
	198893 outputs to scan for duplicates [3.03485*sqrt(range)]
	4.60521 duplicates expected on average
	0.00999963 is probability of zero duplicates
	0xb2c188a1 is seed for this run
---
- Testing for repeats started...
  - Allocating memory started...
    - allocated hash table of reserved for 198893 elements
  - Allocating memory completed (0.000942154 seconds)
  - Checking PRNG output started...
    - repeat of 763856464 found, step 69842
    - repeat of 948904811 found, step 79831
    - repeat of 237969698 found, step 147494
    - repeat of 939829162 found, step 158406
    - repeat of 4003157996 found, step 161286
    - repeat of 920728112 found, step 164159
    - repeat of 3979773080 found, step 168710
  - Checking PRNG output completed (0.0507229 seconds)
- Testing for repeats completed (0.0516771 seconds)
---
7 repeats, p-value = 1 - 0.0955042

Memory usage summary: heap total: 4874152, heap peak: 4874152, stack peak: 10608
         total calls   total memory   failed calls
 malloc|     198888        4874152              0
realloc|          0              0              0  (nomove:0, dec:0, free:0)
 calloc|          0              0              0
   free|     198887        4801448
Histogram for block sizes:
   16-31         198886  99% ==================================================
   large              2  <1% 
