Testing pcg64_fast
	0..18446744073709551615 is range of generator
	27163758263 outputs to scan for duplicates [6.32456*sqrt(range)]
	20 duplicates expected on average
	2.06115e-09 is probability of zero duplicates
	0x35180798 is seed for this run
---
- Testing for repeats started...
  - Allocating memory started...
    - allocated 65536 buckets of capacity 518107
    - allocated 65536 bucket counters
  - Allocating memory completed (0.000339223 seconds)
  - Storing PRNG output started...
  - Storing PRNG output completed (1460.9 seconds)
  - Sorting started...
  - Sorting completed (2305.29 seconds)
  - Scanning for duplicates started...
    - repeat of 8853972522661249715 found
    - repeat of 16594390897507830123 found
    - repeat of 9385944286644812061 found
    - repeat of 86376587494308511 found
    - repeat of 11784468743091864966 found
    - repeat of 14666479754570909596 found
    - repeat of 12400845109639080246 found
    - repeat of 6350500896023281817 found
    - repeat of 16826718638364201713 found
    - repeat of 18097261148070325866 found
    - repeat of 9106781154644052436 found
    - repeat of 5700994169906451193 found
    - repeat of 10340266397484307754 found
    - repeat of 3845149533449214106 found
    - repeat of 18142468888195554580 found
    - repeat of 7968221264324583618 found
    - repeat of 304678728523705694 found
  - Scanning for duplicates completed (38.3696 seconds)
- Testing for repeats completed (3804.56 seconds)
---
17 repeats, p-value = 0.297028

Memory usage summary: heap total: 271637879808, heap peak: 271637879808, stack peak: 5616
         total calls   total memory   failed calls
 malloc|          3   271637879808              0
realloc|          0              0              0  (nomove:0, dec:0, free:0)
 calloc|          0              0              0
   free|          0              0
Histogram for block sizes:
   large              3 100% ==================================================
