Testing jsf32
	0..4294967295 is range of generator
	414487 outputs to scan for duplicates [6.32456*sqrt(range)]
	20.0001 duplicates expected on average
	2.06097e-09 is probability of zero duplicates
	0x7a80b842 is seed for this run
---
- Testing for repeats started...
  - Allocating memory started...
    - allocated 256 buckets of capacity 2023
    - allocated 256 bucket counters
  - Allocating memory completed (1.191e-05 seconds)
  - Storing PRNG output started...
  - Storing PRNG output completed (0.0033467 seconds)
  - Sorting started...
  - Sorting completed (0.0382762 seconds)
  - Scanning for duplicates started...
    - repeat of 1081177866 found
    - repeat of 1144095755 found
    - repeat of 2854202891 found
    - repeat of 3014370066 found
    - repeat of 1635986707 found
    - repeat of 2101309724 found
    - repeat of 3751880232 found
    - repeat of 3545329198 found
    - repeat of 2863333167 found
    - repeat of 2592062298 found
    - repeat of 253214815 found
    - repeat of 4213418337 found
    - repeat of 755626630 found
    - repeat of 4083604358 found
    - repeat of 1184081803 found
    - repeat of 2617596077 found
    - repeat of 643805871 found
    - repeat of 1657600185 found
    - repeat of 3597324731 found
    - repeat of 3349687246 found
    - repeat of 24027111 found
    - repeat of 3215979751 found
    - repeat of 1990999286 found
    - repeat of 1172160507 found
    - repeat of 2867978747 found
    - repeat of 4282849278 found
  - Scanning for duplicates completed (0.000642321 seconds)
- Testing for repeats completed (0.0423127 seconds)
---
26 repeats, p-value = 1 - 0.0778899

Memory usage summary: heap total: 2145280, heap peak: 2145280, stack peak: 5616
         total calls   total memory   failed calls
 malloc|          3        2145280              0
realloc|          0              0              0  (nomove:0, dec:0, free:0)
 calloc|          0              0              0
   free|          0              0
Histogram for block sizes:
 1024-1039            1  33% =========================
   large              2  66% ==================================================
