Testing jsf32
	0..4294967295 is range of generator
	414487 outputs to scan for duplicates [6.32456*sqrt(range)]
	20.0001 duplicates expected on average
	2.06097e-09 is probability of zero duplicates
	0x9be7a7b0 is seed for this run
---
- Testing for repeats started...
  - Allocating memory started...
    - allocated hash table of reserved for 414487 elements
  - Allocating memory completed (0.00204154 seconds)
  - Checking PRNG output started...
    - repeat of 135001878 found, step 95161
    - repeat of 2419655740 found, step 130493
    - repeat of 1629796012 found, step 143967
    - repeat of 4277257738 found, step 150862
    - repeat of 1076667614 found, step 160904
    - repeat of 1854959902 found, step 169590
    - repeat of 1599890541 found, step 180369
    - repeat of 1528443139 found, step 188549
    - repeat of 1391493756 found, step 189942
    - repeat of 3581870995 found, step 243532
    - repeat of 2087202417 found, step 261387
    - repeat of 2157606309 found, step 292022
    - repeat of 134929434 found, step 320776
    - repeat of 2013936364 found, step 344116
    - repeat of 2565601896 found, step 347104
    - repeat of 858057001 found, step 350364
    - repeat of 1656091675 found, step 353750
    - repeat of 1793664971 found, step 373652
    - repeat of 2460033765 found, step 397200
    - repeat of 165272715 found, step 410904
  - Checking PRNG output completed (0.115596 seconds)
- Testing for repeats completed (0.117654 seconds)
---
20 repeats, p-value = 1 - 0.440915

Memory usage summary: heap total: 10260072, heap peak: 10260072, stack peak: 5648
         total calls   total memory   failed calls
 malloc|     414469       10260072              0
realloc|          0              0              0  (nomove:0, dec:0, free:0)
 calloc|          0              0              0
   free|     414468       10187368
Histogram for block sizes:
   16-31         414467  99% ==================================================
   large              2  <1% 
