Testing xoroshiro64starstar32
	0..4294967295 is range of generator
	414487 outputs to scan for duplicates [6.32456*sqrt(range)]
	20.0001 duplicates expected on average
	2.06097e-09 is probability of zero duplicates
	0xfaf02ab8 is seed for this run
---
- Testing for repeats started...
  - Allocating memory started...
    - allocated array of size 414487.
  - Allocating memory completed (8.403e-06 seconds)
  - Storing PRNG output started...
  - Storing PRNG output completed (0.00306224 seconds)
  - Sorting started...
  - Sorting completed (0.0593956 seconds)
  - Scanning for duplicates started...
    - repeat of 100576557 found
    - repeat of 319382139 found
    - repeat of 362104358 found
    - repeat of 664947547 found
    - repeat of 1028910013 found
    - repeat of 1273974753 found
    - repeat of 1302152030 found
    - repeat of 1838498716 found
    - repeat of 1985249550 found
    - repeat of 2099901852 found
    - repeat of 2827630655 found
    - repeat of 2837222929 found
    - repeat of 2911308439 found
    - repeat of 2937442030 found
    - repeat of 2940802764 found
    - repeat of 3001230585 found
    - repeat of 3173136634 found
    - repeat of 3629629716 found
    - repeat of 3716019107 found
    - repeat of 3962010641 found
    - repeat of 3967657380 found
    - repeat of 4021695559 found
  - Scanning for duplicates completed (0.000512322 seconds)
- Testing for repeats completed (0.0630011 seconds)
---
22 repeats, p-value = 1 - 0.279396

Memory usage summary: heap total: 1730652, heap peak: 1730652, stack peak: 5568
         total calls   total memory   failed calls
 malloc|          2        1730652              0
realloc|          0              0              0  (nomove:0, dec:0, free:0)
 calloc|          0              0              0
   free|          0              0
Histogram for block sizes:
   large              2 100% ==================================================
