Testing std::mt19937
	0..4294967295 is range of generator
	198893 outputs to scan for duplicates [3.03485*sqrt(range)]
	4.60521 duplicates expected on average
	0.00999963 is probability of zero duplicates
	0x7710def8 is seed for this run
---
- Testing for repeats started...
  - Allocating memory started...
    - allocated hash table of reserved for 198893 elements
  - Allocating memory completed (0.000912422 seconds)
  - Checking PRNG output started...
    - repeat of 2939805846 found, step 79698
    - repeat of 1446216588 found, step 98876
    - repeat of 2114577381 found, step 135327
    - repeat of 3829176949 found, step 150025
    - repeat of 2034733209 found, step 154783
    - repeat of 3702509618 found, step 164244
    - repeat of 4025379314 found, step 167567
    - repeat of 1445388903 found, step 168698
    - repeat of 2946591401 found, step 185530
  - Checking PRNG output completed (0.0298403 seconds)
- Testing for repeats completed (0.030758 seconds)
---
9 repeats, p-value = 1 - 0.0196605

Memory usage summary: heap total: 4874120, heap peak: 4874120, stack peak: 10608
         total calls   total memory   failed calls
 malloc|     198886        4874120              0
realloc|          0              0              0  (nomove:0, dec:0, free:0)
 calloc|          0              0              0
   free|     198885        4801416
Histogram for block sizes:
   16-31         198884  99% ==================================================
   large              2  <1% 
