- bump_allocator_static< std::__detail::_Hash_node<unsigned int, false> > (item size = 16) at 0x6042d0 created!
- bump_allocator_static< std::__detail::_Hash_node_base* > (item size = 8) at 0x604310 created!
- mempool at 0x604298 allocated new chunk at 0x7f5906b90020
- mempool at 0x604298 deallocated chunk at 0x7f5906b90020
Testing jsf32
	0..4294967295 is range of generator
	414487 outputs to scan for duplicates [6.32456*sqrt(range)]
	20.0001 duplicates expected on average
	2.06097e-09 is probability of zero duplicates
	0x1e7d6b0b is seed for this run
---
- Testing for repeats started...
  - Allocating memory started...
    - allocated hash table of reserved for 414487 elements
  - Allocating memory completed (0.00110114 seconds)
  - Checking PRNG output started...
    - repeat of 3401171563 found, step 31487
    - repeat of 2347666588 found, step 128483
    - repeat of 1226015932 found, step 168511
    - repeat of 3796130073 found, step 189720
    - repeat of 1107057841 found, step 195417
    - repeat of 3446321264 found, step 198083
    - repeat of 84819761 found, step 211066
    - repeat of 228807111 found, step 278248
    - repeat of 1023787824 found, step 289922
    - repeat of 381763827 found, step 295732
    - repeat of 2418354396 found, step 351294
    - repeat of 2728537921 found, step 360573
    - repeat of 962084025 found, step 379418
    - repeat of 3400929061 found, step 380438
    - repeat of 3956084226 found, step 381800
    - repeat of 483164898 found, step 382243
    - repeat of 210718819 found, step 389869
  - Checking PRNG output completed (0.040121 seconds)
- Testing for repeats completed (0.0412371 seconds)
---
17 repeats, p-value = 0.297021
- bump_allocator_static< std::__detail::_Hash_node_base* > at 0x604310 destroyed!
 - total_allocations_  = 1
 - active_allocations_ = 0
 - high_allocations_   = 1
 - total_mem_  = 3555896
 - active_mem_ = 0
 - high_mem_   = 3555896
- bump_allocator_static< std::__detail::_Hash_node<unsigned int, false> > at 0x6042d0 destroyed!
 - total_allocations_  = 414470
 - active_allocations_ = 0
 - high_allocations_   = 414470
 - total_mem_  = 6631520
 - active_mem_ = 0
 - high_mem_   = 6631520

Memory usage summary: heap total: 1073815760, heap peak: 1073815568, stack peak: 2816
         total calls   total memory   failed calls
 malloc|          5     1073815568              0
realloc|          4            192              0  (nomove:0, dec:0, free:0)
 calloc|          0              0              0
   free|          6     1073742032
Histogram for block sizes:
   16-31              1  11% =========================
   32-47              2  22% ==================================================
   64-79              2  22% ==================================================
  512-527             2  22% ==================================================
   large              2  22% ==================================================
