Testing sfc32
	0..4294967295 is range of generator
	414487 outputs to scan for duplicates [6.32456*sqrt(range)]
	20.0001 duplicates expected on average
	2.06097e-09 is probability of zero duplicates
	0x824742fb is seed for this run
---
- Testing for repeats started...
  - Allocating memory started...
    - allocated array of size 414487.
  - Allocating memory completed (6.219e-06 seconds)
  - Storing PRNG output started...
  - Storing PRNG output completed (0.00167351 seconds)
  - Sorting started...
  - Sorting completed (0.0498503 seconds)
  - Scanning for duplicates started...
    - repeat of 47247705 found
    - repeat of 693193617 found
    - repeat of 837418525 found
    - repeat of 1188146499 found
    - repeat of 1286830384 found
    - repeat of 1425470459 found
    - repeat of 1561119133 found
    - repeat of 1563004000 found
    - repeat of 1760044546 found
    - repeat of 2032684362 found
    - repeat of 2087425051 found
    - repeat of 2259017517 found
    - repeat of 2271931001 found
    - repeat of 2285581338 found
    - repeat of 2309693651 found
    - repeat of 2317099480 found
    - repeat of 3545053931 found
    - repeat of 3689582765 found
    - repeat of 3738507146 found
    - repeat of 3765987661 found
    - repeat of 3913546466 found
    - repeat of 4018009076 found
    - repeat of 4109341498 found
    - repeat of 4146554477 found
    - repeat of 4244823233 found
  - Scanning for duplicates completed (0.000401035 seconds)
- Testing for repeats completed (0.0519491 seconds)
---
25 repeats, p-value = 1 - 0.112189

Memory usage summary: heap total: 1730652, heap peak: 1730652, stack peak: 5584
         total calls   total memory   failed calls
 malloc|          2        1730652              0
realloc|          0              0              0  (nomove:0, dec:0, free:0)
 calloc|          0              0              0
   free|          0              0
Histogram for block sizes:
   large              2 100% ==================================================
