Testing xoroshiro64star32
	0..4294967295 is range of generator
	414487 outputs to scan for duplicates [6.32456*sqrt(range)]
	20.0001 duplicates expected on average
	2.06097e-09 is probability of zero duplicates
	0x3cf4987c is seed for this run
---
- Testing for repeats started...
  - Allocating memory started...
    - allocated bloomish filter with 32768 64-bit elements (3 bits/entry)
    - allocated possible-match log with 16384 32-bit elements
  - Allocating memory completed (1.1113e-05 seconds)
  - Phase 1, Gathering repeat candidates started...
    - 15326 repeat candidates found
  - Phase 1, Gathering repeat candidates completed (0.00890195 seconds)
  - Reallocating memory started...
    - Deallocated bloomish filter
    - Allocated hash table of the same size
  - Reallocating memory completed (0.000153631 seconds)
  - Phase 2, Storing candidates in hash table started...
  - Phase 2, Storing candidates in hash table completed (0.000278624 seconds)
  - Phase 3, Testing candidates started...
    - repeat of 1494936803 found, step 95939
    - repeat of 2726076346 found, step 157531
    - repeat of 3396844834 found, step 181467
    - repeat of 1271232085 found, step 190444
    - repeat of 860490694 found, step 277731
    - repeat of 4008894290 found, step 281409
    - repeat of 4244164786 found, step 288677
    - repeat of 922077120 found, step 289005
    - repeat of 709666469 found, step 290407
    - repeat of 773598526 found, step 297853
    - repeat of 2780125670 found, step 298528
    - repeat of 3552203062 found, step 302167
    - repeat of 1183328041 found, step 309673
    - repeat of 1833662999 found, step 310989
    - repeat of 3746000091 found, step 337882
    - repeat of 3016295362 found, step 364434
    - repeat of 716479593 found, step 411605
  - Phase 3, Testing candidates completed (0.0129752 seconds)
- Testing for repeats completed (0.0223508 seconds)
---
17 repeats, p-value = 0.297021

Memory usage summary: heap total: 564225, heap peak: 400384, stack peak: 5680
         total calls   total memory   failed calls
 malloc|          5         564225              0
realloc|          0              0              0  (nomove:0, dec:0, free:0)
 calloc|          0              0              0
   free|          4         491521
Histogram for block sizes:
32768-32783           1  20% ============
   large              4  80% ==================================================
