Testing mcg128
	0..18446744073709551615 is range of generator
	27163758263 outputs to scan for duplicates [6.32456*sqrt(range)]
	20 duplicates expected on average
	2.06115e-09 is probability of zero duplicates
	0x2eb47171 is seed for this run
---
- Testing for repeats started...
  - Allocating memory started...
    - allocated bloomish filter with 2147483648 64-bit elements (3 bits/entry)
    - allocated possible-match log with 1073741824 64-bit elements
  - Allocating memory completed (2.7391e-05 seconds)
  - Phase 1, Gathering repeat candidates started...
    - 826870912 repeat candidates found
  - Phase 1, Gathering repeat candidates completed (1625.58 seconds)
  - Reallocating memory started...
    - Deallocated bloomish filter
    - Allocated hash table of the same size
  - Reallocating memory completed (6.06435 seconds)
  - Phase 2, Storing candidates in hash table started...
  - Phase 2, Storing candidates in hash table completed (24.859 seconds)
  - Phase 3, Testing candidates started...
    - repeat of 12567884449609558452 found, step 1709502757
    - repeat of 8377373946123141145 found, step 2987450906
    - repeat of 12779919901366412041 found, step 3876318718
    - repeat of 10967438362011602625 found, step 6269356582
    - repeat of 14762589783787492449 found, step 6679428833
    - repeat of 17051834474585626525 found, step 6701911174
    - repeat of 2226686890189544637 found, step 13396318259
    - repeat of 7805201461463510738 found, step 13662330629
    - repeat of 15190077700756682437 found, step 17080396027
    - repeat of 445895722028890785 found, step 17781652924
    - repeat of 7769931909410242249 found, step 18706373932
    - repeat of 4562959354318176504 found, step 18839018941
    - repeat of 7667854793964895152 found, step 20017032405
    - repeat of 8308628400144637729 found, step 20526176042
    - repeat of 17113690651481277165 found, step 20933752905
    - repeat of 960351913717982185 found, step 24708427047
    - repeat of 5655203722117455668 found, step 26225028092
  - Phase 3, Testing candidates completed (1132.47 seconds)
- Testing for repeats completed (2788.97 seconds)
---
17 repeats, p-value = 0.297028

Memory usage summary: heap total: 45097229313, heap peak: 27917360129, stack peak: 5664
         total calls   total memory   failed calls
 malloc|          5    45097229313              0
realloc|          0              0              0  (nomove:0, dec:0, free:0)
 calloc|          0              0              0
   free|          4    45097156609
Histogram for block sizes:
   large              5 100% ==================================================
