Testing std::mt19937
	0..4294967295 is range of generator
	198893 outputs to scan for duplicates [3.03485*sqrt(range)]
	4.60521 duplicates expected on average
	0.00999963 is probability of zero duplicates
	0xade60d is seed for this run
---
- Testing for repeats started...
  - Allocating memory started...
    - allocated 256 buckets of capacity 971
    - allocated 256 bucket counters
  - Allocating memory completed (1.1464e-05 seconds)
  - Storing PRNG output started...
  - Storing PRNG output completed (0.00234137 seconds)
  - Sorting started...
  - Sorting completed (0.0102298 seconds)
  - Scanning for duplicates started...
    - repeat of 1808508452 found
    - repeat of 2133032236 found
    - repeat of 3843900974 found
    - repeat of 2093094730 found
    - repeat of 744936653 found
    - repeat of 4109135087 found
  - Scanning for duplicates completed (0.000208352 seconds)
- Testing for repeats completed (0.0128019 seconds)
---
6 repeats, p-value = 1 - 0.18266

Memory usage summary: heap total: 2063360, heap peak: 2063360, stack peak: 10576
         total calls   total memory   failed calls
 malloc|          3        2063360              0
realloc|          0              0              0  (nomove:0, dec:0, free:0)
 calloc|          0              0              0
   free|          0              0
Histogram for block sizes:
 2048-2063            1  33% =========================
   large              2  66% ==================================================
