Testing sfc32
	0..4294967295 is range of generator
	414487 outputs to scan for duplicates [6.32456*sqrt(range)]
	20.0001 duplicates expected on average
	2.06097e-09 is probability of zero duplicates
	0x973fb9d6 is seed for this run
---
- Testing for repeats started...
  - Allocating memory started...
    - allocated hash table of reserved for 414487 elements
  - Allocating memory completed (0.00207075 seconds)
  - Checking PRNG output started...
    - repeat of 3499430220 found, step 48032
    - repeat of 958373349 found, step 81652
    - repeat of 3560488625 found, step 138506
    - repeat of 1326823065 found, step 192211
    - repeat of 3663733601 found, step 192622
    - repeat of 1589608554 found, step 212372
    - repeat of 2466132757 found, step 215549
    - repeat of 3076297143 found, step 229464
    - repeat of 2517026429 found, step 230939
    - repeat of 2203938914 found, step 233021
    - repeat of 990465271 found, step 266383
    - repeat of 789125326 found, step 270076
    - repeat of 778677133 found, step 274065
    - repeat of 890465418 found, step 274725
    - repeat of 2911476425 found, step 286613
    - repeat of 1679941894 found, step 302657
    - repeat of 2638813593 found, step 315249
    - repeat of 470299446 found, step 316160
    - repeat of 3732839720 found, step 332692
    - repeat of 3237284903 found, step 351568
    - repeat of 3422531841 found, step 371761
    - repeat of 4021776120 found, step 374178
    - repeat of 2890129859 found, step 375984
    - repeat of 128945458 found, step 376765
    - repeat of 2368423540 found, step 400229
    - repeat of 4053570588 found, step 405907
  - Checking PRNG output completed (0.0864244 seconds)
- Testing for repeats completed (0.0885151 seconds)
---
26 repeats, p-value = 1 - 0.0778899

Memory usage summary: heap total: 10259976, heap peak: 10259976, stack peak: 5648
         total calls   total memory   failed calls
 malloc|     414463       10259976              0
realloc|          0              0              0  (nomove:0, dec:0, free:0)
 calloc|          0              0              0
   free|     414462       10187272
Histogram for block sizes:
   16-31         414461  99% ==================================================
   large              2  <1% 
