Testing xorshift64star32a
	0..4294967295 is range of generator
	414487 outputs to scan for duplicates [6.32456*sqrt(range)]
	19.9994 duplicates expected on average
	2.06239e-09 is probability of zero duplicates
	0xb7c5c6f is seed for this run
---
- Testing for repeats started...
  - Allocating memory started...
    - allocated hash table of reserved for 414487 elements
  - Allocating memory completed (0.0019421 seconds)
  - Checking PRNG output started...
    - repeat of 1128158701 found, step 105609
    - repeat of 579214273 found, step 137200
    - repeat of 4023295284 found, step 138080
    - repeat of 1598504638 found, step 183940
    - repeat of 1526572645 found, step 195828
    - repeat of 4281425352 found, step 210426
    - repeat of 3497095341 found, step 235075
    - repeat of 2375718613 found, step 268087
    - repeat of 3462376264 found, step 271837
    - repeat of 3801435499 found, step 289718
    - repeat of 93969540 found, step 290712
    - repeat of 2320761767 found, step 293552
    - repeat of 3302925083 found, step 302369
    - repeat of 4277932009 found, step 306297
    - repeat of 892651412 found, step 352905
    - repeat of 2576139743 found, step 357095
    - repeat of 3950553064 found, step 371031
    - repeat of 4069464553 found, step 390502
    - repeat of 1154407055 found, step 404120
  - Checking PRNG output completed (0.0993405 seconds)
- Testing for repeats completed (0.101303 seconds)
---
19 repeats, p-value = 0.470311

Memory usage summary: heap total: 10260088, heap peak: 10260088, stack peak: 5648
         total calls   total memory   failed calls
 malloc|     414470       10260088              0
realloc|          0              0              0  (nomove:0, dec:0, free:0)
 calloc|          0              0              0
   free|     414469       10187384
Histogram for block sizes:
   16-31         414468  99% ==================================================
   large              2  <1% 
