- bump_allocator_static< std::__detail::_Hash_node<unsigned int, false> > (item size = 16) at 0x6042d0 created!
- bump_allocator_static< std::__detail::_Hash_node_base* > (item size = 8) at 0x604310 created!
- mempool at 0x604298 allocated new chunk at 0x7f4987475020
- mempool at 0x604298 deallocated chunk at 0x7f4987475020
Testing jsf32
	0..4294967295 is range of generator
	414487 outputs to scan for duplicates [6.32456*sqrt(range)]
	20.0001 duplicates expected on average
	2.06097e-09 is probability of zero duplicates
	0x22bc2af1 is seed for this run
---
- Testing for repeats started...
  - Allocating memory started...
    - allocated hash table of reserved for 414487 elements
  - Allocating memory completed (0.0016768 seconds)
  - Checking PRNG output started...
    - repeat of 1550029281 found, step 92664
    - repeat of 2318289208 found, step 107691
    - repeat of 4209160807 found, step 124859
    - repeat of 1716939048 found, step 145619
    - repeat of 3876986707 found, step 216600
    - repeat of 532253447 found, step 239350
    - repeat of 1560471411 found, step 273650
    - repeat of 4289553021 found, step 275930
    - repeat of 2911445512 found, step 279276
    - repeat of 1549338299 found, step 313202
    - repeat of 3284809332 found, step 331625
    - repeat of 2330341859 found, step 347700
    - repeat of 2706787059 found, step 349768
    - repeat of 90201351 found, step 350394
    - repeat of 1545588030 found, step 364085
    - repeat of 126169059 found, step 380206
    - repeat of 4017499584 found, step 384959
    - repeat of 3710897313 found, step 398718
    - repeat of 2564346813 found, step 402724
    - repeat of 2451450305 found, step 408138
  - Checking PRNG output completed (0.0402071 seconds)
- Testing for repeats completed (0.0418951 seconds)
---
20 repeats, p-value = 1 - 0.440915
- bump_allocator_static< std::__detail::_Hash_node_base* > at 0x604310 destroyed!
 - total_allocations_  = 1
 - active_allocations_ = 0
 - high_allocations_   = 1
 - total_mem_  = 3555896
 - active_mem_ = 0
 - high_mem_   = 3555896
- bump_allocator_static< std::__detail::_Hash_node<unsigned int, false> > at 0x6042d0 destroyed!
 - total_allocations_  = 414467
 - active_allocations_ = 0
 - high_allocations_   = 414467
 - total_mem_  = 6631472
 - active_mem_ = 0
 - high_mem_   = 6631472

Memory usage summary: heap total: 1073815760, heap peak: 1073815568, stack peak: 2816
         total calls   total memory   failed calls
 malloc|          5     1073815568              0
realloc|          4            192              0  (nomove:0, dec:0, free:0)
 calloc|          0              0              0
   free|          6     1073742032
Histogram for block sizes:
   16-31              1  11% =========================
   32-47              2  22% ==================================================
   64-79              2  22% ==================================================
  512-527             2  22% ==================================================
   large              2  22% ==================================================
