Testing xorshift64star32a
	0..4294967295 is range of generator
	414487 outputs to scan for duplicates [6.32456*sqrt(range)]
	19.9994 duplicates expected on average
	2.06239e-09 is probability of zero duplicates
	0x2c0eb522 is seed for this run
---
- Testing for repeats started...
  - Allocating memory started...
    - allocated 256 buckets of capacity 2023
    - allocated 256 bucket counters
  - Allocating memory completed (1.9913e-05 seconds)
  - Storing PRNG output started...
  - Storing PRNG output completed (0.00385926 seconds)
  - Sorting started...
  - Sorting completed (0.0368558 seconds)
  - Scanning for duplicates started...
    - repeat of 2967588365 found
    - repeat of 4067081778 found
    - repeat of 3948810812 found
    - repeat of 3350232894 found
    - repeat of 11433030 found
    - repeat of 3938683742 found
    - repeat of 3008201057 found
    - repeat of 3960441697 found
    - repeat of 2397902960 found
    - repeat of 1506178174 found
    - repeat of 564113289 found
    - repeat of 2574335889 found
    - repeat of 2490181032 found
    - repeat of 1948497577 found
    - repeat of 1119858607 found
    - repeat of 3865450674 found
    - repeat of 4028155316 found
    - repeat of 2051764942 found
    - repeat of 1835843284 found
    - repeat of 19876823 found
    - repeat of 2701834715 found
    - repeat of 1093025246 found
    - repeat of 1187912419 found
    - repeat of 3490864365 found
    - repeat of 2624785391 found
    - repeat of 2017262331 found
  - Scanning for duplicates completed (0.000604207 seconds)
- Testing for repeats completed (0.0413653 seconds)
---
26 repeats, p-value = 1 - 0.0778662

Memory usage summary: heap total: 2145280, heap peak: 2145280, stack peak: 5616
         total calls   total memory   failed calls
 malloc|          3        2145280              0
realloc|          0              0              0  (nomove:0, dec:0, free:0)
 calloc|          0              0              0
   free|          0              0
Histogram for block sizes:
 1024-1039            1  33% =========================
   large              2  66% ==================================================
