Testing pcg32
	0..4294967295 is range of generator
	198893 outputs to scan for duplicates [3.03485*sqrt(range)]
	4.60521 duplicates expected on average
	0.00999963 is probability of zero duplicates
	0x5265b490 is seed for this run
---
- Testing for repeats started...
  - Allocating memory started...
    - allocated hash table of reserved for 198893 elements
  - Allocating memory completed (0.00146618 seconds)
  - Checking PRNG output started...
    - repeat of 65276027 found, step 55449
    - repeat of 153860591 found, step 99284
    - repeat of 3463584306 found, step 104171
    - repeat of 864878347 found, step 124030
    - repeat of 3399605449 found, step 139884
    - repeat of 1450483275 found, step 144760
    - repeat of 1468537483 found, step 158475
    - repeat of 573468896 found, step 189047
  - Checking PRNG output completed (0.060876 seconds)
- Testing for repeats completed (0.0623596 seconds)
---
8 repeats, p-value = 1 - 0.0453327

Memory usage summary: heap total: 4874136, heap peak: 4874136, stack peak: 5648
         total calls   total memory   failed calls
 malloc|     198887        4874136              0
realloc|          0              0              0  (nomove:0, dec:0, free:0)
 calloc|          0              0              0
   free|     198886        4801432
Histogram for block sizes:
   16-31         198885  99% ==================================================
   large              2  <1% 
