Testing std::mt19937_64
	0..18446744073709551615 is range of generator
	13034599790 outputs to scan for duplicates [3.03485*sqrt(range)]
	4.60517 duplicates expected on average
	0.01 is probability of zero duplicates
	0xd68d5f90 is seed for this run
---
- Testing for repeats started...
  - Allocating memory started...
    - allocated 65536 buckets of capacity 248615
    - allocated 65536 bucket counters
  - Allocating memory completed (0.000549318 seconds)
  - Storing PRNG output started...
  - Storing PRNG output completed (698.925 seconds)
  - Sorting started...
  - Sorting completed (966.247 seconds)
  - Scanning for duplicates started...
    - repeat of 6508886296057597688 found
    - repeat of 5924451221820332975 found
  - Scanning for duplicates completed (16.1705 seconds)
- Testing for repeats completed (1681.34 seconds)
---
2 repeats, p-value = 0.16209

Memory usage summary: heap total: 130346458112, heap peak: 130346458112, stack peak: 8096
         total calls   total memory   failed calls
 malloc|          3   130346458112              0
realloc|          0              0              0  (nomove:0, dec:0, free:0)
 calloc|          0              0              0
   free|          0              0
Histogram for block sizes:
   large              3 100% ==================================================
