Testing xorshift64star32a
	0..4294967295 is range of generator
	198893 outputs to scan for duplicates [3.03485*sqrt(range)]
	4.60511 duplicates expected on average
	0.0100006 is probability of zero duplicates
	0xf91a265c is seed for this run
---
- Testing for repeats started...
  - Allocating memory started...
    - allocated array of size 198893.
  - Allocating memory completed (1.0259e-05 seconds)
  - Storing PRNG output started...
  - Storing PRNG output completed (0.00151264 seconds)
  - Sorting started...
  - Sorting completed (0.0293722 seconds)
  - Scanning for duplicates started...
    - repeat of 845079571 found
    - repeat of 936530481 found
    - repeat of 976113506 found
    - repeat of 998140910 found
    - repeat of 1299883066 found
    - repeat of 1322292804 found
    - repeat of 2061017541 found
    - repeat of 2467517373 found
    - repeat of 2576085344 found
    - repeat of 2705995230 found
  - Scanning for duplicates completed (0.000298729 seconds)
- Testing for repeats completed (0.0312101 seconds)
---
10 repeats, p-value = 1 - 0.00783678

Memory usage summary: heap total: 868276, heap peak: 868276, stack peak: 5568
         total calls   total memory   failed calls
 malloc|          2         868276              0
realloc|          0              0              0  (nomove:0, dec:0, free:0)
 calloc|          0              0              0
   free|          0              0
Histogram for block sizes:
   large              2 100% ==================================================
