Testing xoroshiro64plus32
	0..4294967295 is range of generator
	414487 outputs to scan for duplicates [6.32456*sqrt(range)]
	20.0001 duplicates expected on average
	2.06097e-09 is probability of zero duplicates
	0x7d426ae5 is seed for this run
---
- Testing for repeats started...
  - Allocating memory started...
    - allocated 256 buckets of capacity 2023
    - allocated 256 bucket counters
  - Allocating memory completed (2.6643e-05 seconds)
  - Storing PRNG output started...
  - Storing PRNG output completed (0.00538634 seconds)
  - Sorting started...
  - Sorting completed (0.034541 seconds)
  - Scanning for duplicates started...
    - repeat of 2914105104 found
    - repeat of 3346973972 found
    - repeat of 2621152280 found
    - repeat of 4276429086 found
    - repeat of 2161217078 found
    - repeat of 2263389251 found
    - repeat of 2611643460 found
    - repeat of 832229189 found
    - repeat of 180541524 found
    - repeat of 3613242973 found
    - repeat of 3995635808 found
    - repeat of 2885481587 found
    - repeat of 3939433084 found
    - repeat of 430595740 found
    - repeat of 723951795 found
    - repeat of 2502937558 found
    - repeat of 903630046 found
    - repeat of 1692418014 found
    - repeat of 2830580191 found
  - Scanning for duplicates completed (0.000579111 seconds)
- Testing for repeats completed (0.0405709 seconds)
---
19 repeats, p-value = 0.470249

Memory usage summary: heap total: 2145280, heap peak: 2145280, stack peak: 5616
         total calls   total memory   failed calls
 malloc|          3        2145280              0
realloc|          0              0              0  (nomove:0, dec:0, free:0)
 calloc|          0              0              0
   free|          0              0
Histogram for block sizes:
 1024-1039            1  33% =========================
   large              2  66% ==================================================
