Testing xoroshiro64starstar32
	0..4294967295 is range of generator
	414487 outputs to scan for duplicates [6.32456*sqrt(range)]
	20.0001 duplicates expected on average
	2.06097e-09 is probability of zero duplicates
	0x5339e4e4 is seed for this run
---
- Testing for repeats started...
  - Allocating memory started...
    - allocated hash table of reserved for 414487 elements
  - Allocating memory completed (0.00250924 seconds)
  - Checking PRNG output started...
    - repeat of 2246892280 found, step 175692
    - repeat of 2044568377 found, step 231354
    - repeat of 782425662 found, step 253252
    - repeat of 3287223389 found, step 278928
    - repeat of 1150176344 found, step 306418
    - repeat of 122246208 found, step 311256
    - repeat of 983663996 found, step 314525
    - repeat of 2547143052 found, step 330333
    - repeat of 2540972230 found, step 338939
    - repeat of 3778241454 found, step 373339
    - repeat of 3466192900 found, step 379125
    - repeat of 1869393824 found, step 383085
    - repeat of 3609192184 found, step 386998
    - repeat of 476054288 found, step 387688
    - repeat of 1804364479 found, step 396077
    - repeat of 685795517 found, step 407776
  - Checking PRNG output completed (0.150361 seconds)
- Testing for repeats completed (0.152903 seconds)
---
16 repeats, p-value = 0.221068

Memory usage summary: heap total: 10260136, heap peak: 10260136, stack peak: 5648
         total calls   total memory   failed calls
 malloc|     414473       10260136              0
realloc|          0              0              0  (nomove:0, dec:0, free:0)
 calloc|          0              0              0
   free|     414472       10187432
Histogram for block sizes:
   16-31         414471  99% ==================================================
   large              2  <1% 
