Testing pcg32_fast
	0..4294967295 is range of generator
	198893 outputs to scan for duplicates [3.03485*sqrt(range)]
	4.60521 duplicates expected on average
	0.00999963 is probability of zero duplicates
	0x80837a28 is seed for this run
---
- Testing for repeats started...
  - Allocating memory started...
    - allocated hash table of reserved for 198893 elements
  - Allocating memory completed (0.00140992 seconds)
  - Checking PRNG output started...
    - repeat of 793423181 found, step 61228
    - repeat of 2299091827 found, step 105013
    - repeat of 2654354754 found, step 117767
    - repeat of 2040836741 found, step 147930
    - repeat of 1815279822 found, step 156127
    - repeat of 2184295477 found, step 162625
    - repeat of 733017325 found, step 168735
    - repeat of 1115816049 found, step 173620
    - repeat of 2951322348 found, step 173678
    - repeat of 1864663248 found, step 198199
  - Checking PRNG output completed (0.0484178 seconds)
- Testing for repeats completed (0.049844 seconds)
---
10 repeats, p-value = 1 - 0.0078379

Memory usage summary: heap total: 4874104, heap peak: 4874104, stack peak: 5648
         total calls   total memory   failed calls
 malloc|     198885        4874104              0
realloc|          0              0              0  (nomove:0, dec:0, free:0)
 calloc|          0              0              0
   free|     198884        4801400
Histogram for block sizes:
   16-31         198883  99% ==================================================
   large              2  <1% 
