Testing gjrand32
	0..4294967295 is range of generator
	414487 outputs to scan for duplicates [6.32456*sqrt(range)]
	20.0001 duplicates expected on average
	2.06097e-09 is probability of zero duplicates
	0x8498b381 is seed for this run
---
- Testing for repeats started...
  - Allocating memory started...
    - allocated bloomish filter with 32768 64-bit elements (3 bits/entry)
    - allocated possible-match log with 16384 32-bit elements
  - Allocating memory completed (1.7687e-05 seconds)
  - Phase 1, Gathering repeat candidates started...
    - 15348 repeat candidates found
  - Phase 1, Gathering repeat candidates completed (0.0110719 seconds)
  - Reallocating memory started...
    - Deallocated bloomish filter
    - Allocated hash table of the same size
  - Reallocating memory completed (0.000155678 seconds)
  - Phase 2, Storing candidates in hash table started...
  - Phase 2, Storing candidates in hash table completed (0.00028627 seconds)
  - Phase 3, Testing candidates started...
    - repeat of 4063717630 found, step 107814
    - repeat of 2834289086 found, step 126178
    - repeat of 1743195045 found, step 151485
    - repeat of 206304211 found, step 158291
    - repeat of 1890590721 found, step 175403
    - repeat of 597752030 found, step 206383
    - repeat of 2135843710 found, step 215552
    - repeat of 3883170872 found, step 233367
    - repeat of 1488146422 found, step 249944
    - repeat of 191942557 found, step 260806
    - repeat of 1134955746 found, step 316760
    - repeat of 248722821 found, step 358757
    - repeat of 3286280672 found, step 371937
    - repeat of 447746133 found, step 375192
    - repeat of 3311406026 found, step 376579
  - Phase 3, Testing candidates completed (0.0131626 seconds)
- Testing for repeats completed (0.0247302 seconds)
---
15 repeats, p-value = 0.156508

Memory usage summary: heap total: 564225, heap peak: 400384, stack peak: 5712
         total calls   total memory   failed calls
 malloc|          5         564225              0
realloc|          0              0              0  (nomove:0, dec:0, free:0)
 calloc|          0              0              0
   free|          4         491521
Histogram for block sizes:
32768-32783           1  20% ============
   large              4  80% ==================================================
