Testing jsf32
	0..4294967295 is range of generator
	198893 outputs to scan for duplicates [3.03485*sqrt(range)]
	4.60521 duplicates expected on average
	0.00999963 is probability of zero duplicates
	0x5e124735 is seed for this run
---
- Testing for repeats started...
  - Allocating memory started...
    - allocated bloomish filter with 16384 64-bit elements (3 bits/entry)
    - allocated possible-match log with 8192 32-bit elements
  - Allocating memory completed (2.1947e-05 seconds)
  - Phase 1, Gathering repeat candidates started...
    - 5622 repeat candidates found
  - Phase 1, Gathering repeat candidates completed (0.00468304 seconds)
  - Reallocating memory started...
    - Deallocated bloomish filter
    - Allocated hash table of the same size
  - Reallocating memory completed (1.7229e-05 seconds)
  - Phase 2, Storing candidates in hash table started...
  - Phase 2, Storing candidates in hash table completed (8.3042e-05 seconds)
  - Phase 3, Testing candidates started...
    - repeat of 56453076 found, step 27941
    - repeat of 1836540590 found, step 156673
    - repeat of 1880778198 found, step 163423
    - repeat of 3470800607 found, step 167786
    - repeat of 4188031053 found, step 188426
    - repeat of 3500707698 found, step 193745
    - repeat of 870512712 found, step 195051
  - Phase 3, Testing candidates completed (0.00471726 seconds)
- Testing for repeats completed (0.00954393 seconds)
---
7 repeats, p-value = 1 - 0.0955042

Memory usage summary: heap total: 318465, heap peak: 236544, stack peak: 5712
         total calls   total memory   failed calls
 malloc|          5         318465              0
realloc|          0              0              0  (nomove:0, dec:0, free:0)
 calloc|          0              0              0
   free|          4         245761
Histogram for block sizes:
16384-16399           1  20% ================
32768-32783           1  20% ================
   large              3  60% ==================================================
