Testing xoroshiro64star32
	0..4294967295 is range of generator
	414487 outputs to scan for duplicates [6.32456*sqrt(range)]
	20.0001 duplicates expected on average
	2.06097e-09 is probability of zero duplicates
	0xd0490e29 is seed for this run
---
- Testing for repeats started...
  - Allocating memory started...
    - allocated hash table of reserved for 414487 elements
  - Allocating memory completed (0.00314603 seconds)
  - Checking PRNG output started...
    - repeat of 3147069015 found, step 75114
    - repeat of 3956759007 found, step 116742
    - repeat of 1984635721 found, step 170878
    - repeat of 1689329424 found, step 173993
    - repeat of 4124518002 found, step 176229
    - repeat of 4188402428 found, step 187043
    - repeat of 2601125846 found, step 223506
    - repeat of 2343578775 found, step 234045
    - repeat of 2818364718 found, step 360531
    - repeat of 2810039684 found, step 362844
    - repeat of 1376068922 found, step 366671
    - repeat of 3369013192 found, step 392075
  - Checking PRNG output completed (0.122437 seconds)
- Testing for repeats completed (0.125603 seconds)
---
12 repeats, p-value = 0.0390104

Memory usage summary: heap total: 10260200, heap peak: 10260200, stack peak: 5648
         total calls   total memory   failed calls
 malloc|     414477       10260200              0
realloc|          0              0              0  (nomove:0, dec:0, free:0)
 calloc|          0              0              0
   free|     414476       10187496
Histogram for block sizes:
   16-31         414475  99% ==================================================
   large              2  <1% 
