- bump_allocator_static< std::__detail::_Hash_node<unsigned long, false> > (item size = 16) at 0x6042d0 created!
- bump_allocator_static< std::__detail::_Hash_node_base* > (item size = 8) at 0x604310 created!
- mempool at 0x604298 allocated new chunk at 0x7f9bac1e4020
- mempool at 0x604298 deallocated chunk at 0x7f9bac1e4020
Testing std::mt19937
	0..4294967295 is range of generator
	414487 outputs to scan for duplicates [6.32456*sqrt(range)]
	20.0001 duplicates expected on average
	2.06097e-09 is probability of zero duplicates
	0x36a8a4f3 is seed for this run
---
- Testing for repeats started...
  - Allocating memory started...
    - allocated hash table of reserved for 414487 elements
  - Allocating memory completed (0.00134665 seconds)
  - Checking PRNG output started...
    - repeat of 1543787271 found, step 123462
    - repeat of 507662173 found, step 126620
    - repeat of 925446890 found, step 152876
    - repeat of 1464616278 found, step 168068
    - repeat of 1196802814 found, step 197001
    - repeat of 3726674710 found, step 238611
    - repeat of 3831219344 found, step 296752
    - repeat of 4100319304 found, step 299684
    - repeat of 3450042983 found, step 301057
    - repeat of 2623040234 found, step 301690
    - repeat of 4024103018 found, step 313160
    - repeat of 2579559266 found, step 319438
    - repeat of 3267426068 found, step 329444
    - repeat of 1595189545 found, step 344506
    - repeat of 2449918520 found, step 346351
    - repeat of 2555527368 found, step 353291
    - repeat of 2727314885 found, step 357391
    - repeat of 2361547932 found, step 375076
    - repeat of 2903863311 found, step 387248
    - repeat of 4149844847 found, step 401290
  - Checking PRNG output completed (0.049551 seconds)
- Testing for repeats completed (0.0509223 seconds)
---
20 repeats, p-value = 1 - 0.440915
- bump_allocator_static< std::__detail::_Hash_node_base* > at 0x604310 destroyed!
 - total_allocations_  = 1
 - active_allocations_ = 0
 - high_allocations_   = 1
 - total_mem_  = 3555896
 - active_mem_ = 0
 - high_mem_   = 3555896
- bump_allocator_static< std::__detail::_Hash_node<unsigned long, false> > at 0x6042d0 destroyed!
 - total_allocations_  = 414467
 - active_allocations_ = 0
 - high_allocations_   = 414467
 - total_mem_  = 6631472
 - active_mem_ = 0
 - high_mem_   = 6631472

Memory usage summary: heap total: 1073815760, heap peak: 1073815568, stack peak: 2816
         total calls   total memory   failed calls
 malloc|          5     1073815568              0
realloc|          4            192              0  (nomove:0, dec:0, free:0)
 calloc|          0              0              0
   free|          6     1073742032
Histogram for block sizes:
   16-31              1  11% =========================
   32-47              2  22% ==================================================
   64-79              2  22% ==================================================
  512-527             2  22% ==================================================
   large              2  22% ==================================================
