Testing pcg32
	0..4294967295 is range of generator
	198893 outputs to scan for duplicates [3.03485*sqrt(range)]
	4.60521 duplicates expected on average
	0.00999963 is probability of zero duplicates
	0xc4cb6ee5 is seed for this run
---
- Testing for repeats started...
  - Allocating memory started...
    - allocated hash table of reserved for 198893 elements
  - Allocating memory completed (0.00118015 seconds)
  - Checking PRNG output started...
    - repeat of 821783938 found, step 48030
    - repeat of 1169321732 found, step 70142
    - repeat of 1043096153 found, step 72640
    - repeat of 4148576476 found, step 79225
    - repeat of 1955623949 found, step 90272
    - repeat of 1658924827 found, step 150931
    - repeat of 1505419662 found, step 172243
    - repeat of 2134994666 found, step 180063
    - repeat of 2343819756 found, step 189933
  - Checking PRNG output completed (0.0446644 seconds)
- Testing for repeats completed (0.045863 seconds)
---
9 repeats, p-value = 1 - 0.0196605

Memory usage summary: heap total: 4874120, heap peak: 4874120, stack peak: 5648
         total calls   total memory   failed calls
 malloc|     198886        4874120              0
realloc|          0              0              0  (nomove:0, dec:0, free:0)
 calloc|          0              0              0
   free|     198885        4801416
Histogram for block sizes:
   16-31         198884  99% ==================================================
   large              2  <1% 
