Testing xoroshiro64starstar32
	0..4294967295 is range of generator
	414487 outputs to scan for duplicates [6.32456*sqrt(range)]
	20.0001 duplicates expected on average
	2.06097e-09 is probability of zero duplicates
	0xe7013d41 is seed for this run
---
- Testing for repeats started...
  - Allocating memory started...
    - allocated bloomish filter with 32768 64-bit elements (3 bits/entry)
    - allocated possible-match log with 16384 32-bit elements
  - Allocating memory completed (2.2507e-05 seconds)
  - Phase 1, Gathering repeat candidates started...
    - 15239 repeat candidates found
  - Phase 1, Gathering repeat candidates completed (0.0112012 seconds)
  - Reallocating memory started...
    - Deallocated bloomish filter
    - Allocated hash table of the same size
  - Reallocating memory completed (0.000144507 seconds)
  - Phase 2, Storing candidates in hash table started...
  - Phase 2, Storing candidates in hash table completed (0.000259086 seconds)
  - Phase 3, Testing candidates started...
    - repeat of 2650342921 found, step 68241
    - repeat of 4156695217 found, step 108402
    - repeat of 2058591148 found, step 121640
    - repeat of 3301357003 found, step 146413
    - repeat of 1677013367 found, step 160560
    - repeat of 1666724576 found, step 185127
    - repeat of 1017095299 found, step 230387
    - repeat of 850694031 found, step 251542
    - repeat of 3624511800 found, step 253605
    - repeat of 1147961106 found, step 265103
    - repeat of 2194957004 found, step 279111
    - repeat of 442663729 found, step 288353
    - repeat of 2441144473 found, step 289328
    - repeat of 1966529073 found, step 326574
    - repeat of 1202179398 found, step 345925
    - repeat of 145988894 found, step 371201
    - repeat of 2175585228 found, step 374477
    - repeat of 2753988093 found, step 390127
    - repeat of 1322431371 found, step 391965
    - repeat of 3988513921 found, step 394209
    - repeat of 953841918 found, step 397021
    - repeat of 900161798 found, step 408553
  - Phase 3, Testing candidates completed (0.0131134 seconds)
- Testing for repeats completed (0.0247682 seconds)
---
22 repeats, p-value = 1 - 0.279396

Memory usage summary: heap total: 564225, heap peak: 400384, stack peak: 5680
         total calls   total memory   failed calls
 malloc|          5         564225              0
realloc|          0              0              0  (nomove:0, dec:0, free:0)
 calloc|          0              0              0
   free|          4         491521
Histogram for block sizes:
32768-32783           1  20% ============
   large              4  80% ==================================================
