- bump_allocator_static< std::__detail::_Hash_node<unsigned int, false> > (item size = 16) at 0x6042d0 created!
- bump_allocator_static< std::__detail::_Hash_node_base* > (item size = 8) at 0x604310 created!
- mempool at 0x604298 allocated new chunk at 0x7f3a33301020
- mempool at 0x604298 deallocated chunk at 0x7f3a33301020
Testing sfc32
	0..4294967295 is range of generator
	414487 outputs to scan for duplicates [6.32456*sqrt(range)]
	20.0001 duplicates expected on average
	2.06097e-09 is probability of zero duplicates
	0x5caf4f62 is seed for this run
---
- Testing for repeats started...
  - Allocating memory started...
    - allocated hash table of reserved for 414487 elements
  - Allocating memory completed (0.0022904 seconds)
  - Checking PRNG output started...
    - repeat of 1516350089 found, step 124225
    - repeat of 982607800 found, step 144302
    - repeat of 1403730553 found, step 150416
    - repeat of 2712381009 found, step 223427
    - repeat of 2996286551 found, step 242682
    - repeat of 1105731213 found, step 292135
    - repeat of 535654855 found, step 309173
    - repeat of 2437614373 found, step 322482
    - repeat of 327389926 found, step 350339
    - repeat of 1330107572 found, step 394810
    - repeat of 2370789002 found, step 394903
    - repeat of 1118326817 found, step 405496
    - repeat of 1292568088 found, step 407553
  - Checking PRNG output completed (0.0497323 seconds)
- Testing for repeats completed (0.0520382 seconds)
---
13 repeats, p-value = 0.0661252
- bump_allocator_static< std::__detail::_Hash_node_base* > at 0x604310 destroyed!
 - total_allocations_  = 1
 - active_allocations_ = 0
 - high_allocations_   = 1
 - total_mem_  = 3555896
 - active_mem_ = 0
 - high_mem_   = 3555896
- bump_allocator_static< std::__detail::_Hash_node<unsigned int, false> > at 0x6042d0 destroyed!
 - total_allocations_  = 414474
 - active_allocations_ = 0
 - high_allocations_   = 414474
 - total_mem_  = 6631584
 - active_mem_ = 0
 - high_mem_   = 6631584

Memory usage summary: heap total: 1073815760, heap peak: 1073815568, stack peak: 2816
         total calls   total memory   failed calls
 malloc|          5     1073815568              0
realloc|          4            192              0  (nomove:0, dec:0, free:0)
 calloc|          0              0              0
   free|          6     1073742032
Histogram for block sizes:
   16-31              1  11% =========================
   32-47              2  22% ==================================================
   64-79              2  22% ==================================================
  512-527             2  22% ==================================================
   large              2  22% ==================================================
