Testing std::minstd_rand
	1..2147483646 is range of generator
	293086 outputs to scan for duplicates [6.32456*sqrt(range)]
	20 duplicates expected on average
	2.06113e-09 is probability of zero duplicates
	0xa736d419 is seed for this run
---
- Testing for repeats started...
  - Allocating memory started...
    - allocated 256 buckets of capacity 1431
    - allocated 256 bucket counters
  - Allocating memory completed (0.000667975 seconds)
  - Storing PRNG output started...
  - Storing PRNG output completed (0.00431717 seconds)
  - Sorting started...
  - Sorting completed (0.0255847 seconds)
  - Scanning for duplicates started...
  - Scanning for duplicates completed (0.000467743 seconds)
- Testing for repeats completed (0.0310588 seconds)
---
0 repeats, p-value = 2.06113e-09

Memory usage summary: heap total: 3005440, heap peak: 3005440, stack peak: 5616
         total calls   total memory   failed calls
 malloc|          3        3005440              0
realloc|          0              0              0  (nomove:0, dec:0, free:0)
 calloc|          0              0              0
   free|          0              0
Histogram for block sizes:
 2048-2063            1  33% =========================
   large              2  66% ==================================================
