Testing pcg32_fast
	0..4294967295 is range of generator
	414487 outputs to scan for duplicates [6.32456*sqrt(range)]
	20.0001 duplicates expected on average
	2.06097e-09 is probability of zero duplicates
	0x3c566404 is seed for this run
---
- Testing for repeats started...
  - Allocating memory started...
    - allocated bloomish filter with 32768 64-bit elements (3 bits/entry)
    - allocated possible-match log with 16384 32-bit elements
  - Allocating memory completed (1.9079e-05 seconds)
  - Phase 1, Gathering repeat candidates started...
    - 15341 repeat candidates found
  - Phase 1, Gathering repeat candidates completed (0.00933798 seconds)
  - Reallocating memory started...
    - Deallocated bloomish filter
    - Allocated hash table of the same size
  - Reallocating memory completed (0.00012795 seconds)
  - Phase 2, Storing candidates in hash table started...
  - Phase 2, Storing candidates in hash table completed (0.000238909 seconds)
  - Phase 3, Testing candidates started...
    - repeat of 230472039 found, step 67502
    - repeat of 82204485 found, step 173158
    - repeat of 3521756565 found, step 236183
    - repeat of 749952745 found, step 253204
    - repeat of 981110278 found, step 261392
    - repeat of 3551273393 found, step 272638
    - repeat of 3668416142 found, step 291470
    - repeat of 1254881897 found, step 310036
    - repeat of 821209963 found, step 349910
    - repeat of 303270087 found, step 351020
    - repeat of 2286542978 found, step 359121
    - repeat of 3282057220 found, step 364486
    - repeat of 1910693939 found, step 367456
    - repeat of 2000025578 found, step 367700
    - repeat of 2957993046 found, step 375117
    - repeat of 160348238 found, step 389819
    - repeat of 411765122 found, step 394455
    - repeat of 950226610 found, step 400304
  - Phase 3, Testing candidates completed (0.0109945 seconds)
- Testing for repeats completed (0.0207475 seconds)
---
18 repeats, p-value = 0.381414

Memory usage summary: heap total: 564225, heap peak: 400384, stack peak: 5664
         total calls   total memory   failed calls
 malloc|          5         564225              0
realloc|          0              0              0  (nomove:0, dec:0, free:0)
 calloc|          0              0              0
   free|          4         491521
Histogram for block sizes:
32768-32783           1  20% ============
   large              4  80% ==================================================
