Testing sfc32
	0..4294967295 is range of generator
	414487 outputs to scan for duplicates [6.32456*sqrt(range)]
	20.0001 duplicates expected on average
	2.06097e-09 is probability of zero duplicates
	0x28baca5c is seed for this run
---
- Testing for repeats started...
  - Allocating memory started...
    - allocated bloomish filter with 32768 64-bit elements (3 bits/entry)
    - allocated possible-match log with 16384 32-bit elements
  - Allocating memory completed (1.534e-05 seconds)
  - Phase 1, Gathering repeat candidates started...
    - 15275 repeat candidates found
  - Phase 1, Gathering repeat candidates completed (0.00979938 seconds)
  - Reallocating memory started...
    - Deallocated bloomish filter
    - Allocated hash table of the same size
  - Reallocating memory completed (0.000141161 seconds)
  - Phase 2, Storing candidates in hash table started...
  - Phase 2, Storing candidates in hash table completed (0.000256289 seconds)
  - Phase 3, Testing candidates started...
    - repeat of 3864374036 found, step 26116
    - repeat of 1355692431 found, step 87217
    - repeat of 2395866461 found, step 161647
    - repeat of 1239192931 found, step 180362
    - repeat of 1673686985 found, step 194184
    - repeat of 1230680186 found, step 211496
    - repeat of 1093368516 found, step 262415
    - repeat of 1607109610 found, step 324324
    - repeat of 1164084994 found, step 324583
    - repeat of 3669904397 found, step 334355
    - repeat of 2834775663 found, step 350957
    - repeat of 3651011449 found, step 351858
    - repeat of 3973698564 found, step 355936
    - repeat of 3982142395 found, step 356481
    - repeat of 1023320099 found, step 384507
    - repeat of 3615306702 found, step 400789
    - repeat of 1961446109 found, step 406329
  - Phase 3, Testing candidates completed (0.0113823 seconds)
- Testing for repeats completed (0.0216212 seconds)
---
17 repeats, p-value = 0.297021

Memory usage summary: heap total: 564225, heap peak: 400384, stack peak: 5696
         total calls   total memory   failed calls
 malloc|          5         564225              0
realloc|          0              0              0  (nomove:0, dec:0, free:0)
 calloc|          0              0              0
   free|          4         491521
Histogram for block sizes:
32768-32783           1  20% ============
   large              4  80% ==================================================
