Testing xorshift64star32a
	0..4294967295 is range of generator
	414487 outputs to scan for duplicates [6.32456*sqrt(range)]
	19.9994 duplicates expected on average
	2.06239e-09 is probability of zero duplicates
	0x2fd9ffae is seed for this run
---
- Testing for repeats started...
  - Allocating memory started...
    - allocated array of size 414487.
  - Allocating memory completed (5.384e-06 seconds)
  - Storing PRNG output started...
  - Storing PRNG output completed (0.00320825 seconds)
  - Sorting started...
  - Sorting completed (0.0596319 seconds)
  - Scanning for duplicates started...
    - repeat of 1157444575 found
    - repeat of 1298315009 found
    - repeat of 1364046139 found
    - repeat of 1970932606 found
    - repeat of 2011997801 found
    - repeat of 2092266626 found
    - repeat of 2377538439 found
    - repeat of 2467930708 found
    - repeat of 2626829673 found
    - repeat of 2629001349 found
    - repeat of 3098805486 found
    - repeat of 3236162014 found
    - repeat of 3271801616 found
    - repeat of 3567613007 found
    - repeat of 3782913514 found
    - repeat of 4222957365 found
  - Scanning for duplicates completed (0.000499259 seconds)
- Testing for repeats completed (0.0633658 seconds)
---
16 repeats, p-value = 0.221113

Memory usage summary: heap total: 1730652, heap peak: 1730652, stack peak: 5568
         total calls   total memory   failed calls
 malloc|          2        1730652              0
realloc|          0              0              0  (nomove:0, dec:0, free:0)
 calloc|          0              0              0
   free|          0              0
Histogram for block sizes:
   large              2 100% ==================================================
