Testing sfc32
	0..4294967295 is range of generator
	414487 outputs to scan for duplicates [6.32456*sqrt(range)]
	20.0001 duplicates expected on average
	2.06097e-09 is probability of zero duplicates
	0x5badd264 is seed for this run
---
- Testing for repeats started...
  - Allocating memory started...
    - allocated hash table of reserved for 414487 elements
  - Allocating memory completed (0.00153082 seconds)
  - Checking PRNG output started...
    - repeat of 730726959 found, step 70790
    - repeat of 626435853 found, step 241251
    - repeat of 3954455077 found, step 299247
    - repeat of 1469293632 found, step 309606
    - repeat of 1524697932 found, step 338307
    - repeat of 32654683 found, step 340571
    - repeat of 4282812405 found, step 394757
    - repeat of 2451191172 found, step 412868
    - repeat of 3668661215 found, step 414256
  - Checking PRNG output completed (0.0722618 seconds)
- Testing for repeats completed (0.0738054 seconds)
---
9 repeats, p-value = 0.00499515

Memory usage summary: heap total: 10260248, heap peak: 10260248, stack peak: 5648
         total calls   total memory   failed calls
 malloc|     414480       10260248              0
realloc|          0              0              0  (nomove:0, dec:0, free:0)
 calloc|          0              0              0
   free|     414479       10187544
Histogram for block sizes:
   16-31         414478  99% ==================================================
   large              2  <1% 
