- bump_allocator_static< std::__detail::_Hash_node<unsigned int, false> > (item size = 16) at 0x6042d0 created!
- bump_allocator_static< std::__detail::_Hash_node_base* > (item size = 8) at 0x604310 created!
- mempool at 0x604298 allocated new chunk at 0x7f70772fe020
- mempool at 0x604298 deallocated chunk at 0x7f70772fe020
Testing pcg32_fast
	0..4294967295 is range of generator
	414487 outputs to scan for duplicates [6.32456*sqrt(range)]
	20.0001 duplicates expected on average
	2.06097e-09 is probability of zero duplicates
	0x138c113d is seed for this run
---
- Testing for repeats started...
  - Allocating memory started...
    - allocated hash table of reserved for 414487 elements
  - Allocating memory completed (0.00213847 seconds)
  - Checking PRNG output started...
    - repeat of 4137525768 found, step 16813
    - repeat of 729451704 found, step 53236
    - repeat of 1131305985 found, step 69496
    - repeat of 2079006630 found, step 78661
    - repeat of 1017622176 found, step 80059
    - repeat of 2322632560 found, step 123477
    - repeat of 3913461981 found, step 166923
    - repeat of 1123749220 found, step 191775
    - repeat of 4170589495 found, step 201632
    - repeat of 3627171154 found, step 219786
    - repeat of 631647510 found, step 230529
    - repeat of 697423465 found, step 231730
    - repeat of 1970124205 found, step 232097
    - repeat of 2423532608 found, step 275756
    - repeat of 4247583182 found, step 276158
    - repeat of 480666900 found, step 279391
    - repeat of 344602731 found, step 303674
    - repeat of 2497041881 found, step 304421
    - repeat of 39271834 found, step 343931
    - repeat of 2927695923 found, step 349834
    - repeat of 2165768348 found, step 373784
    - repeat of 3959735352 found, step 391686
    - repeat of 3950381597 found, step 401171
  - Checking PRNG output completed (0.0305515 seconds)
- Testing for repeats completed (0.032704 seconds)
---
23 repeats, p-value = 1 - 0.212513
- bump_allocator_static< std::__detail::_Hash_node_base* > at 0x604310 destroyed!
 - total_allocations_  = 1
 - active_allocations_ = 0
 - high_allocations_   = 1
 - total_mem_  = 3555896
 - active_mem_ = 0
 - high_mem_   = 3555896
- bump_allocator_static< std::__detail::_Hash_node<unsigned int, false> > at 0x6042d0 destroyed!
 - total_allocations_  = 414464
 - active_allocations_ = 0
 - high_allocations_   = 414464
 - total_mem_  = 6631424
 - active_mem_ = 0
 - high_mem_   = 6631424

Memory usage summary: heap total: 1073815760, heap peak: 1073815568, stack peak: 2816
         total calls   total memory   failed calls
 malloc|          5     1073815568              0
realloc|          4            192              0  (nomove:0, dec:0, free:0)
 calloc|          0              0              0
   free|          6     1073742032
Histogram for block sizes:
   16-31              1  11% =========================
   32-47              2  22% ==================================================
   64-79              2  22% ==================================================
  512-527             2  22% ==================================================
   large              2  22% ==================================================
