- bump_allocator_static< std::__detail::_Hash_node<unsigned int, false> > (item size = 16) at 0x6042d0 created!
- bump_allocator_static< std::__detail::_Hash_node_base* > (item size = 8) at 0x604310 created!
- mempool at 0x604298 allocated new chunk at 0x7ff655c96020
- mempool at 0x604298 deallocated chunk at 0x7ff655c96020
Testing xoroshiro64plus32
	0..4294967295 is range of generator
	414487 outputs to scan for duplicates [6.32456*sqrt(range)]
	20.0001 duplicates expected on average
	2.06097e-09 is probability of zero duplicates
	0x82a5e766 is seed for this run
---
- Testing for repeats started...
  - Allocating memory started...
    - allocated hash table of reserved for 414487 elements
  - Allocating memory completed (0.00145097 seconds)
  - Checking PRNG output started...
    - repeat of 1159965902 found, step 48590
    - repeat of 1636355621 found, step 60314
    - repeat of 522262816 found, step 117546
    - repeat of 3579924101 found, step 252290
    - repeat of 3136278228 found, step 278903
    - repeat of 2202130530 found, step 299880
    - repeat of 2922354930 found, step 312724
    - repeat of 2258620251 found, step 344429
    - repeat of 2440177857 found, step 345971
    - repeat of 883320245 found, step 354017
    - repeat of 1882348685 found, step 357090
    - repeat of 579910983 found, step 364928
    - repeat of 2799483923 found, step 378213
    - repeat of 831548920 found, step 388714
    - repeat of 664248501 found, step 392979
    - repeat of 417354265 found, step 394773
    - repeat of 546922522 found, step 412875
    - repeat of 628050980 found, step 414447
  - Checking PRNG output completed (0.0379865 seconds)
- Testing for repeats completed (0.0394494 seconds)
---
18 repeats, p-value = 0.381414
- bump_allocator_static< std::__detail::_Hash_node_base* > at 0x604310 destroyed!
 - total_allocations_  = 1
 - active_allocations_ = 0
 - high_allocations_   = 1
 - total_mem_  = 3555896
 - active_mem_ = 0
 - high_mem_   = 3555896
- bump_allocator_static< std::__detail::_Hash_node<unsigned int, false> > at 0x6042d0 destroyed!
 - total_allocations_  = 414469
 - active_allocations_ = 0
 - high_allocations_   = 414469
 - total_mem_  = 6631504
 - active_mem_ = 0
 - high_mem_   = 6631504

Memory usage summary: heap total: 1073815760, heap peak: 1073815568, stack peak: 2816
         total calls   total memory   failed calls
 malloc|          5     1073815568              0
realloc|          4            192              0  (nomove:0, dec:0, free:0)
 calloc|          0              0              0
   free|          6     1073742032
Histogram for block sizes:
   16-31              1  11% =========================
   32-47              2  22% ==================================================
   64-79              2  22% ==================================================
  512-527             2  22% ==================================================
   large              2  22% ==================================================
