Testing std::mt19937
	0..4294967295 is range of generator
	414487 outputs to scan for duplicates [6.32456*sqrt(range)]
	20.0001 duplicates expected on average
	2.06097e-09 is probability of zero duplicates
	0xc7dd0b4c is seed for this run
---
- Testing for repeats started...
  - Allocating memory started...
    - allocated 256 buckets of capacity 2023
    - allocated 256 bucket counters
  - Allocating memory completed (1.9556e-05 seconds)
  - Storing PRNG output started...
  - Storing PRNG output completed (0.00697623 seconds)
  - Sorting started...
  - Sorting completed (0.0364048 seconds)
  - Scanning for duplicates started...
    - repeat of 3778314246 found
    - repeat of 2377194519 found
    - repeat of 3550755889 found
    - repeat of 3729822794 found
    - repeat of 4262523725 found
    - repeat of 2549193307 found
    - repeat of 1936833120 found
    - repeat of 2332055912 found
    - repeat of 633606255 found
    - repeat of 454228340 found
    - repeat of 3283401082 found
    - repeat of 2733303185 found
    - repeat of 1619680439 found
    - repeat of 2919946680 found
    - repeat of 1425652735 found
  - Scanning for duplicates completed (0.000669677 seconds)
- Testing for repeats completed (0.0440981 seconds)
---
15 repeats, p-value = 0.156508

Memory usage summary: heap total: 4217856, heap peak: 4217856, stack peak: 10576
         total calls   total memory   failed calls
 malloc|          3        4217856              0
realloc|          0              0              0  (nomove:0, dec:0, free:0)
 calloc|          0              0              0
   free|          0              0
Histogram for block sizes:
 2048-2063            1  33% =========================
   large              2  66% ==================================================
