Testing pcg32_fast
	0..4294967295 is range of generator
	198893 outputs to scan for duplicates [3.03485*sqrt(range)]
	4.60521 duplicates expected on average
	0.00999963 is probability of zero duplicates
	0x5192e7f9 is seed for this run
---
- Testing for repeats started...
  - Allocating memory started...
    - allocated array of size 198893.
  - Allocating memory completed (8.157e-06 seconds)
  - Storing PRNG output started...
  - Storing PRNG output completed (0.00074559 seconds)
  - Sorting started...
  - Sorting completed (0.0292551 seconds)
  - Scanning for duplicates started...
    - repeat of 788249579 found
    - repeat of 1746500166 found
    - repeat of 1977320181 found
    - repeat of 2799682117 found
    - repeat of 3044754878 found
    - repeat of 3349172159 found
  - Scanning for duplicates completed (0.000287462 seconds)
- Testing for repeats completed (0.0303083 seconds)
---
6 repeats, p-value = 1 - 0.18266

Memory usage summary: heap total: 868276, heap peak: 868276, stack peak: 5584
         total calls   total memory   failed calls
 malloc|          2         868276              0
realloc|          0              0              0  (nomove:0, dec:0, free:0)
 calloc|          0              0              0
   free|          0              0
Histogram for block sizes:
   large              2 100% ==================================================
