Testing sfc32
	0..4294967295 is range of generator
	414487 outputs to scan for duplicates [6.32456*sqrt(range)]
	20.0001 duplicates expected on average
	2.06097e-09 is probability of zero duplicates
	0x204d24fb is seed for this run
---
- Testing for repeats started...
  - Allocating memory started...
    - allocated hash table of reserved for 414487 elements
  - Allocating memory completed (0.00266874 seconds)
  - Checking PRNG output started...
    - repeat of 2918670820 found, step 103320
    - repeat of 1697055239 found, step 152764
    - repeat of 4077498210 found, step 271484
    - repeat of 3370718877 found, step 291573
    - repeat of 2485903392 found, step 321549
    - repeat of 3244299450 found, step 338256
    - repeat of 2596918326 found, step 350204
    - repeat of 1989921444 found, step 351995
    - repeat of 3647273465 found, step 354809
    - repeat of 2839311672 found, step 363103
    - repeat of 1252648830 found, step 389541
    - repeat of 2708884273 found, step 391893
    - repeat of 3479011532 found, step 399002
    - repeat of 244201802 found, step 413035
  - Checking PRNG output completed (0.105935 seconds)
- Testing for repeats completed (0.108619 seconds)
---
14 repeats, p-value = 0.104861

Memory usage summary: heap total: 10260168, heap peak: 10260168, stack peak: 5648
         total calls   total memory   failed calls
 malloc|     414475       10260168              0
realloc|          0              0              0  (nomove:0, dec:0, free:0)
 calloc|          0              0              0
   free|     414474       10187464
Histogram for block sizes:
   16-31         414473  99% ==================================================
   large              2  <1% 
