Testing divided_rng<regularized_rng<std::minstd_rand,uint32_t>,3>
	0..715827881 is range of generator
	81198 outputs to scan for duplicates [3.03485*sqrt(range)]
	4.60501 duplicates expected on average
	0.0100016 is probability of zero duplicates
	0x854fec83 is seed for this run
---
- Testing for repeats started...
  - Allocating memory started...
    - allocated array of size 81198.
  - Allocating memory completed (8.784e-06 seconds)
  - Storing PRNG output started...
  - Storing PRNG output completed (0.00123303 seconds)
  - Sorting started...
  - Sorting completed (0.0119722 seconds)
  - Scanning for duplicates started...
    - repeat of 213740019 found
  - Scanning for duplicates completed (0.000126384 seconds)
- Testing for repeats completed (0.0133567 seconds)
---
1 repeats, p-value = 0.0560592

Memory usage summary: heap total: 397496, heap peak: 397496, stack peak: 5568
         total calls   total memory   failed calls
 malloc|          2         397496              0
realloc|          0              0              0  (nomove:0, dec:0, free:0)
 calloc|          0              0              0
   free|          0              0
Histogram for block sizes:
   large              2 100% ==================================================
