Testing pcg32
	0..4294967295 is range of generator
	414487 outputs to scan for duplicates [6.32456*sqrt(range)]
	20.0001 duplicates expected on average
	2.06097e-09 is probability of zero duplicates
	0xd5a3e939 is seed for this run
---
- Testing for repeats started...
  - Allocating memory started...
    - allocated hash table of reserved for 414487 elements
  - Allocating memory completed (0.00322723 seconds)
  - Checking PRNG output started...
    - repeat of 3443566351 found, step 65367
    - repeat of 2862972678 found, step 135088
    - repeat of 89363133 found, step 143508
    - repeat of 2481726595 found, step 145116
    - repeat of 1407234681 found, step 146116
    - repeat of 525613871 found, step 162683
    - repeat of 3860080762 found, step 182980
    - repeat of 2318365683 found, step 186729
    - repeat of 3879582008 found, step 188148
    - repeat of 2870833184 found, step 190338
    - repeat of 3791241022 found, step 240888
    - repeat of 1575085652 found, step 243011
    - repeat of 3797362172 found, step 275389
    - repeat of 574141683 found, step 287186
    - repeat of 3088590630 found, step 339482
    - repeat of 1300413656 found, step 350644
    - repeat of 2156774415 found, step 358159
    - repeat of 307417797 found, step 367140
    - repeat of 1422646242 found, step 380428
    - repeat of 2986958832 found, step 392236
    - repeat of 3724279963 found, step 396661
    - repeat of 3081997420 found, step 405639
  - Checking PRNG output completed (0.132735 seconds)
- Testing for repeats completed (0.135984 seconds)
---
22 repeats, p-value = 1 - 0.279396

Memory usage summary: heap total: 10260040, heap peak: 10260040, stack peak: 5648
         total calls   total memory   failed calls
 malloc|     414467       10260040              0
realloc|          0              0              0  (nomove:0, dec:0, free:0)
 calloc|          0              0              0
   free|     414466       10187336
Histogram for block sizes:
   16-31         414465  99% ==================================================
   large              2  <1% 
