Testing std::minstd_rand
	1..2147483646 is range of generator
	140639 outputs to scan for duplicates [3.03485*sqrt(range)]
	4.60523 duplicates expected on average
	0.00999936 is probability of zero duplicates
	0x123355fc is seed for this run
---
- Testing for repeats started...
  - Allocating memory started...
    - allocated 256 buckets of capacity 686
    - allocated 256 bucket counters
  - Allocating memory completed (1.1149e-05 seconds)
  - Storing PRNG output started...
  - Storing PRNG output completed (0.00226448 seconds)
  - Sorting started...
  - Sorting completed (0.0119691 seconds)
  - Scanning for duplicates started...
  - Scanning for duplicates completed (0.000239745 seconds)
- Testing for repeats completed (0.0145025 seconds)
---
0 repeats, p-value = 0.00999936

Memory usage summary: heap total: 1479680, heap peak: 1479680, stack peak: 5616
         total calls   total memory   failed calls
 malloc|          3        1479680              0
realloc|          0              0              0  (nomove:0, dec:0, free:0)
 calloc|          0              0              0
   free|          0              0
Histogram for block sizes:
 2048-2063            1  33% =========================
   large              2  66% ==================================================
