Testing pcg32
	0..4294967295 is range of generator
	414487 outputs to scan for duplicates [6.32456*sqrt(range)]
	20.0001 duplicates expected on average
	2.06097e-09 is probability of zero duplicates
	0xd089b5f5 is seed for this run
---
- Testing for repeats started...
  - Allocating memory started...
    - allocated array of size 414487.
  - Allocating memory completed (5.928e-06 seconds)
  - Storing PRNG output started...
  - Storing PRNG output completed (0.00149632 seconds)
  - Sorting started...
  - Sorting completed (0.0585987 seconds)
  - Scanning for duplicates started...
    - repeat of 901227120 found
    - repeat of 908872741 found
    - repeat of 1293455025 found
    - repeat of 1351684859 found
    - repeat of 1520041015 found
    - repeat of 1919449756 found
    - repeat of 1959130922 found
    - repeat of 2532599160 found
    - repeat of 3497275265 found
    - repeat of 3909352597 found
    - repeat of 3953429135 found
    - repeat of 4012268048 found
    - repeat of 4028139727 found
    - repeat of 4040972532 found
    - repeat of 4093135946 found
    - repeat of 4115026354 found
  - Scanning for duplicates completed (0.00052869 seconds)
- Testing for repeats completed (0.0606462 seconds)
---
16 repeats, p-value = 0.221068

Memory usage summary: heap total: 1730652, heap peak: 1730652, stack peak: 5568
         total calls   total memory   failed calls
 malloc|          2        1730652              0
realloc|          0              0              0  (nomove:0, dec:0, free:0)
 calloc|          0              0              0
   free|          0              0
Histogram for block sizes:
   large              2 100% ==================================================
