Testing xoroshiro64plus32
	0..4294967295 is range of generator
	198893 outputs to scan for duplicates [3.03485*sqrt(range)]
	4.60521 duplicates expected on average
	0.00999963 is probability of zero duplicates
	0xf4f73992 is seed for this run
---
- Testing for repeats started...
  - Allocating memory started...
    - allocated hash table of reserved for 198893 elements
  - Allocating memory completed (0.000909924 seconds)
  - Checking PRNG output started...
    - repeat of 780804630 found, step 125636
    - repeat of 2318980115 found, step 129488
    - repeat of 487477166 found, step 132918
    - repeat of 2553492576 found, step 140769
    - repeat of 330679263 found, step 152203
    - repeat of 2005311909 found, step 156646
    - repeat of 2658305665 found, step 157800
    - repeat of 1553499799 found, step 195805
  - Checking PRNG output completed (0.028726 seconds)
- Testing for repeats completed (0.0296487 seconds)
---
8 repeats, p-value = 1 - 0.0453327

Memory usage summary: heap total: 4874136, heap peak: 4874136, stack peak: 5648
         total calls   total memory   failed calls
 malloc|     198887        4874136              0
realloc|          0              0              0  (nomove:0, dec:0, free:0)
 calloc|          0              0              0
   free|     198886        4801432
Histogram for block sizes:
   16-31         198885  99% ==================================================
   large              2  <1% 
