Testing xorshift64star32a
	0..4294967295 is range of generator
	414487 outputs to scan for duplicates [6.32456*sqrt(range)]
	19.9994 duplicates expected on average
	2.06239e-09 is probability of zero duplicates
	0x5f7b33d1 is seed for this run
---
- Testing for repeats started...
  - Allocating memory started...
    - allocated 256 buckets of capacity 2023
    - allocated 256 bucket counters
  - Allocating memory completed (1.2468e-05 seconds)
  - Storing PRNG output started...
  - Storing PRNG output completed (0.00333603 seconds)
  - Sorting started...
  - Sorting completed (0.0354159 seconds)
  - Scanning for duplicates started...
    - repeat of 1884169488 found
    - repeat of 2914960913 found
    - repeat of 2745215517 found
    - repeat of 550184239 found
    - repeat of 2233932082 found
    - repeat of 3477809216 found
    - repeat of 2104887631 found
    - repeat of 1798913390 found
    - repeat of 3349511599 found
    - repeat of 2915166661 found
    - repeat of 2449441495 found
    - repeat of 564592861 found
    - repeat of 4218969821 found
    - repeat of 1321232353 found
    - repeat of 1403755506 found
  - Scanning for duplicates completed (0.000531439 seconds)
- Testing for repeats completed (0.0393089 seconds)
---
15 repeats, p-value = 0.156544

Memory usage summary: heap total: 2145280, heap peak: 2145280, stack peak: 5616
         total calls   total memory   failed calls
 malloc|          3        2145280              0
realloc|          0              0              0  (nomove:0, dec:0, free:0)
 calloc|          0              0              0
   free|          0              0
Histogram for block sizes:
 1024-1039            1  33% =========================
   large              2  66% ==================================================
