Testing pcg32_fast
	0..4294967295 is range of generator
	414487 outputs to scan for duplicates [6.32456*sqrt(range)]
	20.0001 duplicates expected on average
	2.06097e-09 is probability of zero duplicates
	0xb0063aae is seed for this run
---
- Testing for repeats started...
  - Allocating memory started...
    - allocated array of size 414487.
  - Allocating memory completed (5.862e-06 seconds)
  - Storing PRNG output started...
  - Storing PRNG output completed (0.00124544 seconds)
  - Sorting started...
  - Sorting completed (0.0344824 seconds)
  - Scanning for duplicates started...
    - repeat of 65483513 found
    - repeat of 335006207 found
    - repeat of 504995983 found
    - repeat of 739067501 found
    - repeat of 957276818 found
    - repeat of 1488446439 found
    - repeat of 1697165476 found
    - repeat of 1762512790 found
    - repeat of 2511463230 found
    - repeat of 2654268161 found
    - repeat of 3391644547 found
  - Scanning for duplicates completed (0.000349743 seconds)
- Testing for repeats completed (0.0361075 seconds)
---
11 repeats, p-value = 0.0213859

Memory usage summary: heap total: 1730652, heap peak: 1730652, stack peak: 5584
         total calls   total memory   failed calls
 malloc|          2        1730652              0
realloc|          0              0              0  (nomove:0, dec:0, free:0)
 calloc|          0              0              0
   free|          0              0
Histogram for block sizes:
   large              2 100% ==================================================
