Testing xorshift64star32a
	0..4294967295 is range of generator
	198893 outputs to scan for duplicates [3.03485*sqrt(range)]
	4.60511 duplicates expected on average
	0.0100006 is probability of zero duplicates
	0xfecf5f7c is seed for this run
---
- Testing for repeats started...
  - Allocating memory started...
    - allocated hash table of reserved for 198893 elements
  - Allocating memory completed (0.00112068 seconds)
  - Checking PRNG output started...
    - repeat of 1552933442 found, step 61806
    - repeat of 358176001 found, step 103127
    - repeat of 3195317398 found, step 157189
    - repeat of 1826627432 found, step 190812
  - Checking PRNG output completed (0.0464558 seconds)
- Testing for repeats completed (0.0475971 seconds)
---
4 repeats, p-value = 1 - 0.487724

Memory usage summary: heap total: 4874200, heap peak: 4874200, stack peak: 5648
         total calls   total memory   failed calls
 malloc|     198891        4874200              0
realloc|          0              0              0  (nomove:0, dec:0, free:0)
 calloc|          0              0              0
   free|     198890        4801496
Histogram for block sizes:
   16-31         198889  99% ==================================================
   large              2  <1% 
