- bump_allocator_static< std::__detail::_Hash_node<unsigned int, false> > (item size = 16) at 0x6042d0 created!
- bump_allocator_static< std::__detail::_Hash_node_base* > (item size = 8) at 0x604310 created!
- mempool at 0x604298 allocated new chunk at 0x7fc16fcea020
- mempool at 0x604298 deallocated chunk at 0x7fc16fcea020
Testing sfc32
	0..4294967295 is range of generator
	414487 outputs to scan for duplicates [6.32456*sqrt(range)]
	20.0001 duplicates expected on average
	2.06097e-09 is probability of zero duplicates
	0xba233994 is seed for this run
---
- Testing for repeats started...
  - Allocating memory started...
    - allocated hash table of reserved for 414487 elements
  - Allocating memory completed (0.00164159 seconds)
  - Checking PRNG output started...
    - repeat of 3889611856 found, step 128845
    - repeat of 2318589230 found, step 136079
    - repeat of 1884952664 found, step 188089
    - repeat of 562463009 found, step 193969
    - repeat of 514309162 found, step 228615
    - repeat of 2288492953 found, step 237802
    - repeat of 2962327332 found, step 240972
    - repeat of 2614698006 found, step 255578
    - repeat of 1334926107 found, step 255631
    - repeat of 2415003031 found, step 260760
    - repeat of 964956072 found, step 261904
    - repeat of 2324397752 found, step 272442
    - repeat of 1574085758 found, step 275052
    - repeat of 3261048936 found, step 291677
    - repeat of 4034126997 found, step 300573
    - repeat of 4053195854 found, step 304221
    - repeat of 2581129949 found, step 316895
    - repeat of 239080923 found, step 323767
    - repeat of 1963204012 found, step 327797
    - repeat of 440353301 found, step 338664
    - repeat of 1851441154 found, step 342347
    - repeat of 171535767 found, step 355010
    - repeat of 3116602465 found, step 363450
    - repeat of 2380032265 found, step 371320
    - repeat of 1633515636 found, step 377178
    - repeat of 3481225339 found, step 402085
    - repeat of 1197854521 found, step 403504
    - repeat of 2762355713 found, step 405615
    - repeat of 3692651406 found, step 409145
    - repeat of 144819067 found, step 413151
    - repeat of 3228681520 found, step 413475
  - Checking PRNG output completed (0.0241288 seconds)
- Testing for repeats completed (0.0257803 seconds)
---
31 repeats, p-value = 1 - 0.00809224
- bump_allocator_static< std::__detail::_Hash_node_base* > at 0x604310 destroyed!
 - total_allocations_  = 1
 - active_allocations_ = 0
 - high_allocations_   = 1
 - total_mem_  = 3555896
 - active_mem_ = 0
 - high_mem_   = 3555896
- bump_allocator_static< std::__detail::_Hash_node<unsigned int, false> > at 0x6042d0 destroyed!
 - total_allocations_  = 414456
 - active_allocations_ = 0
 - high_allocations_   = 414456
 - total_mem_  = 6631296
 - active_mem_ = 0
 - high_mem_   = 6631296

Memory usage summary: heap total: 1073815760, heap peak: 1073815568, stack peak: 2816
         total calls   total memory   failed calls
 malloc|          5     1073815568              0
realloc|          4            192              0  (nomove:0, dec:0, free:0)
 calloc|          0              0              0
   free|          6     1073742032
Histogram for block sizes:
   16-31              1  11% =========================
   32-47              2  22% ==================================================
   64-79              2  22% ==================================================
  512-527             2  22% ==================================================
   large              2  22% ==================================================
