Testing pcg32_fast
	0..4294967295 is range of generator
	198893 outputs to scan for duplicates [3.03485*sqrt(range)]
	4.60521 duplicates expected on average
	0.00999963 is probability of zero duplicates
	0x4e6ee67 is seed for this run
---
- Testing for repeats started...
  - Allocating memory started...
    - allocated 256 buckets of capacity 971
    - allocated 256 bucket counters
  - Allocating memory completed (1.611e-05 seconds)
  - Storing PRNG output started...
  - Storing PRNG output completed (0.001476 seconds)
  - Sorting started...
  - Sorting completed (0.0173826 seconds)
  - Scanning for duplicates started...
    - repeat of 359397420 found
    - repeat of 582350901 found
    - repeat of 3003995445 found
    - repeat of 3040805715 found
    - repeat of 3712522923 found
    - repeat of 974923692 found
    - repeat of 3557420212 found
    - repeat of 1596107957 found
    - repeat of 2553372411 found
  - Scanning for duplicates completed (0.000317127 seconds)
- Testing for repeats completed (0.0192062 seconds)
---
9 repeats, p-value = 1 - 0.0196605

Memory usage summary: heap total: 1068032, heap peak: 1068032, stack peak: 5616
         total calls   total memory   failed calls
 malloc|          3        1068032              0
realloc|          0              0              0  (nomove:0, dec:0, free:0)
 calloc|          0              0              0
   free|          0              0
Histogram for block sizes:
 1024-1039            1  33% =========================
   large              2  66% ==================================================
