Testing jsf64
	0..18446744073709551615 is range of generator
	13034599790 outputs to scan for duplicates [3.03485*sqrt(range)]
	4.60517 duplicates expected on average
	0.01 is probability of zero duplicates
	0x19de0e79 is seed for this run
---
- Testing for repeats started...
  - Allocating memory started...
    - allocated array of size 13034599790.
  - Allocating memory completed (1.3463e-05 seconds)
  - Storing PRNG output started...
  - Storing PRNG output completed (48.8977 seconds)
  - Sorting started...
  - Sorting completed (1956.23 seconds)
  - Scanning for duplicates started...
    - repeat of 10482382146005708603 found
    - repeat of 12462083276262619879 found
    - repeat of 16604013904442026439 found
    - repeat of 17465157577522642054 found
  - Scanning for duplicates completed (15.5237 seconds)
- Testing for repeats completed (2020.65 seconds)
---
4 repeats, p-value = 1 - 0.487735

Memory usage summary: heap total: 104276871024, heap peak: 104276871024, stack peak: 5568
         total calls   total memory   failed calls
 malloc|          2   104276871024              0
realloc|          0              0              0  (nomove:0, dec:0, free:0)
 calloc|          0              0              0
   free|          0              0
Histogram for block sizes:
   large              2 100% ==================================================
