Testing xoroshiro64plus32
	0..4294967295 is range of generator
	414487 outputs to scan for duplicates [6.32456*sqrt(range)]
	20.0001 duplicates expected on average
	2.06097e-09 is probability of zero duplicates
	0xe8d2ad2b is seed for this run
---
- Testing for repeats started...
  - Allocating memory started...
    - allocated 256 buckets of capacity 2023
    - allocated 256 bucket counters
  - Allocating memory completed (1.6969e-05 seconds)
  - Storing PRNG output started...
  - Storing PRNG output completed (0.00354048 seconds)
  - Sorting started...
  - Sorting completed (0.033808 seconds)
  - Scanning for duplicates started...
    - repeat of 1850444051 found
    - repeat of 952836378 found
    - repeat of 1844648479 found
    - repeat of 3256590164 found
    - repeat of 2561153890 found
    - repeat of 433478251 found
    - repeat of 1977278836 found
    - repeat of 676417404 found
    - repeat of 3628220796 found
    - repeat of 3998362498 found
    - repeat of 2204902026 found
    - repeat of 3040991917 found
    - repeat of 602679733 found
    - repeat of 323869112 found
    - repeat of 421682884 found
    - repeat of 668049355 found
    - repeat of 294073306 found
    - repeat of 4057509854 found
    - repeat of 1256166114 found
    - repeat of 2896029938 found
  - Scanning for duplicates completed (0.000495545 seconds)
- Testing for repeats completed (0.0378848 seconds)
---
20 repeats, p-value = 1 - 0.440915

Memory usage summary: heap total: 2145280, heap peak: 2145280, stack peak: 5616
         total calls   total memory   failed calls
 malloc|          3        2145280              0
realloc|          0              0              0  (nomove:0, dec:0, free:0)
 calloc|          0              0              0
   free|          0              0
Histogram for block sizes:
 1024-1039            1  33% =========================
   large              2  66% ==================================================
