Testing xoroshiro64starstar32
	0..4294967295 is range of generator
	198893 outputs to scan for duplicates [3.03485*sqrt(range)]
	4.60521 duplicates expected on average
	0.00999963 is probability of zero duplicates
	0xefbf5cd0 is seed for this run
---
- Testing for repeats started...
  - Allocating memory started...
    - allocated hash table of reserved for 198893 elements
  - Allocating memory completed (0.00143742 seconds)
  - Checking PRNG output started...
    - repeat of 1894939832 found, step 83359
    - repeat of 3814206122 found, step 122066
    - repeat of 1112610982 found, step 132842
    - repeat of 1454837944 found, step 143706
    - repeat of 2687282372 found, step 146003
    - repeat of 1544314515 found, step 172580
    - repeat of 3375875590 found, step 189684
  - Checking PRNG output completed (0.0457653 seconds)
- Testing for repeats completed (0.0472204 seconds)
---
7 repeats, p-value = 1 - 0.0955042

Memory usage summary: heap total: 4874152, heap peak: 4874152, stack peak: 5648
         total calls   total memory   failed calls
 malloc|     198888        4874152              0
realloc|          0              0              0  (nomove:0, dec:0, free:0)
 calloc|          0              0              0
   free|     198887        4801448
Histogram for block sizes:
   16-31         198886  99% ==================================================
   large              2  <1% 
