Testing xoroshiro128plus64
	0..18446744073709551615 is range of generator
	13034599790 outputs to scan for duplicates [3.03485*sqrt(range)]
	4.60517 duplicates expected on average
	0.01 is probability of zero duplicates
	0xadd35595 is seed for this run
---
- Testing for repeats started...
  - Allocating memory started...
    - allocated bloomish filter with 1073741824 64-bit elements (3 bits/entry)
    - allocated possible-match log with 536870912 64-bit elements
  - Allocating memory completed (3.1336e-05 seconds)
  - Phase 1, Gathering repeat candidates started...
    - 362444041 repeat candidates found
  - Phase 1, Gathering repeat candidates completed (731.398 seconds)
  - Reallocating memory started...
    - Deallocated bloomish filter
    - Allocated hash table of the same size
  - Reallocating memory completed (3.01349 seconds)
  - Phase 2, Storing candidates in hash table started...
  - Phase 2, Storing candidates in hash table completed (10.1019 seconds)
  - Phase 3, Testing candidates started...
    - repeat of 12862790504859869213 found, step 6455999458
    - repeat of 12889374809641864514 found, step 7971233464
    - repeat of 5404419904395495126 found, step 11802006213
  - Phase 3, Testing candidates completed (448.402 seconds)
- Testing for repeats completed (1192.92 seconds)
---
3 repeats, p-value = 0.324864

Memory usage summary: heap total: 22548651009, heap peak: 13958716417, stack peak: 5680
         total calls   total memory   failed calls
 malloc|          5    22548651009              0
realloc|          0              0              0  (nomove:0, dec:0, free:0)
 calloc|          0              0              0
   free|          4    22548578305
Histogram for block sizes:
   large              5 100% ==================================================
