Testing std::mt19937
	0..4294967295 is range of generator
	414487 outputs to scan for duplicates [6.32456*sqrt(range)]
	20.0001 duplicates expected on average
	2.06097e-09 is probability of zero duplicates
	0xcbcbe725 is seed for this run
---
- Testing for repeats started...
  - Allocating memory started...
    - allocated hash table of reserved for 414487 elements
  - Allocating memory completed (0.00121268 seconds)
  - Checking PRNG output started...
    - repeat of 3064473571 found, step 119951
    - repeat of 1728191513 found, step 140585
    - repeat of 3185672100 found, step 153972
    - repeat of 2249049291 found, step 164618
    - repeat of 3153015482 found, step 204068
    - repeat of 233730821 found, step 245679
    - repeat of 2166271752 found, step 289038
    - repeat of 3746605499 found, step 336054
    - repeat of 2254851794 found, step 342459
    - repeat of 2369384142 found, step 348556
    - repeat of 3483515886 found, step 354752
    - repeat of 2961930315 found, step 359155
    - repeat of 1079208396 found, step 366323
    - repeat of 507025359 found, step 378000
    - repeat of 3549031495 found, step 391053
    - repeat of 2428278768 found, step 394272
    - repeat of 2845721522 found, step 405262
  - Checking PRNG output completed (0.0751497 seconds)
- Testing for repeats completed (0.0763792 seconds)
---
17 repeats, p-value = 0.297021

Memory usage summary: heap total: 10260120, heap peak: 10260120, stack peak: 10608
         total calls   total memory   failed calls
 malloc|     414472       10260120              0
realloc|          0              0              0  (nomove:0, dec:0, free:0)
 calloc|          0              0              0
   free|     414471       10187416
Histogram for block sizes:
   16-31         414470  99% ==================================================
   large              2  <1% 
