Testing xoroshiro64star32
	0..4294967295 is range of generator
	414487 outputs to scan for duplicates [6.32456*sqrt(range)]
	20.0001 duplicates expected on average
	2.06097e-09 is probability of zero duplicates
	0x97bb6be4 is seed for this run
---
- Testing for repeats started...
  - Allocating memory started...
    - allocated 256 buckets of capacity 2023
    - allocated 256 bucket counters
  - Allocating memory completed (1.9096e-05 seconds)
  - Storing PRNG output started...
  - Storing PRNG output completed (0.0036428 seconds)
  - Sorting started...
  - Sorting completed (0.0370605 seconds)
  - Scanning for duplicates started...
    - repeat of 2818941442 found
    - repeat of 668379651 found
    - repeat of 3520519427 found
    - repeat of 1880706834 found
    - repeat of 688746289 found
    - repeat of 3466935858 found
    - repeat of 853308 found
    - repeat of 1527002953 found
    - repeat of 3006798157 found
    - repeat of 505499479 found
    - repeat of 3942995809 found
    - repeat of 2232303725 found
    - repeat of 3960532920 found
    - repeat of 1947854276 found
    - repeat of 3039017191 found
    - repeat of 2241503469 found
    - repeat of 3206129649 found
  - Scanning for duplicates completed (0.000682357 seconds)
- Testing for repeats completed (0.0414275 seconds)
---
17 repeats, p-value = 0.297021

Memory usage summary: heap total: 2145280, heap peak: 2145280, stack peak: 5616
         total calls   total memory   failed calls
 malloc|          3        2145280              0
realloc|          0              0              0  (nomove:0, dec:0, free:0)
 calloc|          0              0              0
   free|          0              0
Histogram for block sizes:
 1024-1039            1  33% =========================
   large              2  66% ==================================================
