- bump_allocator_static< std::__detail::_Hash_node<unsigned int, false> > (item size = 16) at 0x6042d0 created!
- bump_allocator_static< std::__detail::_Hash_node_base* > (item size = 8) at 0x604310 created!
- mempool at 0x604298 allocated new chunk at 0x7fdc00a8a020
- mempool at 0x604298 deallocated chunk at 0x7fdc00a8a020
Testing xoroshiro64plus32
	0..4294967295 is range of generator
	414487 outputs to scan for duplicates [6.32456*sqrt(range)]
	20.0001 duplicates expected on average
	2.06097e-09 is probability of zero duplicates
	0x9a6a8a3d is seed for this run
---
- Testing for repeats started...
  - Allocating memory started...
    - allocated hash table of reserved for 414487 elements
  - Allocating memory completed (0.00176319 seconds)
  - Checking PRNG output started...
    - repeat of 2941774858 found, step 87157
    - repeat of 3126773870 found, step 101035
    - repeat of 2333370484 found, step 101050
    - repeat of 787394818 found, step 133234
    - repeat of 2388599790 found, step 152551
    - repeat of 606938715 found, step 171385
    - repeat of 284420460 found, step 203833
    - repeat of 1022487436 found, step 209480
    - repeat of 3509253852 found, step 234493
    - repeat of 32444765 found, step 238873
    - repeat of 1960002210 found, step 240405
    - repeat of 3746275004 found, step 247067
    - repeat of 1490817009 found, step 255638
    - repeat of 1183547102 found, step 259095
    - repeat of 4262262862 found, step 271463
    - repeat of 1535473466 found, step 275751
    - repeat of 3995987516 found, step 278249
    - repeat of 2007589627 found, step 284664
    - repeat of 844651349 found, step 305774
    - repeat of 69901584 found, step 309143
    - repeat of 938319643 found, step 347050
    - repeat of 4257525382 found, step 349453
    - repeat of 2408381619 found, step 360445
    - repeat of 3142951510 found, step 387831
    - repeat of 3112446023 found, step 387926
  - Checking PRNG output completed (0.0429257 seconds)
- Testing for repeats completed (0.0447158 seconds)
---
25 repeats, p-value = 1 - 0.112189
- bump_allocator_static< std::__detail::_Hash_node_base* > at 0x604310 destroyed!
 - total_allocations_  = 1
 - active_allocations_ = 0
 - high_allocations_   = 1
 - total_mem_  = 3555896
 - active_mem_ = 0
 - high_mem_   = 3555896
- bump_allocator_static< std::__detail::_Hash_node<unsigned int, false> > at 0x6042d0 destroyed!
 - total_allocations_  = 414462
 - active_allocations_ = 0
 - high_allocations_   = 414462
 - total_mem_  = 6631392
 - active_mem_ = 0
 - high_mem_   = 6631392

Memory usage summary: heap total: 1073815760, heap peak: 1073815568, stack peak: 2816
         total calls   total memory   failed calls
 malloc|          5     1073815568              0
realloc|          4            192              0  (nomove:0, dec:0, free:0)
 calloc|          0              0              0
   free|          6     1073742032
Histogram for block sizes:
   16-31              1  11% =========================
   32-47              2  22% ==================================================
   64-79              2  22% ==================================================
  512-527             2  22% ==================================================
   large              2  22% ==================================================
