Testing pcg32_fast
	0..4294967295 is range of generator
	198893 outputs to scan for duplicates [3.03485*sqrt(range)]
	4.60521 duplicates expected on average
	0.00999963 is probability of zero duplicates
	0xda7af444 is seed for this run
---
- Testing for repeats started...
  - Allocating memory started...
    - allocated array of size 198893.
  - Allocating memory completed (1.1186e-05 seconds)
  - Storing PRNG output started...
  - Storing PRNG output completed (0.00143962 seconds)
  - Sorting started...
  - Sorting completed (0.0324059 seconds)
  - Scanning for duplicates started...
    - repeat of 995858088 found
    - repeat of 3062523386 found
    - repeat of 3222369710 found
    - repeat of 3581182425 found
  - Scanning for duplicates completed (0.000458874 seconds)
- Testing for repeats completed (0.0343443 seconds)
---
4 repeats, p-value = 1 - 0.487742

Memory usage summary: heap total: 868276, heap peak: 868276, stack peak: 5584
         total calls   total memory   failed calls
 malloc|          2         868276              0
realloc|          0              0              0  (nomove:0, dec:0, free:0)
 calloc|          0              0              0
   free|          0              0
Histogram for block sizes:
   large              2 100% ==================================================
