- bump_allocator_static< std::__detail::_Hash_node<unsigned long, false> > (item size = 16) at 0x6042d0 created!
- bump_allocator_static< std::__detail::_Hash_node_base* > (item size = 8) at 0x604310 created!
- mempool at 0x604298 allocated new chunk at 0x7f982204b020
- mempool at 0x604298: large alloc 137438953144 bytes at 0x7f782204b020.
- mempool at 0x604298 allocated new chunk at 0x7f77e204a020
- mempool at 0x604298 allocated new chunk at 0x7f77a2049020
- mempool at 0x604298 allocated new chunk at 0x7f7762048020
- mempool at 0x604298 allocated new chunk at 0x7f7722047020
- mempool at 0x604298 allocated new chunk at 0x7f76e2046020
- mempool at 0x604298 allocated new chunk at 0x7f76a2045020
- mempool at 0x604298 allocated new chunk at 0x7f7662044020
- mempool at 0x604298 allocated new chunk at 0x7f7622043020
- mempool at 0x604298 allocated new chunk at 0x7f75e2042020
- mempool at 0x604298 allocated new chunk at 0x7f75a2041020
- mempool at 0x604298 allocated new chunk at 0x7f7562040020
- mempool at 0x604298 allocated new chunk at 0x7f752203f020
- mempool at 0x604298 allocated new chunk at 0x7f74e203e020
- mempool at 0x604298 allocated new chunk at 0x7f74a203d020
- mempool at 0x604298 allocated new chunk at 0x7f746203c020
- mempool at 0x604298 allocated new chunk at 0x7f742203b020
- mempool at 0x604298 allocated new chunk at 0x7f73e203a020
- mempool at 0x604298 allocated new chunk at 0x7f73a2039020
- mempool at 0x604298 allocated new chunk at 0x7f7362038020
- mempool at 0x604298 allocated new chunk at 0x7f7322037020
- mempool at 0x604298 allocated new chunk at 0x7f72e2036020
- mempool at 0x604298 allocated new chunk at 0x7f72a2035020
- mempool at 0x604298 allocated new chunk at 0x7f7262034020
- mempool at 0x604298 allocated new chunk at 0x7f7222033020
- mempool at 0x604298 allocated new chunk at 0x7f71e2032020
- mempool at 0x604298 allocated new chunk at 0x7f71a2031020
- mempool at 0x604298 allocated new chunk at 0x7f7162030020
- mempool at 0x604298 allocated new chunk at 0x7f712202f020
- mempool at 0x604298 allocated new chunk at 0x7f70e202e020
- mempool at 0x604298 allocated new chunk at 0x7f70a202d020
- mempool at 0x604298 allocated new chunk at 0x7f706202c020
- mempool at 0x604298 allocated new chunk at 0x7f702202b020
- mempool at 0x604298 allocated new chunk at 0x7f6fe202a020
- mempool at 0x604298 allocated new chunk at 0x7f6fa2029020
- mempool at 0x604298 allocated new chunk at 0x7f6f62028020
- mempool at 0x604298 allocated new chunk at 0x7f6f22027020
- mempool at 0x604298 allocated new chunk at 0x7f6ee2026020
- mempool at 0x604298 allocated new chunk at 0x7f6ea2025020
- mempool at 0x604298 allocated new chunk at 0x7f6e62024020
- mempool at 0x604298 allocated new chunk at 0x7f6e22023020
- mempool at 0x604298 allocated new chunk at 0x7f6de2022020
- mempool at 0x604298 allocated new chunk at 0x7f6da2021020
- mempool at 0x604298 allocated new chunk at 0x7f6d62020020
- mempool at 0x604298 allocated new chunk at 0x7f6d2201f020
- mempool at 0x604298 allocated new chunk at 0x7f6ce201e020
- mempool at 0x604298 allocated new chunk at 0x7f6ca201d020
- mempool at 0x604298 allocated new chunk at 0x7f6c6201c020
- mempool at 0x604298 allocated new chunk at 0x7f6c2201b020
- mempool at 0x604298 allocated new chunk at 0x7f6be201a020
- mempool at 0x604298 allocated new chunk at 0x7f6ba2019020
- mempool at 0x604298 allocated new chunk at 0x7f6b62018020
- mempool at 0x604298 allocated new chunk at 0x7f6b22017020
- mempool at 0x604298 allocated new chunk at 0x7f6ae2016020
- mempool at 0x604298 allocated new chunk at 0x7f6aa2015020
- mempool at 0x604298 allocated new chunk at 0x7f6a62014020
- mempool at 0x604298 allocated new chunk at 0x7f6a22013020
- mempool at 0x604298 allocated new chunk at 0x7f69e2012020
- mempool at 0x604298 allocated new chunk at 0x7f69a2011020
- mempool at 0x604298 allocated new chunk at 0x7f6962010020
- mempool at 0x604298 allocated new chunk at 0x7f692200f020
- mempool at 0x604298 allocated new chunk at 0x7f68e200e020
- mempool at 0x604298 allocated new chunk at 0x7f68a200d020
- mempool at 0x604298 allocated new chunk at 0x7f686200c020
- mempool at 0x604298 allocated new chunk at 0x7f682200b020
- mempool at 0x604298 allocated new chunk at 0x7f67e200a020
- mempool at 0x604298 allocated new chunk at 0x7f67a2009020
- mempool at 0x604298 allocated new chunk at 0x7f6762008020
- mempool at 0x604298 allocated new chunk at 0x7f6722007020
- mempool at 0x604298 allocated new chunk at 0x7f66e2006020
- mempool at 0x604298 allocated new chunk at 0x7f66a2005020
- mempool at 0x604298 allocated new chunk at 0x7f6662004020
- mempool at 0x604298 allocated new chunk at 0x7f6622003020
- mempool at 0x604298 allocated new chunk at 0x7f65e2002020
- mempool at 0x604298 allocated new chunk at 0x7f65a2001020
- mempool at 0x604298 allocated new chunk at 0x7f6562000020
- mempool at 0x604298 allocated new chunk at 0x7f6521fff020
- mempool at 0x604298 allocated new chunk at 0x7f64e1ffe020
- mempool at 0x604298 allocated new chunk at 0x7f64a1ffd020
- mempool at 0x604298 allocated new chunk at 0x7f6461ffc020
- mempool at 0x604298 allocated new chunk at 0x7f6421ffb020
- mempool at 0x604298 allocated new chunk at 0x7f63e1ffa020
- mempool at 0x604298 allocated new chunk at 0x7f63a1ff9020
- mempool at 0x604298 allocated new chunk at 0x7f6361ff8020
- mempool at 0x604298 allocated new chunk at 0x7f6321ff7020
- mempool at 0x604298 allocated new chunk at 0x7f62e1ff6020
- mempool at 0x604298 allocated new chunk at 0x7f62a1ff5020
- mempool at 0x604298 allocated new chunk at 0x7f6261ff4020
- mempool at 0x604298 allocated new chunk at 0x7f6221ff3020
- mempool at 0x604298 allocated new chunk at 0x7f61e1ff2020
- mempool at 0x604298 allocated new chunk at 0x7f61a1ff1020
- mempool at 0x604298 allocated new chunk at 0x7f6161ff0020
- mempool at 0x604298 allocated new chunk at 0x7f6121fef020
- mempool at 0x604298 allocated new chunk at 0x7f60e1fee020
- mempool at 0x604298 allocated new chunk at 0x7f60a1fed020
- mempool at 0x604298 allocated new chunk at 0x7f6061fec020
- mempool at 0x604298 allocated new chunk at 0x7f6021feb020
- mempool at 0x604298 allocated new chunk at 0x7f5fe1fea020
- mempool at 0x604298 allocated new chunk at 0x7f5fa1fe9020
- mempool at 0x604298 allocated new chunk at 0x7f5f61fe8020
- mempool at 0x604298 allocated new chunk at 0x7f5f21fe7020
- mempool at 0x604298 allocated new chunk at 0x7f5ee1fe6020
- mempool at 0x604298 allocated new chunk at 0x7f5ea1fe5020
- mempool at 0x604298 allocated new chunk at 0x7f5e61fe4020
- mempool at 0x604298 allocated new chunk at 0x7f5e21fe3020
- mempool at 0x604298 allocated new chunk at 0x7f5de1fe2020
- mempool at 0x604298 allocated new chunk at 0x7f5da1fe1020
- mempool at 0x604298 allocated new chunk at 0x7f5d61fe0020
- mempool at 0x604298 allocated new chunk at 0x7f5d21fdf020
- mempool at 0x604298 allocated new chunk at 0x7f5ce1fde020
- mempool at 0x604298 allocated new chunk at 0x7f5ca1fdd020
- mempool at 0x604298 allocated new chunk at 0x7f5c61fdc020
- mempool at 0x604298 allocated new chunk at 0x7f5c21fdb020
- mempool at 0x604298 allocated new chunk at 0x7f5be1fda020
- mempool at 0x604298 allocated new chunk at 0x7f5ba1fd9020
- mempool at 0x604298 allocated new chunk at 0x7f5b61fd8020
- mempool at 0x604298 allocated new chunk at 0x7f5b21fd7020
- mempool at 0x604298 allocated new chunk at 0x7f5ae1fd6020
- mempool at 0x604298 allocated new chunk at 0x7f5aa1fd5020
- mempool at 0x604298 allocated new chunk at 0x7f5a61fd4020
- mempool at 0x604298 allocated new chunk at 0x7f5a21fd3020
- mempool at 0x604298 allocated new chunk at 0x7f59e1fd2020
- mempool at 0x604298 allocated new chunk at 0x7f59a1fd1020
- mempool at 0x604298 allocated new chunk at 0x7f5961fd0020
- mempool at 0x604298 allocated new chunk at 0x7f5921fcf020
- mempool at 0x604298 allocated new chunk at 0x7f58e1fce020
- mempool at 0x604298 allocated new chunk at 0x7f58a1fcd020
- mempool at 0x604298 allocated new chunk at 0x7f5861fcc020
- mempool at 0x604298 allocated new chunk at 0x7f5821fcb020
- mempool at 0x604298 allocated new chunk at 0x7f57e1fca020
- mempool at 0x604298 allocated new chunk at 0x7f57a1fc9020
- mempool at 0x604298 allocated new chunk at 0x7f5761fc8020
- mempool at 0x604298 allocated new chunk at 0x7f5721fc7020
- mempool at 0x604298 allocated new chunk at 0x7f56e1fc6020
- mempool at 0x604298 allocated new chunk at 0x7f56a1fc5020
- mempool at 0x604298 allocated new chunk at 0x7f5661fc4020
- mempool at 0x604298 allocated new chunk at 0x7f5621fc3020
- mempool at 0x604298 allocated new chunk at 0x7f55e1fc2020
- mempool at 0x604298 allocated new chunk at 0x7f55a1fc1020
- mempool at 0x604298 allocated new chunk at 0x7f5561fc0020
- mempool at 0x604298 allocated new chunk at 0x7f5521fbf020
- mempool at 0x604298 allocated new chunk at 0x7f54e1fbe020
- mempool at 0x604298 allocated new chunk at 0x7f54a1fbd020
- mempool at 0x604298 allocated new chunk at 0x7f5461fbc020
- mempool at 0x604298 allocated new chunk at 0x7f5421fbb020
- mempool at 0x604298 allocated new chunk at 0x7f53e1fba020
- mempool at 0x604298 allocated new chunk at 0x7f53a1fb9020
- mempool at 0x604298 allocated new chunk at 0x7f5361fb8020
- mempool at 0x604298 allocated new chunk at 0x7f5321fb7020
- mempool at 0x604298 allocated new chunk at 0x7f52e1fb6020
- mempool at 0x604298 allocated new chunk at 0x7f52a1fb5020
- mempool at 0x604298 allocated new chunk at 0x7f5261fb4020
- mempool at 0x604298 allocated new chunk at 0x7f5221fb3020
- mempool at 0x604298 allocated new chunk at 0x7f51e1fb2020
- mempool at 0x604298 allocated new chunk at 0x7f51a1fb1020
- mempool at 0x604298 allocated new chunk at 0x7f5161fb0020
- mempool at 0x604298 allocated new chunk at 0x7f5121faf020
- mempool at 0x604298 allocated new chunk at 0x7f50e1fae020
- mempool at 0x604298 allocated new chunk at 0x7f50a1fad020
- mempool at 0x604298 allocated new chunk at 0x7f5061fac020
- mempool at 0x604298 allocated new chunk at 0x7f5021fab020
- mempool at 0x604298 allocated new chunk at 0x7f4fe1faa020
- mempool at 0x604298 allocated new chunk at 0x7f4fa1fa9020
- mempool at 0x604298 allocated new chunk at 0x7f4f61fa8020
- mempool at 0x604298 allocated new chunk at 0x7f4f21fa7020
- mempool at 0x604298 allocated new chunk at 0x7f4ee1fa6020
- mempool at 0x604298 allocated new chunk at 0x7f4ea1fa5020
- mempool at 0x604298 allocated new chunk at 0x7f4e61fa4020
- mempool at 0x604298 allocated new chunk at 0x7f4e21fa3020
- mempool at 0x604298 allocated new chunk at 0x7f4de1fa2020
- mempool at 0x604298 allocated new chunk at 0x7f4da1fa1020
- mempool at 0x604298 allocated new chunk at 0x7f4d61fa0020
- mempool at 0x604298 allocated new chunk at 0x7f4d21f9f020
- mempool at 0x604298 allocated new chunk at 0x7f4ce1f9e020
- mempool at 0x604298 allocated new chunk at 0x7f4ca1f9d020
- mempool at 0x604298 allocated new chunk at 0x7f4c61f9c020
- mempool at 0x604298 allocated new chunk at 0x7f4c21f9b020
- mempool at 0x604298 allocated new chunk at 0x7f4be1f9a020
- mempool at 0x604298 allocated new chunk at 0x7f4ba1f99020
- mempool at 0x604298 allocated new chunk at 0x7f4b61f98020
- mempool at 0x604298 allocated new chunk at 0x7f4b21f97020
- mempool at 0x604298 allocated new chunk at 0x7f4ae1f96020
- mempool at 0x604298 allocated new chunk at 0x7f4aa1f95020
- mempool at 0x604298 allocated new chunk at 0x7f4a61f94020
- mempool at 0x604298 allocated new chunk at 0x7f4a21f93020
- mempool at 0x604298 allocated new chunk at 0x7f49e1f92020
- mempool at 0x604298 allocated new chunk at 0x7f49a1f91020
- mempool at 0x604298 allocated new chunk at 0x7f4961f90020
- mempool at 0x604298 allocated new chunk at 0x7f4921f8f020
- mempool at 0x604298 allocated new chunk at 0x7f48e1f8e020
- mempool at 0x604298 allocated new chunk at 0x7f48a1f8d020
- mempool at 0x604298 allocated new chunk at 0x7f4861f8c020
- mempool at 0x604298 allocated new chunk at 0x7f4821f8b020
- mempool at 0x604298 allocated new chunk at 0x7f47e1f8a020
- mempool at 0x604298 allocated new chunk at 0x7f47a1f89020
- mempool at 0x604298: large dealloc 137438953144 bytes at 0x7f782204b020.
- mempool at 0x604298 deallocated chunk at 0x7f47a1f89020
- mempool at 0x604298 deallocated chunk at 0x7f47e1f8a020
- mempool at 0x604298 deallocated chunk at 0x7f4821f8b020
- mempool at 0x604298 deallocated chunk at 0x7f4861f8c020
- mempool at 0x604298 deallocated chunk at 0x7f48a1f8d020
- mempool at 0x604298 deallocated chunk at 0x7f48e1f8e020
- mempool at 0x604298 deallocated chunk at 0x7f4921f8f020
- mempool at 0x604298 deallocated chunk at 0x7f4961f90020
- mempool at 0x604298 deallocated chunk at 0x7f49a1f91020
- mempool at 0x604298 deallocated chunk at 0x7f49e1f92020
- mempool at 0x604298 deallocated chunk at 0x7f4a21f93020
- mempool at 0x604298 deallocated chunk at 0x7f4a61f94020
- mempool at 0x604298 deallocated chunk at 0x7f4aa1f95020
- mempool at 0x604298 deallocated chunk at 0x7f4ae1f96020
- mempool at 0x604298 deallocated chunk at 0x7f4b21f97020
- mempool at 0x604298 deallocated chunk at 0x7f4b61f98020
- mempool at 0x604298 deallocated chunk at 0x7f4ba1f99020
- mempool at 0x604298 deallocated chunk at 0x7f4be1f9a020
- mempool at 0x604298 deallocated chunk at 0x7f4c21f9b020
- mempool at 0x604298 deallocated chunk at 0x7f4c61f9c020
- mempool at 0x604298 deallocated chunk at 0x7f4ca1f9d020
- mempool at 0x604298 deallocated chunk at 0x7f4ce1f9e020
- mempool at 0x604298 deallocated chunk at 0x7f4d21f9f020
- mempool at 0x604298 deallocated chunk at 0x7f4d61fa0020
- mempool at 0x604298 deallocated chunk at 0x7f4da1fa1020
- mempool at 0x604298 deallocated chunk at 0x7f4de1fa2020
- mempool at 0x604298 deallocated chunk at 0x7f4e21fa3020
- mempool at 0x604298 deallocated chunk at 0x7f4e61fa4020
- mempool at 0x604298 deallocated chunk at 0x7f4ea1fa5020
- mempool at 0x604298 deallocated chunk at 0x7f4ee1fa6020
- mempool at 0x604298 deallocated chunk at 0x7f4f21fa7020
- mempool at 0x604298 deallocated chunk at 0x7f4f61fa8020
- mempool at 0x604298 deallocated chunk at 0x7f4fa1fa9020
- mempool at 0x604298 deallocated chunk at 0x7f4fe1faa020
- mempool at 0x604298 deallocated chunk at 0x7f5021fab020
- mempool at 0x604298 deallocated chunk at 0x7f5061fac020
- mempool at 0x604298 deallocated chunk at 0x7f50a1fad020
- mempool at 0x604298 deallocated chunk at 0x7f50e1fae020
- mempool at 0x604298 deallocated chunk at 0x7f5121faf020
- mempool at 0x604298 deallocated chunk at 0x7f5161fb0020
- mempool at 0x604298 deallocated chunk at 0x7f51a1fb1020
- mempool at 0x604298 deallocated chunk at 0x7f51e1fb2020
- mempool at 0x604298 deallocated chunk at 0x7f5221fb3020
- mempool at 0x604298 deallocated chunk at 0x7f5261fb4020
- mempool at 0x604298 deallocated chunk at 0x7f52a1fb5020
- mempool at 0x604298 deallocated chunk at 0x7f52e1fb6020
- mempool at 0x604298 deallocated chunk at 0x7f5321fb7020
- mempool at 0x604298 deallocated chunk at 0x7f5361fb8020
- mempool at 0x604298 deallocated chunk at 0x7f53a1fb9020
- mempool at 0x604298 deallocated chunk at 0x7f53e1fba020
- mempool at 0x604298 deallocated chunk at 0x7f5421fbb020
- mempool at 0x604298 deallocated chunk at 0x7f5461fbc020
- mempool at 0x604298 deallocated chunk at 0x7f54a1fbd020
- mempool at 0x604298 deallocated chunk at 0x7f54e1fbe020
- mempool at 0x604298 deallocated chunk at 0x7f5521fbf020
- mempool at 0x604298 deallocated chunk at 0x7f5561fc0020
- mempool at 0x604298 deallocated chunk at 0x7f55a1fc1020
- mempool at 0x604298 deallocated chunk at 0x7f55e1fc2020
- mempool at 0x604298 deallocated chunk at 0x7f5621fc3020
- mempool at 0x604298 deallocated chunk at 0x7f5661fc4020
- mempool at 0x604298 deallocated chunk at 0x7f56a1fc5020
- mempool at 0x604298 deallocated chunk at 0x7f56e1fc6020
- mempool at 0x604298 deallocated chunk at 0x7f5721fc7020
- mempool at 0x604298 deallocated chunk at 0x7f5761fc8020
- mempool at 0x604298 deallocated chunk at 0x7f57a1fc9020
- mempool at 0x604298 deallocated chunk at 0x7f57e1fca020
- mempool at 0x604298 deallocated chunk at 0x7f5821fcb020
- mempool at 0x604298 deallocated chunk at 0x7f5861fcc020
- mempool at 0x604298 deallocated chunk at 0x7f58a1fcd020
- mempool at 0x604298 deallocated chunk at 0x7f58e1fce020
- mempool at 0x604298 deallocated chunk at 0x7f5921fcf020
- mempool at 0x604298 deallocated chunk at 0x7f5961fd0020
- mempool at 0x604298 deallocated chunk at 0x7f59a1fd1020
- mempool at 0x604298 deallocated chunk at 0x7f59e1fd2020
- mempool at 0x604298 deallocated chunk at 0x7f5a21fd3020
- mempool at 0x604298 deallocated chunk at 0x7f5a61fd4020
- mempool at 0x604298 deallocated chunk at 0x7f5aa1fd5020
- mempool at 0x604298 deallocated chunk at 0x7f5ae1fd6020
- mempool at 0x604298 deallocated chunk at 0x7f5b21fd7020
- mempool at 0x604298 deallocated chunk at 0x7f5b61fd8020
- mempool at 0x604298 deallocated chunk at 0x7f5ba1fd9020
- mempool at 0x604298 deallocated chunk at 0x7f5be1fda020
- mempool at 0x604298 deallocated chunk at 0x7f5c21fdb020
- mempool at 0x604298 deallocated chunk at 0x7f5c61fdc020
- mempool at 0x604298 deallocated chunk at 0x7f5ca1fdd020
- mempool at 0x604298 deallocated chunk at 0x7f5ce1fde020
- mempool at 0x604298 deallocated chunk at 0x7f5d21fdf020
- mempool at 0x604298 deallocated chunk at 0x7f5d61fe0020
- mempool at 0x604298 deallocated chunk at 0x7f5da1fe1020
- mempool at 0x604298 deallocated chunk at 0x7f5de1fe2020
- mempool at 0x604298 deallocated chunk at 0x7f5e21fe3020
- mempool at 0x604298 deallocated chunk at 0x7f5e61fe4020
- mempool at 0x604298 deallocated chunk at 0x7f5ea1fe5020
- mempool at 0x604298 deallocated chunk at 0x7f5ee1fe6020
- mempool at 0x604298 deallocated chunk at 0x7f5f21fe7020
- mempool at 0x604298 deallocated chunk at 0x7f5f61fe8020
- mempool at 0x604298 deallocated chunk at 0x7f5fa1fe9020
- mempool at 0x604298 deallocated chunk at 0x7f5fe1fea020
- mempool at 0x604298 deallocated chunk at 0x7f6021feb020
- mempool at 0x604298 deallocated chunk at 0x7f6061fec020
- mempool at 0x604298 deallocated chunk at 0x7f60a1fed020
- mempool at 0x604298 deallocated chunk at 0x7f60e1fee020
- mempool at 0x604298 deallocated chunk at 0x7f6121fef020
- mempool at 0x604298 deallocated chunk at 0x7f6161ff0020
- mempool at 0x604298 deallocated chunk at 0x7f61a1ff1020
- mempool at 0x604298 deallocated chunk at 0x7f61e1ff2020
- mempool at 0x604298 deallocated chunk at 0x7f6221ff3020
- mempool at 0x604298 deallocated chunk at 0x7f6261ff4020
- mempool at 0x604298 deallocated chunk at 0x7f62a1ff5020
- mempool at 0x604298 deallocated chunk at 0x7f62e1ff6020
- mempool at 0x604298 deallocated chunk at 0x7f6321ff7020
- mempool at 0x604298 deallocated chunk at 0x7f6361ff8020
- mempool at 0x604298 deallocated chunk at 0x7f63a1ff9020
- mempool at 0x604298 deallocated chunk at 0x7f63e1ffa020
- mempool at 0x604298 deallocated chunk at 0x7f6421ffb020
- mempool at 0x604298 deallocated chunk at 0x7f6461ffc020
- mempool at 0x604298 deallocated chunk at 0x7f64a1ffd020
- mempool at 0x604298 deallocated chunk at 0x7f64e1ffe020
- mempool at 0x604298 deallocated chunk at 0x7f6521fff020
- mempool at 0x604298 deallocated chunk at 0x7f6562000020
- mempool at 0x604298 deallocated chunk at 0x7f65a2001020
- mempool at 0x604298 deallocated chunk at 0x7f65e2002020
- mempool at 0x604298 deallocated chunk at 0x7f6622003020
- mempool at 0x604298 deallocated chunk at 0x7f6662004020
- mempool at 0x604298 deallocated chunk at 0x7f66a2005020
- mempool at 0x604298 deallocated chunk at 0x7f66e2006020
- mempool at 0x604298 deallocated chunk at 0x7f6722007020
- mempool at 0x604298 deallocated chunk at 0x7f6762008020
- mempool at 0x604298 deallocated chunk at 0x7f67a2009020
- mempool at 0x604298 deallocated chunk at 0x7f67e200a020
- mempool at 0x604298 deallocated chunk at 0x7f682200b020
- mempool at 0x604298 deallocated chunk at 0x7f686200c020
- mempool at 0x604298 deallocated chunk at 0x7f68a200d020
- mempool at 0x604298 deallocated chunk at 0x7f68e200e020
- mempool at 0x604298 deallocated chunk at 0x7f692200f020
- mempool at 0x604298 deallocated chunk at 0x7f6962010020
- mempool at 0x604298 deallocated chunk at 0x7f69a2011020
- mempool at 0x604298 deallocated chunk at 0x7f69e2012020
- mempool at 0x604298 deallocated chunk at 0x7f6a22013020
- mempool at 0x604298 deallocated chunk at 0x7f6a62014020
- mempool at 0x604298 deallocated chunk at 0x7f6aa2015020
- mempool at 0x604298 deallocated chunk at 0x7f6ae2016020
- mempool at 0x604298 deallocated chunk at 0x7f6b22017020
- mempool at 0x604298 deallocated chunk at 0x7f6b62018020
- mempool at 0x604298 deallocated chunk at 0x7f6ba2019020
- mempool at 0x604298 deallocated chunk at 0x7f6be201a020
- mempool at 0x604298 deallocated chunk at 0x7f6c2201b020
- mempool at 0x604298 deallocated chunk at 0x7f6c6201c020
- mempool at 0x604298 deallocated chunk at 0x7f6ca201d020
- mempool at 0x604298 deallocated chunk at 0x7f6ce201e020
- mempool at 0x604298 deallocated chunk at 0x7f6d2201f020
- mempool at 0x604298 deallocated chunk at 0x7f6d62020020
- mempool at 0x604298 deallocated chunk at 0x7f6da2021020
- mempool at 0x604298 deallocated chunk at 0x7f6de2022020
- mempool at 0x604298 deallocated chunk at 0x7f6e22023020
- mempool at 0x604298 deallocated chunk at 0x7f6e62024020
- mempool at 0x604298 deallocated chunk at 0x7f6ea2025020
- mempool at 0x604298 deallocated chunk at 0x7f6ee2026020
- mempool at 0x604298 deallocated chunk at 0x7f6f22027020
- mempool at 0x604298 deallocated chunk at 0x7f6f62028020
- mempool at 0x604298 deallocated chunk at 0x7f6fa2029020
- mempool at 0x604298 deallocated chunk at 0x7f6fe202a020
- mempool at 0x604298 deallocated chunk at 0x7f702202b020
- mempool at 0x604298 deallocated chunk at 0x7f706202c020
- mempool at 0x604298 deallocated chunk at 0x7f70a202d020
- mempool at 0x604298 deallocated chunk at 0x7f70e202e020
- mempool at 0x604298 deallocated chunk at 0x7f712202f020
- mempool at 0x604298 deallocated chunk at 0x7f7162030020
- mempool at 0x604298 deallocated chunk at 0x7f71a2031020
- mempool at 0x604298 deallocated chunk at 0x7f71e2032020
- mempool at 0x604298 deallocated chunk at 0x7f7222033020
- mempool at 0x604298 deallocated chunk at 0x7f7262034020
- mempool at 0x604298 deallocated chunk at 0x7f72a2035020
- mempool at 0x604298 deallocated chunk at 0x7f72e2036020
- mempool at 0x604298 deallocated chunk at 0x7f7322037020
- mempool at 0x604298 deallocated chunk at 0x7f7362038020
- mempool at 0x604298 deallocated chunk at 0x7f73a2039020
- mempool at 0x604298 deallocated chunk at 0x7f73e203a020
- mempool at 0x604298 deallocated chunk at 0x7f742203b020
- mempool at 0x604298 deallocated chunk at 0x7f746203c020
- mempool at 0x604298 deallocated chunk at 0x7f74a203d020
- mempool at 0x604298 deallocated chunk at 0x7f74e203e020
- mempool at 0x604298 deallocated chunk at 0x7f752203f020
- mempool at 0x604298 deallocated chunk at 0x7f7562040020
- mempool at 0x604298 deallocated chunk at 0x7f75a2041020
- mempool at 0x604298 deallocated chunk at 0x7f75e2042020
- mempool at 0x604298 deallocated chunk at 0x7f7622043020
- mempool at 0x604298 deallocated chunk at 0x7f7662044020
- mempool at 0x604298 deallocated chunk at 0x7f76a2045020
- mempool at 0x604298 deallocated chunk at 0x7f76e2046020
- mempool at 0x604298 deallocated chunk at 0x7f7722047020
- mempool at 0x604298 deallocated chunk at 0x7f7762048020
- mempool at 0x604298 deallocated chunk at 0x7f77a2049020
- mempool at 0x604298 deallocated chunk at 0x7f77e204a020
- mempool at 0x604298 deallocated chunk at 0x7f982204b020
Testing gjrand64
	0..18446744073709551615 is range of generator
	13034599790 outputs to scan for duplicates [3.03485*sqrt(range)]
	4.60517 duplicates expected on average
	0.01 is probability of zero duplicates
	0x17fe4970 is seed for this run
---
- Testing for repeats started...
  - Allocating memory started...
    - allocated hash table of reserved for 13034599790 elements
  - Allocating memory completed (45.5286 seconds)
  - Checking PRNG output started...
    - repeat of 13264994034798802493 found, step 6399235366
    - repeat of 8710446117204279788 found, step 10796066669
    - repeat of 3737697738600378733 found, step 10833280827
    - repeat of 9473050492170476378 found, step 12167438080
  - Checking PRNG output completed (4522.78 seconds)
- Testing for repeats completed (4568.31 seconds)
---
4 repeats, p-value = 1 - 0.487735
- bump_allocator_static< std::__detail::_Hash_node_base* > at 0x604310 destroyed!
 - total_allocations_  = 1
 - active_allocations_ = 0
 - high_allocations_   = 1
 - total_mem_  = 137438953144
 - active_mem_ = 0
 - high_mem_   = 137438953144
- bump_allocator_static< std::__detail::_Hash_node<unsigned long, false> > at 0x6042d0 destroyed!
 - total_allocations_  = 13034599786
 - active_allocations_ = 0
 - high_allocations_   = 13034599786
 - total_mem_  = 208553596576
 - active_mem_ = 0
 - high_mem_   = 208553596576

Memory usage summary: heap total: 346818685864, heap peak: 346818685672, stack peak: 5728
         total calls   total memory   failed calls
 malloc|        394   346818685672              0
realloc|          4            192              0  (nomove:0, dec:0, free:0)
 calloc|          0              0              0
   free|        395   346818612136
Histogram for block sizes:
   16-31            195  48% =================================================
   32-47              2  <1% 
   64-79              2  <1% 
  512-527             2  <1% 
   large            197  49% ==================================================
