Testing xoroshiro128plus64
	0..18446744073709551615 is range of generator
	27163758263 outputs to scan for duplicates [6.32456*sqrt(range)]
	20 duplicates expected on average
	2.06115e-09 is probability of zero duplicates
	0x136ab35c is seed for this run
---
- Testing for repeats started...
  - Allocating memory started...
    - allocated bloomish filter with 2147483648 64-bit elements (3 bits/entry)
    - allocated possible-match log with 1073741824 64-bit elements
  - Allocating memory completed (1.8583e-05 seconds)
  - Phase 1, Gathering repeat candidates started...
    - 826851835 repeat candidates found
  - Phase 1, Gathering repeat candidates completed (1639.98 seconds)
  - Reallocating memory started...
    - Deallocated bloomish filter
    - Allocated hash table of the same size
  - Reallocating memory completed (6.38602 seconds)
  - Phase 2, Storing candidates in hash table started...
  - Phase 2, Storing candidates in hash table completed (27.5907 seconds)
  - Phase 3, Testing candidates started...
    - repeat of 958232683632345545 found, step 4938137227
    - repeat of 10503746488186735764 found, step 5671276950
    - repeat of 4488418108241100657 found, step 7293658255
    - repeat of 4218240558088949072 found, step 7934098492
    - repeat of 12123406935012293055 found, step 10025163018
    - repeat of 3301209725827938350 found, step 12909153703
    - repeat of 5218216614258807370 found, step 14066851782
    - repeat of 12529069783324148248 found, step 14978200688
    - repeat of 17946119432054614738 found, step 16225290041
    - repeat of 3243083731086448285 found, step 18549287338
    - repeat of 15010793427427007123 found, step 19874463171
    - repeat of 8469826321265009752 found, step 20121488895
    - repeat of 2603580835793891532 found, step 21105448256
    - repeat of 944615433444284536 found, step 22494711515
    - repeat of 11433484303684474965 found, step 22723162987
    - repeat of 13298547901246279501 found, step 22971168774
    - repeat of 6423173491756511728 found, step 23746000795
    - repeat of 1216735694877045552 found, step 25468033993
    - repeat of 15786515519134303915 found, step 27116462637
  - Phase 3, Testing candidates completed (1161.14 seconds)
- Testing for repeats completed (2835.09 seconds)
---
19 repeats, p-value = 0.470257

Memory usage summary: heap total: 45097229313, heap peak: 27917360129, stack peak: 5680
         total calls   total memory   failed calls
 malloc|          5    45097229313              0
realloc|          0              0              0  (nomove:0, dec:0, free:0)
 calloc|          0              0              0
   free|          4    45097156609
Histogram for block sizes:
   large              5 100% ==================================================
