Testing jsf32
	0..4294967295 is range of generator
	414487 outputs to scan for duplicates [6.32456*sqrt(range)]
	20.0001 duplicates expected on average
	2.06097e-09 is probability of zero duplicates
	0xeb30f9cf is seed for this run
---
- Testing for repeats started...
  - Allocating memory started...
    - allocated array of size 414487.
  - Allocating memory completed (5.717e-06 seconds)
  - Storing PRNG output started...
  - Storing PRNG output completed (0.00132239 seconds)
  - Sorting started...
  - Sorting completed (0.0596709 seconds)
  - Scanning for duplicates started...
    - repeat of 364714727 found
    - repeat of 514170966 found
    - repeat of 559118233 found
    - repeat of 744999311 found
    - repeat of 889795682 found
    - repeat of 1371885647 found
    - repeat of 1438018292 found
    - repeat of 1799222813 found
    - repeat of 1824607313 found
    - repeat of 1854293336 found
    - repeat of 2181666563 found
    - repeat of 2247188786 found
    - repeat of 2779945523 found
    - repeat of 3018688763 found
    - repeat of 3124667244 found
    - repeat of 3183598913 found
    - repeat of 3238383071 found
    - repeat of 3308498984 found
    - repeat of 3472928988 found
    - repeat of 3511285406 found
    - repeat of 3529175852 found
    - repeat of 3793355328 found
    - repeat of 3911979876 found
  - Scanning for duplicates completed (0.000529052 seconds)
- Testing for repeats completed (0.0615425 seconds)
---
23 repeats, p-value = 1 - 0.212513

Memory usage summary: heap total: 1730652, heap peak: 1730652, stack peak: 5568
         total calls   total memory   failed calls
 malloc|          2        1730652              0
realloc|          0              0              0  (nomove:0, dec:0, free:0)
 calloc|          0              0              0
   free|          0              0
Histogram for block sizes:
   large              2 100% ==================================================
