Testing std::mt19937
	0..4294967295 is range of generator
	414487 outputs to scan for duplicates [6.32456*sqrt(range)]
	20.0001 duplicates expected on average
	2.06097e-09 is probability of zero duplicates
	0xab6ea075 is seed for this run
---
- Testing for repeats started...
  - Allocating memory started...
    - allocated 256 buckets of capacity 2023
    - allocated 256 bucket counters
  - Allocating memory completed (1.2419e-05 seconds)
  - Storing PRNG output started...
  - Storing PRNG output completed (0.00432868 seconds)
  - Sorting started...
  - Sorting completed (0.0206916 seconds)
  - Scanning for duplicates started...
    - repeat of 3971473183 found
    - repeat of 363929127 found
    - repeat of 1393299751 found
    - repeat of 3138428263 found
    - repeat of 4236264299 found
    - repeat of 2207712878 found
    - repeat of 940167028 found
    - repeat of 4122970747 found
    - repeat of 2712124029 found
    - repeat of 1055875967 found
    - repeat of 1120419219 found
    - repeat of 2099539609 found
    - repeat of 2368755383 found
    - repeat of 3591131064 found
    - repeat of 3333875912 found
    - repeat of 2715524041 found
    - repeat of 3762782158 found
    - repeat of 2026717136 found
    - repeat of 1447804113 found
    - repeat of 3357225691 found
    - repeat of 2506460 found
    - repeat of 438521328 found
  - Scanning for duplicates completed (0.000635185 seconds)
- Testing for repeats completed (0.0256898 seconds)
---
22 repeats, p-value = 1 - 0.279396

Memory usage summary: heap total: 4217856, heap peak: 4217856, stack peak: 10576
         total calls   total memory   failed calls
 malloc|          3        4217856              0
realloc|          0              0              0  (nomove:0, dec:0, free:0)
 calloc|          0              0              0
   free|          0              0
Histogram for block sizes:
 2048-2063            1  33% =========================
   large              2  66% ==================================================
