Testing gjrand32
	0..4294967295 is range of generator
	414487 outputs to scan for duplicates [6.32456*sqrt(range)]
	20.0001 duplicates expected on average
	2.06097e-09 is probability of zero duplicates
	0x2a508a51 is seed for this run
---
- Testing for repeats started...
  - Allocating memory started...
    - allocated array of size 414487.
  - Allocating memory completed (6.812e-06 seconds)
  - Storing PRNG output started...
  - Storing PRNG output completed (0.0032467 seconds)
  - Sorting started...
  - Sorting completed (0.0491545 seconds)
  - Scanning for duplicates started...
    - repeat of 312774364 found
    - repeat of 568306963 found
    - repeat of 767228017 found
    - repeat of 1010027619 found
    - repeat of 1250747559 found
    - repeat of 1442735460 found
    - repeat of 1618241186 found
    - repeat of 1723414720 found
    - repeat of 1977699605 found
    - repeat of 2152313166 found
    - repeat of 2291405999 found
    - repeat of 2339632259 found
    - repeat of 2841928063 found
    - repeat of 3208775893 found
    - repeat of 3343876650 found
    - repeat of 3568620344 found
    - repeat of 3797474114 found
    - repeat of 4070487271 found
  - Scanning for duplicates completed (0.000449967 seconds)
- Testing for repeats completed (0.0528736 seconds)
---
18 repeats, p-value = 0.381414

Memory usage summary: heap total: 1730652, heap peak: 1730652, stack peak: 5600
         total calls   total memory   failed calls
 malloc|          2        1730652              0
realloc|          0              0              0  (nomove:0, dec:0, free:0)
 calloc|          0              0              0
   free|          0              0
Histogram for block sizes:
   large              2 100% ==================================================
