Testing xorshift64star32a
	0..4294967295 is range of generator
	198893 outputs to scan for duplicates [3.03485*sqrt(range)]
	4.60511 duplicates expected on average
	0.0100006 is probability of zero duplicates
	0xd5738700 is seed for this run
---
- Testing for repeats started...
  - Allocating memory started...
    - allocated array of size 198893.
  - Allocating memory completed (5.635e-06 seconds)
  - Storing PRNG output started...
  - Storing PRNG output completed (0.000686194 seconds)
  - Sorting started...
  - Sorting completed (0.0281738 seconds)
  - Scanning for duplicates started...
    - repeat of 1785487904 found
    - repeat of 2201336787 found
    - repeat of 2365340205 found
    - repeat of 2820721635 found
    - repeat of 3214754524 found
    - repeat of 3279961702 found
    - repeat of 3304919802 found
    - repeat of 3815095256 found
  - Scanning for duplicates completed (0.000289744 seconds)
- Testing for repeats completed (0.0291646 seconds)
---
8 repeats, p-value = 1 - 0.045328

Memory usage summary: heap total: 868276, heap peak: 868276, stack peak: 5568
         total calls   total memory   failed calls
 malloc|          2         868276              0
realloc|          0              0              0  (nomove:0, dec:0, free:0)
 calloc|          0              0              0
   free|          0              0
Histogram for block sizes:
   large              2 100% ==================================================
