Testing pcg32_fast
	0..4294967295 is range of generator
	414487 outputs to scan for duplicates [6.32456*sqrt(range)]
	20.0001 duplicates expected on average
	2.06097e-09 is probability of zero duplicates
	0x750dafe9 is seed for this run
---
- Testing for repeats started...
  - Allocating memory started...
    - allocated array of size 414487.
  - Allocating memory completed (8.356e-06 seconds)
  - Storing PRNG output started...
  - Storing PRNG output completed (0.00206828 seconds)
  - Sorting started...
  - Sorting completed (0.0486367 seconds)
  - Scanning for duplicates started...
    - repeat of 141768591 found
    - repeat of 362103716 found
    - repeat of 491847740 found
    - repeat of 793316570 found
    - repeat of 1046616367 found
    - repeat of 1599165064 found
    - repeat of 1920449266 found
    - repeat of 2004971334 found
    - repeat of 2428932346 found
    - repeat of 2564839718 found
    - repeat of 2719835542 found
    - repeat of 3267358630 found
    - repeat of 3301826350 found
    - repeat of 3333125083 found
    - repeat of 3823254535 found
    - repeat of 3827174854 found
    - repeat of 3886475273 found
    - repeat of 3953807217 found
    - repeat of 4031964701 found
    - repeat of 4043668833 found
    - repeat of 4161800332 found
    - repeat of 4250390171 found
  - Scanning for duplicates completed (0.000711385 seconds)
- Testing for repeats completed (0.0514563 seconds)
---
22 repeats, p-value = 1 - 0.279396

Memory usage summary: heap total: 1730652, heap peak: 1730652, stack peak: 5584
         total calls   total memory   failed calls
 malloc|          2        1730652              0
realloc|          0              0              0  (nomove:0, dec:0, free:0)
 calloc|          0              0              0
   free|          0              0
Histogram for block sizes:
   large              2 100% ==================================================
