Testing std::mt19937_64
	0..18446744073709551615 is range of generator
	13034599790 outputs to scan for duplicates [3.03485*sqrt(range)]
	4.60517 duplicates expected on average
	0.01 is probability of zero duplicates
	0x41fb7278 is seed for this run
---
- Testing for repeats started...
  - Allocating memory started...
    - allocated bloomish filter with 1073741824 64-bit elements (3 bits/entry)
    - allocated possible-match log with 536870912 64-bit elements
  - Allocating memory completed (6.1672e-05 seconds)
  - Phase 1, Gathering repeat candidates started...
    - 362435209 repeat candidates found
  - Phase 1, Gathering repeat candidates completed (1172.95 seconds)
  - Reallocating memory started...
    - Deallocated bloomish filter
    - Allocated hash table of the same size
  - Reallocating memory completed (4.05963 seconds)
  - Phase 2, Storing candidates in hash table started...
  - Phase 2, Storing candidates in hash table completed (11.9051 seconds)
  - Phase 3, Testing candidates started...
    - repeat of 17136481749469962478 found, step 5288923839
    - repeat of 16653227216082243385 found, step 7239667163
    - repeat of 9556278313980123109 found, step 9575146599
    - repeat of 11560799712429136338 found, step 10651045955
    - repeat of 12457035607001859306 found, step 11596010388
    - repeat of 6587562340280314912 found, step 11958918224
    - repeat of 2464712979151388907 found, step 12199768008
  - Phase 3, Testing candidates completed (671.862 seconds)
- Testing for repeats completed (1860.79 seconds)
---
7 repeats, p-value = 1 - 0.095501

Memory usage summary: heap total: 22548651009, heap peak: 13958716417, stack peak: 10640
         total calls   total memory   failed calls
 malloc|          5    22548651009              0
realloc|          0              0              0  (nomove:0, dec:0, free:0)
 calloc|          0              0              0
   free|          4    22548578305
Histogram for block sizes:
   large              5 100% ==================================================
