- bump_allocator_static< std::__detail::_Hash_node<unsigned int, false> > (item size = 16) at 0x6042d0 created!
- bump_allocator_static< std::__detail::_Hash_node_base* > (item size = 8) at 0x604310 created!
- mempool at 0x604298 allocated new chunk at 0x7f8c61859020
- mempool at 0x604298 deallocated chunk at 0x7f8c61859020
Testing xoroshiro64plus32
	0..4294967295 is range of generator
	414487 outputs to scan for duplicates [6.32456*sqrt(range)]
	20.0001 duplicates expected on average
	2.06097e-09 is probability of zero duplicates
	0x1f327e2f is seed for this run
---
- Testing for repeats started...
  - Allocating memory started...
    - allocated hash table of reserved for 414487 elements
  - Allocating memory completed (0.00233562 seconds)
  - Checking PRNG output started...
    - repeat of 2831126690 found, step 60025
    - repeat of 829265509 found, step 264358
    - repeat of 4289377308 found, step 304227
    - repeat of 3728355409 found, step 317354
    - repeat of 2122021154 found, step 324008
    - repeat of 3712601538 found, step 334133
    - repeat of 1617075943 found, step 338015
    - repeat of 3777513461 found, step 357685
    - repeat of 3814126820 found, step 389347
    - repeat of 2831835132 found, step 411218
    - repeat of 1076885237 found, step 413600
  - Checking PRNG output completed (0.0373217 seconds)
- Testing for repeats completed (0.0396666 seconds)
---
11 repeats, p-value = 0.0213859
- bump_allocator_static< std::__detail::_Hash_node_base* > at 0x604310 destroyed!
 - total_allocations_  = 1
 - active_allocations_ = 0
 - high_allocations_   = 1
 - total_mem_  = 3555896
 - active_mem_ = 0
 - high_mem_   = 3555896
- bump_allocator_static< std::__detail::_Hash_node<unsigned int, false> > at 0x6042d0 destroyed!
 - total_allocations_  = 414476
 - active_allocations_ = 0
 - high_allocations_   = 414476
 - total_mem_  = 6631616
 - active_mem_ = 0
 - high_mem_   = 6631616

Memory usage summary: heap total: 1073815760, heap peak: 1073815568, stack peak: 2816
         total calls   total memory   failed calls
 malloc|          5     1073815568              0
realloc|          4            192              0  (nomove:0, dec:0, free:0)
 calloc|          0              0              0
   free|          6     1073742032
Histogram for block sizes:
   16-31              1  11% =========================
   32-47              2  22% ==================================================
   64-79              2  22% ==================================================
  512-527             2  22% ==================================================
   large              2  22% ==================================================
