Testing sfc32
	0..4294967295 is range of generator
	414487 outputs to scan for duplicates [6.32456*sqrt(range)]
	20.0001 duplicates expected on average
	2.06097e-09 is probability of zero duplicates
	0xbf14d92f is seed for this run
---
- Testing for repeats started...
  - Allocating memory started...
    - allocated array of size 414487.
  - Allocating memory completed (1.2042e-05 seconds)
  - Storing PRNG output started...
  - Storing PRNG output completed (0.00315328 seconds)
  - Sorting started...
  - Sorting completed (0.0498608 seconds)
  - Scanning for duplicates started...
    - repeat of 6536457 found
    - repeat of 172950116 found
    - repeat of 398170641 found
    - repeat of 491446435 found
    - repeat of 538112542 found
    - repeat of 1266891278 found
    - repeat of 1654556174 found
    - repeat of 2224640669 found
    - repeat of 2250223530 found
    - repeat of 2704107128 found
    - repeat of 2792233859 found
    - repeat of 3084971252 found
    - repeat of 3190137557 found
    - repeat of 3430215789 found
    - repeat of 3485785046 found
    - repeat of 3845602411 found
    - repeat of 3987064095 found
  - Scanning for duplicates completed (0.00040043 seconds)
- Testing for repeats completed (0.0534526 seconds)
---
17 repeats, p-value = 0.297021

Memory usage summary: heap total: 1730652, heap peak: 1730652, stack peak: 5584
         total calls   total memory   failed calls
 malloc|          2        1730652              0
realloc|          0              0              0  (nomove:0, dec:0, free:0)
 calloc|          0              0              0
   free|          0              0
Histogram for block sizes:
   large              2 100% ==================================================
