Testing xoroshiro64plus32
	0..4294967295 is range of generator
	198893 outputs to scan for duplicates [3.03485*sqrt(range)]
	4.60521 duplicates expected on average
	0.00999963 is probability of zero duplicates
	0x43e1599b is seed for this run
---
- Testing for repeats started...
  - Allocating memory started...
    - allocated array of size 198893.
  - Allocating memory completed (6.241e-06 seconds)
  - Storing PRNG output started...
  - Storing PRNG output completed (0.000897484 seconds)
  - Sorting started...
  - Sorting completed (0.0298106 seconds)
  - Scanning for duplicates started...
    - repeat of 25117066 found
    - repeat of 362433164 found
    - repeat of 998870417 found
    - repeat of 1017061416 found
    - repeat of 1506847517 found
    - repeat of 2967298175 found
  - Scanning for duplicates completed (0.000290299 seconds)
- Testing for repeats completed (0.0310232 seconds)
---
6 repeats, p-value = 1 - 0.18266

Memory usage summary: heap total: 868276, heap peak: 868276, stack peak: 5568
         total calls   total memory   failed calls
 malloc|          2         868276              0
realloc|          0              0              0  (nomove:0, dec:0, free:0)
 calloc|          0              0              0
   free|          0              0
Histogram for block sizes:
   large              2 100% ==================================================
