Testing xoroshiro64starstar32
	0..4294967295 is range of generator
	198893 outputs to scan for duplicates [3.03485*sqrt(range)]
	4.60521 duplicates expected on average
	0.00999963 is probability of zero duplicates
	0x8dbff885 is seed for this run
---
- Testing for repeats started...
  - Allocating memory started...
    - allocated hash table of reserved for 198893 elements
  - Allocating memory completed (0.00148694 seconds)
  - Checking PRNG output started...
    - repeat of 984893945 found, step 112244
    - repeat of 668303190 found, step 152608
    - repeat of 1012729349 found, step 159668
    - repeat of 504851905 found, step 161836
    - repeat of 3746424688 found, step 162106
  - Checking PRNG output completed (0.0596601 seconds)
- Testing for repeats completed (0.061166 seconds)
---
5 repeats, p-value = 1 - 0.315139

Memory usage summary: heap total: 4874184, heap peak: 4874184, stack peak: 5648
         total calls   total memory   failed calls
 malloc|     198890        4874184              0
realloc|          0              0              0  (nomove:0, dec:0, free:0)
 calloc|          0              0              0
   free|     198889        4801480
Histogram for block sizes:
   16-31         198888  99% ==================================================
   large              2  <1% 
