Testing sfc32
	0..4294967295 is range of generator
	414487 outputs to scan for duplicates [6.32456*sqrt(range)]
	20.0001 duplicates expected on average
	2.06097e-09 is probability of zero duplicates
	0xd35c5066 is seed for this run
---
- Testing for repeats started...
  - Allocating memory started...
    - allocated array of size 414487.
  - Allocating memory completed (9.026e-06 seconds)
  - Storing PRNG output started...
  - Storing PRNG output completed (0.0026102 seconds)
  - Sorting started...
  - Sorting completed (0.0572581 seconds)
  - Scanning for duplicates started...
    - repeat of 32288876 found
    - repeat of 187350057 found
    - repeat of 575686974 found
    - repeat of 653816512 found
    - repeat of 1967850156 found
    - repeat of 1971277574 found
    - repeat of 2031251082 found
    - repeat of 2128062213 found
    - repeat of 2471982171 found
    - repeat of 2991482743 found
    - repeat of 3426866355 found
    - repeat of 3834357279 found
    - repeat of 3906711467 found
  - Scanning for duplicates completed (0.00035332 seconds)
- Testing for repeats completed (0.0602524 seconds)
---
13 repeats, p-value = 0.0661252

Memory usage summary: heap total: 1730652, heap peak: 1730652, stack peak: 5584
         total calls   total memory   failed calls
 malloc|          2        1730652              0
realloc|          0              0              0  (nomove:0, dec:0, free:0)
 calloc|          0              0              0
   free|          0              0
Histogram for block sizes:
   large              2 100% ==================================================
