Testing pcg32_fast
	0..4294967295 is range of generator
	414487 outputs to scan for duplicates [6.32456*sqrt(range)]
	20.0001 duplicates expected on average
	2.06097e-09 is probability of zero duplicates
	0xe985e6c6 is seed for this run
---
- Testing for repeats started...
  - Allocating memory started...
    - allocated hash table of reserved for 414487 elements
  - Allocating memory completed (0.00309466 seconds)
  - Checking PRNG output started...
    - repeat of 2659556850 found, step 92046
    - repeat of 2497893671 found, step 146724
    - repeat of 566386388 found, step 159770
    - repeat of 2650957204 found, step 170223
    - repeat of 2981485774 found, step 172321
    - repeat of 687917212 found, step 201427
    - repeat of 1332603035 found, step 209174
    - repeat of 998560406 found, step 219623
    - repeat of 4195284275 found, step 224248
    - repeat of 3918549698 found, step 249788
    - repeat of 1082852368 found, step 260440
    - repeat of 2388798676 found, step 290445
    - repeat of 2841574587 found, step 298052
    - repeat of 2452737358 found, step 305056
    - repeat of 740556931 found, step 305841
    - repeat of 4003430471 found, step 345722
    - repeat of 3708797142 found, step 365856
    - repeat of 566039345 found, step 368844
    - repeat of 1333276123 found, step 411655
  - Checking PRNG output completed (0.123679 seconds)
- Testing for repeats completed (0.126796 seconds)
---
19 repeats, p-value = 0.470249

Memory usage summary: heap total: 10260088, heap peak: 10260088, stack peak: 5648
         total calls   total memory   failed calls
 malloc|     414470       10260088              0
realloc|          0              0              0  (nomove:0, dec:0, free:0)
 calloc|          0              0              0
   free|     414469       10187384
Histogram for block sizes:
   16-31         414468  99% ==================================================
   large              2  <1% 
