Testing gjrand32
	0..4294967295 is range of generator
	198893 outputs to scan for duplicates [3.03485*sqrt(range)]
	4.60521 duplicates expected on average
	0.00999963 is probability of zero duplicates
	0xe18cfc36 is seed for this run
---
- Testing for repeats started...
  - Allocating memory started...
    - allocated 256 buckets of capacity 971
    - allocated 256 bucket counters
  - Allocating memory completed (1.0941e-05 seconds)
  - Storing PRNG output started...
  - Storing PRNG output completed (0.00126633 seconds)
  - Sorting started...
  - Sorting completed (0.0101794 seconds)
  - Scanning for duplicates started...
    - repeat of 1162094898 found
    - repeat of 8759189 found
    - repeat of 818072472 found
  - Scanning for duplicates completed (0.00019535 seconds)
- Testing for repeats completed (0.0116616 seconds)
---
3 repeats, p-value = 0.324858

Memory usage summary: heap total: 1068032, heap peak: 1068032, stack peak: 5616
         total calls   total memory   failed calls
 malloc|          3        1068032              0
realloc|          0              0              0  (nomove:0, dec:0, free:0)
 calloc|          0              0              0
   free|          0              0
Histogram for block sizes:
 1024-1039            1  33% =========================
   large              2  66% ==================================================
