Testing sfc32
	0..4294967295 is range of generator
	414487 outputs to scan for duplicates [6.32456*sqrt(range)]
	20.0001 duplicates expected on average
	2.06097e-09 is probability of zero duplicates
	0xa748a915 is seed for this run
---
- Testing for repeats started...
  - Allocating memory started...
    - allocated 256 buckets of capacity 2023
    - allocated 256 bucket counters
  - Allocating memory completed (1.9393e-05 seconds)
  - Storing PRNG output started...
  - Storing PRNG output completed (0.00356936 seconds)
  - Sorting started...
  - Sorting completed (0.036934 seconds)
  - Scanning for duplicates started...
    - repeat of 202561026 found
    - repeat of 1692241415 found
    - repeat of 1703522063 found
    - repeat of 3051001918 found
    - repeat of 504437571 found
    - repeat of 290593367 found
    - repeat of 4052849247 found
    - repeat of 977455458 found
    - repeat of 701083513 found
    - repeat of 2001919621 found
    - repeat of 2235578503 found
    - repeat of 626252692 found
    - repeat of 2879699886 found
    - repeat of 2792187318 found
    - repeat of 3264630520 found
    - repeat of 3938302971 found
    - repeat of 243044607 found
  - Scanning for duplicates completed (0.000572258 seconds)
- Testing for repeats completed (0.0411088 seconds)
---
17 repeats, p-value = 0.297021

Memory usage summary: heap total: 2145280, heap peak: 2145280, stack peak: 5616
         total calls   total memory   failed calls
 malloc|          3        2145280              0
realloc|          0              0              0  (nomove:0, dec:0, free:0)
 calloc|          0              0              0
   free|          0              0
Histogram for block sizes:
 1024-1039            1  33% =========================
   large              2  66% ==================================================
