Testing xoroshiro64star32
	0..4294967295 is range of generator
	198893 outputs to scan for duplicates [3.03485*sqrt(range)]
	4.60521 duplicates expected on average
	0.00999963 is probability of zero duplicates
	0x210f263e is seed for this run
---
- Testing for repeats started...
  - Allocating memory started...
    - allocated bloomish filter with 16384 64-bit elements (3 bits/entry)
    - allocated possible-match log with 8192 32-bit elements
  - Allocating memory completed (2.3173e-05 seconds)
  - Phase 1, Gathering repeat candidates started...
    - 5670 repeat candidates found
  - Phase 1, Gathering repeat candidates completed (0.00494089 seconds)
  - Reallocating memory started...
    - Deallocated bloomish filter
    - Allocated hash table of the same size
  - Reallocating memory completed (1.8703e-05 seconds)
  - Phase 2, Storing candidates in hash table started...
  - Phase 2, Storing candidates in hash table completed (8.8249e-05 seconds)
  - Phase 3, Testing candidates started...
    - repeat of 221138864 found, step 102156
    - repeat of 1070809699 found, step 109086
    - repeat of 984014903 found, step 110505
    - repeat of 3763673416 found, step 152695
    - repeat of 2769571774 found, step 161076
  - Phase 3, Testing candidates completed (0.00373114 seconds)
- Testing for repeats completed (0.00882824 seconds)
---
5 repeats, p-value = 1 - 0.315139

Memory usage summary: heap total: 318465, heap peak: 236544, stack peak: 5680
         total calls   total memory   failed calls
 malloc|          5         318465              0
realloc|          0              0              0  (nomove:0, dec:0, free:0)
 calloc|          0              0              0
   free|          4         245761
Histogram for block sizes:
16384-16399           1  20% ================
32768-32783           1  20% ================
   large              3  60% ==================================================
