Testing sfc32
	0..4294967295 is range of generator
	198893 outputs to scan for duplicates [3.03485*sqrt(range)]
	4.60521 duplicates expected on average
	0.00999963 is probability of zero duplicates
	0x23ab5385 is seed for this run
---
- Testing for repeats started...
  - Allocating memory started...
    - allocated array of size 198893.
  - Allocating memory completed (6.393e-06 seconds)
  - Storing PRNG output started...
  - Storing PRNG output completed (0.000625974 seconds)
  - Sorting started...
  - Sorting completed (0.0157613 seconds)
  - Scanning for duplicates started...
    - repeat of 132484854 found
    - repeat of 724487829 found
    - repeat of 773342866 found
    - repeat of 1579425709 found
    - repeat of 2032226975 found
    - repeat of 2246299591 found
    - repeat of 3829448141 found
  - Scanning for duplicates completed (0.000168746 seconds)
- Testing for repeats completed (0.0165766 seconds)
---
7 repeats, p-value = 1 - 0.0955042

Memory usage summary: heap total: 868276, heap peak: 868276, stack peak: 5584
         total calls   total memory   failed calls
 malloc|          2         868276              0
realloc|          0              0              0  (nomove:0, dec:0, free:0)
 calloc|          0              0              0
   free|          0              0
Histogram for block sizes:
   large              2 100% ==================================================
