Testing xoroshiro64plus32
	0..4294967295 is range of generator
	414487 outputs to scan for duplicates [6.32456*sqrt(range)]
	20.0001 duplicates expected on average
	2.06097e-09 is probability of zero duplicates
	0x942ec1d6 is seed for this run
---
- Testing for repeats started...
  - Allocating memory started...
    - allocated bloomish filter with 32768 64-bit elements (3 bits/entry)
    - allocated possible-match log with 16384 32-bit elements
  - Allocating memory completed (1.0466e-05 seconds)
  - Phase 1, Gathering repeat candidates started...
    - 15291 repeat candidates found
  - Phase 1, Gathering repeat candidates completed (0.00566836 seconds)
  - Reallocating memory started...
    - Deallocated bloomish filter
    - Allocated hash table of the same size
  - Reallocating memory completed (9.1319e-05 seconds)
  - Phase 2, Storing candidates in hash table started...
  - Phase 2, Storing candidates in hash table completed (0.000143788 seconds)
  - Phase 3, Testing candidates started...
    - repeat of 1873791505 found, step 53195
    - repeat of 370481438 found, step 56100
    - repeat of 3871779354 found, step 131175
    - repeat of 3756014354 found, step 134606
    - repeat of 255178057 found, step 164748
    - repeat of 2599943701 found, step 170006
    - repeat of 1235728468 found, step 215425
    - repeat of 4241188258 found, step 255947
    - repeat of 1835580699 found, step 287815
    - repeat of 598251579 found, step 306398
    - repeat of 731289037 found, step 319139
    - repeat of 2269069455 found, step 329282
    - repeat of 99156444 found, step 338127
    - repeat of 3465705494 found, step 400869
    - repeat of 3454896637 found, step 407750
  - Phase 3, Testing candidates completed (0.00644416 seconds)
- Testing for repeats completed (0.0123759 seconds)
---
15 repeats, p-value = 0.156508

Memory usage summary: heap total: 564225, heap peak: 400384, stack peak: 5680
         total calls   total memory   failed calls
 malloc|          5         564225              0
realloc|          0              0              0  (nomove:0, dec:0, free:0)
 calloc|          0              0              0
   free|          4         491521
Histogram for block sizes:
32768-32783           1  20% ============
   large              4  80% ==================================================
