Testing xoroshiro64plus32
	0..4294967295 is range of generator
	414487 outputs to scan for duplicates [6.32456*sqrt(range)]
	20.0001 duplicates expected on average
	2.06097e-09 is probability of zero duplicates
	0xf20e0ded is seed for this run
---
- Testing for repeats started...
  - Allocating memory started...
    - allocated array of size 414487.
  - Allocating memory completed (4.766e-06 seconds)
  - Storing PRNG output started...
  - Storing PRNG output completed (0.00140146 seconds)
  - Sorting started...
  - Sorting completed (0.0458809 seconds)
  - Scanning for duplicates started...
    - repeat of 171350577 found
    - repeat of 299195959 found
    - repeat of 389746774 found
    - repeat of 485075597 found
    - repeat of 588453191 found
    - repeat of 622142182 found
    - repeat of 903724720 found
    - repeat of 1366356871 found
    - repeat of 1549787123 found
    - repeat of 1654283606 found
    - repeat of 1984481870 found
    - repeat of 1998799762 found
    - repeat of 2044770701 found
    - repeat of 2105899931 found
    - repeat of 2193940842 found
    - repeat of 2510909560 found
    - repeat of 3160057974 found
    - repeat of 3580661832 found
    - repeat of 3920895108 found
    - repeat of 4001795099 found
  - Scanning for duplicates completed (0.000349995 seconds)
- Testing for repeats completed (0.0476493 seconds)
---
20 repeats, p-value = 1 - 0.440915

Memory usage summary: heap total: 1730652, heap peak: 1730652, stack peak: 5568
         total calls   total memory   failed calls
 malloc|          2        1730652              0
realloc|          0              0              0  (nomove:0, dec:0, free:0)
 calloc|          0              0              0
   free|          0              0
Histogram for block sizes:
   large              2 100% ==================================================
