Testing jsf32
	0..4294967295 is range of generator
	198893 outputs to scan for duplicates [3.03485*sqrt(range)]
	4.60521 duplicates expected on average
	0.00999963 is probability of zero duplicates
	0x243e6681 is seed for this run
---
- Testing for repeats started...
  - Allocating memory started...
    - allocated hash table of reserved for 198893 elements
  - Allocating memory completed (0.00141614 seconds)
  - Checking PRNG output started...
    - repeat of 1908391433 found, step 39349
    - repeat of 2169185674 found, step 67872
    - repeat of 931786126 found, step 113692
    - repeat of 2796877144 found, step 115533
    - repeat of 2888626606 found, step 123037
    - repeat of 3686559405 found, step 125607
    - repeat of 4006629639 found, step 175423
  - Checking PRNG output completed (0.0465795 seconds)
- Testing for repeats completed (0.0480138 seconds)
---
7 repeats, p-value = 1 - 0.0955042

Memory usage summary: heap total: 4874152, heap peak: 4874152, stack peak: 5648
         total calls   total memory   failed calls
 malloc|     198888        4874152              0
realloc|          0              0              0  (nomove:0, dec:0, free:0)
 calloc|          0              0              0
   free|     198887        4801448
Histogram for block sizes:
   16-31         198886  99% ==================================================
   large              2  <1% 
