Testing std::mt19937
	0..4294967295 is range of generator
	414487 outputs to scan for duplicates [6.32456*sqrt(range)]
	20.0001 duplicates expected on average
	2.06097e-09 is probability of zero duplicates
	0x2490295c is seed for this run
---
- Testing for repeats started...
  - Allocating memory started...
    - allocated hash table of reserved for 414487 elements
  - Allocating memory completed (0.00145433 seconds)
  - Checking PRNG output started...
    - repeat of 2999619618 found, step 92860
    - repeat of 2302934984 found, step 93795
    - repeat of 418796590 found, step 166755
    - repeat of 371105846 found, step 180909
    - repeat of 3791617183 found, step 197994
    - repeat of 3951471144 found, step 235939
    - repeat of 1348532311 found, step 271370
    - repeat of 331115726 found, step 284972
    - repeat of 2979103925 found, step 307823
    - repeat of 3403401175 found, step 347755
    - repeat of 1304514770 found, step 351608
    - repeat of 4183040976 found, step 362262
    - repeat of 2986499296 found, step 363961
    - repeat of 1534272935 found, step 397401
    - repeat of 2023850551 found, step 406465
  - Checking PRNG output completed (0.113218 seconds)
- Testing for repeats completed (0.114688 seconds)
---
15 repeats, p-value = 0.156508

Memory usage summary: heap total: 10260152, heap peak: 10260152, stack peak: 10608
         total calls   total memory   failed calls
 malloc|     414474       10260152              0
realloc|          0              0              0  (nomove:0, dec:0, free:0)
 calloc|          0              0              0
   free|     414473       10187448
Histogram for block sizes:
   16-31         414472  99% ==================================================
   large              2  <1% 
