Testing xoroshiro64starstar32
	0..4294967295 is range of generator
	198893 outputs to scan for duplicates [3.03485*sqrt(range)]
	4.60521 duplicates expected on average
	0.00999963 is probability of zero duplicates
	0x4ffc4d85 is seed for this run
---
- Testing for repeats started...
  - Allocating memory started...
    - allocated hash table of reserved for 198893 elements
  - Allocating memory completed (0.000925134 seconds)
  - Checking PRNG output started...
    - repeat of 1811335161 found, step 161651
  - Checking PRNG output completed (0.037421 seconds)
- Testing for repeats completed (0.0383602 seconds)
---
1 repeats, p-value = 0.05605

Memory usage summary: heap total: 4874248, heap peak: 4874248, stack peak: 5648
         total calls   total memory   failed calls
 malloc|     198894        4874248              0
realloc|          0              0              0  (nomove:0, dec:0, free:0)
 calloc|          0              0              0
   free|     198893        4801544
Histogram for block sizes:
   16-31         198892  99% ==================================================
   large              2  <1% 
