- bump_allocator_static< std::__detail::_Hash_node<unsigned int, false> > (item size = 16) at 0x6042d0 created!
- bump_allocator_static< std::__detail::_Hash_node_base* > (item size = 8) at 0x604310 created!
- mempool at 0x604298 allocated new chunk at 0x7ffa36c27020
- mempool at 0x604298 deallocated chunk at 0x7ffa36c27020
Testing pcg32_fast
	0..4294967295 is range of generator
	414487 outputs to scan for duplicates [6.32456*sqrt(range)]
	20.0001 duplicates expected on average
	2.06097e-09 is probability of zero duplicates
	0x4304b162 is seed for this run
---
- Testing for repeats started...
  - Allocating memory started...
    - allocated hash table of reserved for 414487 elements
  - Allocating memory completed (0.00218833 seconds)
  - Checking PRNG output started...
    - repeat of 3385035165 found, step 89786
    - repeat of 552357419 found, step 99293
    - repeat of 1163706474 found, step 119394
    - repeat of 805823036 found, step 169211
    - repeat of 3967034172 found, step 181935
    - repeat of 4136055965 found, step 186523
    - repeat of 121316072 found, step 206709
    - repeat of 1235730556 found, step 215636
    - repeat of 3082200211 found, step 240547
    - repeat of 3285159074 found, step 281987
    - repeat of 2332692104 found, step 283472
    - repeat of 2426212759 found, step 292575
    - repeat of 3467988875 found, step 296716
    - repeat of 221445375 found, step 316705
    - repeat of 770991227 found, step 318247
    - repeat of 1337152135 found, step 326271
    - repeat of 3883051148 found, step 347063
    - repeat of 337375309 found, step 377123
    - repeat of 1536307579 found, step 385981
    - repeat of 3974081781 found, step 386905
    - repeat of 521059426 found, step 399410
    - repeat of 3477403039 found, step 411563
  - Checking PRNG output completed (0.0378864 seconds)
- Testing for repeats completed (0.0400868 seconds)
---
22 repeats, p-value = 1 - 0.279396
- bump_allocator_static< std::__detail::_Hash_node_base* > at 0x604310 destroyed!
 - total_allocations_  = 1
 - active_allocations_ = 0
 - high_allocations_   = 1
 - total_mem_  = 3555896
 - active_mem_ = 0
 - high_mem_   = 3555896
- bump_allocator_static< std::__detail::_Hash_node<unsigned int, false> > at 0x6042d0 destroyed!
 - total_allocations_  = 414465
 - active_allocations_ = 0
 - high_allocations_   = 414465
 - total_mem_  = 6631440
 - active_mem_ = 0
 - high_mem_   = 6631440

Memory usage summary: heap total: 1073815760, heap peak: 1073815568, stack peak: 2816
         total calls   total memory   failed calls
 malloc|          5     1073815568              0
realloc|          4            192              0  (nomove:0, dec:0, free:0)
 calloc|          0              0              0
   free|          6     1073742032
Histogram for block sizes:
   16-31              1  11% =========================
   32-47              2  22% ==================================================
   64-79              2  22% ==================================================
  512-527             2  22% ==================================================
   large              2  22% ==================================================
