- bump_allocator_static< std::__detail::_Hash_node<unsigned int, false> > (item size = 16) at 0x6042f0 created!
- bump_allocator_static< std::__detail::_Hash_node_base* > (item size = 8) at 0x604330 created!
- mempool at 0x6042b8 allocated new chunk at 0x7f53d96ff020
- mempool at 0x6042b8 deallocated chunk at 0x7f53d96ff020
Testing xorshift64star32a
	0..4294967295 is range of generator
	414487 outputs to scan for duplicates [6.32456*sqrt(range)]
	19.9994 duplicates expected on average
	2.06239e-09 is probability of zero duplicates
	0x6ee78ff is seed for this run
---
- Testing for repeats started...
  - Allocating memory started...
    - allocated hash table of reserved for 414487 elements
  - Allocating memory completed (0.00245626 seconds)
  - Checking PRNG output started...
    - repeat of 2117554773 found, step 49338
    - repeat of 2512923922 found, step 81963
    - repeat of 1982969632 found, step 95880
    - repeat of 1241844681 found, step 96776
    - repeat of 3745794401 found, step 124023
    - repeat of 1246291364 found, step 143333
    - repeat of 3396894053 found, step 153144
    - repeat of 1963503938 found, step 180916
    - repeat of 1314617885 found, step 186476
    - repeat of 661108915 found, step 205145
    - repeat of 2999690818 found, step 210182
    - repeat of 3683017624 found, step 232354
    - repeat of 1462175153 found, step 241177
    - repeat of 276658117 found, step 243230
    - repeat of 3074485228 found, step 267752
    - repeat of 2406972844 found, step 286731
    - repeat of 3735974421 found, step 295126
    - repeat of 3289191929 found, step 299100
    - repeat of 2364528127 found, step 304666
    - repeat of 3748273470 found, step 307766
    - repeat of 1758723667 found, step 325567
    - repeat of 3706729568 found, step 341743
    - repeat of 1925910020 found, step 351311
    - repeat of 4114144121 found, step 358414
    - repeat of 1468028280 found, step 367948
    - repeat of 3976280351 found, step 371266
    - repeat of 1006143799 found, step 393145
    - repeat of 1941405081 found, step 400246
    - repeat of 3574977209 found, step 402342
    - repeat of 145024379 found, step 411417
  - Checking PRNG output completed (0.0430089 seconds)
- Testing for repeats completed (0.0454816 seconds)
---
30 repeats, p-value = 1 - 0.0134697
- bump_allocator_static< std::__detail::_Hash_node_base* > at 0x604330 destroyed!
 - total_allocations_  = 1
 - active_allocations_ = 0
 - high_allocations_   = 1
 - total_mem_  = 3555896
 - active_mem_ = 0
 - high_mem_   = 3555896
- bump_allocator_static< std::__detail::_Hash_node<unsigned int, false> > at 0x6042f0 destroyed!
 - total_allocations_  = 414457
 - active_allocations_ = 0
 - high_allocations_   = 414457
 - total_mem_  = 6631312
 - active_mem_ = 0
 - high_mem_   = 6631312

Memory usage summary: heap total: 1073815760, heap peak: 1073815568, stack peak: 2816
         total calls   total memory   failed calls
 malloc|          5     1073815568              0
realloc|          4            192              0  (nomove:0, dec:0, free:0)
 calloc|          0              0              0
   free|          6     1073742032
Histogram for block sizes:
   16-31              1  11% =========================
   32-47              2  22% ==================================================
   64-79              2  22% ==================================================
  512-527             2  22% ==================================================
   large              2  22% ==================================================
