- bump_allocator_static< std::__detail::_Hash_node<unsigned int, false> > (item size = 16) at 0x6042d0 created!
- bump_allocator_static< std::__detail::_Hash_node_base* > (item size = 8) at 0x604310 created!
- mempool at 0x604298 allocated new chunk at 0x7f43257fc020
- mempool at 0x604298 deallocated chunk at 0x7f43257fc020
Testing pcg32
	0..4294967295 is range of generator
	414487 outputs to scan for duplicates [6.32456*sqrt(range)]
	20.0001 duplicates expected on average
	2.06097e-09 is probability of zero duplicates
	0x1bd49d3f is seed for this run
---
- Testing for repeats started...
  - Allocating memory started...
    - allocated hash table of reserved for 414487 elements
  - Allocating memory completed (0.00154019 seconds)
  - Checking PRNG output started...
    - repeat of 453757464 found, step 79914
    - repeat of 2681303412 found, step 107067
    - repeat of 3424530037 found, step 120593
    - repeat of 77583480 found, step 121634
    - repeat of 3352363317 found, step 165399
    - repeat of 1104298350 found, step 192571
    - repeat of 1460365148 found, step 236433
    - repeat of 2197825797 found, step 250791
    - repeat of 3936392450 found, step 258318
    - repeat of 2484169046 found, step 273750
    - repeat of 1306198913 found, step 293622
    - repeat of 2350337724 found, step 294556
    - repeat of 1071838121 found, step 323883
    - repeat of 2168381417 found, step 330561
    - repeat of 4042800143 found, step 332684
    - repeat of 1994162904 found, step 349063
    - repeat of 714324239 found, step 350294
    - repeat of 201427415 found, step 353796
    - repeat of 3654596842 found, step 373305
    - repeat of 1454060948 found, step 394224
    - repeat of 915791764 found, step 406555
    - repeat of 1879299648 found, step 407366
  - Checking PRNG output completed (0.0418826 seconds)
- Testing for repeats completed (0.0434365 seconds)
---
22 repeats, p-value = 1 - 0.279396
- bump_allocator_static< std::__detail::_Hash_node_base* > at 0x604310 destroyed!
 - total_allocations_  = 1
 - active_allocations_ = 0
 - high_allocations_   = 1
 - total_mem_  = 3555896
 - active_mem_ = 0
 - high_mem_   = 3555896
- bump_allocator_static< std::__detail::_Hash_node<unsigned int, false> > at 0x6042d0 destroyed!
 - total_allocations_  = 414465
 - active_allocations_ = 0
 - high_allocations_   = 414465
 - total_mem_  = 6631440
 - active_mem_ = 0
 - high_mem_   = 6631440

Memory usage summary: heap total: 1073815760, heap peak: 1073815568, stack peak: 2816
         total calls   total memory   failed calls
 malloc|          5     1073815568              0
realloc|          4            192              0  (nomove:0, dec:0, free:0)
 calloc|          0              0              0
   free|          6     1073742032
Histogram for block sizes:
   16-31              1  11% =========================
   32-47              2  22% ==================================================
   64-79              2  22% ==================================================
  512-527             2  22% ==================================================
   large              2  22% ==================================================
