Testing pcg32_fast
	0..4294967295 is range of generator
	414487 outputs to scan for duplicates [6.32456*sqrt(range)]
	20.0001 duplicates expected on average
	2.06097e-09 is probability of zero duplicates
	0x94bd2ce is seed for this run
---
- Testing for repeats started...
  - Allocating memory started...
    - allocated hash table of reserved for 414487 elements
  - Allocating memory completed (0.00313194 seconds)
  - Checking PRNG output started...
    - repeat of 3163560146 found, step 47219
    - repeat of 2116238213 found, step 92902
    - repeat of 681081282 found, step 104372
    - repeat of 3751004994 found, step 142417
    - repeat of 683342007 found, step 156441
    - repeat of 4201043540 found, step 172819
    - repeat of 3389281549 found, step 185418
    - repeat of 4115397789 found, step 243666
    - repeat of 3428291236 found, step 244775
    - repeat of 1179687211 found, step 274972
    - repeat of 3493449406 found, step 294943
    - repeat of 3461442589 found, step 300130
    - repeat of 1455530785 found, step 312728
    - repeat of 253097708 found, step 345881
    - repeat of 2877778732 found, step 350730
    - repeat of 1431285554 found, step 356227
    - repeat of 448497690 found, step 363367
    - repeat of 448594649 found, step 376385
    - repeat of 3740537861 found, step 381808
    - repeat of 586453085 found, step 385804
    - repeat of 491799350 found, step 386411
    - repeat of 2488784498 found, step 388507
    - repeat of 3361614499 found, step 396598
    - repeat of 1899779696 found, step 409838
  - Checking PRNG output completed (0.120633 seconds)
- Testing for repeats completed (0.123782 seconds)
---
24 repeats, p-value = 1 - 0.156778

Memory usage summary: heap total: 10260008, heap peak: 10260008, stack peak: 5648
         total calls   total memory   failed calls
 malloc|     414465       10260008              0
realloc|          0              0              0  (nomove:0, dec:0, free:0)
 calloc|          0              0              0
   free|     414464       10187304
Histogram for block sizes:
   16-31         414463  99% ==================================================
   large              2  <1% 
