Testing sfc32
	0..4294967295 is range of generator
	414487 outputs to scan for duplicates [6.32456*sqrt(range)]
	20.0001 duplicates expected on average
	2.06097e-09 is probability of zero duplicates
	0xf1217de8 is seed for this run
---
- Testing for repeats started...
  - Allocating memory started...
    - allocated array of size 414487.
  - Allocating memory completed (8.75e-06 seconds)
  - Storing PRNG output started...
  - Storing PRNG output completed (0.0025926 seconds)
  - Sorting started...
  - Sorting completed (0.0582419 seconds)
  - Scanning for duplicates started...
    - repeat of 132909490 found
    - repeat of 289880691 found
    - repeat of 762088256 found
    - repeat of 936030214 found
    - repeat of 1271579988 found
    - repeat of 1491636865 found
    - repeat of 1685512436 found
    - repeat of 1687615048 found
    - repeat of 1791764524 found
    - repeat of 1890245995 found
    - repeat of 2212168129 found
    - repeat of 2222962062 found
    - repeat of 2392275383 found
    - repeat of 2563762525 found
    - repeat of 2719383601 found
    - repeat of 2952971664 found
    - repeat of 3313039509 found
    - repeat of 3672087136 found
    - repeat of 3891377045 found
  - Scanning for duplicates completed (0.000498634 seconds)
- Testing for repeats completed (0.0613596 seconds)
---
19 repeats, p-value = 0.470249

Memory usage summary: heap total: 1730652, heap peak: 1730652, stack peak: 5584
         total calls   total memory   failed calls
 malloc|          2        1730652              0
realloc|          0              0              0  (nomove:0, dec:0, free:0)
 calloc|          0              0              0
   free|          0              0
Histogram for block sizes:
   large              2 100% ==================================================
