Testing jsf32
	0..4294967295 is range of generator
	414487 outputs to scan for duplicates [6.32456*sqrt(range)]
	20.0001 duplicates expected on average
	2.06097e-09 is probability of zero duplicates
	0x5c748c22 is seed for this run
---
- Testing for repeats started...
  - Allocating memory started...
    - allocated hash table of reserved for 414487 elements
  - Allocating memory completed (0.00245915 seconds)
  - Checking PRNG output started...
    - repeat of 3145501651 found, step 49405
    - repeat of 1110785168 found, step 69404
    - repeat of 1401543539 found, step 83668
    - repeat of 1019162257 found, step 90371
    - repeat of 219334470 found, step 166283
    - repeat of 3579101328 found, step 226469
    - repeat of 1708027827 found, step 246258
    - repeat of 3731462726 found, step 258877
    - repeat of 2493130399 found, step 271695
    - repeat of 1448928583 found, step 279730
    - repeat of 3224086475 found, step 293587
    - repeat of 4035781628 found, step 306275
    - repeat of 2114035227 found, step 341188
    - repeat of 811020798 found, step 376312
    - repeat of 2106804471 found, step 393063
    - repeat of 2032116330 found, step 394706
  - Checking PRNG output completed (0.12693 seconds)
- Testing for repeats completed (0.129406 seconds)
---
16 repeats, p-value = 0.221068

Memory usage summary: heap total: 10260136, heap peak: 10260136, stack peak: 5648
         total calls   total memory   failed calls
 malloc|     414473       10260136              0
realloc|          0              0              0  (nomove:0, dec:0, free:0)
 calloc|          0              0              0
   free|     414472       10187432
Histogram for block sizes:
   16-31         414471  99% ==================================================
   large              2  <1% 
