Testing sfc32
	0..4294967295 is range of generator
	414487 outputs to scan for duplicates [6.32456*sqrt(range)]
	20.0001 duplicates expected on average
	2.06097e-09 is probability of zero duplicates
	0x2eb4350e is seed for this run
---
- Testing for repeats started...
  - Allocating memory started...
    - allocated array of size 414487.
  - Allocating memory completed (5.287e-06 seconds)
  - Storing PRNG output started...
  - Storing PRNG output completed (0.00154075 seconds)
  - Sorting started...
  - Sorting completed (0.0388423 seconds)
  - Scanning for duplicates started...
    - repeat of 179407920 found
    - repeat of 194449657 found
    - repeat of 303213352 found
    - repeat of 826148416 found
    - repeat of 949969610 found
    - repeat of 971991681 found
    - repeat of 1015503137 found
    - repeat of 1067952122 found
    - repeat of 1081660139 found
    - repeat of 1374896015 found
    - repeat of 1509839891 found
    - repeat of 1769614790 found
    - repeat of 2218770698 found
    - repeat of 2473905473 found
    - repeat of 2514168893 found
    - repeat of 2786302241 found
    - repeat of 3204439566 found
    - repeat of 3528781959 found
    - repeat of 3745440536 found
    - repeat of 4226332678 found
  - Scanning for duplicates completed (0.000404769 seconds)
- Testing for repeats completed (0.0408074 seconds)
---
20 repeats, p-value = 1 - 0.440915

Memory usage summary: heap total: 1730652, heap peak: 1730652, stack peak: 5584
         total calls   total memory   failed calls
 malloc|          2        1730652              0
realloc|          0              0              0  (nomove:0, dec:0, free:0)
 calloc|          0              0              0
   free|          0              0
Histogram for block sizes:
   large              2 100% ==================================================
