Testing xoroshiro64starstar32
	0..4294967295 is range of generator
	414487 outputs to scan for duplicates [6.32456*sqrt(range)]
	20.0001 duplicates expected on average
	2.06097e-09 is probability of zero duplicates
	0x430d2f42 is seed for this run
---
- Testing for repeats started...
  - Allocating memory started...
    - allocated array of size 414487.
  - Allocating memory completed (5.789e-06 seconds)
  - Storing PRNG output started...
  - Storing PRNG output completed (0.00171311 seconds)
  - Sorting started...
  - Sorting completed (0.0351423 seconds)
  - Scanning for duplicates started...
    - repeat of 29405445 found
    - repeat of 44599320 found
    - repeat of 239621867 found
    - repeat of 558683476 found
    - repeat of 593182970 found
    - repeat of 862260236 found
    - repeat of 1552525377 found
    - repeat of 1922229772 found
    - repeat of 2080651887 found
    - repeat of 2273161021 found
    - repeat of 2291738850 found
    - repeat of 2393507595 found
    - repeat of 2560852718 found
    - repeat of 2767451006 found
    - repeat of 2963457013 found
    - repeat of 3346370061 found
    - repeat of 3455611621 found
    - repeat of 3575144932 found
    - repeat of 3602955850 found
    - repeat of 3606358379 found
    - repeat of 3649326412 found
    - repeat of 3888895165 found
    - repeat of 3979105452 found
  - Scanning for duplicates completed (0.000350379 seconds)
- Testing for repeats completed (0.0372262 seconds)
---
23 repeats, p-value = 1 - 0.212513

Memory usage summary: heap total: 1730652, heap peak: 1730652, stack peak: 5568
         total calls   total memory   failed calls
 malloc|          2        1730652              0
realloc|          0              0              0  (nomove:0, dec:0, free:0)
 calloc|          0              0              0
   free|          0              0
Histogram for block sizes:
   large              2 100% ==================================================
