Testing xorshift64star32a
	0..4294967295 is range of generator
	198893 outputs to scan for duplicates [3.03485*sqrt(range)]
	4.60511 duplicates expected on average
	0.0100006 is probability of zero duplicates
	0x2ec231f5 is seed for this run
---
- Testing for repeats started...
  - Allocating memory started...
    - allocated array of size 198893.
  - Allocating memory completed (9.153e-06 seconds)
  - Storing PRNG output started...
  - Storing PRNG output completed (0.00155214 seconds)
  - Sorting started...
  - Sorting completed (0.0294177 seconds)
  - Scanning for duplicates started...
    - repeat of 1634448945 found
    - repeat of 2594774510 found
    - repeat of 3065999685 found
    - repeat of 3818551702 found
  - Scanning for duplicates completed (0.000295155 seconds)
- Testing for repeats completed (0.031297 seconds)
---
4 repeats, p-value = 1 - 0.487724

Memory usage summary: heap total: 868276, heap peak: 868276, stack peak: 5568
         total calls   total memory   failed calls
 malloc|          2         868276              0
realloc|          0              0              0  (nomove:0, dec:0, free:0)
 calloc|          0              0              0
   free|          0              0
Histogram for block sizes:
   large              2 100% ==================================================
