- bump_allocator_static< std::__detail::_Hash_node<unsigned int, false> > (item size = 16) at 0x6042d0 created!
- bump_allocator_static< std::__detail::_Hash_node_base* > (item size = 8) at 0x604310 created!
- mempool at 0x604298 allocated new chunk at 0x7f7256169020
- mempool at 0x604298 deallocated chunk at 0x7f7256169020
Testing pcg32
	0..4294967295 is range of generator
	198893 outputs to scan for duplicates [3.03485*sqrt(range)]
	4.60521 duplicates expected on average
	0.00999963 is probability of zero duplicates
	0xa49ca18c is seed for this run
---
- Testing for repeats started...
  - Allocating memory started...
    - allocated hash table of reserved for 198893 elements
  - Allocating memory completed (0.00130495 seconds)
  - Checking PRNG output started...
    - repeat of 3673771950 found, step 11061
    - repeat of 2298709441 found, step 13039
    - repeat of 2825187727 found, step 107939
    - repeat of 1798775388 found, step 144049
    - repeat of 1107529906 found, step 152424
    - repeat of 4031849339 found, step 156143
    - repeat of 1077980329 found, step 182271
    - repeat of 4228087386 found, step 185372
  - Checking PRNG output completed (0.0238222 seconds)
- Testing for repeats completed (0.0251624 seconds)
---
8 repeats, p-value = 1 - 0.0453327
- bump_allocator_static< std::__detail::_Hash_node_base* > at 0x604310 destroyed!
 - total_allocations_  = 1
 - active_allocations_ = 0
 - high_allocations_   = 1
 - total_mem_  = 1619272
 - active_mem_ = 0
 - high_mem_   = 1619272
- bump_allocator_static< std::__detail::_Hash_node<unsigned int, false> > at 0x6042d0 destroyed!
 - total_allocations_  = 198885
 - active_allocations_ = 0
 - high_allocations_   = 198885
 - total_mem_  = 3182160
 - active_mem_ = 0
 - high_mem_   = 3182160

Memory usage summary: heap total: 1073815760, heap peak: 1073815568, stack peak: 2816
         total calls   total memory   failed calls
 malloc|          5     1073815568              0
realloc|          4            192              0  (nomove:0, dec:0, free:0)
 calloc|          0              0              0
   free|          6     1073742032
Histogram for block sizes:
   16-31              1  11% =========================
   32-47              2  22% ==================================================
   64-79              2  22% ==================================================
  512-527             2  22% ==================================================
   large              2  22% ==================================================
