Testing pcg32_fast
	0..4294967295 is range of generator
	414487 outputs to scan for duplicates [6.32456*sqrt(range)]
	20.0001 duplicates expected on average
	2.06097e-09 is probability of zero duplicates
	0xea8c01f2 is seed for this run
---
- Testing for repeats started...
  - Allocating memory started...
    - allocated array of size 414487.
  - Allocating memory completed (9.083e-06 seconds)
  - Storing PRNG output started...
  - Storing PRNG output completed (0.00207447 seconds)
  - Sorting started...
  - Sorting completed (0.0570711 seconds)
  - Scanning for duplicates started...
    - repeat of 7438246 found
    - repeat of 60352829 found
    - repeat of 160108539 found
    - repeat of 296361693 found
    - repeat of 306966430 found
    - repeat of 327715397 found
    - repeat of 333030404 found
    - repeat of 427314472 found
    - repeat of 484567606 found
    - repeat of 507201058 found
    - repeat of 674230849 found
    - repeat of 699739672 found
    - repeat of 703394944 found
    - repeat of 1175504291 found
    - repeat of 1249274791 found
    - repeat of 1374617508 found
    - repeat of 2260496182 found
    - repeat of 2434380909 found
    - repeat of 2700847593 found
    - repeat of 2857495559 found
    - repeat of 3013783840 found
    - repeat of 3159872243 found
    - repeat of 3193047354 found
    - repeat of 3275542815 found
    - repeat of 3377418977 found
    - repeat of 3421360726 found
    - repeat of 3535815496 found
    - repeat of 3577628155 found
    - repeat of 3948519570 found
    - repeat of 4272968261 found
  - Scanning for duplicates completed (0.000468062 seconds)
- Testing for repeats completed (0.0596353 seconds)
---
30 repeats, p-value = 1 - 0.0134754

Memory usage summary: heap total: 1730652, heap peak: 1730652, stack peak: 5584
         total calls   total memory   failed calls
 malloc|          2        1730652              0
realloc|          0              0              0  (nomove:0, dec:0, free:0)
 calloc|          0              0              0
   free|          0              0
Histogram for block sizes:
   large              2 100% ==================================================
