Testing xoroshiro64star32
	0..4294967295 is range of generator
	414487 outputs to scan for duplicates [6.32456*sqrt(range)]
	20.0001 duplicates expected on average
	2.06097e-09 is probability of zero duplicates
	0x3a182d79 is seed for this run
---
- Testing for repeats started...
  - Allocating memory started...
    - allocated 256 buckets of capacity 2023
    - allocated 256 bucket counters
  - Allocating memory completed (1.9723e-05 seconds)
  - Storing PRNG output started...
  - Storing PRNG output completed (0.00327934 seconds)
  - Sorting started...
  - Sorting completed (0.0370138 seconds)
  - Scanning for duplicates started...
    - repeat of 3847631363 found
    - repeat of 1380558343 found
    - repeat of 1040442390 found
    - repeat of 2439370555 found
    - repeat of 1265685575 found
    - repeat of 2911601992 found
    - repeat of 1712373329 found
    - repeat of 3639122532 found
    - repeat of 2460212329 found
    - repeat of 3226197619 found
    - repeat of 2286016126 found
    - repeat of 3712343953 found
    - repeat of 3158525906 found
    - repeat of 671018985 found
    - repeat of 1688359922 found
  - Scanning for duplicates completed (0.000574337 seconds)
- Testing for repeats completed (0.0409027 seconds)
---
15 repeats, p-value = 0.156508

Memory usage summary: heap total: 2145280, heap peak: 2145280, stack peak: 5616
         total calls   total memory   failed calls
 malloc|          3        2145280              0
realloc|          0              0              0  (nomove:0, dec:0, free:0)
 calloc|          0              0              0
   free|          0              0
Histogram for block sizes:
 1024-1039            1  33% =========================
   large              2  66% ==================================================
