Testing pcg64_fast
	0..18446744073709551615 is range of generator
	13034599790 outputs to scan for duplicates [3.03485*sqrt(range)]
	4.60517 duplicates expected on average
	0.01 is probability of zero duplicates
	0x7b3d5b59 is seed for this run
---
- Testing for repeats started...
  - Allocating memory started...
    - allocated 65536 buckets of capacity 248615
    - allocated 65536 bucket counters
  - Allocating memory completed (0.000343149 seconds)
  - Storing PRNG output started...
  - Storing PRNG output completed (608.793 seconds)
  - Sorting started...
  - Sorting completed (1031.84 seconds)
  - Scanning for duplicates started...
    - repeat of 3449215966928766687 found
    - repeat of 7501723278041355014 found
    - repeat of 2650537293113667674 found
    - repeat of 4186903572376407524 found
    - repeat of 6910207830320246269 found
    - repeat of 14810078835024047650 found
    - repeat of 6621164534047357727 found
    - repeat of 5033950100451478205 found
    - repeat of 16428252638272807446 found
  - Scanning for duplicates completed (15.7085 seconds)
- Testing for repeats completed (1656.35 seconds)
---
9 repeats, p-value = 1 - 0.0196595

Memory usage summary: heap total: 130346458112, heap peak: 130346458112, stack peak: 5616
         total calls   total memory   failed calls
 malloc|          3   130346458112              0
realloc|          0              0              0  (nomove:0, dec:0, free:0)
 calloc|          0              0              0
   free|          0              0
Histogram for block sizes:
   large              3 100% ==================================================
