Testing gjrand32
	0..4294967295 is range of generator
	414487 outputs to scan for duplicates [6.32456*sqrt(range)]
	20.0001 duplicates expected on average
	2.06097e-09 is probability of zero duplicates
	0x1b01af62 is seed for this run
---
- Testing for repeats started...
  - Allocating memory started...
    - allocated hash table of reserved for 414487 elements
  - Allocating memory completed (0.00222108 seconds)
  - Checking PRNG output started...
    - repeat of 589247834 found, step 137166
    - repeat of 2653926794 found, step 139852
    - repeat of 3198394210 found, step 158541
    - repeat of 13230059 found, step 162348
    - repeat of 1009294851 found, step 197152
    - repeat of 2264384531 found, step 230485
    - repeat of 3081141531 found, step 232555
    - repeat of 2292523551 found, step 264060
    - repeat of 1054557357 found, step 278487
    - repeat of 3338021955 found, step 280779
    - repeat of 765103379 found, step 282238
    - repeat of 2407926727 found, step 294334
    - repeat of 1740854050 found, step 307311
    - repeat of 2941310630 found, step 338232
    - repeat of 2389165750 found, step 346975
    - repeat of 2690929030 found, step 354760
    - repeat of 2995164492 found, step 358397
    - repeat of 4156511543 found, step 392092
    - repeat of 2845228249 found, step 406935
  - Checking PRNG output completed (0.129917 seconds)
- Testing for repeats completed (0.132157 seconds)
---
19 repeats, p-value = 0.470249

Memory usage summary: heap total: 10260088, heap peak: 10260088, stack peak: 5648
         total calls   total memory   failed calls
 malloc|     414470       10260088              0
realloc|          0              0              0  (nomove:0, dec:0, free:0)
 calloc|          0              0              0
   free|     414469       10187384
Histogram for block sizes:
   16-31         414468  99% ==================================================
   large              2  <1% 
