Testing sfc32
	0..4294967295 is range of generator
	414487 outputs to scan for duplicates [6.32456*sqrt(range)]
	20.0001 duplicates expected on average
	2.06097e-09 is probability of zero duplicates
	0x69a2f4a3 is seed for this run
---
- Testing for repeats started...
  - Allocating memory started...
    - allocated bloomish filter with 32768 64-bit elements (3 bits/entry)
    - allocated possible-match log with 16384 32-bit elements
  - Allocating memory completed (1.815e-05 seconds)
  - Phase 1, Gathering repeat candidates started...
    - 15375 repeat candidates found
  - Phase 1, Gathering repeat candidates completed (0.00780142 seconds)
  - Reallocating memory started...
    - Deallocated bloomish filter
    - Allocated hash table of the same size
  - Reallocating memory completed (0.000129506 seconds)
  - Phase 2, Storing candidates in hash table started...
  - Phase 2, Storing candidates in hash table completed (0.000224571 seconds)
  - Phase 3, Testing candidates started...
    - repeat of 508746012 found, step 138218
    - repeat of 2615142946 found, step 175954
    - repeat of 441697507 found, step 233161
    - repeat of 2383099844 found, step 234642
    - repeat of 4282276166 found, step 265370
    - repeat of 3130843171 found, step 286566
    - repeat of 3600325675 found, step 308360
    - repeat of 2144840846 found, step 317987
    - repeat of 239543747 found, step 319157
    - repeat of 316363070 found, step 340603
    - repeat of 2339226553 found, step 350753
    - repeat of 2698807439 found, step 361339
    - repeat of 3445442068 found, step 365438
    - repeat of 954750568 found, step 370276
    - repeat of 829832524 found, step 375811
    - repeat of 4034265767 found, step 399605
    - repeat of 3205121788 found, step 405670
    - repeat of 352968898 found, step 407425
  - Phase 3, Testing candidates completed (0.00858474 seconds)
- Testing for repeats completed (0.0167825 seconds)
---
18 repeats, p-value = 0.381414

Memory usage summary: heap total: 564225, heap peak: 400384, stack peak: 5696
         total calls   total memory   failed calls
 malloc|          5         564225              0
realloc|          0              0              0  (nomove:0, dec:0, free:0)
 calloc|          0              0              0
   free|          4         491521
Histogram for block sizes:
32768-32783           1  20% ============
   large              4  80% ==================================================
