Testing jsf32
	0..4294967295 is range of generator
	414487 outputs to scan for duplicates [6.32456*sqrt(range)]
	20.0001 duplicates expected on average
	2.06097e-09 is probability of zero duplicates
	0xc50a267e is seed for this run
---
- Testing for repeats started...
  - Allocating memory started...
    - allocated 256 buckets of capacity 2023
    - allocated 256 bucket counters
  - Allocating memory completed (1.5603e-05 seconds)
  - Storing PRNG output started...
  - Storing PRNG output completed (0.00362194 seconds)
  - Sorting started...
  - Sorting completed (0.0370499 seconds)
  - Scanning for duplicates started...
    - repeat of 136703232 found
    - repeat of 3813869314 found
    - repeat of 4048027652 found
    - repeat of 3555488523 found
    - repeat of 2068351762 found
    - repeat of 2777882392 found
    - repeat of 3480410914 found
    - repeat of 1335751977 found
    - repeat of 2652152878 found
    - repeat of 2084601907 found
    - repeat of 1697252684 found
    - repeat of 496301648 found
    - repeat of 710846039 found
    - repeat of 3792573783 found
    - repeat of 3252544609 found
    - repeat of 1668588646 found
    - repeat of 1092471413 found
    - repeat of 802007962 found
    - repeat of 2103325854 found
    - repeat of 479569850 found
    - repeat of 2419829198 found
  - Scanning for duplicates completed (0.000581397 seconds)
- Testing for repeats completed (0.0412922 seconds)
---
21 repeats, p-value = 1 - 0.35631

Memory usage summary: heap total: 2145280, heap peak: 2145280, stack peak: 5616
         total calls   total memory   failed calls
 malloc|          3        2145280              0
realloc|          0              0              0  (nomove:0, dec:0, free:0)
 calloc|          0              0              0
   free|          0              0
Histogram for block sizes:
 1024-1039            1  33% =========================
   large              2  66% ==================================================
