Testing pcg32
	0..4294967295 is range of generator
	414487 outputs to scan for duplicates [6.32456*sqrt(range)]
	20.0001 duplicates expected on average
	2.06097e-09 is probability of zero duplicates
	0xa8b6df30 is seed for this run
---
- Testing for repeats started...
  - Allocating memory started...
    - allocated bloomish filter with 32768 64-bit elements (3 bits/entry)
    - allocated possible-match log with 16384 32-bit elements
  - Allocating memory completed (1.5013e-05 seconds)
  - Phase 1, Gathering repeat candidates started...
    - 15393 repeat candidates found
  - Phase 1, Gathering repeat candidates completed (0.0110679 seconds)
  - Reallocating memory started...
    - Deallocated bloomish filter
    - Allocated hash table of the same size
  - Reallocating memory completed (0.000139393 seconds)
  - Phase 2, Storing candidates in hash table started...
  - Phase 2, Storing candidates in hash table completed (0.000257757 seconds)
  - Phase 3, Testing candidates started...
    - repeat of 3634628564 found, step 60551
    - repeat of 1150874807 found, step 125255
    - repeat of 2363723231 found, step 134854
    - repeat of 1733488609 found, step 148853
    - repeat of 3057360611 found, step 171451
    - repeat of 86615426 found, step 180161
    - repeat of 975130189 found, step 183010
    - repeat of 1237685468 found, step 190065
    - repeat of 3032322733 found, step 211811
    - repeat of 3864189407 found, step 236764
    - repeat of 477395192 found, step 242511
    - repeat of 1017810706 found, step 249532
    - repeat of 2077661238 found, step 262127
    - repeat of 1997576687 found, step 287831
    - repeat of 2895367710 found, step 293769
    - repeat of 2383161706 found, step 297083
    - repeat of 1760224460 found, step 314191
    - repeat of 2583604630 found, step 316952
    - repeat of 1623214706 found, step 320406
    - repeat of 1594900519 found, step 335991
    - repeat of 4257147216 found, step 342536
    - repeat of 3053020005 found, step 348545
    - repeat of 518006566 found, step 356418
    - repeat of 3797234052 found, step 362047
    - repeat of 2998830866 found, step 366501
    - repeat of 3674888924 found, step 389242
    - repeat of 3530894573 found, step 400246
    - repeat of 1433268663 found, step 402049
    - repeat of 3985809288 found, step 413172
    - repeat of 2532869688 found, step 413715
  - Phase 3, Testing candidates completed (0.00882586 seconds)
- Testing for repeats completed (0.0203491 seconds)
---
30 repeats, p-value = 1 - 0.0134754

Memory usage summary: heap total: 564225, heap peak: 400384, stack peak: 5664
         total calls   total memory   failed calls
 malloc|          5         564225              0
realloc|          0              0              0  (nomove:0, dec:0, free:0)
 calloc|          0              0              0
   free|          4         491521
Histogram for block sizes:
32768-32783           1  20% ============
   large              4  80% ==================================================
