Testing gjrand32
	0..4294967295 is range of generator
	414487 outputs to scan for duplicates [6.32456*sqrt(range)]
	20.0001 duplicates expected on average
	2.06097e-09 is probability of zero duplicates
	0xc271149f is seed for this run
---
- Testing for repeats started...
  - Allocating memory started...
    - allocated hash table of reserved for 414487 elements
  - Allocating memory completed (0.0025932 seconds)
  - Checking PRNG output started...
    - repeat of 2640711412 found, step 157461
    - repeat of 2577260654 found, step 162978
    - repeat of 2938158410 found, step 176163
    - repeat of 1018809751 found, step 208844
    - repeat of 816848564 found, step 255892
    - repeat of 3236541495 found, step 282296
    - repeat of 2888600298 found, step 282862
    - repeat of 1291698879 found, step 284427
    - repeat of 1236391376 found, step 291677
    - repeat of 3986406969 found, step 299515
    - repeat of 1107150993 found, step 309949
    - repeat of 3893458211 found, step 350690
    - repeat of 1942586985 found, step 353476
    - repeat of 1110331790 found, step 354546
    - repeat of 2191504643 found, step 359119
    - repeat of 2185236504 found, step 359833
    - repeat of 215139212 found, step 393282
    - repeat of 1330658132 found, step 394651
    - repeat of 604828174 found, step 398545
    - repeat of 2125857431 found, step 410921
    - repeat of 3182493911 found, step 413318
    - repeat of 1429765009 found, step 414404
  - Checking PRNG output completed (0.118834 seconds)
- Testing for repeats completed (0.121451 seconds)
---
22 repeats, p-value = 1 - 0.279396

Memory usage summary: heap total: 10260040, heap peak: 10260040, stack peak: 5648
         total calls   total memory   failed calls
 malloc|     414467       10260040              0
realloc|          0              0              0  (nomove:0, dec:0, free:0)
 calloc|          0              0              0
   free|     414466       10187336
Histogram for block sizes:
   16-31         414465  99% ==================================================
   large              2  <1% 
