Testing xorshift64star32a
	0..4294967295 is range of generator
	414487 outputs to scan for duplicates [6.32456*sqrt(range)]
	19.9994 duplicates expected on average
	2.06239e-09 is probability of zero duplicates
	0xc89e49b5 is seed for this run
---
- Testing for repeats started...
  - Allocating memory started...
    - allocated bloomish filter with 32768 64-bit elements (3 bits/entry)
    - allocated possible-match log with 16384 32-bit elements
  - Allocating memory completed (1.5461e-05 seconds)
  - Phase 1, Gathering repeat candidates started...
    - 15297 repeat candidates found
  - Phase 1, Gathering repeat candidates completed (0.0112965 seconds)
  - Reallocating memory started...
    - Deallocated bloomish filter
    - Allocated hash table of the same size
  - Reallocating memory completed (0.000128575 seconds)
  - Phase 2, Storing candidates in hash table started...
  - Phase 2, Storing candidates in hash table completed (0.000179133 seconds)
  - Phase 3, Testing candidates started...
    - repeat of 120198689 found, step 96527
    - repeat of 57069845 found, step 127285
    - repeat of 3491158718 found, step 190459
    - repeat of 230847109 found, step 200862
    - repeat of 1606232498 found, step 230038
    - repeat of 2144427066 found, step 234003
    - repeat of 3370643320 found, step 251133
    - repeat of 34451201 found, step 260805
    - repeat of 1083095779 found, step 262030
    - repeat of 1709007535 found, step 277526
    - repeat of 3737020217 found, step 279723
    - repeat of 2864990613 found, step 301104
    - repeat of 4222413915 found, step 308005
    - repeat of 2929263963 found, step 324199
    - repeat of 1900803717 found, step 324830
    - repeat of 2800841340 found, step 334866
    - repeat of 1905142575 found, step 350269
    - repeat of 1501623592 found, step 364571
    - repeat of 4189950434 found, step 385270
    - repeat of 2454738722 found, step 413933
  - Phase 3, Testing candidates completed (0.00834972 seconds)
- Testing for repeats completed (0.0199957 seconds)
---
20 repeats, p-value = 1 - 0.440854

Memory usage summary: heap total: 564225, heap peak: 400384, stack peak: 5664
         total calls   total memory   failed calls
 malloc|          5         564225              0
realloc|          0              0              0  (nomove:0, dec:0, free:0)
 calloc|          0              0              0
   free|          4         491521
Histogram for block sizes:
32768-32783           1  20% ============
   large              4  80% ==================================================
