Testing mcg128
	0..18446744073709551615 is range of generator
	27163758263 outputs to scan for duplicates [6.32456*sqrt(range)]
	20 duplicates expected on average
	2.06115e-09 is probability of zero duplicates
	0x3a8c1394 is seed for this run
---
- Testing for repeats started...
  - Allocating memory started...
    - allocated array of size 27163758263.
  - Allocating memory completed (1.8846e-05 seconds)
  - Storing PRNG output started...
  - Storing PRNG output completed (118.362 seconds)
  - Sorting started...
  - Sorting completed (3851.61 seconds)
  - Scanning for duplicates started...
    - repeat of 641448020012115270 found
    - repeat of 5453052271246962802 found
    - repeat of 5719993944841706687 found
    - repeat of 6109570630636134147 found
    - repeat of 6168992121670354587 found
    - repeat of 7412878856857914046 found
    - repeat of 8163939513029009303 found
    - repeat of 9219052908339046120 found
    - repeat of 12196721488414650459 found
    - repeat of 14137673811517728357 found
    - repeat of 14283698278269058600 found
    - repeat of 15202049758433123495 found
    - repeat of 16715856393752451376 found
    - repeat of 17242548095447819187 found
    - repeat of 17776846497885240565 found
  - Scanning for duplicates completed (36.699 seconds)
- Testing for repeats completed (4006.67 seconds)
---
15 repeats, p-value = 0.156513

Memory usage summary: heap total: 217310138808, heap peak: 217310138808, stack peak: 5600
         total calls   total memory   failed calls
 malloc|          2   217310138808              0
realloc|          0              0              0  (nomove:0, dec:0, free:0)
 calloc|          0              0              0
   free|          0              0
Histogram for block sizes:
   large              2 100% ==================================================
