Testing gjrand32
	0..4294967295 is range of generator
	198893 outputs to scan for duplicates [3.03485*sqrt(range)]
	4.60521 duplicates expected on average
	0.00999963 is probability of zero duplicates
	0x5627d9d0 is seed for this run
---
- Testing for repeats started...
  - Allocating memory started...
    - allocated hash table of reserved for 198893 elements
  - Allocating memory completed (0.00145687 seconds)
  - Checking PRNG output started...
    - repeat of 976291748 found, step 67402
    - repeat of 3504101858 found, step 109471
    - repeat of 3481909324 found, step 128470
    - repeat of 3090997527 found, step 133850
    - repeat of 2927072265 found, step 156366
    - repeat of 4046728922 found, step 182467
  - Checking PRNG output completed (0.0559394 seconds)
- Testing for repeats completed (0.057414 seconds)
---
6 repeats, p-value = 1 - 0.18266

Memory usage summary: heap total: 4874168, heap peak: 4874168, stack peak: 5648
         total calls   total memory   failed calls
 malloc|     198889        4874168              0
realloc|          0              0              0  (nomove:0, dec:0, free:0)
 calloc|          0              0              0
   free|     198888        4801464
Histogram for block sizes:
   16-31         198887  99% ==================================================
   large              2  <1% 
