Testing sfc32
	0..4294967295 is range of generator
	414487 outputs to scan for duplicates [6.32456*sqrt(range)]
	20.0001 duplicates expected on average
	2.06097e-09 is probability of zero duplicates
	0xe59210fd is seed for this run
---
- Testing for repeats started...
  - Allocating memory started...
    - allocated hash table of reserved for 414487 elements
  - Allocating memory completed (0.00322655 seconds)
  - Checking PRNG output started...
    - repeat of 2180796258 found, step 56528
    - repeat of 3228662604 found, step 80321
    - repeat of 513753924 found, step 125848
    - repeat of 1483581206 found, step 127477
    - repeat of 3703574140 found, step 182932
    - repeat of 2386397818 found, step 206240
    - repeat of 3155116630 found, step 209922
    - repeat of 996084671 found, step 273065
    - repeat of 895993679 found, step 299515
    - repeat of 3642495578 found, step 312159
    - repeat of 1937055346 found, step 332995
    - repeat of 417311692 found, step 334935
    - repeat of 730885865 found, step 336628
    - repeat of 3505192335 found, step 345028
    - repeat of 2280604983 found, step 391044
  - Checking PRNG output completed (0.13543 seconds)
- Testing for repeats completed (0.138685 seconds)
---
15 repeats, p-value = 0.156508

Memory usage summary: heap total: 10260152, heap peak: 10260152, stack peak: 5648
         total calls   total memory   failed calls
 malloc|     414474       10260152              0
realloc|          0              0              0  (nomove:0, dec:0, free:0)
 calloc|          0              0              0
   free|     414473       10187448
Histogram for block sizes:
   16-31         414472  99% ==================================================
   large              2  <1% 
