Testing xoroshiro64plus32
	0..4294967295 is range of generator
	414487 outputs to scan for duplicates [6.32456*sqrt(range)]
	20.0001 duplicates expected on average
	2.06097e-09 is probability of zero duplicates
	0x2a5117ea is seed for this run
---
- Testing for repeats started...
  - Allocating memory started...
    - allocated bloomish filter with 32768 64-bit elements (3 bits/entry)
    - allocated possible-match log with 16384 32-bit elements
  - Allocating memory completed (1.6699e-05 seconds)
  - Phase 1, Gathering repeat candidates started...
    - 15307 repeat candidates found
  - Phase 1, Gathering repeat candidates completed (0.0107401 seconds)
  - Reallocating memory started...
    - Deallocated bloomish filter
    - Allocated hash table of the same size
  - Reallocating memory completed (0.000151368 seconds)
  - Phase 2, Storing candidates in hash table started...
  - Phase 2, Storing candidates in hash table completed (0.000278253 seconds)
  - Phase 3, Testing candidates started...
    - repeat of 3983296114 found, step 66805
    - repeat of 2546525446 found, step 125855
    - repeat of 3727888976 found, step 131807
    - repeat of 2293712821 found, step 134842
    - repeat of 3374519346 found, step 149895
    - repeat of 4019666656 found, step 161968
    - repeat of 191313353 found, step 224042
    - repeat of 1675088486 found, step 244654
    - repeat of 3599796427 found, step 261774
    - repeat of 867200454 found, step 265308
    - repeat of 4244079359 found, step 298821
    - repeat of 2411566372 found, step 320775
    - repeat of 4255719222 found, step 321748
    - repeat of 3544419886 found, step 395534
    - repeat of 2082659761 found, step 398188
    - repeat of 425868908 found, step 403028
  - Phase 3, Testing candidates completed (0.0120444 seconds)
- Testing for repeats completed (0.0232623 seconds)
---
16 repeats, p-value = 0.221068

Memory usage summary: heap total: 564225, heap peak: 400384, stack peak: 5680
         total calls   total memory   failed calls
 malloc|          5         564225              0
realloc|          0              0              0  (nomove:0, dec:0, free:0)
 calloc|          0              0              0
   free|          4         491521
Histogram for block sizes:
32768-32783           1  20% ============
   large              4  80% ==================================================
