Testing pcg32_fast
	0..4294967295 is range of generator
	198893 outputs to scan for duplicates [3.03485*sqrt(range)]
	4.60521 duplicates expected on average
	0.00999963 is probability of zero duplicates
	0x87690874 is seed for this run
---
- Testing for repeats started...
  - Allocating memory started...
    - allocated array of size 198893.
  - Allocating memory completed (8.293e-06 seconds)
  - Storing PRNG output started...
  - Storing PRNG output completed (0.00089348 seconds)
  - Sorting started...
  - Sorting completed (0.0294976 seconds)
  - Scanning for duplicates started...
    - repeat of 533470822 found
    - repeat of 1212308781 found
    - repeat of 1545142203 found
    - repeat of 1611398640 found
    - repeat of 2013472766 found
    - repeat of 3309821341 found
    - repeat of 3818205797 found
  - Scanning for duplicates completed (0.000289782 seconds)
- Testing for repeats completed (0.0307042 seconds)
---
7 repeats, p-value = 1 - 0.0955042

Memory usage summary: heap total: 868276, heap peak: 868276, stack peak: 5584
         total calls   total memory   failed calls
 malloc|          2         868276              0
realloc|          0              0              0  (nomove:0, dec:0, free:0)
 calloc|          0              0              0
   free|          0              0
Histogram for block sizes:
   large              2 100% ==================================================
