Testing xoroshiro64starstar32
	0..4294967295 is range of generator
	414487 outputs to scan for duplicates [6.32456*sqrt(range)]
	20.0001 duplicates expected on average
	2.06097e-09 is probability of zero duplicates
	0x55906ec9 is seed for this run
---
- Testing for repeats started...
  - Allocating memory started...
    - allocated hash table of reserved for 414487 elements
  - Allocating memory completed (0.00218986 seconds)
  - Checking PRNG output started...
    - repeat of 548365880 found, step 138653
    - repeat of 1322075343 found, step 190692
    - repeat of 147520768 found, step 211956
    - repeat of 627037635 found, step 279306
    - repeat of 1962941856 found, step 282931
    - repeat of 3524047679 found, step 300951
    - repeat of 3012105932 found, step 303657
    - repeat of 886558947 found, step 329276
    - repeat of 668198721 found, step 333832
    - repeat of 1015062245 found, step 338400
    - repeat of 3761697892 found, step 346067
    - repeat of 1882173189 found, step 364857
    - repeat of 3208199351 found, step 371036
    - repeat of 3770538692 found, step 388981
    - repeat of 453975139 found, step 391207
    - repeat of 2122741179 found, step 399143
    - repeat of 2539272863 found, step 403237
  - Checking PRNG output completed (0.128285 seconds)
- Testing for repeats completed (0.130488 seconds)
---
17 repeats, p-value = 0.297021

Memory usage summary: heap total: 10260120, heap peak: 10260120, stack peak: 5648
         total calls   total memory   failed calls
 malloc|     414472       10260120              0
realloc|          0              0              0  (nomove:0, dec:0, free:0)
 calloc|          0              0              0
   free|     414471       10187416
Histogram for block sizes:
   16-31         414470  99% ==================================================
   large              2  <1% 
