Testing jsf32
	0..4294967295 is range of generator
	198893 outputs to scan for duplicates [3.03485*sqrt(range)]
	4.60521 duplicates expected on average
	0.00999963 is probability of zero duplicates
	0xabf7cef4 is seed for this run
---
- Testing for repeats started...
  - Allocating memory started...
    - allocated array of size 198893.
  - Allocating memory completed (1.0316e-05 seconds)
  - Storing PRNG output started...
  - Storing PRNG output completed (0.00108907 seconds)
  - Sorting started...
  - Sorting completed (0.0201608 seconds)
  - Scanning for duplicates started...
    - repeat of 268386546 found
    - repeat of 883542228 found
    - repeat of 1993943804 found
    - repeat of 2346399576 found
    - repeat of 2810371221 found
    - repeat of 3276153166 found
    - repeat of 3276365969 found
  - Scanning for duplicates completed (0.000176502 seconds)
- Testing for repeats completed (0.021449 seconds)
---
7 repeats, p-value = 1 - 0.0955042

Memory usage summary: heap total: 868276, heap peak: 868276, stack peak: 5568
         total calls   total memory   failed calls
 malloc|          2         868276              0
realloc|          0              0              0  (nomove:0, dec:0, free:0)
 calloc|          0              0              0
   free|          0              0
Histogram for block sizes:
   large              2 100% ==================================================
