Testing std::mt19937
	0..4294967295 is range of generator
	414487 outputs to scan for duplicates [6.32456*sqrt(range)]
	20.0001 duplicates expected on average
	2.06097e-09 is probability of zero duplicates
	0x4dc758f4 is seed for this run
---
- Testing for repeats started...
  - Allocating memory started...
    - allocated bloomish filter with 32768 64-bit elements (3 bits/entry)
    - allocated possible-match log with 16384 64-bit elements
  - Allocating memory completed (1.908e-05 seconds)
  - Phase 1, Gathering repeat candidates started...
    - 15220 repeat candidates found
  - Phase 1, Gathering repeat candidates completed (0.0122387 seconds)
  - Reallocating memory started...
    - Deallocated bloomish filter
    - Allocated hash table of the same size
  - Reallocating memory completed (0.00023116 seconds)
  - Phase 2, Storing candidates in hash table started...
  - Phase 2, Storing candidates in hash table completed (0.000272914 seconds)
  - Phase 3, Testing candidates started...
    - repeat of 262169100 found, step 36368
    - repeat of 343992549 found, step 71050
    - repeat of 1837672503 found, step 127885
    - repeat of 3081662551 found, step 163237
    - repeat of 768432477 found, step 196799
    - repeat of 3791356332 found, step 250167
    - repeat of 183864231 found, step 266754
    - repeat of 2026254171 found, step 268255
    - repeat of 1844214781 found, step 275558
    - repeat of 2988191588 found, step 284819
    - repeat of 1543996253 found, step 287524
    - repeat of 2456341393 found, step 291618
    - repeat of 3135643814 found, step 302834
    - repeat of 3094002495 found, step 320671
    - repeat of 3110205926 found, step 339432
    - repeat of 3472817261 found, step 366870
    - repeat of 372170419 found, step 395392
  - Phase 3, Testing candidates completed (0.0165949 seconds)
- Testing for repeats completed (0.0293908 seconds)
---
17 repeats, p-value = 0.297021

Memory usage summary: heap total: 760833, heap peak: 498689, stack peak: 15616
         total calls   total memory   failed calls
 malloc|          5         760833              0
realloc|          0              0              0  (nomove:0, dec:0, free:0)
 calloc|          0              0              0
   free|          4         688129
Histogram for block sizes:
32768-32783           1  20% ============
   large              4  80% ==================================================
