Testing std::mt19937
	0..4294967295 is range of generator
	198893 outputs to scan for duplicates [3.03485*sqrt(range)]
	4.60521 duplicates expected on average
	0.00999963 is probability of zero duplicates
	0x87d82cfb is seed for this run
---
- Testing for repeats started...
  - Allocating memory started...
    - allocated hash table of reserved for 198893 elements
  - Allocating memory completed (0.000932434 seconds)
  - Checking PRNG output started...
    - repeat of 3034165973 found, step 55085
    - repeat of 1557217832 found, step 104187
    - repeat of 863721633 found, step 138046
    - repeat of 4004104586 found, step 144415
    - repeat of 25561529 found, step 162468
    - repeat of 2969860062 found, step 192229
  - Checking PRNG output completed (0.0322609 seconds)
- Testing for repeats completed (0.0332087 seconds)
---
6 repeats, p-value = 1 - 0.18266

Memory usage summary: heap total: 4874168, heap peak: 4874168, stack peak: 10608
         total calls   total memory   failed calls
 malloc|     198889        4874168              0
realloc|          0              0              0  (nomove:0, dec:0, free:0)
 calloc|          0              0              0
   free|     198888        4801464
Histogram for block sizes:
   16-31         198887  99% ==================================================
   large              2  <1% 
