Testing gjrand32
	0..4294967295 is range of generator
	414487 outputs to scan for duplicates [6.32456*sqrt(range)]
	20.0001 duplicates expected on average
	2.06097e-09 is probability of zero duplicates
	0x1970035a is seed for this run
---
- Testing for repeats started...
  - Allocating memory started...
    - allocated bloomish filter with 32768 64-bit elements (3 bits/entry)
    - allocated possible-match log with 16384 32-bit elements
  - Allocating memory completed (1.78e-05 seconds)
  - Phase 1, Gathering repeat candidates started...
    - 15171 repeat candidates found
  - Phase 1, Gathering repeat candidates completed (0.0111627 seconds)
  - Reallocating memory started...
    - Deallocated bloomish filter
    - Allocated hash table of the same size
  - Reallocating memory completed (0.000166741 seconds)
  - Phase 2, Storing candidates in hash table started...
  - Phase 2, Storing candidates in hash table completed (0.000275158 seconds)
  - Phase 3, Testing candidates started...
    - repeat of 4294135701 found, step 128439
    - repeat of 833544329 found, step 151329
    - repeat of 1986204702 found, step 154240
    - repeat of 1644592387 found, step 168221
    - repeat of 655627837 found, step 168279
    - repeat of 3693123166 found, step 213746
    - repeat of 480297729 found, step 278536
    - repeat of 2778299656 found, step 281010
    - repeat of 310800094 found, step 307296
    - repeat of 3510510149 found, step 308170
    - repeat of 3401289523 found, step 315331
    - repeat of 505011328 found, step 327148
    - repeat of 78939790 found, step 329146
    - repeat of 4175022128 found, step 330867
    - repeat of 1371135973 found, step 340427
    - repeat of 2743695757 found, step 356259
    - repeat of 1909917199 found, step 360725
    - repeat of 1570806272 found, step 368789
    - repeat of 2286595539 found, step 397825
    - repeat of 1617394116 found, step 402445
  - Phase 3, Testing candidates completed (0.0126544 seconds)
- Testing for repeats completed (0.0243149 seconds)
---
20 repeats, p-value = 1 - 0.440915

Memory usage summary: heap total: 564225, heap peak: 400384, stack peak: 5712
         total calls   total memory   failed calls
 malloc|          5         564225              0
realloc|          0              0              0  (nomove:0, dec:0, free:0)
 calloc|          0              0              0
   free|          4         491521
Histogram for block sizes:
32768-32783           1  20% ============
   large              4  80% ==================================================
