Testing pcg32_fast
	0..4294967295 is range of generator
	198893 outputs to scan for duplicates [3.03485*sqrt(range)]
	4.60521 duplicates expected on average
	0.00999963 is probability of zero duplicates
	0x4ca8580d is seed for this run
---
- Testing for repeats started...
  - Allocating memory started...
    - allocated 256 buckets of capacity 971
    - allocated 256 bucket counters
  - Allocating memory completed (1.268e-05 seconds)
  - Storing PRNG output started...
  - Storing PRNG output completed (0.00139684 seconds)
  - Sorting started...
  - Sorting completed (0.013667 seconds)
  - Scanning for duplicates started...
    - repeat of 2560076854 found
    - repeat of 2008681802 found
    - repeat of 2196388720 found
  - Scanning for duplicates completed (0.000241977 seconds)
- Testing for repeats completed (0.0153371 seconds)
---
3 repeats, p-value = 0.324858

Memory usage summary: heap total: 1068032, heap peak: 1068032, stack peak: 5616
         total calls   total memory   failed calls
 malloc|          3        1068032              0
realloc|          0              0              0  (nomove:0, dec:0, free:0)
 calloc|          0              0              0
   free|          0              0
Histogram for block sizes:
 1024-1039            1  33% =========================
   large              2  66% ==================================================
