- bump_allocator_static< std::__detail::_Hash_node<unsigned long, false> > (item size = 16) at 0x6042d0 created!
- bump_allocator_static< std::__detail::_Hash_node_base* > (item size = 8) at 0x604310 created!
- mempool at 0x604298 allocated new chunk at 0x7fbd1607b020
- mempool at 0x604298: large alloc 137438953144 bytes at 0x7f9d1607b020.
- mempool at 0x604298 allocated new chunk at 0x7f9cd607a020
- mempool at 0x604298 allocated new chunk at 0x7f9c96079020
- mempool at 0x604298 allocated new chunk at 0x7f9c56078020
- mempool at 0x604298 allocated new chunk at 0x7f9c16077020
- mempool at 0x604298 allocated new chunk at 0x7f9bd6076020
- mempool at 0x604298 allocated new chunk at 0x7f9b96075020
- mempool at 0x604298 allocated new chunk at 0x7f9b56074020
- mempool at 0x604298 allocated new chunk at 0x7f9b16073020
- mempool at 0x604298 allocated new chunk at 0x7f9ad6072020
- mempool at 0x604298 allocated new chunk at 0x7f9a96071020
- mempool at 0x604298 allocated new chunk at 0x7f9a56070020
- mempool at 0x604298 allocated new chunk at 0x7f9a1606f020
- mempool at 0x604298 allocated new chunk at 0x7f99d606e020
- mempool at 0x604298 allocated new chunk at 0x7f999606d020
- mempool at 0x604298 allocated new chunk at 0x7f995606c020
- mempool at 0x604298 allocated new chunk at 0x7f991606b020
- mempool at 0x604298 allocated new chunk at 0x7f98d606a020
- mempool at 0x604298 allocated new chunk at 0x7f9896069020
- mempool at 0x604298 allocated new chunk at 0x7f9856068020
- mempool at 0x604298 allocated new chunk at 0x7f9816067020
- mempool at 0x604298 allocated new chunk at 0x7f97d6066020
- mempool at 0x604298 allocated new chunk at 0x7f9796065020
- mempool at 0x604298 allocated new chunk at 0x7f9756064020
- mempool at 0x604298 allocated new chunk at 0x7f9716063020
- mempool at 0x604298 allocated new chunk at 0x7f96d6062020
- mempool at 0x604298 allocated new chunk at 0x7f9696061020
- mempool at 0x604298 allocated new chunk at 0x7f9656060020
- mempool at 0x604298 allocated new chunk at 0x7f961605f020
- mempool at 0x604298 allocated new chunk at 0x7f95d605e020
- mempool at 0x604298 allocated new chunk at 0x7f959605d020
- mempool at 0x604298 allocated new chunk at 0x7f955605c020
- mempool at 0x604298 allocated new chunk at 0x7f951605b020
- mempool at 0x604298 allocated new chunk at 0x7f94d605a020
- mempool at 0x604298 allocated new chunk at 0x7f9496059020
- mempool at 0x604298 allocated new chunk at 0x7f9456058020
- mempool at 0x604298 allocated new chunk at 0x7f9416057020
- mempool at 0x604298 allocated new chunk at 0x7f93d6056020
- mempool at 0x604298 allocated new chunk at 0x7f9396055020
- mempool at 0x604298 allocated new chunk at 0x7f9356054020
- mempool at 0x604298 allocated new chunk at 0x7f9316053020
- mempool at 0x604298 allocated new chunk at 0x7f92d6052020
- mempool at 0x604298 allocated new chunk at 0x7f9296051020
- mempool at 0x604298 allocated new chunk at 0x7f9256050020
- mempool at 0x604298 allocated new chunk at 0x7f921604f020
- mempool at 0x604298 allocated new chunk at 0x7f91d604e020
- mempool at 0x604298 allocated new chunk at 0x7f919604d020
- mempool at 0x604298 allocated new chunk at 0x7f915604c020
- mempool at 0x604298 allocated new chunk at 0x7f911604b020
- mempool at 0x604298 allocated new chunk at 0x7f90d604a020
- mempool at 0x604298 allocated new chunk at 0x7f9096049020
- mempool at 0x604298 allocated new chunk at 0x7f9056048020
- mempool at 0x604298 allocated new chunk at 0x7f9016047020
- mempool at 0x604298 allocated new chunk at 0x7f8fd6046020
- mempool at 0x604298 allocated new chunk at 0x7f8f96045020
- mempool at 0x604298 allocated new chunk at 0x7f8f56044020
- mempool at 0x604298 allocated new chunk at 0x7f8f16043020
- mempool at 0x604298 allocated new chunk at 0x7f8ed6042020
- mempool at 0x604298 allocated new chunk at 0x7f8e96041020
- mempool at 0x604298 allocated new chunk at 0x7f8e56040020
- mempool at 0x604298 allocated new chunk at 0x7f8e1603f020
- mempool at 0x604298 allocated new chunk at 0x7f8dd603e020
- mempool at 0x604298 allocated new chunk at 0x7f8d9603d020
- mempool at 0x604298 allocated new chunk at 0x7f8d5603c020
- mempool at 0x604298 allocated new chunk at 0x7f8d1603b020
- mempool at 0x604298 allocated new chunk at 0x7f8cd603a020
- mempool at 0x604298 allocated new chunk at 0x7f8c96039020
- mempool at 0x604298 allocated new chunk at 0x7f8c56038020
- mempool at 0x604298 allocated new chunk at 0x7f8c16037020
- mempool at 0x604298 allocated new chunk at 0x7f8bd6036020
- mempool at 0x604298 allocated new chunk at 0x7f8b96035020
- mempool at 0x604298 allocated new chunk at 0x7f8b56034020
- mempool at 0x604298 allocated new chunk at 0x7f8b16033020
- mempool at 0x604298 allocated new chunk at 0x7f8ad6032020
- mempool at 0x604298 allocated new chunk at 0x7f8a96031020
- mempool at 0x604298 allocated new chunk at 0x7f8a56030020
- mempool at 0x604298 allocated new chunk at 0x7f8a1602f020
- mempool at 0x604298 allocated new chunk at 0x7f89d602e020
- mempool at 0x604298 allocated new chunk at 0x7f899602d020
- mempool at 0x604298 allocated new chunk at 0x7f895602c020
- mempool at 0x604298 allocated new chunk at 0x7f891602b020
- mempool at 0x604298 allocated new chunk at 0x7f88d602a020
- mempool at 0x604298 allocated new chunk at 0x7f8896029020
- mempool at 0x604298 allocated new chunk at 0x7f8856028020
- mempool at 0x604298 allocated new chunk at 0x7f8816027020
- mempool at 0x604298 allocated new chunk at 0x7f87d6026020
- mempool at 0x604298 allocated new chunk at 0x7f8796025020
- mempool at 0x604298 allocated new chunk at 0x7f8756024020
- mempool at 0x604298 allocated new chunk at 0x7f8716023020
- mempool at 0x604298 allocated new chunk at 0x7f86d6022020
- mempool at 0x604298 allocated new chunk at 0x7f8696021020
- mempool at 0x604298 allocated new chunk at 0x7f8656020020
- mempool at 0x604298 allocated new chunk at 0x7f861601f020
- mempool at 0x604298 allocated new chunk at 0x7f85d601e020
- mempool at 0x604298 allocated new chunk at 0x7f859601d020
- mempool at 0x604298 allocated new chunk at 0x7f855601c020
- mempool at 0x604298 allocated new chunk at 0x7f851601b020
- mempool at 0x604298 allocated new chunk at 0x7f84d601a020
- mempool at 0x604298 allocated new chunk at 0x7f8496019020
- mempool at 0x604298 allocated new chunk at 0x7f8456018020
- mempool at 0x604298 allocated new chunk at 0x7f8416017020
- mempool at 0x604298 allocated new chunk at 0x7f83d6016020
- mempool at 0x604298 allocated new chunk at 0x7f8396015020
- mempool at 0x604298 allocated new chunk at 0x7f8356014020
- mempool at 0x604298 allocated new chunk at 0x7f8316013020
- mempool at 0x604298 allocated new chunk at 0x7f82d6012020
- mempool at 0x604298 allocated new chunk at 0x7f8296011020
- mempool at 0x604298 allocated new chunk at 0x7f8256010020
- mempool at 0x604298 allocated new chunk at 0x7f821600f020
- mempool at 0x604298 allocated new chunk at 0x7f81d600e020
- mempool at 0x604298 allocated new chunk at 0x7f819600d020
- mempool at 0x604298 allocated new chunk at 0x7f815600c020
- mempool at 0x604298 allocated new chunk at 0x7f811600b020
- mempool at 0x604298 allocated new chunk at 0x7f80d600a020
- mempool at 0x604298 allocated new chunk at 0x7f8096009020
- mempool at 0x604298 allocated new chunk at 0x7f8056008020
- mempool at 0x604298 allocated new chunk at 0x7f8016007020
- mempool at 0x604298 allocated new chunk at 0x7f7fd6006020
- mempool at 0x604298 allocated new chunk at 0x7f7f96005020
- mempool at 0x604298 allocated new chunk at 0x7f7f56004020
- mempool at 0x604298 allocated new chunk at 0x7f7f16003020
- mempool at 0x604298 allocated new chunk at 0x7f7ed6002020
- mempool at 0x604298 allocated new chunk at 0x7f7e96001020
- mempool at 0x604298 allocated new chunk at 0x7f7e56000020
- mempool at 0x604298 allocated new chunk at 0x7f7e15fff020
- mempool at 0x604298 allocated new chunk at 0x7f7dd5ffe020
- mempool at 0x604298 allocated new chunk at 0x7f7d95ffd020
- mempool at 0x604298 allocated new chunk at 0x7f7d55ffc020
- mempool at 0x604298 allocated new chunk at 0x7f7d15ffb020
- mempool at 0x604298 allocated new chunk at 0x7f7cd5ffa020
- mempool at 0x604298 allocated new chunk at 0x7f7c95ff9020
- mempool at 0x604298 allocated new chunk at 0x7f7c55ff8020
- mempool at 0x604298 allocated new chunk at 0x7f7c15ff7020
- mempool at 0x604298 allocated new chunk at 0x7f7bd5ff6020
- mempool at 0x604298 allocated new chunk at 0x7f7b95ff5020
- mempool at 0x604298 allocated new chunk at 0x7f7b55ff4020
- mempool at 0x604298 allocated new chunk at 0x7f7b15ff3020
- mempool at 0x604298 allocated new chunk at 0x7f7ad5ff2020
- mempool at 0x604298 allocated new chunk at 0x7f7a95ff1020
- mempool at 0x604298 allocated new chunk at 0x7f7a55ff0020
- mempool at 0x604298 allocated new chunk at 0x7f7a15fef020
- mempool at 0x604298 allocated new chunk at 0x7f79d5fee020
- mempool at 0x604298 allocated new chunk at 0x7f7995fed020
- mempool at 0x604298 allocated new chunk at 0x7f7955fec020
- mempool at 0x604298 allocated new chunk at 0x7f7915feb020
- mempool at 0x604298 allocated new chunk at 0x7f78d5fea020
- mempool at 0x604298 allocated new chunk at 0x7f7895fe9020
- mempool at 0x604298 allocated new chunk at 0x7f7855fe8020
- mempool at 0x604298 allocated new chunk at 0x7f7815fe7020
- mempool at 0x604298 allocated new chunk at 0x7f77d5fe6020
- mempool at 0x604298 allocated new chunk at 0x7f7795fe5020
- mempool at 0x604298 allocated new chunk at 0x7f7755fe4020
- mempool at 0x604298 allocated new chunk at 0x7f7715fe3020
- mempool at 0x604298 allocated new chunk at 0x7f76d5fe2020
- mempool at 0x604298 allocated new chunk at 0x7f7695fe1020
- mempool at 0x604298 allocated new chunk at 0x7f7655fe0020
- mempool at 0x604298 allocated new chunk at 0x7f7615fdf020
- mempool at 0x604298 allocated new chunk at 0x7f75d5fde020
- mempool at 0x604298 allocated new chunk at 0x7f7595fdd020
- mempool at 0x604298 allocated new chunk at 0x7f7555fdc020
- mempool at 0x604298 allocated new chunk at 0x7f7515fdb020
- mempool at 0x604298 allocated new chunk at 0x7f74d5fda020
- mempool at 0x604298 allocated new chunk at 0x7f7495fd9020
- mempool at 0x604298 allocated new chunk at 0x7f7455fd8020
- mempool at 0x604298 allocated new chunk at 0x7f7415fd7020
- mempool at 0x604298 allocated new chunk at 0x7f73d5fd6020
- mempool at 0x604298 allocated new chunk at 0x7f7395fd5020
- mempool at 0x604298 allocated new chunk at 0x7f7355fd4020
- mempool at 0x604298 allocated new chunk at 0x7f7315fd3020
- mempool at 0x604298 allocated new chunk at 0x7f72d5fd2020
- mempool at 0x604298 allocated new chunk at 0x7f7295fd1020
- mempool at 0x604298 allocated new chunk at 0x7f7255fd0020
- mempool at 0x604298 allocated new chunk at 0x7f7215fcf020
- mempool at 0x604298 allocated new chunk at 0x7f71d5fce020
- mempool at 0x604298 allocated new chunk at 0x7f7195fcd020
- mempool at 0x604298 allocated new chunk at 0x7f7155fcc020
- mempool at 0x604298 allocated new chunk at 0x7f7115fcb020
- mempool at 0x604298 allocated new chunk at 0x7f70d5fca020
- mempool at 0x604298 allocated new chunk at 0x7f7095fc9020
- mempool at 0x604298 allocated new chunk at 0x7f7055fc8020
- mempool at 0x604298 allocated new chunk at 0x7f7015fc7020
- mempool at 0x604298 allocated new chunk at 0x7f6fd5fc6020
- mempool at 0x604298 allocated new chunk at 0x7f6f95fc5020
- mempool at 0x604298 allocated new chunk at 0x7f6f55fc4020
- mempool at 0x604298 allocated new chunk at 0x7f6f15fc3020
- mempool at 0x604298 allocated new chunk at 0x7f6ed5fc2020
- mempool at 0x604298 allocated new chunk at 0x7f6e95fc1020
- mempool at 0x604298 allocated new chunk at 0x7f6e55fc0020
- mempool at 0x604298 allocated new chunk at 0x7f6e15fbf020
- mempool at 0x604298 allocated new chunk at 0x7f6dd5fbe020
- mempool at 0x604298 allocated new chunk at 0x7f6d95fbd020
- mempool at 0x604298 allocated new chunk at 0x7f6d55fbc020
- mempool at 0x604298 allocated new chunk at 0x7f6d15fbb020
- mempool at 0x604298 allocated new chunk at 0x7f6cd5fba020
- mempool at 0x604298 allocated new chunk at 0x7f6c95fb9020
- mempool at 0x604298: large dealloc 137438953144 bytes at 0x7f9d1607b020.
- mempool at 0x604298 deallocated chunk at 0x7f6c95fb9020
- mempool at 0x604298 deallocated chunk at 0x7f6cd5fba020
- mempool at 0x604298 deallocated chunk at 0x7f6d15fbb020
- mempool at 0x604298 deallocated chunk at 0x7f6d55fbc020
- mempool at 0x604298 deallocated chunk at 0x7f6d95fbd020
- mempool at 0x604298 deallocated chunk at 0x7f6dd5fbe020
- mempool at 0x604298 deallocated chunk at 0x7f6e15fbf020
- mempool at 0x604298 deallocated chunk at 0x7f6e55fc0020
- mempool at 0x604298 deallocated chunk at 0x7f6e95fc1020
- mempool at 0x604298 deallocated chunk at 0x7f6ed5fc2020
- mempool at 0x604298 deallocated chunk at 0x7f6f15fc3020
- mempool at 0x604298 deallocated chunk at 0x7f6f55fc4020
- mempool at 0x604298 deallocated chunk at 0x7f6f95fc5020
- mempool at 0x604298 deallocated chunk at 0x7f6fd5fc6020
- mempool at 0x604298 deallocated chunk at 0x7f7015fc7020
- mempool at 0x604298 deallocated chunk at 0x7f7055fc8020
- mempool at 0x604298 deallocated chunk at 0x7f7095fc9020
- mempool at 0x604298 deallocated chunk at 0x7f70d5fca020
- mempool at 0x604298 deallocated chunk at 0x7f7115fcb020
- mempool at 0x604298 deallocated chunk at 0x7f7155fcc020
- mempool at 0x604298 deallocated chunk at 0x7f7195fcd020
- mempool at 0x604298 deallocated chunk at 0x7f71d5fce020
- mempool at 0x604298 deallocated chunk at 0x7f7215fcf020
- mempool at 0x604298 deallocated chunk at 0x7f7255fd0020
- mempool at 0x604298 deallocated chunk at 0x7f7295fd1020
- mempool at 0x604298 deallocated chunk at 0x7f72d5fd2020
- mempool at 0x604298 deallocated chunk at 0x7f7315fd3020
- mempool at 0x604298 deallocated chunk at 0x7f7355fd4020
- mempool at 0x604298 deallocated chunk at 0x7f7395fd5020
- mempool at 0x604298 deallocated chunk at 0x7f73d5fd6020
- mempool at 0x604298 deallocated chunk at 0x7f7415fd7020
- mempool at 0x604298 deallocated chunk at 0x7f7455fd8020
- mempool at 0x604298 deallocated chunk at 0x7f7495fd9020
- mempool at 0x604298 deallocated chunk at 0x7f74d5fda020
- mempool at 0x604298 deallocated chunk at 0x7f7515fdb020
- mempool at 0x604298 deallocated chunk at 0x7f7555fdc020
- mempool at 0x604298 deallocated chunk at 0x7f7595fdd020
- mempool at 0x604298 deallocated chunk at 0x7f75d5fde020
- mempool at 0x604298 deallocated chunk at 0x7f7615fdf020
- mempool at 0x604298 deallocated chunk at 0x7f7655fe0020
- mempool at 0x604298 deallocated chunk at 0x7f7695fe1020
- mempool at 0x604298 deallocated chunk at 0x7f76d5fe2020
- mempool at 0x604298 deallocated chunk at 0x7f7715fe3020
- mempool at 0x604298 deallocated chunk at 0x7f7755fe4020
- mempool at 0x604298 deallocated chunk at 0x7f7795fe5020
- mempool at 0x604298 deallocated chunk at 0x7f77d5fe6020
- mempool at 0x604298 deallocated chunk at 0x7f7815fe7020
- mempool at 0x604298 deallocated chunk at 0x7f7855fe8020
- mempool at 0x604298 deallocated chunk at 0x7f7895fe9020
- mempool at 0x604298 deallocated chunk at 0x7f78d5fea020
- mempool at 0x604298 deallocated chunk at 0x7f7915feb020
- mempool at 0x604298 deallocated chunk at 0x7f7955fec020
- mempool at 0x604298 deallocated chunk at 0x7f7995fed020
- mempool at 0x604298 deallocated chunk at 0x7f79d5fee020
- mempool at 0x604298 deallocated chunk at 0x7f7a15fef020
- mempool at 0x604298 deallocated chunk at 0x7f7a55ff0020
- mempool at 0x604298 deallocated chunk at 0x7f7a95ff1020
- mempool at 0x604298 deallocated chunk at 0x7f7ad5ff2020
- mempool at 0x604298 deallocated chunk at 0x7f7b15ff3020
- mempool at 0x604298 deallocated chunk at 0x7f7b55ff4020
- mempool at 0x604298 deallocated chunk at 0x7f7b95ff5020
- mempool at 0x604298 deallocated chunk at 0x7f7bd5ff6020
- mempool at 0x604298 deallocated chunk at 0x7f7c15ff7020
- mempool at 0x604298 deallocated chunk at 0x7f7c55ff8020
- mempool at 0x604298 deallocated chunk at 0x7f7c95ff9020
- mempool at 0x604298 deallocated chunk at 0x7f7cd5ffa020
- mempool at 0x604298 deallocated chunk at 0x7f7d15ffb020
- mempool at 0x604298 deallocated chunk at 0x7f7d55ffc020
- mempool at 0x604298 deallocated chunk at 0x7f7d95ffd020
- mempool at 0x604298 deallocated chunk at 0x7f7dd5ffe020
- mempool at 0x604298 deallocated chunk at 0x7f7e15fff020
- mempool at 0x604298 deallocated chunk at 0x7f7e56000020
- mempool at 0x604298 deallocated chunk at 0x7f7e96001020
- mempool at 0x604298 deallocated chunk at 0x7f7ed6002020
- mempool at 0x604298 deallocated chunk at 0x7f7f16003020
- mempool at 0x604298 deallocated chunk at 0x7f7f56004020
- mempool at 0x604298 deallocated chunk at 0x7f7f96005020
- mempool at 0x604298 deallocated chunk at 0x7f7fd6006020
- mempool at 0x604298 deallocated chunk at 0x7f8016007020
- mempool at 0x604298 deallocated chunk at 0x7f8056008020
- mempool at 0x604298 deallocated chunk at 0x7f8096009020
- mempool at 0x604298 deallocated chunk at 0x7f80d600a020
- mempool at 0x604298 deallocated chunk at 0x7f811600b020
- mempool at 0x604298 deallocated chunk at 0x7f815600c020
- mempool at 0x604298 deallocated chunk at 0x7f819600d020
- mempool at 0x604298 deallocated chunk at 0x7f81d600e020
- mempool at 0x604298 deallocated chunk at 0x7f821600f020
- mempool at 0x604298 deallocated chunk at 0x7f8256010020
- mempool at 0x604298 deallocated chunk at 0x7f8296011020
- mempool at 0x604298 deallocated chunk at 0x7f82d6012020
- mempool at 0x604298 deallocated chunk at 0x7f8316013020
- mempool at 0x604298 deallocated chunk at 0x7f8356014020
- mempool at 0x604298 deallocated chunk at 0x7f8396015020
- mempool at 0x604298 deallocated chunk at 0x7f83d6016020
- mempool at 0x604298 deallocated chunk at 0x7f8416017020
- mempool at 0x604298 deallocated chunk at 0x7f8456018020
- mempool at 0x604298 deallocated chunk at 0x7f8496019020
- mempool at 0x604298 deallocated chunk at 0x7f84d601a020
- mempool at 0x604298 deallocated chunk at 0x7f851601b020
- mempool at 0x604298 deallocated chunk at 0x7f855601c020
- mempool at 0x604298 deallocated chunk at 0x7f859601d020
- mempool at 0x604298 deallocated chunk at 0x7f85d601e020
- mempool at 0x604298 deallocated chunk at 0x7f861601f020
- mempool at 0x604298 deallocated chunk at 0x7f8656020020
- mempool at 0x604298 deallocated chunk at 0x7f8696021020
- mempool at 0x604298 deallocated chunk at 0x7f86d6022020
- mempool at 0x604298 deallocated chunk at 0x7f8716023020
- mempool at 0x604298 deallocated chunk at 0x7f8756024020
- mempool at 0x604298 deallocated chunk at 0x7f8796025020
- mempool at 0x604298 deallocated chunk at 0x7f87d6026020
- mempool at 0x604298 deallocated chunk at 0x7f8816027020
- mempool at 0x604298 deallocated chunk at 0x7f8856028020
- mempool at 0x604298 deallocated chunk at 0x7f8896029020
- mempool at 0x604298 deallocated chunk at 0x7f88d602a020
- mempool at 0x604298 deallocated chunk at 0x7f891602b020
- mempool at 0x604298 deallocated chunk at 0x7f895602c020
- mempool at 0x604298 deallocated chunk at 0x7f899602d020
- mempool at 0x604298 deallocated chunk at 0x7f89d602e020
- mempool at 0x604298 deallocated chunk at 0x7f8a1602f020
- mempool at 0x604298 deallocated chunk at 0x7f8a56030020
- mempool at 0x604298 deallocated chunk at 0x7f8a96031020
- mempool at 0x604298 deallocated chunk at 0x7f8ad6032020
- mempool at 0x604298 deallocated chunk at 0x7f8b16033020
- mempool at 0x604298 deallocated chunk at 0x7f8b56034020
- mempool at 0x604298 deallocated chunk at 0x7f8b96035020
- mempool at 0x604298 deallocated chunk at 0x7f8bd6036020
- mempool at 0x604298 deallocated chunk at 0x7f8c16037020
- mempool at 0x604298 deallocated chunk at 0x7f8c56038020
- mempool at 0x604298 deallocated chunk at 0x7f8c96039020
- mempool at 0x604298 deallocated chunk at 0x7f8cd603a020
- mempool at 0x604298 deallocated chunk at 0x7f8d1603b020
- mempool at 0x604298 deallocated chunk at 0x7f8d5603c020
- mempool at 0x604298 deallocated chunk at 0x7f8d9603d020
- mempool at 0x604298 deallocated chunk at 0x7f8dd603e020
- mempool at 0x604298 deallocated chunk at 0x7f8e1603f020
- mempool at 0x604298 deallocated chunk at 0x7f8e56040020
- mempool at 0x604298 deallocated chunk at 0x7f8e96041020
- mempool at 0x604298 deallocated chunk at 0x7f8ed6042020
- mempool at 0x604298 deallocated chunk at 0x7f8f16043020
- mempool at 0x604298 deallocated chunk at 0x7f8f56044020
- mempool at 0x604298 deallocated chunk at 0x7f8f96045020
- mempool at 0x604298 deallocated chunk at 0x7f8fd6046020
- mempool at 0x604298 deallocated chunk at 0x7f9016047020
- mempool at 0x604298 deallocated chunk at 0x7f9056048020
- mempool at 0x604298 deallocated chunk at 0x7f9096049020
- mempool at 0x604298 deallocated chunk at 0x7f90d604a020
- mempool at 0x604298 deallocated chunk at 0x7f911604b020
- mempool at 0x604298 deallocated chunk at 0x7f915604c020
- mempool at 0x604298 deallocated chunk at 0x7f919604d020
- mempool at 0x604298 deallocated chunk at 0x7f91d604e020
- mempool at 0x604298 deallocated chunk at 0x7f921604f020
- mempool at 0x604298 deallocated chunk at 0x7f9256050020
- mempool at 0x604298 deallocated chunk at 0x7f9296051020
- mempool at 0x604298 deallocated chunk at 0x7f92d6052020
- mempool at 0x604298 deallocated chunk at 0x7f9316053020
- mempool at 0x604298 deallocated chunk at 0x7f9356054020
- mempool at 0x604298 deallocated chunk at 0x7f9396055020
- mempool at 0x604298 deallocated chunk at 0x7f93d6056020
- mempool at 0x604298 deallocated chunk at 0x7f9416057020
- mempool at 0x604298 deallocated chunk at 0x7f9456058020
- mempool at 0x604298 deallocated chunk at 0x7f9496059020
- mempool at 0x604298 deallocated chunk at 0x7f94d605a020
- mempool at 0x604298 deallocated chunk at 0x7f951605b020
- mempool at 0x604298 deallocated chunk at 0x7f955605c020
- mempool at 0x604298 deallocated chunk at 0x7f959605d020
- mempool at 0x604298 deallocated chunk at 0x7f95d605e020
- mempool at 0x604298 deallocated chunk at 0x7f961605f020
- mempool at 0x604298 deallocated chunk at 0x7f9656060020
- mempool at 0x604298 deallocated chunk at 0x7f9696061020
- mempool at 0x604298 deallocated chunk at 0x7f96d6062020
- mempool at 0x604298 deallocated chunk at 0x7f9716063020
- mempool at 0x604298 deallocated chunk at 0x7f9756064020
- mempool at 0x604298 deallocated chunk at 0x7f9796065020
- mempool at 0x604298 deallocated chunk at 0x7f97d6066020
- mempool at 0x604298 deallocated chunk at 0x7f9816067020
- mempool at 0x604298 deallocated chunk at 0x7f9856068020
- mempool at 0x604298 deallocated chunk at 0x7f9896069020
- mempool at 0x604298 deallocated chunk at 0x7f98d606a020
- mempool at 0x604298 deallocated chunk at 0x7f991606b020
- mempool at 0x604298 deallocated chunk at 0x7f995606c020
- mempool at 0x604298 deallocated chunk at 0x7f999606d020
- mempool at 0x604298 deallocated chunk at 0x7f99d606e020
- mempool at 0x604298 deallocated chunk at 0x7f9a1606f020
- mempool at 0x604298 deallocated chunk at 0x7f9a56070020
- mempool at 0x604298 deallocated chunk at 0x7f9a96071020
- mempool at 0x604298 deallocated chunk at 0x7f9ad6072020
- mempool at 0x604298 deallocated chunk at 0x7f9b16073020
- mempool at 0x604298 deallocated chunk at 0x7f9b56074020
- mempool at 0x604298 deallocated chunk at 0x7f9b96075020
- mempool at 0x604298 deallocated chunk at 0x7f9bd6076020
- mempool at 0x604298 deallocated chunk at 0x7f9c16077020
- mempool at 0x604298 deallocated chunk at 0x7f9c56078020
- mempool at 0x604298 deallocated chunk at 0x7f9c96079020
- mempool at 0x604298 deallocated chunk at 0x7f9cd607a020
- mempool at 0x604298 deallocated chunk at 0x7fbd1607b020
Testing xoroshiro128plus64
	0..18446744073709551615 is range of generator
	13034599790 outputs to scan for duplicates [3.03485*sqrt(range)]
	4.60517 duplicates expected on average
	0.01 is probability of zero duplicates
	0x74b01551 is seed for this run
---
- Testing for repeats started...
  - Allocating memory started...
    - allocated hash table of reserved for 13034599790 elements
  - Allocating memory completed (43.7116 seconds)
  - Checking PRNG output started...
    - repeat of 5473529850788963881 found, step 3671940487
    - repeat of 9643861939170051451 found, step 8477910080
    - repeat of 3129022214373824802 found, step 9141552844
    - repeat of 46352109526780705 found, step 9861147784
  - Checking PRNG output completed (4530.84 seconds)
- Testing for repeats completed (4574.55 seconds)
---
4 repeats, p-value = 1 - 0.487735
- bump_allocator_static< std::__detail::_Hash_node_base* > at 0x604310 destroyed!
 - total_allocations_  = 1
 - active_allocations_ = 0
 - high_allocations_   = 1
 - total_mem_  = 137438953144
 - active_mem_ = 0
 - high_mem_   = 137438953144
- bump_allocator_static< std::__detail::_Hash_node<unsigned long, false> > at 0x6042d0 destroyed!
 - total_allocations_  = 13034599786
 - active_allocations_ = 0
 - high_allocations_   = 13034599786
 - total_mem_  = 208553596576
 - active_mem_ = 0
 - high_mem_   = 208553596576

Memory usage summary: heap total: 346818685864, heap peak: 346818685672, stack peak: 5728
         total calls   total memory   failed calls
 malloc|        394   346818685672              0
realloc|          4            192              0  (nomove:0, dec:0, free:0)
 calloc|          0              0              0
   free|        395   346818612136
Histogram for block sizes:
   16-31            195  48% =================================================
   32-47              2  <1% 
   64-79              2  <1% 
  512-527             2  <1% 
   large            197  49% ==================================================
