Testing xorshift64star32a
	0..4294967295 is range of generator
	414487 outputs to scan for duplicates [6.32456*sqrt(range)]
	19.9994 duplicates expected on average
	2.06239e-09 is probability of zero duplicates
	0x18c031ea is seed for this run
---
- Testing for repeats started...
  - Allocating memory started...
    - allocated array of size 414487.
  - Allocating memory completed (7.086e-06 seconds)
  - Storing PRNG output started...
  - Storing PRNG output completed (0.00308965 seconds)
  - Sorting started...
  - Sorting completed (0.059277 seconds)
  - Scanning for duplicates started...
    - repeat of 204819906 found
    - repeat of 551394933 found
    - repeat of 1811419325 found
    - repeat of 1943599809 found
    - repeat of 2226110749 found
    - repeat of 2469510301 found
    - repeat of 3155310948 found
    - repeat of 3206590426 found
    - repeat of 3238239914 found
    - repeat of 3624038894 found
  - Scanning for duplicates completed (0.000491282 seconds)
- Testing for repeats completed (0.0628775 seconds)
---
10 repeats, p-value = 0.0108152

Memory usage summary: heap total: 1730652, heap peak: 1730652, stack peak: 5568
         total calls   total memory   failed calls
 malloc|          2        1730652              0
realloc|          0              0              0  (nomove:0, dec:0, free:0)
 calloc|          0              0              0
   free|          0              0
Histogram for block sizes:
   large              2 100% ==================================================
