Testing divided_rng<SplitMix64,2>
	0..9223372036854775807 is range of generator
	42949672961 outputs to scan for duplicates [14.1421*sqrt(range)]
	100 duplicates expected on average
	3.78351e-44 is probability of zero duplicates
	0x6bc87e32 is seed for this run
---
- Testing for repeats started...
  - Allocating memory started...
    - allocated bloomish filter with 4294967296 64-bit elements (3 bits/entry)
    - allocated possible-match log with 2147483648 64-bit elements
  - Allocating memory completed (2.7746e-05 seconds)
  - Phase 1, Gathering repeat candidates started...
    - 773607258 repeat candidates found
  - Phase 1, Gathering repeat candidates completed (3268.16 seconds)
  - Reallocating memory started...
    - Deallocated bloomish filter
    - Allocated hash table of the same size
  - Reallocating memory completed (11.7403 seconds)
  - Phase 2, Storing candidates in hash table started...
  - Phase 2, Storing candidates in hash table completed (21.3582 seconds)
  - Phase 3, Testing candidates started...
    - repeat of 6497401084100231171 found, step 4349343329
    - repeat of 8982250182547917419 found, step 10013821426
    - repeat of 397358232007079917 found, step 11710682118
    - repeat of 8180135260200976555 found, step 13671552592
    - repeat of 4236120251987682214 found, step 14256854176
    - repeat of 189861445107189469 found, step 14893060910
    - repeat of 3451490712233331375 found, step 15423907919
    - repeat of 746717385276868420 found, step 15640428084
    - repeat of 6795855961154107106 found, step 16469166743
    - repeat of 3919650517395314614 found, step 16672541478
    - repeat of 2099946337051394472 found, step 17352606673
    - repeat of 7888769780246921992 found, step 17970808723
    - repeat of 4059015185656963929 found, step 18147203025
    - repeat of 48889265479074486 found, step 19416264885
    - repeat of 3642771612390598097 found, step 20850503619
    - repeat of 3505623925020548537 found, step 20892317782
    - repeat of 2360028715296940705 found, step 21376124033
    - repeat of 3758940606364803087 found, step 22191024600
    - repeat of 6071443004251567669 found, step 22462054524
    - repeat of 4841665795916389255 found, step 23267955575
    - repeat of 1277607935316838041 found, step 25395227155
    - repeat of 7311195635076453471 found, step 25833180124
    - repeat of 4878620338286845284 found, step 26640361947
    - repeat of 8539987911808259925 found, step 28376030277
    - repeat of 1394590532022915990 found, step 28487906081
    - repeat of 4204852603943631087 found, step 29415682841
    - repeat of 1080034567507370643 found, step 30033335754
    - repeat of 6376373016906863626 found, step 31331385096
    - repeat of 515867104363506507 found, step 32670380677
    - repeat of 384651626956053979 found, step 33916074339
    - repeat of 9065580596197833697 found, step 33952833451
    - repeat of 798371565500863144 found, step 35386561803
    - repeat of 5647166528815628334 found, step 36449298753
    - repeat of 7443024934111507701 found, step 36481432389
    - repeat of 3423531671322464490 found, step 37636100205
    - repeat of 2756007351970590560 found, step 39401247817
    - repeat of 3278269422739003105 found, step 39439500426
    - repeat of 7073922002899022155 found, step 39651786292
    - repeat of 403617281279713031 found, step 39859488076
    - repeat of 7517325260847714996 found, step 40169831079
    - repeat of 3352171370750978657 found, step 40445072164
    - repeat of 3504357146487545 found, step 40476413442
  - Phase 3, Testing candidates completed (1285.31 seconds)
- Testing for repeats completed (4586.57 seconds)
---
42 repeats, p-value = 4.51174e-11

Memory usage summary: heap total: 90194385921, heap peak: 55834647553, stack peak: 5664
         total calls   total memory   failed calls
 malloc|          5    90194385921              0
realloc|          0              0              0  (nomove:0, dec:0, free:0)
 calloc|          0              0              0
   free|          4    90194313217
Histogram for block sizes:
   large              5 100% ==================================================
