Testing jsf32
	0..4294967295 is range of generator
	414487 outputs to scan for duplicates [6.32456*sqrt(range)]
	20.0001 duplicates expected on average
	2.06097e-09 is probability of zero duplicates
	0xad8de53e is seed for this run
---
- Testing for repeats started...
  - Allocating memory started...
    - allocated hash table of reserved for 414487 elements
  - Allocating memory completed (0.00271075 seconds)
  - Checking PRNG output started...
    - repeat of 2384637417 found, step 203095
    - repeat of 2371862117 found, step 205719
    - repeat of 4111277968 found, step 248553
    - repeat of 1543405720 found, step 274900
    - repeat of 418841793 found, step 275419
    - repeat of 131779761 found, step 294980
    - repeat of 3360581204 found, step 308807
    - repeat of 2107829411 found, step 320142
    - repeat of 1077254327 found, step 336283
    - repeat of 1225925336 found, step 337970
    - repeat of 677412172 found, step 353060
    - repeat of 2830697810 found, step 353630
    - repeat of 2883380924 found, step 359051
    - repeat of 96986683 found, step 372174
    - repeat of 2917996848 found, step 384085
    - repeat of 2639554021 found, step 405769
    - repeat of 3383079080 found, step 409918
  - Checking PRNG output completed (0.107999 seconds)
- Testing for repeats completed (0.110734 seconds)
---
17 repeats, p-value = 0.297021

Memory usage summary: heap total: 10260120, heap peak: 10260120, stack peak: 5648
         total calls   total memory   failed calls
 malloc|     414472       10260120              0
realloc|          0              0              0  (nomove:0, dec:0, free:0)
 calloc|          0              0              0
   free|     414471       10187416
Histogram for block sizes:
   16-31         414470  99% ==================================================
   large              2  <1% 
