Testing pcg32_fast
	0..4294967295 is range of generator
	414487 outputs to scan for duplicates [6.32456*sqrt(range)]
	20.0001 duplicates expected on average
	2.06097e-09 is probability of zero duplicates
	0xb0e2605f is seed for this run
---
- Testing for repeats started...
  - Allocating memory started...
    - allocated 256 buckets of capacity 2023
    - allocated 256 bucket counters
  - Allocating memory completed (1.4234e-05 seconds)
  - Storing PRNG output started...
  - Storing PRNG output completed (0.002443 seconds)
  - Sorting started...
  - Sorting completed (0.0245831 seconds)
  - Scanning for duplicates started...
    - repeat of 921648137 found
    - repeat of 2358211596 found
    - repeat of 1292395795 found
    - repeat of 2576730901 found
    - repeat of 2342494748 found
    - repeat of 1433370397 found
    - repeat of 336996132 found
    - repeat of 3625758518 found
    - repeat of 1621803325 found
    - repeat of 3926578046 found
    - repeat of 2218241675 found
    - repeat of 1873267852 found
    - repeat of 3409011095 found
    - repeat of 2597232294 found
    - repeat of 3570028208 found
    - repeat of 213210818 found
    - repeat of 249995205 found
    - repeat of 3276680154 found
    - repeat of 2129907423 found
    - repeat of 3976264168 found
  - Scanning for duplicates completed (0.000475147 seconds)
- Testing for repeats completed (0.0275342 seconds)
---
20 repeats, p-value = 1 - 0.440915

Memory usage summary: heap total: 2145280, heap peak: 2145280, stack peak: 5616
         total calls   total memory   failed calls
 malloc|          3        2145280              0
realloc|          0              0              0  (nomove:0, dec:0, free:0)
 calloc|          0              0              0
   free|          0              0
Histogram for block sizes:
 1024-1039            1  33% =========================
   large              2  66% ==================================================
