Testing xoroshiro64plus32
	0..4294967295 is range of generator
	198893 outputs to scan for duplicates [3.03485*sqrt(range)]
	4.60521 duplicates expected on average
	0.00999963 is probability of zero duplicates
	0x6ba6742e is seed for this run
---
- Testing for repeats started...
  - Allocating memory started...
    - allocated array of size 198893.
  - Allocating memory completed (1.0163e-05 seconds)
  - Storing PRNG output started...
  - Storing PRNG output completed (0.00117821 seconds)
  - Sorting started...
  - Sorting completed (0.0290303 seconds)
  - Scanning for duplicates started...
    - repeat of 35184227 found
    - repeat of 618003858 found
    - repeat of 1633742762 found
    - repeat of 2071828014 found
    - repeat of 2444903866 found
    - repeat of 2782713715 found
    - repeat of 4037689494 found
  - Scanning for duplicates completed (0.000290827 seconds)
- Testing for repeats completed (0.0305309 seconds)
---
7 repeats, p-value = 1 - 0.0955042

Memory usage summary: heap total: 868276, heap peak: 868276, stack peak: 5568
         total calls   total memory   failed calls
 malloc|          2         868276              0
realloc|          0              0              0  (nomove:0, dec:0, free:0)
 calloc|          0              0              0
   free|          0              0
Histogram for block sizes:
   large              2 100% ==================================================
