Testing xoroshiro64plus32
	0..4294967295 is range of generator
	414487 outputs to scan for duplicates [6.32456*sqrt(range)]
	20.0001 duplicates expected on average
	2.06097e-09 is probability of zero duplicates
	0xf90ccd45 is seed for this run
---
- Testing for repeats started...
  - Allocating memory started...
    - allocated hash table of reserved for 414487 elements
  - Allocating memory completed (0.00216696 seconds)
  - Checking PRNG output started...
    - repeat of 3294388084 found, step 88607
    - repeat of 576412852 found, step 94118
    - repeat of 1868279198 found, step 164991
    - repeat of 2293968837 found, step 179554
    - repeat of 1978911950 found, step 184920
    - repeat of 2773162756 found, step 206657
    - repeat of 3005450720 found, step 222095
    - repeat of 1394949618 found, step 236034
    - repeat of 469502855 found, step 253591
    - repeat of 3961951095 found, step 260443
    - repeat of 1024699151 found, step 283583
    - repeat of 2749659795 found, step 298558
    - repeat of 1326822218 found, step 316369
    - repeat of 4271714973 found, step 317081
    - repeat of 3680784452 found, step 317476
    - repeat of 1104568069 found, step 319829
    - repeat of 2786462674 found, step 333577
    - repeat of 4089355451 found, step 351021
    - repeat of 185754665 found, step 352912
    - repeat of 736936180 found, step 364016
    - repeat of 725510826 found, step 383389
    - repeat of 1839007406 found, step 386726
    - repeat of 2005891236 found, step 398151
    - repeat of 1650357716 found, step 412349
  - Checking PRNG output completed (0.0867873 seconds)
- Testing for repeats completed (0.0889705 seconds)
---
24 repeats, p-value = 1 - 0.156778

Memory usage summary: heap total: 10260008, heap peak: 10260008, stack peak: 5648
         total calls   total memory   failed calls
 malloc|     414465       10260008              0
realloc|          0              0              0  (nomove:0, dec:0, free:0)
 calloc|          0              0              0
   free|     414464       10187304
Histogram for block sizes:
   16-31         414463  99% ==================================================
   large              2  <1% 
