Testing pcg32_fast
	0..4294967295 is range of generator
	414487 outputs to scan for duplicates [6.32456*sqrt(range)]
	20.0001 duplicates expected on average
	2.06097e-09 is probability of zero duplicates
	0x69a16290 is seed for this run
---
- Testing for repeats started...
  - Allocating memory started...
    - allocated array of size 414487.
  - Allocating memory completed (9.07e-06 seconds)
  - Storing PRNG output started...
  - Storing PRNG output completed (0.00205306 seconds)
  - Sorting started...
  - Sorting completed (0.0457226 seconds)
  - Scanning for duplicates started...
    - repeat of 45193896 found
    - repeat of 561668708 found
    - repeat of 763111178 found
    - repeat of 773439995 found
    - repeat of 793639245 found
    - repeat of 1209077943 found
    - repeat of 1252866217 found
    - repeat of 1408859133 found
    - repeat of 1600075894 found
    - repeat of 1710022169 found
    - repeat of 2976473935 found
    - repeat of 3296647462 found
    - repeat of 3587340655 found
    - repeat of 3777819344 found
    - repeat of 4040738441 found
    - repeat of 4159319552 found
    - repeat of 4204489623 found
    - repeat of 4237404160 found
    - repeat of 4287507281 found
  - Scanning for duplicates completed (0.000350567 seconds)
- Testing for repeats completed (0.0481624 seconds)
---
19 repeats, p-value = 0.470249

Memory usage summary: heap total: 1730652, heap peak: 1730652, stack peak: 5584
         total calls   total memory   failed calls
 malloc|          2        1730652              0
realloc|          0              0              0  (nomove:0, dec:0, free:0)
 calloc|          0              0              0
   free|          0              0
Histogram for block sizes:
   large              2 100% ==================================================
