Testing jsf32
	0..4294967295 is range of generator
	198893 outputs to scan for duplicates [3.03485*sqrt(range)]
	4.60521 duplicates expected on average
	0.00999963 is probability of zero duplicates
	0xf6fc0593 is seed for this run
---
- Testing for repeats started...
  - Allocating memory started...
    - allocated hash table of reserved for 198893 elements
  - Allocating memory completed (0.0014872 seconds)
  - Checking PRNG output started...
    - repeat of 4250920207 found, step 29265
    - repeat of 3962427504 found, step 104561
    - repeat of 489535279 found, step 173011
    - repeat of 1303803209 found, step 174391
    - repeat of 4099922813 found, step 189940
  - Checking PRNG output completed (0.0431814 seconds)
- Testing for repeats completed (0.0446834 seconds)
---
5 repeats, p-value = 1 - 0.315139

Memory usage summary: heap total: 4874184, heap peak: 4874184, stack peak: 5648
         total calls   total memory   failed calls
 malloc|     198890        4874184              0
realloc|          0              0              0  (nomove:0, dec:0, free:0)
 calloc|          0              0              0
   free|     198889        4801480
Histogram for block sizes:
   16-31         198888  99% ==================================================
   large              2  <1% 
