Testing sfc32
	0..4294967295 is range of generator
	414487 outputs to scan for duplicates [6.32456*sqrt(range)]
	20.0001 duplicates expected on average
	2.06097e-09 is probability of zero duplicates
	0xcff3c75f is seed for this run
---
- Testing for repeats started...
  - Allocating memory started...
    - allocated hash table of reserved for 414487 elements
  - Allocating memory completed (0.00156443 seconds)
  - Checking PRNG output started...
    - repeat of 685123525 found, step 62320
    - repeat of 70516450 found, step 104047
    - repeat of 1472806321 found, step 121925
    - repeat of 3909065332 found, step 131936
    - repeat of 2681600715 found, step 149827
    - repeat of 2538042362 found, step 157102
    - repeat of 2350316110 found, step 201315
    - repeat of 4268290681 found, step 216050
    - repeat of 1880395654 found, step 241483
    - repeat of 4146258835 found, step 245813
    - repeat of 1021057818 found, step 252945
    - repeat of 993970094 found, step 281253
    - repeat of 41041746 found, step 314496
    - repeat of 261776087 found, step 324235
    - repeat of 4210173706 found, step 327785
    - repeat of 572756557 found, step 333886
    - repeat of 1055211451 found, step 351191
    - repeat of 974100883 found, step 363847
    - repeat of 878910047 found, step 370413
    - repeat of 2751826641 found, step 375970
    - repeat of 2209016559 found, step 383741
    - repeat of 778502588 found, step 396925
    - repeat of 214504912 found, step 398103
    - repeat of 2766609385 found, step 403458
  - Checking PRNG output completed (0.0967275 seconds)
- Testing for repeats completed (0.0983071 seconds)
---
24 repeats, p-value = 1 - 0.156778

Memory usage summary: heap total: 10260008, heap peak: 10260008, stack peak: 5648
         total calls   total memory   failed calls
 malloc|     414465       10260008              0
realloc|          0              0              0  (nomove:0, dec:0, free:0)
 calloc|          0              0              0
   free|     414464       10187304
Histogram for block sizes:
   16-31         414463  99% ==================================================
   large              2  <1% 
