Testing jsf32
	0..4294967295 is range of generator
	414487 outputs to scan for duplicates [6.32456*sqrt(range)]
	20.0001 duplicates expected on average
	2.06097e-09 is probability of zero duplicates
	0x522b82cd is seed for this run
---
- Testing for repeats started...
  - Allocating memory started...
    - allocated hash table of reserved for 414487 elements
  - Allocating memory completed (0.00136922 seconds)
  - Checking PRNG output started...
    - repeat of 3362061513 found, step 130960
    - repeat of 530873821 found, step 230318
    - repeat of 4054219872 found, step 258073
    - repeat of 661100815 found, step 261760
    - repeat of 3049169469 found, step 268569
    - repeat of 220658248 found, step 269727
    - repeat of 1680576979 found, step 298603
    - repeat of 1398374485 found, step 305528
    - repeat of 3468995008 found, step 318542
    - repeat of 474466598 found, step 323863
    - repeat of 1902342619 found, step 328900
    - repeat of 623333041 found, step 337413
    - repeat of 1278814424 found, step 357547
    - repeat of 3274218622 found, step 377483
    - repeat of 725233278 found, step 378987
    - repeat of 2952348808 found, step 382354
    - repeat of 3117208232 found, step 395610
  - Checking PRNG output completed (0.0584555 seconds)
- Testing for repeats completed (0.0598359 seconds)
---
17 repeats, p-value = 0.297021

Memory usage summary: heap total: 10260120, heap peak: 10260120, stack peak: 5648
         total calls   total memory   failed calls
 malloc|     414472       10260120              0
realloc|          0              0              0  (nomove:0, dec:0, free:0)
 calloc|          0              0              0
   free|     414471       10187416
Histogram for block sizes:
   16-31         414470  99% ==================================================
   large              2  <1% 
