- bump_allocator_static< std::__detail::_Hash_node<unsigned int, false> > (item size = 16) at 0x6042d0 created!
- bump_allocator_static< std::__detail::_Hash_node_base* > (item size = 8) at 0x604310 created!
- mempool at 0x604298 allocated new chunk at 0x7f8e228ee020
- mempool at 0x604298 deallocated chunk at 0x7f8e228ee020
Testing xoroshiro64starstar32
	0..4294967295 is range of generator
	414487 outputs to scan for duplicates [6.32456*sqrt(range)]
	20.0001 duplicates expected on average
	2.06097e-09 is probability of zero duplicates
	0xb56b36b2 is seed for this run
---
- Testing for repeats started...
  - Allocating memory started...
    - allocated hash table of reserved for 414487 elements
  - Allocating memory completed (0.00111988 seconds)
  - Checking PRNG output started...
    - repeat of 868596630 found, step 52769
    - repeat of 3272345163 found, step 68252
    - repeat of 743919135 found, step 79993
    - repeat of 3730911588 found, step 83960
    - repeat of 2364182409 found, step 141920
    - repeat of 3263220538 found, step 149628
    - repeat of 3798325365 found, step 153880
    - repeat of 3865190566 found, step 167566
    - repeat of 3344264588 found, step 179353
    - repeat of 1551000271 found, step 226197
    - repeat of 2772713228 found, step 243449
    - repeat of 3007060367 found, step 245755
    - repeat of 2477075143 found, step 283429
    - repeat of 4050913778 found, step 298727
    - repeat of 1556379136 found, step 305414
    - repeat of 2239271857 found, step 316033
    - repeat of 3508344087 found, step 322155
    - repeat of 1253153838 found, step 343372
    - repeat of 2144819282 found, step 360797
    - repeat of 1087847073 found, step 371893
    - repeat of 3653893450 found, step 379113
    - repeat of 3160442226 found, step 387360
    - repeat of 2213247610 found, step 396397
    - repeat of 2327417905 found, step 399643
    - repeat of 1393065236 found, step 404932
  - Checking PRNG output completed (0.0401581 seconds)
- Testing for repeats completed (0.0412903 seconds)
---
25 repeats, p-value = 1 - 0.112189
- bump_allocator_static< std::__detail::_Hash_node_base* > at 0x604310 destroyed!
 - total_allocations_  = 1
 - active_allocations_ = 0
 - high_allocations_   = 1
 - total_mem_  = 3555896
 - active_mem_ = 0
 - high_mem_   = 3555896
- bump_allocator_static< std::__detail::_Hash_node<unsigned int, false> > at 0x6042d0 destroyed!
 - total_allocations_  = 414462
 - active_allocations_ = 0
 - high_allocations_   = 414462
 - total_mem_  = 6631392
 - active_mem_ = 0
 - high_mem_   = 6631392

Memory usage summary: heap total: 1073815760, heap peak: 1073815568, stack peak: 2816
         total calls   total memory   failed calls
 malloc|          5     1073815568              0
realloc|          4            192              0  (nomove:0, dec:0, free:0)
 calloc|          0              0              0
   free|          6     1073742032
Histogram for block sizes:
   16-31              1  11% =========================
   32-47              2  22% ==================================================
   64-79              2  22% ==================================================
  512-527             2  22% ==================================================
   large              2  22% ==================================================
