Testing gjrand32
	0..4294967295 is range of generator
	414487 outputs to scan for duplicates [6.32456*sqrt(range)]
	20.0001 duplicates expected on average
	2.06097e-09 is probability of zero duplicates
	0x8ccb93a8 is seed for this run
---
- Testing for repeats started...
  - Allocating memory started...
    - allocated bloomish filter with 32768 64-bit elements (3 bits/entry)
    - allocated possible-match log with 16384 32-bit elements
  - Allocating memory completed (1.061e-05 seconds)
  - Phase 1, Gathering repeat candidates started...
    - 15171 repeat candidates found
  - Phase 1, Gathering repeat candidates completed (0.00962342 seconds)
  - Reallocating memory started...
    - Deallocated bloomish filter
    - Allocated hash table of the same size
  - Reallocating memory completed (0.000155088 seconds)
  - Phase 2, Storing candidates in hash table started...
  - Phase 2, Storing candidates in hash table completed (0.000278186 seconds)
  - Phase 3, Testing candidates started...
    - repeat of 3230134967 found, step 32035
    - repeat of 2030526851 found, step 128545
    - repeat of 2690329986 found, step 162307
    - repeat of 3926385261 found, step 162856
    - repeat of 742396881 found, step 223899
    - repeat of 1780402487 found, step 291382
    - repeat of 785578488 found, step 302601
    - repeat of 333296449 found, step 321156
    - repeat of 4283155058 found, step 337399
    - repeat of 3846157011 found, step 341757
    - repeat of 899958408 found, step 362832
    - repeat of 2674949051 found, step 392633
    - repeat of 4045635564 found, step 394292
  - Phase 3, Testing candidates completed (0.0132263 seconds)
- Testing for repeats completed (0.0233238 seconds)
---
13 repeats, p-value = 0.0661252

Memory usage summary: heap total: 564225, heap peak: 400384, stack peak: 5712
         total calls   total memory   failed calls
 malloc|          5         564225              0
realloc|          0              0              0  (nomove:0, dec:0, free:0)
 calloc|          0              0              0
   free|          4         491521
Histogram for block sizes:
32768-32783           1  20% ============
   large              4  80% ==================================================
