Testing xoroshiro64starstar32
	0..4294967295 is range of generator
	414487 outputs to scan for duplicates [6.32456*sqrt(range)]
	20.0001 duplicates expected on average
	2.06097e-09 is probability of zero duplicates
	0x8e8c8f51 is seed for this run
---
- Testing for repeats started...
  - Allocating memory started...
    - allocated array of size 414487.
  - Allocating memory completed (7.848e-06 seconds)
  - Storing PRNG output started...
  - Storing PRNG output completed (0.00264781 seconds)
  - Sorting started...
  - Sorting completed (0.0506281 seconds)
  - Scanning for duplicates started...
    - repeat of 90211676 found
    - repeat of 322550346 found
    - repeat of 367465036 found
    - repeat of 373758214 found
    - repeat of 570564380 found
    - repeat of 646446314 found
    - repeat of 759095011 found
    - repeat of 813721792 found
    - repeat of 920600999 found
    - repeat of 1009830668 found
    - repeat of 1067285230 found
    - repeat of 1067334966 found
    - repeat of 1364199227 found
    - repeat of 1471819122 found
    - repeat of 1690895764 found
    - repeat of 1722283695 found
    - repeat of 1863962154 found
    - repeat of 2316400948 found
    - repeat of 2358308841 found
    - repeat of 2581075800 found
    - repeat of 2695857223 found
    - repeat of 3070246633 found
    - repeat of 3256437961 found
    - repeat of 3502238412 found
    - repeat of 3559048238 found
    - repeat of 3960033453 found
    - repeat of 4023375782 found
  - Scanning for duplicates completed (0.000462692 seconds)
- Testing for repeats completed (0.0537688 seconds)
---
27 repeats, p-value = 1 - 0.052483

Memory usage summary: heap total: 1730652, heap peak: 1730652, stack peak: 5568
         total calls   total memory   failed calls
 malloc|          2        1730652              0
realloc|          0              0              0  (nomove:0, dec:0, free:0)
 calloc|          0              0              0
   free|          0              0
Histogram for block sizes:
   large              2 100% ==================================================
