Testing std::mt19937_64
	0..18446744073709551615 is range of generator
	6901370125 outputs to scan for duplicates [1.60685*sqrt(range)]
	1.29098 duplicates expected on average
	0.275 is probability of zero duplicates
	0x806e131f is seed for this run
---
- Testing for repeats started...
  - Allocating memory started...
    - allocated bloomish filter with 536870912 64-bit elements (3 bits/entry)
    - allocated possible-match log with 268435456 64-bit elements
  - Allocating memory completed (1.5429e-05 seconds)
  - Phase 1, Gathering repeat candidates started...
    - 217629423 repeat candidates found
  - Phase 1, Gathering repeat candidates completed (304.313 seconds)
  - Reallocating memory started...
    - Deallocated bloomish filter
    - Allocated hash table of the same size
  - Reallocating memory completed (0.633862 seconds)
  - Phase 2, Storing candidates in hash table started...
  - Phase 2, Storing candidates in hash table completed (4.10822 seconds)
  - Phase 3, Testing candidates started...
  - Phase 3, Testing candidates completed (261.8 seconds)
- Testing for repeats completed (570.855 seconds)
---
0 repeats, p-value = 0.275
