Testing SplitMix64
	0..18446744073709551615 is range of generator
	19207677670 outputs to scan for duplicates [4.47214*sqrt(range)]
	10 duplicates expected on average
	4.53999e-05 is probability of zero duplicates
	0xc10d6512 is seed for this run
---
- Testing for repeats started...
  - Allocating memory started...
    - allocated bloomish filter with 2147483648 64-bit elements (4 bits/entry)
    - allocated possible-match log with 1073741824 64-bit elements
  - Allocating memory completed (1.6868e-05 seconds)
  - Phase 1, Gathering repeat candidates started...
    - 222945687 repeat candidates found
  - Phase 1, Gathering repeat candidates completed (1174.72 seconds)
  - Reallocating memory started...
    - Deallocated bloomish filter
    - Allocated hash table of the same size
  - Reallocating memory completed (4.98939 seconds)
  - Phase 2, Storing candidates in hash table started...
  - Phase 2, Storing candidates in hash table completed (4.18052 seconds)
  - Phase 3, Testing candidates started...
  - Phase 3, Testing candidates completed (333.537 seconds)
- Testing for repeats completed (1517.43 seconds)
---
0 repeats, p-value = 4.53999e-05
