Testing SplitMix64
	0..18446744073709551615 is range of generator
	27163758263 outputs to scan for duplicates [6.32456*sqrt(range)]
	20 duplicates expected on average
	2.06115e-09 is probability of zero duplicates
	0xdd50ced8 is seed for this run
---
- Testing for repeats started...
  - Allocating memory started...
    - allocated bloomish filter with 2147483648 64-bit elements (3 bits/entry)
    - allocated possible-match log with 1073741824 64-bit elements
  - Allocating memory completed (1.7708e-05 seconds)
  - Phase 1, Gathering repeat candidates started...
    - 826828660 repeat candidates found
  - Phase 1, Gathering repeat candidates completed (1285.4 seconds)
  - Reallocating memory started...
    - Deallocated bloomish filter
    - Allocated hash table of the same size
  - Reallocating memory completed (7.41832 seconds)
  - Phase 2, Storing candidates in hash table started...
  - Phase 2, Storing candidates in hash table completed (20.1413 seconds)
  - Phase 3, Testing candidates started...
  - Phase 3, Testing candidates completed (905.377 seconds)
- Testing for repeats completed (2218.33 seconds)
---
0 repeats, p-value = 2.06115e-09
