Testing divided_rng<SplitMix64,2>
        0..9223372036854775807 is range of generator
        9216853902 outputs to scan for duplicates [3.03485*sqrt(range)]
        4.60517 duplicates expected on average
        0.01 is probability of zero duplicates
        0x24ceea9b is seed for this run
---
- Testing for repeats started...
  - Allocating memory started...
    - allocated bloomish filter with 1073741824 64-bit elements (4 bits/entry)
    - allocated possible-match log with 536870912 64-bit elements
  - Allocating memory completed (3.4661e-05 seconds)
  - Phase 1, Gathering repeat candidates started...
    - 95636376 repeat candidates found
  - Phase 1, Gathering repeat candidates completed (702.437 seconds)
  - Reallocating memory started...
    - Deallocated bloomish filter
    - Allocated hash table of the same size
  - Reallocating memory completed (3.00048 seconds)
  - Phase 2, Storing candidates in hash table started...
  - Phase 2, Storing candidates in hash table completed (2.1461 seconds)
  - Phase 3, Testing candidates started...
    - repeat of 1021193238591905732 found, step 7067299467
  - Phase 3, Testing candidates completed (203.722 seconds)
- Testing for repeats completed (911.306 seconds)
---
1 repeats, p-value = 0.0560517
